# V5: GUIDED SWAP KAPALI - Ablation Study
# Started on: 2026-01-20T17:59:00.147

=================================================================================
2026-01-20T17:59:00.528 | Step 1 | Particle 7 | GLOBAL BEST!
Global Improvement: 0.0003906249999999778
  Move 1: TRIPLE_SWAP | Indices: (19, 135, 134)
  Move 2: RANDOM_SWAP | Indices: (227, 198)
  Move 3: RANDOM_SWAP | Indices: (140, 28)
  Move 4: RANDOM_SWAP | Indices: (125, 215)
=================================================================================
=================================================================================
2026-01-20T17:59:00.555 | Step 1 | Particle 8 | GLOBAL BEST!
Global Improvement: 0.0013671874999999778
  Move 1: TRIPLE_SWAP | Indices: (145, 210, 114)
=================================================================================
=================================================================================
2026-01-20T17:59:00.557 | Step 1 | Particle 12 | GLOBAL BEST!
Global Improvement: 0.004101562500000044
  Move 1: TRIPLE_SWAP | Indices: (80, 153, 75)
  Move 2: RANDOM_SWAP | Indices: (70, 134)
  Move 3: RANDOM_SWAP | Indices: (99, 52)
  Move 4: RANDOM_SWAP | Indices: (16, 94)
=================================================================================
=================================================================================
2026-01-20T17:59:00.563 | Step 1 | Particle 28 | GLOBAL BEST!
Global Improvement: 0.0048828125
  Move 1: TRIPLE_SWAP | Indices: (175, 71, 138)
  Move 2: RANDOM_SWAP | Indices: (120, 107)
  Move 3: RANDOM_SWAP | Indices: (95, 198)
  Move 4: RANDOM_SWAP | Indices: (44, 164)
=================================================================================
=================================================================================
2026-01-20T17:59:00.742 | Step 2 | Particle 30 | GLOBAL BEST!
Global Improvement: 0.001953125
  Move 1: TRIPLE_SWAP | Indices: (127, 129, 71)
  Move 2: RANDOM_SWAP | Indices: (194, 35)
  Move 3: RANDOM_SWAP | Indices: (135, 11)
  Move 4: RANDOM_SWAP | Indices: (16, 35)
=================================================================================
=================================================================================
2026-01-20T17:59:00.742 | Step 2 | Particle 31 | GLOBAL BEST!
Global Improvement: 0.006152343749999956
  Move 1: TRIPLE_SWAP | Indices: (201, 84, 54)
  Move 2: RANDOM_SWAP | Indices: (155, 79)
  Move 3: RANDOM_SWAP | Indices: (194, 137)
  Move 4: RANDOM_SWAP | Indices: (175, 48)
=================================================================================
=================================================================================
2026-01-20T17:59:01.058 | Step 3 | Particle 31 | GLOBAL BEST!
Global Improvement: 0.0032226562499999556
  Move 1: TRIPLE_SWAP | Indices: (194, 162, 89)
  Move 2: RANDOM_SWAP | Indices: (47, 54)
=================================================================================
=================================================================================
2026-01-20T17:59:01.440 | Step 5 | Particle 179 | GLOBAL BEST!
Global Improvement: 0.0009765625
  Move 1: TRIPLE_SWAP | Indices: (155, 37, 121)
  Move 2: RANDOM_SWAP | Indices: (255, 225)
  Move 3: RANDOM_SWAP | Indices: (31, 24)
=================================================================================
=================================================================================
2026-01-20T17:59:01.541 | Step 6 | Particle 31 | GLOBAL BEST!
Global Improvement: 0.0012695312499999556
  Move 1: TRIPLE_SWAP | Indices: (82, 77, 252)
=================================================================================
=================================================================================
2026-01-20T17:59:01.596 | Step 6 | Particle 179 | GLOBAL BEST!
Global Improvement: 0.0016601562500000444
  Move 1: TRIPLE_SWAP | Indices: (126, 12, 38)
  Move 2: RANDOM_SWAP | Indices: (210, 231)
  Move 3: RANDOM_SWAP | Indices: (153, 75)
  Move 4: RANDOM_SWAP | Indices: (43, 235)
  Move 5: RANDOM_SWAP | Indices: (165, 88)
  Move 6: RANDOM_SWAP | Indices: (112, 240)
=================================================================================
=================================================================================
2026-01-20T17:59:01.829 | Step 8 | Particle 31 | GLOBAL BEST!
Global Improvement: 0.0003906250000000888
  Move 1: TRIPLE_SWAP | Indices: (107, 228, 209)
=================================================================================
=================================================================================
2026-01-20T17:59:01.880 | Step 8 | Particle 167 | GLOBAL BEST!
Global Improvement: 0.0005859374999999112
  Move 1: RANDOM_SWAP | Indices: (114, 201)
  Move 2: RANDOM_SWAP | Indices: (103, 55)
  Move 3: RANDOM_SWAP | Indices: (223, 216)
  Move 4: RANDOM_SWAP | Indices: (105, 13)
  Move 5: RANDOM_SWAP | Indices: (85, 254)
=================================================================================
=================================================================================
2026-01-20T17:59:01.885 | Step 8 | Particle 179 | GLOBAL BEST!
Global Improvement: 0.0010742187500000222
  Move 1: TRIPLE_SWAP | Indices: (72, 10, 128)
=================================================================================
=================================================================================
2026-01-20T17:59:02.169 | Step 10 | Particle 179 | GLOBAL BEST!
Global Improvement: 0.0021484375000000444
  Move 1: TRIPLE_SWAP | Indices: (71, 189, 64)
  Move 2: RANDOM_SWAP | Indices: (230, 251)
  Move 3: RANDOM_SWAP | Indices: (15, 61)
  Move 4: RANDOM_SWAP | Indices: (45, 172)
  Move 5: RANDOM_SWAP | Indices: (2, 25)
  Move 6: RANDOM_SWAP | Indices: (23, 114)
=================================================================================
=================================================================================
2026-01-20T17:59:02.530 | Step 13 | Particle 64 | GLOBAL BEST!
Global Improvement: 0.00146484375
  Move 1: TRIPLE_SWAP | Indices: (159, 217, 256)
=================================================================================
=================================================================================
2026-01-20T17:59:02.656 | Step 14 | Particle 64 | GLOBAL BEST!
Global Improvement: 9.76562500000222e-5
  Move 1: TRIPLE_SWAP | Indices: (47, 103, 141)
=================================================================================
=================================================================================
2026-01-20T17:59:02.786 | Step 15 | Particle 64 | GLOBAL BEST!
Global Improvement: 0.0007812499999999556
  Move 1: TRIPLE_SWAP | Indices: (225, 242, 143)
=================================================================================
=================================================================================
2026-01-20T17:59:03.281 | Step 19 | Particle 13 | GLOBAL BEST!
Global Improvement: 0.0006835937500000444
  Move 1: TRIPLE_SWAP | Indices: (115, 243, 249)
=================================================================================
=================================================================================
2026-01-20T17:59:04.045 | Step 25 | Particle 64 | GLOBAL BEST!
Global Improvement: 9.765624999991118e-5
  Move 1: TRIPLE_SWAP | Indices: (191, 7, 45)
=================================================================================
=================================================================================
2026-01-20T17:59:04.419 | Step 28 | Particle 76 | GLOBAL BEST!
Global Improvement: 9.76562500000222e-5
  Move 1: TRIPLE_SWAP | Indices: (95, 134, 173)
=================================================================================
=================================================================================
2026-01-20T17:59:04.428 | Step 28 | Particle 98 | GLOBAL BEST!
Global Improvement: 0.0005859375000000222
  Move 1: TRIPLE_SWAP | Indices: (160, 172, 158)
=================================================================================
=================================================================================
2026-01-20T17:59:04.550 | Step 29 | Particle 64 | GLOBAL BEST!
Global Improvement: 0.0008789062499999778
  Move 1: TRIPLE_SWAP | Indices: (118, 42, 232)
=================================================================================
=================================================================================
2026-01-20T17:59:04.563 | Step 29 | Particle 98 | GLOBAL BEST!
Global Improvement: 9.76562500000222e-5
  Move 1: TRIPLE_SWAP | Indices: (147, 141, 19)
=================================================================================
=================================================================================
2026-01-20T17:59:04.930 | Step 32 | Particle 98 | GLOBAL BEST!
Global Improvement: 0.0006835937500000444
  Move 1: TRIPLE_SWAP | Indices: (246, 187, 139)
=================================================================================
=================================================================================
2026-01-20T17:59:05.549 | Step 37 | Particle 98 | GLOBAL BEST!
Global Improvement: 9.765624999991118e-5
  Move 1: TRIPLE_SWAP | Indices: (136, 38, 217)
=================================================================================
=================================================================================
2026-01-20T17:59:05.910 | Step 40 | Particle 4 | GLOBAL BEST!
Global Improvement: 0.0003906249999999778
  Move 1: TRIPLE_SWAP | Indices: (68, 86, 108)
=================================================================================
=================================================================================
2026-01-20T17:59:06.043 | Step 41 | Particle 4 | GLOBAL BEST!
Global Improvement: 0.0002929687500000666
  Move 1: TRIPLE_SWAP | Indices: (182, 107, 248)
=================================================================================
=================================================================================
2026-01-20T17:59:06.235 | Step 42 | Particle 4 | GLOBAL BEST!
Global Improvement: 0.0007812499999999556
  Move 1: TRIPLE_SWAP | Indices: (30, 232, 162)
=================================================================================
=================================================================================
2026-01-20T17:59:07.544 | Step 52 | Particle 142 | GLOBAL BEST!
Global Improvement: 0.0006835937499999334
  Move 1: TRIPLE_SWAP | Indices: (175, 212, 100)
  Move 2: RANDOM_SWAP | Indices: (77, 184)
=================================================================================
=================================================================================
2026-01-20T17:59:10.320 | Step 74 | Particle 176 | GLOBAL BEST!
Global Improvement: 1.1102230246251565e-16
  Move 1: TRIPLE_SWAP | Indices: (194, 50, 92)
=================================================================================
=================================================================================
2026-01-20T17:59:10.445 | Step 75 | Particle 176 | GLOBAL BEST!
Global Improvement: 0.0006835937500000444
  Move 1: TRIPLE_SWAP | Indices: (161, 34, 175)
=================================================================================
=================================================================================
2026-01-20T17:59:14.746 | Step 107 | Particle 187 | GLOBAL BEST!
Global Improvement: 9.765624999991118e-5
  Move 1: TRIPLE_SWAP | Indices: (90, 159, 234)
=================================================================================
=================================================================================
2026-01-20T17:59:17.860 | Step 130 | Particle 116 | GLOBAL BEST!
Global Improvement: 0.0009765625
  Move 1: TRIPLE_SWAP | Indices: (59, 117, 20)
=================================================================================
=================================================================================
2026-01-20T17:59:25.468 | Step 188 | Particle 106 | GLOBAL BEST!
Global Improvement: 0.0005859375000000222
  Move 1: TRIPLE_SWAP | Indices: (222, 31, 115)
=================================================================================
=================================================================================
2026-01-20T17:59:42.081 | Step 311 | Particle 193 | GLOBAL BEST!
Global Improvement: 0.0007812499999999556
  Move 1: TRIPLE_SWAP | Indices: (64, 143, 223)
=================================================================================
=================================================================================
2026-01-20T18:00:16.373 | Step 552 | Particle 97 | GLOBAL BEST!
Global Improvement: 0.00048828125
  Move 1: TRIPLE_SWAP | Indices: (165, 42, 129)
=================================================================================
=================================================================================
2026-01-20T18:00:16.696 | Step 554 | Particle 97 | GLOBAL BEST!
Global Improvement: 0.0005859375000000222
  Move 1: RANDOM_SWAP | Indices: (81, 179)
=================================================================================
=================================================================================
2026-01-20T18:00:16.846 | Step 555 | Particle 97 | GLOBAL BEST!
Global Improvement: 0.0002929687499999556
  Move 1: TRIPLE_SWAP | Indices: (235, 193, 150)
=================================================================================
=================================================================================
2026-01-20T18:00:17.001 | Step 556 | Particle 97 | GLOBAL BEST!
Global Improvement: 0.0002929687500000666
  Move 1: TRIPLE_SWAP | Indices: (21, 126, 122)
=================================================================================
=================================================================================
2026-01-20T18:00:24.517 | Step 606 | Particle 77 | GLOBAL BEST!
Global Improvement: 0.0017578124999999556
  Move 1: TRIPLE_SWAP | Indices: (117, 130, 28)
=================================================================================
=================================================================================
2026-01-20T18:02:55.919 | Step 1420 | Particle 166 | GLOBAL BEST!
Global Improvement: 0.00048828125
  Move 1: TRIPLE_SWAP | Indices: (127, 229, 126)
=================================================================================
=================================================================================
2026-01-20T18:03:42.121 | Step 1630 | Particle 108 | GLOBAL BEST!
Global Improvement: 9.76562500000222e-5
  Move 1: TRIPLE_SWAP | Indices: (191, 151, 54)
=================================================================================
=================================================================================
2026-01-20T18:06:04.290 | Step 2259 | Particle 32 | GLOBAL BEST!
Global Improvement: 0.0007812499999999556
  Move 1: TRIPLE_SWAP | Indices: (175, 248, 186)
=================================================================================
=================================================================================
2026-01-20T18:06:43.066 | Step 2429 | Particle 172 | GLOBAL BEST!
Global Improvement: 1.1102230246251565e-16
  Move 1: TRIPLE_SWAP | Indices: (1, 129, 97)
=================================================================================
=================================================================================
2026-01-20T18:11:01.677 | Step 3577 | Particle 82 | GLOBAL BEST!
Global Improvement: 0.0007812499999999556
  Move 1: TRIPLE_SWAP | Indices: (31, 248, 236)
=================================================================================
