# V5: GUIDED SWAP KAPALI - Ablation Study
# Started on: 2026-01-19T21:19:39.874

=================================================================================
2026-01-19T21:19:40.178 | Step 1 | Particle 2 | GLOBAL BEST!
Global Improvement: 0.005468749999999911
  Move 1: TRIPLE_SWAP | Indices: (155, 94, 241)
  Move 2: RANDOM_SWAP | Indices: (241, 31)
  Move 3: RANDOM_SWAP | Indices: (34, 219)
=================================================================================
=================================================================================
2026-01-19T21:19:40.214 | Step 1 | Particle 6 | GLOBAL BEST!
Global Improvement: 0.0068359375
  Move 1: TRIPLE_SWAP | Indices: (69, 155, 117)
  Move 2: RANDOM_SWAP | Indices: (129, 114)
=================================================================================
=================================================================================
2026-01-19T21:19:40.235 | Step 1 | Particle 57 | GLOBAL BEST!
Global Improvement: 0.0010742187500000222
  Move 1: TRIPLE_SWAP | Indices: (134, 48, 216)
  Move 2: RANDOM_SWAP | Indices: (164, 224)
  Move 3: RANDOM_SWAP | Indices: (18, 122)
  Move 4: RANDOM_SWAP | Indices: (255, 232)
  Move 5: RANDOM_SWAP | Indices: (72, 60)
  Move 6: RANDOM_SWAP | Indices: (151, 35)
=================================================================================
=================================================================================
2026-01-19T21:19:40.237 | Step 1 | Particle 62 | GLOBAL BEST!
Global Improvement: 0.0013671874999999778
  Move 1: TRIPLE_SWAP | Indices: (48, 4, 216)
  Move 2: RANDOM_SWAP | Indices: (123, 206)
  Move 3: RANDOM_SWAP | Indices: (252, 36)
  Move 4: RANDOM_SWAP | Indices: (77, 2)
  Move 5: RANDOM_SWAP | Indices: (14, 140)
=================================================================================
=================================================================================
2026-01-19T21:19:40.517 | Step 2 | Particle 6 | GLOBAL BEST!
Global Improvement: 0.0009765625
  Move 1: TRIPLE_SWAP | Indices: (217, 62, 42)
=================================================================================
=================================================================================
2026-01-19T21:19:40.540 | Step 2 | Particle 57 | GLOBAL BEST!
Global Improvement: 0.0010742187500000222
  Move 1: RANDOM_SWAP | Indices: (219, 99)
  Move 2: RANDOM_SWAP | Indices: (122, 199)
  Move 3: RANDOM_SWAP | Indices: (129, 241)
=================================================================================
=================================================================================
2026-01-19T21:19:40.594 | Step 2 | Particle 186 | GLOBAL BEST!
Global Improvement: 0.00048828125
  Move 1: TRIPLE_SWAP | Indices: (126, 235, 149)
  Move 2: RANDOM_SWAP | Indices: (142, 247)
  Move 3: RANDOM_SWAP | Indices: (78, 236)
  Move 4: RANDOM_SWAP | Indices: (95, 98)
  Move 5: RANDOM_SWAP | Indices: (49, 209)
=================================================================================
=================================================================================
2026-01-19T21:19:41.082 | Step 3 | Particle 6 | GLOBAL BEST!
Global Improvement: 0.0012695312499999556
  Move 1: TRIPLE_SWAP | Indices: (193, 180, 5)
=================================================================================
=================================================================================
2026-01-19T21:19:41.146 | Step 3 | Particle 137 | GLOBAL BEST!
Global Improvement: 9.76562500000222e-5
  Move 1: TRIPLE_SWAP | Indices: (37, 172, 119)
=================================================================================
=================================================================================
2026-01-19T21:19:41.182 | Step 3 | Particle 175 | GLOBAL BEST!
Global Improvement: 0.001953125
  Move 1: TRIPLE_SWAP | Indices: (177, 220, 140)
  Move 2: RANDOM_SWAP | Indices: (23, 19)
  Move 3: RANDOM_SWAP | Indices: (245, 98)
=================================================================================
=================================================================================
2026-01-19T21:19:41.375 | Step 4 | Particle 6 | GLOBAL BEST!
Global Improvement: 0.0016601562500000444
  Move 1: TRIPLE_SWAP | Indices: (31, 109, 236)
=================================================================================
=================================================================================
2026-01-19T21:19:41.682 | Step 5 | Particle 6 | GLOBAL BEST!
Global Improvement: 0.0026367187499999334
  Move 1: TRIPLE_SWAP | Indices: (60, 49, 59)
=================================================================================
=================================================================================
2026-01-19T21:19:41.756 | Step 5 | Particle 169 | GLOBAL BEST!
Global Improvement: 0.00146484375
  Move 1: TRIPLE_SWAP | Indices: (28, 251, 30)
  Move 2: RANDOM_SWAP | Indices: (25, 187)
  Move 3: RANDOM_SWAP | Indices: (200, 150)
  Move 4: RANDOM_SWAP | Indices: (119, 164)
  Move 5: RANDOM_SWAP | Indices: (235, 153)
=================================================================================
=================================================================================
2026-01-19T21:19:41.986 | Step 6 | Particle 77 | GLOBAL BEST!
Global Improvement: 0.0002929687500000666
  Move 1: TRIPLE_SWAP | Indices: (45, 195, 198)
  Move 2: RANDOM_SWAP | Indices: (120, 166)
  Move 3: RANDOM_SWAP | Indices: (138, 167)
=================================================================================
=================================================================================
2026-01-19T21:19:42.031 | Step 6 | Particle 169 | GLOBAL BEST!
Global Improvement: 0.0010742187500000222
  Move 1: TRIPLE_SWAP | Indices: (181, 237, 191)
=================================================================================
=================================================================================
2026-01-19T21:19:42.216 | Step 7 | Particle 77 | GLOBAL BEST!
Global Improvement: 0.0016601562499999334
  Move 1: TRIPLE_SWAP | Indices: (151, 26, 40)
=================================================================================
=================================================================================
2026-01-19T21:19:42.282 | Step 7 | Particle 169 | GLOBAL BEST!
Global Improvement: 0.0002929687500000666
  Move 1: TRIPLE_SWAP | Indices: (43, 190, 42)
=================================================================================
=================================================================================
2026-01-19T21:19:42.660 | Step 9 | Particle 22 | GLOBAL BEST!
Global Improvement: 0.0008789062499999778
  Move 1: TRIPLE_SWAP | Indices: (9, 72, 131)
=================================================================================
=================================================================================
2026-01-19T21:19:42.715 | Step 9 | Particle 101 | GLOBAL BEST!
Global Improvement: 0.0022460937499999556
  Move 1: TRIPLE_SWAP | Indices: (162, 135, 248)
=================================================================================
=================================================================================
2026-01-19T21:19:43.055 | Step 10 | Particle 101 | GLOBAL BEST!
Global Improvement: 0.0012695312500000666
  Move 1: TRIPLE_SWAP | Indices: (112, 60, 164)
=================================================================================
=================================================================================
2026-01-19T21:19:43.467 | Step 12 | Particle 22 | GLOBAL BEST!
Global Improvement: 0.0002929687499999556
  Move 1: TRIPLE_SWAP | Indices: (218, 1, 15)
  Move 2: RANDOM_SWAP | Indices: (50, 220)
=================================================================================
=================================================================================
2026-01-19T21:19:43.670 | Step 13 | Particle 22 | GLOBAL BEST!
Global Improvement: 0.00146484375
  Move 1: TRIPLE_SWAP | Indices: (230, 226, 107)
=================================================================================
=================================================================================
2026-01-19T21:19:43.901 | Step 14 | Particle 22 | GLOBAL BEST!
Global Improvement: 0.0017578124999999556
  Move 1: TRIPLE_SWAP | Indices: (228, 133, 236)
=================================================================================
=================================================================================
2026-01-19T21:19:45.460 | Step 20 | Particle 177 | GLOBAL BEST!
Global Improvement: 9.76562500000222e-5
  Move 1: TRIPLE_SWAP | Indices: (114, 145, 87)
=================================================================================
=================================================================================
2026-01-19T21:19:45.545 | Step 21 | Particle 22 | GLOBAL BEST!
Global Improvement: 0.0003906249999999778
  Move 1: TRIPLE_SWAP | Indices: (199, 39, 8)
=================================================================================
=================================================================================
2026-01-19T21:19:45.780 | Step 22 | Particle 22 | GLOBAL BEST!
Global Improvement: 0.0002929687500000666
  Move 1: TRIPLE_SWAP | Indices: (197, 218, 41)
=================================================================================
=================================================================================
2026-01-19T21:19:46.030 | Step 23 | Particle 22 | GLOBAL BEST!
Global Improvement: 0.0007812499999999556
  Move 1: TRIPLE_SWAP | Indices: (177, 92, 106)
  Move 2: RANDOM_SWAP | Indices: (193, 111)
=================================================================================
=================================================================================
2026-01-19T21:19:46.909 | Step 27 | Particle 22 | GLOBAL BEST!
Global Improvement: 0.0002929687500000666
  Move 1: TRIPLE_SWAP | Indices: (172, 82, 215)
=================================================================================
=================================================================================
2026-01-19T21:19:47.083 | Step 28 | Particle 22 | GLOBAL BEST!
Global Improvement: 0.0001953124999999334
  Move 1: TRIPLE_SWAP | Indices: (49, 120, 105)
=================================================================================
=================================================================================
2026-01-19T21:19:48.219 | Step 33 | Particle 61 | GLOBAL BEST!
Global Improvement: 0.0002929687500000666
  Move 1: TRIPLE_SWAP | Indices: (54, 55, 136)
=================================================================================
=================================================================================
2026-01-19T21:19:49.074 | Step 37 | Particle 42 | GLOBAL BEST!
Global Improvement: 0.0003906249999999778
  Move 1: TRIPLE_SWAP | Indices: (178, 135, 233)
=================================================================================
=================================================================================
2026-01-19T21:19:49.164 | Step 37 | Particle 122 | GLOBAL BEST!
Global Improvement: 0.0010742187500000222
  Move 1: TRIPLE_SWAP | Indices: (134, 114, 190)
=================================================================================
=================================================================================
2026-01-19T21:19:49.902 | Step 40 | Particle 61 | GLOBAL BEST!
Global Improvement: 9.765624999991118e-5
  Move 1: TRIPLE_SWAP | Indices: (172, 6, 88)
=================================================================================
=================================================================================
2026-01-19T21:19:51.632 | Step 48 | Particle 39 | GLOBAL BEST!
Global Improvement: 9.76562500000222e-5
  Move 1: TRIPLE_SWAP | Indices: (144, 116, 128)
=================================================================================
=================================================================================
2026-01-19T21:19:54.763 | Step 61 | Particle 155 | GLOBAL BEST!
Global Improvement: 0.0002929687500000666
  Move 1: TRIPLE_SWAP | Indices: (24, 51, 53)
=================================================================================
=================================================================================
2026-01-19T21:19:55.008 | Step 62 | Particle 155 | GLOBAL BEST!
Global Improvement: 0.0001953124999999334
  Move 1: TRIPLE_SWAP | Indices: (207, 142, 152)
=================================================================================
=================================================================================
2026-01-19T21:20:01.092 | Step 86 | Particle 142 | GLOBAL BEST!
Global Improvement: 0.0001953125000000444
  Move 1: TRIPLE_SWAP | Indices: (111, 193, 36)
=================================================================================
=================================================================================
2026-01-19T21:20:01.801 | Step 89 | Particle 142 | GLOBAL BEST!
Global Improvement: 0.00048828125
  Move 1: TRIPLE_SWAP | Indices: (78, 171, 103)
  Move 2: RANDOM_SWAP | Indices: (197, 238)
=================================================================================
=================================================================================
2026-01-19T21:20:12.080 | Step 131 | Particle 67 | GLOBAL BEST!
Global Improvement: 0.001953125
  Move 1: TRIPLE_SWAP | Indices: (40, 204, 80)
=================================================================================
=================================================================================
2026-01-19T21:20:12.332 | Step 132 | Particle 67 | GLOBAL BEST!
Global Improvement: 0.0007812499999999556
  Move 1: TRIPLE_SWAP | Indices: (244, 73, 129)
=================================================================================
=================================================================================
2026-01-19T21:20:12.859 | Step 134 | Particle 67 | GLOBAL BEST!
Global Improvement: 0.00048828125
  Move 1: TRIPLE_SWAP | Indices: (125, 123, 38)
=================================================================================
=================================================================================
2026-01-19T21:21:35.333 | Step 472 | Particle 106 | GLOBAL BEST!
Global Improvement: 0.0011718750000000444
  Move 1: TRIPLE_SWAP | Indices: (105, 148, 188)
  Move 2: RANDOM_SWAP | Indices: (65, 245)
=================================================================================
=================================================================================
2026-01-19T21:22:45.904 | Step 730 | Particle 160 | GLOBAL BEST!
Global Improvement: 0.0005859374999999112
  Move 1: TRIPLE_SWAP | Indices: (77, 25, 154)
=================================================================================
=================================================================================
2026-01-19T21:23:02.109 | Step 788 | Particle 42 | GLOBAL BEST!
Global Improvement: 0.0007812500000000666
  Move 1: TRIPLE_SWAP | Indices: (208, 228, 217)
=================================================================================
=================================================================================
2026-01-19T21:25:21.332 | Step 1226 | Particle 84 | GLOBAL BEST!
Global Improvement: 0.0003906249999999778
  Move 1: TRIPLE_SWAP | Indices: (222, 86, 15)
=================================================================================
=================================================================================
2026-01-19T21:26:02.492 | Step 1421 | Particle 85 | GLOBAL BEST!
Global Improvement: 0.0002929687499999556
  Move 1: TRIPLE_SWAP | Indices: (108, 65, 217)
=================================================================================
=================================================================================
2026-01-19T21:27:01.308 | Step 1696 | Particle 51 | GLOBAL BEST!
Global Improvement: 0.0001953125000000444
  Move 1: TRIPLE_SWAP | Indices: (66, 220, 191)
=================================================================================
=================================================================================
2026-01-19T21:27:01.993 | Step 1699 | Particle 51 | GLOBAL BEST!
Global Improvement: 0.0001953125000000444
  Move 1: TRIPLE_SWAP | Indices: (191, 175, 238)
=================================================================================
=================================================================================
2026-01-19T21:27:02.428 | Step 1701 | Particle 51 | GLOBAL BEST!
Global Improvement: 0.0008789062499998668
  Move 1: TRIPLE_SWAP | Indices: (216, 206, 239)
=================================================================================
