# V5: GUIDED SWAP KAPALI - Ablation Study
# Started on: 2026-01-21T11:38:39.043

=================================================================================
2026-01-21T11:38:39.240 | Step 1 | Particle 4 | GLOBAL BEST!
Global Improvement: 0.0009765625
  Move 1: TRIPLE_SWAP | Indices: (91, 225, 175)
=================================================================================
=================================================================================
2026-01-21T11:38:39.259 | Step 1 | Particle 5 | GLOBAL BEST!
Global Improvement: 0.0005859375000001332
  Move 1: TRIPLE_SWAP | Indices: (50, 17, 86)
=================================================================================
=================================================================================
2026-01-21T11:38:39.260 | Step 1 | Particle 6 | GLOBAL BEST!
Global Improvement: 0.0004427083333333748
  Move 1: TRIPLE_SWAP | Indices: (152, 243, 246)
  Move 2: RANDOM_SWAP | Indices: (80, 183)
  Move 3: RANDOM_SWAP | Indices: (251, 205)
=================================================================================
=================================================================================
2026-01-21T11:38:39.271 | Step 1 | Particle 10 | GLOBAL BEST!
Global Improvement: 0.0008423239087300693
  Move 1: TRIPLE_SWAP | Indices: (169, 186, 195)
  Move 2: RANDOM_SWAP | Indices: (3, 98)
  Move 3: RANDOM_SWAP | Indices: (119, 68)
  Move 4: RANDOM_SWAP | Indices: (162, 69)
  Move 5: RANDOM_SWAP | Indices: (173, 32)
  Move 6: RANDOM_SWAP | Indices: (103, 116)
=================================================================================
=================================================================================
2026-01-21T11:38:39.272 | Step 1 | Particle 13 | GLOBAL BEST!
Global Improvement: 0.006551029265873032
  Move 1: TRIPLE_SWAP | Indices: (97, 158, 237)
  Move 2: RANDOM_SWAP | Indices: (141, 256)
  Move 3: RANDOM_SWAP | Indices: (18, 198)
  Move 4: RANDOM_SWAP | Indices: (175, 226)
  Move 5: RANDOM_SWAP | Indices: (58, 244)
=================================================================================
=================================================================================
2026-01-21T11:38:39.465 | Step 2 | Particle 77 | GLOBAL BEST!
Global Improvement: 0.00018880208333316162
  Move 1: TRIPLE_SWAP | Indices: (174, 231, 132)
  Move 2: RANDOM_SWAP | Indices: (79, 254)
  Move 3: RANDOM_SWAP | Indices: (241, 50)
  Move 4: RANDOM_SWAP | Indices: (87, 237)
=================================================================================
=================================================================================
2026-01-21T11:38:39.471 | Step 2 | Particle 93 | GLOBAL BEST!
Global Improvement: 0.0006901041666667052
  Move 1: TRIPLE_SWAP | Indices: (237, 85, 27)
=================================================================================
=================================================================================
2026-01-21T11:38:39.478 | Step 2 | Particle 110 | GLOBAL BEST!
Global Improvement: 0.00029296875000017764
  Move 1: TRIPLE_SWAP | Indices: (130, 119, 243)
  Move 2: RANDOM_SWAP | Indices: (211, 231)
  Move 3: RANDOM_SWAP | Indices: (210, 254)
  Move 4: RANDOM_SWAP | Indices: (33, 116)
  Move 5: RANDOM_SWAP | Indices: (242, 81)
=================================================================================
=================================================================================
2026-01-21T11:38:39.765 | Step 3 | Particle 4 | GLOBAL BEST!
Global Improvement: 0.0021158854166665186
  Move 1: TRIPLE_SWAP | Indices: (22, 94, 65)
=================================================================================
=================================================================================
2026-01-21T11:38:39.767 | Step 3 | Particle 10 | GLOBAL BEST!
Global Improvement: 0.001360677083333428
  Move 1: TRIPLE_SWAP | Indices: (173, 9, 89)
=================================================================================
=================================================================================
2026-01-21T11:38:39.825 | Step 3 | Particle 159 | GLOBAL BEST!
Global Improvement: 9.765624999991118e-5
  Move 1: TRIPLE_SWAP | Indices: (143, 97, 237)
=================================================================================
=================================================================================
2026-01-21T11:38:39.941 | Step 4 | Particle 4 | GLOBAL BEST!
Global Improvement: 0.0007942708333334991
  Move 1: TRIPLE_SWAP | Indices: (86, 223, 16)
=================================================================================
=================================================================================
2026-01-21T11:38:39.954 | Step 4 | Particle 37 | GLOBAL BEST!
Global Improvement: 0.00038411458333320603
  Move 1: TRIPLE_SWAP | Indices: (131, 120, 9)
=================================================================================
=================================================================================
2026-01-21T11:38:39.985 | Step 4 | Particle 116 | GLOBAL BEST!
Global Improvement: 0.0002929687499999556
  Move 1: TRIPLE_SWAP | Indices: (18, 29, 243)
  Move 2: RANDOM_SWAP | Indices: (67, 170)
  Move 3: RANDOM_SWAP | Indices: (203, 156)
  Move 4: RANDOM_SWAP | Indices: (219, 125)
  Move 5: RANDOM_SWAP | Indices: (174, 213)
  Move 6: RANDOM_SWAP | Indices: (68, 94)
=================================================================================
=================================================================================
2026-01-21T11:38:40.095 | Step 5 | Particle 10 | GLOBAL BEST!
Global Improvement: 0.0017643229166668384
  Move 1: TRIPLE_SWAP | Indices: (104, 61, 136)
=================================================================================
=================================================================================
2026-01-21T11:38:40.109 | Step 5 | Particle 47 | GLOBAL BEST!
Global Improvement: 1.550099206348854e-5
  Move 1: TRIPLE_SWAP | Indices: (36, 131, 99)
=================================================================================
=================================================================================
2026-01-21T11:38:40.136 | Step 5 | Particle 116 | GLOBAL BEST!
Global Improvement: 0.0009154885912696642
  Move 1: TRIPLE_SWAP | Indices: (180, 29, 162)
=================================================================================
=================================================================================
2026-01-21T11:38:40.248 | Step 6 | Particle 21 | GLOBAL BEST!
Global Improvement: 0.0004947916666666607
  Move 1: TRIPLE_SWAP | Indices: (20, 204, 218)
=================================================================================
=================================================================================
2026-01-21T11:38:40.302 | Step 6 | Particle 159 | GLOBAL BEST!
Global Improvement: 0.001516927083333508
  Move 1: TRIPLE_SWAP | Indices: (42, 250, 25)
=================================================================================
=================================================================================
2026-01-21T11:38:40.401 | Step 7 | Particle 25 | GLOBAL BEST!
Global Improvement: 0.0005859374999999112
  Move 1: TRIPLE_SWAP | Indices: (116, 142, 15)
=================================================================================
=================================================================================
2026-01-21T11:38:40.692 | Step 9 | Particle 4 | GLOBAL BEST!
Global Improvement: 0.0004427083333333748
  Move 1: TRIPLE_SWAP | Indices: (207, 52, 185)
=================================================================================
=================================================================================
2026-01-21T11:38:40.838 | Step 10 | Particle 32 | GLOBAL BEST!
Global Improvement: 0.00044270833333315274
  Move 1: TRIPLE_SWAP | Indices: (191, 188, 83)
=================================================================================
=================================================================================
2026-01-21T11:38:40.970 | Step 11 | Particle 6 | GLOBAL BEST!
Global Improvement: 0.0005859375000001332
  Move 1: TRIPLE_SWAP | Indices: (134, 20, 192)
=================================================================================
=================================================================================
2026-01-21T11:38:40.974 | Step 11 | Particle 16 | GLOBAL BEST!
Global Improvement: 9.765624999991118e-5
  Move 1: TRIPLE_SWAP | Indices: (73, 198, 57)
=================================================================================
=================================================================================
2026-01-21T11:38:40.980 | Step 11 | Particle 32 | GLOBAL BEST!
Global Improvement: 0.0014713541666666607
  Move 1: TRIPLE_SWAP | Indices: (31, 162, 236)
=================================================================================
=================================================================================
2026-01-21T11:38:41.120 | Step 12 | Particle 32 | GLOBAL BEST!
Global Improvement: 0.0018619791666667496
  Move 1: TRIPLE_SWAP | Indices: (132, 85, 195)
=================================================================================
=================================================================================
2026-01-21T11:38:42.388 | Step 22 | Particle 36 | GLOBAL BEST!
Global Improvement: 0.001569010416666794
  Move 1: TRIPLE_SWAP | Indices: (226, 207, 208)
=================================================================================
=================================================================================
2026-01-21T11:38:42.958 | Step 26 | Particle 164 | GLOBAL BEST!
Global Improvement: 0.00024739583333310833
  Move 1: TRIPLE_SWAP | Indices: (152, 17, 119)
=================================================================================
=================================================================================
2026-01-21T11:38:43.079 | Step 27 | Particle 164 | GLOBAL BEST!
Global Improvement: 0.00010416666666679397
  Move 1: TRIPLE_SWAP | Indices: (145, 8, 229)
=================================================================================
=================================================================================
2026-01-21T11:38:43.329 | Step 29 | Particle 164 | GLOBAL BEST!
Global Improvement: 0.0008333333333332416
  Move 1: TRIPLE_SWAP | Indices: (17, 55, 115)
=================================================================================
=================================================================================
2026-01-21T11:38:43.458 | Step 30 | Particle 164 | GLOBAL BEST!
Global Improvement: 0.0011263020833334192
  Move 1: TRIPLE_SWAP | Indices: (115, 70, 155)
=================================================================================
=================================================================================
2026-01-21T11:38:56.151 | Step 125 | Particle 75 | GLOBAL BEST!
Global Improvement: 0.00028645833333329485
  Move 1: TRIPLE_SWAP | Indices: (108, 225, 77)
=================================================================================
=================================================================================
2026-01-21T11:39:13.186 | Step 254 | Particle 53 | GLOBAL BEST!
Global Improvement: 0.00024739583333333037
  Move 1: TRIPLE_SWAP | Indices: (185, 1, 59)
=================================================================================
=================================================================================
2026-01-21T11:39:13.469 | Step 256 | Particle 53 | GLOBAL BEST!
Global Improvement: 0.0002929687499999556
  Move 1: TRIPLE_SWAP | Indices: (26, 19, 161)
  Move 2: RANDOM_SWAP | Indices: (3, 237)
  Move 3: RANDOM_SWAP | Indices: (249, 214)
  Move 4: RANDOM_SWAP | Indices: (15, 101)
=================================================================================
=================================================================================
2026-01-21T11:39:16.911 | Step 282 | Particle 106 | GLOBAL BEST!
Global Improvement: 0.0008333333333334636
  Move 1: TRIPLE_SWAP | Indices: (243, 9, 73)
=================================================================================
=================================================================================
2026-01-21T11:39:35.172 | Step 413 | Particle 141 | GLOBAL BEST!
Global Improvement: 0.0006380208333331971
  Move 1: TRIPLE_SWAP | Indices: (22, 191, 143)
=================================================================================
=================================================================================
2026-01-21T11:39:55.136 | Step 548 | Particle 26 | GLOBAL BEST!
Global Improvement: 0.00013423859126993065
  Move 1: TRIPLE_SWAP | Indices: (209, 249, 208)
=================================================================================
=================================================================================
2026-01-21T11:40:12.220 | Step 661 | Particle 84 | GLOBAL BEST!
Global Improvement: 0.00035404265873006935
  Move 1: TRIPLE_SWAP | Indices: (194, 58, 155)
=================================================================================
=================================================================================
2026-01-21T11:40:54.219 | Step 910 | Particle 25 | GLOBAL BEST!
Global Improvement: 0.0009309895833333748
  Move 1: TRIPLE_SWAP | Indices: (148, 179, 172)
=================================================================================
=================================================================================
2026-01-21T11:41:05.408 | Step 971 | Particle 66 | GLOBAL BEST!
Global Improvement: 5.2083333333285964e-5
  Move 1: TRIPLE_SWAP | Indices: (189, 41, 82)
=================================================================================
=================================================================================
2026-01-21T11:41:05.904 | Step 974 | Particle 66 | GLOBAL BEST!
Global Improvement: 0.0003906250000000888
  Move 1: TRIPLE_SWAP | Indices: (175, 16, 7)
=================================================================================
=================================================================================
2026-01-21T11:43:11.986 | Step 1555 | Particle 84 | GLOBAL BEST!
Global Improvement: 0.0004792906746031722
  Move 1: TRIPLE_SWAP | Indices: (103, 192, 21)
=================================================================================
=================================================================================
2026-01-21T11:44:29.441 | Step 1899 | Particle 185 | GLOBAL BEST!
Global Improvement: 0.0008333333333332416
  Move 1: TRIPLE_SWAP | Indices: (208, 129, 8)
=================================================================================
=================================================================================
2026-01-21T11:44:29.648 | Step 1900 | Particle 185 | GLOBAL BEST!
Global Improvement: 0.0004427083333333748
  Move 1: TRIPLE_SWAP | Indices: (10, 233, 231)
=================================================================================
