# Global Best Swaps Only - COMPOSITE FITNESS MODE WITH EARLY STOPPING
# Started on: 2026-02-02T16:51:23.467
# Format: Timestamp | Step | Particle | Operation | Indices | Local | Global | Status
# Note: Each global best S-box is saved in debug_sboxes/ directory
# Using composite fitness function with NL, SAC, DDT, and Entropy
# Early stopping enabled based on NL threshold

=================================================================================
2026-02-02T16:51:23.725 | Step 1 | Particle 115 | GLOBAL BEST ACHIEVED!
Global Improvement: 0.0010980902777777413
All moves in this step:
  Move 1: TRIPLE_SWAP | Indices: (216, 56, 17) | Local Improvement: 0.0010980902777777413
=================================================================================
=================================================================================
2026-02-02T16:51:24.880 | Step 5 | Particle 116 | GLOBAL BEST ACHIEVED!
Global Improvement: 9.765624999991118e-5
All moves in this step:
  Move 1: TRIPLE_SWAP | Indices: (92, 200, 101) | Local Improvement: 9.765624999991118e-5
=================================================================================
=================================================================================
2026-02-02T16:51:26.802 | Step 17 | Particle 115 | GLOBAL BEST ACHIEVED!
Global Improvement: 9.765624999991118e-5
All moves in this step:
  Move 1: RANDOM_SWAP | Indices: (148, 210) | Local Improvement: 0.0
=================================================================================
=================================================================================
2026-02-02T16:51:36.323 | Step 62 | Particle 43 | GLOBAL BEST ACHIEVED!
Global Improvement: 0.0007421875000002132
All moves in this step:
  Move 1: TRIPLE_SWAP | Indices: (174, 17, 115) | Local Improvement: 0.0007421875000002132
=================================================================================
=================================================================================
2026-02-02T16:51:36.755 | Step 64 | Particle 68 | GLOBAL BEST ACHIEVED!
Global Improvement: 9.765624999991118e-5
All moves in this step:
  Move 1: TRIPLE_SWAP | Indices: (81, 96, 247) | Local Improvement: 9.765624999991118e-5
=================================================================================
=================================================================================
2026-02-02T16:51:37.385 | Step 67 | Particle 47 | GLOBAL BEST ACHIEVED!
Global Improvement: 9.765624999991118e-5
All moves in this step:
  Move 1: TRIPLE_SWAP | Indices: (57, 97, 24) | Local Improvement: 9.765624999991118e-5
=================================================================================
=================================================================================
2026-02-02T16:52:22.886 | Step 268 | Particle 30 | GLOBAL BEST ACHIEVED!
Global Improvement: 0.0009375000000000355
All moves in this step:
  Move 1: TRIPLE_SWAP | Indices: (22, 221, 119) | Local Improvement: 0.0009375000000000355
=================================================================================
=================================================================================
2026-02-02T16:52:27.668 | Step 289 | Particle 69 | GLOBAL BEST ACHIEVED!
Global Improvement: 0.0007421874999999911
All moves in this step:
  Move 1: TRIPLE_SWAP | Indices: (209, 153, 71) | Local Improvement: 0.0007421874999999911
=================================================================================
=================================================================================
2026-02-02T16:52:30.723 | Step 302 | Particle 181 | GLOBAL BEST ACHIEVED!
Global Improvement: 0.0001953125000000444
All moves in this step:
  Move 1: TRIPLE_SWAP | Indices: (63, 133, 107) | Local Improvement: 0.0001953125000000444
=================================================================================
=================================================================================
2026-02-02T16:59:21.332 | Step 2055 | Particle 107 | GLOBAL BEST ACHIEVED!
Global Improvement: 0.0007421874999999911
All moves in this step:
  Move 1: RANDOM_SWAP | Indices: (103, 79) | Local Improvement: 0.0
=================================================================================
=================================================================================
2026-02-02T16:59:28.244 | Step 2086 | Particle 61 | GLOBAL BEST ACHIEVED!
Global Improvement: 9.765625000013323e-5
All moves in this step:
  Move 1: TRIPLE_SWAP | Indices: (210, 148, 55) | Local Improvement: 9.765625000013323e-5
=================================================================================
=================================================================================
2026-02-02T17:00:11.947 | Step 2278 | Particle 82 | GLOBAL BEST ACHIEVED!
Global Improvement: 9.765624999991118e-5
All moves in this step:
  Move 1: GUIDED_SWAP_TO_PBEST | Indices: (34, 207) | Local Improvement: 0.0
  Move 2: GUIDED_SWAP_TO_PBEST | Indices: (77, 46) | Local Improvement: 0.0
  Move 3: GUIDED_SWAP_TO_PBEST | Indices: (195, 2) | Local Improvement: 0.0
  Move 4: GUIDED_SWAP_TO_PBEST | Indices: (12, 105) | Local Improvement: 0.0
  Move 5: RANDOM_SWAP | Indices: (60, 174) | Local Improvement: 0.0
=================================================================================
