# V5: GUIDED SWAP KAPALI - Ablation Study
# Started on: 2026-01-21T23:09:12.682

=================================================================================
2026-01-21T23:09:12.945 | Step 1 | Particle 3 | GLOBAL BEST!
Global Improvement: 0.001028645833333286
  Move 1: TRIPLE_SWAP | Indices: (256, 68, 62)
=================================================================================
=================================================================================
2026-01-21T23:09:12.968 | Step 1 | Particle 6 | GLOBAL BEST!
Global Improvement: 0.000381634424603261
  Move 1: TRIPLE_SWAP | Indices: (186, 31, 126)
=================================================================================
=================================================================================
2026-01-21T23:09:12.971 | Step 1 | Particle 14 | GLOBAL BEST!
Global Improvement: 0.001028645833333286
  Move 1: TRIPLE_SWAP | Indices: (256, 139, 136)
=================================================================================
=================================================================================
2026-01-21T23:09:12.976 | Step 1 | Particle 27 | GLOBAL BEST!
Global Improvement: 0.0004947916666666607
  Move 1: TRIPLE_SWAP | Indices: (204, 29, 112)
  Move 2: RANDOM_SWAP | Indices: (242, 146)
  Move 3: RANDOM_SWAP | Indices: (211, 252)
  Move 4: RANDOM_SWAP | Indices: (175, 6)
  Move 5: RANDOM_SWAP | Indices: (60, 87)
=================================================================================
=================================================================================
2026-01-21T23:09:12.988 | Step 1 | Particle 29 | GLOBAL BEST!
Global Improvement: 0.00024088541666666963
  Move 1: TRIPLE_SWAP | Indices: (232, 186, 89)
=================================================================================
=================================================================================
2026-01-21T23:09:13.029 | Step 1 | Particle 131 | GLOBAL BEST!
Global Improvement: 0.0001953125000000444
  Move 1: TRIPLE_SWAP | Indices: (168, 173, 232)
  Move 2: RANDOM_SWAP | Indices: (109, 1)
  Move 3: RANDOM_SWAP | Indices: (14, 43)
  Move 4: RANDOM_SWAP | Indices: (7, 231)
  Move 5: RANDOM_SWAP | Indices: (15, 116)
  Move 6: RANDOM_SWAP | Indices: (187, 159)
=================================================================================
=================================================================================
2026-01-21T23:09:13.154 | Step 2 | Particle 5 | GLOBAL BEST!
Global Improvement: 0.0011783854166667052
  Move 1: TRIPLE_SWAP | Indices: (204, 232, 146)
  Move 2: RANDOM_SWAP | Indices: (98, 156)
  Move 3: RANDOM_SWAP | Indices: (155, 100)
  Move 4: RANDOM_SWAP | Indices: (1, 91)
  Move 5: RANDOM_SWAP | Indices: (129, 204)
  Move 6: RANDOM_SWAP | Indices: (229, 243)
=================================================================================
=================================================================================
2026-01-21T23:09:13.167 | Step 2 | Particle 39 | GLOBAL BEST!
Global Improvement: 0.0012760416666668384
  Move 1: TRIPLE_SWAP | Indices: (139, 232, 15)
=================================================================================
=================================================================================
2026-01-21T23:09:13.200 | Step 2 | Particle 122 | GLOBAL BEST!
Global Improvement: 0.0002929687499999556
  Move 1: TRIPLE_SWAP | Indices: (186, 240, 213)
  Move 2: RANDOM_SWAP | Indices: (104, 202)
  Move 3: RANDOM_SWAP | Indices: (138, 235)
  Move 4: RANDOM_SWAP | Indices: (4, 104)
  Move 5: RANDOM_SWAP | Indices: (79, 11)
=================================================================================
=================================================================================
2026-01-21T23:09:13.513 | Step 3 | Particle 21 | GLOBAL BEST!
Global Improvement: 0.00048828125
  Move 1: TRIPLE_SWAP | Indices: (107, 139, 153)
=================================================================================
=================================================================================
2026-01-21T23:09:13.520 | Step 3 | Particle 39 | GLOBAL BEST!
Global Improvement: 0.0004947916666666607
  Move 1: TRIPLE_SWAP | Indices: (63, 223, 179)
  Move 2: RANDOM_SWAP | Indices: (206, 147)
=================================================================================
=================================================================================
2026-01-21T23:09:13.530 | Step 3 | Particle 63 | GLOBAL BEST!
Global Improvement: 0.0001432291666665364
  Move 1: TRIPLE_SWAP | Indices: (92, 5, 42)
  Move 2: RANDOM_SWAP | Indices: (147, 19)
  Move 3: RANDOM_SWAP | Indices: (7, 251)
=================================================================================
=================================================================================
2026-01-21T23:09:13.553 | Step 3 | Particle 122 | GLOBAL BEST!
Global Improvement: 0.0014713541666666607
  Move 1: TRIPLE_SWAP | Indices: (218, 19, 75)
=================================================================================
=================================================================================
2026-01-21T23:09:13.697 | Step 4 | Particle 63 | GLOBAL BEST!
Global Improvement: 0.0007356770833333304
  Move 1: TRIPLE_SWAP | Indices: (184, 43, 8)
=================================================================================
=================================================================================
2026-01-21T23:09:13.839 | Step 5 | Particle 21 | GLOBAL BEST!
Global Improvement: 0.0007356770833333304
  Move 1: TRIPLE_SWAP | Indices: (107, 250, 199)
=================================================================================
=================================================================================
2026-01-21T23:09:13.846 | Step 5 | Particle 39 | GLOBAL BEST!
Global Improvement: 0.0009309895833333748
  Move 1: TRIPLE_SWAP | Indices: (139, 159, 133)
  Move 2: RANDOM_SWAP | Indices: (244, 68)
  Move 3: RANDOM_SWAP | Indices: (215, 195)
=================================================================================
=================================================================================
2026-01-21T23:09:14.146 | Step 7 | Particle 13 | GLOBAL BEST!
Global Improvement: 0.0004427083333333748
  Move 1: TRIPLE_SWAP | Indices: (130, 148, 126)
=================================================================================
=================================================================================
2026-01-21T23:09:14.336 | Step 8 | Particle 110 | GLOBAL BEST!
Global Improvement: 0.00048828125
  Move 1: TRIPLE_SWAP | Indices: (134, 182, 226)
=================================================================================
=================================================================================
2026-01-21T23:09:14.486 | Step 9 | Particle 122 | GLOBAL BEST!
Global Improvement: 0.0007356770833333304
  Move 1: TRIPLE_SWAP | Indices: (240, 131, 82)
=================================================================================
=================================================================================
2026-01-21T23:09:14.640 | Step 10 | Particle 110 | GLOBAL BEST!
Global Improvement: 0.0005859374999999112
  Move 1: TRIPLE_SWAP | Indices: (160, 220, 243)
=================================================================================
=================================================================================
2026-01-21T23:09:14.924 | Step 12 | Particle 110 | GLOBAL BEST!
Global Improvement: 0.0016666666666667052
  Move 1: TRIPLE_SWAP | Indices: (200, 199, 71)
=================================================================================
=================================================================================
2026-01-21T23:09:15.357 | Step 14 | Particle 110 | GLOBAL BEST!
Global Improvement: 0.000540364583333286
  Move 1: TRIPLE_SWAP | Indices: (41, 80, 190)
=================================================================================
=================================================================================
2026-01-21T23:09:16.024 | Step 17 | Particle 184 | GLOBAL BEST!
Global Improvement: 0.0001953125000000444
  Move 1: TRIPLE_SWAP | Indices: (240, 245, 121)
=================================================================================
=================================================================================
2026-01-21T23:09:17.828 | Step 31 | Particle 171 | GLOBAL BEST!
Global Improvement: 9.765625000013323e-5
  Move 1: TRIPLE_SWAP | Indices: (36, 6, 146)
=================================================================================
=================================================================================
2026-01-21T23:09:20.341 | Step 50 | Particle 197 | GLOBAL BEST!
Global Improvement: 0.000540364583333286
  Move 1: TRIPLE_SWAP | Indices: (26, 235, 25)
=================================================================================
=================================================================================
2026-01-21T23:09:20.463 | Step 51 | Particle 197 | GLOBAL BEST!
Global Improvement: 9.765624999991118e-5
  Move 1: TRIPLE_SWAP | Indices: (145, 188, 104)
=================================================================================
=================================================================================
2026-01-21T23:09:20.587 | Step 52 | Particle 197 | GLOBAL BEST!
Global Improvement: 0.0009309895833333748
  Move 1: TRIPLE_SWAP | Indices: (94, 248, 70)
=================================================================================
=================================================================================
2026-01-21T23:09:49.778 | Step 269 | Particle 132 | GLOBAL BEST!
Global Improvement: 0.000540364583333286
  Move 1: TRIPLE_SWAP | Indices: (119, 213, 42)
=================================================================================
=================================================================================
2026-01-21T23:09:56.477 | Step 317 | Particle 53 | GLOBAL BEST!
Global Improvement: 9.765625000013323e-5
  Move 1: TRIPLE_SWAP | Indices: (146, 169, 108)
=================================================================================
=================================================================================
2026-01-21T23:10:11.605 | Step 422 | Particle 6 | GLOBAL BEST!
Global Improvement: 0.00014973958333319715
  Move 1: TRIPLE_SWAP | Indices: (88, 133, 149)
=================================================================================
=================================================================================
2026-01-21T23:10:14.223 | Step 440 | Particle 91 | GLOBAL BEST!
Global Improvement: 0.0008789062500000888
  Move 1: TRIPLE_SWAP | Indices: (122, 13, 178)
=================================================================================
=================================================================================
2026-01-21T23:10:36.270 | Step 588 | Particle 95 | GLOBAL BEST!
Global Improvement: 0.001462363591269833
  Move 1: TRIPLE_SWAP | Indices: (225, 101, 235)
=================================================================================
=================================================================================
2026-01-21T23:10:47.574 | Step 656 | Particle 68 | GLOBAL BEST!
Global Improvement: 4.557291666662522e-5
  Move 1: TRIPLE_SWAP | Indices: (37, 160, 5)
=================================================================================
=================================================================================
2026-01-21T23:11:06.370 | Step 771 | Particle 195 | GLOBAL BEST!
Global Improvement: 6.107390873011376e-5
  Move 1: TRIPLE_SWAP | Indices: (77, 136, 141)
=================================================================================
=================================================================================
2026-01-21T23:12:47.712 | Step 1274 | Particle 84 | GLOBAL BEST!
Global Improvement: 0.001028645833333286
  Move 1: TRIPLE_SWAP | Indices: (167, 146, 12)
=================================================================================
=================================================================================
2026-01-21T23:15:41.308 | Step 2078 | Particle 5 | GLOBAL BEST!
Global Improvement: 0.00028397817460334984
  Move 1: TRIPLE_SWAP | Indices: (225, 170, 44)
=================================================================================
=================================================================================
2026-01-21T23:15:42.154 | Step 2082 | Particle 5 | GLOBAL BEST!
Global Improvement: 0.0002929687499999556
  Move 1: TRIPLE_SWAP | Indices: (214, 210, 177)
=================================================================================
=================================================================================
2026-01-21T23:16:57.577 | Step 2432 | Particle 109 | GLOBAL BEST!
Global Improvement: 0.0006380208333331971
  Move 1: TRIPLE_SWAP | Indices: (137, 134, 203)
=================================================================================
