# Global Best Swaps Only - COMPOSITE FITNESS MODE WITH EARLY STOPPING
# Started on: 2026-01-30T12:37:52.785
# Format: Timestamp | Step | Particle | Operation | Indices | Local | Global | Status
# Note: Each global best S-box is saved in debug_sboxes/ directory
# Using composite fitness function with NL, SAC, DDT, and Entropy
# Early stopping enabled based on NL threshold

=================================================================================
2026-01-30T12:38:09.588 | Step 16 | Particle 774 | GLOBAL BEST ACHIEVED!
Global Improvement: 0.0001953125000000444
All moves in this step:
  Move 1: GUIDED_SWAP_TO_GBEST | Indices: (204, 64) | Local Improvement: 0.0
  Move 2: RANDOM_SWAP | Indices: (28, 60) | Local Improvement: 0.0
=================================================================================
=================================================================================
2026-01-30T12:38:11.563 | Step 18 | Particle 424 | GLOBAL BEST ACHIEVED!
Global Improvement: 0.00048828125
All moves in this step:
  Move 1: TRIPLE_SWAP | Indices: (109, 211, 64) | Local Improvement: 0.00048828125
=================================================================================
=================================================================================
2026-01-30T12:38:14.793 | Step 21 | Particle 823 | GLOBAL BEST ACHIEVED!
Global Improvement: 0.0003906250000000888
All moves in this step:
  Move 1: TRIPLE_SWAP | Indices: (28, 8, 204) | Local Improvement: 0.0003906250000000888
=================================================================================
=================================================================================
2026-01-30T12:38:18.577 | Step 25 | Particle 448 | GLOBAL BEST ACHIEVED!
Global Improvement: 0.0002929687499999556
All moves in this step:
  Move 1: GUIDED_SWAP_TO_PBEST | Indices: (60, 219) | Local Improvement: 0.0
  Move 2: TRIPLE_SWAP | Indices: (36, 125, 212) | Local Improvement: 0.0002929687499999556
=================================================================================
=================================================================================
2026-01-30T12:38:24.841 | Step 32 | Particle 575 | GLOBAL BEST ACHIEVED!
Global Improvement: 9.765624999991118e-5
All moves in this step:
  Move 1: GUIDED_SWAP_TO_PBEST | Indices: (138, 87) | Local Improvement: 0.0
  Move 2: GUIDED_SWAP_TO_PBEST | Indices: (227, 152) | Local Improvement: 0.0
  Move 3: GUIDED_SWAP_TO_PBEST | Indices: (42, 37) | Local Improvement: 0.0
  Move 4: TRIPLE_SWAP | Indices: (135, 49, 235) | Local Improvement: 9.765624999991118e-5
=================================================================================
=================================================================================
2026-01-30T12:38:27.221 | Step 35 | Particle 347 | GLOBAL BEST ACHIEVED!
Global Improvement: 9.765625000013323e-5
All moves in this step:
  Move 1: GUIDED_SWAP_TO_PBEST | Indices: (231, 221) | Local Improvement: 0.0
  Move 2: GUIDED_SWAP_TO_PBEST | Indices: (76, 96) | Local Improvement: 0.0
  Move 3: GUIDED_SWAP_TO_PBEST | Indices: (101, 19) | Local Improvement: 0.0
  Move 4: GUIDED_SWAP_TO_PBEST | Indices: (13, 68) | Local Improvement: 0.0
  Move 5: GUIDED_SWAP_TO_PBEST | Indices: (2, 161) | Local Improvement: 0.0
  Move 6: TRIPLE_SWAP | Indices: (18, 206, 195) | Local Improvement: 9.765625000013323e-5
=================================================================================
=================================================================================
2026-01-30T12:38:35.169 | Step 46 | Particle 578 | GLOBAL BEST ACHIEVED!
Global Improvement: 0.0001953125000000444
All moves in this step:
  Move 1: RANDOM_SWAP | Indices: (80, 132) | Local Improvement: 0.0
=================================================================================
=================================================================================
2026-01-30T12:38:35.728 | Step 47 | Particle 222 | GLOBAL BEST ACHIEVED!
Global Improvement: 0.00019531249999982236
All moves in this step:
  Move 1: GUIDED_SWAP_TO_GBEST | Indices: (4, 108) | Local Improvement: 0.0
  Move 2: GUIDED_SWAP_TO_GBEST | Indices: (142, 136) | Local Improvement: 0.0
  Move 3: GUIDED_SWAP_TO_GBEST | Indices: (132, 80) | Local Improvement: 0.0
  Move 4: GUIDED_SWAP_TO_GBEST | Indices: (116, 124) | Local Improvement: 0.0
  Move 5: GUIDED_SWAP_TO_PBEST | Indices: (250, 165) | Local Improvement: 0.0
  Move 6: GUIDED_SWAP_TO_PBEST | Indices: (132, 80) | Local Improvement: 0.0
  Move 7: GUIDED_SWAP_TO_GBEST | Indices: (80, 132) | Local Improvement: 0.0
  Move 8: GUIDED_SWAP_TO_PBEST | Indices: (80, 132) | Local Improvement: 0.0
  Move 9: GUIDED_SWAP_TO_GBEST | Indices: (80, 132) | Local Improvement: 0.0
  Move 10: TRIPLE_SWAP | Indices: (238, 204, 207) | Local Improvement: 0.00019531249999982236
=================================================================================
=================================================================================
2026-01-30T12:38:39.645 | Step 53 | Particle 41 | GLOBAL BEST ACHIEVED!
Global Improvement: 0.0001953125000000444
All moves in this step:
  Move 1: TRIPLE_SWAP | Indices: (32, 165, 118) | Local Improvement: 0.0001953125000000444
=================================================================================
=================================================================================
2026-01-30T12:38:39.889 | Step 53 | Particle 673 | GLOBAL BEST ACHIEVED!
Global Improvement: 0.0005859375000001332
All moves in this step:
  Move 1: TRIPLE_SWAP | Indices: (118, 42, 190) | Local Improvement: 0.0005859375000001332
=================================================================================
=================================================================================
2026-01-30T12:38:43.714 | Step 59 | Particle 545 | GLOBAL BEST ACHIEVED!
Global Improvement: 0.0009375000000000355
All moves in this step:
  Move 1: RANDOM_SWAP | Indices: (150, 190) | Local Improvement: 0.0
=================================================================================
=================================================================================
2026-01-30T12:38:44.842 | Step 61 | Particle 232 | GLOBAL BEST ACHIEVED!
Global Improvement: 9.765624999991118e-5
All moves in this step:
  Move 1: GUIDED_SWAP_TO_PBEST | Indices: (27, 124) | Local Improvement: 0.0
  Move 2: GUIDED_SWAP_TO_PBEST | Indices: (150, 190) | Local Improvement: 0.0
  Move 3: GUIDED_SWAP_TO_PBEST | Indices: (115, 20) | Local Improvement: 0.0
  Move 4: GUIDED_SWAP_TO_PBEST | Indices: (3, 22) | Local Improvement: 0.0
  Move 5: GUIDED_SWAP_TO_GBEST | Indices: (162, 227) | Local Improvement: 0.0
  Move 6: GUIDED_SWAP_TO_GBEST | Indices: (190, 150) | Local Improvement: 0.0
  Move 7: GUIDED_SWAP_TO_GBEST | Indices: (221, 165) | Local Improvement: 0.0
  Move 8: GUIDED_SWAP_TO_PBEST | Indices: (150, 190) | Local Improvement: 0.0
  Move 9: GUIDED_SWAP_TO_GBEST | Indices: (190, 150) | Local Improvement: 0.0
  Move 10: RANDOM_SWAP | Indices: (130, 227) | Local Improvement: 0.0
=================================================================================
