# V3: TRIPLE SWAP KAPALI - Ablation Study
# Started on: 2026-01-21T00:46:16.813

=================================================================================
2026-01-21T00:46:17.528 | Step 1 | Particle 11 | GLOBAL BEST!
Global Improvement: 0.0007877604166666163
  Move 1: RANDOM_SWAP | Indices: (230, 27)
  Move 2: RANDOM_SWAP | Indices: (213, 136)
  Move 3: RANDOM_SWAP | Indices: (60, 40)
=================================================================================
=================================================================================
2026-01-21T00:46:17.546 | Step 1 | Particle 14 | GLOBAL BEST!
Global Improvement: 0.0006315104166667584
  Move 1: RANDOM_SWAP | Indices: (183, 171)
  Move 2: RANDOM_SWAP | Indices: (112, 211)
  Move 3: RANDOM_SWAP | Indices: (19, 91)
  Move 4: RANDOM_SWAP | Indices: (25, 118)
=================================================================================
=================================================================================
2026-01-21T00:46:17.547 | Step 1 | Particle 16 | GLOBAL BEST!
Global Improvement: 0.0016666666666667052
  Move 1: RANDOM_SWAP | Indices: (214, 94)
  Move 2: RANDOM_SWAP | Indices: (236, 125)
  Move 3: RANDOM_SWAP | Indices: (11, 241)
=================================================================================
=================================================================================
2026-01-21T00:46:17.549 | Step 1 | Particle 20 | GLOBAL BEST!
Global Improvement: 0.0009219990079363249
  Move 1: RANDOM_SWAP | Indices: (74, 50)
  Move 2: RANDOM_SWAP | Indices: (159, 241)
  Move 3: RANDOM_SWAP | Indices: (107, 75)
=================================================================================
=================================================================================
2026-01-21T00:46:17.552 | Step 1 | Particle 28 | GLOBAL BEST!
Global Improvement: 0.0028450520833334103
  Move 1: RANDOM_SWAP | Indices: (88, 207)
  Move 2: RANDOM_SWAP | Indices: (20, 195)
  Move 3: RANDOM_SWAP | Indices: (202, 73)
  Move 4: RANDOM_SWAP | Indices: (21, 198)
=================================================================================
=================================================================================
2026-01-21T00:46:17.564 | Step 1 | Particle 60 | GLOBAL BEST!
Global Improvement: 0.003131510416666705
  Move 1: RANDOM_SWAP | Indices: (239, 208)
  Move 2: RANDOM_SWAP | Indices: (50, 216)
=================================================================================
=================================================================================
2026-01-21T00:46:17.974 | Step 2 | Particle 2 | GLOBAL BEST!
Global Improvement: 0.0007356770833333304
  Move 1: GUIDED_SWAP_TO_PBEST | Indices: (2, 221)
  Move 2: GUIDED_SWAP_TO_PBEST | Indices: (76, 155)
  Move 3: GUIDED_SWAP_TO_GBEST | Indices: (50, 216)
  Move 4: GUIDED_SWAP_TO_GBEST | Indices: (208, 239)
  Move 5: GUIDED_SWAP_TO_PBEST | Indices: (216, 50)
  Move 6: GUIDED_SWAP_TO_PBEST | Indices: (208, 239)
  Move 7: GUIDED_SWAP_TO_GBEST | Indices: (239, 208)
  Move 8: GUIDED_SWAP_TO_GBEST | Indices: (216, 50)
  Move 9: RANDOM_SWAP | Indices: (188, 205)
=================================================================================
=================================================================================
2026-01-21T00:46:17.974 | Step 2 | Particle 3 | GLOBAL BEST!
Global Improvement: 0.0011263020833331971
  Move 1: GUIDED_SWAP_TO_GBEST | Indices: (216, 50)
  Move 2: GUIDED_SWAP_TO_GBEST | Indices: (208, 239)
  Move 3: GUIDED_SWAP_TO_PBEST | Indices: (216, 50)
  Move 4: GUIDED_SWAP_TO_PBEST | Indices: (208, 239)
  Move 5: GUIDED_SWAP_TO_GBEST | Indices: (239, 208)
  Move 6: GUIDED_SWAP_TO_GBEST | Indices: (216, 50)
  Move 7: GUIDED_SWAP_TO_PBEST | Indices: (239, 208)
  Move 8: GUIDED_SWAP_TO_PBEST | Indices: (50, 216)
  Move 9: GUIDED_SWAP_TO_GBEST | Indices: (239, 208)
  Move 10: GUIDED_SWAP_TO_GBEST | Indices: (50, 216)
  Move 11: RANDOM_SWAP | Indices: (234, 238)
  Move 12: RANDOM_SWAP | Indices: (212, 47)
=================================================================================
=================================================================================
2026-01-21T00:46:17.981 | Step 2 | Particle 11 | GLOBAL BEST!
Global Improvement: 0.0006901041666667052
  Move 1: GUIDED_SWAP_TO_GBEST | Indices: (230, 27)
  Move 2: GUIDED_SWAP_TO_GBEST | Indices: (239, 208)
  Move 3: GUIDED_SWAP_TO_GBEST | Indices: (213, 136)
  Move 4: GUIDED_SWAP_TO_GBEST | Indices: (50, 216)
  Move 5: GUIDED_SWAP_TO_PBEST | Indices: (230, 27)
  Move 6: GUIDED_SWAP_TO_PBEST | Indices: (208, 239)
  Move 7: GUIDED_SWAP_TO_PBEST | Indices: (216, 50)
  Move 8: GUIDED_SWAP_TO_GBEST | Indices: (208, 239)
  Move 9: GUIDED_SWAP_TO_GBEST | Indices: (27, 230)
  Move 10: GUIDED_SWAP_TO_GBEST | Indices: (40, 60)
  Move 11: GUIDED_SWAP_TO_GBEST | Indices: (50, 216)
  Move 12: GUIDED_SWAP_TO_PBEST | Indices: (216, 50)
  Move 13: GUIDED_SWAP_TO_PBEST | Indices: (136, 213)
  Move 14: GUIDED_SWAP_TO_PBEST | Indices: (208, 239)
  Move 15: GUIDED_SWAP_TO_PBEST | Indices: (230, 27)
  Move 16: GUIDED_SWAP_TO_GBEST | Indices: (216, 50)
  Move 17: GUIDED_SWAP_TO_GBEST | Indices: (239, 208)
  Move 18: GUIDED_SWAP_TO_GBEST | Indices: (136, 213)
=================================================================================
=================================================================================
2026-01-21T00:46:17.982 | Step 2 | Particle 13 | GLOBAL BEST!
Global Improvement: 0.00033854166666680285
  Move 1: GUIDED_SWAP_TO_GBEST | Indices: (239, 208)
  Move 2: GUIDED_SWAP_TO_GBEST | Indices: (216, 50)
  Move 3: GUIDED_SWAP_TO_PBEST | Indices: (208, 239)
  Move 4: GUIDED_SWAP_TO_PBEST | Indices: (216, 50)
  Move 5: GUIDED_SWAP_TO_GBEST | Indices: (208, 239)
  Move 6: GUIDED_SWAP_TO_GBEST | Indices: (50, 216)
  Move 7: RANDOM_SWAP | Indices: (7, 132)
=================================================================================
=================================================================================
2026-01-21T00:46:17.997 | Step 2 | Particle 51 | GLOBAL BEST!
Global Improvement: 0.0011628844246029946
  Move 1: GUIDED_SWAP_TO_GBEST | Indices: (239, 208)
  Move 2: GUIDED_SWAP_TO_GBEST | Indices: (50, 216)
  Move 3: GUIDED_SWAP_TO_GBEST | Indices: (207, 88)
  Move 4: GUIDED_SWAP_TO_GBEST | Indices: (9, 213)
  Move 5: GUIDED_SWAP_TO_PBEST | Indices: (207, 88)
  Move 6: GUIDED_SWAP_TO_PBEST | Indices: (213, 9)
  Move 7: GUIDED_SWAP_TO_PBEST | Indices: (216, 50)
  Move 8: GUIDED_SWAP_TO_GBEST | Indices: (207, 88)
  Move 9: GUIDED_SWAP_TO_GBEST | Indices: (50, 216)
  Move 10: GUIDED_SWAP_TO_GBEST | Indices: (9, 213)
  Move 11: GUIDED_SWAP_TO_PBEST | Indices: (50, 216)
  Move 12: GUIDED_SWAP_TO_PBEST | Indices: (9, 213)
  Move 13: GUIDED_SWAP_TO_PBEST | Indices: (239, 208)
  Move 14: GUIDED_SWAP_TO_GBEST | Indices: (208, 239)
  Move 15: GUIDED_SWAP_TO_GBEST | Indices: (216, 50)
  Move 16: GUIDED_SWAP_TO_GBEST | Indices: (213, 9)
  Move 17: RANDOM_SWAP | Indices: (29, 44)
  Move 18: RANDOM_SWAP | Indices: (88, 233)
=================================================================================
=================================================================================
2026-01-21T00:46:18.026 | Step 2 | Particle 126 | GLOBAL BEST!
Global Improvement: 0.0019140625000000355
  Move 1: GUIDED_SWAP_TO_GBEST | Indices: (216, 50)
  Move 2: GUIDED_SWAP_TO_GBEST | Indices: (239, 208)
  Move 3: GUIDED_SWAP_TO_PBEST | Indices: (239, 208)
  Move 4: GUIDED_SWAP_TO_PBEST | Indices: (50, 216)
  Move 5: GUIDED_SWAP_TO_GBEST | Indices: (208, 239)
  Move 6: GUIDED_SWAP_TO_GBEST | Indices: (50, 216)
  Move 7: RANDOM_SWAP | Indices: (110, 137)
  Move 8: RANDOM_SWAP | Indices: (196, 41)
  Move 9: RANDOM_SWAP | Indices: (241, 210)
  Move 10: RANDOM_SWAP | Indices: (152, 140)
=================================================================================
=================================================================================
2026-01-21T00:46:18.033 | Step 2 | Particle 145 | GLOBAL BEST!
Global Improvement: 0.00024739583333333037
  Move 1: GUIDED_SWAP_TO_GBEST | Indices: (216, 50)
  Move 2: GUIDED_SWAP_TO_GBEST | Indices: (239, 208)
  Move 3: GUIDED_SWAP_TO_PBEST | Indices: (216, 50)
  Move 4: GUIDED_SWAP_TO_PBEST | Indices: (239, 208)
  Move 5: GUIDED_SWAP_TO_GBEST | Indices: (50, 216)
  Move 6: GUIDED_SWAP_TO_GBEST | Indices: (239, 208)
  Move 7: RANDOM_SWAP | Indices: (175, 145)
  Move 8: RANDOM_SWAP | Indices: (104, 238)
  Move 9: RANDOM_SWAP | Indices: (71, 220)
=================================================================================
=================================================================================
2026-01-21T00:46:19.067 | Step 3 | Particle 4 | GLOBAL BEST!
Global Improvement: 0.0010742187500001332
  Move 1: GUIDED_SWAP_TO_GBEST | Indices: (104, 238)
  Move 2: GUIDED_SWAP_TO_GBEST | Indices: (175, 145)
  Move 3: GUIDED_SWAP_TO_GBEST | Indices: (50, 216)
  Move 4: GUIDED_SWAP_TO_GBEST | Indices: (117, 231)
  Move 5: GUIDED_SWAP_TO_PBEST | Indices: (231, 117)
  Move 6: GUIDED_SWAP_TO_PBEST | Indices: (175, 145)
  Move 7: GUIDED_SWAP_TO_PBEST | Indices: (238, 104)
  Move 8: GUIDED_SWAP_TO_GBEST | Indices: (71, 220)
  Move 9: GUIDED_SWAP_TO_GBEST | Indices: (117, 231)
  Move 10: GUIDED_SWAP_TO_GBEST | Indices: (238, 104)
  Move 11: GUIDED_SWAP_TO_GBEST | Indices: (4, 1)
  Move 12: GUIDED_SWAP_TO_GBEST | Indices: (158, 42)
  Move 13: GUIDED_SWAP_TO_GBEST | Indices: (162, 220)
  Move 14: GUIDED_SWAP_TO_GBEST | Indices: (208, 239)
  Move 15: GUIDED_SWAP_TO_GBEST | Indices: (145, 175)
  Move 16: RANDOM_SWAP | Indices: (62, 120)
  Move 17: RANDOM_SWAP | Indices: (156, 184)
=================================================================================
=================================================================================
2026-01-21T00:46:19.080 | Step 3 | Particle 36 | GLOBAL BEST!
Global Improvement: 0.0003906249999998668
  Move 1: GUIDED_SWAP_TO_PBEST | Indices: (239, 208)
  Move 2: GUIDED_SWAP_TO_PBEST | Indices: (57, 234)
  Move 3: GUIDED_SWAP_TO_PBEST | Indices: (68, 53)
  Move 4: GUIDED_SWAP_TO_PBEST | Indices: (122, 64)
  Move 5: GUIDED_SWAP_TO_GBEST | Indices: (234, 57)
  Move 6: GUIDED_SWAP_TO_GBEST | Indices: (126, 167)
  Move 7: GUIDED_SWAP_TO_GBEST | Indices: (208, 239)
  Move 8: GUIDED_SWAP_TO_GBEST | Indices: (145, 175)
  Move 9: GUIDED_SWAP_TO_GBEST | Indices: (71, 220)
  Move 10: GUIDED_SWAP_TO_GBEST | Indices: (216, 50)
  Move 11: GUIDED_SWAP_TO_GBEST | Indices: (238, 104)
  Move 12: GUIDED_SWAP_TO_GBEST | Indices: (68, 53)
  Move 13: RANDOM_SWAP | Indices: (18, 60)
  Move 14: RANDOM_SWAP | Indices: (63, 6)
  Move 15: RANDOM_SWAP | Indices: (109, 141)
  Move 16: RANDOM_SWAP | Indices: (62, 71)
  Move 17: RANDOM_SWAP | Indices: (189, 57)
=================================================================================
=================================================================================
2026-01-21T00:46:19.082 | Step 3 | Particle 41 | GLOBAL BEST!
Global Improvement: 0.00010416666666679397
  Move 1: GUIDED_SWAP_TO_GBEST | Indices: (150, 76)
  Move 2: GUIDED_SWAP_TO_GBEST | Indices: (230, 189)
  Move 3: GUIDED_SWAP_TO_GBEST | Indices: (71, 220)
  Move 4: GUIDED_SWAP_TO_GBEST | Indices: (145, 175)
  Move 5: GUIDED_SWAP_TO_PBEST | Indices: (71, 220)
  Move 6: GUIDED_SWAP_TO_PBEST | Indices: (175, 145)
  Move 7: GUIDED_SWAP_TO_PBEST | Indices: (150, 76)
  Move 8: GUIDED_SWAP_TO_PBEST | Indices: (189, 230)
  Move 9: GUIDED_SWAP_TO_GBEST | Indices: (50, 216)
  Move 10: GUIDED_SWAP_TO_GBEST | Indices: (238, 104)
  Move 11: GUIDED_SWAP_TO_GBEST | Indices: (230, 189)
  Move 12: GUIDED_SWAP_TO_GBEST | Indices: (145, 175)
  Move 13: GUIDED_SWAP_TO_GBEST | Indices: (249, 20)
  Move 14: GUIDED_SWAP_TO_GBEST | Indices: (76, 150)
  Move 15: GUIDED_SWAP_TO_GBEST | Indices: (14, 71)
  Move 16: GUIDED_SWAP_TO_GBEST | Indices: (220, 71)
  Move 17: RANDOM_SWAP | Indices: (33, 136)
  Move 18: RANDOM_SWAP | Indices: (106, 146)
  Move 19: RANDOM_SWAP | Indices: (78, 70)
  Move 20: RANDOM_SWAP | Indices: (157, 250)
=================================================================================
=================================================================================
2026-01-21T00:46:19.090 | Step 3 | Particle 63 | GLOBAL BEST!
Global Improvement: 0.0013761780753966946
  Move 1: GUIDED_SWAP_TO_GBEST | Indices: (28, 157)
  Move 2: GUIDED_SWAP_TO_GBEST | Indices: (71, 220)
  Move 3: GUIDED_SWAP_TO_GBEST | Indices: (92, 189)
  Move 4: GUIDED_SWAP_TO_GBEST | Indices: (104, 238)
  Move 5: GUIDED_SWAP_TO_GBEST | Indices: (65, 19)
  Move 6: GUIDED_SWAP_TO_GBEST | Indices: (174, 216)
  Move 7: GUIDED_SWAP_TO_GBEST | Indices: (175, 145)
  Move 8: GUIDED_SWAP_TO_PBEST | Indices: (92, 189)
  Move 9: GUIDED_SWAP_TO_PBEST | Indices: (157, 28)
  Move 10: GUIDED_SWAP_TO_PBEST | Indices: (216, 174)
  Move 11: RANDOM_SWAP | Indices: (86, 66)
  Move 12: RANDOM_SWAP | Indices: (142, 216)
  Move 13: RANDOM_SWAP | Indices: (217, 169)
=================================================================================
=================================================================================
2026-01-21T00:46:19.787 | Step 4 | Particle 4 | GLOBAL BEST!
Global Improvement: 0.0013736979166667496
  Move 1: GUIDED_SWAP_TO_GBEST | Indices: (92, 189)
  Move 2: GUIDED_SWAP_TO_GBEST | Indices: (142, 174)
  Move 3: GUIDED_SWAP_TO_GBEST | Indices: (169, 217)
  Move 4: GUIDED_SWAP_TO_GBEST | Indices: (28, 157)
  Move 5: GUIDED_SWAP_TO_GBEST | Indices: (86, 66)
  Move 6: GUIDED_SWAP_TO_PBEST | Indices: (169, 217)
  Move 7: GUIDED_SWAP_TO_PBEST | Indices: (174, 142)
  Move 8: GUIDED_SWAP_TO_PBEST | Indices: (66, 86)
  Move 9: GUIDED_SWAP_TO_PBEST | Indices: (157, 28)
  Move 10: GUIDED_SWAP_TO_PBEST | Indices: (189, 92)
  Move 11: GUIDED_SWAP_TO_GBEST | Indices: (169, 217)
  Move 12: GUIDED_SWAP_TO_GBEST | Indices: (142, 174)
  Move 13: GUIDED_SWAP_TO_GBEST | Indices: (120, 62)
  Move 14: GUIDED_SWAP_TO_GBEST | Indices: (28, 157)
  Move 15: GUIDED_SWAP_TO_GBEST | Indices: (92, 189)
  Move 16: GUIDED_SWAP_TO_GBEST | Indices: (184, 156)
  Move 17: GUIDED_SWAP_TO_GBEST | Indices: (66, 86)
  Move 18: GUIDED_SWAP_TO_GBEST | Indices: (174, 216)
  Move 19: RANDOM_SWAP | Indices: (30, 134)
=================================================================================
=================================================================================
2026-01-21T00:46:19.790 | Step 4 | Particle 13 | GLOBAL BEST!
Global Improvement: 0.001410280257936547
  Move 1: GUIDED_SWAP_TO_GBEST | Indices: (141, 27)
  Move 2: GUIDED_SWAP_TO_GBEST | Indices: (142, 174)
  Move 3: GUIDED_SWAP_TO_GBEST | Indices: (174, 216)
  Move 4: GUIDED_SWAP_TO_GBEST | Indices: (86, 66)
  Move 5: GUIDED_SWAP_TO_GBEST | Indices: (175, 145)
  Move 6: GUIDED_SWAP_TO_PBEST | Indices: (175, 145)
  Move 7: GUIDED_SWAP_TO_PBEST | Indices: (66, 86)
  Move 8: GUIDED_SWAP_TO_PBEST | Indices: (141, 27)
  Move 9: GUIDED_SWAP_TO_PBEST | Indices: (216, 174)
  Move 10: GUIDED_SWAP_TO_PBEST | Indices: (174, 142)
  Move 11: GUIDED_SWAP_TO_GBEST | Indices: (145, 175)
  Move 12: GUIDED_SWAP_TO_GBEST | Indices: (141, 27)
  Move 13: GUIDED_SWAP_TO_GBEST | Indices: (92, 189)
  Move 14: GUIDED_SWAP_TO_GBEST | Indices: (1, 97)
  Move 15: GUIDED_SWAP_TO_GBEST | Indices: (238, 104)
  Move 16: RANDOM_SWAP | Indices: (147, 247)
  Move 17: RANDOM_SWAP | Indices: (35, 146)
=================================================================================
=================================================================================
2026-01-21T00:46:19.870 | Step 5 | Particle 12 | GLOBAL BEST!
Global Improvement: 0.0003906249999998668
  Move 1: GUIDED_SWAP_TO_GBEST | Indices: (35, 146)
  Move 2: GUIDED_SWAP_TO_GBEST | Indices: (235, 76)
  Move 3: GUIDED_SWAP_TO_GBEST | Indices: (66, 86)
  Move 4: GUIDED_SWAP_TO_GBEST | Indices: (30, 217)
  Move 5: GUIDED_SWAP_TO_GBEST | Indices: (132, 7)
  Move 6: GUIDED_SWAP_TO_GBEST | Indices: (247, 147)
  Move 7: GUIDED_SWAP_TO_GBEST | Indices: (28, 157)
  Move 8: GUIDED_SWAP_TO_PBEST | Indices: (35, 146)
  Move 9: GUIDED_SWAP_TO_PBEST | Indices: (66, 86)
  Move 10: GUIDED_SWAP_TO_PBEST | Indices: (30, 217)
  Move 11: GUIDED_SWAP_TO_PBEST | Indices: (235, 76)
  Move 12: GUIDED_SWAP_TO_GBEST | Indices: (66, 86)
  Move 13: GUIDED_SWAP_TO_GBEST | Indices: (76, 235)
  Move 14: GUIDED_SWAP_TO_GBEST | Indices: (37, 51)
  Move 15: GUIDED_SWAP_TO_GBEST | Indices: (217, 30)
=================================================================================
=================================================================================
2026-01-21T00:46:19.871 | Step 5 | Particle 13 | GLOBAL BEST!
Global Improvement: 0.0008333333333334636
  Move 1: RANDOM_SWAP | Indices: (250, 14)
  Move 2: RANDOM_SWAP | Indices: (143, 149)
  Move 3: RANDOM_SWAP | Indices: (174, 119)
  Move 4: RANDOM_SWAP | Indices: (54, 225)
  Move 5: RANDOM_SWAP | Indices: (151, 182)
=================================================================================
=================================================================================
2026-01-21T00:46:19.903 | Step 5 | Particle 96 | GLOBAL BEST!
Global Improvement: 0.00010416666666657193
  Move 1: GUIDED_SWAP_TO_GBEST | Indices: (66, 86)
  Move 2: GUIDED_SWAP_TO_GBEST | Indices: (147, 247)
  Move 3: GUIDED_SWAP_TO_GBEST | Indices: (146, 35)
  Move 4: GUIDED_SWAP_TO_GBEST | Indices: (132, 7)
  Move 5: GUIDED_SWAP_TO_GBEST | Indices: (51, 37)
  Move 6: GUIDED_SWAP_TO_PBEST | Indices: (51, 37)
  Move 7: GUIDED_SWAP_TO_PBEST | Indices: (35, 146)
  Move 8: GUIDED_SWAP_TO_PBEST | Indices: (147, 247)
  Move 9: GUIDED_SWAP_TO_GBEST | Indices: (217, 30)
  Move 10: GUIDED_SWAP_TO_GBEST | Indices: (35, 146)
  Move 11: GUIDED_SWAP_TO_GBEST | Indices: (235, 76)
  Move 12: GUIDED_SWAP_TO_GBEST | Indices: (242, 216)
  Move 13: GUIDED_SWAP_TO_PBEST | Indices: (7, 132)
  Move 14: GUIDED_SWAP_TO_PBEST | Indices: (86, 66)
  Move 15: GUIDED_SWAP_TO_PBEST | Indices: (216, 242)
  Move 16: GUIDED_SWAP_TO_PBEST | Indices: (30, 217)
  Move 17: GUIDED_SWAP_TO_PBEST | Indices: (146, 35)
  Move 18: GUIDED_SWAP_TO_GBEST | Indices: (147, 247)
  Move 19: GUIDED_SWAP_TO_GBEST | Indices: (132, 7)
  Move 20: GUIDED_SWAP_TO_GBEST | Indices: (242, 216)
  Move 21: GUIDED_SWAP_TO_GBEST | Indices: (37, 51)
  Move 22: RANDOM_SWAP | Indices: (181, 219)
  Move 23: RANDOM_SWAP | Indices: (22, 246)
  Move 24: RANDOM_SWAP | Indices: (4, 234)
=================================================================================
=================================================================================
2026-01-21T00:46:19.966 | Step 6 | Particle 54 | GLOBAL BEST!
Global Improvement: 0.0018098958333334636
  Move 1: GUIDED_SWAP_TO_PBEST | Indices: (66, 86)
  Move 2: GUIDED_SWAP_TO_PBEST | Indices: (30, 169)
  Move 3: GUIDED_SWAP_TO_PBEST | Indices: (174, 216)
  Move 4: GUIDED_SWAP_TO_PBEST | Indices: (146, 35)
  Move 5: GUIDED_SWAP_TO_PBEST | Indices: (28, 157)
  Move 6: GUIDED_SWAP_TO_GBEST | Indices: (22, 246)
  Move 7: GUIDED_SWAP_TO_GBEST | Indices: (247, 147)
  Move 8: GUIDED_SWAP_TO_GBEST | Indices: (132, 7)
  Move 9: GUIDED_SWAP_TO_GBEST | Indices: (219, 181)
  Move 10: GUIDED_SWAP_TO_GBEST | Indices: (216, 174)
  Move 11: GUIDED_SWAP_TO_GBEST | Indices: (76, 235)
  Move 12: GUIDED_SWAP_TO_GBEST | Indices: (234, 4)
  Move 13: GUIDED_SWAP_TO_GBEST | Indices: (217, 169)
  Move 14: GUIDED_SWAP_TO_PBEST | Indices: (246, 22)
  Move 15: GUIDED_SWAP_TO_PBEST | Indices: (169, 217)
  Move 16: GUIDED_SWAP_TO_PBEST | Indices: (142, 174)
  Move 17: GUIDED_SWAP_TO_PBEST | Indices: (132, 7)
  Move 18: GUIDED_SWAP_TO_PBEST | Indices: (216, 174)
  Move 19: GUIDED_SWAP_TO_GBEST | Indices: (7, 132)
  Move 20: GUIDED_SWAP_TO_GBEST | Indices: (216, 174)
  Move 21: GUIDED_SWAP_TO_GBEST | Indices: (51, 37)
  Move 22: GUIDED_SWAP_TO_GBEST | Indices: (217, 169)
  Move 23: GUIDED_SWAP_TO_GBEST | Indices: (174, 142)
  Move 24: RANDOM_SWAP | Indices: (251, 217)
  Move 25: RANDOM_SWAP | Indices: (244, 188)
  Move 26: RANDOM_SWAP | Indices: (224, 91)
  Move 27: RANDOM_SWAP | Indices: (48, 22)
  Move 28: RANDOM_SWAP | Indices: (36, 87)
=================================================================================
=================================================================================
2026-01-21T00:46:19.978 | Step 6 | Particle 84 | GLOBAL BEST!
Global Improvement: 0.002695312499999991
  Move 1: GUIDED_SWAP_TO_GBEST | Indices: (22, 246)
  Move 2: GUIDED_SWAP_TO_GBEST | Indices: (4, 234)
  Move 3: GUIDED_SWAP_TO_GBEST | Indices: (181, 219)
  Move 4: GUIDED_SWAP_TO_GBEST | Indices: (213, 21)
  Move 5: GUIDED_SWAP_TO_PBEST | Indices: (213, 21)
  Move 6: GUIDED_SWAP_TO_PBEST | Indices: (181, 219)
  Move 7: GUIDED_SWAP_TO_PBEST | Indices: (234, 4)
  Move 8: GUIDED_SWAP_TO_GBEST | Indices: (4, 234)
  Move 9: GUIDED_SWAP_TO_GBEST | Indices: (21, 213)
  Move 10: GUIDED_SWAP_TO_GBEST | Indices: (66, 86)
  Move 11: GUIDED_SWAP_TO_GBEST | Indices: (109, 205)
  Move 12: GUIDED_SWAP_TO_GBEST | Indices: (68, 208)
  Move 13: GUIDED_SWAP_TO_PBEST | Indices: (208, 68)
  Move 14: GUIDED_SWAP_TO_PBEST | Indices: (213, 21)
  Move 15: GUIDED_SWAP_TO_PBEST | Indices: (66, 86)
  Move 16: GUIDED_SWAP_TO_PBEST | Indices: (246, 22)
  Move 17: GUIDED_SWAP_TO_GBEST | Indices: (35, 146)
  Move 18: GUIDED_SWAP_TO_GBEST | Indices: (66, 86)
  Move 19: GUIDED_SWAP_TO_GBEST | Indices: (246, 22)
  Move 20: GUIDED_SWAP_TO_GBEST | Indices: (132, 7)
  Move 21: GUIDED_SWAP_TO_GBEST | Indices: (213, 21)
=================================================================================
=================================================================================
2026-01-21T00:46:20.047 | Step 7 | Particle 55 | GLOBAL BEST!
Global Improvement: 0.00035404265873006935
  Move 1: GUIDED_SWAP_TO_PBEST | Indices: (28, 157)
  Move 2: GUIDED_SWAP_TO_PBEST | Indices: (217, 30)
  Move 3: GUIDED_SWAP_TO_PBEST | Indices: (146, 35)
  Move 4: GUIDED_SWAP_TO_PBEST | Indices: (132, 7)
  Move 5: GUIDED_SWAP_TO_GBEST | Indices: (4, 234)
  Move 6: GUIDED_SWAP_TO_GBEST | Indices: (66, 86)
  Move 7: GUIDED_SWAP_TO_GBEST | Indices: (157, 28)
  Move 8: GUIDED_SWAP_TO_GBEST | Indices: (146, 35)
  Move 9: GUIDED_SWAP_TO_PBEST | Indices: (86, 66)
  Move 10: GUIDED_SWAP_TO_PBEST | Indices: (28, 157)
  Move 11: GUIDED_SWAP_TO_PBEST | Indices: (234, 4)
  Move 12: GUIDED_SWAP_TO_GBEST | Indices: (157, 28)
  Move 13: GUIDED_SWAP_TO_GBEST | Indices: (22, 246)
  Move 14: GUIDED_SWAP_TO_GBEST | Indices: (86, 66)
  Move 15: GUIDED_SWAP_TO_GBEST | Indices: (68, 208)
  Move 16: GUIDED_SWAP_TO_GBEST | Indices: (234, 4)
  Move 17: GUIDED_SWAP_TO_GBEST | Indices: (132, 7)
  Move 18: RANDOM_SWAP | Indices: (4, 251)
  Move 19: RANDOM_SWAP | Indices: (156, 17)
  Move 20: RANDOM_SWAP | Indices: (128, 78)
  Move 21: RANDOM_SWAP | Indices: (21, 146)
=================================================================================
=================================================================================
2026-01-21T00:46:20.047 | Step 7 | Particle 56 | GLOBAL BEST!
Global Improvement: 0.0016055927579365914
  Move 1: GUIDED_SWAP_TO_GBEST | Indices: (218, 227)
  Move 2: GUIDED_SWAP_TO_GBEST | Indices: (247, 147)
  Move 3: GUIDED_SWAP_TO_GBEST | Indices: (117, 228)
  Move 4: GUIDED_SWAP_TO_GBEST | Indices: (43, 205)
  Move 5: GUIDED_SWAP_TO_GBEST | Indices: (88, 249)
  Move 6: GUIDED_SWAP_TO_GBEST | Indices: (7, 132)
  Move 7: GUIDED_SWAP_TO_GBEST | Indices: (92, 189)
  Move 8: GUIDED_SWAP_TO_GBEST | Indices: (197, 205)
  Move 9: GUIDED_SWAP_TO_GBEST | Indices: (208, 68)
  Move 10: GUIDED_SWAP_TO_PBEST | Indices: (249, 88)
  Move 11: GUIDED_SWAP_TO_PBEST | Indices: (117, 228)
  Move 12: GUIDED_SWAP_TO_PBEST | Indices: (247, 147)
  Move 13: GUIDED_SWAP_TO_GBEST | Indices: (217, 30)
  Move 14: GUIDED_SWAP_TO_GBEST | Indices: (114, 2)
  Move 15: GUIDED_SWAP_TO_GBEST | Indices: (147, 247)
  Move 16: GUIDED_SWAP_TO_GBEST | Indices: (249, 88)
=================================================================================
=================================================================================
2026-01-21T00:46:20.558 | Step 8 | Particle 33 | GLOBAL BEST!
Global Improvement: 0.00024739583333333037
  Move 1: GUIDED_SWAP_TO_GBEST | Indices: (188, 98)
  Move 2: GUIDED_SWAP_TO_GBEST | Indices: (147, 247)
  Move 3: GUIDED_SWAP_TO_GBEST | Indices: (126, 34)
  Move 4: GUIDED_SWAP_TO_GBEST | Indices: (228, 117)
  Move 5: GUIDED_SWAP_TO_GBEST | Indices: (51, 37)
  Move 6: GUIDED_SWAP_TO_GBEST | Indices: (66, 86)
  Move 7: GUIDED_SWAP_TO_PBEST | Indices: (37, 51)
  Move 8: GUIDED_SWAP_TO_PBEST | Indices: (34, 126)
  Move 9: GUIDED_SWAP_TO_PBEST | Indices: (147, 247)
  Move 10: GUIDED_SWAP_TO_PBEST | Indices: (117, 228)
  Move 11: GUIDED_SWAP_TO_PBEST | Indices: (98, 188)
  Move 12: GUIDED_SWAP_TO_GBEST | Indices: (37, 51)
  Move 13: GUIDED_SWAP_TO_GBEST | Indices: (247, 147)
  Move 14: GUIDED_SWAP_TO_GBEST | Indices: (117, 228)
=================================================================================
=================================================================================
2026-01-21T00:46:20.567 | Step 8 | Particle 55 | GLOBAL BEST!
Global Improvement: 0.0006835937499998224
  Move 1: GUIDED_SWAP_TO_GBEST | Indices: (228, 117)
  Move 2: GUIDED_SWAP_TO_GBEST | Indices: (78, 128)
  Move 3: GUIDED_SWAP_TO_GBEST | Indices: (17, 156)
  Move 4: GUIDED_SWAP_TO_GBEST | Indices: (4, 251)
  Move 5: GUIDED_SWAP_TO_PBEST | Indices: (228, 117)
  Move 6: GUIDED_SWAP_TO_PBEST | Indices: (156, 17)
  Move 7: GUIDED_SWAP_TO_PBEST | Indices: (251, 4)
  Move 8: GUIDED_SWAP_TO_PBEST | Indices: (128, 78)
  Move 9: GUIDED_SWAP_TO_GBEST | Indices: (78, 128)
  Move 10: GUIDED_SWAP_TO_GBEST | Indices: (17, 156)
  Move 11: GUIDED_SWAP_TO_GBEST | Indices: (228, 117)
  Move 12: GUIDED_SWAP_TO_GBEST | Indices: (146, 21)
=================================================================================
=================================================================================
2026-01-21T00:46:20.647 | Step 9 | Particle 54 | GLOBAL BEST!
Global Improvement: 0.0007356770833335524
  Move 1: GUIDED_SWAP_TO_GBEST | Indices: (224, 91)
  Move 2: GUIDED_SWAP_TO_GBEST | Indices: (219, 181)
  Move 3: GUIDED_SWAP_TO_GBEST | Indices: (188, 244)
  Move 4: GUIDED_SWAP_TO_GBEST | Indices: (48, 22)
  Move 5: GUIDED_SWAP_TO_PBEST | Indices: (22, 48)
  Move 6: GUIDED_SWAP_TO_PBEST | Indices: (91, 224)
  Move 7: GUIDED_SWAP_TO_PBEST | Indices: (244, 188)
  Move 8: GUIDED_SWAP_TO_GBEST | Indices: (224, 91)
  Move 9: GUIDED_SWAP_TO_GBEST | Indices: (188, 244)
  Move 10: GUIDED_SWAP_TO_GBEST | Indices: (22, 48)
  Move 11: GUIDED_SWAP_TO_PBEST | Indices: (48, 22)
  Move 12: GUIDED_SWAP_TO_PBEST | Indices: (224, 91)
  Move 13: GUIDED_SWAP_TO_PBEST | Indices: (244, 188)
  Move 14: GUIDED_SWAP_TO_GBEST | Indices: (30, 251)
  Move 15: GUIDED_SWAP_TO_GBEST | Indices: (244, 188)
  Move 16: GUIDED_SWAP_TO_GBEST | Indices: (251, 4)
  Move 17: GUIDED_SWAP_TO_GBEST | Indices: (217, 4)
  Move 18: GUIDED_SWAP_TO_GBEST | Indices: (22, 48)
=================================================================================
=================================================================================
2026-01-21T00:46:20.794 | Step 10 | Particle 15 | GLOBAL BEST!
Global Improvement: 0.0017643229166666163
  Move 1: GUIDED_SWAP_TO_GBEST | Indices: (224, 91)
  Move 2: GUIDED_SWAP_TO_GBEST | Indices: (172, 190)
  Move 3: GUIDED_SWAP_TO_GBEST | Indices: (76, 235)
  Move 4: GUIDED_SWAP_TO_GBEST | Indices: (58, 23)
  Move 5: GUIDED_SWAP_TO_GBEST | Indices: (174, 142)
  Move 6: GUIDED_SWAP_TO_GBEST | Indices: (217, 169)
  Move 7: GUIDED_SWAP_TO_GBEST | Indices: (142, 216)
  Move 8: GUIDED_SWAP_TO_GBEST | Indices: (6, 111)
  Move 9: RANDOM_SWAP | Indices: (93, 5)
=================================================================================
=================================================================================
2026-01-21T00:46:20.945 | Step 11 | Particle 200 | GLOBAL BEST!
Global Improvement: 0.000540364583333286
  Move 1: GUIDED_SWAP_TO_PBEST | Indices: (94, 21)
  Move 2: GUIDED_SWAP_TO_PBEST | Indices: (29, 185)
  Move 3: GUIDED_SWAP_TO_PBEST | Indices: (91, 224)
  Move 4: GUIDED_SWAP_TO_PBEST | Indices: (169, 217)
  Move 5: GUIDED_SWAP_TO_PBEST | Indices: (228, 117)
  Move 6: GUIDED_SWAP_TO_GBEST | Indices: (117, 228)
  Move 7: GUIDED_SWAP_TO_GBEST | Indices: (21, 94)
  Move 8: GUIDED_SWAP_TO_GBEST | Indices: (5, 93)
  Move 9: GUIDED_SWAP_TO_GBEST | Indices: (174, 43)
  Move 10: GUIDED_SWAP_TO_PBEST | Indices: (51, 196)
  Move 11: GUIDED_SWAP_TO_PBEST | Indices: (228, 117)
  Move 12: GUIDED_SWAP_TO_PBEST | Indices: (21, 94)
  Move 13: GUIDED_SWAP_TO_PBEST | Indices: (5, 93)
  Move 14: GUIDED_SWAP_TO_GBEST | Indices: (94, 21)
  Move 15: GUIDED_SWAP_TO_GBEST | Indices: (148, 6)
  Move 16: GUIDED_SWAP_TO_GBEST | Indices: (5, 93)
  Move 17: GUIDED_SWAP_TO_GBEST | Indices: (117, 228)
  Move 18: GUIDED_SWAP_TO_GBEST | Indices: (169, 217)
  Move 19: GUIDED_SWAP_TO_PBEST | Indices: (93, 5)
  Move 20: GUIDED_SWAP_TO_PBEST | Indices: (235, 126)
  Move 21: GUIDED_SWAP_TO_PBEST | Indices: (36, 6)
  Move 22: GUIDED_SWAP_TO_PBEST | Indices: (228, 117)
  Move 23: GUIDED_SWAP_TO_GBEST | Indices: (4, 251)
  Move 24: GUIDED_SWAP_TO_GBEST | Indices: (5, 93)
  Move 25: GUIDED_SWAP_TO_GBEST | Indices: (117, 228)
  Move 26: GUIDED_SWAP_TO_GBEST | Indices: (91, 224)
=================================================================================
=================================================================================
2026-01-21T00:46:20.953 | Step 12 | Particle 14 | GLOBAL BEST!
Global Improvement: 9.765624999991118e-5
  Move 1: GUIDED_SWAP_TO_PBEST | Indices: (93, 5)
  Move 2: GUIDED_SWAP_TO_PBEST | Indices: (135, 56)
  Move 3: GUIDED_SWAP_TO_PBEST | Indices: (73, 158)
  Move 4: GUIDED_SWAP_TO_PBEST | Indices: (238, 139)
  Move 5: GUIDED_SWAP_TO_GBEST | Indices: (185, 29)
  Move 6: GUIDED_SWAP_TO_GBEST | Indices: (235, 126)
  Move 7: GUIDED_SWAP_TO_GBEST | Indices: (24, 8)
  Move 8: GUIDED_SWAP_TO_GBEST | Indices: (93, 5)
  Move 9: GUIDED_SWAP_TO_PBEST | Indices: (235, 126)
  Move 10: GUIDED_SWAP_TO_PBEST | Indices: (29, 185)
  Move 11: GUIDED_SWAP_TO_PBEST | Indices: (93, 5)
  Move 12: GUIDED_SWAP_TO_GBEST | Indices: (29, 185)
  Move 13: GUIDED_SWAP_TO_GBEST | Indices: (93, 5)
  Move 14: GUIDED_SWAP_TO_GBEST | Indices: (235, 126)
=================================================================================
=================================================================================
2026-01-21T00:46:21.160 | Step 14 | Particle 150 | GLOBAL BEST!
Global Improvement: 9.765625000013323e-5
  Move 1: RANDOM_SWAP | Indices: (237, 21)
=================================================================================
=================================================================================
2026-01-21T00:46:21.447 | Step 18 | Particle 96 | GLOBAL BEST!
Global Improvement: 0.0006380208333331971
  Move 1: GUIDED_SWAP_TO_PBEST | Indices: (210, 132)
  Move 2: GUIDED_SWAP_TO_PBEST | Indices: (178, 151)
  Move 3: GUIDED_SWAP_TO_PBEST | Indices: (150, 116)
  Move 4: RANDOM_SWAP | Indices: (187, 231)
  Move 5: RANDOM_SWAP | Indices: (105, 154)
=================================================================================
=================================================================================
2026-01-21T00:46:21.500 | Step 19 | Particle 28 | GLOBAL BEST!
Global Improvement: 0.0001953125000000444
  Move 1: GUIDED_SWAP_TO_GBEST | Indices: (231, 187)
  Move 2: GUIDED_SWAP_TO_GBEST | Indices: (154, 105)
  Move 3: GUIDED_SWAP_TO_PBEST | Indices: (187, 231)
  Move 4: GUIDED_SWAP_TO_PBEST | Indices: (105, 154)
  Move 5: GUIDED_SWAP_TO_GBEST | Indices: (231, 187)
  Move 6: GUIDED_SWAP_TO_GBEST | Indices: (105, 154)
  Move 7: GUIDED_SWAP_TO_PBEST | Indices: (187, 231)
  Move 8: GUIDED_SWAP_TO_PBEST | Indices: (154, 105)
  Move 9: GUIDED_SWAP_TO_GBEST | Indices: (105, 154)
  Move 10: GUIDED_SWAP_TO_GBEST | Indices: (231, 187)
  Move 11: RANDOM_SWAP | Indices: (204, 202)
=================================================================================
=================================================================================
2026-01-21T00:46:22.056 | Step 26 | Particle 70 | GLOBAL BEST!
Global Improvement: 9.765624999991118e-5
  Move 1: GUIDED_SWAP_TO_PBEST | Indices: (14, 147)
  Move 2: RANDOM_SWAP | Indices: (164, 195)
  Move 3: RANDOM_SWAP | Indices: (199, 121)
=================================================================================
=================================================================================
2026-01-21T00:46:22.746 | Step 34 | Particle 165 | GLOBAL BEST!
Global Improvement: 0.000540364583333508
  Move 1: RANDOM_SWAP | Indices: (153, 152)
=================================================================================
=================================================================================
2026-01-21T00:46:22.943 | Step 37 | Particle 73 | GLOBAL BEST!
Global Improvement: 0.0009309895833333748
  Move 1: RANDOM_SWAP | Indices: (94, 189)
=================================================================================
=================================================================================
2026-01-21T00:46:24.523 | Step 44 | Particle 200 | GLOBAL BEST!
Global Improvement: 0.00019531249999982236
  Move 1: RANDOM_SWAP | Indices: (58, 130)
=================================================================================
=================================================================================
2026-01-21T00:46:25.745 | Step 59 | Particle 125 | GLOBAL BEST!
Global Improvement: 0.0008333333333334636
  Move 1: RANDOM_SWAP | Indices: (248, 100)
=================================================================================
=================================================================================
2026-01-21T00:46:26.128 | Step 64 | Particle 117 | GLOBAL BEST!
Global Improvement: 0.0008333333333332416
  Move 1: RANDOM_SWAP | Indices: (54, 58)
  Move 2: RANDOM_SWAP | Indices: (49, 64)
=================================================================================
=================================================================================
2026-01-21T00:46:27.045 | Step 76 | Particle 88 | GLOBAL BEST!
Global Improvement: 0.0008333333333332416
  Move 1: GUIDED_SWAP_TO_GBEST | Indices: (113, 101)
  Move 2: GUIDED_SWAP_TO_GBEST | Indices: (41, 100)
  Move 3: GUIDED_SWAP_TO_GBEST | Indices: (34, 115)
  Move 4: GUIDED_SWAP_TO_GBEST | Indices: (249, 172)
  Move 5: GUIDED_SWAP_TO_PBEST | Indices: (136, 105)
  Move 6: RANDOM_SWAP | Indices: (84, 62)
=================================================================================
=================================================================================
2026-01-21T00:46:30.664 | Step 119 | Particle 121 | GLOBAL BEST!
Global Improvement: 0.0004427083333333748
  Move 1: GUIDED_SWAP_TO_PBEST | Indices: (105, 247)
  Move 2: GUIDED_SWAP_TO_PBEST | Indices: (223, 29)
  Move 3: GUIDED_SWAP_TO_PBEST | Indices: (23, 151)
  Move 4: GUIDED_SWAP_TO_PBEST | Indices: (10, 125)
  Move 5: RANDOM_SWAP | Indices: (162, 97)
=================================================================================
=================================================================================
2026-01-21T00:46:31.132 | Step 125 | Particle 129 | GLOBAL BEST!
Global Improvement: 9.765625000013323e-5
  Move 1: RANDOM_SWAP | Indices: (40, 5)
=================================================================================
=================================================================================
2026-01-21T00:46:31.437 | Step 129 | Particle 113 | GLOBAL BEST!
Global Improvement: 0.0001953125000000444
  Move 1: RANDOM_SWAP | Indices: (187, 56)
=================================================================================
=================================================================================
2026-01-21T00:46:32.002 | Step 136 | Particle 173 | GLOBAL BEST!
Global Improvement: 9.765624999991118e-5
  Move 1: RANDOM_SWAP | Indices: (78, 18)
=================================================================================
=================================================================================
2026-01-21T00:46:33.945 | Step 158 | Particle 166 | GLOBAL BEST!
Global Improvement: 0.000540364583333286
  Move 1: RANDOM_SWAP | Indices: (131, 89)
=================================================================================
=================================================================================
2026-01-21T00:46:35.532 | Step 178 | Particle 118 | GLOBAL BEST!
Global Improvement: 0.0001953125000000444
  Move 1: RANDOM_SWAP | Indices: (215, 239)
=================================================================================
=================================================================================
2026-01-21T00:46:38.708 | Step 208 | Particle 196 | GLOBAL BEST!
Global Improvement: 9.765624999991118e-5
  Move 1: GUIDED_SWAP_TO_PBEST | Indices: (122, 242)
  Move 2: RANDOM_SWAP | Indices: (176, 60)
=================================================================================
=================================================================================
2026-01-21T00:48:04.172 | Step 1181 | Particle 173 | GLOBAL BEST!
Global Improvement: 0.000540364583333286
  Move 1: RANDOM_SWAP | Indices: (2, 188)
=================================================================================
=================================================================================
2026-01-21T00:48:04.672 | Step 1186 | Particle 47 | GLOBAL BEST!
Global Improvement: 0.0001953125000000444
  Move 1: RANDOM_SWAP | Indices: (150, 210)
=================================================================================
=================================================================================
2026-01-21T00:48:05.423 | Step 1195 | Particle 165 | GLOBAL BEST!
Global Improvement: 9.765625000013323e-5
  Move 1: RANDOM_SWAP | Indices: (32, 252)
=================================================================================
=================================================================================
2026-01-21T00:49:01.214 | Step 1830 | Particle 197 | GLOBAL BEST!
Global Improvement: 0.0006380208333331971
  Move 1: RANDOM_SWAP | Indices: (160, 55)
=================================================================================
=================================================================================
2026-01-21T00:49:01.385 | Step 1833 | Particle 22 | GLOBAL BEST!
Global Improvement: 0.0001953125000000444
  Move 1: RANDOM_SWAP | Indices: (137, 134)
=================================================================================
=================================================================================
2026-01-21T00:49:12.728 | Step 1975 | Particle 126 | GLOBAL BEST!
Global Improvement: 0.0008333333333334636
  Move 1: RANDOM_SWAP | Indices: (101, 4)
=================================================================================
