# Global Best Swaps Only - COMPOSITE FITNESS MODE WITH EARLY STOPPING
# Started on: 2026-02-02T15:36:51.180
# Format: Timestamp | Step | Particle | Operation | Indices | Local | Global | Status
# Note: Each global best S-box is saved in debug_sboxes/ directory
# Using composite fitness function with NL, SAC, DDT, and Entropy
# Early stopping enabled based on NL threshold

=================================================================================
2026-02-02T15:36:51.404 | Step 1 | Particle 76 | GLOBAL BEST ACHIEVED!
Global Improvement: 6.293402777757251e-5
All moves in this step:
  Move 1: TRIPLE_SWAP | Indices: (242, 78, 145) | Local Improvement: 6.293402777757251e-5
=================================================================================
=================================================================================
2026-02-02T15:36:52.159 | Step 2 | Particle 130 | GLOBAL BEST ACHIEVED!
Global Improvement: 0.0001953125000000444
All moves in this step:
  Move 1: GUIDED_SWAP_TO_GBEST | Indices: (78, 242) | Local Improvement: 0.0
  Move 2: GUIDED_SWAP_TO_GBEST | Indices: (242, 145) | Local Improvement: 0.0
  Move 3: GUIDED_SWAP_TO_PBEST | Indices: (242, 78) | Local Improvement: 0.0
  Move 4: GUIDED_SWAP_TO_PBEST | Indices: (145, 78) | Local Improvement: 0.0
  Move 5: GUIDED_SWAP_TO_GBEST | Indices: (78, 242) | Local Improvement: 0.0
  Move 6: GUIDED_SWAP_TO_GBEST | Indices: (145, 242) | Local Improvement: 0.0
  Move 7: TRIPLE_SWAP | Indices: (124, 114, 22) | Local Improvement: 0.0001953125000000444
=================================================================================
=================================================================================
2026-02-02T15:36:52.526 | Step 3 | Particle 157 | GLOBAL BEST ACHIEVED!
Global Improvement: 9.765625000013323e-5
All moves in this step:
  Move 1: GUIDED_SWAP_TO_GBEST | Indices: (124, 22) | Local Improvement: 0.0
  Move 2: GUIDED_SWAP_TO_GBEST | Indices: (22, 114) | Local Improvement: 0.0
  Move 3: GUIDED_SWAP_TO_PBEST | Indices: (22, 124) | Local Improvement: 0.0
  Move 4: GUIDED_SWAP_TO_PBEST | Indices: (124, 114) | Local Improvement: 0.0
  Move 5: GUIDED_SWAP_TO_GBEST | Indices: (22, 114) | Local Improvement: 0.0
  Move 6: GUIDED_SWAP_TO_GBEST | Indices: (124, 114) | Local Improvement: 0.0
  Move 7: GUIDED_SWAP_TO_PBEST | Indices: (124, 114) | Local Improvement: 0.0
  Move 8: GUIDED_SWAP_TO_PBEST | Indices: (114, 22) | Local Improvement: 0.0
  Move 9: GUIDED_SWAP_TO_GBEST | Indices: (114, 124) | Local Improvement: 0.0
  Move 10: GUIDED_SWAP_TO_GBEST | Indices: (22, 124) | Local Improvement: 0.0
  Move 11: TRIPLE_SWAP | Indices: (178, 164, 121) | Local Improvement: 9.765625000013323e-5
=================================================================================
=================================================================================
2026-02-02T15:36:52.713 | Step 4 | Particle 172 | GLOBAL BEST ACHIEVED!
Global Improvement: 0.0005468749999999467
All moves in this step:
  Move 1: GUIDED_SWAP_TO_GBEST | Indices: (114, 124) | Local Improvement: 0.0
  Move 2: GUIDED_SWAP_TO_GBEST | Indices: (22, 124) | Local Improvement: 0.0
  Move 3: GUIDED_SWAP_TO_GBEST | Indices: (242, 145) | Local Improvement: 0.0
  Move 4: GUIDED_SWAP_TO_GBEST | Indices: (164, 178) | Local Improvement: 0.0
  Move 5: GUIDED_SWAP_TO_GBEST | Indices: (121, 178) | Local Improvement: 0.0
  Move 6: GUIDED_SWAP_TO_GBEST | Indices: (78, 145) | Local Improvement: 0.0
  Move 7: GUIDED_SWAP_TO_PBEST | Indices: (178, 164) | Local Improvement: 0.0
  Move 8: GUIDED_SWAP_TO_PBEST | Indices: (164, 121) | Local Improvement: 0.0
  Move 9: GUIDED_SWAP_TO_PBEST | Indices: (145, 242) | Local Improvement: 0.0
  Move 10: GUIDED_SWAP_TO_PBEST | Indices: (114, 22) | Local Improvement: 0.0
=================================================================================
=================================================================================
2026-02-02T15:36:53.006 | Step 6 | Particle 102 | GLOBAL BEST ACHIEVED!
Global Improvement: 0.0001953125000000444
All moves in this step:
  Move 1: GUIDED_SWAP_TO_PBEST | Indices: (2, 102) | Local Improvement: 0.0
  Move 2: GUIDED_SWAP_TO_PBEST | Indices: (78, 176) | Local Improvement: 0.0
  Move 3: GUIDED_SWAP_TO_PBEST | Indices: (182, 18) | Local Improvement: 0.0
  Move 4: GUIDED_SWAP_TO_PBEST | Indices: (99, 18) | Local Improvement: 0.0
  Move 5: GUIDED_SWAP_TO_PBEST | Indices: (209, 190) | Local Improvement: 0.0
  Move 6: GUIDED_SWAP_TO_GBEST | Indices: (114, 22) | Local Improvement: 0.0
  Move 7: GUIDED_SWAP_TO_GBEST | Indices: (242, 145) | Local Improvement: 0.0
  Move 8: GUIDED_SWAP_TO_GBEST | Indices: (164, 121) | Local Improvement: 0.0
  Move 9: GUIDED_SWAP_TO_GBEST | Indices: (178, 121) | Local Improvement: 0.0
  Move 10: GUIDED_SWAP_TO_PBEST | Indices: (121, 164) | Local Improvement: 0.0
  Move 11: GUIDED_SWAP_TO_PBEST | Indices: (145, 242) | Local Improvement: 0.0
  Move 12: GUIDED_SWAP_TO_PBEST | Indices: (22, 114) | Local Improvement: 0.0
  Move 13: GUIDED_SWAP_TO_PBEST | Indices: (164, 178) | Local Improvement: 0.0
  Move 14: GUIDED_SWAP_TO_GBEST | Indices: (22, 114) | Local Improvement: 0.0
  Move 15: GUIDED_SWAP_TO_GBEST | Indices: (164, 121) | Local Improvement: 0.0
  Move 16: GUIDED_SWAP_TO_GBEST | Indices: (242, 145) | Local Improvement: 0.0
  Move 17: GUIDED_SWAP_TO_PBEST | Indices: (164, 121) | Local Improvement: 0.0
  Move 18: GUIDED_SWAP_TO_PBEST | Indices: (114, 22) | Local Improvement: 0.0
  Move 19: GUIDED_SWAP_TO_PBEST | Indices: (145, 242) | Local Improvement: 0.0
  Move 20: GUIDED_SWAP_TO_GBEST | Indices: (22, 114) | Local Improvement: 0.0
  Move 21: GUIDED_SWAP_TO_GBEST | Indices: (145, 242) | Local Improvement: 0.0
  Move 22: GUIDED_SWAP_TO_GBEST | Indices: (178, 164) | Local Improvement: 0.0
  Move 23: GUIDED_SWAP_TO_GBEST | Indices: (164, 121) | Local Improvement: 0.0
  Move 24: TRIPLE_SWAP | Indices: (155, 39, 191) | Local Improvement: 0.0001953125000000444
=================================================================================
=================================================================================
2026-02-02T15:36:53.616 | Step 7 | Particle 182 | GLOBAL BEST ACHIEVED!
Global Improvement: 0.00019531249999982236
All moves in this step:
  Move 1: GUIDED_SWAP_TO_GBEST | Indices: (242, 145) | Local Improvement: 0.0
  Move 2: GUIDED_SWAP_TO_GBEST | Indices: (155, 191) | Local Improvement: 0.0
  Move 3: GUIDED_SWAP_TO_GBEST | Indices: (114, 22) | Local Improvement: 0.0
  Move 4: GUIDED_SWAP_TO_GBEST | Indices: (39, 191) | Local Improvement: 0.0
  Move 5: GUIDED_SWAP_TO_PBEST | Indices: (114, 22) | Local Improvement: 0.0
  Move 6: GUIDED_SWAP_TO_PBEST | Indices: (145, 242) | Local Improvement: 0.0
  Move 7: GUIDED_SWAP_TO_PBEST | Indices: (39, 191) | Local Improvement: 0.0
  Move 8: GUIDED_SWAP_TO_PBEST | Indices: (191, 155) | Local Improvement: 0.0
  Move 9: GUIDED_SWAP_TO_GBEST | Indices: (114, 22) | Local Improvement: 0.0
  Move 10: GUIDED_SWAP_TO_GBEST | Indices: (191, 39) | Local Improvement: 0.0
  Move 11: GUIDED_SWAP_TO_GBEST | Indices: (145, 242) | Local Improvement: 0.0
  Move 12: GUIDED_SWAP_TO_PBEST | Indices: (22, 114) | Local Improvement: 0.0
  Move 13: GUIDED_SWAP_TO_PBEST | Indices: (145, 242) | Local Improvement: 0.0
  Move 14: GUIDED_SWAP_TO_PBEST | Indices: (191, 39) | Local Improvement: 0.0
  Move 15: GUIDED_SWAP_TO_GBEST | Indices: (145, 242) | Local Improvement: 0.0
  Move 16: GUIDED_SWAP_TO_GBEST | Indices: (22, 114) | Local Improvement: 0.0
  Move 17: GUIDED_SWAP_TO_GBEST | Indices: (155, 191) | Local Improvement: 0.0
=================================================================================
=================================================================================
2026-02-02T15:37:13.648 | Step 103 | Particle 98 | GLOBAL BEST ACHIEVED!
Global Improvement: 9.765624999991118e-5
All moves in this step:
  Move 1: TRIPLE_SWAP | Indices: (131, 3, 105) | Local Improvement: 9.765624999991118e-5
=================================================================================
=================================================================================
2026-02-02T15:37:24.189 | Step 152 | Particle 26 | GLOBAL BEST ACHIEVED!
Global Improvement: 0.0008398437500001243
All moves in this step:
  Move 1: TRIPLE_SWAP | Indices: (15, 9, 102) | Local Improvement: 0.0008398437500001243
=================================================================================
=================================================================================
2026-02-02T15:37:34.053 | Step 196 | Particle 157 | GLOBAL BEST ACHIEVED!
Global Improvement: 9.765624999991118e-5
All moves in this step:
  Move 1: GUIDED_SWAP_TO_GBEST | Indices: (72, 167) | Local Improvement: 0.0
  Move 2: GUIDED_SWAP_TO_GBEST | Indices: (199, 98) | Local Improvement: 0.0
  Move 3: TRIPLE_SWAP | Indices: (182, 90, 17) | Local Improvement: 9.765624999991118e-5
=================================================================================
=================================================================================
2026-02-02T15:38:06.251 | Step 339 | Particle 65 | GLOBAL BEST ACHIEVED!
Global Improvement: 0.0009375000000000355
All moves in this step:
  Move 1: TRIPLE_SWAP | Indices: (70, 236, 248) | Local Improvement: 0.0009375000000000355
=================================================================================
