# V5: GUIDED SWAP KAPALI - Ablation Study
# Started on: 2026-01-20T10:42:59.838

=================================================================================
2026-01-20T10:43:00.002 | Step 1 | Particle 3 | GLOBAL BEST!
Global Improvement: 0.0011718749999999334
  Move 1: TRIPLE_SWAP | Indices: (9, 108, 234)
=================================================================================
=================================================================================
2026-01-20T10:43:00.042 | Step 1 | Particle 56 | GLOBAL BEST!
Global Improvement: 0.0018554687499999778
  Move 1: TRIPLE_SWAP | Indices: (221, 112, 105)
  Move 2: RANDOM_SWAP | Indices: (17, 235)
  Move 3: RANDOM_SWAP | Indices: (58, 59)
  Move 4: RANDOM_SWAP | Indices: (10, 248)
  Move 5: RANDOM_SWAP | Indices: (114, 14)
  Move 6: RANDOM_SWAP | Indices: (93, 207)
=================================================================================
=================================================================================
2026-01-20T10:43:00.094 | Step 1 | Particle 160 | GLOBAL BEST!
Global Improvement: 0.00048828125
  Move 1: TRIPLE_SWAP | Indices: (161, 201, 164)
  Move 2: RANDOM_SWAP | Indices: (18, 154)
  Move 3: RANDOM_SWAP | Indices: (254, 27)
  Move 4: RANDOM_SWAP | Indices: (39, 64)
=================================================================================
=================================================================================
2026-01-20T10:43:00.228 | Step 2 | Particle 82 | GLOBAL BEST!
Global Improvement: 9.76562500000222e-5
  Move 1: TRIPLE_SWAP | Indices: (116, 136, 174)
  Move 2: RANDOM_SWAP | Indices: (84, 99)
=================================================================================
=================================================================================
2026-01-20T10:43:00.230 | Step 2 | Particle 88 | GLOBAL BEST!
Global Improvement: 9.76562500000222e-5
  Move 1: TRIPLE_SWAP | Indices: (133, 157, 149)
=================================================================================
=================================================================================
2026-01-20T10:43:00.232 | Step 2 | Particle 92 | GLOBAL BEST!
Global Improvement: 0.0006835937500000444
  Move 1: TRIPLE_SWAP | Indices: (106, 62, 68)
=================================================================================
=================================================================================
2026-01-20T10:43:00.266 | Step 2 | Particle 179 | GLOBAL BEST!
Global Improvement: 0.0009765625
  Move 1: TRIPLE_SWAP | Indices: (85, 57, 214)
  Move 2: RANDOM_SWAP | Indices: (14, 106)
  Move 3: RANDOM_SWAP | Indices: (225, 76)
=================================================================================
=================================================================================
2026-01-20T10:43:00.570 | Step 3 | Particle 99 | GLOBAL BEST!
Global Improvement: 0.002343749999999978
  Move 1: TRIPLE_SWAP | Indices: (76, 44, 238)
=================================================================================
=================================================================================
2026-01-20T10:43:00.751 | Step 4 | Particle 124 | GLOBAL BEST!
Global Improvement: 9.76562500000222e-5
  Move 1: TRIPLE_SWAP | Indices: (44, 115, 249)
  Move 2: RANDOM_SWAP | Indices: (245, 113)
  Move 3: RANDOM_SWAP | Indices: (214, 135)
  Move 4: RANDOM_SWAP | Indices: (135, 225)
=================================================================================
=================================================================================
2026-01-20T10:43:00.769 | Step 4 | Particle 169 | GLOBAL BEST!
Global Improvement: 9.765624999991118e-5
  Move 1: TRIPLE_SWAP | Indices: (61, 115, 179)
  Move 2: RANDOM_SWAP | Indices: (53, 119)
  Move 3: RANDOM_SWAP | Indices: (29, 192)
  Move 4: RANDOM_SWAP | Indices: (212, 109)
=================================================================================
=================================================================================
2026-01-20T10:43:00.863 | Step 5 | Particle 3 | GLOBAL BEST!
Global Improvement: 0.0013671874999999778
  Move 1: TRIPLE_SWAP | Indices: (16, 172, 242)
=================================================================================
=================================================================================
2026-01-20T10:43:00.911 | Step 5 | Particle 124 | GLOBAL BEST!
Global Improvement: 0.0005859375000000222
  Move 1: TRIPLE_SWAP | Indices: (183, 61, 120)
=================================================================================
=================================================================================
2026-01-20T10:43:01.162 | Step 7 | Particle 4 | GLOBAL BEST!
Global Improvement: 0.0012695312500000666
  Move 1: TRIPLE_SWAP | Indices: (8, 256, 127)
=================================================================================
=================================================================================
2026-01-20T10:43:01.226 | Step 7 | Particle 169 | GLOBAL BEST!
Global Improvement: 0.0003906249999999778
  Move 1: TRIPLE_SWAP | Indices: (237, 205, 38)
=================================================================================
=================================================================================
2026-01-20T10:43:01.319 | Step 8 | Particle 4 | GLOBAL BEST!
Global Improvement: 0.0017578124999999556
  Move 1: TRIPLE_SWAP | Indices: (251, 181, 85)
=================================================================================
=================================================================================
2026-01-20T10:43:01.667 | Step 10 | Particle 133 | GLOBAL BEST!
Global Improvement: 0.0009765625
  Move 1: TRIPLE_SWAP | Indices: (87, 253, 237)
=================================================================================
=================================================================================
2026-01-20T10:43:01.812 | Step 11 | Particle 133 | GLOBAL BEST!
Global Improvement: 0.0010742187500000222
  Move 1: TRIPLE_SWAP | Indices: (240, 74, 26)
=================================================================================
=================================================================================
2026-01-20T10:43:01.946 | Step 12 | Particle 133 | GLOBAL BEST!
Global Improvement: 9.76562500000222e-5
  Move 1: TRIPLE_SWAP | Indices: (96, 218, 46)
=================================================================================
=================================================================================
2026-01-20T10:43:02.090 | Step 13 | Particle 151 | GLOBAL BEST!
Global Improvement: 9.76562500000222e-5
  Move 1: TRIPLE_SWAP | Indices: (113, 4, 150)
=================================================================================
=================================================================================
2026-01-20T10:43:02.765 | Step 17 | Particle 76 | GLOBAL BEST!
Global Improvement: 0.0006835937499999334
  Move 1: TRIPLE_SWAP | Indices: (49, 27, 167)
=================================================================================
=================================================================================
2026-01-20T10:43:03.017 | Step 19 | Particle 76 | GLOBAL BEST!
Global Improvement: 0.0007812500000000666
  Move 1: TRIPLE_SWAP | Indices: (21, 62, 255)
=================================================================================
=================================================================================
2026-01-20T10:43:03.027 | Step 19 | Particle 101 | GLOBAL BEST!
Global Improvement: 0.0001953124999999334
  Move 1: TRIPLE_SWAP | Indices: (23, 157, 134)
=================================================================================
=================================================================================
2026-01-20T10:43:03.174 | Step 20 | Particle 151 | GLOBAL BEST!
Global Improvement: 0.0006835937500000444
  Move 1: TRIPLE_SWAP | Indices: (166, 27, 108)
=================================================================================
=================================================================================
2026-01-20T10:43:03.517 | Step 23 | Particle 25 | GLOBAL BEST!
Global Improvement: 0.0010742187500000222
  Move 1: TRIPLE_SWAP | Indices: (103, 27, 74)
=================================================================================
=================================================================================
2026-01-20T10:43:04.544 | Step 31 | Particle 42 | GLOBAL BEST!
Global Improvement: 0.0012695312499999556
  Move 1: TRIPLE_SWAP | Indices: (184, 47, 1)
=================================================================================
=================================================================================
2026-01-20T10:43:07.211 | Step 52 | Particle 96 | GLOBAL BEST!
Global Improvement: 0.0003906249999999778
  Move 1: TRIPLE_SWAP | Indices: (149, 132, 111)
=================================================================================
=================================================================================
2026-01-20T10:43:22.517 | Step 164 | Particle 30 | GLOBAL BEST!
Global Improvement: 0.0002929687500000666
  Move 1: TRIPLE_SWAP | Indices: (228, 46, 52)
=================================================================================
=================================================================================
2026-01-20T10:43:40.874 | Step 298 | Particle 40 | GLOBAL BEST!
Global Improvement: 9.76562500000222e-5
  Move 1: TRIPLE_SWAP | Indices: (198, 244, 195)
=================================================================================
=================================================================================
2026-01-20T10:43:44.161 | Step 322 | Particle 183 | GLOBAL BEST!
Global Improvement: 0.0006835937499999334
  Move 1: TRIPLE_SWAP | Indices: (73, 135, 136)
=================================================================================
=================================================================================
2026-01-20T10:43:44.428 | Step 324 | Particle 183 | GLOBAL BEST!
Global Improvement: 0.0001953125000000444
  Move 1: TRIPLE_SWAP | Indices: (231, 249, 140)
=================================================================================
=================================================================================
2026-01-20T10:43:45.841 | Step 335 | Particle 178 | GLOBAL BEST!
Global Improvement: 0.00048828125
  Move 1: TRIPLE_SWAP | Indices: (62, 191, 106)
=================================================================================
=================================================================================
2026-01-20T10:43:45.976 | Step 336 | Particle 178 | GLOBAL BEST!
Global Improvement: 0.0008789062499999778
  Move 1: TRIPLE_SWAP | Indices: (40, 174, 51)
=================================================================================
=================================================================================
2026-01-20T10:43:46.100 | Step 337 | Particle 178 | GLOBAL BEST!
Global Improvement: 0.0008789062499999778
  Move 1: TRIPLE_SWAP | Indices: (36, 47, 155)
=================================================================================
=================================================================================
2026-01-20T10:45:08.522 | Step 863 | Particle 13 | GLOBAL BEST!
Global Improvement: 0.0001953125000000444
  Move 1: TRIPLE_SWAP | Indices: (141, 203, 106)
=================================================================================
=================================================================================
2026-01-20T10:45:09.197 | Step 867 | Particle 13 | GLOBAL BEST!
Global Improvement: 0.0005859374999999112
  Move 1: TRIPLE_SWAP | Indices: (193, 49, 5)
=================================================================================
=================================================================================
2026-01-20T10:45:36.962 | Step 1012 | Particle 148 | GLOBAL BEST!
Global Improvement: 0.0015625000000000222
  Move 1: TRIPLE_SWAP | Indices: (95, 93, 80)
=================================================================================
=================================================================================
2026-01-20T10:46:22.889 | Step 1227 | Particle 88 | GLOBAL BEST!
Global Improvement: 0.0001953125000000444
  Move 1: TRIPLE_SWAP | Indices: (162, 212, 179)
=================================================================================
=================================================================================
2026-01-20T10:51:09.326 | Step 2527 | Particle 74 | GLOBAL BEST!
Global Improvement: 0.0008789062499999778
  Move 1: TRIPLE_SWAP | Indices: (41, 227, 246)
=================================================================================
=================================================================================
2026-01-20T10:51:11.879 | Step 2538 | Particle 74 | GLOBAL BEST!
Global Improvement: 9.765624999991118e-5
  Move 1: TRIPLE_SWAP | Indices: (159, 196, 76)
=================================================================================
=================================================================================
2026-01-20T10:55:13.914 | Step 3656 | Particle 37 | GLOBAL BEST!
Global Improvement: 0.0002929687500000666
  Move 1: TRIPLE_SWAP | Indices: (235, 250, 104)
=================================================================================
=================================================================================
2026-01-20T10:55:15.431 | Step 3663 | Particle 37 | GLOBAL BEST!
Global Improvement: 9.76562500000222e-5
  Move 1: TRIPLE_SWAP | Indices: (121, 248, 186)
=================================================================================
