# V5: GUIDED SWAP KAPALI - Ablation Study
# Started on: 2026-01-21T22:51:38.326

=================================================================================
2026-01-21T22:51:38.714 | Step 1 | Particle 7 | GLOBAL BEST!
Global Improvement: 0.003129030257936538
  Move 1: TRIPLE_SWAP | Indices: (146, 126, 49)
=================================================================================
=================================================================================
2026-01-21T22:51:38.771 | Step 1 | Particle 102 | GLOBAL BEST!
Global Improvement: 0.0013826884920633553
  Move 1: TRIPLE_SWAP | Indices: (136, 42, 139)
  Move 2: RANDOM_SWAP | Indices: (22, 225)
  Move 3: RANDOM_SWAP | Indices: (156, 56)
=================================================================================
=================================================================================
2026-01-21T22:51:38.804 | Step 1 | Particle 159 | GLOBAL BEST!
Global Improvement: 0.00042720734126988624
  Move 1: TRIPLE_SWAP | Indices: (182, 186, 232)
=================================================================================
=================================================================================
2026-01-21T22:51:38.813 | Step 1 | Particle 177 | GLOBAL BEST!
Global Improvement: 0.0018619791666667496
  Move 1: RANDOM_SWAP | Indices: (126, 55)
  Move 2: RANDOM_SWAP | Indices: (89, 106)
  Move 3: RANDOM_SWAP | Indices: (13, 49)
  Move 4: RANDOM_SWAP | Indices: (238, 231)
  Move 5: RANDOM_SWAP | Indices: (209, 134)
=================================================================================
=================================================================================
2026-01-21T22:51:38.919 | Step 2 | Particle 7 | GLOBAL BEST!
Global Improvement: 0.0014713541666666607
  Move 1: TRIPLE_SWAP | Indices: (138, 146, 195)
  Move 2: RANDOM_SWAP | Indices: (23, 38)
  Move 3: RANDOM_SWAP | Indices: (13, 150)
=================================================================================
=================================================================================
2026-01-21T22:51:38.928 | Step 2 | Particle 28 | GLOBAL BEST!
Global Improvement: 0.0002929687499999556
  Move 1: RANDOM_SWAP | Indices: (243, 58)
  Move 2: RANDOM_SWAP | Indices: (89, 232)
  Move 3: RANDOM_SWAP | Indices: (175, 225)
  Move 4: RANDOM_SWAP | Indices: (223, 186)
=================================================================================
=================================================================================
2026-01-21T22:51:39.238 | Step 3 | Particle 7 | GLOBAL BEST!
Global Improvement: 0.000540364583333286
  Move 1: TRIPLE_SWAP | Indices: (114, 153, 221)
  Move 2: RANDOM_SWAP | Indices: (31, 82)
  Move 3: RANDOM_SWAP | Indices: (239, 53)
  Move 4: RANDOM_SWAP | Indices: (236, 251)
  Move 5: RANDOM_SWAP | Indices: (27, 70)
=================================================================================
=================================================================================
2026-01-21T22:51:39.256 | Step 3 | Particle 52 | GLOBAL BEST!
Global Improvement: 0.001028645833333286
  Move 1: TRIPLE_SWAP | Indices: (238, 125, 208)
  Move 2: RANDOM_SWAP | Indices: (155, 35)
=================================================================================
=================================================================================
2026-01-21T22:51:39.276 | Step 3 | Particle 102 | GLOBAL BEST!
Global Improvement: 0.0004427083333333748
  Move 1: TRIPLE_SWAP | Indices: (126, 123, 7)
=================================================================================
=================================================================================
2026-01-21T22:51:39.411 | Step 4 | Particle 7 | GLOBAL BEST!
Global Improvement: 0.0002929687499999556
  Move 1: TRIPLE_SWAP | Indices: (165, 30, 66)
=================================================================================
=================================================================================
2026-01-21T22:51:39.418 | Step 4 | Particle 24 | GLOBAL BEST!
Global Improvement: 0.0014713541666666607
  Move 1: TRIPLE_SWAP | Indices: (133, 175, 197)
  Move 2: RANDOM_SWAP | Indices: (94, 42)
=================================================================================
=================================================================================
2026-01-21T22:51:39.569 | Step 5 | Particle 24 | GLOBAL BEST!
Global Improvement: 0.0008333333333332416
  Move 1: TRIPLE_SWAP | Indices: (92, 253, 203)
=================================================================================
=================================================================================
2026-01-21T22:51:39.734 | Step 6 | Particle 24 | GLOBAL BEST!
Global Improvement: 0.0003906250000000888
  Move 1: TRIPLE_SWAP | Indices: (215, 219, 145)
=================================================================================
=================================================================================
2026-01-21T22:51:39.803 | Step 6 | Particle 200 | GLOBAL BEST!
Global Improvement: 9.765624999991118e-5
  Move 1: TRIPLE_SWAP | Indices: (181, 25, 210)
=================================================================================
=================================================================================
2026-01-21T22:51:39.903 | Step 7 | Particle 52 | GLOBAL BEST!
Global Improvement: 0.0007356770833335524
  Move 1: TRIPLE_SWAP | Indices: (169, 79, 223)
=================================================================================
=================================================================================
2026-01-21T22:51:39.961 | Step 7 | Particle 200 | GLOBAL BEST!
Global Improvement: 0.0007356770833333304
  Move 1: TRIPLE_SWAP | Indices: (89, 234, 61)
=================================================================================
=================================================================================
2026-01-21T22:51:40.045 | Step 8 | Particle 52 | GLOBAL BEST!
Global Improvement: 0.0007356770833333304
  Move 1: TRIPLE_SWAP | Indices: (131, 118, 219)
=================================================================================
=================================================================================
2026-01-21T22:51:40.615 | Step 12 | Particle 46 | GLOBAL BEST!
Global Improvement: 0.0009309895833333748
  Move 1: TRIPLE_SWAP | Indices: (81, 89, 172)
=================================================================================
=================================================================================
2026-01-21T22:51:42.067 | Step 23 | Particle 108 | GLOBAL BEST!
Global Improvement: 9.765624999991118e-5
  Move 1: TRIPLE_SWAP | Indices: (178, 119, 87)
  Move 2: RANDOM_SWAP | Indices: (234, 54)
  Move 3: RANDOM_SWAP | Indices: (234, 86)
=================================================================================
=================================================================================
2026-01-21T22:51:42.525 | Step 26 | Particle 40 | GLOBAL BEST!
Global Improvement: 0.0023046874999999023
  Move 1: TRIPLE_SWAP | Indices: (71, 139, 42)
=================================================================================
=================================================================================
2026-01-21T22:51:49.348 | Step 75 | Particle 82 | GLOBAL BEST!
Global Improvement: 0.000540364583333508
  Move 1: TRIPLE_SWAP | Indices: (106, 248, 4)
=================================================================================
=================================================================================
2026-01-21T22:52:31.527 | Step 390 | Particle 52 | GLOBAL BEST!
Global Improvement: 0.000329551091269753
  Move 1: TRIPLE_SWAP | Indices: (49, 193, 153)
=================================================================================
=================================================================================
2026-01-21T22:52:31.672 | Step 391 | Particle 52 | GLOBAL BEST!
Global Improvement: 0.0006380208333331971
  Move 1: TRIPLE_SWAP | Indices: (67, 201, 211)
=================================================================================
=================================================================================
2026-01-21T22:52:38.589 | Step 438 | Particle 144 | GLOBAL BEST!
Global Improvement: 6.10739087303358e-5
  Move 1: TRIPLE_SWAP | Indices: (130, 57, 72)
=================================================================================
=================================================================================
2026-01-21T22:52:43.570 | Step 473 | Particle 2 | GLOBAL BEST!
Global Improvement: 0.0001342385912697086
  Move 1: TRIPLE_SWAP | Indices: (156, 6, 169)
=================================================================================
=================================================================================
2026-01-21T22:53:10.623 | Step 655 | Particle 161 | GLOBAL BEST!
Global Improvement: 0.00015873015873024698
  Move 1: TRIPLE_SWAP | Indices: (207, 26, 112)
  Move 2: RANDOM_SWAP | Indices: (238, 203)
=================================================================================
=================================================================================
2026-01-21T22:53:20.913 | Step 722 | Particle 192 | GLOBAL BEST!
Global Improvement: 0.0021459573412698774
  Move 1: TRIPLE_SWAP | Indices: (165, 179, 56)
=================================================================================
=================================================================================
2026-01-21T22:55:47.684 | Step 1461 | Particle 108 | GLOBAL BEST!
Global Improvement: 0.0011263020833331971
  Move 1: TRIPLE_SWAP | Indices: (200, 148, 35)
=================================================================================
