# V5: GUIDED SWAP KAPALI - Ablation Study
# Started on: 2026-01-20T22:48:36.916

=================================================================================
2026-01-20T22:48:37.092 | Step 1 | Particle 2 | GLOBAL BEST!
Global Improvement: 0.004114583333333366
  Move 1: TRIPLE_SWAP | Indices: (7, 204, 198)
  Move 2: RANDOM_SWAP | Indices: (83, 144)
=================================================================================
=================================================================================
2026-01-20T22:48:37.121 | Step 1 | Particle 5 | GLOBAL BEST!
Global Improvement: 0.0025065104166666075
  Move 1: TRIPLE_SWAP | Indices: (216, 173, 252)
  Move 2: RANDOM_SWAP | Indices: (144, 38)
  Move 3: RANDOM_SWAP | Indices: (197, 193)
  Move 4: RANDOM_SWAP | Indices: (178, 63)
=================================================================================
=================================================================================
2026-01-20T22:48:37.124 | Step 1 | Particle 12 | GLOBAL BEST!
Global Improvement: 0.00012772817460304786
  Move 1: TRIPLE_SWAP | Indices: (11, 240, 179)
  Move 2: RANDOM_SWAP | Indices: (214, 16)
=================================================================================
=================================================================================
2026-01-20T22:48:37.125 | Step 1 | Particle 13 | GLOBAL BEST!
Global Improvement: 0.0030037822420636573
  Move 1: TRIPLE_SWAP | Indices: (166, 133, 156)
  Move 2: RANDOM_SWAP | Indices: (232, 108)
  Move 3: RANDOM_SWAP | Indices: (107, 203)
  Move 4: RANDOM_SWAP | Indices: (100, 112)
  Move 5: RANDOM_SWAP | Indices: (189, 231)
=================================================================================
=================================================================================
2026-01-20T22:48:37.159 | Step 1 | Particle 102 | GLOBAL BEST!
Global Improvement: 0.001950644841269833
  Move 1: TRIPLE_SWAP | Indices: (23, 122, 117)
  Move 2: RANDOM_SWAP | Indices: (40, 213)
  Move 3: RANDOM_SWAP | Indices: (24, 220)
  Move 4: RANDOM_SWAP | Indices: (63, 26)
  Move 5: RANDOM_SWAP | Indices: (134, 136)
=================================================================================
=================================================================================
2026-01-20T22:48:37.195 | Step 1 | Particle 195 | GLOBAL BEST!
Global Improvement: 0.0007291666666666696
  Move 1: TRIPLE_SWAP | Indices: (191, 198, 175)
  Move 2: RANDOM_SWAP | Indices: (25, 171)
  Move 3: RANDOM_SWAP | Indices: (56, 4)
  Move 4: RANDOM_SWAP | Indices: (116, 222)
  Move 5: RANDOM_SWAP | Indices: (176, 19)
  Move 6: RANDOM_SWAP | Indices: (57, 31)
=================================================================================
=================================================================================
2026-01-20T22:48:37.284 | Step 2 | Particle 2 | GLOBAL BEST!
Global Improvement: 0.0002929687499999556
  Move 1: TRIPLE_SWAP | Indices: (109, 67, 155)
=================================================================================
=================================================================================
2026-01-20T22:48:37.300 | Step 2 | Particle 43 | GLOBAL BEST!
Global Improvement: 0.0015755208333332327
  Move 1: RANDOM_SWAP | Indices: (3, 218)
  Move 2: RANDOM_SWAP | Indices: (225, 156)
  Move 3: RANDOM_SWAP | Indices: (41, 242)
  Move 4: RANDOM_SWAP | Indices: (7, 221)
  Move 5: RANDOM_SWAP | Indices: (154, 196)
=================================================================================
=================================================================================
2026-01-20T22:48:37.322 | Step 2 | Particle 102 | GLOBAL BEST!
Global Improvement: 0.0007356770833333304
  Move 1: TRIPLE_SWAP | Indices: (133, 12, 93)
=================================================================================
=================================================================================
2026-01-20T22:48:37.610 | Step 3 | Particle 5 | GLOBAL BEST!
Global Improvement: 0.00024739583333333037
  Move 1: TRIPLE_SWAP | Indices: (55, 128, 223)
=================================================================================
=================================================================================
2026-01-20T22:48:37.618 | Step 3 | Particle 25 | GLOBAL BEST!
Global Improvement: 0.00024088541666666963
  Move 1: TRIPLE_SWAP | Indices: (177, 175, 186)
=================================================================================
=================================================================================
2026-01-20T22:48:37.625 | Step 3 | Particle 43 | GLOBAL BEST!
Global Improvement: 0.0029882812500001688
  Move 1: TRIPLE_SWAP | Indices: (207, 235, 120)
=================================================================================
=================================================================================
2026-01-20T22:48:37.648 | Step 3 | Particle 102 | GLOBAL BEST!
Global Improvement: 0.00034505208333324155
  Move 1: TRIPLE_SWAP | Indices: (33, 252, 11)
=================================================================================
=================================================================================
2026-01-20T22:48:37.789 | Step 4 | Particle 25 | GLOBAL BEST!
Global Improvement: 0.0008333333333334636
  Move 1: TRIPLE_SWAP | Indices: (223, 26, 40)
=================================================================================
=================================================================================
2026-01-20T22:48:37.959 | Step 5 | Particle 43 | GLOBAL BEST!
Global Improvement: 0.0007812499999999556
  Move 1: TRIPLE_SWAP | Indices: (236, 84, 131)
=================================================================================
=================================================================================
2026-01-20T22:48:37.974 | Step 5 | Particle 83 | GLOBAL BEST!
Global Improvement: 0.0005859374999999112
  Move 1: TRIPLE_SWAP | Indices: (127, 87, 251)
=================================================================================
=================================================================================
2026-01-20T22:48:37.989 | Step 5 | Particle 123 | GLOBAL BEST!
Global Improvement: 0.0010351562499999467
  Move 1: RANDOM_SWAP | Indices: (42, 114)
  Move 2: RANDOM_SWAP | Indices: (72, 195)
  Move 3: RANDOM_SWAP | Indices: (19, 214)
  Move 4: RANDOM_SWAP | Indices: (48, 151)
  Move 5: RANDOM_SWAP | Indices: (64, 68)
=================================================================================
=================================================================================
2026-01-20T22:48:38.139 | Step 6 | Particle 102 | GLOBAL BEST!
Global Improvement: 0.0006380208333334192
  Move 1: TRIPLE_SWAP | Indices: (50, 160, 194)
=================================================================================
=================================================================================
2026-01-20T22:48:38.144 | Step 6 | Particle 115 | GLOBAL BEST!
Global Improvement: 0.00043619791666671404
  Move 1: TRIPLE_SWAP | Indices: (235, 130, 198)
  Move 2: RANDOM_SWAP | Indices: (97, 121)
  Move 3: RANDOM_SWAP | Indices: (150, 214)
  Move 4: RANDOM_SWAP | Indices: (35, 46)
  Move 5: RANDOM_SWAP | Indices: (26, 63)
  Move 6: RANDOM_SWAP | Indices: (94, 215)
=================================================================================
=================================================================================
2026-01-20T22:48:38.266 | Step 7 | Particle 40 | GLOBAL BEST!
Global Improvement: 0.0007877604166666163
  Move 1: TRIPLE_SWAP | Indices: (146, 71, 60)
=================================================================================
=================================================================================
2026-01-20T22:48:38.449 | Step 8 | Particle 115 | GLOBAL BEST!
Global Improvement: 0.0008789062500000888
  Move 1: TRIPLE_SWAP | Indices: (215, 12, 153)
=================================================================================
=================================================================================
2026-01-20T22:48:38.466 | Step 8 | Particle 160 | GLOBAL BEST!
Global Improvement: 0.001028645833333286
  Move 1: TRIPLE_SWAP | Indices: (112, 161, 155)
  Move 2: RANDOM_SWAP | Indices: (11, 151)
  Move 3: RANDOM_SWAP | Indices: (221, 133)
  Move 4: RANDOM_SWAP | Indices: (55, 81)
  Move 5: RANDOM_SWAP | Indices: (134, 12)
=================================================================================
=================================================================================
2026-01-20T22:48:38.561 | Step 9 | Particle 30 | GLOBAL BEST!
Global Improvement: 9.765624999991118e-5
  Move 1: TRIPLE_SWAP | Indices: (109, 213, 3)
=================================================================================
=================================================================================
2026-01-20T22:48:38.565 | Step 9 | Particle 40 | GLOBAL BEST!
Global Improvement: 0.0016666666666667052
  Move 1: TRIPLE_SWAP | Indices: (164, 191, 225)
=================================================================================
=================================================================================
2026-01-20T22:48:39.127 | Step 13 | Particle 68 | GLOBAL BEST!
Global Improvement: 0.0009309895833333748
  Move 1: TRIPLE_SWAP | Indices: (111, 41, 47)
=================================================================================
=================================================================================
2026-01-20T22:48:39.239 | Step 14 | Particle 14 | GLOBAL BEST!
Global Improvement: 0.0007356770833333304
  Move 1: TRIPLE_SWAP | Indices: (221, 162, 120)
=================================================================================
=================================================================================
2026-01-20T22:48:39.260 | Step 14 | Particle 68 | GLOBAL BEST!
Global Improvement: 0.0008333333333332416
  Move 1: TRIPLE_SWAP | Indices: (68, 110, 220)
=================================================================================
=================================================================================
2026-01-20T22:48:39.503 | Step 16 | Particle 44 | GLOBAL BEST!
Global Improvement: 9.765624999991118e-5
  Move 1: TRIPLE_SWAP | Indices: (116, 141, 49)
=================================================================================
=================================================================================
2026-01-20T22:48:40.149 | Step 21 | Particle 14 | GLOBAL BEST!
Global Improvement: 0.00048828125
  Move 1: TRIPLE_SWAP | Indices: (53, 92, 218)
=================================================================================
=================================================================================
2026-01-20T22:48:40.414 | Step 23 | Particle 20 | GLOBAL BEST!
Global Improvement: 0.0016666666666667052
  Move 1: TRIPLE_SWAP | Indices: (31, 111, 66)
=================================================================================
=================================================================================
2026-01-20T22:48:40.791 | Step 26 | Particle 20 | GLOBAL BEST!
Global Improvement: 0.0016666666666664831
  Move 1: TRIPLE_SWAP | Indices: (21, 37, 117)
=================================================================================
=================================================================================
2026-01-20T22:48:42.301 | Step 38 | Particle 30 | GLOBAL BEST!
Global Improvement: 0.0004427083333333748
  Move 1: TRIPLE_SWAP | Indices: (117, 97, 105)
=================================================================================
=================================================================================
2026-01-20T22:48:45.529 | Step 63 | Particle 133 | GLOBAL BEST!
Global Improvement: 9.765625000013323e-5
  Move 1: TRIPLE_SWAP | Indices: (33, 192, 131)
=================================================================================
=================================================================================
2026-01-20T22:48:46.301 | Step 69 | Particle 181 | GLOBAL BEST!
Global Improvement: 0.0006901041666664831
  Move 1: TRIPLE_SWAP | Indices: (4, 221, 85)
=================================================================================
=================================================================================
2026-01-20T22:49:01.407 | Step 186 | Particle 49 | GLOBAL BEST!
Global Improvement: 0.00043619791666671404
  Move 1: TRIPLE_SWAP | Indices: (149, 90, 145)
=================================================================================
=================================================================================
2026-01-20T22:49:01.796 | Step 189 | Particle 49 | GLOBAL BEST!
Global Improvement: 9.765624999991118e-5
  Move 1: TRIPLE_SWAP | Indices: (139, 202, 230)
=================================================================================
=================================================================================
2026-01-20T22:49:04.380 | Step 209 | Particle 182 | GLOBAL BEST!
Global Improvement: 0.0003450520833334636
  Move 1: TRIPLE_SWAP | Indices: (170, 89, 193)
=================================================================================
=================================================================================
2026-01-20T22:49:06.785 | Step 227 | Particle 87 | GLOBAL BEST!
Global Improvement: 0.000381634424603039
  Move 1: TRIPLE_SWAP | Indices: (216, 172, 25)
=================================================================================
=================================================================================
2026-01-20T22:49:07.044 | Step 229 | Particle 87 | GLOBAL BEST!
Global Improvement: 0.0007356770833335524
  Move 1: TRIPLE_SWAP | Indices: (129, 128, 107)
=================================================================================
=================================================================================
2026-01-20T22:49:12.964 | Step 271 | Particle 193 | GLOBAL BEST!
Global Improvement: 0.0008423239087300693
  Move 1: TRIPLE_SWAP | Indices: (78, 5, 119)
=================================================================================
=================================================================================
2026-01-20T22:49:13.246 | Step 273 | Particle 193 | GLOBAL BEST!
Global Improvement: 0.0001953125000000444
  Move 1: TRIPLE_SWAP | Indices: (170, 20, 142)
=================================================================================
=================================================================================
2026-01-20T22:50:49.911 | Step 911 | Particle 36 | GLOBAL BEST!
Global Improvement: 0.00024739583333333037
  Move 1: TRIPLE_SWAP | Indices: (153, 206, 122)
=================================================================================
=================================================================================
2026-01-20T22:51:09.256 | Step 1016 | Particle 180 | GLOBAL BEST!
Global Improvement: 0.0003906249999998668
  Move 1: TRIPLE_SWAP | Indices: (51, 175, 18)
=================================================================================
=================================================================================
2026-01-20T22:52:25.819 | Step 1376 | Particle 138 | GLOBAL BEST!
Global Improvement: 9.765625000013323e-5
  Move 1: TRIPLE_SWAP | Indices: (164, 12, 22)
=================================================================================
=================================================================================
2026-01-20T22:52:26.033 | Step 1377 | Particle 138 | GLOBAL BEST!
Global Improvement: 0.0007356770833333304
  Move 1: TRIPLE_SWAP | Indices: (96, 123, 13)
=================================================================================
=================================================================================
2026-01-20T22:53:18.787 | Step 1613 | Particle 24 | GLOBAL BEST!
Global Improvement: 0.0005769469246030834
  Move 1: TRIPLE_SWAP | Indices: (56, 185, 186)
=================================================================================
