# V5: GUIDED SWAP KAPALI - Ablation Study
# Started on: 2026-01-20T23:49:54.655

=================================================================================
2026-01-20T23:49:54.865 | Step 1 | Particle 2 | GLOBAL BEST!
Global Improvement: 0.003574218749999858
  Move 1: TRIPLE_SWAP | Indices: (75, 194, 11)
=================================================================================
=================================================================================
2026-01-20T23:49:54.884 | Step 1 | Particle 3 | GLOBAL BEST!
Global Improvement: 0.0019140625000000355
  Move 1: TRIPLE_SWAP | Indices: (139, 112, 203)
  Move 2: RANDOM_SWAP | Indices: (225, 236)
  Move 3: RANDOM_SWAP | Indices: (230, 57)
=================================================================================
=================================================================================
2026-01-20T23:49:54.898 | Step 1 | Particle 14 | GLOBAL BEST!
Global Improvement: 0.006455853174603288
  Move 1: TRIPLE_SWAP | Indices: (52, 228, 1)
  Move 2: RANDOM_SWAP | Indices: (214, 155)
  Move 3: RANDOM_SWAP | Indices: (3, 131)
  Move 4: RANDOM_SWAP | Indices: (128, 109)
  Move 5: RANDOM_SWAP | Indices: (39, 18)
=================================================================================
=================================================================================
2026-01-20T23:49:54.940 | Step 1 | Particle 126 | GLOBAL BEST!
Global Improvement: 0.0006835937500000444
  Move 1: TRIPLE_SWAP | Indices: (164, 111, 23)
  Move 2: RANDOM_SWAP | Indices: (212, 223)
  Move 3: RANDOM_SWAP | Indices: (68, 83)
  Move 4: RANDOM_SWAP | Indices: (64, 250)
  Move 5: RANDOM_SWAP | Indices: (239, 56)
=================================================================================
=================================================================================
2026-01-20T23:49:55.087 | Step 2 | Particle 72 | GLOBAL BEST!
Global Improvement: 0.0007356770833333304
  Move 1: TRIPLE_SWAP | Indices: (70, 215, 72)
  Move 2: RANDOM_SWAP | Indices: (62, 60)
=================================================================================
=================================================================================
2026-01-20T23:49:55.091 | Step 2 | Particle 81 | GLOBAL BEST!
Global Improvement: 9.765624999991118e-5
  Move 1: TRIPLE_SWAP | Indices: (67, 39, 253)
=================================================================================
=================================================================================
2026-01-20T23:49:55.108 | Step 2 | Particle 126 | GLOBAL BEST!
Global Improvement: 0.0024544270833333215
  Move 1: TRIPLE_SWAP | Indices: (28, 19, 27)
  Move 2: RANDOM_SWAP | Indices: (235, 214)
  Move 3: RANDOM_SWAP | Indices: (209, 29)
  Move 4: RANDOM_SWAP | Indices: (34, 167)
  Move 5: RANDOM_SWAP | Indices: (131, 163)
  Move 6: RANDOM_SWAP | Indices: (41, 195)
=================================================================================
=================================================================================
2026-01-20T23:49:55.382 | Step 3 | Particle 8 | GLOBAL BEST!
Global Improvement: 4.557291666662522e-5
  Move 1: TRIPLE_SWAP | Indices: (23, 164, 77)
=================================================================================
=================================================================================
2026-01-20T23:49:55.384 | Step 3 | Particle 14 | GLOBAL BEST!
Global Improvement: 0.00024739583333333037
  Move 1: TRIPLE_SWAP | Indices: (206, 5, 94)
  Move 2: RANDOM_SWAP | Indices: (59, 100)
  Move 3: RANDOM_SWAP | Indices: (156, 167)
  Move 4: RANDOM_SWAP | Indices: (82, 144)
  Move 5: RANDOM_SWAP | Indices: (219, 131)
=================================================================================
=================================================================================
2026-01-20T23:49:55.426 | Step 3 | Particle 126 | GLOBAL BEST!
Global Improvement: 0.0022526041666666163
  Move 1: TRIPLE_SWAP | Indices: (154, 174, 153)
=================================================================================
=================================================================================
2026-01-20T23:49:55.596 | Step 4 | Particle 126 | GLOBAL BEST!
Global Improvement: 0.000540364583333508
  Move 1: TRIPLE_SWAP | Indices: (176, 44, 59)
  Move 2: RANDOM_SWAP | Indices: (96, 187)
  Move 3: RANDOM_SWAP | Indices: (234, 115)
=================================================================================
=================================================================================
2026-01-20T23:49:55.715 | Step 5 | Particle 21 | GLOBAL BEST!
Global Improvement: 0.0017643229166666163
  Move 1: TRIPLE_SWAP | Indices: (132, 61, 85)
=================================================================================
=================================================================================
2026-01-20T23:49:55.756 | Step 5 | Particle 126 | GLOBAL BEST!
Global Improvement: 0.00259765625000008
  Move 1: TRIPLE_SWAP | Indices: (89, 196, 234)
=================================================================================
=================================================================================
2026-01-20T23:49:56.038 | Step 7 | Particle 30 | GLOBAL BEST!
Global Improvement: 0.0008398437499999023
  Move 1: TRIPLE_SWAP | Indices: (70, 117, 141)
=================================================================================
=================================================================================
2026-01-20T23:49:56.180 | Step 8 | Particle 21 | GLOBAL BEST!
Global Improvement: 0.0006835937500000444
  Move 1: TRIPLE_SWAP | Indices: (48, 214, 113)
=================================================================================
=================================================================================
2026-01-20T23:49:56.191 | Step 8 | Particle 49 | GLOBAL BEST!
Global Improvement: 0.0012239583333333304
  Move 1: TRIPLE_SWAP | Indices: (211, 247, 256)
=================================================================================
=================================================================================
2026-01-20T23:49:56.343 | Step 9 | Particle 49 | GLOBAL BEST!
Global Improvement: 0.0009309895833333748
  Move 1: TRIPLE_SWAP | Indices: (83, 147, 220)
=================================================================================
=================================================================================
2026-01-20T23:49:56.635 | Step 11 | Particle 65 | GLOBAL BEST!
Global Improvement: 0.0005859374999999112
  Move 1: TRIPLE_SWAP | Indices: (212, 107, 150)
=================================================================================
=================================================================================
2026-01-20T23:49:56.761 | Step 12 | Particle 30 | GLOBAL BEST!
Global Improvement: 0.0029427083333333215
  Move 1: TRIPLE_SWAP | Indices: (130, 88, 203)
=================================================================================
=================================================================================
2026-01-20T23:49:57.595 | Step 18 | Particle 166 | GLOBAL BEST!
Global Improvement: 0.0003906250000000888
  Move 1: TRIPLE_SWAP | Indices: (60, 71, 139)
=================================================================================
=================================================================================
2026-01-20T23:49:57.709 | Step 19 | Particle 166 | GLOBAL BEST!
Global Improvement: 9.765624999991118e-5
  Move 1: TRIPLE_SWAP | Indices: (38, 45, 7)
=================================================================================
=================================================================================
2026-01-20T23:49:58.404 | Step 24 | Particle 176 | GLOBAL BEST!
Global Improvement: 0.0007356770833333304
  Move 1: TRIPLE_SWAP | Indices: (123, 235, 122)
=================================================================================
=================================================================================
2026-01-20T23:49:58.653 | Step 26 | Particle 176 | GLOBAL BEST!
Global Improvement: 9.765624999991118e-5
  Move 1: TRIPLE_SWAP | Indices: (154, 233, 83)
=================================================================================
=================================================================================
2026-01-20T23:49:58.784 | Step 27 | Particle 176 | GLOBAL BEST!
Global Improvement: 0.0002473958333335524
  Move 1: TRIPLE_SWAP | Indices: (189, 27, 101)
=================================================================================
=================================================================================
2026-01-20T23:49:58.886 | Step 28 | Particle 111 | GLOBAL BEST!
Global Improvement: 0.0009309895833331527
  Move 1: TRIPLE_SWAP | Indices: (254, 98, 236)
=================================================================================
=================================================================================
2026-01-20T23:49:59.046 | Step 29 | Particle 176 | GLOBAL BEST!
Global Improvement: 9.765625000013323e-5
  Move 1: TRIPLE_SWAP | Indices: (122, 214, 4)
=================================================================================
=================================================================================
2026-01-20T23:49:59.146 | Step 30 | Particle 111 | GLOBAL BEST!
Global Improvement: 0.0001953125000000444
  Move 1: TRIPLE_SWAP | Indices: (128, 191, 101)
=================================================================================
=================================================================================
2026-01-20T23:50:00.643 | Step 41 | Particle 90 | GLOBAL BEST!
Global Improvement: 0.00044270833333315274
  Move 1: TRIPLE_SWAP | Indices: (110, 54, 31)
=================================================================================
=================================================================================
2026-01-20T23:50:00.781 | Step 42 | Particle 90 | GLOBAL BEST!
Global Improvement: 0.0009309895833333748
  Move 1: TRIPLE_SWAP | Indices: (239, 246, 45)
=================================================================================
=================================================================================
2026-01-20T23:50:01.856 | Step 48 | Particle 99 | GLOBAL BEST!
Global Improvement: 0.0001953125000000444
  Move 1: TRIPLE_SWAP | Indices: (163, 108, 29)
=================================================================================
=================================================================================
2026-01-20T23:50:02.354 | Step 52 | Particle 90 | GLOBAL BEST!
Global Improvement: 0.0002929687499999556
  Move 1: TRIPLE_SWAP | Indices: (148, 191, 3)
=================================================================================
=================================================================================
2026-01-20T23:50:04.368 | Step 68 | Particle 49 | GLOBAL BEST!
Global Improvement: 5.2083333333285964e-5
  Move 1: TRIPLE_SWAP | Indices: (72, 169, 139)
=================================================================================
=================================================================================
2026-01-20T23:50:07.073 | Step 86 | Particle 111 | GLOBAL BEST!
Global Improvement: 0.00048828125
  Move 1: TRIPLE_SWAP | Indices: (146, 76, 50)
=================================================================================
=================================================================================
2026-01-20T23:50:07.216 | Step 87 | Particle 111 | GLOBAL BEST!
Global Improvement: 0.0001953125000000444
  Move 1: RANDOM_SWAP | Indices: (224, 99)
=================================================================================
=================================================================================
2026-01-20T23:50:08.219 | Step 95 | Particle 110 | GLOBAL BEST!
Global Improvement: 9.765624999991118e-5
  Move 1: TRIPLE_SWAP | Indices: (251, 233, 49)
=================================================================================
=================================================================================
2026-01-20T23:50:15.705 | Step 150 | Particle 107 | GLOBAL BEST!
Global Improvement: 0.0007356770833335524
  Move 1: TRIPLE_SWAP | Indices: (99, 187, 203)
=================================================================================
=================================================================================
2026-01-20T23:50:20.691 | Step 189 | Particle 191 | GLOBAL BEST!
Global Improvement: 9.765624999991118e-5
  Move 1: TRIPLE_SWAP | Indices: (18, 17, 220)
=================================================================================
=================================================================================
2026-01-20T23:51:00.251 | Step 478 | Particle 190 | GLOBAL BEST!
Global Improvement: 0.0001497395833334192
  Move 1: TRIPLE_SWAP | Indices: (92, 156, 22)
=================================================================================
=================================================================================
2026-01-20T23:51:04.994 | Step 513 | Particle 129 | GLOBAL BEST!
Global Improvement: 9.765624999991118e-5
  Move 1: TRIPLE_SWAP | Indices: (246, 132, 51)
=================================================================================
=================================================================================
2026-01-20T23:51:15.333 | Step 583 | Particle 85 | GLOBAL BEST!
Global Improvement: 0.00023189484126984183
  Move 1: TRIPLE_SWAP | Indices: (162, 237, 131)
=================================================================================
=================================================================================
2026-01-20T23:51:24.087 | Step 636 | Particle 7 | GLOBAL BEST!
Global Improvement: 0.00025638640873015817
  Move 1: TRIPLE_SWAP | Indices: (145, 235, 32)
=================================================================================
=================================================================================
2026-01-20T23:51:31.500 | Step 683 | Particle 87 | GLOBAL BEST!
Global Improvement: 9.765624999991118e-5
  Move 1: TRIPLE_SWAP | Indices: (154, 61, 158)
=================================================================================
=================================================================================
2026-01-20T23:52:01.788 | Step 869 | Particle 27 | GLOBAL BEST!
Global Improvement: 0.002207031249999991
  Move 1: RANDOM_SWAP | Indices: (90, 75)
  Move 2: RANDOM_SWAP | Indices: (253, 107)
  Move 3: RANDOM_SWAP | Indices: (130, 175)
  Move 4: RANDOM_SWAP | Indices: (59, 62)
=================================================================================
=================================================================================
2026-01-20T23:52:02.522 | Step 873 | Particle 27 | GLOBAL BEST!
Global Improvement: 9.765625000013323e-5
  Move 1: TRIPLE_SWAP | Indices: (52, 21, 215)
=================================================================================
=================================================================================
2026-01-20T23:53:39.086 | Step 1351 | Particle 105 | GLOBAL BEST!
Global Improvement: 9.765624999991118e-5
  Move 1: TRIPLE_SWAP | Indices: (143, 191, 24)
=================================================================================
=================================================================================
2026-01-20T23:58:51.159 | Step 2730 | Particle 9 | GLOBAL BEST!
Global Improvement: 0.0006746031746032166
  Move 1: TRIPLE_SWAP | Indices: (75, 144, 31)
=================================================================================
