# V5: GUIDED SWAP KAPALI - Ablation Study
# Started on: 2026-01-20T10:23:11.412

=================================================================================
2026-01-20T10:23:11.597 | Step 1 | Particle 2 | GLOBAL BEST!
Global Improvement: 0.0011718750000000444
  Move 1: TRIPLE_SWAP | Indices: (243, 86, 42)
=================================================================================
=================================================================================
2026-01-20T10:23:11.622 | Step 1 | Particle 14 | GLOBAL BEST!
Global Improvement: 0.004101562499999933
  Move 1: TRIPLE_SWAP | Indices: (110, 243, 179)
  Move 2: RANDOM_SWAP | Indices: (118, 208)
  Move 3: RANDOM_SWAP | Indices: (56, 95)
  Move 4: RANDOM_SWAP | Indices: (149, 179)
  Move 5: RANDOM_SWAP | Indices: (64, 143)
=================================================================================
=================================================================================
2026-01-20T10:23:11.636 | Step 1 | Particle 24 | GLOBAL BEST!
Global Improvement: 0.002050781250000022
  Move 1: TRIPLE_SWAP | Indices: (9, 212, 28)
  Move 2: RANDOM_SWAP | Indices: (230, 116)
  Move 3: RANDOM_SWAP | Indices: (166, 84)
  Move 4: RANDOM_SWAP | Indices: (249, 183)
=================================================================================
=================================================================================
2026-01-20T10:23:11.800 | Step 2 | Particle 2 | GLOBAL BEST!
Global Improvement: 0.002343749999999978
  Move 1: TRIPLE_SWAP | Indices: (217, 195, 205)
=================================================================================
=================================================================================
2026-01-20T10:23:11.804 | Step 2 | Particle 11 | GLOBAL BEST!
Global Improvement: 0.0015625000000000222
  Move 1: TRIPLE_SWAP | Indices: (101, 242, 237)
  Move 2: RANDOM_SWAP | Indices: (38, 6)
  Move 3: RANDOM_SWAP | Indices: (130, 139)
  Move 4: RANDOM_SWAP | Indices: (233, 75)
=================================================================================
=================================================================================
2026-01-20T10:23:11.831 | Step 2 | Particle 80 | GLOBAL BEST!
Global Improvement: 0.005273437499999978
  Move 1: TRIPLE_SWAP | Indices: (215, 112, 89)
  Move 2: RANDOM_SWAP | Indices: (243, 244)
  Move 3: RANDOM_SWAP | Indices: (79, 117)
  Move 4: RANDOM_SWAP | Indices: (120, 217)
  Move 5: RANDOM_SWAP | Indices: (91, 189)
=================================================================================
=================================================================================
2026-01-20T10:23:12.166 | Step 3 | Particle 80 | GLOBAL BEST!
Global Improvement: 0.003027343750000022
  Move 1: TRIPLE_SWAP | Indices: (135, 82, 4)
=================================================================================
=================================================================================
2026-01-20T10:23:12.344 | Step 4 | Particle 80 | GLOBAL BEST!
Global Improvement: 0.0015625000000000222
  Move 1: TRIPLE_SWAP | Indices: (47, 34, 198)
=================================================================================
=================================================================================
2026-01-20T10:23:12.662 | Step 6 | Particle 80 | GLOBAL BEST!
Global Improvement: 0.0017578124999999556
  Move 1: TRIPLE_SWAP | Indices: (73, 223, 208)
=================================================================================
=================================================================================
2026-01-20T10:23:12.956 | Step 8 | Particle 31 | GLOBAL BEST!
Global Improvement: 0.0002929687500000666
  Move 1: TRIPLE_SWAP | Indices: (80, 224, 84)
=================================================================================
=================================================================================
2026-01-20T10:23:13.141 | Step 9 | Particle 116 | GLOBAL BEST!
Global Improvement: 9.76562500000222e-5
  Move 1: TRIPLE_SWAP | Indices: (192, 123, 237)
=================================================================================
=================================================================================
2026-01-20T10:23:13.152 | Step 9 | Particle 142 | GLOBAL BEST!
Global Improvement: 0.001464843749999889
  Move 1: TRIPLE_SWAP | Indices: (251, 117, 2)
  Move 2: RANDOM_SWAP | Indices: (52, 75)
  Move 3: RANDOM_SWAP | Indices: (228, 234)
  Move 4: RANDOM_SWAP | Indices: (208, 32)
  Move 5: RANDOM_SWAP | Indices: (6, 152)
  Move 6: RANDOM_SWAP | Indices: (131, 86)
=================================================================================
=================================================================================
2026-01-20T10:23:13.257 | Step 10 | Particle 31 | GLOBAL BEST!
Global Improvement: 0.0011718750000000444
  Move 1: TRIPLE_SWAP | Indices: (21, 2, 202)
=================================================================================
=================================================================================
2026-01-20T10:23:13.445 | Step 11 | Particle 142 | GLOBAL BEST!
Global Improvement: 0.0003906249999999778
  Move 1: TRIPLE_SWAP | Indices: (74, 135, 252)
=================================================================================
=================================================================================
2026-01-20T10:23:13.542 | Step 12 | Particle 15 | GLOBAL BEST!
Global Improvement: 9.76562500000222e-5
  Move 1: TRIPLE_SWAP | Indices: (145, 6, 27)
=================================================================================
=================================================================================
2026-01-20T10:23:13.549 | Step 12 | Particle 31 | GLOBAL BEST!
Global Improvement: 0.0007812500000000666
  Move 1: TRIPLE_SWAP | Indices: (163, 129, 210)
=================================================================================
=================================================================================
2026-01-20T10:23:13.685 | Step 13 | Particle 31 | GLOBAL BEST!
Global Improvement: 0.0010742187499999112
  Move 1: TRIPLE_SWAP | Indices: (172, 194, 116)
=================================================================================
=================================================================================
2026-01-20T10:23:13.816 | Step 14 | Particle 31 | GLOBAL BEST!
Global Improvement: 0.0005859375000000222
  Move 1: RANDOM_SWAP | Indices: (172, 37)
=================================================================================
=================================================================================
2026-01-20T10:23:16.005 | Step 31 | Particle 66 | GLOBAL BEST!
Global Improvement: 0.0006835937499999334
  Move 1: TRIPLE_SWAP | Indices: (145, 71, 231)
=================================================================================
=================================================================================
2026-01-20T10:23:17.937 | Step 46 | Particle 83 | GLOBAL BEST!
Global Improvement: 0.0005859375000001332
  Move 1: TRIPLE_SWAP | Indices: (21, 130, 8)
=================================================================================
=================================================================================
2026-01-20T10:23:18.221 | Step 48 | Particle 154 | GLOBAL BEST!
Global Improvement: 0.0031249999999999334
  Move 1: TRIPLE_SWAP | Indices: (74, 123, 153)
=================================================================================
=================================================================================
2026-01-20T10:24:06.999 | Step 410 | Particle 75 | GLOBAL BEST!
Global Improvement: 0.0022460937499999556
  Move 1: TRIPLE_SWAP | Indices: (206, 90, 82)
=================================================================================
=================================================================================
2026-01-20T10:26:03.897 | Step 1097 | Particle 47 | GLOBAL BEST!
Global Improvement: 0.0003906250000000888
  Move 1: TRIPLE_SWAP | Indices: (203, 230, 162)
=================================================================================
=================================================================================
2026-01-20T10:26:04.303 | Step 1099 | Particle 47 | GLOBAL BEST!
Global Improvement: 0.0008789062499999778
  Move 1: TRIPLE_SWAP | Indices: (220, 99, 206)
=================================================================================
=================================================================================
2026-01-20T10:26:14.865 | Step 1148 | Particle 20 | GLOBAL BEST!
Global Improvement: 0.0003906249999999778
  Move 1: TRIPLE_SWAP | Indices: (210, 50, 199)
=================================================================================
=================================================================================
2026-01-20T10:26:15.694 | Step 1152 | Particle 20 | GLOBAL BEST!
Global Improvement: 0.0001953125000000444
  Move 1: TRIPLE_SWAP | Indices: (55, 73, 157)
=================================================================================
=================================================================================
2026-01-20T10:26:30.376 | Step 1221 | Particle 158 | GLOBAL BEST!
Global Improvement: 0.0009765625
  Move 1: TRIPLE_SWAP | Indices: (177, 152, 33)
=================================================================================
=================================================================================
2026-01-20T10:29:29.744 | Step 2031 | Particle 111 | GLOBAL BEST!
Global Improvement: 0.0006835937499999334
  Move 1: TRIPLE_SWAP | Indices: (5, 121, 203)
=================================================================================
