# V5: GUIDED SWAP KAPALI - Ablation Study
# Started on: 2026-01-21T23:26:29.132

=================================================================================
2026-01-21T23:26:29.456 | Step 1 | Particle 3 | GLOBAL BEST!
Global Improvement: 0.0017643229166668384
  Move 1: RANDOM_SWAP | Indices: (225, 125)
  Move 2: RANDOM_SWAP | Indices: (110, 226)
  Move 3: RANDOM_SWAP | Indices: (61, 13)
  Move 4: RANDOM_SWAP | Indices: (202, 208)
=================================================================================
=================================================================================
2026-01-21T23:26:29.481 | Step 1 | Particle 14 | GLOBAL BEST!
Global Improvement: 0.0007722594246029058
  Move 1: TRIPLE_SWAP | Indices: (135, 67, 55)
=================================================================================
=================================================================================
2026-01-21T23:26:29.494 | Step 1 | Particle 15 | GLOBAL BEST!
Global Improvement: 0.00011315724206362177
  Move 1: TRIPLE_SWAP | Indices: (73, 210, 204)
  Move 2: RANDOM_SWAP | Indices: (87, 206)
  Move 3: RANDOM_SWAP | Indices: (162, 169)
=================================================================================
=================================================================================
2026-01-21T23:26:29.505 | Step 1 | Particle 38 | GLOBAL BEST!
Global Improvement: 0.00023189484126984183
  Move 1: TRIPLE_SWAP | Indices: (243, 135, 29)
=================================================================================
=================================================================================
2026-01-21T23:26:29.506 | Step 1 | Particle 41 | GLOBAL BEST!
Global Improvement: 0.0014803447420634885
  Move 1: TRIPLE_SWAP | Indices: (5, 42, 195)
  Move 2: RANDOM_SWAP | Indices: (218, 183)
  Move 3: RANDOM_SWAP | Indices: (61, 106)
  Move 4: RANDOM_SWAP | Indices: (121, 144)
=================================================================================
=================================================================================
2026-01-21T23:26:29.514 | Step 1 | Particle 62 | GLOBAL BEST!
Global Improvement: 0.001462363591269833
  Move 1: TRIPLE_SWAP | Indices: (48, 172, 186)
  Move 2: RANDOM_SWAP | Indices: (53, 47)
  Move 3: RANDOM_SWAP | Indices: (34, 157)
  Move 4: RANDOM_SWAP | Indices: (64, 9)
  Move 5: RANDOM_SWAP | Indices: (256, 137)
  Move 6: RANDOM_SWAP | Indices: (69, 153)
=================================================================================
=================================================================================
2026-01-21T23:26:29.555 | Step 1 | Particle 167 | GLOBAL BEST!
Global Improvement: 0.0001953125000000444
  Move 1: TRIPLE_SWAP | Indices: (240, 256, 135)
=================================================================================
=================================================================================
2026-01-21T23:26:29.667 | Step 2 | Particle 21 | GLOBAL BEST!
Global Improvement: 0.0003906250000000888
  Move 1: TRIPLE_SWAP | Indices: (127, 213, 64)
=================================================================================
=================================================================================
2026-01-21T23:26:29.675 | Step 2 | Particle 41 | GLOBAL BEST!
Global Improvement: 0.002057291666666572
  Move 1: TRIPLE_SWAP | Indices: (56, 82, 204)
=================================================================================
=================================================================================
2026-01-21T23:26:30.042 | Step 3 | Particle 62 | GLOBAL BEST!
Global Improvement: 0.0007877604166666163
  Move 1: RANDOM_SWAP | Indices: (17, 160)
  Move 2: RANDOM_SWAP | Indices: (169, 111)
=================================================================================
=================================================================================
2026-01-21T23:26:30.197 | Step 4 | Particle 16 | GLOBAL BEST!
Global Improvement: 0.00048828125
  Move 1: TRIPLE_SWAP | Indices: (21, 216, 79)
=================================================================================
=================================================================================
2026-01-21T23:26:30.201 | Step 4 | Particle 25 | GLOBAL BEST!
Global Improvement: 0.0003450520833334636
  Move 1: TRIPLE_SWAP | Indices: (216, 122, 85)
=================================================================================
=================================================================================
2026-01-21T23:26:30.236 | Step 4 | Particle 114 | GLOBAL BEST!
Global Improvement: 0.0011263020833331971
  Move 1: TRIPLE_SWAP | Indices: (82, 81, 123)
=================================================================================
=================================================================================
2026-01-21T23:26:30.385 | Step 5 | Particle 74 | GLOBAL BEST!
Global Improvement: 0.0014192708333333748
  Move 1: TRIPLE_SWAP | Indices: (94, 100, 98)
=================================================================================
=================================================================================
2026-01-21T23:26:30.530 | Step 6 | Particle 25 | GLOBAL BEST!
Global Improvement: 0.0008333333333332416
  Move 1: TRIPLE_SWAP | Indices: (123, 77, 107)
=================================================================================
=================================================================================
2026-01-21T23:26:30.681 | Step 7 | Particle 3 | GLOBAL BEST!
Global Improvement: 0.0001497395833334192
  Move 1: TRIPLE_SWAP | Indices: (88, 205, 233)
=================================================================================
=================================================================================
2026-01-21T23:26:30.686 | Step 7 | Particle 16 | GLOBAL BEST!
Global Improvement: 0.0004427083333333748
  Move 1: TRIPLE_SWAP | Indices: (148, 2, 199)
=================================================================================
=================================================================================
2026-01-21T23:26:30.868 | Step 8 | Particle 74 | GLOBAL BEST!
Global Improvement: 0.000436197916666492
  Move 1: TRIPLE_SWAP | Indices: (78, 208, 64)
=================================================================================
=================================================================================
2026-01-21T23:26:31.034 | Step 9 | Particle 110 | GLOBAL BEST!
Global Improvement: 0.000540364583333508
  Move 1: TRIPLE_SWAP | Indices: (106, 229, 79)
=================================================================================
=================================================================================
2026-01-21T23:26:31.156 | Step 10 | Particle 71 | GLOBAL BEST!
Global Improvement: 0.00014973958333319715
  Move 1: TRIPLE_SWAP | Indices: (151, 6, 165)
=================================================================================
=================================================================================
2026-01-21T23:26:31.202 | Step 10 | Particle 188 | GLOBAL BEST!
Global Improvement: 0.00029296875000017764
  Move 1: TRIPLE_SWAP | Indices: (20, 193, 246)
  Move 2: RANDOM_SWAP | Indices: (22, 8)
  Move 3: RANDOM_SWAP | Indices: (178, 86)
  Move 4: RANDOM_SWAP | Indices: (161, 83)
  Move 5: RANDOM_SWAP | Indices: (191, 227)
=================================================================================
=================================================================================
2026-01-21T23:26:31.420 | Step 12 | Particle 16 | GLOBAL BEST!
Global Improvement: 0.0009309895833333748
  Move 1: TRIPLE_SWAP | Indices: (91, 120, 214)
=================================================================================
=================================================================================
2026-01-21T23:26:31.572 | Step 13 | Particle 38 | GLOBAL BEST!
Global Improvement: 0.0005859374999999112
  Move 1: TRIPLE_SWAP | Indices: (54, 200, 114)
=================================================================================
=================================================================================
2026-01-21T23:26:31.705 | Step 14 | Particle 38 | GLOBAL BEST!
Global Improvement: 0.000540364583333286
  Move 1: TRIPLE_SWAP | Indices: (182, 64, 206)
=================================================================================
=================================================================================
2026-01-21T23:26:31.896 | Step 15 | Particle 182 | GLOBAL BEST!
Global Improvement: 0.0001953125000000444
  Move 1: TRIPLE_SWAP | Indices: (129, 115, 39)
=================================================================================
=================================================================================
2026-01-21T23:26:32.266 | Step 18 | Particle 137 | GLOBAL BEST!
Global Improvement: 5.2083333333285964e-5
  Move 1: TRIPLE_SWAP | Indices: (215, 85, 149)
  Move 2: RANDOM_SWAP | Indices: (38, 122)
=================================================================================
=================================================================================
2026-01-21T23:26:32.406 | Step 19 | Particle 193 | GLOBAL BEST!
Global Improvement: 0.0001497395833334192
  Move 1: TRIPLE_SWAP | Indices: (240, 154, 83)
=================================================================================
=================================================================================
2026-01-21T23:26:32.467 | Step 20 | Particle 21 | GLOBAL BEST!
Global Improvement: 0.003131510416666705
  Move 1: TRIPLE_SWAP | Indices: (190, 20, 104)
  Move 2: RANDOM_SWAP | Indices: (67, 146)
=================================================================================
=================================================================================
2026-01-21T23:27:38.370 | Step 503 | Particle 49 | GLOBAL BEST!
Global Improvement: 9.765624999991118e-5
  Move 1: TRIPLE_SWAP | Indices: (5, 64, 37)
=================================================================================
=================================================================================
2026-01-21T23:27:41.251 | Step 521 | Particle 122 | GLOBAL BEST!
Global Improvement: 0.0006380208333334192
  Move 1: TRIPLE_SWAP | Indices: (74, 68, 251)
=================================================================================
=================================================================================
2026-01-21T23:28:12.936 | Step 725 | Particle 44 | GLOBAL BEST!
Global Improvement: 0.00019531249999982236
  Move 1: TRIPLE_SWAP | Indices: (218, 252, 214)
=================================================================================
=================================================================================
2026-01-21T23:28:25.714 | Step 799 | Particle 188 | GLOBAL BEST!
Global Improvement: 0.0007356770833333304
  Move 1: TRIPLE_SWAP | Indices: (62, 234, 44)
=================================================================================
=================================================================================
2026-01-21T23:29:06.176 | Step 1018 | Particle 162 | GLOBAL BEST!
Global Improvement: 0.000381634424603261
  Move 1: TRIPLE_SWAP | Indices: (25, 188, 209)
=================================================================================
=================================================================================
2026-01-21T23:29:21.053 | Step 1092 | Particle 32 | GLOBAL BEST!
Global Improvement: 0.0004516989087302026
  Move 1: TRIPLE_SWAP | Indices: (99, 15, 139)
=================================================================================
=================================================================================
2026-01-21T23:30:13.178 | Step 1346 | Particle 185 | GLOBAL BEST!
Global Improvement: 0.0004792906746031722
  Move 1: TRIPLE_SWAP | Indices: (5, 214, 34)
=================================================================================
=================================================================================
2026-01-21T23:30:13.808 | Step 1349 | Particle 185 | GLOBAL BEST!
Global Improvement: 0.0002929687499999556
  Move 1: TRIPLE_SWAP | Indices: (109, 190, 63)
=================================================================================
=================================================================================
2026-01-21T23:30:28.439 | Step 1418 | Particle 62 | GLOBAL BEST!
Global Improvement: 0.0008333333333332416
  Move 1: TRIPLE_SWAP | Indices: (139, 87, 180)
=================================================================================
=================================================================================
2026-01-21T23:40:37.060 | Step 4239 | Particle 151 | GLOBAL BEST!
Global Improvement: 0.00024739583333333037
  Move 1: TRIPLE_SWAP | Indices: (11, 80, 19)
=================================================================================
