# V5: GUIDED SWAP KAPALI - Ablation Study
# Started on: 2026-01-21T00:07:40.630

=================================================================================
2026-01-21T00:07:40.881 | Step 1 | Particle 2 | GLOBAL BEST!
Global Improvement: 0.004548301091269691
  Move 1: TRIPLE_SWAP | Indices: (48, 39, 46)
=================================================================================
=================================================================================
2026-01-21T00:07:40.926 | Step 1 | Particle 61 | GLOBAL BEST!
Global Improvement: 0.0024023437500000355
  Move 1: TRIPLE_SWAP | Indices: (99, 43, 48)
  Move 2: RANDOM_SWAP | Indices: (148, 198)
  Move 3: RANDOM_SWAP | Indices: (221, 18)
  Move 4: RANDOM_SWAP | Indices: (7, 135)
  Move 5: RANDOM_SWAP | Indices: (192, 50)
  Move 6: RANDOM_SWAP | Indices: (201, 115)
=================================================================================
=================================================================================
2026-01-21T00:07:41.089 | Step 2 | Particle 13 | GLOBAL BEST!
Global Improvement: 0.0027408854166666163
  Move 1: TRIPLE_SWAP | Indices: (192, 251, 23)
  Move 2: RANDOM_SWAP | Indices: (253, 78)
  Move 3: RANDOM_SWAP | Indices: (166, 67)
  Move 4: RANDOM_SWAP | Indices: (90, 1)
=================================================================================
=================================================================================
2026-01-21T00:07:41.107 | Step 2 | Particle 61 | GLOBAL BEST!
Global Improvement: 0.0002929687499999556
  Move 1: TRIPLE_SWAP | Indices: (36, 173, 126)
  Move 2: RANDOM_SWAP | Indices: (174, 161)
  Move 3: RANDOM_SWAP | Indices: (127, 54)
  Move 4: RANDOM_SWAP | Indices: (137, 31)
  Move 5: RANDOM_SWAP | Indices: (186, 68)
=================================================================================
=================================================================================
2026-01-21T00:07:41.142 | Step 2 | Particle 149 | GLOBAL BEST!
Global Improvement: 0.0006380208333334192
  Move 1: TRIPLE_SWAP | Indices: (198, 6, 106)
=================================================================================
=================================================================================
2026-01-21T00:07:41.426 | Step 3 | Particle 13 | GLOBAL BEST!
Global Improvement: 0.002154947916666705
  Move 1: TRIPLE_SWAP | Indices: (156, 59, 8)
=================================================================================
=================================================================================
2026-01-21T00:07:41.444 | Step 3 | Particle 59 | GLOBAL BEST!
Global Improvement: 0.0017187499999999911
  Move 1: TRIPLE_SWAP | Indices: (197, 51, 256)
  Move 2: RANDOM_SWAP | Indices: (152, 160)
  Move 3: RANDOM_SWAP | Indices: (99, 37)
  Move 4: RANDOM_SWAP | Indices: (175, 43)
=================================================================================
=================================================================================
2026-01-21T00:07:41.612 | Step 4 | Particle 47 | GLOBAL BEST!
Global Improvement: 0.001028645833333286
  Move 1: TRIPLE_SWAP | Indices: (21, 155, 117)
=================================================================================
=================================================================================
2026-01-21T00:07:41.617 | Step 4 | Particle 59 | GLOBAL BEST!
Global Improvement: 0.0027929687500001243
  Move 1: TRIPLE_SWAP | Indices: (99, 148, 27)
=================================================================================
=================================================================================
2026-01-21T00:07:41.779 | Step 5 | Particle 59 | GLOBAL BEST!
Global Improvement: 0.0009309895833333748
  Move 1: TRIPLE_SWAP | Indices: (156, 166, 234)
=================================================================================
=================================================================================
2026-01-21T00:07:41.907 | Step 6 | Particle 2 | GLOBAL BEST!
Global Improvement: 0.0008333333333332416
  Move 1: TRIPLE_SWAP | Indices: (203, 8, 126)
=================================================================================
=================================================================================
2026-01-21T00:07:41.925 | Step 6 | Particle 47 | GLOBAL BEST!
Global Improvement: 0.0008333333333332416
  Move 1: TRIPLE_SWAP | Indices: (212, 109, 198)
=================================================================================
=================================================================================
2026-01-21T00:07:42.069 | Step 7 | Particle 2 | GLOBAL BEST!
Global Improvement: 0.0013736979166667496
  Move 1: TRIPLE_SWAP | Indices: (243, 186, 180)
=================================================================================
=================================================================================
2026-01-21T00:07:42.215 | Step 8 | Particle 2 | GLOBAL BEST!
Global Improvement: 0.0002929687499999556
  Move 1: TRIPLE_SWAP | Indices: (235, 125, 20)
=================================================================================
=================================================================================
2026-01-21T00:07:42.358 | Step 9 | Particle 2 | GLOBAL BEST!
Global Improvement: 0.0018619791666667496
  Move 1: TRIPLE_SWAP | Indices: (225, 197, 28)
=================================================================================
=================================================================================
2026-01-21T00:07:42.505 | Step 10 | Particle 2 | GLOBAL BEST!
Global Improvement: 0.0014713541666666607
  Move 1: TRIPLE_SWAP | Indices: (19, 152, 170)
=================================================================================
=================================================================================
2026-01-21T00:07:43.294 | Step 15 | Particle 180 | GLOBAL BEST!
Global Improvement: 5.2083333333285964e-5
  Move 1: TRIPLE_SWAP | Indices: (255, 6, 216)
=================================================================================
=================================================================================
2026-01-21T00:07:43.540 | Step 17 | Particle 154 | GLOBAL BEST!
Global Improvement: 0.0001953125000000444
  Move 1: TRIPLE_SWAP | Indices: (207, 78, 94)
=================================================================================
=================================================================================
2026-01-21T00:07:43.673 | Step 18 | Particle 154 | GLOBAL BEST!
Global Improvement: 0.0002929687499999556
  Move 1: TRIPLE_SWAP | Indices: (105, 125, 86)
  Move 2: RANDOM_SWAP | Indices: (218, 25)
  Move 3: RANDOM_SWAP | Indices: (215, 23)
=================================================================================
=================================================================================
2026-01-21T00:07:43.775 | Step 19 | Particle 107 | GLOBAL BEST!
Global Improvement: 0.0003906250000000888
  Move 1: TRIPLE_SWAP | Indices: (23, 162, 170)
=================================================================================
=================================================================================
2026-01-21T00:07:44.426 | Step 24 | Particle 158 | GLOBAL BEST!
Global Improvement: 0.00024739583333333037
  Move 1: TRIPLE_SWAP | Indices: (232, 122, 238)
=================================================================================
=================================================================================
2026-01-21T00:07:44.552 | Step 25 | Particle 153 | GLOBAL BEST!
Global Improvement: 0.0011263020833331971
  Move 1: TRIPLE_SWAP | Indices: (132, 209, 71)
=================================================================================
=================================================================================
2026-01-21T00:07:44.947 | Step 28 | Particle 154 | GLOBAL BEST!
Global Improvement: 0.0012239583333333304
  Move 1: TRIPLE_SWAP | Indices: (224, 244, 48)
=================================================================================
=================================================================================
2026-01-21T00:07:45.818 | Step 35 | Particle 42 | GLOBAL BEST!
Global Improvement: 0.0006901041666667052
  Move 1: TRIPLE_SWAP | Indices: (71, 232, 188)
=================================================================================
=================================================================================
2026-01-21T00:07:48.979 | Step 59 | Particle 100 | GLOBAL BEST!
Global Improvement: 0.00014322916666675845
  Move 1: TRIPLE_SWAP | Indices: (195, 51, 237)
=================================================================================
=================================================================================
2026-01-21T00:07:49.253 | Step 61 | Particle 164 | GLOBAL BEST!
Global Improvement: 0.0008333333333332416
  Move 1: TRIPLE_SWAP | Indices: (6, 247, 96)
=================================================================================
=================================================================================
2026-01-21T00:07:53.031 | Step 89 | Particle 117 | GLOBAL BEST!
Global Improvement: 0.0001497395833334192
  Move 1: TRIPLE_SWAP | Indices: (195, 225, 37)
=================================================================================
=================================================================================
2026-01-21T00:07:54.745 | Step 102 | Particle 196 | GLOBAL BEST!
Global Improvement: 0.0002929687499999556
  Move 1: TRIPLE_SWAP | Indices: (162, 101, 223)
=================================================================================
=================================================================================
2026-01-21T00:07:59.039 | Step 136 | Particle 51 | GLOBAL BEST!
Global Improvement: 0.0003906249999998668
  Move 1: TRIPLE_SWAP | Indices: (17, 119, 253)
=================================================================================
=================================================================================
2026-01-21T00:08:00.694 | Step 148 | Particle 180 | GLOBAL BEST!
Global Improvement: 0.0002473958333335524
  Move 1: TRIPLE_SWAP | Indices: (105, 45, 31)
=================================================================================
=================================================================================
2026-01-21T00:08:00.948 | Step 150 | Particle 180 | GLOBAL BEST!
Global Improvement: 0.0009309895833331527
  Move 1: RANDOM_SWAP | Indices: (161, 127)
=================================================================================
=================================================================================
2026-01-21T00:08:28.956 | Step 358 | Particle 12 | GLOBAL BEST!
Global Improvement: 0.0003906250000000888
  Move 1: TRIPLE_SWAP | Indices: (51, 211, 31)
=================================================================================
=================================================================================
2026-01-21T00:09:23.766 | Step 714 | Particle 21 | GLOBAL BEST!
Global Improvement: 0.00034505208333324155
  Move 1: TRIPLE_SWAP | Indices: (108, 45, 27)
=================================================================================
=================================================================================
2026-01-21T00:09:27.225 | Step 735 | Particle 29 | GLOBAL BEST!
Global Improvement: 0.0010652281746033054
  Move 1: TRIPLE_SWAP | Indices: (175, 127, 189)
=================================================================================
=================================================================================
2026-01-21T00:10:17.578 | Step 1015 | Particle 120 | GLOBAL BEST!
Global Improvement: 9.765624999991118e-5
  Move 1: TRIPLE_SWAP | Indices: (181, 59, 3)
=================================================================================
=================================================================================
2026-01-21T00:10:18.487 | Step 1020 | Particle 38 | GLOBAL BEST!
Global Improvement: 6.107390873011376e-5
  Move 1: TRIPLE_SWAP | Indices: (198, 133, 109)
=================================================================================
=================================================================================
2026-01-21T00:11:10.839 | Step 1275 | Particle 116 | GLOBAL BEST!
Global Improvement: 0.0001953125000000444
  Move 1: TRIPLE_SWAP | Indices: (205, 93, 28)
=================================================================================
=================================================================================
2026-01-21T00:11:29.547 | Step 1361 | Particle 121 | GLOBAL BEST!
Global Improvement: 0.0002839781746031278
  Move 1: TRIPLE_SWAP | Indices: (47, 51, 130)
=================================================================================
=================================================================================
2026-01-21T00:12:04.927 | Step 1523 | Particle 173 | GLOBAL BEST!
Global Improvement: 0.00025638640873015817
  Move 1: TRIPLE_SWAP | Indices: (60, 102, 231)
=================================================================================
=================================================================================
2026-01-21T00:12:05.578 | Step 1526 | Particle 173 | GLOBAL BEST!
Global Improvement: 0.0001953125000000444
  Move 1: TRIPLE_SWAP | Indices: (135, 48, 203)
=================================================================================
=================================================================================
2026-01-21T00:15:10.045 | Step 2368 | Particle 105 | GLOBAL BEST!
Global Improvement: 9.765624999991118e-5
  Move 1: TRIPLE_SWAP | Indices: (185, 189, 190)
=================================================================================
=================================================================================
2026-01-21T00:16:11.091 | Step 2650 | Particle 136 | GLOBAL BEST!
Global Improvement: 0.00028397817460334984
  Move 1: TRIPLE_SWAP | Indices: (37, 35, 151)
=================================================================================
