# Global Best Swaps Only - COMPOSITE FITNESS MODE WITH EARLY STOPPING
# Started on: 2026-01-29T21:53:40.306
# Format: Timestamp | Step | Particle | Operation | Indices | Local | Global | Status
# Note: Each global best S-box is saved in debug_sboxes/ directory
# Using composite fitness function with NL, SAC, DDT, and Entropy
# Early stopping enabled based on NL threshold

=================================================================================
2026-01-29T21:53:41.052 | Step 1 | Particle 9 | GLOBAL BEST ACHIEVED!
Global Improvement: 0.00014322916666664742
All moves in this step:
  Move 1: TRIPLE_SWAP | Indices: (36, 65, 15) | Local Improvement: 0.00014322916666664742
=================================================================================
=================================================================================
2026-01-29T21:53:41.081 | Step 1 | Particle 24 | GLOBAL BEST ACHIEVED!
Global Improvement: 0.00033854166666669183
All moves in this step:
  Move 1: TRIPLE_SWAP | Indices: (10, 216, 53) | Local Improvement: 0.00033854166666669183
=================================================================================
=================================================================================
2026-01-29T21:53:41.097 | Step 1 | Particle 65 | GLOBAL BEST ACHIEVED!
Global Improvement: 0.00044921875000003553
All moves in this step:
  Move 1: TRIPLE_SWAP | Indices: (135, 181, 131) | Local Improvement: 0.00044921875000003553
=================================================================================
=================================================================================
2026-01-29T21:53:41.144 | Step 1 | Particle 184 | GLOBAL BEST ACHIEVED!
Global Improvement: 0.0006315104166666474
All moves in this step:
  Move 1: TRIPLE_SWAP | Indices: (110, 140, 94) | Local Improvement: 0.0006315104166666474
=================================================================================
=================================================================================
2026-01-29T21:53:41.905 | Step 2 | Particle 4 | GLOBAL BEST ACHIEVED!
Global Improvement: 0.0002799479166666341
All moves in this step:
  Move 1: GUIDED_SWAP_TO_GBEST | Indices: (110, 94) | Local Improvement: 0.0
  Move 2: GUIDED_SWAP_TO_GBEST | Indices: (140, 94) | Local Improvement: 0.0
  Move 3: GUIDED_SWAP_TO_PBEST | Indices: (110, 140) | Local Improvement: 0.0
  Move 4: GUIDED_SWAP_TO_PBEST | Indices: (94, 140) | Local Improvement: 0.0
  Move 5: GUIDED_SWAP_TO_GBEST | Indices: (140, 110) | Local Improvement: 0.0
  Move 6: GUIDED_SWAP_TO_GBEST | Indices: (94, 110) | Local Improvement: 0.0
  Move 7: GUIDED_SWAP_TO_PBEST | Indices: (94, 110) | Local Improvement: 0.0
  Move 8: GUIDED_SWAP_TO_PBEST | Indices: (110, 140) | Local Improvement: 0.0
  Move 9: GUIDED_SWAP_TO_GBEST | Indices: (110, 94) | Local Improvement: 0.0
  Move 10: GUIDED_SWAP_TO_GBEST | Indices: (94, 140) | Local Improvement: 0.0
  Move 11: TRIPLE_SWAP | Indices: (208, 115, 18) | Local Improvement: 0.0002799479166666341
=================================================================================
=================================================================================
2026-01-29T21:53:41.918 | Step 2 | Particle 6 | GLOBAL BEST ACHIEVED!
Global Improvement: 0.00033854166666669183
All moves in this step:
  Move 1: GUIDED_SWAP_TO_PBEST | Indices: (214, 51) | Local Improvement: 0.0
  Move 2: GUIDED_SWAP_TO_PBEST | Indices: (31, 67) | Local Improvement: 0.0
  Move 3: GUIDED_SWAP_TO_PBEST | Indices: (216, 154) | Local Improvement: 0.0
  Move 4: GUIDED_SWAP_TO_PBEST | Indices: (140, 154) | Local Improvement: 0.0
  Move 5: GUIDED_SWAP_TO_GBEST | Indices: (140, 110) | Local Improvement: 0.0
  Move 6: GUIDED_SWAP_TO_GBEST | Indices: (110, 94) | Local Improvement: 0.0
  Move 7: GUIDED_SWAP_TO_PBEST | Indices: (140, 94) | Local Improvement: 0.0
  Move 8: GUIDED_SWAP_TO_PBEST | Indices: (110, 94) | Local Improvement: 0.0
  Move 9: GUIDED_SWAP_TO_GBEST | Indices: (94, 140) | Local Improvement: 0.0
  Move 10: GUIDED_SWAP_TO_GBEST | Indices: (110, 140) | Local Improvement: 0.0
  Move 11: TRIPLE_SWAP | Indices: (249, 49, 67) | Local Improvement: 0.00033854166666669183
=================================================================================
=================================================================================
2026-01-29T21:53:41.919 | Step 2 | Particle 8 | GLOBAL BEST ACHIEVED!
Global Improvement: 0.0008658854166667673
All moves in this step:
  Move 1: GUIDED_SWAP_TO_PBEST | Indices: (253, 170) | Local Improvement: 0.0
  Move 2: GUIDED_SWAP_TO_PBEST | Indices: (145, 48) | Local Improvement: 0.0
  Move 3: GUIDED_SWAP_TO_PBEST | Indices: (171, 215) | Local Improvement: 0.0
  Move 4: GUIDED_SWAP_TO_GBEST | Indices: (94, 140) | Local Improvement: 0.0
  Move 5: GUIDED_SWAP_TO_GBEST | Indices: (110, 140) | Local Improvement: 0.0
  Move 6: GUIDED_SWAP_TO_PBEST | Indices: (94, 110) | Local Improvement: 0.0
  Move 7: GUIDED_SWAP_TO_PBEST | Indices: (140, 110) | Local Improvement: 0.0
  Move 8: GUIDED_SWAP_TO_GBEST | Indices: (94, 140) | Local Improvement: 0.0
  Move 9: GUIDED_SWAP_TO_GBEST | Indices: (110, 140) | Local Improvement: 0.0
  Move 10: TRIPLE_SWAP | Indices: (67, 104, 225) | Local Improvement: 0.0008658854166667673
=================================================================================
=================================================================================
2026-01-29T21:53:42.946 | Step 3 | Particle 67 | GLOBAL BEST ACHIEVED!
Global Improvement: 9.765624999991118e-5
All moves in this step:
  Move 1: GUIDED_SWAP_TO_GBEST | Indices: (158, 214) | Local Improvement: 0.0
  Move 2: GUIDED_SWAP_TO_GBEST | Indices: (67, 225) | Local Improvement: 0.0
  Move 3: GUIDED_SWAP_TO_GBEST | Indices: (78, 214) | Local Improvement: 0.0
  Move 4: GUIDED_SWAP_TO_GBEST | Indices: (104, 225) | Local Improvement: 0.0
  Move 5: GUIDED_SWAP_TO_PBEST | Indices: (214, 158) | Local Improvement: 0.0
  Move 6: GUIDED_SWAP_TO_PBEST | Indices: (158, 78) | Local Improvement: 0.0
  Move 7: GUIDED_SWAP_TO_PBEST | Indices: (67, 104) | Local Improvement: 0.0
  Move 8: GUIDED_SWAP_TO_PBEST | Indices: (225, 104) | Local Improvement: 0.0
  Move 9: GUIDED_SWAP_TO_GBEST | Indices: (104, 67) | Local Improvement: 0.0
  Move 10: GUIDED_SWAP_TO_GBEST | Indices: (225, 67) | Local Improvement: 0.0
  Move 11: GUIDED_SWAP_TO_GBEST | Indices: (214, 78) | Local Improvement: 0.0
  Move 12: GUIDED_SWAP_TO_GBEST | Indices: (158, 78) | Local Improvement: 0.0
  Move 13: GUIDED_SWAP_TO_PBEST | Indices: (67, 104) | Local Improvement: 0.0
  Move 14: GUIDED_SWAP_TO_PBEST | Indices: (214, 158) | Local Improvement: 0.0
  Move 15: GUIDED_SWAP_TO_PBEST | Indices: (158, 78) | Local Improvement: 0.0
  Move 16: GUIDED_SWAP_TO_PBEST | Indices: (225, 104) | Local Improvement: 0.0
  Move 17: GUIDED_SWAP_TO_GBEST | Indices: (214, 78) | Local Improvement: 0.0
  Move 18: GUIDED_SWAP_TO_GBEST | Indices: (67, 225) | Local Improvement: 0.0
  Move 19: GUIDED_SWAP_TO_GBEST | Indices: (104, 225) | Local Improvement: 0.0
  Move 20: GUIDED_SWAP_TO_GBEST | Indices: (158, 78) | Local Improvement: 0.0
  Move 21: TRIPLE_SWAP | Indices: (131, 182, 128) | Local Improvement: 9.765624999991118e-5
=================================================================================
=================================================================================
2026-01-29T21:53:43.260 | Step 3 | Particle 872 | GLOBAL BEST ACHIEVED!
Global Improvement: 0.00011067708333323267
All moves in this step:
  Move 1: GUIDED_SWAP_TO_GBEST | Indices: (225, 104) | Local Improvement: 0.0
  Move 2: GUIDED_SWAP_TO_GBEST | Indices: (216, 36) | Local Improvement: 0.0
  Move 3: GUIDED_SWAP_TO_GBEST | Indices: (140, 110) | Local Improvement: 0.0
  Move 4: GUIDED_SWAP_TO_GBEST | Indices: (67, 104) | Local Improvement: 0.0
  Move 5: GUIDED_SWAP_TO_GBEST | Indices: (94, 110) | Local Improvement: 0.0
  Move 6: GUIDED_SWAP_TO_GBEST | Indices: (36, 199) | Local Improvement: 0.0
  Move 7: TRIPLE_SWAP | Indices: (150, 135, 114) | Local Improvement: 0.00011067708333323267
=================================================================================
=================================================================================
2026-01-29T21:53:43.273 | Step 3 | Particle 906 | GLOBAL BEST ACHIEVED!
Global Improvement: 0.00020833333333325488
All moves in this step:
  Move 1: GUIDED_SWAP_TO_GBEST | Indices: (117, 255) | Local Improvement: 0.0
  Move 2: GUIDED_SWAP_TO_GBEST | Indices: (225, 104) | Local Improvement: 0.0
  Move 3: GUIDED_SWAP_TO_GBEST | Indices: (67, 104) | Local Improvement: 0.0
  Move 4: GUIDED_SWAP_TO_GBEST | Indices: (121, 174) | Local Improvement: 0.0
  Move 5: GUIDED_SWAP_TO_GBEST | Indices: (216, 255) | Local Improvement: 0.0
  Move 6: GUIDED_SWAP_TO_PBEST | Indices: (225, 67) | Local Improvement: 0.0
  Move 7: GUIDED_SWAP_TO_PBEST | Indices: (117, 216) | Local Improvement: 0.0
  Move 8: GUIDED_SWAP_TO_PBEST | Indices: (104, 67) | Local Improvement: 0.0
  Move 9: GUIDED_SWAP_TO_PBEST | Indices: (216, 255) | Local Improvement: 0.0
  Move 10: GUIDED_SWAP_TO_PBEST | Indices: (174, 121) | Local Improvement: 0.0
  Move 11: GUIDED_SWAP_TO_GBEST | Indices: (117, 255) | Local Improvement: 0.0
  Move 12: GUIDED_SWAP_TO_GBEST | Indices: (216, 255) | Local Improvement: 0.0
  Move 13: GUIDED_SWAP_TO_GBEST | Indices: (104, 67) | Local Improvement: 0.0
  Move 14: GUIDED_SWAP_TO_GBEST | Indices: (174, 121) | Local Improvement: 0.0
  Move 15: GUIDED_SWAP_TO_PBEST | Indices: (67, 104) | Local Improvement: 0.0
  Move 16: GUIDED_SWAP_TO_PBEST | Indices: (174, 121) | Local Improvement: 0.0
  Move 17: GUIDED_SWAP_TO_PBEST | Indices: (255, 117) | Local Improvement: 0.0
  Move 18: GUIDED_SWAP_TO_PBEST | Indices: (216, 117) | Local Improvement: 0.0
  Move 19: GUIDED_SWAP_TO_GBEST | Indices: (104, 67) | Local Improvement: 0.0
  Move 20: GUIDED_SWAP_TO_GBEST | Indices: (255, 216) | Local Improvement: 0.0
  Move 21: GUIDED_SWAP_TO_GBEST | Indices: (121, 174) | Local Improvement: 0.0
  Move 22: GUIDED_SWAP_TO_GBEST | Indices: (216, 117) | Local Improvement: 0.0
=================================================================================
=================================================================================
2026-01-29T21:53:43.768 | Step 4 | Particle 48 | GLOBAL BEST ACHIEVED!
Global Improvement: 9.76562500000222e-5
All moves in this step:
  Move 1: GUIDED_SWAP_TO_GBEST | Indices: (104, 67) | Local Improvement: 0.0
  Move 2: GUIDED_SWAP_TO_PBEST | Indices: (67, 104) | Local Improvement: 0.0
  Move 3: GUIDED_SWAP_TO_GBEST | Indices: (67, 104) | Local Improvement: 0.0
  Move 4: TRIPLE_SWAP | Indices: (15, 203, 178) | Local Improvement: 9.76562500000222e-5
=================================================================================
=================================================================================
2026-01-29T21:53:46.997 | Step 8 | Particle 283 | GLOBAL BEST ACHIEVED!
Global Improvement: 0.0002083333333333659
All moves in this step:
  Move 1: GUIDED_SWAP_TO_PBEST | Indices: (225, 67) | Local Improvement: 0.0
  Move 2: GUIDED_SWAP_TO_PBEST | Indices: (124, 204) | Local Improvement: 0.0
  Move 3: GUIDED_SWAP_TO_PBEST | Indices: (182, 194) | Local Improvement: 0.0
  Move 4: GUIDED_SWAP_TO_PBEST | Indices: (189, 105) | Local Improvement: 0.0
  Move 5: GUIDED_SWAP_TO_PBEST | Indices: (126, 218) | Local Improvement: 0.0
  Move 6: GUIDED_SWAP_TO_GBEST | Indices: (225, 67) | Local Improvement: 0.0
  Move 7: GUIDED_SWAP_TO_GBEST | Indices: (205, 42) | Local Improvement: 0.0
  Move 8: GUIDED_SWAP_TO_PBEST | Indices: (203, 178) | Local Improvement: 0.0
  Move 9: GUIDED_SWAP_TO_PBEST | Indices: (178, 15) | Local Improvement: 0.0
  Move 10: GUIDED_SWAP_TO_PBEST | Indices: (42, 205) | Local Improvement: 0.0
  Move 11: GUIDED_SWAP_TO_PBEST | Indices: (123, 205) | Local Improvement: 0.0
=================================================================================
=================================================================================
2026-01-29T21:53:49.187 | Step 11 | Particle 240 | GLOBAL BEST ACHIEVED!
Global Improvement: 0.0002083333333333659
All moves in this step:
  Move 1: TRIPLE_SWAP | Indices: (17, 35, 208) | Local Improvement: 0.0002083333333333659
=================================================================================
=================================================================================
2026-01-29T21:56:21.502 | Step 162 | Particle 761 | GLOBAL BEST ACHIEVED!
Global Improvement: 1.3020833333321491e-5
All moves in this step:
  Move 1: TRIPLE_SWAP | Indices: (160, 17, 198) | Local Improvement: 1.3020833333321491e-5
=================================================================================
=================================================================================
2026-01-29T21:56:22.293 | Step 163 | Particle 111 | GLOBAL BEST ACHIEVED!
Global Improvement: 9.765624999991118e-5
All moves in this step:
  Move 1: GUIDED_SWAP_TO_GBEST | Indices: (198, 17) | Local Improvement: 0.0
  Move 2: GUIDED_SWAP_TO_GBEST | Indices: (160, 17) | Local Improvement: 0.0
  Move 3: GUIDED_SWAP_TO_PBEST | Indices: (17, 198) | Local Improvement: 0.0
  Move 4: GUIDED_SWAP_TO_PBEST | Indices: (198, 160) | Local Improvement: 0.0
  Move 5: GUIDED_SWAP_TO_GBEST | Indices: (17, 160) | Local Improvement: 0.0
  Move 6: GUIDED_SWAP_TO_GBEST | Indices: (160, 198) | Local Improvement: 0.0
  Move 7: GUIDED_SWAP_TO_PBEST | Indices: (160, 17) | Local Improvement: 0.0
  Move 8: GUIDED_SWAP_TO_PBEST | Indices: (198, 17) | Local Improvement: 0.0
  Move 9: GUIDED_SWAP_TO_GBEST | Indices: (17, 160) | Local Improvement: 0.0
  Move 10: GUIDED_SWAP_TO_GBEST | Indices: (160, 198) | Local Improvement: 0.0
  Move 11: TRIPLE_SWAP | Indices: (149, 212, 121) | Local Improvement: 9.765624999991118e-5
=================================================================================
=================================================================================
2026-01-29T21:56:27.651 | Step 168 | Particle 948 | GLOBAL BEST ACHIEVED!
Global Improvement: 9.76562500000222e-5
All moves in this step:
  Move 1: RANDOM_SWAP | Indices: (79, 117) | Local Improvement: 0.0
=================================================================================
=================================================================================
2026-01-29T22:10:09.592 | Step 941 | Particle 53 | GLOBAL BEST ACHIEVED!
Global Improvement: 0.002287326388888844
All moves in this step:
  Move 1: RANDOM_SWAP | Indices: (83, 253) | Local Improvement: 0.0
  Move 2: RANDOM_SWAP | Indices: (192, 250) | Local Improvement: 0.0
  Move 3: RANDOM_SWAP | Indices: (61, 188) | Local Improvement: 0.0
  Move 4: RANDOM_SWAP | Indices: (19, 147) | Local Improvement: 0.0
  Move 5: RANDOM_SWAP | Indices: (214, 244) | Local Improvement: 0.0
=================================================================================
=================================================================================
2026-01-29T22:10:10.666 | Step 942 | Particle 4 | GLOBAL BEST ACHIEVED!
Global Improvement: 0.0006705729166667229
All moves in this step:
  Move 1: GUIDED_SWAP_TO_GBEST | Indices: (61, 188) | Local Improvement: 0.0
  Move 2: GUIDED_SWAP_TO_GBEST | Indices: (214, 244) | Local Improvement: 0.0
  Move 3: GUIDED_SWAP_TO_GBEST | Indices: (19, 147) | Local Improvement: 0.0
  Move 4: GUIDED_SWAP_TO_GBEST | Indices: (253, 83) | Local Improvement: 0.0
  Move 5: GUIDED_SWAP_TO_PBEST | Indices: (61, 188) | Local Improvement: 0.0
  Move 6: GUIDED_SWAP_TO_PBEST | Indices: (244, 214) | Local Improvement: 0.0
  Move 7: GUIDED_SWAP_TO_PBEST | Indices: (19, 147) | Local Improvement: 0.0
  Move 8: GUIDED_SWAP_TO_GBEST | Indices: (188, 61) | Local Improvement: 0.0
  Move 9: GUIDED_SWAP_TO_GBEST | Indices: (19, 147) | Local Improvement: 0.0
  Move 10: GUIDED_SWAP_TO_GBEST | Indices: (244, 214) | Local Improvement: 0.0
  Move 11: GUIDED_SWAP_TO_GBEST | Indices: (192, 250) | Local Improvement: 0.0
  Move 12: GUIDED_SWAP_TO_PBEST | Indices: (253, 83) | Local Improvement: 0.0
  Move 13: GUIDED_SWAP_TO_PBEST | Indices: (214, 244) | Local Improvement: 0.0
  Move 14: GUIDED_SWAP_TO_PBEST | Indices: (192, 250) | Local Improvement: 0.0
  Move 15: GUIDED_SWAP_TO_PBEST | Indices: (188, 61) | Local Improvement: 0.0
  Move 16: GUIDED_SWAP_TO_GBEST | Indices: (214, 244) | Local Improvement: 0.0
  Move 17: GUIDED_SWAP_TO_GBEST | Indices: (188, 61) | Local Improvement: 0.0
  Move 18: GUIDED_SWAP_TO_GBEST | Indices: (192, 250) | Local Improvement: 0.0
  Move 19: GUIDED_SWAP_TO_GBEST | Indices: (83, 253) | Local Improvement: 0.0
  Move 20: TRIPLE_SWAP | Indices: (140, 66, 31) | Local Improvement: 0.0006705729166667229
=================================================================================
=================================================================================
2026-01-29T22:10:10.673 | Step 942 | Particle 20 | GLOBAL BEST ACHIEVED!
Global Improvement: 0.0007356770833333304
All moves in this step:
  Move 1: GUIDED_SWAP_TO_PBEST | Indices: (182, 53) | Local Improvement: 0.0
  Move 2: GUIDED_SWAP_TO_PBEST | Indices: (47, 118) | Local Improvement: 0.0
  Move 3: GUIDED_SWAP_TO_GBEST | Indices: (147, 19) | Local Improvement: 0.0
  Move 4: GUIDED_SWAP_TO_GBEST | Indices: (188, 61) | Local Improvement: 0.0
  Move 5: GUIDED_SWAP_TO_GBEST | Indices: (192, 250) | Local Improvement: 0.0
  Move 6: GUIDED_SWAP_TO_GBEST | Indices: (244, 214) | Local Improvement: 0.0
  Move 7: GUIDED_SWAP_TO_PBEST | Indices: (214, 244) | Local Improvement: 0.0
  Move 8: GUIDED_SWAP_TO_PBEST | Indices: (188, 61) | Local Improvement: 0.0
  Move 9: GUIDED_SWAP_TO_PBEST | Indices: (250, 192) | Local Improvement: 0.0
  Move 10: GUIDED_SWAP_TO_PBEST | Indices: (147, 19) | Local Improvement: 0.0
  Move 11: GUIDED_SWAP_TO_GBEST | Indices: (253, 83) | Local Improvement: 0.0
  Move 12: GUIDED_SWAP_TO_GBEST | Indices: (244, 214) | Local Improvement: 0.0
  Move 13: GUIDED_SWAP_TO_GBEST | Indices: (250, 192) | Local Improvement: 0.0
  Move 14: TRIPLE_SWAP | Indices: (130, 19, 229) | Local Improvement: 0.004943576388888871
=================================================================================
=================================================================================
2026-01-29T22:10:10.676 | Step 942 | Particle 27 | GLOBAL BEST ACHIEVED!
Global Improvement: 0.0010872395833333437
All moves in this step:
  Move 1: GUIDED_SWAP_TO_GBEST | Indices: (214, 244) | Local Improvement: 0.0
  Move 2: GUIDED_SWAP_TO_GBEST | Indices: (253, 83) | Local Improvement: 0.0
  Move 3: GUIDED_SWAP_TO_GBEST | Indices: (250, 192) | Local Improvement: 0.0
  Move 4: GUIDED_SWAP_TO_GBEST | Indices: (147, 19) | Local Improvement: 0.0
  Move 5: GUIDED_SWAP_TO_PBEST | Indices: (250, 192) | Local Improvement: 0.0
  Move 6: GUIDED_SWAP_TO_PBEST | Indices: (147, 19) | Local Improvement: 0.0
  Move 7: GUIDED_SWAP_TO_PBEST | Indices: (244, 214) | Local Improvement: 0.0
  Move 8: GUIDED_SWAP_TO_GBEST | Indices: (214, 244) | Local Improvement: 0.0
  Move 9: GUIDED_SWAP_TO_GBEST | Indices: (147, 19) | Local Improvement: 0.0
  Move 10: GUIDED_SWAP_TO_GBEST | Indices: (61, 188) | Local Improvement: 0.0
  Move 11: GUIDED_SWAP_TO_GBEST | Indices: (250, 192) | Local Improvement: 0.0
  Move 12: TRIPLE_SWAP | Indices: (83, 64, 177) | Local Improvement: 0.0010872395833333437
=================================================================================
=================================================================================
2026-01-29T22:10:10.883 | Step 942 | Particle 560 | GLOBAL BEST ACHIEVED!
Global Improvement: 0.0011979166666666874
All moves in this step:
  Move 1: GUIDED_SWAP_TO_GBEST | Indices: (250, 192) | Local Improvement: 0.0
  Move 2: GUIDED_SWAP_TO_GBEST | Indices: (244, 214) | Local Improvement: 0.0
  Move 3: GUIDED_SWAP_TO_GBEST | Indices: (83, 253) | Local Improvement: 0.0
  Move 4: GUIDED_SWAP_TO_GBEST | Indices: (188, 61) | Local Improvement: 0.0
  Move 5: GUIDED_SWAP_TO_PBEST | Indices: (214, 244) | Local Improvement: 0.0
  Move 6: GUIDED_SWAP_TO_PBEST | Indices: (192, 250) | Local Improvement: 0.0
  Move 7: GUIDED_SWAP_TO_PBEST | Indices: (253, 83) | Local Improvement: 0.0
  Move 8: GUIDED_SWAP_TO_GBEST | Indices: (244, 214) | Local Improvement: 0.0
  Move 9: GUIDED_SWAP_TO_GBEST | Indices: (83, 253) | Local Improvement: 0.0
  Move 10: GUIDED_SWAP_TO_GBEST | Indices: (147, 19) | Local Improvement: 0.0
  Move 11: GUIDED_SWAP_TO_PBEST | Indices: (61, 188) | Local Improvement: 0.0
  Move 12: GUIDED_SWAP_TO_PBEST | Indices: (253, 83) | Local Improvement: 0.0
  Move 13: GUIDED_SWAP_TO_PBEST | Indices: (214, 244) | Local Improvement: 0.0
  Move 14: GUIDED_SWAP_TO_GBEST | Indices: (253, 83) | Local Improvement: 0.0
  Move 15: GUIDED_SWAP_TO_GBEST | Indices: (61, 188) | Local Improvement: 0.0
  Move 16: GUIDED_SWAP_TO_GBEST | Indices: (192, 250) | Local Improvement: 0.0
  Move 17: GUIDED_SWAP_TO_GBEST | Indices: (244, 214) | Local Improvement: 0.0
  Move 18: TRIPLE_SWAP | Indices: (83, 89, 94) | Local Improvement: 0.0011979166666666874
=================================================================================
=================================================================================
2026-01-29T22:10:10.911 | Step 942 | Particle 631 | GLOBAL BEST ACHIEVED!
Global Improvement: 0.0012109375000000089
All moves in this step:
  Move 1: GUIDED_SWAP_TO_GBEST | Indices: (188, 61) | Local Improvement: 0.0
  Move 2: GUIDED_SWAP_TO_GBEST | Indices: (214, 244) | Local Improvement: 0.0
  Move 3: GUIDED_SWAP_TO_GBEST | Indices: (147, 19) | Local Improvement: 0.0
  Move 4: GUIDED_SWAP_TO_GBEST | Indices: (253, 83) | Local Improvement: 0.0
  Move 5: GUIDED_SWAP_TO_GBEST | Indices: (192, 250) | Local Improvement: 0.0
  Move 6: GUIDED_SWAP_TO_PBEST | Indices: (147, 19) | Local Improvement: 0.0
  Move 7: GUIDED_SWAP_TO_PBEST | Indices: (250, 192) | Local Improvement: 0.0
  Move 8: GUIDED_SWAP_TO_PBEST | Indices: (83, 253) | Local Improvement: 0.0
  Move 9: GUIDED_SWAP_TO_PBEST | Indices: (61, 188) | Local Improvement: 0.0
  Move 10: GUIDED_SWAP_TO_PBEST | Indices: (244, 214) | Local Improvement: 0.0
  Move 11: GUIDED_SWAP_TO_GBEST | Indices: (192, 250) | Local Improvement: 0.0
  Move 12: GUIDED_SWAP_TO_GBEST | Indices: (83, 253) | Local Improvement: 0.0
  Move 13: GUIDED_SWAP_TO_GBEST | Indices: (188, 61) | Local Improvement: 0.0
  Move 14: GUIDED_SWAP_TO_GBEST | Indices: (147, 19) | Local Improvement: 0.0
  Move 15: GUIDED_SWAP_TO_PBEST | Indices: (147, 19) | Local Improvement: 0.0
  Move 16: GUIDED_SWAP_TO_PBEST | Indices: (253, 83) | Local Improvement: 0.0
  Move 17: GUIDED_SWAP_TO_PBEST | Indices: (192, 250) | Local Improvement: 0.0
  Move 18: GUIDED_SWAP_TO_GBEST | Indices: (147, 19) | Local Improvement: 0.0
  Move 19: GUIDED_SWAP_TO_GBEST | Indices: (250, 192) | Local Improvement: 0.0
  Move 20: GUIDED_SWAP_TO_GBEST | Indices: (253, 83) | Local Improvement: 0.0
  Move 21: GUIDED_SWAP_TO_GBEST | Indices: (244, 214) | Local Improvement: 0.0
  Move 22: TRIPLE_SWAP | Indices: (245, 169, 198) | Local Improvement: 0.0012109375000000089
=================================================================================
=================================================================================
2026-01-29T22:10:10.917 | Step 942 | Particle 648 | GLOBAL BEST ACHIEVED!
Global Improvement: 0.001308593750000031
All moves in this step:
  Move 1: GUIDED_SWAP_TO_GBEST | Indices: (192, 250) | Local Improvement: 0.0
  Move 2: GUIDED_SWAP_TO_GBEST | Indices: (61, 188) | Local Improvement: 0.0
  Move 3: GUIDED_SWAP_TO_GBEST | Indices: (147, 19) | Local Improvement: 0.0
  Move 4: GUIDED_SWAP_TO_GBEST | Indices: (83, 253) | Local Improvement: 0.0
  Move 5: GUIDED_SWAP_TO_GBEST | Indices: (244, 214) | Local Improvement: 0.0
  Move 6: TRIPLE_SWAP | Indices: (234, 64, 83) | Local Improvement: 0.001308593750000031
=================================================================================
=================================================================================
2026-01-29T22:10:10.946 | Step 942 | Particle 723 | GLOBAL BEST ACHIEVED!
Global Improvement: 0.0013932291666667318
All moves in this step:
  Move 1: GUIDED_SWAP_TO_GBEST | Indices: (214, 244) | Local Improvement: 0.0
  Move 2: GUIDED_SWAP_TO_GBEST | Indices: (147, 19) | Local Improvement: 0.0
  Move 3: GUIDED_SWAP_TO_GBEST | Indices: (250, 192) | Local Improvement: 0.0
  Move 4: GUIDED_SWAP_TO_GBEST | Indices: (83, 253) | Local Improvement: 0.0
  Move 5: GUIDED_SWAP_TO_PBEST | Indices: (192, 250) | Local Improvement: 0.0
  Move 6: GUIDED_SWAP_TO_PBEST | Indices: (147, 19) | Local Improvement: 0.0
  Move 7: GUIDED_SWAP_TO_PBEST | Indices: (214, 244) | Local Improvement: 0.0
  Move 8: GUIDED_SWAP_TO_GBEST | Indices: (214, 244) | Local Improvement: 0.0
  Move 9: GUIDED_SWAP_TO_GBEST | Indices: (192, 250) | Local Improvement: 0.0
  Move 10: GUIDED_SWAP_TO_GBEST | Indices: (188, 61) | Local Improvement: 0.0
  Move 11: GUIDED_SWAP_TO_GBEST | Indices: (19, 147) | Local Improvement: 0.0
  Move 12: TRIPLE_SWAP | Indices: (155, 245, 42) | Local Improvement: 0.0013932291666667318
=================================================================================
=================================================================================
2026-01-29T22:10:12.091 | Step 943 | Particle 4 | GLOBAL BEST ACHIEVED!
Global Improvement: 1.3020833333321491e-5
All moves in this step:
  Move 1: GUIDED_SWAP_TO_GBEST | Indices: (31, 140) | Local Improvement: 0.0
  Move 2: GUIDED_SWAP_TO_GBEST | Indices: (42, 245) | Local Improvement: 0.0
  Move 3: GUIDED_SWAP_TO_GBEST | Indices: (245, 155) | Local Improvement: 0.0
  Move 4: GUIDED_SWAP_TO_GBEST | Indices: (66, 140) | Local Improvement: 0.0
  Move 5: GUIDED_SWAP_TO_PBEST | Indices: (42, 155) | Local Improvement: 0.0
  Move 6: GUIDED_SWAP_TO_PBEST | Indices: (155, 245) | Local Improvement: 0.0
  Move 7: GUIDED_SWAP_TO_PBEST | Indices: (140, 31) | Local Improvement: 0.0
  Move 8: GUIDED_SWAP_TO_PBEST | Indices: (66, 31) | Local Improvement: 0.0
  Move 9: GUIDED_SWAP_TO_GBEST | Indices: (245, 155) | Local Improvement: 0.0
  Move 10: GUIDED_SWAP_TO_GBEST | Indices: (66, 31) | Local Improvement: 0.0
  Move 11: GUIDED_SWAP_TO_GBEST | Indices: (155, 42) | Local Improvement: 0.0
  Move 12: GUIDED_SWAP_TO_GBEST | Indices: (140, 31) | Local Improvement: 0.0
  Move 13: GUIDED_SWAP_TO_PBEST | Indices: (155, 245) | Local Improvement: 0.0
  Move 14: GUIDED_SWAP_TO_PBEST | Indices: (31, 66) | Local Improvement: 0.0
  Move 15: GUIDED_SWAP_TO_PBEST | Indices: (42, 245) | Local Improvement: 0.0
  Move 16: GUIDED_SWAP_TO_PBEST | Indices: (140, 66) | Local Improvement: 0.0
  Move 17: GUIDED_SWAP_TO_GBEST | Indices: (245, 155) | Local Improvement: 0.0
  Move 18: GUIDED_SWAP_TO_GBEST | Indices: (155, 42) | Local Improvement: 0.0
  Move 19: GUIDED_SWAP_TO_GBEST | Indices: (31, 140) | Local Improvement: 0.0
  Move 20: GUIDED_SWAP_TO_GBEST | Indices: (140, 66) | Local Improvement: 0.0
  Move 21: TRIPLE_SWAP | Indices: (140, 250, 191) | Local Improvement: 1.3020833333321491e-5
=================================================================================
=================================================================================
2026-01-29T22:10:12.124 | Step 943 | Particle 85 | GLOBAL BEST ACHIEVED!
Global Improvement: 0.0003190104166665986
All moves in this step:
  Move 1: GUIDED_SWAP_TO_PBEST | Indices: (192, 250) | Local Improvement: 0.0
  Move 2: GUIDED_SWAP_TO_PBEST | Indices: (220, 28) | Local Improvement: 0.0
  Move 3: GUIDED_SWAP_TO_PBEST | Indices: (28, 175) | Local Improvement: 0.0
  Move 4: GUIDED_SWAP_TO_PBEST | Indices: (147, 19) | Local Improvement: 0.0
  Move 5: GUIDED_SWAP_TO_GBEST | Indices: (19, 147) | Local Improvement: 0.0
  Move 6: GUIDED_SWAP_TO_GBEST | Indices: (192, 250) | Local Improvement: 0.0
  Move 7: GUIDED_SWAP_TO_GBEST | Indices: (42, 245) | Local Improvement: 0.0
  Move 8: GUIDED_SWAP_TO_GBEST | Indices: (253, 83) | Local Improvement: 0.0
  Move 9: GUIDED_SWAP_TO_PBEST | Indices: (192, 250) | Local Improvement: 0.0
  Move 10: GUIDED_SWAP_TO_PBEST | Indices: (42, 245) | Local Improvement: 0.0
  Move 11: GUIDED_SWAP_TO_PBEST | Indices: (244, 214) | Local Improvement: 0.0
  Move 12: GUIDED_SWAP_TO_PBEST | Indices: (19, 147) | Local Improvement: 0.0
  Move 13: GUIDED_SWAP_TO_GBEST | Indices: (245, 155) | Local Improvement: 0.0
  Move 14: GUIDED_SWAP_TO_GBEST | Indices: (155, 42) | Local Improvement: 0.0
  Move 15: GUIDED_SWAP_TO_GBEST | Indices: (250, 192) | Local Improvement: 0.0
  Move 16: GUIDED_SWAP_TO_GBEST | Indices: (244, 214) | Local Improvement: 0.0
  Move 17: GUIDED_SWAP_TO_GBEST | Indices: (19, 147) | Local Improvement: 0.0
  Move 18: TRIPLE_SWAP | Indices: (27, 140, 191) | Local Improvement: 0.0003190104166665986
=================================================================================
=================================================================================
2026-01-29T22:10:12.268 | Step 943 | Particle 456 | GLOBAL BEST ACHIEVED!
Global Improvement: 0.0004166666666666208
All moves in this step:
  Move 1: GUIDED_SWAP_TO_GBEST | Indices: (245, 155) | Local Improvement: 0.0
  Move 2: GUIDED_SWAP_TO_GBEST | Indices: (192, 88) | Local Improvement: 0.0
  Move 3: GUIDED_SWAP_TO_GBEST | Indices: (155, 88) | Local Improvement: 0.0
  Move 4: GUIDED_SWAP_TO_GBEST | Indices: (88, 42) | Local Improvement: 0.0
  Move 5: GUIDED_SWAP_TO_PBEST | Indices: (155, 245) | Local Improvement: 0.0
  Move 6: GUIDED_SWAP_TO_PBEST | Indices: (88, 192) | Local Improvement: 0.0
  Move 7: GUIDED_SWAP_TO_PBEST | Indices: (192, 245) | Local Improvement: 0.0
  Move 8: GUIDED_SWAP_TO_PBEST | Indices: (42, 245) | Local Improvement: 0.0
  Move 9: GUIDED_SWAP_TO_GBEST | Indices: (88, 42) | Local Improvement: 0.0
  Move 10: GUIDED_SWAP_TO_GBEST | Indices: (192, 42) | Local Improvement: 0.0
  Move 11: GUIDED_SWAP_TO_GBEST | Indices: (42, 245) | Local Improvement: 0.0
  Move 12: GUIDED_SWAP_TO_GBEST | Indices: (155, 245) | Local Improvement: 0.0
  Move 13: GUIDED_SWAP_TO_PBEST | Indices: (42, 88) | Local Improvement: 0.0
  Move 14: GUIDED_SWAP_TO_PBEST | Indices: (192, 155) | Local Improvement: 0.0
  Move 15: GUIDED_SWAP_TO_PBEST | Indices: (245, 88) | Local Improvement: 0.0
  Move 16: GUIDED_SWAP_TO_PBEST | Indices: (88, 155) | Local Improvement: 0.0
  Move 17: GUIDED_SWAP_TO_GBEST | Indices: (245, 155) | Local Improvement: 0.0
  Move 18: GUIDED_SWAP_TO_GBEST | Indices: (192, 88) | Local Improvement: 0.0
  Move 19: GUIDED_SWAP_TO_GBEST | Indices: (42, 155) | Local Improvement: 0.0
  Move 20: GUIDED_SWAP_TO_GBEST | Indices: (88, 155) | Local Improvement: 0.0
  Move 21: TRIPLE_SWAP | Indices: (244, 134, 123) | Local Improvement: 0.0004166666666666208
=================================================================================
=================================================================================
2026-01-29T22:10:13.283 | Step 944 | Particle 431 | GLOBAL BEST ACHIEVED!
Global Improvement: 0.0001106770833333437
All moves in this step:
  Move 1: GUIDED_SWAP_TO_GBEST | Indices: (244, 123) | Local Improvement: 0.0
  Move 2: GUIDED_SWAP_TO_GBEST | Indices: (123, 134) | Local Improvement: 0.0
  Move 3: GUIDED_SWAP_TO_PBEST | Indices: (134, 123) | Local Improvement: 0.0
  Move 4: GUIDED_SWAP_TO_PBEST | Indices: (123, 244) | Local Improvement: 0.0
  Move 5: GUIDED_SWAP_TO_GBEST | Indices: (244, 123) | Local Improvement: 0.0
  Move 6: GUIDED_SWAP_TO_GBEST | Indices: (123, 134) | Local Improvement: 0.0
  Move 7: GUIDED_SWAP_TO_PBEST | Indices: (244, 134) | Local Improvement: 0.0
  Move 8: GUIDED_SWAP_TO_PBEST | Indices: (123, 134) | Local Improvement: 0.0
  Move 9: GUIDED_SWAP_TO_GBEST | Indices: (134, 244) | Local Improvement: 0.0
  Move 10: GUIDED_SWAP_TO_GBEST | Indices: (123, 244) | Local Improvement: 0.0
  Move 11: TRIPLE_SWAP | Indices: (51, 123, 70) | Local Improvement: 0.0001106770833333437
=================================================================================
=================================================================================
2026-01-29T22:10:14.211 | Step 945 | Particle 178 | GLOBAL BEST ACHIEVED!
Global Improvement: 9.76562500000222e-5
All moves in this step:
  Move 1: GUIDED_SWAP_TO_PBEST | Indices: (245, 42) | Local Improvement: 0.0
  Move 2: GUIDED_SWAP_TO_PBEST | Indices: (123, 214) | Local Improvement: 0.0
  Move 3: GUIDED_SWAP_TO_PBEST | Indices: (186, 158) | Local Improvement: 0.0
  Move 4: GUIDED_SWAP_TO_PBEST | Indices: (214, 134) | Local Improvement: 0.0
  Move 5: GUIDED_SWAP_TO_PBEST | Indices: (158, 50) | Local Improvement: 0.0
  Move 6: GUIDED_SWAP_TO_GBEST | Indices: (42, 245) | Local Improvement: 0.0
  Move 7: GUIDED_SWAP_TO_GBEST | Indices: (188, 61) | Local Improvement: 0.0
  Move 8: GUIDED_SWAP_TO_GBEST | Indices: (250, 192) | Local Improvement: 0.0
  Move 9: GUIDED_SWAP_TO_GBEST | Indices: (244, 123) | Local Improvement: 0.0
  Move 10: GUIDED_SWAP_TO_GBEST | Indices: (214, 123) | Local Improvement: 0.0
  Move 11: GUIDED_SWAP_TO_PBEST | Indices: (155, 245) | Local Improvement: 0.0
  Move 12: GUIDED_SWAP_TO_PBEST | Indices: (245, 42) | Local Improvement: 0.0
  Move 13: GUIDED_SWAP_TO_PBEST | Indices: (61, 188) | Local Improvement: 0.0
  Move 14: GUIDED_SWAP_TO_PBEST | Indices: (214, 123) | Local Improvement: 0.0
  Move 15: GUIDED_SWAP_TO_PBEST | Indices: (192, 250) | Local Improvement: 0.0
  Move 16: GUIDED_SWAP_TO_GBEST | Indices: (70, 134) | Local Improvement: 0.0
  Move 17: GUIDED_SWAP_TO_GBEST | Indices: (250, 192) | Local Improvement: 0.0
  Move 18: GUIDED_SWAP_TO_GBEST | Indices: (188, 61) | Local Improvement: 0.0
  Move 19: GUIDED_SWAP_TO_GBEST | Indices: (83, 253) | Local Improvement: 0.0
  Move 20: GUIDED_SWAP_TO_GBEST | Indices: (214, 123) | Local Improvement: 0.0
  Move 21: GUIDED_SWAP_TO_GBEST | Indices: (123, 51) | Local Improvement: 0.0
  Move 22: GUIDED_SWAP_TO_GBEST | Indices: (134, 51) | Local Improvement: 0.0
  Move 23: GUIDED_SWAP_TO_GBEST | Indices: (42, 245) | Local Improvement: 0.0
  Move 24: GUIDED_SWAP_TO_GBEST | Indices: (155, 245) | Local Improvement: 0.0
  Move 25: TRIPLE_SWAP | Indices: (80, 210, 37) | Local Improvement: 9.76562500000222e-5
=================================================================================
=================================================================================
2026-01-29T22:10:16.489 | Step 947 | Particle 883 | GLOBAL BEST ACHIEVED!
Global Improvement: 1.3020833333321491e-5
All moves in this step:
  Move 1: GUIDED_SWAP_TO_GBEST | Indices: (61, 188) | Local Improvement: 0.0
  Move 2: GUIDED_SWAP_TO_GBEST | Indices: (250, 192) | Local Improvement: 0.0
  Move 3: GUIDED_SWAP_TO_PBEST | Indices: (192, 250) | Local Improvement: 0.0
  Move 4: GUIDED_SWAP_TO_PBEST | Indices: (37, 80) | Local Improvement: 0.0
  Move 5: GUIDED_SWAP_TO_PBEST | Indices: (123, 244) | Local Improvement: 0.0
  Move 6: GUIDED_SWAP_TO_PBEST | Indices: (134, 70) | Local Improvement: 0.0
  Move 7: GUIDED_SWAP_TO_PBEST | Indices: (155, 245) | Local Improvement: 0.0
  Move 8: GUIDED_SWAP_TO_GBEST | Indices: (37, 80) | Local Improvement: 0.0
  Move 9: GUIDED_SWAP_TO_GBEST | Indices: (245, 155) | Local Improvement: 0.0
  Move 10: GUIDED_SWAP_TO_GBEST | Indices: (192, 250) | Local Improvement: 0.0
  Move 11: GUIDED_SWAP_TO_GBEST | Indices: (123, 244) | Local Improvement: 0.0
  Move 12: TRIPLE_SWAP | Indices: (199, 116, 187) | Local Improvement: 0.0002213541666666874
=================================================================================
=================================================================================
2026-01-29T22:10:17.136 | Step 948 | Particle 53 | GLOBAL BEST ACHIEVED!
Global Improvement: 9.76562500000222e-5
All moves in this step:
  Move 1: GUIDED_SWAP_TO_PBEST | Indices: (3, 220) | Local Improvement: 0.0
  Move 2: GUIDED_SWAP_TO_GBEST | Indices: (116, 199) | Local Improvement: 0.0
  Move 3: GUIDED_SWAP_TO_GBEST | Indices: (187, 199) | Local Improvement: 0.0
  Move 4: GUIDED_SWAP_TO_GBEST | Indices: (70, 134) | Local Improvement: 0.0
  Move 5: GUIDED_SWAP_TO_GBEST | Indices: (210, 80) | Local Improvement: 0.0
  Move 6: GUIDED_SWAP_TO_PBEST | Indices: (134, 70) | Local Improvement: 0.0
  Move 7: GUIDED_SWAP_TO_PBEST | Indices: (187, 199) | Local Improvement: 0.0
  Move 8: GUIDED_SWAP_TO_PBEST | Indices: (199, 116) | Local Improvement: 0.0
  Move 9: GUIDED_SWAP_TO_PBEST | Indices: (80, 210) | Local Improvement: 0.0
  Move 10: GUIDED_SWAP_TO_GBEST | Indices: (80, 37) | Local Improvement: 0.0
  Move 11: GUIDED_SWAP_TO_GBEST | Indices: (116, 199) | Local Improvement: 0.0
  Move 12: GUIDED_SWAP_TO_GBEST | Indices: (187, 199) | Local Improvement: 0.0
  Move 13: GUIDED_SWAP_TO_GBEST | Indices: (210, 37) | Local Improvement: 0.0
  Move 14: GUIDED_SWAP_TO_GBEST | Indices: (134, 70) | Local Improvement: 0.0
  Move 15: TRIPLE_SWAP | Indices: (188, 240, 17) | Local Improvement: 9.76562500000222e-5
=================================================================================
=================================================================================
2026-01-29T22:10:17.241 | Step 948 | Particle 324 | GLOBAL BEST ACHIEVED!
Global Improvement: 0.0001953124999999334
All moves in this step:
  Move 1: GUIDED_SWAP_TO_GBEST | Indices: (116, 199) | Local Improvement: 0.0
  Move 2: GUIDED_SWAP_TO_GBEST | Indices: (187, 199) | Local Improvement: 0.0
  Move 3: GUIDED_SWAP_TO_GBEST | Indices: (70, 134) | Local Improvement: 0.0
  Move 4: TRIPLE_SWAP | Indices: (87, 252, 45) | Local Improvement: 0.0001953124999999334
=================================================================================
=================================================================================
2026-01-29T22:10:22.928 | Step 954 | Particle 869 | GLOBAL BEST ACHIEVED!
Global Improvement: 0.0002083333333333659
All moves in this step:
  Move 1: TRIPLE_SWAP | Indices: (120, 213, 20) | Local Improvement: 0.0002083333333333659
=================================================================================
