# V5: GUIDED SWAP KAPALI - Ablation Study
# Started on: 2026-01-20T18:43:52.687

=================================================================================
2026-01-20T18:43:52.987 | Step 1 | Particle 2 | GLOBAL BEST!
Global Improvement: 0.005078124999999933
  Move 1: TRIPLE_SWAP | Indices: (59, 55, 121)
  Move 2: RANDOM_SWAP | Indices: (55, 69)
  Move 3: RANDOM_SWAP | Indices: (55, 4)
  Move 4: RANDOM_SWAP | Indices: (38, 34)
  Move 5: RANDOM_SWAP | Indices: (184, 156)
  Move 6: RANDOM_SWAP | Indices: (88, 5)
=================================================================================
=================================================================================
2026-01-20T18:43:53.019 | Step 1 | Particle 6 | GLOBAL BEST!
Global Improvement: 0.004687499999999956
  Move 1: TRIPLE_SWAP | Indices: (1, 52, 46)
=================================================================================
=================================================================================
2026-01-20T18:43:53.024 | Step 1 | Particle 19 | GLOBAL BEST!
Global Improvement: 0.0012695312499999556
  Move 1: TRIPLE_SWAP | Indices: (1, 26, 48)
  Move 2: RANDOM_SWAP | Indices: (92, 170)
  Move 3: RANDOM_SWAP | Indices: (170, 163)
  Move 4: RANDOM_SWAP | Indices: (27, 52)
  Move 5: RANDOM_SWAP | Indices: (3, 148)
=================================================================================
=================================================================================
2026-01-20T18:43:53.030 | Step 1 | Particle 34 | GLOBAL BEST!
Global Improvement: 0.002929687500000111
  Move 1: TRIPLE_SWAP | Indices: (138, 67, 114)
  Move 2: RANDOM_SWAP | Indices: (231, 7)
  Move 3: RANDOM_SWAP | Indices: (225, 106)
  Move 4: RANDOM_SWAP | Indices: (173, 122)
  Move 5: RANDOM_SWAP | Indices: (77, 14)
  Move 6: RANDOM_SWAP | Indices: (5, 74)
=================================================================================
=================================================================================
2026-01-20T18:43:53.037 | Step 1 | Particle 51 | GLOBAL BEST!
Global Improvement: 0.0012695312499999556
  Move 1: TRIPLE_SWAP | Indices: (177, 141, 88)
  Move 2: RANDOM_SWAP | Indices: (52, 209)
  Move 3: RANDOM_SWAP | Indices: (44, 62)
  Move 4: RANDOM_SWAP | Indices: (98, 112)
  Move 5: RANDOM_SWAP | Indices: (69, 124)
  Move 6: RANDOM_SWAP | Indices: (77, 88)
=================================================================================
=================================================================================
2026-01-20T18:43:53.184 | Step 2 | Particle 3 | GLOBAL BEST!
Global Improvement: 0.0016601562499999334
  Move 1: TRIPLE_SWAP | Indices: (88, 30, 8)
  Move 2: RANDOM_SWAP | Indices: (74, 144)
=================================================================================
=================================================================================
2026-01-20T18:43:53.196 | Step 2 | Particle 34 | GLOBAL BEST!
Global Improvement: 0.0003906250000000888
  Move 1: TRIPLE_SWAP | Indices: (227, 254, 208)
=================================================================================
=================================================================================
2026-01-20T18:43:53.518 | Step 3 | Particle 3 | GLOBAL BEST!
Global Improvement: 0.0005859375000000222
  Move 1: TRIPLE_SWAP | Indices: (247, 83, 25)
  Move 2: RANDOM_SWAP | Indices: (150, 167)
  Move 3: RANDOM_SWAP | Indices: (18, 103)
  Move 4: RANDOM_SWAP | Indices: (154, 234)
  Move 5: RANDOM_SWAP | Indices: (251, 36)
  Move 6: RANDOM_SWAP | Indices: (102, 90)
=================================================================================
=================================================================================
2026-01-20T18:43:53.524 | Step 3 | Particle 17 | GLOBAL BEST!
Global Improvement: 0.0022460937499999556
  Move 1: TRIPLE_SWAP | Indices: (111, 120, 255)
=================================================================================
=================================================================================
2026-01-20T18:43:53.683 | Step 4 | Particle 3 | GLOBAL BEST!
Global Improvement: 0.0006835937499999334
  Move 1: TRIPLE_SWAP | Indices: (64, 215, 164)
=================================================================================
=================================================================================
2026-01-20T18:43:53.696 | Step 4 | Particle 34 | GLOBAL BEST!
Global Improvement: 0.00048828125
  Move 1: TRIPLE_SWAP | Indices: (46, 131, 157)
=================================================================================
=================================================================================
2026-01-20T18:43:53.697 | Step 4 | Particle 37 | GLOBAL BEST!
Global Improvement: 0.0001953125000000444
  Move 1: TRIPLE_SWAP | Indices: (154, 255, 175)
=================================================================================
=================================================================================
2026-01-20T18:43:53.719 | Step 4 | Particle 94 | GLOBAL BEST!
Global Improvement: 0.0003906250000000888
  Move 1: TRIPLE_SWAP | Indices: (26, 5, 176)
  Move 2: RANDOM_SWAP | Indices: (248, 30)
  Move 3: RANDOM_SWAP | Indices: (247, 40)
=================================================================================
=================================================================================
2026-01-20T18:43:53.745 | Step 4 | Particle 162 | GLOBAL BEST!
Global Improvement: 0.0005859374999999112
  Move 1: TRIPLE_SWAP | Indices: (230, 215, 86)
=================================================================================
=================================================================================
2026-01-20T18:43:53.842 | Step 5 | Particle 3 | GLOBAL BEST!
Global Improvement: 0.0003906250000000888
  Move 1: TRIPLE_SWAP | Indices: (19, 173, 123)
  Move 2: RANDOM_SWAP | Indices: (1, 161)
=================================================================================
=================================================================================
2026-01-20T18:43:53.855 | Step 5 | Particle 34 | GLOBAL BEST!
Global Improvement: 0.00244140625
  Move 1: TRIPLE_SWAP | Indices: (56, 69, 112)
  Move 2: RANDOM_SWAP | Indices: (238, 205)
  Move 3: RANDOM_SWAP | Indices: (235, 174)
  Move 4: RANDOM_SWAP | Indices: (31, 48)
=================================================================================
=================================================================================
2026-01-20T18:43:53.905 | Step 5 | Particle 162 | GLOBAL BEST!
Global Improvement: 0.0001953124999999334
  Move 1: TRIPLE_SWAP | Indices: (34, 22, 156)
=================================================================================
=================================================================================
2026-01-20T18:43:54.047 | Step 6 | Particle 121 | GLOBAL BEST!
Global Improvement: 0.0009765625
  Move 1: TRIPLE_SWAP | Indices: (122, 164, 22)
=================================================================================
=================================================================================
2026-01-20T18:43:54.165 | Step 7 | Particle 34 | GLOBAL BEST!
Global Improvement: 0.0010742187500000222
  Move 1: TRIPLE_SWAP | Indices: (132, 209, 111)
=================================================================================
=================================================================================
2026-01-20T18:43:54.199 | Step 7 | Particle 121 | GLOBAL BEST!
Global Improvement: 0.00048828125
  Move 1: TRIPLE_SWAP | Indices: (94, 126, 246)
=================================================================================
=================================================================================
2026-01-20T18:43:54.329 | Step 8 | Particle 58 | GLOBAL BEST!
Global Improvement: 0.00146484375
  Move 1: TRIPLE_SWAP | Indices: (26, 142, 175)
=================================================================================
=================================================================================
2026-01-20T18:43:54.380 | Step 8 | Particle 186 | GLOBAL BEST!
Global Improvement: 0.0001953125000000444
  Move 1: TRIPLE_SWAP | Indices: (154, 23, 182)
=================================================================================
=================================================================================
2026-01-20T18:43:54.474 | Step 9 | Particle 58 | GLOBAL BEST!
Global Improvement: 0.00146484375
  Move 1: TRIPLE_SWAP | Indices: (217, 22, 21)
=================================================================================
=================================================================================
2026-01-20T18:43:54.796 | Step 11 | Particle 175 | GLOBAL BEST!
Global Improvement: 0.0017578124999999556
  Move 1: TRIPLE_SWAP | Indices: (225, 59, 184)
  Move 2: RANDOM_SWAP | Indices: (90, 21)
  Move 3: RANDOM_SWAP | Indices: (175, 182)
=================================================================================
=================================================================================
2026-01-20T18:43:55.077 | Step 13 | Particle 175 | GLOBAL BEST!
Global Improvement: 0.00146484375
  Move 1: TRIPLE_SWAP | Indices: (202, 61, 212)
=================================================================================
=================================================================================
2026-01-20T18:43:55.467 | Step 16 | Particle 162 | GLOBAL BEST!
Global Improvement: 0.0008789062499999778
  Move 1: TRIPLE_SWAP | Indices: (48, 92, 251)
=================================================================================
=================================================================================
2026-01-20T18:43:55.551 | Step 17 | Particle 49 | GLOBAL BEST!
Global Improvement: 0.0005859375000000222
  Move 1: TRIPLE_SWAP | Indices: (164, 102, 223)
=================================================================================
=================================================================================
2026-01-20T18:43:55.678 | Step 18 | Particle 48 | GLOBAL BEST!
Global Improvement: 9.765624999991118e-5
  Move 1: TRIPLE_SWAP | Indices: (177, 203, 98)
=================================================================================
=================================================================================
2026-01-20T18:43:55.678 | Step 18 | Particle 49 | GLOBAL BEST!
Global Improvement: 0.0007812500000000666
  Move 1: TRIPLE_SWAP | Indices: (200, 3, 231)
=================================================================================
=================================================================================
2026-01-20T18:43:55.935 | Step 20 | Particle 48 | GLOBAL BEST!
Global Improvement: 0.0003906249999999778
  Move 1: TRIPLE_SWAP | Indices: (179, 203, 27)
=================================================================================
=================================================================================
2026-01-20T18:43:55.991 | Step 20 | Particle 187 | GLOBAL BEST!
Global Improvement: 0.0003906250000000888
  Move 1: TRIPLE_SWAP | Indices: (194, 195, 203)
=================================================================================
=================================================================================
2026-01-20T18:43:56.756 | Step 26 | Particle 190 | GLOBAL BEST!
Global Improvement: 0.00048828125
  Move 1: TRIPLE_SWAP | Indices: (11, 163, 161)
=================================================================================
=================================================================================
2026-01-20T18:43:56.825 | Step 27 | Particle 49 | GLOBAL BEST!
Global Improvement: 0.0001953124999999334
  Move 1: TRIPLE_SWAP | Indices: (101, 28, 167)
=================================================================================
=================================================================================
2026-01-20T18:43:57.004 | Step 28 | Particle 190 | GLOBAL BEST!
Global Improvement: 0.0001953125000000444
  Move 1: TRIPLE_SWAP | Indices: (83, 85, 87)
=================================================================================
=================================================================================
2026-01-20T18:43:57.076 | Step 29 | Particle 41 | GLOBAL BEST!
Global Improvement: 0.00146484375
  Move 1: TRIPLE_SWAP | Indices: (255, 247, 147)
=================================================================================
=================================================================================
2026-01-20T18:43:57.135 | Step 29 | Particle 190 | GLOBAL BEST!
Global Improvement: 9.76562500000222e-5
  Move 1: TRIPLE_SWAP | Indices: (165, 140, 232)
=================================================================================
=================================================================================
2026-01-20T18:43:57.942 | Step 35 | Particle 188 | GLOBAL BEST!
Global Improvement: 0.0028320312499998668
  Move 1: TRIPLE_SWAP | Indices: (73, 198, 220)
=================================================================================
=================================================================================
2026-01-20T18:44:03.561 | Step 79 | Particle 58 | GLOBAL BEST!
Global Improvement: 1.1102230246251565e-16
  Move 1: TRIPLE_SWAP | Indices: (120, 34, 100)
=================================================================================
=================================================================================
2026-01-20T18:44:04.067 | Step 83 | Particle 58 | GLOBAL BEST!
Global Improvement: 0.0001953124999999334
  Move 1: RANDOM_SWAP | Indices: (201, 254)
=================================================================================
=================================================================================
2026-01-20T18:44:06.221 | Step 99 | Particle 193 | GLOBAL BEST!
Global Improvement: 0.0005859375000000222
  Move 1: TRIPLE_SWAP | Indices: (98, 137, 24)
=================================================================================
=================================================================================
2026-01-20T18:44:08.410 | Step 116 | Particle 28 | GLOBAL BEST!
Global Improvement: 0.00048828125
  Move 1: TRIPLE_SWAP | Indices: (172, 254, 122)
=================================================================================
=================================================================================
2026-01-20T18:44:08.540 | Step 117 | Particle 28 | GLOBAL BEST!
Global Improvement: 0.0013671874999999778
  Move 1: TRIPLE_SWAP | Indices: (229, 233, 53)
=================================================================================
=================================================================================
2026-01-20T18:44:54.605 | Step 450 | Particle 125 | GLOBAL BEST!
Global Improvement: 0.0008789062499999778
  Move 1: TRIPLE_SWAP | Indices: (27, 226, 194)
=================================================================================
=================================================================================
2026-01-20T18:45:20.078 | Step 624 | Particle 176 | GLOBAL BEST!
Global Improvement: 0.0012695312499999556
  Move 1: TRIPLE_SWAP | Indices: (123, 80, 218)
=================================================================================
=================================================================================
2026-01-20T18:45:58.668 | Step 858 | Particle 43 | GLOBAL BEST!
Global Improvement: 9.765625000013323e-5
  Move 1: TRIPLE_SWAP | Indices: (10, 25, 175)
=================================================================================
=================================================================================
2026-01-20T18:46:08.599 | Step 911 | Particle 11 | GLOBAL BEST!
Global Improvement: 0.0008789062499999778
  Move 1: TRIPLE_SWAP | Indices: (247, 101, 25)
=================================================================================
=================================================================================
2026-01-20T18:46:33.419 | Step 1039 | Particle 60 | GLOBAL BEST!
Global Improvement: 0.00048828125
  Move 1: TRIPLE_SWAP | Indices: (95, 134, 59)
=================================================================================
=================================================================================
2026-01-20T18:47:07.730 | Step 1202 | Particle 40 | GLOBAL BEST!
Global Improvement: 9.76562500000222e-5
  Move 1: TRIPLE_SWAP | Indices: (177, 8, 26)
=================================================================================
=================================================================================
2026-01-20T18:47:39.992 | Step 1352 | Particle 188 | GLOBAL BEST!
Global Improvement: 0.0002929687499999556
  Move 1: TRIPLE_SWAP | Indices: (199, 111, 153)
=================================================================================
=================================================================================
2026-01-20T18:48:23.377 | Step 1551 | Particle 42 | GLOBAL BEST!
Global Improvement: 0.0001953125000000444
  Move 1: TRIPLE_SWAP | Indices: (96, 112, 149)
=================================================================================
=================================================================================
2026-01-20T18:48:31.894 | Step 1590 | Particle 119 | GLOBAL BEST!
Global Improvement: 0.00048828125
  Move 1: TRIPLE_SWAP | Indices: (195, 134, 106)
=================================================================================
=================================================================================
2026-01-20T18:48:50.009 | Step 1673 | Particle 174 | GLOBAL BEST!
Global Improvement: 0.0007812499999999556
  Move 1: TRIPLE_SWAP | Indices: (193, 232, 174)
=================================================================================
=================================================================================
2026-01-20T18:49:16.940 | Step 1797 | Particle 131 | GLOBAL BEST!
Global Improvement: 0.0005859374999999112
  Move 1: TRIPLE_SWAP | Indices: (170, 66, 77)
=================================================================================
