# V5: GUIDED SWAP KAPALI - Ablation Study
# Started on: 2026-01-21T18:31:13.921

=================================================================================
2026-01-21T18:31:14.100 | Step 1 | Particle 3 | GLOBAL BEST!
Global Improvement: 0.000540364583333286
  Move 1: TRIPLE_SWAP | Indices: (64, 44, 25)
=================================================================================
=================================================================================
2026-01-21T18:31:14.122 | Step 1 | Particle 14 | GLOBAL BEST!
Global Improvement: 0.001516927083333286
  Move 1: TRIPLE_SWAP | Indices: (19, 188, 108)
  Move 2: RANDOM_SWAP | Indices: (248, 72)
  Move 3: RANDOM_SWAP | Indices: (216, 60)
  Move 4: RANDOM_SWAP | Indices: (166, 245)
  Move 5: RANDOM_SWAP | Indices: (211, 158)
=================================================================================
=================================================================================
2026-01-21T18:31:14.164 | Step 1 | Particle 97 | GLOBAL BEST!
Global Improvement: 0.0013736979166667496
  Move 1: TRIPLE_SWAP | Indices: (83, 48, 240)
  Move 2: RANDOM_SWAP | Indices: (30, 59)
  Move 3: RANDOM_SWAP | Indices: (220, 61)
=================================================================================
=================================================================================
2026-01-21T18:31:14.170 | Step 1 | Particle 113 | GLOBAL BEST!
Global Improvement: 0.0011263020833334192
  Move 1: TRIPLE_SWAP | Indices: (5, 118, 48)
  Move 2: RANDOM_SWAP | Indices: (20, 29)
  Move 3: RANDOM_SWAP | Indices: (175, 216)
  Move 4: RANDOM_SWAP | Indices: (234, 223)
  Move 5: RANDOM_SWAP | Indices: (175, 108)
  Move 6: RANDOM_SWAP | Indices: (179, 226)
=================================================================================
=================================================================================
2026-01-21T18:31:14.305 | Step 2 | Particle 28 | GLOBAL BEST!
Global Improvement: 0.0014192708333331527
  Move 1: TRIPLE_SWAP | Indices: (223, 1, 184)
  Move 2: RANDOM_SWAP | Indices: (29, 83)
  Move 3: RANDOM_SWAP | Indices: (240, 98)
  Move 4: RANDOM_SWAP | Indices: (25, 233)
  Move 5: RANDOM_SWAP | Indices: (242, 127)
  Move 6: RANDOM_SWAP | Indices: (92, 98)
=================================================================================
=================================================================================
2026-01-21T18:31:14.332 | Step 2 | Particle 97 | GLOBAL BEST!
Global Improvement: 5.208333333350801e-5
  Move 1: RANDOM_SWAP | Indices: (248, 193)
  Move 2: RANDOM_SWAP | Indices: (60, 97)
=================================================================================
=================================================================================
2026-01-21T18:31:14.338 | Step 2 | Particle 113 | GLOBAL BEST!
Global Improvement: 0.0011783854166664831
  Move 1: TRIPLE_SWAP | Indices: (104, 153, 195)
  Move 2: RANDOM_SWAP | Indices: (131, 30)
  Move 3: RANDOM_SWAP | Indices: (238, 235)
=================================================================================
=================================================================================
2026-01-21T18:31:14.639 | Step 3 | Particle 48 | GLOBAL BEST!
Global Improvement: 0.00014322916666675845
  Move 1: TRIPLE_SWAP | Indices: (208, 188, 198)
=================================================================================
=================================================================================
2026-01-21T18:31:14.658 | Step 3 | Particle 97 | GLOBAL BEST!
Global Improvement: 0.0001953125000000444
  Move 1: TRIPLE_SWAP | Indices: (126, 16, 187)
=================================================================================
=================================================================================
2026-01-21T18:31:14.688 | Step 3 | Particle 172 | GLOBAL BEST!
Global Improvement: 0.0008789062499998668
  Move 1: TRIPLE_SWAP | Indices: (63, 68, 120)
  Move 2: RANDOM_SWAP | Indices: (166, 46)
  Move 3: RANDOM_SWAP | Indices: (191, 193)
  Move 4: RANDOM_SWAP | Indices: (103, 172)
  Move 5: RANDOM_SWAP | Indices: (192, 244)
=================================================================================
=================================================================================
2026-01-21T18:31:14.785 | Step 4 | Particle 8 | GLOBAL BEST!
Global Improvement: 0.0013216145833334636
  Move 1: TRIPLE_SWAP | Indices: (106, 146, 93)
=================================================================================
=================================================================================
2026-01-21T18:31:14.830 | Step 4 | Particle 124 | GLOBAL BEST!
Global Improvement: 0.00034505208333324155
  Move 1: TRIPLE_SWAP | Indices: (57, 64, 225)
  Move 2: RANDOM_SWAP | Indices: (68, 17)
  Move 3: RANDOM_SWAP | Indices: (42, 194)
  Move 4: RANDOM_SWAP | Indices: (86, 200)
  Move 5: RANDOM_SWAP | Indices: (112, 194)
  Move 6: RANDOM_SWAP | Indices: (233, 64)
=================================================================================
=================================================================================
2026-01-21T18:31:14.848 | Step 4 | Particle 172 | GLOBAL BEST!
Global Improvement: 0.00048828125
  Move 1: TRIPLE_SWAP | Indices: (193, 231, 105)
=================================================================================
=================================================================================
2026-01-21T18:31:14.987 | Step 5 | Particle 124 | GLOBAL BEST!
Global Improvement: 0.001028645833333286
  Move 1: TRIPLE_SWAP | Indices: (156, 64, 243)
=================================================================================
=================================================================================
2026-01-21T18:31:15.094 | Step 6 | Particle 8 | GLOBAL BEST!
Global Improvement: 0.0005859375000001332
  Move 1: TRIPLE_SWAP | Indices: (73, 57, 34)
=================================================================================
=================================================================================
2026-01-21T18:31:15.140 | Step 6 | Particle 124 | GLOBAL BEST!
Global Improvement: 0.00014973958333319715
  Move 1: TRIPLE_SWAP | Indices: (54, 235, 221)
=================================================================================
=================================================================================
2026-01-21T18:31:15.250 | Step 7 | Particle 8 | GLOBAL BEST!
Global Improvement: 0.0006835937500000444
  Move 1: TRIPLE_SWAP | Indices: (104, 109, 142)
=================================================================================
=================================================================================
2026-01-21T18:31:15.264 | Step 7 | Particle 43 | GLOBAL BEST!
Global Improvement: 0.00020182291666670515
  Move 1: TRIPLE_SWAP | Indices: (33, 234, 242)
=================================================================================
=================================================================================
2026-01-21T18:31:15.295 | Step 7 | Particle 123 | GLOBAL BEST!
Global Improvement: 0.0008268229166665808
  Move 1: TRIPLE_SWAP | Indices: (205, 48, 111)
  Move 2: RANDOM_SWAP | Indices: (207, 157)
  Move 3: RANDOM_SWAP | Indices: (103, 144)
  Move 4: RANDOM_SWAP | Indices: (253, 60)
  Move 5: RANDOM_SWAP | Indices: (56, 240)
  Move 6: RANDOM_SWAP | Indices: (2, 29)
=================================================================================
=================================================================================
2026-01-21T18:31:15.439 | Step 8 | Particle 124 | GLOBAL BEST!
Global Improvement: 0.002207031249999991
  Move 1: TRIPLE_SWAP | Indices: (167, 223, 195)
=================================================================================
=================================================================================
2026-01-21T18:31:15.705 | Step 10 | Particle 43 | GLOBAL BEST!
Global Improvement: 5.208333333350801e-5
  Move 1: TRIPLE_SWAP | Indices: (131, 52, 132)
=================================================================================
=================================================================================
2026-01-21T18:31:15.854 | Step 11 | Particle 70 | GLOBAL BEST!
Global Improvement: 0.0005859374999999112
  Move 1: TRIPLE_SWAP | Indices: (60, 40, 154)
=================================================================================
=================================================================================
2026-01-21T18:31:15.897 | Step 11 | Particle 181 | GLOBAL BEST!
Global Improvement: 0.0001497395833334192
  Move 1: TRIPLE_SWAP | Indices: (84, 129, 12)
=================================================================================
=================================================================================
2026-01-21T18:31:16 | Step 12 | Particle 99 | GLOBAL BEST!
Global Improvement: 4.557291666662522e-5
  Move 1: TRIPLE_SWAP | Indices: (221, 228, 31)
=================================================================================
=================================================================================
2026-01-21T18:31:16.142 | Step 13 | Particle 99 | GLOBAL BEST!
Global Improvement: 0.001028645833333286
  Move 1: TRIPLE_SWAP | Indices: (187, 40, 5)
=================================================================================
=================================================================================
2026-01-21T18:31:16.248 | Step 14 | Particle 43 | GLOBAL BEST!
Global Improvement: 0.0003450520833334636
  Move 1: TRIPLE_SWAP | Indices: (136, 144, 38)
=================================================================================
=================================================================================
2026-01-21T18:31:17.115 | Step 21 | Particle 55 | GLOBAL BEST!
Global Improvement: 9.765624999991118e-5
  Move 1: TRIPLE_SWAP | Indices: (112, 156, 133)
  Move 2: RANDOM_SWAP | Indices: (99, 146)
  Move 3: RANDOM_SWAP | Indices: (52, 34)
=================================================================================
=================================================================================
2026-01-21T18:31:17.290 | Step 22 | Particle 70 | GLOBAL BEST!
Global Improvement: 0.001028645833333286
  Move 1: RANDOM_SWAP | Indices: (89, 54)
  Move 2: RANDOM_SWAP | Indices: (150, 94)
=================================================================================
=================================================================================
2026-01-21T18:31:18.034 | Step 28 | Particle 54 | GLOBAL BEST!
Global Improvement: 0.00029947916666661634
  Move 1: TRIPLE_SWAP | Indices: (55, 118, 27)
=================================================================================
=================================================================================
2026-01-21T18:31:18.160 | Step 29 | Particle 54 | GLOBAL BEST!
Global Improvement: 0.0013216145833334636
  Move 1: TRIPLE_SWAP | Indices: (125, 80, 22)
=================================================================================
=================================================================================
2026-01-21T18:31:20.667 | Step 48 | Particle 128 | GLOBAL BEST!
Global Improvement: 8.215525793642264e-5
  Move 1: TRIPLE_SWAP | Indices: (31, 200, 201)
=================================================================================
=================================================================================
2026-01-21T18:31:21.144 | Step 52 | Particle 82 | GLOBAL BEST!
Global Improvement: 6.107390873011376e-5
  Move 1: TRIPLE_SWAP | Indices: (153, 182, 107)
=================================================================================
=================================================================================
2026-01-21T18:31:22.699 | Step 64 | Particle 32 | GLOBAL BEST!
Global Improvement: 0.0006380208333334192
  Move 1: TRIPLE_SWAP | Indices: (20, 69, 95)
=================================================================================
=================================================================================
2026-01-21T18:31:22.992 | Step 66 | Particle 100 | GLOBAL BEST!
Global Improvement: 0.00018632192460321662
  Move 1: TRIPLE_SWAP | Indices: (216, 11, 143)
=================================================================================
=================================================================================
2026-01-21T18:31:26.946 | Step 96 | Particle 15 | GLOBAL BEST!
Global Improvement: 0.00010664682539673898
  Move 1: TRIPLE_SWAP | Indices: (146, 49, 2)
=================================================================================
=================================================================================
2026-01-21T18:31:50.293 | Step 275 | Particle 160 | GLOBAL BEST!
Global Improvement: 9.765624999991118e-5
  Move 1: TRIPLE_SWAP | Indices: (157, 118, 204)
=================================================================================
=================================================================================
2026-01-21T18:31:55.848 | Step 314 | Particle 20 | GLOBAL BEST!
Global Improvement: 0.0008333333333334636
  Move 1: TRIPLE_SWAP | Indices: (254, 37, 248)
=================================================================================
=================================================================================
2026-01-21T18:32:07.310 | Step 400 | Particle 161 | GLOBAL BEST!
Global Improvement: 0.00034505208333324155
  Move 1: TRIPLE_SWAP | Indices: (169, 178, 41)
=================================================================================
=================================================================================
2026-01-21T18:32:07.465 | Step 401 | Particle 161 | GLOBAL BEST!
Global Improvement: 0.0003906250000000888
  Move 1: TRIPLE_SWAP | Indices: (128, 16, 106)
=================================================================================
=================================================================================
2026-01-21T18:32:33.357 | Step 579 | Particle 129 | GLOBAL BEST!
Global Improvement: 9.765624999991118e-5
  Move 1: TRIPLE_SWAP | Indices: (221, 242, 118)
=================================================================================
=================================================================================
2026-01-21T18:33:01.958 | Step 765 | Particle 29 | GLOBAL BEST!
Global Improvement: 0.000381634424603261
  Move 1: TRIPLE_SWAP | Indices: (140, 200, 83)
=================================================================================
=================================================================================
2026-01-21T18:33:24.923 | Step 895 | Particle 69 | GLOBAL BEST!
Global Improvement: 0.0001953125000000444
  Move 1: TRIPLE_SWAP | Indices: (17, 169, 112)
=================================================================================
=================================================================================
2026-01-21T18:33:25.100 | Step 896 | Particle 69 | GLOBAL BEST!
Global Improvement: 0.000540364583333286
  Move 1: TRIPLE_SWAP | Indices: (219, 104, 2)
=================================================================================
=================================================================================
2026-01-21T18:33:25.277 | Step 897 | Particle 69 | GLOBAL BEST!
Global Improvement: 9.765624999991118e-5
  Move 1: TRIPLE_SWAP | Indices: (168, 107, 50)
=================================================================================
=================================================================================
2026-01-21T18:33:44.227 | Step 1003 | Particle 60 | GLOBAL BEST!
Global Improvement: 0.0004427083333333748
  Move 1: TRIPLE_SWAP | Indices: (92, 98, 111)
=================================================================================
=================================================================================
2026-01-21T18:34:02.344 | Step 1093 | Particle 110 | GLOBAL BEST!
Global Improvement: 9.765625000013323e-5
  Move 1: TRIPLE_SWAP | Indices: (72, 84, 184)
=================================================================================
=================================================================================
2026-01-21T18:34:23.213 | Step 1195 | Particle 57 | GLOBAL BEST!
Global Improvement: 0.0009309895833331527
  Move 1: TRIPLE_SWAP | Indices: (180, 104, 211)
=================================================================================
=================================================================================
2026-01-21T18:40:10.880 | Step 2752 | Particle 131 | GLOBAL BEST!
Global Improvement: 0.0003906250000000888
  Move 1: TRIPLE_SWAP | Indices: (123, 10, 44)
=================================================================================
=================================================================================
2026-01-21T18:44:25.897 | Step 3915 | Particle 199 | GLOBAL BEST!
Global Improvement: 5.2083333333285964e-5
  Move 1: TRIPLE_SWAP | Indices: (226, 33, 116)
=================================================================================
=================================================================================
2026-01-21T18:44:26.108 | Step 3916 | Particle 199 | GLOBAL BEST!
Global Improvement: 0.0005859374999999112
  Move 1: TRIPLE_SWAP | Indices: (212, 179, 154)
=================================================================================
