# V5: GUIDED SWAP KAPALI - Ablation Study
# Started on: 2026-01-21T23:43:58.281

=================================================================================
2026-01-21T23:43:58.453 | Step 1 | Particle 6 | GLOBAL BEST!
Global Improvement: 0.0002839781746031278
  Move 1: TRIPLE_SWAP | Indices: (15, 136, 104)
=================================================================================
=================================================================================
2026-01-21T23:43:58.475 | Step 1 | Particle 9 | GLOBAL BEST!
Global Improvement: 0.0008854166666665275
  Move 1: TRIPLE_SWAP | Indices: (136, 112, 135)
=================================================================================
=================================================================================
2026-01-21T23:43:58.476 | Step 1 | Particle 12 | GLOBAL BEST!
Global Improvement: 0.00024088541666689167
  Move 1: TRIPLE_SWAP | Indices: (176, 136, 186)
=================================================================================
=================================================================================
2026-01-21T23:43:58.482 | Step 1 | Particle 27 | GLOBAL BEST!
Global Improvement: 0.0002929687499999556
  Move 1: TRIPLE_SWAP | Indices: (28, 67, 256)
=================================================================================
=================================================================================
2026-01-21T23:43:58.496 | Step 1 | Particle 59 | GLOBAL BEST!
Global Improvement: 0.001080729166666572
  Move 1: RANDOM_SWAP | Indices: (1, 54)
  Move 2: RANDOM_SWAP | Indices: (74, 40)
  Move 3: RANDOM_SWAP | Indices: (245, 10)
  Move 4: RANDOM_SWAP | Indices: (232, 204)
  Move 5: RANDOM_SWAP | Indices: (212, 26)
=================================================================================
=================================================================================
2026-01-21T23:43:58.521 | Step 1 | Particle 93 | GLOBAL BEST!
Global Improvement: 0.0013216145833332416
  Move 1: RANDOM_SWAP | Indices: (156, 178)
  Move 2: RANDOM_SWAP | Indices: (30, 246)
  Move 3: RANDOM_SWAP | Indices: (125, 139)
  Move 4: RANDOM_SWAP | Indices: (107, 228)
=================================================================================
=================================================================================
2026-01-21T23:43:58.553 | Step 1 | Particle 177 | GLOBAL BEST!
Global Improvement: 0.0002473958333335524
  Move 1: TRIPLE_SWAP | Indices: (52, 5, 85)
  Move 2: RANDOM_SWAP | Indices: (232, 253)
  Move 3: RANDOM_SWAP | Indices: (12, 42)
  Move 4: RANDOM_SWAP | Indices: (96, 156)
  Move 5: RANDOM_SWAP | Indices: (48, 36)
  Move 6: RANDOM_SWAP | Indices: (92, 219)
=================================================================================
=================================================================================
2026-01-21T23:43:58.658 | Step 2 | Particle 14 | GLOBAL BEST!
Global Improvement: 0.00019531249999982236
  Move 1: TRIPLE_SWAP | Indices: (85, 193, 256)
=================================================================================
=================================================================================
2026-01-21T23:43:58.669 | Step 2 | Particle 42 | GLOBAL BEST!
Global Improvement: 0.0008789062500000888
  Move 1: TRIPLE_SWAP | Indices: (16, 20, 136)
=================================================================================
=================================================================================
2026-01-21T23:43:58.721 | Step 2 | Particle 173 | GLOBAL BEST!
Global Improvement: 0.0006380208333334192
  Move 1: TRIPLE_SWAP | Indices: (101, 191, 143)
  Move 2: RANDOM_SWAP | Indices: (89, 229)
=================================================================================
=================================================================================
2026-01-21T23:43:58.723 | Step 2 | Particle 177 | GLOBAL BEST!
Global Improvement: 0.001718749999999769
  Move 1: TRIPLE_SWAP | Indices: (94, 49, 221)
=================================================================================
=================================================================================
2026-01-21T23:43:59.009 | Step 3 | Particle 14 | GLOBAL BEST!
Global Improvement: 0.0008333333333334636
  Move 1: TRIPLE_SWAP | Indices: (75, 134, 211)
=================================================================================
=================================================================================
2026-01-21T23:43:59.075 | Step 3 | Particle 182 | GLOBAL BEST!
Global Improvement: 0.0007812499999999556
  Move 1: TRIPLE_SWAP | Indices: (195, 25, 42)
  Move 2: RANDOM_SWAP | Indices: (241, 75)
  Move 3: RANDOM_SWAP | Indices: (205, 206)
=================================================================================
=================================================================================
2026-01-21T23:43:59.178 | Step 4 | Particle 14 | GLOBAL BEST!
Global Improvement: 0.00024739583333333037
  Move 1: TRIPLE_SWAP | Indices: (143, 13, 118)
=================================================================================
=================================================================================
2026-01-21T23:43:59.190 | Step 4 | Particle 44 | GLOBAL BEST!
Global Improvement: 0.001516927083333286
  Move 1: TRIPLE_SWAP | Indices: (209, 25, 218)
=================================================================================
=================================================================================
2026-01-21T23:43:59.363 | Step 5 | Particle 53 | GLOBAL BEST!
Global Improvement: 0.0007356770833333304
  Move 1: TRIPLE_SWAP | Indices: (216, 239, 195)
=================================================================================
=================================================================================
2026-01-21T23:43:59.705 | Step 7 | Particle 105 | GLOBAL BEST!
Global Improvement: 9.765625000013323e-5
  Move 1: TRIPLE_SWAP | Indices: (106, 208, 218)
=================================================================================
=================================================================================
2026-01-21T23:43:59.816 | Step 8 | Particle 12 | GLOBAL BEST!
Global Improvement: 0.0008854166666665275
  Move 1: TRIPLE_SWAP | Indices: (144, 216, 98)
=================================================================================
=================================================================================
2026-01-21T23:43:59.865 | Step 8 | Particle 137 | GLOBAL BEST!
Global Improvement: 0.0008789062500000888
  Move 1: TRIPLE_SWAP | Indices: (143, 227, 2)
  Move 2: RANDOM_SWAP | Indices: (135, 28)
  Move 3: RANDOM_SWAP | Indices: (74, 249)
=================================================================================
=================================================================================
2026-01-21T23:44:00.139 | Step 10 | Particle 124 | GLOBAL BEST!
Global Improvement: 0.0004427083333333748
  Move 1: TRIPLE_SWAP | Indices: (41, 15, 66)
=================================================================================
=================================================================================
2026-01-21T23:44:00.559 | Step 13 | Particle 134 | GLOBAL BEST!
Global Improvement: 0.0004947916666666607
  Move 1: TRIPLE_SWAP | Indices: (96, 29, 3)
=================================================================================
=================================================================================
2026-01-21T23:44:00.652 | Step 14 | Particle 40 | GLOBAL BEST!
Global Improvement: 0.0003385416666665808
  Move 1: TRIPLE_SWAP | Indices: (112, 203, 170)
=================================================================================
=================================================================================
2026-01-21T23:44:00.832 | Step 15 | Particle 173 | GLOBAL BEST!
Global Improvement: 0.0008333333333334636
  Move 1: TRIPLE_SWAP | Indices: (157, 201, 252)
=================================================================================
=================================================================================
2026-01-21T23:44:01.735 | Step 22 | Particle 144 | GLOBAL BEST!
Global Improvement: 0.0009309895833331527
  Move 1: TRIPLE_SWAP | Indices: (29, 211, 217)
=================================================================================
=================================================================================
2026-01-21T23:44:01.864 | Step 23 | Particle 137 | GLOBAL BEST!
Global Improvement: 5.208333333350801e-5
  Move 1: TRIPLE_SWAP | Indices: (22, 69, 65)
=================================================================================
=================================================================================
2026-01-21T23:44:03.890 | Step 38 | Particle 33 | GLOBAL BEST!
Global Improvement: 0.0008789062499998668
  Move 1: TRIPLE_SWAP | Indices: (240, 84, 216)
=================================================================================
=================================================================================
2026-01-21T23:44:07.443 | Step 65 | Particle 174 | GLOBAL BEST!
Global Improvement: 0.000381634424603261
  Move 1: TRIPLE_SWAP | Indices: (136, 39, 219)
=================================================================================
=================================================================================
2026-01-21T23:44:07.959 | Step 69 | Particle 174 | GLOBAL BEST!
Global Improvement: 0.0001497395833334192
  Move 1: TRIPLE_SWAP | Indices: (253, 101, 132)
=================================================================================
=================================================================================
2026-01-21T23:44:28.488 | Step 222 | Particle 30 | GLOBAL BEST!
Global Improvement: 0.0003019593253967834
  Move 1: TRIPLE_SWAP | Indices: (73, 251, 176)
=================================================================================
=================================================================================
2026-01-21T23:44:32.396 | Step 251 | Particle 13 | GLOBAL BEST!
Global Improvement: 0.0008333333333332416
  Move 1: TRIPLE_SWAP | Indices: (213, 118, 57)
=================================================================================
=================================================================================
2026-01-21T23:44:58.622 | Step 445 | Particle 25 | GLOBAL BEST!
Global Improvement: 9.765625000013323e-5
  Move 1: TRIPLE_SWAP | Indices: (96, 80, 17)
=================================================================================
=================================================================================
2026-01-21T23:45:13.868 | Step 547 | Particle 138 | GLOBAL BEST!
Global Improvement: 0.0007722594246031278
  Move 1: TRIPLE_SWAP | Indices: (39, 214, 167)
=================================================================================
=================================================================================
2026-01-21T23:45:16.678 | Step 567 | Particle 153 | GLOBAL BEST!
Global Improvement: 0.0006535218253966857
  Move 1: TRIPLE_SWAP | Indices: (41, 98, 167)
=================================================================================
=================================================================================
2026-01-21T23:46:19.749 | Step 939 | Particle 128 | GLOBAL BEST!
Global Improvement: 0.00024088541666666963
  Move 1: TRIPLE_SWAP | Indices: (7, 59, 4)
=================================================================================
=================================================================================
2026-01-21T23:46:48.118 | Step 1085 | Particle 173 | GLOBAL BEST!
Global Improvement: 9.765625000013323e-5
  Move 1: TRIPLE_SWAP | Indices: (175, 129, 155)
=================================================================================
=================================================================================
2026-01-21T23:47:09.853 | Step 1191 | Particle 100 | GLOBAL BEST!
Global Improvement: 0.0006746031746029946
  Move 1: TRIPLE_SWAP | Indices: (14, 231, 246)
=================================================================================
=================================================================================
2026-01-21T23:47:45.991 | Step 1359 | Particle 86 | GLOBAL BEST!
Global Improvement: 6.10739087303358e-5
  Move 1: TRIPLE_SWAP | Indices: (206, 42, 245)
=================================================================================
=================================================================================
2026-01-21T23:50:00.693 | Step 1979 | Particle 195 | GLOBAL BEST!
Global Improvement: 0.0004792906746031722
  Move 1: TRIPLE_SWAP | Indices: (230, 149, 231)
=================================================================================
=================================================================================
2026-01-21T23:50:59.304 | Step 2253 | Particle 58 | GLOBAL BEST!
Global Improvement: 0.0006380208333331971
  Move 1: TRIPLE_SWAP | Indices: (14, 162, 236)
=================================================================================
=================================================================================
2026-01-22T00:00:12.771 | Step 4812 | Particle 169 | GLOBAL BEST!
Global Improvement: 0.00029296875000017764
  Move 1: TRIPLE_SWAP | Indices: (77, 163, 216)
=================================================================================
=================================================================================
2026-01-22T00:00:13.848 | Step 4817 | Particle 169 | GLOBAL BEST!
Global Improvement: 0.0017643229166666163
  Move 1: TRIPLE_SWAP | Indices: (126, 142, 37)
=================================================================================
