# Global Best Swaps Only - COMPOSITE FITNESS MODE WITH EARLY STOPPING
# Started on: 2026-01-29T11:30:22.147
# Format: Timestamp | Step | Particle | Operation | Indices | Local | Global | Status
# Note: Each global best S-box is saved in debug_sboxes/ directory
# Using composite fitness function with NL, SAC, DDT, and Entropy
# Early stopping enabled based on NL threshold

=================================================================================
2026-01-29T11:30:22.345 | Step 1 | Particle 2 | GLOBAL BEST ACHIEVED!
Global Improvement: 0.0009895833333333215
All moves in this step:
  Move 1: TRIPLE_SWAP | Indices: (252, 200, 90) | Local Improvement: 0.0009895833333333215
=================================================================================
=================================================================================
2026-01-29T11:30:22.367 | Step 1 | Particle 3 | GLOBAL BEST ACHIEVED!
Global Improvement: 0.0011979166666665764
All moves in this step:
  Move 1: TRIPLE_SWAP | Indices: (147, 234, 76) | Local Improvement: 0.0011979166666665764
=================================================================================
=================================================================================
2026-01-29T11:30:22.368 | Step 1 | Particle 4 | GLOBAL BEST ACHIEVED!
Global Improvement: 0.0012955729166665986
All moves in this step:
  Move 1: TRIPLE_SWAP | Indices: (47, 114, 209) | Local Improvement: 0.0012955729166665986
=================================================================================
=================================================================================
2026-01-29T11:30:22.369 | Step 1 | Particle 7 | GLOBAL BEST ACHIEVED!
Global Improvement: 0.0017122395833333304
All moves in this step:
  Move 1: TRIPLE_SWAP | Indices: (9, 61, 6) | Local Improvement: 0.0017122395833333304
=================================================================================
=================================================================================
2026-01-29T11:30:22.370 | Step 1 | Particle 8 | GLOBAL BEST ACHIEVED!
Global Improvement: 0.002617187499999951
All moves in this step:
  Move 1: TRIPLE_SWAP | Indices: (53, 109, 170) | Local Improvement: 0.0015039062499999645
  Move 2: RANDOM_SWAP | Indices: (105, 79) | Local Improvement: 0.0
  Move 3: RANDOM_SWAP | Indices: (105, 168) | Local Improvement: 0.0
  Move 4: RANDOM_SWAP | Indices: (22, 38) | Local Improvement: 0.0
  Move 5: RANDOM_SWAP | Indices: (69, 188) | Local Improvement: 0.0
=================================================================================
=================================================================================
2026-01-29T11:30:22.416 | Step 1 | Particle 98 | GLOBAL BEST ACHIEVED!
Global Improvement: 0.0035807291666665186
All moves in this step:
  Move 1: TRIPLE_SWAP | Indices: (52, 170, 150) | Local Improvement: 0.0009049479166666208
  Move 2: RANDOM_SWAP | Indices: (174, 97) | Local Improvement: 0.0
  Move 3: RANDOM_SWAP | Indices: (20, 44) | Local Improvement: 0.0
  Move 4: RANDOM_SWAP | Indices: (103, 227) | Local Improvement: 0.0
  Move 5: RANDOM_SWAP | Indices: (134, 248) | Local Improvement: 0.0
=================================================================================
=================================================================================
2026-01-29T11:30:22.532 | Step 2 | Particle 13 | GLOBAL BEST ACHIEVED!
Global Improvement: 0.0014192708333333748
All moves in this step:
  Move 1: GUIDED_SWAP_TO_GBEST | Indices: (170, 52) | Local Improvement: 0.0
  Move 2: GUIDED_SWAP_TO_GBEST | Indices: (248, 134) | Local Improvement: 0.0
  Move 3: GUIDED_SWAP_TO_GBEST | Indices: (103, 227) | Local Improvement: 0.0
  Move 4: GUIDED_SWAP_TO_GBEST | Indices: (150, 52) | Local Improvement: 0.0
  Move 5: GUIDED_SWAP_TO_GBEST | Indices: (44, 20) | Local Improvement: 0.0
  Move 6: GUIDED_SWAP_TO_GBEST | Indices: (5, 52) | Local Improvement: 0.0
  Move 7: GUIDED_SWAP_TO_GBEST | Indices: (174, 97) | Local Improvement: 0.0
  Move 8: GUIDED_SWAP_TO_GBEST | Indices: (52, 35) | Local Improvement: 0.0
  Move 9: GUIDED_SWAP_TO_PBEST | Indices: (20, 44) | Local Improvement: 0.0
  Move 10: GUIDED_SWAP_TO_PBEST | Indices: (35, 52) | Local Improvement: 0.0
  Move 11: GUIDED_SWAP_TO_PBEST | Indices: (134, 248) | Local Improvement: 0.0
  Move 12: GUIDED_SWAP_TO_PBEST | Indices: (52, 170) | Local Improvement: 0.0
  Move 13: GUIDED_SWAP_TO_GBEST | Indices: (35, 170) | Local Improvement: 0.0
  Move 14: GUIDED_SWAP_TO_GBEST | Indices: (20, 44) | Local Improvement: 0.0
  Move 15: GUIDED_SWAP_TO_GBEST | Indices: (52, 170) | Local Improvement: 0.0
  Move 16: GUIDED_SWAP_TO_GBEST | Indices: (134, 248) | Local Improvement: 0.0
  Move 17: TRIPLE_SWAP | Indices: (35, 215, 174) | Local Improvement: 0.0010872395833334547
  Move 18: RANDOM_SWAP | Indices: (103, 150) | Local Improvement: 0.0
  Move 19: RANDOM_SWAP | Indices: (131, 196) | Local Improvement: 0.0
  Move 20: RANDOM_SWAP | Indices: (63, 108) | Local Improvement: 0.0
  Move 21: RANDOM_SWAP | Indices: (26, 73) | Local Improvement: 0.0
  Move 22: RANDOM_SWAP | Indices: (6, 217) | Local Improvement: 0.0
=================================================================================
=================================================================================
2026-01-29T11:30:22.536 | Step 2 | Particle 23 | GLOBAL BEST ACHIEVED!
Global Improvement: 0.0016145833333334192
All moves in this step:
  Move 1: GUIDED_SWAP_TO_GBEST | Indices: (103, 227) | Local Improvement: 0.0
  Move 2: GUIDED_SWAP_TO_GBEST | Indices: (150, 170) | Local Improvement: 0.0
  Move 3: GUIDED_SWAP_TO_GBEST | Indices: (134, 248) | Local Improvement: 0.0
  Move 4: GUIDED_SWAP_TO_GBEST | Indices: (199, 220) | Local Improvement: 0.0
  Move 5: GUIDED_SWAP_TO_GBEST | Indices: (170, 52) | Local Improvement: 0.0
  Move 6: GUIDED_SWAP_TO_PBEST | Indices: (248, 134) | Local Improvement: 0.0
  Move 7: GUIDED_SWAP_TO_PBEST | Indices: (199, 220) | Local Improvement: 0.0
  Move 8: GUIDED_SWAP_TO_PBEST | Indices: (52, 170) | Local Improvement: 0.0
  Move 9: GUIDED_SWAP_TO_GBEST | Indices: (174, 97) | Local Improvement: 0.0
  Move 10: GUIDED_SWAP_TO_GBEST | Indices: (169, 191) | Local Improvement: 0.0
  Move 11: GUIDED_SWAP_TO_GBEST | Indices: (134, 248) | Local Improvement: 0.0
  Move 12: GUIDED_SWAP_TO_GBEST | Indices: (199, 220) | Local Improvement: 0.0
  Move 13: GUIDED_SWAP_TO_GBEST | Indices: (20, 44) | Local Improvement: 0.0
  Move 14: GUIDED_SWAP_TO_PBEST | Indices: (97, 174) | Local Improvement: 0.0
  Move 15: GUIDED_SWAP_TO_PBEST | Indices: (191, 169) | Local Improvement: 0.0
  Move 16: GUIDED_SWAP_TO_PBEST | Indices: (248, 134) | Local Improvement: 0.0
  Move 17: GUIDED_SWAP_TO_PBEST | Indices: (220, 199) | Local Improvement: 0.0
  Move 18: GUIDED_SWAP_TO_GBEST | Indices: (191, 169) | Local Improvement: 0.0
  Move 19: GUIDED_SWAP_TO_GBEST | Indices: (97, 174) | Local Improvement: 0.0
  Move 20: GUIDED_SWAP_TO_GBEST | Indices: (134, 248) | Local Improvement: 0.0
  Move 21: GUIDED_SWAP_TO_GBEST | Indices: (170, 52) | Local Improvement: 0.0
  Move 22: TRIPLE_SWAP | Indices: (210, 142, 164) | Local Improvement: 0.0004166666666667318
=================================================================================
=================================================================================
2026-01-29T11:30:22.552 | Step 2 | Particle 63 | GLOBAL BEST ACHIEVED!
Global Improvement: 0.002128906250000062
All moves in this step:
  Move 1: GUIDED_SWAP_TO_GBEST | Indices: (103, 227) | Local Improvement: 0.0
  Move 2: GUIDED_SWAP_TO_GBEST | Indices: (174, 97) | Local Improvement: 0.0
  Move 3: GUIDED_SWAP_TO_GBEST | Indices: (20, 44) | Local Improvement: 0.0
  Move 4: GUIDED_SWAP_TO_GBEST | Indices: (170, 52) | Local Improvement: 0.0
  Move 5: GUIDED_SWAP_TO_GBEST | Indices: (52, 150) | Local Improvement: 0.0
  Move 6: GUIDED_SWAP_TO_PBEST | Indices: (20, 44) | Local Improvement: 0.0
  Move 7: GUIDED_SWAP_TO_PBEST | Indices: (97, 174) | Local Improvement: 0.0
  Move 8: GUIDED_SWAP_TO_PBEST | Indices: (170, 150) | Local Improvement: 0.0
  Move 9: GUIDED_SWAP_TO_PBEST | Indices: (150, 52) | Local Improvement: 0.0
  Move 10: GUIDED_SWAP_TO_GBEST | Indices: (52, 150) | Local Improvement: 0.0
  Move 11: GUIDED_SWAP_TO_GBEST | Indices: (20, 44) | Local Improvement: 0.0
  Move 12: GUIDED_SWAP_TO_GBEST | Indices: (248, 134) | Local Improvement: 0.0
  Move 13: GUIDED_SWAP_TO_GBEST | Indices: (174, 97) | Local Improvement: 0.0
  Move 14: GUIDED_SWAP_TO_GBEST | Indices: (150, 170) | Local Improvement: 0.0
  Move 15: TRIPLE_SWAP | Indices: (108, 96, 1) | Local Improvement: 0.0010156250000000755
  Move 16: RANDOM_SWAP | Indices: (8, 166) | Local Improvement: 0.0
  Move 17: RANDOM_SWAP | Indices: (1, 196) | Local Improvement: 0.0
=================================================================================
=================================================================================
2026-01-29T11:30:22.784 | Step 3 | Particle 2 | GLOBAL BEST ACHIEVED!
Global Improvement: 0.0004166666666667318
All moves in this step:
  Move 1: GUIDED_SWAP_TO_GBEST | Indices: (8, 166) | Local Improvement: 0.0
  Move 2: GUIDED_SWAP_TO_GBEST | Indices: (134, 248) | Local Improvement: 0.0
  Move 3: GUIDED_SWAP_TO_GBEST | Indices: (150, 170) | Local Improvement: 0.0
  Move 4: GUIDED_SWAP_TO_GBEST | Indices: (1, 196) | Local Improvement: 0.0
  Move 5: GUIDED_SWAP_TO_GBEST | Indices: (252, 90) | Local Improvement: 0.0
  Move 6: GUIDED_SWAP_TO_GBEST | Indices: (174, 97) | Local Improvement: 0.0
  Move 7: GUIDED_SWAP_TO_GBEST | Indices: (108, 196) | Local Improvement: 0.0
  Move 8: GUIDED_SWAP_TO_GBEST | Indices: (96, 196) | Local Improvement: 0.0
  Move 9: TRIPLE_SWAP | Indices: (75, 239, 204) | Local Improvement: 0.0004166666666667318
=================================================================================
=================================================================================
2026-01-29T11:30:22.789 | Step 3 | Particle 14 | GLOBAL BEST ACHIEVED!
Global Improvement: 0.0009309895833333748
All moves in this step:
  Move 1: GUIDED_SWAP_TO_GBEST | Indices: (170, 52) | Local Improvement: 0.0
  Move 2: GUIDED_SWAP_TO_GBEST | Indices: (96, 108) | Local Improvement: 0.0
  Move 3: GUIDED_SWAP_TO_GBEST | Indices: (196, 108) | Local Improvement: 0.0
  Move 4: GUIDED_SWAP_TO_GBEST | Indices: (166, 8) | Local Improvement: 0.0
  Move 5: GUIDED_SWAP_TO_PBEST | Indices: (170, 52) | Local Improvement: 0.0
  Move 6: GUIDED_SWAP_TO_PBEST | Indices: (166, 8) | Local Improvement: 0.0
  Move 7: GUIDED_SWAP_TO_PBEST | Indices: (196, 108) | Local Improvement: 0.0
  Move 8: GUIDED_SWAP_TO_GBEST | Indices: (1, 196) | Local Improvement: 0.0
  Move 9: GUIDED_SWAP_TO_GBEST | Indices: (52, 170) | Local Improvement: 0.0
  Move 10: GUIDED_SWAP_TO_GBEST | Indices: (196, 108) | Local Improvement: 0.0
  Move 11: GUIDED_SWAP_TO_GBEST | Indices: (8, 166) | Local Improvement: 0.0
  Move 12: TRIPLE_SWAP | Indices: (248, 35, 116) | Local Improvement: 0.0009309895833333748
=================================================================================
=================================================================================
2026-01-29T11:30:22.887 | Step 4 | Particle 10 | GLOBAL BEST ACHIEVED!
Global Improvement: 0.0003190104166665986
All moves in this step:
  Move 1: GUIDED_SWAP_TO_GBEST | Indices: (34, 19) | Local Improvement: 0.0
  Move 2: GUIDED_SWAP_TO_GBEST | Indices: (248, 116) | Local Improvement: 0.0
  Move 3: GUIDED_SWAP_TO_GBEST | Indices: (153, 128) | Local Improvement: 0.0
  Move 4: GUIDED_SWAP_TO_GBEST | Indices: (187, 125) | Local Improvement: 0.0
  Move 5: GUIDED_SWAP_TO_GBEST | Indices: (230, 91) | Local Improvement: 0.0
  Move 6: GUIDED_SWAP_TO_PBEST | Indices: (34, 19) | Local Improvement: 0.0
  Move 7: GUIDED_SWAP_TO_PBEST | Indices: (153, 128) | Local Improvement: 0.0
  Move 8: GUIDED_SWAP_TO_PBEST | Indices: (116, 248) | Local Improvement: 0.0
  Move 9: GUIDED_SWAP_TO_PBEST | Indices: (230, 91) | Local Improvement: 0.0
  Move 10: GUIDED_SWAP_TO_GBEST | Indices: (19, 34) | Local Improvement: 0.0
  Move 11: GUIDED_SWAP_TO_GBEST | Indices: (153, 128) | Local Improvement: 0.0
  Move 12: GUIDED_SWAP_TO_GBEST | Indices: (35, 248) | Local Improvement: 0.0
  Move 13: GUIDED_SWAP_TO_GBEST | Indices: (116, 248) | Local Improvement: 0.0
  Move 14: RANDOM_SWAP | Indices: (170, 165) | Local Improvement: 0.0
  Move 15: RANDOM_SWAP | Indices: (112, 128) | Local Improvement: 0.0
  Move 16: RANDOM_SWAP | Indices: (85, 46) | Local Improvement: 0.0
=================================================================================
=================================================================================
2026-01-29T11:30:22.889 | Step 4 | Particle 14 | GLOBAL BEST ACHIEVED!
Global Improvement: 0.0004166666666666208
All moves in this step:
  Move 1: TRIPLE_SWAP | Indices: (216, 56, 52) | Local Improvement: 0.0004166666666666208
=================================================================================
=================================================================================
2026-01-29T11:30:22.896 | Step 4 | Particle 31 | GLOBAL BEST ACHIEVED!
Global Improvement: 0.0004296875000000533
All moves in this step:
  Move 1: GUIDED_SWAP_TO_GBEST | Indices: (112, 38) | Local Improvement: 0.0
  Move 2: GUIDED_SWAP_TO_GBEST | Indices: (1, 96) | Local Improvement: 0.0
  Move 3: GUIDED_SWAP_TO_GBEST | Indices: (45, 49) | Local Improvement: 0.0
  Move 4: GUIDED_SWAP_TO_GBEST | Indices: (116, 35) | Local Improvement: 0.0
  Move 5: GUIDED_SWAP_TO_GBEST | Indices: (108, 96) | Local Improvement: 0.0
  Move 6: GUIDED_SWAP_TO_PBEST | Indices: (112, 38) | Local Improvement: 0.0
  Move 7: GUIDED_SWAP_TO_PBEST | Indices: (96, 1) | Local Improvement: 0.0
  Move 8: GUIDED_SWAP_TO_PBEST | Indices: (116, 35) | Local Improvement: 0.0
  Move 9: GUIDED_SWAP_TO_PBEST | Indices: (108, 1) | Local Improvement: 0.0
  Move 10: GUIDED_SWAP_TO_PBEST | Indices: (45, 49) | Local Improvement: 0.0
  Move 11: GUIDED_SWAP_TO_GBEST | Indices: (49, 45) | Local Improvement: 0.0
  Move 12: GUIDED_SWAP_TO_GBEST | Indices: (96, 108) | Local Improvement: 0.0
  Move 13: GUIDED_SWAP_TO_GBEST | Indices: (108, 1) | Local Improvement: 0.0
  Move 14: GUIDED_SWAP_TO_GBEST | Indices: (248, 116) | Local Improvement: 0.0
  Move 15: GUIDED_SWAP_TO_GBEST | Indices: (131, 112) | Local Improvement: 0.0
  Move 16: TRIPLE_SWAP | Indices: (79, 88, 51) | Local Improvement: 0.0003190104166667096
=================================================================================
=================================================================================
2026-01-29T11:30:22.899 | Step 4 | Particle 38 | GLOBAL BEST ACHIEVED!
Global Improvement: 0.0005273437499999645
All moves in this step:
  Move 1: GUIDED_SWAP_TO_GBEST | Indices: (29, 6) | Local Improvement: 0.0
  Move 2: GUIDED_SWAP_TO_GBEST | Indices: (116, 35) | Local Improvement: 0.0
  Move 3: GUIDED_SWAP_TO_GBEST | Indices: (248, 35) | Local Improvement: 0.0
  Move 4: TRIPLE_SWAP | Indices: (221, 159, 154) | Local Improvement: 0.0003190104166665986
  Move 5: RANDOM_SWAP | Indices: (11, 168) | Local Improvement: 0.0
  Move 6: RANDOM_SWAP | Indices: (242, 126) | Local Improvement: 0.0
  Move 7: RANDOM_SWAP | Indices: (198, 88) | Local Improvement: 0.0
=================================================================================
=================================================================================
2026-01-29T11:30:22.905 | Step 4 | Particle 54 | GLOBAL BEST ACHIEVED!
Global Improvement: 0.0006249999999999867
All moves in this step:
  Move 1: GUIDED_SWAP_TO_GBEST | Indices: (238, 4) | Local Improvement: 0.0
  Move 2: GUIDED_SWAP_TO_GBEST | Indices: (248, 116) | Local Improvement: 0.0
  Move 3: GUIDED_SWAP_TO_GBEST | Indices: (4, 56) | Local Improvement: 0.0
  Move 4: GUIDED_SWAP_TO_GBEST | Indices: (35, 116) | Local Improvement: 0.0
  Move 5: TRIPLE_SWAP | Indices: (70, 202, 44) | Local Improvement: 0.0003190104166665986
  Move 6: RANDOM_SWAP | Indices: (152, 108) | Local Improvement: 0.0
  Move 7: RANDOM_SWAP | Indices: (247, 78) | Local Improvement: 0.0
  Move 8: RANDOM_SWAP | Indices: (161, 242) | Local Improvement: 0.0
=================================================================================
=================================================================================
2026-01-29T11:30:22.971 | Step 5 | Particle 17 | GLOBAL BEST ACHIEVED!
Global Improvement: 2.6041666666642982e-5
All moves in this step:
  Move 1: GUIDED_SWAP_TO_GBEST | Indices: (8, 166) | Local Improvement: 0.0
  Move 2: GUIDED_SWAP_TO_GBEST | Indices: (152, 108) | Local Improvement: 0.0
  Move 3: GUIDED_SWAP_TO_GBEST | Indices: (70, 44) | Local Improvement: 0.0
  Move 4: GUIDED_SWAP_TO_GBEST | Indices: (242, 161) | Local Improvement: 0.0
  Move 5: GUIDED_SWAP_TO_GBEST | Indices: (196, 1) | Local Improvement: 0.0
  Move 6: GUIDED_SWAP_TO_PBEST | Indices: (152, 108) | Local Improvement: 0.0
  Move 7: GUIDED_SWAP_TO_PBEST | Indices: (70, 44) | Local Improvement: 0.0
  Move 8: GUIDED_SWAP_TO_PBEST | Indices: (166, 8) | Local Improvement: 0.0
  Move 9: GUIDED_SWAP_TO_PBEST | Indices: (242, 161) | Local Improvement: 0.0
  Move 10: GUIDED_SWAP_TO_GBEST | Indices: (166, 8) | Local Improvement: 0.0
  Move 11: GUIDED_SWAP_TO_GBEST | Indices: (202, 70) | Local Improvement: 0.0
  Move 12: GUIDED_SWAP_TO_GBEST | Indices: (242, 161) | Local Improvement: 0.0
  Move 13: GUIDED_SWAP_TO_GBEST | Indices: (70, 44) | Local Improvement: 0.0
  Move 14: GUIDED_SWAP_TO_PBEST | Indices: (196, 1) | Local Improvement: 0.0
  Move 15: GUIDED_SWAP_TO_PBEST | Indices: (166, 8) | Local Improvement: 0.0
  Move 16: GUIDED_SWAP_TO_PBEST | Indices: (70, 202) | Local Improvement: 0.0
  Move 17: GUIDED_SWAP_TO_GBEST | Indices: (34, 24) | Local Improvement: 0.0
  Move 18: GUIDED_SWAP_TO_GBEST | Indices: (108, 152) | Local Improvement: 0.0
  Move 19: GUIDED_SWAP_TO_GBEST | Indices: (70, 202) | Local Improvement: 0.0
  Move 20: GUIDED_SWAP_TO_GBEST | Indices: (196, 1) | Local Improvement: 0.0
  Move 21: TRIPLE_SWAP | Indices: (68, 249, 165) | Local Improvement: 0.0003190104166667096
=================================================================================
=================================================================================
2026-01-29T11:30:22.973 | Step 5 | Particle 22 | GLOBAL BEST ACHIEVED!
Global Improvement: 0.0004166666666666208
All moves in this step:
  Move 1: GUIDED_SWAP_TO_GBEST | Indices: (242, 161) | Local Improvement: 0.0
  Move 2: GUIDED_SWAP_TO_GBEST | Indices: (118, 4) | Local Improvement: 0.0
  Move 3: GUIDED_SWAP_TO_GBEST | Indices: (193, 149) | Local Improvement: 0.0
  Move 4: GUIDED_SWAP_TO_GBEST | Indices: (202, 70) | Local Improvement: 0.0
  Move 5: GUIDED_SWAP_TO_PBEST | Indices: (202, 70) | Local Improvement: 0.0
  Move 6: GUIDED_SWAP_TO_PBEST | Indices: (193, 149) | Local Improvement: 0.0
  Move 7: GUIDED_SWAP_TO_PBEST | Indices: (118, 4) | Local Improvement: 0.0
  Move 8: GUIDED_SWAP_TO_PBEST | Indices: (161, 242) | Local Improvement: 0.0
  Move 9: GUIDED_SWAP_TO_GBEST | Indices: (44, 202) | Local Improvement: 0.0
  Move 10: GUIDED_SWAP_TO_GBEST | Indices: (35, 248) | Local Improvement: 0.0
  Move 11: GUIDED_SWAP_TO_GBEST | Indices: (152, 96) | Local Improvement: 0.0
  Move 12: GUIDED_SWAP_TO_GBEST | Indices: (118, 4) | Local Improvement: 0.0
  Move 13: GUIDED_SWAP_TO_GBEST | Indices: (108, 96) | Local Improvement: 0.0
  Move 14: GUIDED_SWAP_TO_GBEST | Indices: (161, 242) | Local Improvement: 0.0
  Move 15: GUIDED_SWAP_TO_GBEST | Indices: (70, 208) | Local Improvement: 0.0
  Move 16: GUIDED_SWAP_TO_GBEST | Indices: (193, 149) | Local Improvement: 0.0
  Move 17: GUIDED_SWAP_TO_GBEST | Indices: (248, 116) | Local Improvement: 0.0
  Move 18: TRIPLE_SWAP | Indices: (209, 158, 155) | Local Improvement: 0.0005989583333333437
=================================================================================
=================================================================================
2026-01-29T11:30:22.992 | Step 5 | Particle 71 | GLOBAL BEST ACHIEVED!
Global Improvement: 0.00042968749999994227
All moves in this step:
  Move 1: GUIDED_SWAP_TO_GBEST | Indices: (61, 72) | Local Improvement: 0.0
  Move 2: GUIDED_SWAP_TO_GBEST | Indices: (152, 108) | Local Improvement: 0.0
  Move 3: GUIDED_SWAP_TO_GBEST | Indices: (72, 77) | Local Improvement: 0.0
  Move 4: GUIDED_SWAP_TO_GBEST | Indices: (202, 70) | Local Improvement: 0.0
  Move 5: GUIDED_SWAP_TO_GBEST | Indices: (247, 78) | Local Improvement: 0.0
  Move 6: GUIDED_SWAP_TO_GBEST | Indices: (242, 161) | Local Improvement: 0.0
  Move 7: GUIDED_SWAP_TO_GBEST | Indices: (70, 44) | Local Improvement: 0.0
  Move 8: GUIDED_SWAP_TO_PBEST | Indices: (77, 72) | Local Improvement: 0.0
  Move 9: GUIDED_SWAP_TO_PBEST | Indices: (61, 72) | Local Improvement: 0.0
  Move 10: GUIDED_SWAP_TO_PBEST | Indices: (247, 78) | Local Improvement: 0.0
  Move 11: GUIDED_SWAP_TO_PBEST | Indices: (70, 202) | Local Improvement: 0.0
  Move 12: GUIDED_SWAP_TO_PBEST | Indices: (242, 161) | Local Improvement: 0.0
  Move 13: GUIDED_SWAP_TO_GBEST | Indices: (202, 70) | Local Improvement: 0.0
  Move 14: GUIDED_SWAP_TO_GBEST | Indices: (161, 242) | Local Improvement: 0.0
  Move 15: GUIDED_SWAP_TO_GBEST | Indices: (247, 78) | Local Improvement: 0.0
  Move 16: TRIPLE_SWAP | Indices: (112, 190, 47) | Local Improvement: 0.0006119791666666652
=================================================================================
=================================================================================
2026-01-29T11:30:23.050 | Step 6 | Particle 22 | GLOBAL BEST ACHIEVED!
Global Improvement: 9.76562500000222e-5
All moves in this step:
  Move 1: GUIDED_SWAP_TO_GBEST | Indices: (247, 78) | Local Improvement: 0.0
  Move 2: GUIDED_SWAP_TO_GBEST | Indices: (72, 61) | Local Improvement: 0.0
  Move 3: GUIDED_SWAP_TO_GBEST | Indices: (4, 86) | Local Improvement: 0.0
  Move 4: GUIDED_SWAP_TO_GBEST | Indices: (61, 77) | Local Improvement: 0.0
  Move 5: GUIDED_SWAP_TO_GBEST | Indices: (209, 158) | Local Improvement: 0.0
  Move 6: GUIDED_SWAP_TO_PBEST | Indices: (86, 4) | Local Improvement: 0.0
  Move 7: GUIDED_SWAP_TO_PBEST | Indices: (209, 158) | Local Improvement: 0.0
  Move 8: GUIDED_SWAP_TO_PBEST | Indices: (247, 78) | Local Improvement: 0.0
  Move 9: GUIDED_SWAP_TO_GBEST | Indices: (78, 247) | Local Improvement: 0.0
  Move 10: GUIDED_SWAP_TO_GBEST | Indices: (158, 155) | Local Improvement: 0.0
  Move 11: GUIDED_SWAP_TO_GBEST | Indices: (208, 202) | Local Improvement: 0.0
  Move 12: GUIDED_SWAP_TO_GBEST | Indices: (155, 209) | Local Improvement: 0.0
  Move 13: GUIDED_SWAP_TO_GBEST | Indices: (47, 190) | Local Improvement: 0.0
  Move 14: GUIDED_SWAP_TO_PBEST | Indices: (77, 61) | Local Improvement: 0.0
  Move 15: GUIDED_SWAP_TO_PBEST | Indices: (72, 61) | Local Improvement: 0.0
  Move 16: GUIDED_SWAP_TO_PBEST | Indices: (209, 155) | Local Improvement: 0.0
  Move 17: GUIDED_SWAP_TO_PBEST | Indices: (247, 78) | Local Improvement: 0.0
  Move 18: GUIDED_SWAP_TO_PBEST | Indices: (47, 190) | Local Improvement: 0.0
  Move 19: GUIDED_SWAP_TO_GBEST | Indices: (47, 190) | Local Improvement: 0.0
  Move 20: GUIDED_SWAP_TO_GBEST | Indices: (4, 86) | Local Improvement: 0.0
  Move 21: GUIDED_SWAP_TO_GBEST | Indices: (77, 72) | Local Improvement: 0.0
  Move 22: GUIDED_SWAP_TO_GBEST | Indices: (72, 61) | Local Improvement: 0.0
  Move 23: GUIDED_SWAP_TO_GBEST | Indices: (155, 209) | Local Improvement: 0.0
  Move 24: TRIPLE_SWAP | Indices: (228, 77, 92) | Local Improvement: 0.0007226562499998979
=================================================================================
=================================================================================
2026-01-29T11:30:23.051 | Step 6 | Particle 24 | GLOBAL BEST ACHIEVED!
Global Improvement: 0.0002083333333333659
All moves in this step:
  Move 1: GUIDED_SWAP_TO_GBEST | Indices: (190, 112) | Local Improvement: 0.0
  Move 2: GUIDED_SWAP_TO_GBEST | Indices: (77, 72) | Local Improvement: 0.0
  Move 3: GUIDED_SWAP_TO_GBEST | Indices: (165, 218) | Local Improvement: 0.0
  Move 4: GUIDED_SWAP_TO_GBEST | Indices: (72, 61) | Local Improvement: 0.0
  Move 5: GUIDED_SWAP_TO_GBEST | Indices: (47, 112) | Local Improvement: 0.0
  Move 6: GUIDED_SWAP_TO_PBEST | Indices: (77, 61) | Local Improvement: 0.0
  Move 7: GUIDED_SWAP_TO_PBEST | Indices: (47, 112) | Local Improvement: 0.0
  Move 8: GUIDED_SWAP_TO_PBEST | Indices: (218, 165) | Local Improvement: 0.0
  Move 9: GUIDED_SWAP_TO_PBEST | Indices: (112, 190) | Local Improvement: 0.0
  Move 10: GUIDED_SWAP_TO_PBEST | Indices: (61, 72) | Local Improvement: 0.0
  Move 11: GUIDED_SWAP_TO_GBEST | Indices: (61, 77) | Local Improvement: 0.0
  Move 12: GUIDED_SWAP_TO_GBEST | Indices: (223, 25) | Local Improvement: 0.0
  Move 13: GUIDED_SWAP_TO_GBEST | Indices: (165, 218) | Local Improvement: 0.0
  Move 14: GUIDED_SWAP_TO_GBEST | Indices: (190, 112) | Local Improvement: 0.0
  Move 15: GUIDED_SWAP_TO_GBEST | Indices: (102, 25) | Local Improvement: 0.0
  Move 16: TRIPLE_SWAP | Indices: (120, 14, 179) | Local Improvement: 0.0006249999999999867
=================================================================================
=================================================================================
2026-01-29T11:30:23.076 | Step 6 | Particle 86 | GLOBAL BEST ACHIEVED!
Global Improvement: 0.0003059895833333881
All moves in this step:
  Move 1: GUIDED_SWAP_TO_GBEST | Indices: (202, 70) | Local Improvement: 0.0
  Move 2: GUIDED_SWAP_TO_GBEST | Indices: (242, 161) | Local Improvement: 0.0
  Move 3: GUIDED_SWAP_TO_GBEST | Indices: (77, 72) | Local Improvement: 0.0
  Move 4: GUIDED_SWAP_TO_GBEST | Indices: (152, 108) | Local Improvement: 0.0
  Move 5: GUIDED_SWAP_TO_GBEST | Indices: (190, 112) | Local Improvement: 0.0
  Move 6: GUIDED_SWAP_TO_GBEST | Indices: (72, 61) | Local Improvement: 0.0
  Move 7: GUIDED_SWAP_TO_GBEST | Indices: (47, 112) | Local Improvement: 0.0
  Move 8: GUIDED_SWAP_TO_GBEST | Indices: (70, 44) | Local Improvement: 0.0
  Move 9: TRIPLE_SWAP | Indices: (120, 32, 198) | Local Improvement: 0.0003059895833333881
=================================================================================
=================================================================================
2026-01-29T11:30:23.276 | Step 8 | Particle 6 | GLOBAL BEST ACHIEVED!
Global Improvement: 0.0001106770833333437
All moves in this step:
  Move 1: GUIDED_SWAP_TO_GBEST | Indices: (60, 173) | Local Improvement: 0.0
  Move 2: GUIDED_SWAP_TO_GBEST | Indices: (96, 157) | Local Improvement: 0.0
  Move 3: GUIDED_SWAP_TO_GBEST | Indices: (157, 5) | Local Improvement: 0.0
  Move 4: GUIDED_SWAP_TO_GBEST | Indices: (152, 173) | Local Improvement: 0.0
  Move 5: GUIDED_SWAP_TO_GBEST | Indices: (198, 32) | Local Improvement: 0.0
  Move 6: GUIDED_SWAP_TO_GBEST | Indices: (32, 120) | Local Improvement: 0.0
  Move 7: GUIDED_SWAP_TO_PBEST | Indices: (198, 120) | Local Improvement: 0.0
  Move 8: GUIDED_SWAP_TO_PBEST | Indices: (60, 152) | Local Improvement: 0.0
  Move 9: GUIDED_SWAP_TO_PBEST | Indices: (157, 96) | Local Improvement: 0.0
  Move 10: GUIDED_SWAP_TO_PBEST | Indices: (96, 5) | Local Improvement: 0.0
  Move 11: GUIDED_SWAP_TO_PBEST | Indices: (152, 173) | Local Improvement: 0.0
  Move 12: GUIDED_SWAP_TO_GBEST | Indices: (152, 60) | Local Improvement: 0.0
  Move 13: GUIDED_SWAP_TO_GBEST | Indices: (173, 60) | Local Improvement: 0.0
  Move 14: GUIDED_SWAP_TO_GBEST | Indices: (157, 5) | Local Improvement: 0.0
  Move 15: GUIDED_SWAP_TO_GBEST | Indices: (120, 198) | Local Improvement: 0.0
  Move 16: TRIPLE_SWAP | Indices: (112, 124, 6) | Local Improvement: 0.0001106770833333437
=================================================================================
=================================================================================
2026-01-29T11:30:23.296 | Step 8 | Particle 57 | GLOBAL BEST ACHIEVED!
Global Improvement: 0.0003059895833332771
All moves in this step:
  Move 1: GUIDED_SWAP_TO_PBEST | Indices: (120, 32) | Local Improvement: 0.0
  Move 2: GUIDED_SWAP_TO_PBEST | Indices: (17, 47) | Local Improvement: 0.0
  Move 3: GUIDED_SWAP_TO_PBEST | Indices: (143, 188) | Local Improvement: 0.0
  Move 4: GUIDED_SWAP_TO_PBEST | Indices: (32, 198) | Local Improvement: 0.0
  Move 5: GUIDED_SWAP_TO_PBEST | Indices: (19, 43) | Local Improvement: 0.0
  Move 6: GUIDED_SWAP_TO_PBEST | Indices: (181, 30) | Local Improvement: 0.0
  Move 7: GUIDED_SWAP_TO_GBEST | Indices: (96, 157) | Local Improvement: 0.0
  Move 8: GUIDED_SWAP_TO_GBEST | Indices: (198, 32) | Local Improvement: 0.0
  Move 9: GUIDED_SWAP_TO_GBEST | Indices: (157, 5) | Local Improvement: 0.0
  Move 10: GUIDED_SWAP_TO_GBEST | Indices: (32, 120) | Local Improvement: 0.0
  Move 11: GUIDED_SWAP_TO_PBEST | Indices: (32, 198) | Local Improvement: 0.0
  Move 12: GUIDED_SWAP_TO_PBEST | Indices: (157, 96) | Local Improvement: 0.0
  Move 13: GUIDED_SWAP_TO_PBEST | Indices: (120, 198) | Local Improvement: 0.0
  Move 14: GUIDED_SWAP_TO_PBEST | Indices: (96, 5) | Local Improvement: 0.0
  Move 15: GUIDED_SWAP_TO_GBEST | Indices: (96, 157) | Local Improvement: 0.0
  Move 16: GUIDED_SWAP_TO_GBEST | Indices: (157, 5) | Local Improvement: 0.0
  Move 17: GUIDED_SWAP_TO_GBEST | Indices: (32, 120) | Local Improvement: 0.0
  Move 18: GUIDED_SWAP_TO_GBEST | Indices: (120, 198) | Local Improvement: 0.0
  Move 19: TRIPLE_SWAP | Indices: (218, 210, 94) | Local Improvement: 0.0003059895833332771
=================================================================================
=================================================================================
2026-01-29T11:30:23.381 | Step 9 | Particle 59 | GLOBAL BEST ACHIEVED!
Global Improvement: 1.3020833333432513e-5
All moves in this step:
  Move 1: GUIDED_SWAP_TO_PBEST | Indices: (32, 198) | Local Improvement: 0.0
  Move 2: GUIDED_SWAP_TO_PBEST | Indices: (166, 141) | Local Improvement: 0.0
  Move 3: GUIDED_SWAP_TO_PBEST | Indices: (157, 96) | Local Improvement: 0.0
  Move 4: GUIDED_SWAP_TO_PBEST | Indices: (120, 198) | Local Improvement: 0.0
  Move 5: GUIDED_SWAP_TO_GBEST | Indices: (166, 141) | Local Improvement: 0.0
  Move 6: GUIDED_SWAP_TO_GBEST | Indices: (5, 96) | Local Improvement: 0.0
  Move 7: GUIDED_SWAP_TO_GBEST | Indices: (32, 120) | Local Improvement: 0.0
  Move 8: GUIDED_SWAP_TO_GBEST | Indices: (157, 96) | Local Improvement: 0.0
  Move 9: GUIDED_SWAP_TO_GBEST | Indices: (72, 61) | Local Improvement: 0.0
  Move 10: GUIDED_SWAP_TO_PBEST | Indices: (72, 61) | Local Improvement: 0.0
  Move 11: GUIDED_SWAP_TO_PBEST | Indices: (32, 120) | Local Improvement: 0.0
  Move 12: GUIDED_SWAP_TO_PBEST | Indices: (5, 157) | Local Improvement: 0.0
  Move 13: GUIDED_SWAP_TO_PBEST | Indices: (141, 168) | Local Improvement: 0.0
  Move 14: GUIDED_SWAP_TO_GBEST | Indices: (218, 94) | Local Improvement: 0.0
  Move 15: GUIDED_SWAP_TO_GBEST | Indices: (210, 94) | Local Improvement: 0.0
  Move 16: GUIDED_SWAP_TO_GBEST | Indices: (168, 141) | Local Improvement: 0.0
  Move 17: GUIDED_SWAP_TO_GBEST | Indices: (5, 157) | Local Improvement: 0.0
  Move 18: GUIDED_SWAP_TO_GBEST | Indices: (72, 61) | Local Improvement: 0.0
  Move 19: GUIDED_SWAP_TO_GBEST | Indices: (198, 32) | Local Improvement: 0.0
  Move 20: GUIDED_SWAP_TO_GBEST | Indices: (32, 120) | Local Improvement: 0.0
  Move 21: TRIPLE_SWAP | Indices: (197, 159, 89) | Local Improvement: 1.3020833333432513e-5
=================================================================================
=================================================================================
2026-01-29T11:30:23.459 | Step 10 | Particle 49 | GLOBAL BEST ACHIEVED!
Global Improvement: 9.765624999991118e-5
All moves in this step:
  Move 1: GUIDED_SWAP_TO_PBEST | Indices: (96, 1) | Local Improvement: 0.0
  Move 2: GUIDED_SWAP_TO_PBEST | Indices: (81, 79) | Local Improvement: 0.0
  Move 3: GUIDED_SWAP_TO_PBEST | Indices: (1, 5) | Local Improvement: 0.0
  Move 4: GUIDED_SWAP_TO_PBEST | Indices: (225, 252) | Local Improvement: 0.0
  Move 5: GUIDED_SWAP_TO_GBEST | Indices: (1, 96) | Local Improvement: 0.0
  Move 6: GUIDED_SWAP_TO_GBEST | Indices: (197, 89) | Local Improvement: 0.0
  Move 7: GUIDED_SWAP_TO_GBEST | Indices: (210, 94) | Local Improvement: 0.0
  Move 8: GUIDED_SWAP_TO_GBEST | Indices: (150, 93) | Local Improvement: 0.0
  Move 9: GUIDED_SWAP_TO_PBEST | Indices: (67, 150) | Local Improvement: 0.0
  Move 10: GUIDED_SWAP_TO_PBEST | Indices: (210, 94) | Local Improvement: 0.0
  Move 11: GUIDED_SWAP_TO_PBEST | Indices: (169, 61) | Local Improvement: 0.0
  Move 12: GUIDED_SWAP_TO_PBEST | Indices: (116, 248) | Local Improvement: 0.0
  Move 13: GUIDED_SWAP_TO_PBEST | Indices: (93, 150) | Local Improvement: 0.0
  Move 14: GUIDED_SWAP_TO_GBEST | Indices: (89, 159) | Local Improvement: 0.0
  Move 15: GUIDED_SWAP_TO_GBEST | Indices: (35, 248) | Local Improvement: 0.0
  Move 16: GUIDED_SWAP_TO_GBEST | Indices: (96, 5) | Local Improvement: 0.0
  Move 17: GUIDED_SWAP_TO_GBEST | Indices: (93, 150) | Local Improvement: 0.0
  Move 18: GUIDED_SWAP_TO_GBEST | Indices: (252, 225) | Local Improvement: 0.0
  Move 19: GUIDED_SWAP_TO_GBEST | Indices: (150, 67) | Local Improvement: 0.0
  Move 20: GUIDED_SWAP_TO_GBEST | Indices: (206, 5) | Local Improvement: 0.0
  Move 21: GUIDED_SWAP_TO_GBEST | Indices: (248, 116) | Local Improvement: 0.0
  Move 22: GUIDED_SWAP_TO_GBEST | Indices: (169, 61) | Local Improvement: 0.0
=================================================================================
=================================================================================
2026-01-29T11:30:23.463 | Step 10 | Particle 57 | GLOBAL BEST ACHIEVED!
Global Improvement: 0.0003059895833332771
All moves in this step:
  Move 1: GUIDED_SWAP_TO_PBEST | Indices: (224, 242) | Local Improvement: 0.0
  Move 2: GUIDED_SWAP_TO_PBEST | Indices: (182, 235) | Local Improvement: 0.0
  Move 3: GUIDED_SWAP_TO_PBEST | Indices: (20, 31) | Local Improvement: 0.0
  Move 4: GUIDED_SWAP_TO_PBEST | Indices: (215, 241) | Local Improvement: 0.0
  Move 5: GUIDED_SWAP_TO_GBEST | Indices: (31, 83) | Local Improvement: 0.0
  Move 6: GUIDED_SWAP_TO_GBEST | Indices: (197, 89) | Local Improvement: 0.0
  Move 7: GUIDED_SWAP_TO_GBEST | Indices: (89, 159) | Local Improvement: 0.0
  Move 8: GUIDED_SWAP_TO_PBEST | Indices: (197, 159) | Local Improvement: 0.0
  Move 9: GUIDED_SWAP_TO_PBEST | Indices: (159, 89) | Local Improvement: 0.0
  Move 10: GUIDED_SWAP_TO_GBEST | Indices: (89, 159) | Local Improvement: 0.0
  Move 11: GUIDED_SWAP_TO_GBEST | Indices: (159, 197) | Local Improvement: 0.0
  Move 12: TRIPLE_SWAP | Indices: (125, 156, 104) | Local Improvement: 0.0003059895833332771
=================================================================================
=================================================================================
2026-01-29T11:30:23.541 | Step 11 | Particle 63 | GLOBAL BEST ACHIEVED!
Global Improvement: 9.765624999991118e-5
All moves in this step:
  Move 1: GUIDED_SWAP_TO_GBEST | Indices: (99, 225) | Local Improvement: 0.0
  Move 2: GUIDED_SWAP_TO_GBEST | Indices: (89, 159) | Local Improvement: 0.0
  Move 3: GUIDED_SWAP_TO_GBEST | Indices: (104, 156) | Local Improvement: 0.0
  Move 4: GUIDED_SWAP_TO_GBEST | Indices: (223, 51) | Local Improvement: 0.0
  Move 5: TRIPLE_SWAP | Indices: (31, 61, 184) | Local Improvement: 0.0012109375000000089
  Move 6: RANDOM_SWAP | Indices: (5, 240) | Local Improvement: 0.0
=================================================================================
=================================================================================
2026-01-29T11:30:23.589 | Step 12 | Particle 11 | GLOBAL BEST ACHIEVED!
Global Improvement: 0.00011067708333345472
All moves in this step:
  Move 1: GUIDED_SWAP_TO_PBEST | Indices: (245, 40) | Local Improvement: 0.0
  Move 2: GUIDED_SWAP_TO_PBEST | Indices: (197, 159) | Local Improvement: 0.0
  Move 3: GUIDED_SWAP_TO_PBEST | Indices: (67, 43) | Local Improvement: 0.0
  Move 4: GUIDED_SWAP_TO_PBEST | Indices: (125, 156) | Local Improvement: 0.0
  Move 5: GUIDED_SWAP_TO_GBEST | Indices: (164, 133) | Local Improvement: 0.0
  Move 6: GUIDED_SWAP_TO_GBEST | Indices: (202, 70) | Local Improvement: 0.0
  Move 7: GUIDED_SWAP_TO_GBEST | Indices: (184, 61) | Local Improvement: 0.0
  Move 8: GUIDED_SWAP_TO_GBEST | Indices: (5, 240) | Local Improvement: 0.0
  Move 9: GUIDED_SWAP_TO_PBEST | Indices: (5, 240) | Local Improvement: 0.0
  Move 10: GUIDED_SWAP_TO_PBEST | Indices: (159, 89) | Local Improvement: 0.0
  Move 11: GUIDED_SWAP_TO_PBEST | Indices: (156, 104) | Local Improvement: 0.0
  Move 12: GUIDED_SWAP_TO_PBEST | Indices: (123, 129) | Local Improvement: 0.0
  Move 13: GUIDED_SWAP_TO_PBEST | Indices: (61, 184) | Local Improvement: 0.0
  Move 14: GUIDED_SWAP_TO_GBEST | Indices: (89, 159) | Local Improvement: 0.0
  Move 15: GUIDED_SWAP_TO_GBEST | Indices: (107, 51) | Local Improvement: 0.0
  Move 16: GUIDED_SWAP_TO_GBEST | Indices: (5, 240) | Local Improvement: 0.0
  Move 17: GUIDED_SWAP_TO_PBEST | Indices: (70, 202) | Local Improvement: 0.0
  Move 18: GUIDED_SWAP_TO_PBEST | Indices: (133, 164) | Local Improvement: 0.0
  Move 19: GUIDED_SWAP_TO_PBEST | Indices: (35, 248) | Local Improvement: 0.0
  Move 20: GUIDED_SWAP_TO_GBEST | Indices: (35, 248) | Local Improvement: 0.0
  Move 21: GUIDED_SWAP_TO_GBEST | Indices: (184, 61) | Local Improvement: 0.0
  Move 22: GUIDED_SWAP_TO_GBEST | Indices: (61, 31) | Local Improvement: 0.0
  Move 23: GUIDED_SWAP_TO_GBEST | Indices: (164, 133) | Local Improvement: 0.0
  Move 24: GUIDED_SWAP_TO_GBEST | Indices: (156, 104) | Local Improvement: 0.0
=================================================================================
=================================================================================
2026-01-29T11:30:23.732 | Step 13 | Particle 85 | GLOBAL BEST ACHIEVED!
Global Improvement: 9.765624999991118e-5
All moves in this step:
  Move 1: GUIDED_SWAP_TO_PBEST | Indices: (70, 202) | Local Improvement: 0.0
  Move 2: GUIDED_SWAP_TO_PBEST | Indices: (159, 197) | Local Improvement: 0.0
  Move 3: GUIDED_SWAP_TO_PBEST | Indices: (5, 240) | Local Improvement: 0.0
  Move 4: GUIDED_SWAP_TO_PBEST | Indices: (156, 125) | Local Improvement: 0.0
  Move 5: GUIDED_SWAP_TO_GBEST | Indices: (156, 125) | Local Improvement: 0.0
  Move 6: GUIDED_SWAP_TO_GBEST | Indices: (159, 197) | Local Improvement: 0.0
  Move 7: GUIDED_SWAP_TO_GBEST | Indices: (107, 51) | Local Improvement: 0.0
  Move 8: GUIDED_SWAP_TO_GBEST | Indices: (31, 184) | Local Improvement: 0.0
  Move 9: GUIDED_SWAP_TO_PBEST | Indices: (159, 197) | Local Improvement: 0.0
  Move 10: GUIDED_SWAP_TO_PBEST | Indices: (133, 164) | Local Improvement: 0.0
  Move 11: GUIDED_SWAP_TO_PBEST | Indices: (107, 51) | Local Improvement: 0.0
  Move 12: GUIDED_SWAP_TO_GBEST | Indices: (107, 51) | Local Improvement: 0.0
  Move 13: GUIDED_SWAP_TO_GBEST | Indices: (133, 164) | Local Improvement: 0.0
  Move 14: GUIDED_SWAP_TO_GBEST | Indices: (61, 184) | Local Improvement: 0.0
  Move 15: GUIDED_SWAP_TO_GBEST | Indices: (159, 197) | Local Improvement: 0.0
  Move 16: GUIDED_SWAP_TO_GBEST | Indices: (240, 5) | Local Improvement: 0.0
  Move 17: GUIDED_SWAP_TO_PBEST | Indices: (164, 133) | Local Improvement: 0.0
  Move 18: GUIDED_SWAP_TO_PBEST | Indices: (159, 197) | Local Improvement: 0.0
  Move 19: GUIDED_SWAP_TO_PBEST | Indices: (240, 5) | Local Improvement: 0.0
  Move 20: GUIDED_SWAP_TO_GBEST | Indices: (133, 164) | Local Improvement: 0.0
  Move 21: GUIDED_SWAP_TO_GBEST | Indices: (159, 197) | Local Improvement: 0.0
  Move 22: GUIDED_SWAP_TO_GBEST | Indices: (5, 240) | Local Improvement: 0.0
  Move 23: TRIPLE_SWAP | Indices: (81, 199, 117) | Local Improvement: 9.765624999991118e-5
=================================================================================
=================================================================================
2026-01-29T11:30:23.938 | Step 14 | Particle 20 | GLOBAL BEST ACHIEVED!
Global Improvement: 1.3020833333321491e-5
All moves in this step:
  Move 1: GUIDED_SWAP_TO_PBEST | Indices: (256, 107) | Local Improvement: 0.0
  Move 2: GUIDED_SWAP_TO_PBEST | Indices: (240, 5) | Local Improvement: 0.0
  Move 3: GUIDED_SWAP_TO_PBEST | Indices: (224, 107) | Local Improvement: 0.0
  Move 4: GUIDED_SWAP_TO_PBEST | Indices: (164, 133) | Local Improvement: 0.0
  Move 5: GUIDED_SWAP_TO_GBEST | Indices: (81, 117) | Local Improvement: 0.0
  Move 6: GUIDED_SWAP_TO_GBEST | Indices: (133, 164) | Local Improvement: 0.0
  Move 7: GUIDED_SWAP_TO_GBEST | Indices: (224, 107) | Local Improvement: 0.0
  Move 8: GUIDED_SWAP_TO_GBEST | Indices: (117, 199) | Local Improvement: 0.0
  Move 9: GUIDED_SWAP_TO_PBEST | Indices: (107, 224) | Local Improvement: 0.0
  Move 10: GUIDED_SWAP_TO_PBEST | Indices: (164, 133) | Local Improvement: 0.0
  Move 11: GUIDED_SWAP_TO_PBEST | Indices: (117, 81) | Local Improvement: 0.0
  Move 12: GUIDED_SWAP_TO_PBEST | Indices: (81, 199) | Local Improvement: 0.0
  Move 13: GUIDED_SWAP_TO_GBEST | Indices: (240, 5) | Local Improvement: 0.0
  Move 14: GUIDED_SWAP_TO_GBEST | Indices: (256, 224) | Local Improvement: 0.0
  Move 15: GUIDED_SWAP_TO_GBEST | Indices: (133, 164) | Local Improvement: 0.0
  Move 16: GUIDED_SWAP_TO_GBEST | Indices: (199, 81) | Local Improvement: 0.0
  Move 17: GUIDED_SWAP_TO_GBEST | Indices: (117, 81) | Local Improvement: 0.0
  Move 18: GUIDED_SWAP_TO_GBEST | Indices: (224, 107) | Local Improvement: 0.0
  Move 19: TRIPLE_SWAP | Indices: (119, 91, 117) | Local Improvement: 1.3020833333321491e-5
=================================================================================
=================================================================================
2026-01-29T11:30:24.168 | Step 15 | Particle 8 | GLOBAL BEST ACHIEVED!
Global Improvement: 0.0030946180555555536
All moves in this step:
  Move 1: GUIDED_SWAP_TO_GBEST | Indices: (169, 79) | Local Improvement: 0.0
  Move 2: GUIDED_SWAP_TO_GBEST | Indices: (112, 47) | Local Improvement: 0.0
  Move 3: GUIDED_SWAP_TO_GBEST | Indices: (89, 159) | Local Improvement: 0.0
  Move 4: GUIDED_SWAP_TO_GBEST | Indices: (31, 184) | Local Improvement: 0.0
  Move 5: GUIDED_SWAP_TO_GBEST | Indices: (52, 5) | Local Improvement: 0.0
  Move 6: TRIPLE_SWAP | Indices: (98, 13, 189) | Local Improvement: 0.005028211805555571
=================================================================================
=================================================================================
2026-01-29T11:30:24.535 | Step 16 | Particle 6 | GLOBAL BEST ACHIEVED!
Global Improvement: 0.0001106770833333437
All moves in this step:
  Move 1: GUIDED_SWAP_TO_GBEST | Indices: (91, 117) | Local Improvement: 0.0
  Move 2: GUIDED_SWAP_TO_GBEST | Indices: (61, 184) | Local Improvement: 0.0
  Move 3: GUIDED_SWAP_TO_GBEST | Indices: (157, 96) | Local Improvement: 0.0
  Move 4: GUIDED_SWAP_TO_GBEST | Indices: (156, 104) | Local Improvement: 0.0
  Move 5: GUIDED_SWAP_TO_GBEST | Indices: (5, 96) | Local Improvement: 0.0
  Move 6: GUIDED_SWAP_TO_PBEST | Indices: (184, 61) | Local Improvement: 0.0
  Move 7: GUIDED_SWAP_TO_PBEST | Indices: (5, 96) | Local Improvement: 0.0
  Move 8: GUIDED_SWAP_TO_PBEST | Indices: (157, 96) | Local Improvement: 0.0
  Move 9: GUIDED_SWAP_TO_PBEST | Indices: (156, 104) | Local Improvement: 0.0
  Move 10: GUIDED_SWAP_TO_GBEST | Indices: (5, 157) | Local Improvement: 0.0
  Move 11: GUIDED_SWAP_TO_GBEST | Indices: (104, 156) | Local Improvement: 0.0
  Move 12: GUIDED_SWAP_TO_GBEST | Indices: (240, 157) | Local Improvement: 0.0
  Move 13: GUIDED_SWAP_TO_GBEST | Indices: (13, 98) | Local Improvement: 0.0
  Move 14: GUIDED_SWAP_TO_GBEST | Indices: (117, 199) | Local Improvement: 0.0
  Move 15: GUIDED_SWAP_TO_GBEST | Indices: (196, 32) | Local Improvement: 0.0
  Move 16: GUIDED_SWAP_TO_GBEST | Indices: (96, 197) | Local Improvement: 0.0
  Move 17: GUIDED_SWAP_TO_GBEST | Indices: (199, 119) | Local Improvement: 0.0
  Move 18: GUIDED_SWAP_TO_GBEST | Indices: (184, 61) | Local Improvement: 0.0
  Move 19: TRIPLE_SWAP | Indices: (187, 20, 199) | Local Improvement: 0.004969618055555514
=================================================================================
=================================================================================
2026-01-29T11:30:24.539 | Step 16 | Particle 15 | GLOBAL BEST ACHIEVED!
Global Improvement: 0.0012109375000000089
All moves in this step:
  Move 1: GUIDED_SWAP_TO_GBEST | Indices: (51, 107) | Local Improvement: 0.0
  Move 2: GUIDED_SWAP_TO_GBEST | Indices: (5, 157) | Local Improvement: 0.0
  Move 3: GUIDED_SWAP_TO_GBEST | Indices: (189, 13) | Local Improvement: 0.0
  Move 4: GUIDED_SWAP_TO_GBEST | Indices: (156, 104) | Local Improvement: 0.0
  Move 5: GUIDED_SWAP_TO_GBEST | Indices: (216, 203) | Local Improvement: 0.0
  Move 6: GUIDED_SWAP_TO_PBEST | Indices: (51, 107) | Local Improvement: 0.0
  Move 7: GUIDED_SWAP_TO_PBEST | Indices: (237, 182) | Local Improvement: 0.0
  Move 8: GUIDED_SWAP_TO_PBEST | Indices: (61, 31) | Local Improvement: 0.0
  Move 9: GUIDED_SWAP_TO_GBEST | Indices: (184, 31) | Local Improvement: 0.0
  Move 10: GUIDED_SWAP_TO_GBEST | Indices: (98, 13) | Local Improvement: 0.0
  Move 11: GUIDED_SWAP_TO_GBEST | Indices: (104, 125) | Local Improvement: 0.0
  Move 12: GUIDED_SWAP_TO_GBEST | Indices: (51, 107) | Local Improvement: 0.0
  Move 13: GUIDED_SWAP_TO_PBEST | Indices: (31, 184) | Local Improvement: 0.0
  Move 14: GUIDED_SWAP_TO_PBEST | Indices: (107, 51) | Local Improvement: 0.0
  Move 15: GUIDED_SWAP_TO_PBEST | Indices: (240, 157) | Local Improvement: 0.0
  Move 16: GUIDED_SWAP_TO_PBEST | Indices: (199, 81) | Local Improvement: 0.0
  Move 17: GUIDED_SWAP_TO_PBEST | Indices: (125, 104) | Local Improvement: 0.0
  Move 18: GUIDED_SWAP_TO_GBEST | Indices: (184, 31) | Local Improvement: 0.0
  Move 19: GUIDED_SWAP_TO_GBEST | Indices: (32, 196) | Local Improvement: 0.0
  Move 20: GUIDED_SWAP_TO_GBEST | Indices: (125, 104) | Local Improvement: 0.0
  Move 21: GUIDED_SWAP_TO_GBEST | Indices: (51, 107) | Local Improvement: 0.0
  Move 22: TRIPLE_SWAP | Indices: (133, 197, 254) | Local Improvement: 0.005972222222222157
=================================================================================
=================================================================================
2026-01-29T11:30:24.558 | Step 16 | Particle 62 | GLOBAL BEST ACHIEVED!
Global Improvement: 0.001308593750000031
All moves in this step:
  Move 1: GUIDED_SWAP_TO_PBEST | Indices: (119, 91) | Local Improvement: 0.0
  Move 2: GUIDED_SWAP_TO_PBEST | Indices: (34, 116) | Local Improvement: 0.0
  Move 3: GUIDED_SWAP_TO_PBEST | Indices: (64, 112) | Local Improvement: 0.0
  Move 4: GUIDED_SWAP_TO_PBEST | Indices: (117, 91) | Local Improvement: 0.0
  Move 5: GUIDED_SWAP_TO_PBEST | Indices: (162, 166) | Local Improvement: 0.0
  Move 6: GUIDED_SWAP_TO_GBEST | Indices: (197, 240) | Local Improvement: 0.0
  Move 7: GUIDED_SWAP_TO_GBEST | Indices: (196, 32) | Local Improvement: 0.0
  Move 8: GUIDED_SWAP_TO_GBEST | Indices: (96, 240) | Local Improvement: 0.0
  Move 9: GUIDED_SWAP_TO_GBEST | Indices: (104, 156) | Local Improvement: 0.0
  Move 10: GUIDED_SWAP_TO_GBEST | Indices: (184, 61) | Local Improvement: 0.0
  Move 11: GUIDED_SWAP_TO_PBEST | Indices: (156, 104) | Local Improvement: 0.0
  Move 12: GUIDED_SWAP_TO_PBEST | Indices: (61, 184) | Local Improvement: 0.0
  Move 13: GUIDED_SWAP_TO_PBEST | Indices: (32, 196) | Local Improvement: 0.0
  Move 14: GUIDED_SWAP_TO_GBEST | Indices: (13, 98) | Local Improvement: 0.0
  Move 15: GUIDED_SWAP_TO_GBEST | Indices: (240, 5) | Local Improvement: 0.0
  Move 16: GUIDED_SWAP_TO_GBEST | Indices: (156, 104) | Local Improvement: 0.0
  Move 17: GUIDED_SWAP_TO_GBEST | Indices: (98, 189) | Local Improvement: 0.0
  Move 18: GUIDED_SWAP_TO_GBEST | Indices: (117, 199) | Local Improvement: 0.0
=================================================================================
=================================================================================
2026-01-29T11:30:25.465 | Step 17 | Particle 78 | GLOBAL BEST ACHIEVED!
Global Improvement: 0.0001106770833333437
All moves in this step:
  Move 1: GUIDED_SWAP_TO_PBEST | Indices: (184, 31) | Local Improvement: 0.0
  Move 2: GUIDED_SWAP_TO_PBEST | Indices: (96, 157) | Local Improvement: 0.0
  Move 3: GUIDED_SWAP_TO_PBEST | Indices: (156, 22) | Local Improvement: 0.0
  Move 4: GUIDED_SWAP_TO_PBEST | Indices: (117, 81) | Local Improvement: 0.0
  Move 5: GUIDED_SWAP_TO_PBEST | Indices: (164, 133) | Local Improvement: 0.0
  Move 6: GUIDED_SWAP_TO_GBEST | Indices: (96, 159) | Local Improvement: 0.0
  Move 7: GUIDED_SWAP_TO_GBEST | Indices: (159, 5) | Local Improvement: 0.0
  Move 8: GUIDED_SWAP_TO_GBEST | Indices: (164, 133) | Local Improvement: 0.0
  Move 9: GUIDED_SWAP_TO_GBEST | Indices: (104, 125) | Local Improvement: 0.0
  Move 10: GUIDED_SWAP_TO_GBEST | Indices: (81, 117) | Local Improvement: 0.0
  Move 11: GUIDED_SWAP_TO_PBEST | Indices: (51, 107) | Local Improvement: 0.0
  Move 12: GUIDED_SWAP_TO_PBEST | Indices: (22, 112) | Local Improvement: 0.0
  Move 13: GUIDED_SWAP_TO_PBEST | Indices: (164, 133) | Local Improvement: 0.0
  Move 14: GUIDED_SWAP_TO_PBEST | Indices: (104, 112) | Local Improvement: 0.0
  Move 15: GUIDED_SWAP_TO_PBEST | Indices: (112, 125) | Local Improvement: 0.0
  Move 16: GUIDED_SWAP_TO_GBEST | Indices: (61, 31) | Local Improvement: 0.0
  Move 17: GUIDED_SWAP_TO_GBEST | Indices: (104, 125) | Local Improvement: 0.0
  Move 18: GUIDED_SWAP_TO_GBEST | Indices: (196, 32) | Local Improvement: 0.0
  Move 19: GUIDED_SWAP_TO_GBEST | Indices: (125, 156) | Local Improvement: 0.0
  Move 20: GUIDED_SWAP_TO_GBEST | Indices: (184, 31) | Local Improvement: 0.0
  Move 21: GUIDED_SWAP_TO_GBEST | Indices: (51, 107) | Local Improvement: 0.0
  Move 22: GUIDED_SWAP_TO_GBEST | Indices: (164, 133) | Local Improvement: 0.0
  Move 23: TRIPLE_SWAP | Indices: (92, 61, 189) | Local Improvement: 0.0001106770833333437
=================================================================================
=================================================================================
2026-01-29T11:30:25.614 | Step 18 | Particle 10 | GLOBAL BEST ACHIEVED!
Global Improvement: 9.76562500000222e-5
All moves in this step:
  Move 1: GUIDED_SWAP_TO_GBEST | Indices: (189, 61) | Local Improvement: 0.0
  Move 2: GUIDED_SWAP_TO_GBEST | Indices: (59, 20) | Local Improvement: 0.0
  Move 3: GUIDED_SWAP_TO_GBEST | Indices: (61, 92) | Local Improvement: 0.0
  Move 4: GUIDED_SWAP_TO_GBEST | Indices: (157, 5) | Local Improvement: 0.0
  Move 5: GUIDED_SWAP_TO_PBEST | Indices: (197, 96) | Local Improvement: 0.0
  Move 6: GUIDED_SWAP_TO_PBEST | Indices: (61, 189) | Local Improvement: 0.0
  Move 7: GUIDED_SWAP_TO_PBEST | Indices: (91, 119) | Local Improvement: 0.0
  Move 8: GUIDED_SWAP_TO_PBEST | Indices: (5, 240) | Local Improvement: 0.0
  Move 9: GUIDED_SWAP_TO_PBEST | Indices: (199, 117) | Local Improvement: 0.0
  Move 10: GUIDED_SWAP_TO_GBEST | Indices: (91, 119) | Local Improvement: 0.0
  Move 11: GUIDED_SWAP_TO_GBEST | Indices: (199, 117) | Local Improvement: 0.0
  Move 12: GUIDED_SWAP_TO_GBEST | Indices: (197, 96) | Local Improvement: 0.0
  Move 13: GUIDED_SWAP_TO_GBEST | Indices: (189, 61) | Local Improvement: 0.0
  Move 14: GUIDED_SWAP_TO_GBEST | Indices: (5, 240) | Local Improvement: 0.0
  Move 15: GUIDED_SWAP_TO_PBEST | Indices: (5, 240) | Local Improvement: 0.0
  Move 16: GUIDED_SWAP_TO_PBEST | Indices: (92, 61) | Local Improvement: 0.0
  Move 17: GUIDED_SWAP_TO_PBEST | Indices: (104, 156) | Local Improvement: 0.0
  Move 18: GUIDED_SWAP_TO_PBEST | Indices: (197, 96) | Local Improvement: 0.0
  Move 19: GUIDED_SWAP_TO_PBEST | Indices: (96, 240) | Local Improvement: 0.0
  Move 20: GUIDED_SWAP_TO_GBEST | Indices: (197, 240) | Local Improvement: 0.0
  Move 21: GUIDED_SWAP_TO_GBEST | Indices: (96, 240) | Local Improvement: 0.0
  Move 22: GUIDED_SWAP_TO_GBEST | Indices: (104, 156) | Local Improvement: 0.0
  Move 23: GUIDED_SWAP_TO_GBEST | Indices: (92, 61) | Local Improvement: 0.0
  Move 24: GUIDED_SWAP_TO_GBEST | Indices: (5, 240) | Local Improvement: 0.0
  Move 25: TRIPLE_SWAP | Indices: (50, 231, 53) | Local Improvement: 9.76562500000222e-5
=================================================================================
=================================================================================
2026-01-29T11:30:25.636 | Step 18 | Particle 65 | GLOBAL BEST ACHIEVED!
Global Improvement: 0.0002083333333333659
All moves in this step:
  Move 1: GUIDED_SWAP_TO_GBEST | Indices: (189, 61) | Local Improvement: 0.0
  Move 2: GUIDED_SWAP_TO_GBEST | Indices: (5, 157) | Local Improvement: 0.0
  Move 3: GUIDED_SWAP_TO_GBEST | Indices: (154, 16) | Local Improvement: 0.0
  Move 4: GUIDED_SWAP_TO_GBEST | Indices: (35, 3) | Local Improvement: 0.0
  Move 5: GUIDED_SWAP_TO_PBEST | Indices: (189, 61) | Local Improvement: 0.0
  Move 6: GUIDED_SWAP_TO_PBEST | Indices: (16, 154) | Local Improvement: 0.0
  Move 7: GUIDED_SWAP_TO_PBEST | Indices: (5, 157) | Local Improvement: 0.0
  Move 8: GUIDED_SWAP_TO_PBEST | Indices: (3, 35) | Local Improvement: 0.0
  Move 9: GUIDED_SWAP_TO_GBEST | Indices: (189, 61) | Local Improvement: 0.0
  Move 10: GUIDED_SWAP_TO_GBEST | Indices: (157, 5) | Local Improvement: 0.0
  Move 11: GUIDED_SWAP_TO_GBEST | Indices: (87, 184) | Local Improvement: 0.0
  Move 12: GUIDED_SWAP_TO_GBEST | Indices: (16, 117) | Local Improvement: 0.0
  Move 13: GUIDED_SWAP_TO_GBEST | Indices: (35, 3) | Local Improvement: 0.0
  Move 14: TRIPLE_SWAP | Indices: (109, 176, 164) | Local Improvement: 0.0004036458333334103
=================================================================================
=================================================================================
2026-01-29T11:30:25.843 | Step 19 | Particle 10 | GLOBAL BEST ACHIEVED!
Global Improvement: 0.0003059895833332771
All moves in this step:
  Move 1: GUIDED_SWAP_TO_GBEST | Indices: (61, 98) | Local Improvement: 0.0
  Move 2: GUIDED_SWAP_TO_GBEST | Indices: (164, 176) | Local Improvement: 0.0
  Move 3: GUIDED_SWAP_TO_GBEST | Indices: (154, 117) | Local Improvement: 0.0
  Move 4: GUIDED_SWAP_TO_GBEST | Indices: (92, 98) | Local Improvement: 0.0
  Move 5: GUIDED_SWAP_TO_GBEST | Indices: (231, 53) | Local Improvement: 0.0
  Move 6: GUIDED_SWAP_TO_PBEST | Indices: (92, 98) | Local Improvement: 0.0
  Move 7: GUIDED_SWAP_TO_PBEST | Indices: (231, 53) | Local Improvement: 0.0
  Move 8: GUIDED_SWAP_TO_PBEST | Indices: (61, 98) | Local Improvement: 0.0
  Move 9: GUIDED_SWAP_TO_PBEST | Indices: (154, 117) | Local Improvement: 0.0
  Move 10: GUIDED_SWAP_TO_PBEST | Indices: (164, 176) | Local Improvement: 0.0
  Move 11: GUIDED_SWAP_TO_GBEST | Indices: (53, 50) | Local Improvement: 0.0
  Move 12: GUIDED_SWAP_TO_GBEST | Indices: (164, 176) | Local Improvement: 0.0
  Move 13: GUIDED_SWAP_TO_GBEST | Indices: (117, 154) | Local Improvement: 0.0
  Move 14: GUIDED_SWAP_TO_GBEST | Indices: (92, 61) | Local Improvement: 0.0
  Move 15: GUIDED_SWAP_TO_GBEST | Indices: (50, 231) | Local Improvement: 0.0
  Move 16: GUIDED_SWAP_TO_GBEST | Indices: (109, 176) | Local Improvement: 0.0
  Move 17: GUIDED_SWAP_TO_GBEST | Indices: (61, 98) | Local Improvement: 0.0
  Move 18: TRIPLE_SWAP | Indices: (178, 82, 210) | Local Improvement: 0.0003059895833332771
=================================================================================
=================================================================================
2026-01-29T11:30:26.346 | Step 20 | Particle 28 | GLOBAL BEST ACHIEVED!
Global Improvement: 9.76562500000222e-5
All moves in this step:
  Move 1: GUIDED_SWAP_TO_PBEST | Indices: (98, 13) | Local Improvement: 0.0
  Move 2: GUIDED_SWAP_TO_PBEST | Indices: (199, 154) | Local Improvement: 0.0
  Move 3: GUIDED_SWAP_TO_PBEST | Indices: (85, 13) | Local Improvement: 0.0
  Move 4: GUIDED_SWAP_TO_PBEST | Indices: (117, 154) | Local Improvement: 0.0
  Move 5: GUIDED_SWAP_TO_PBEST | Indices: (197, 96) | Local Improvement: 0.0
  Move 6: GUIDED_SWAP_TO_GBEST | Indices: (189, 61) | Local Improvement: 0.0
  Move 7: GUIDED_SWAP_TO_GBEST | Indices: (164, 176) | Local Improvement: 0.0
  Move 8: GUIDED_SWAP_TO_GBEST | Indices: (199, 117) | Local Improvement: 0.0
  Move 9: GUIDED_SWAP_TO_GBEST | Indices: (210, 82) | Local Improvement: 0.0
  Move 10: GUIDED_SWAP_TO_GBEST | Indices: (13, 98) | Local Improvement: 0.0
  Move 11: GUIDED_SWAP_TO_PBEST | Indices: (5, 240) | Local Improvement: 0.0
  Move 12: GUIDED_SWAP_TO_PBEST | Indices: (98, 13) | Local Improvement: 0.0
  Move 13: GUIDED_SWAP_TO_PBEST | Indices: (240, 96) | Local Improvement: 0.0
  Move 14: GUIDED_SWAP_TO_PBEST | Indices: (199, 117) | Local Improvement: 0.0
  Move 15: GUIDED_SWAP_TO_PBEST | Indices: (13, 61) | Local Improvement: 0.0
  Move 16: GUIDED_SWAP_TO_GBEST | Indices: (199, 117) | Local Improvement: 0.0
  Move 17: GUIDED_SWAP_TO_GBEST | Indices: (98, 13) | Local Improvement: 0.0
  Move 18: GUIDED_SWAP_TO_GBEST | Indices: (156, 104) | Local Improvement: 0.0
  Move 19: GUIDED_SWAP_TO_GBEST | Indices: (197, 240) | Local Improvement: 0.0
  Move 20: GUIDED_SWAP_TO_GBEST | Indices: (5, 96) | Local Improvement: 0.0
  Move 21: GUIDED_SWAP_TO_PBEST | Indices: (240, 197) | Local Improvement: 0.0
  Move 22: GUIDED_SWAP_TO_PBEST | Indices: (96, 5) | Local Improvement: 0.0
  Move 23: GUIDED_SWAP_TO_PBEST | Indices: (117, 199) | Local Improvement: 0.0
  Move 24: GUIDED_SWAP_TO_GBEST | Indices: (178, 82) | Local Improvement: 0.0
  Move 25: GUIDED_SWAP_TO_GBEST | Indices: (117, 154) | Local Improvement: 0.0
  Move 26: GUIDED_SWAP_TO_GBEST | Indices: (96, 197) | Local Improvement: 0.0
  Move 27: GUIDED_SWAP_TO_GBEST | Indices: (199, 154) | Local Improvement: 0.0
  Move 28: GUIDED_SWAP_TO_GBEST | Indices: (5, 197) | Local Improvement: 0.0
=================================================================================
=================================================================================
2026-01-29T11:30:26.368 | Step 20 | Particle 84 | GLOBAL BEST ACHIEVED!
Global Improvement: 0.0004166666666667318
All moves in this step:
  Move 1: GUIDED_SWAP_TO_GBEST | Indices: (82, 178) | Local Improvement: 0.0
  Move 2: GUIDED_SWAP_TO_GBEST | Indices: (178, 210) | Local Improvement: 0.0
  Move 3: GUIDED_SWAP_TO_GBEST | Indices: (223, 31) | Local Improvement: 0.0
  Move 4: GUIDED_SWAP_TO_GBEST | Indices: (247, 229) | Local Improvement: 0.0
  Move 5: GUIDED_SWAP_TO_PBEST | Indices: (109, 176) | Local Improvement: 0.0
  Move 6: GUIDED_SWAP_TO_PBEST | Indices: (210, 178) | Local Improvement: 0.0
  Move 7: GUIDED_SWAP_TO_PBEST | Indices: (154, 117) | Local Improvement: 0.0
  Move 8: GUIDED_SWAP_TO_PBEST | Indices: (6, 222) | Local Improvement: 0.0
  Move 9: GUIDED_SWAP_TO_PBEST | Indices: (232, 83) | Local Improvement: 0.0
  Move 10: GUIDED_SWAP_TO_GBEST | Indices: (92, 98) | Local Improvement: 0.0
  Move 11: GUIDED_SWAP_TO_GBEST | Indices: (6, 222) | Local Improvement: 0.0
  Move 12: GUIDED_SWAP_TO_GBEST | Indices: (109, 176) | Local Improvement: 0.0
  Move 13: GUIDED_SWAP_TO_GBEST | Indices: (210, 178) | Local Improvement: 0.0
  Move 14: GUIDED_SWAP_TO_PBEST | Indices: (62, 44) | Local Improvement: 0.0
  Move 15: GUIDED_SWAP_TO_PBEST | Indices: (92, 98) | Local Improvement: 0.0
  Move 16: GUIDED_SWAP_TO_PBEST | Indices: (61, 98) | Local Improvement: 0.0
  Move 17: GUIDED_SWAP_TO_PBEST | Indices: (178, 82) | Local Improvement: 0.0
  Move 18: GUIDED_SWAP_TO_GBEST | Indices: (61, 98) | Local Improvement: 0.0
  Move 19: GUIDED_SWAP_TO_GBEST | Indices: (154, 117) | Local Improvement: 0.0
  Move 20: GUIDED_SWAP_TO_GBEST | Indices: (178, 82) | Local Improvement: 0.0
  Move 21: GUIDED_SWAP_TO_GBEST | Indices: (83, 232) | Local Improvement: 0.0
  Move 22: GUIDED_SWAP_TO_GBEST | Indices: (98, 92) | Local Improvement: 0.0
  Move 23: TRIPLE_SWAP | Indices: (234, 153, 152) | Local Improvement: 0.0004166666666667318
=================================================================================
=================================================================================
2026-01-29T11:30:26.779 | Step 26 | Particle 97 | GLOBAL BEST ACHIEVED!
Global Improvement: 9.765624999991118e-5
All moves in this step:
  Move 1: TRIPLE_SWAP | Indices: (209, 98, 112) | Local Improvement: 9.765624999991118e-5
=================================================================================
=================================================================================
2026-01-29T11:30:27.375 | Step 27 | Particle 15 | GLOBAL BEST ACHIEVED!
Global Improvement: 0.0001106770833333437
All moves in this step:
  Move 1: GUIDED_SWAP_TO_GBEST | Indices: (98, 209) | Local Improvement: 0.0
  Move 2: GUIDED_SWAP_TO_GBEST | Indices: (112, 209) | Local Improvement: 0.0
  Move 3: GUIDED_SWAP_TO_PBEST | Indices: (209, 98) | Local Improvement: 0.0
  Move 4: GUIDED_SWAP_TO_PBEST | Indices: (112, 98) | Local Improvement: 0.0
  Move 5: GUIDED_SWAP_TO_GBEST | Indices: (98, 209) | Local Improvement: 0.0
  Move 6: GUIDED_SWAP_TO_GBEST | Indices: (112, 209) | Local Improvement: 0.0
  Move 7: TRIPLE_SWAP | Indices: (173, 129, 71) | Local Improvement: 0.0001106770833333437
=================================================================================
=================================================================================
2026-01-29T11:30:27.772 | Step 29 | Particle 7 | GLOBAL BEST ACHIEVED!
Global Improvement: 9.76562500000222e-5
All moves in this step:
  Move 1: GUIDED_SWAP_TO_GBEST | Indices: (194, 174) | Local Improvement: 0.0
  Move 2: GUIDED_SWAP_TO_GBEST | Indices: (71, 129) | Local Improvement: 0.0
  Move 3: GUIDED_SWAP_TO_GBEST | Indices: (85, 245) | Local Improvement: 0.0
  Move 4: GUIDED_SWAP_TO_GBEST | Indices: (178, 94) | Local Improvement: 0.0
  Move 5: GUIDED_SWAP_TO_PBEST | Indices: (178, 94) | Local Improvement: 0.0
  Move 6: GUIDED_SWAP_TO_PBEST | Indices: (245, 85) | Local Improvement: 0.0
  Move 7: GUIDED_SWAP_TO_PBEST | Indices: (71, 129) | Local Improvement: 0.0
  Move 8: GUIDED_SWAP_TO_GBEST | Indices: (245, 85) | Local Improvement: 0.0
  Move 9: GUIDED_SWAP_TO_GBEST | Indices: (60, 174) | Local Improvement: 0.0
  Move 10: GUIDED_SWAP_TO_GBEST | Indices: (94, 178) | Local Improvement: 0.0
  Move 11: GUIDED_SWAP_TO_GBEST | Indices: (129, 71) | Local Improvement: 0.0
  Move 12: GUIDED_SWAP_TO_PBEST | Indices: (60, 174) | Local Improvement: 0.0
  Move 13: GUIDED_SWAP_TO_PBEST | Indices: (71, 129) | Local Improvement: 0.0
  Move 14: GUIDED_SWAP_TO_PBEST | Indices: (194, 174) | Local Improvement: 0.0
  Move 15: GUIDED_SWAP_TO_PBEST | Indices: (94, 178) | Local Improvement: 0.0
  Move 16: GUIDED_SWAP_TO_GBEST | Indices: (194, 174) | Local Improvement: 0.0
  Move 17: GUIDED_SWAP_TO_GBEST | Indices: (94, 178) | Local Improvement: 0.0
  Move 18: GUIDED_SWAP_TO_GBEST | Indices: (129, 71) | Local Improvement: 0.0
  Move 19: GUIDED_SWAP_TO_GBEST | Indices: (174, 60) | Local Improvement: 0.0
  Move 20: TRIPLE_SWAP | Indices: (8, 2, 193) | Local Improvement: 9.76562500000222e-5
=================================================================================
=================================================================================
2026-01-29T11:30:27.918 | Step 31 | Particle 32 | GLOBAL BEST ACHIEVED!
Global Improvement: 0.0003190104166665986
All moves in this step:
  Move 1: TRIPLE_SWAP | Indices: (201, 236, 141) | Local Improvement: 0.0003190104166665986
=================================================================================
=================================================================================
2026-01-29T11:30:28.396 | Step 37 | Particle 100 | GLOBAL BEST ACHIEVED!
Global Improvement: 9.765625000013323e-5
All moves in this step:
  Move 1: TRIPLE_SWAP | Indices: (177, 100, 181) | Local Improvement: 9.765625000013323e-5
=================================================================================
=================================================================================
2026-01-29T11:30:28.563 | Step 40 | Particle 8 | GLOBAL BEST ACHIEVED!
Global Improvement: 0.00020833333333325488
All moves in this step:
  Move 1: TRIPLE_SWAP | Indices: (25, 26, 19) | Local Improvement: 0.00020833333333325488
=================================================================================
=================================================================================
2026-01-29T11:30:30.354 | Step 61 | Particle 61 | GLOBAL BEST ACHIEVED!
Global Improvement: 0.0002083333333333659
All moves in this step:
  Move 1: TRIPLE_SWAP | Indices: (151, 166, 10) | Local Improvement: 0.0002083333333333659
=================================================================================
=================================================================================
2026-01-29T11:30:56.861 | Step 302 | Particle 33 | GLOBAL BEST ACHIEVED!
Global Improvement: 0.0001106770833333437
All moves in this step:
  Move 1: GUIDED_SWAP_TO_PBEST | Indices: (96, 251) | Local Improvement: 0.0
  Move 2: GUIDED_SWAP_TO_PBEST | Indices: (83, 120) | Local Improvement: 0.0
  Move 3: TRIPLE_SWAP | Indices: (166, 243, 199) | Local Improvement: 0.0001106770833333437
=================================================================================
=================================================================================
2026-01-29T11:30:59.523 | Step 327 | Particle 66 | GLOBAL BEST ACHIEVED!
Global Improvement: 9.765624999991118e-5
All moves in this step:
  Move 1: TRIPLE_SWAP | Indices: (61, 171, 90) | Local Improvement: 9.765624999991118e-5
=================================================================================
=================================================================================
2026-01-29T11:32:47.499 | Step 1281 | Particle 51 | GLOBAL BEST ACHIEVED!
Global Improvement: 1.3020833333321491e-5
All moves in this step:
  Move 1: TRIPLE_SWAP | Indices: (111, 120, 184) | Local Improvement: 1.3020833333321491e-5
=================================================================================
=================================================================================
2026-01-29T11:32:48.344 | Step 1288 | Particle 99 | GLOBAL BEST ACHIEVED!
Global Improvement: 9.765625000013323e-5
All moves in this step:
  Move 1: RANDOM_SWAP | Indices: (24, 189) | Local Improvement: 0.0
=================================================================================
=================================================================================
2026-01-29T11:32:51.460 | Step 1317 | Particle 34 | GLOBAL BEST ACHIEVED!
Global Improvement: 9.765624999991118e-5
All moves in this step:
  Move 1: TRIPLE_SWAP | Indices: (152, 111, 226) | Local Improvement: 9.765624999991118e-5
=================================================================================
