# V3: TRIPLE SWAP KAPALI - Ablation Study
# Started on: 2026-01-21T16:44:04.928

=================================================================================
2026-01-21T16:44:05.417 | Step 1 | Particle 3 | GLOBAL BEST!
Global Improvement: 0.0013671875000000888
  Move 1: RANDOM_SWAP | Indices: (119, 45)
  Move 2: RANDOM_SWAP | Indices: (155, 105)
  Move 3: RANDOM_SWAP | Indices: (231, 204)
  Move 4: RANDOM_SWAP | Indices: (202, 215)
  Move 5: RANDOM_SWAP | Indices: (77, 191)
=================================================================================
=================================================================================
2026-01-21T16:44:05.437 | Step 1 | Particle 7 | GLOBAL BEST!
Global Improvement: 0.0006901041666667052
  Move 1: RANDOM_SWAP | Indices: (141, 46)
  Move 2: RANDOM_SWAP | Indices: (236, 124)
  Move 3: RANDOM_SWAP | Indices: (121, 236)
  Move 4: RANDOM_SWAP | Indices: (103, 166)
  Move 5: RANDOM_SWAP | Indices: (147, 25)
=================================================================================
=================================================================================
2026-01-21T16:44:05.439 | Step 1 | Particle 10 | GLOBAL BEST!
Global Improvement: 0.00014973958333319715
  Move 1: RANDOM_SWAP | Indices: (149, 129)
  Move 2: RANDOM_SWAP | Indices: (201, 141)
  Move 3: RANDOM_SWAP | Indices: (180, 178)
  Move 4: RANDOM_SWAP | Indices: (96, 254)
  Move 5: RANDOM_SWAP | Indices: (222, 142)
=================================================================================
=================================================================================
2026-01-21T16:44:05.446 | Step 1 | Particle 30 | GLOBAL BEST!
Global Improvement: 0.0016601562500000444
  Move 1: RANDOM_SWAP | Indices: (65, 117)
  Move 2: RANDOM_SWAP | Indices: (186, 135)
  Move 3: RANDOM_SWAP | Indices: (192, 58)
  Move 4: RANDOM_SWAP | Indices: (225, 77)
=================================================================================
=================================================================================
2026-01-21T16:44:06.151 | Step 2 | Particle 10 | GLOBAL BEST!
Global Improvement: 0.0027929687500001243
  Move 1: GUIDED_SWAP_TO_GBEST | Indices: (117, 65)
  Move 2: GUIDED_SWAP_TO_GBEST | Indices: (192, 58)
  Move 3: GUIDED_SWAP_TO_GBEST | Indices: (180, 178)
  Move 4: GUIDED_SWAP_TO_GBEST | Indices: (186, 135)
  Move 5: GUIDED_SWAP_TO_GBEST | Indices: (222, 142)
  Move 6: GUIDED_SWAP_TO_PBEST | Indices: (142, 222)
  Move 7: GUIDED_SWAP_TO_PBEST | Indices: (180, 178)
  Move 8: GUIDED_SWAP_TO_PBEST | Indices: (58, 192)
  Move 9: GUIDED_SWAP_TO_PBEST | Indices: (186, 135)
  Move 10: GUIDED_SWAP_TO_GBEST | Indices: (186, 135)
  Move 11: GUIDED_SWAP_TO_GBEST | Indices: (254, 96)
  Move 12: GUIDED_SWAP_TO_GBEST | Indices: (222, 142)
  Move 13: GUIDED_SWAP_TO_GBEST | Indices: (149, 129)
  Move 14: GUIDED_SWAP_TO_PBEST | Indices: (135, 186)
  Move 15: GUIDED_SWAP_TO_PBEST | Indices: (65, 117)
  Move 16: GUIDED_SWAP_TO_PBEST | Indices: (254, 96)
  Move 17: GUIDED_SWAP_TO_PBEST | Indices: (149, 129)
  Move 18: GUIDED_SWAP_TO_GBEST | Indices: (117, 65)
  Move 19: GUIDED_SWAP_TO_GBEST | Indices: (180, 178)
  Move 20: GUIDED_SWAP_TO_GBEST | Indices: (186, 135)
  Move 21: GUIDED_SWAP_TO_GBEST | Indices: (58, 192)
  Move 22: RANDOM_SWAP | Indices: (13, 169)
  Move 23: RANDOM_SWAP | Indices: (105, 76)
  Move 24: RANDOM_SWAP | Indices: (202, 162)
  Move 25: RANDOM_SWAP | Indices: (75, 8)
  Move 26: RANDOM_SWAP | Indices: (14, 104)
=================================================================================
=================================================================================
2026-01-21T16:44:06.159 | Step 2 | Particle 22 | GLOBAL BEST!
Global Improvement: 0.0017643229166666163
  Move 1: GUIDED_SWAP_TO_GBEST | Indices: (192, 58)
  Move 2: GUIDED_SWAP_TO_GBEST | Indices: (135, 186)
  Move 3: GUIDED_SWAP_TO_GBEST | Indices: (65, 117)
  Move 4: GUIDED_SWAP_TO_GBEST | Indices: (225, 77)
  Move 5: GUIDED_SWAP_TO_PBEST | Indices: (65, 117)
  Move 6: GUIDED_SWAP_TO_PBEST | Indices: (135, 186)
  Move 7: GUIDED_SWAP_TO_PBEST | Indices: (225, 77)
  Move 8: GUIDED_SWAP_TO_GBEST | Indices: (135, 186)
  Move 9: GUIDED_SWAP_TO_GBEST | Indices: (65, 117)
  Move 10: GUIDED_SWAP_TO_GBEST | Indices: (77, 225)
  Move 11: RANDOM_SWAP | Indices: (75, 104)
  Move 12: RANDOM_SWAP | Indices: (21, 56)
  Move 13: RANDOM_SWAP | Indices: (194, 155)
  Move 14: RANDOM_SWAP | Indices: (104, 136)
=================================================================================
=================================================================================
2026-01-21T16:44:06.168 | Step 2 | Particle 44 | GLOBAL BEST!
Global Improvement: 0.0019596354166666607
  Move 1: GUIDED_SWAP_TO_GBEST | Indices: (192, 58)
  Move 2: GUIDED_SWAP_TO_GBEST | Indices: (186, 135)
  Move 3: GUIDED_SWAP_TO_GBEST | Indices: (65, 117)
  Move 4: GUIDED_SWAP_TO_GBEST | Indices: (225, 77)
  Move 5: GUIDED_SWAP_TO_PBEST | Indices: (135, 186)
  Move 6: GUIDED_SWAP_TO_PBEST | Indices: (192, 58)
  Move 7: GUIDED_SWAP_TO_PBEST | Indices: (65, 117)
  Move 8: GUIDED_SWAP_TO_PBEST | Indices: (77, 225)
  Move 9: GUIDED_SWAP_TO_GBEST | Indices: (192, 58)
  Move 10: GUIDED_SWAP_TO_GBEST | Indices: (65, 117)
  Move 11: GUIDED_SWAP_TO_GBEST | Indices: (77, 225)
  Move 12: GUIDED_SWAP_TO_GBEST | Indices: (186, 135)
  Move 13: RANDOM_SWAP | Indices: (109, 201)
  Move 14: RANDOM_SWAP | Indices: (31, 238)
  Move 15: RANDOM_SWAP | Indices: (147, 183)
  Move 16: RANDOM_SWAP | Indices: (209, 76)
  Move 17: RANDOM_SWAP | Indices: (94, 59)
=================================================================================
=================================================================================
2026-01-21T16:44:06.807 | Step 3 | Particle 22 | GLOBAL BEST!
Global Improvement: 0.0014257812500000355
  Move 1: GUIDED_SWAP_TO_GBEST | Indices: (109, 201)
  Move 2: GUIDED_SWAP_TO_GBEST | Indices: (147, 183)
  Move 3: GUIDED_SWAP_TO_GBEST | Indices: (104, 75)
  Move 4: GUIDED_SWAP_TO_GBEST | Indices: (59, 94)
  Move 5: GUIDED_SWAP_TO_GBEST | Indices: (209, 76)
  Move 6: GUIDED_SWAP_TO_PBEST | Indices: (76, 209)
  Move 7: GUIDED_SWAP_TO_PBEST | Indices: (147, 183)
  Move 8: GUIDED_SWAP_TO_PBEST | Indices: (109, 201)
  Move 9: GUIDED_SWAP_TO_PBEST | Indices: (104, 75)
  Move 10: GUIDED_SWAP_TO_PBEST | Indices: (94, 59)
  Move 11: GUIDED_SWAP_TO_GBEST | Indices: (238, 31)
  Move 12: GUIDED_SWAP_TO_GBEST | Indices: (147, 183)
  Move 13: GUIDED_SWAP_TO_GBEST | Indices: (104, 75)
  Move 14: GUIDED_SWAP_TO_GBEST | Indices: (76, 209)
=================================================================================
=================================================================================
2026-01-21T16:44:06.837 | Step 3 | Particle 99 | GLOBAL BEST!
Global Improvement: 0.0013151041666665808
  Move 1: GUIDED_SWAP_TO_GBEST | Indices: (59, 94)
  Move 2: GUIDED_SWAP_TO_GBEST | Indices: (201, 109)
  Move 3: GUIDED_SWAP_TO_GBEST | Indices: (209, 76)
  Move 4: GUIDED_SWAP_TO_GBEST | Indices: (238, 31)
  Move 5: GUIDED_SWAP_TO_GBEST | Indices: (186, 135)
  Move 6: GUIDED_SWAP_TO_GBEST | Indices: (183, 147)
  Move 7: RANDOM_SWAP | Indices: (237, 214)
  Move 8: RANDOM_SWAP | Indices: (252, 224)
  Move 9: RANDOM_SWAP | Indices: (215, 41)
  Move 10: RANDOM_SWAP | Indices: (220, 10)
  Move 11: RANDOM_SWAP | Indices: (251, 114)
=================================================================================
=================================================================================
2026-01-21T16:44:07.288 | Step 4 | Particle 2 | GLOBAL BEST!
Global Improvement: 0.0012239583333333304
  Move 1: GUIDED_SWAP_TO_GBEST | Indices: (214, 237)
  Move 2: GUIDED_SWAP_TO_GBEST | Indices: (252, 224)
  Move 3: GUIDED_SWAP_TO_GBEST | Indices: (251, 114)
  Move 4: GUIDED_SWAP_TO_GBEST | Indices: (215, 41)
  Move 5: GUIDED_SWAP_TO_GBEST | Indices: (147, 183)
  Move 6: GUIDED_SWAP_TO_PBEST | Indices: (251, 114)
  Move 7: GUIDED_SWAP_TO_PBEST | Indices: (41, 215)
  Move 8: GUIDED_SWAP_TO_PBEST | Indices: (237, 214)
  Move 9: GUIDED_SWAP_TO_PBEST | Indices: (224, 252)
  Move 10: GUIDED_SWAP_TO_GBEST | Indices: (220, 10)
  Move 11: GUIDED_SWAP_TO_GBEST | Indices: (41, 215)
  Move 12: GUIDED_SWAP_TO_GBEST | Indices: (224, 252)
  Move 13: GUIDED_SWAP_TO_GBEST | Indices: (114, 251)
  Move 14: GUIDED_SWAP_TO_GBEST | Indices: (214, 237)
  Move 15: GUIDED_SWAP_TO_PBEST | Indices: (224, 252)
  Move 16: GUIDED_SWAP_TO_PBEST | Indices: (237, 214)
  Move 17: GUIDED_SWAP_TO_PBEST | Indices: (220, 10)
  Move 18: GUIDED_SWAP_TO_PBEST | Indices: (251, 114)
  Move 19: GUIDED_SWAP_TO_GBEST | Indices: (214, 237)
  Move 20: GUIDED_SWAP_TO_GBEST | Indices: (114, 251)
  Move 21: GUIDED_SWAP_TO_GBEST | Indices: (224, 252)
  Move 22: GUIDED_SWAP_TO_GBEST | Indices: (10, 220)
  Move 23: RANDOM_SWAP | Indices: (74, 77)
  Move 24: RANDOM_SWAP | Indices: (95, 251)
=================================================================================
=================================================================================
2026-01-21T16:44:07.389 | Step 5 | Particle 53 | GLOBAL BEST!
Global Improvement: 0.00162109375000008
  Move 1: GUIDED_SWAP_TO_PBEST | Indices: (237, 214)
  Move 2: GUIDED_SWAP_TO_PBEST | Indices: (252, 224)
  Move 3: GUIDED_SWAP_TO_PBEST | Indices: (10, 220)
  Move 4: GUIDED_SWAP_TO_PBEST | Indices: (251, 114)
  Move 5: GUIDED_SWAP_TO_GBEST | Indices: (252, 224)
  Move 6: GUIDED_SWAP_TO_GBEST | Indices: (77, 74)
  Move 7: GUIDED_SWAP_TO_GBEST | Indices: (41, 215)
  Move 8: GUIDED_SWAP_TO_GBEST | Indices: (220, 10)
  Move 9: GUIDED_SWAP_TO_GBEST | Indices: (95, 114)
  Move 10: GUIDED_SWAP_TO_PBEST | Indices: (252, 224)
  Move 11: GUIDED_SWAP_TO_PBEST | Indices: (220, 10)
  Move 12: GUIDED_SWAP_TO_PBEST | Indices: (77, 74)
  Move 13: GUIDED_SWAP_TO_PBEST | Indices: (41, 215)
  Move 14: GUIDED_SWAP_TO_PBEST | Indices: (114, 95)
  Move 15: GUIDED_SWAP_TO_GBEST | Indices: (76, 209)
  Move 16: GUIDED_SWAP_TO_GBEST | Indices: (215, 41)
  Move 17: GUIDED_SWAP_TO_GBEST | Indices: (74, 77)
  Move 18: GUIDED_SWAP_TO_GBEST | Indices: (237, 214)
  Move 19: RANDOM_SWAP | Indices: (5, 33)
=================================================================================
=================================================================================
2026-01-21T16:44:07.450 | Step 6 | Particle 4 | GLOBAL BEST!
Global Improvement: 0.0019596354166666607
  Move 1: GUIDED_SWAP_TO_GBEST | Indices: (235, 88)
  Move 2: GUIDED_SWAP_TO_GBEST | Indices: (5, 33)
  Move 3: GUIDED_SWAP_TO_GBEST | Indices: (10, 220)
  Move 4: GUIDED_SWAP_TO_GBEST | Indices: (114, 95)
  Move 5: GUIDED_SWAP_TO_PBEST | Indices: (235, 88)
  Move 6: GUIDED_SWAP_TO_PBEST | Indices: (95, 114)
  Move 7: GUIDED_SWAP_TO_PBEST | Indices: (5, 33)
  Move 8: GUIDED_SWAP_TO_PBEST | Indices: (220, 10)
  Move 9: GUIDED_SWAP_TO_GBEST | Indices: (114, 95)
  Move 10: GUIDED_SWAP_TO_GBEST | Indices: (220, 10)
  Move 11: GUIDED_SWAP_TO_GBEST | Indices: (33, 5)
  Move 12: GUIDED_SWAP_TO_GBEST | Indices: (95, 251)
  Move 13: GUIDED_SWAP_TO_PBEST | Indices: (10, 220)
  Move 14: GUIDED_SWAP_TO_PBEST | Indices: (5, 33)
  Move 15: GUIDED_SWAP_TO_PBEST | Indices: (251, 95)
  Move 16: GUIDED_SWAP_TO_PBEST | Indices: (95, 114)
  Move 17: GUIDED_SWAP_TO_GBEST | Indices: (5, 33)
  Move 18: GUIDED_SWAP_TO_GBEST | Indices: (88, 235)
  Move 19: GUIDED_SWAP_TO_GBEST | Indices: (95, 251)
  Move 20: GUIDED_SWAP_TO_GBEST | Indices: (114, 251)
=================================================================================
=================================================================================
2026-01-21T16:44:07.569 | Step 7 | Particle 104 | GLOBAL BEST!
Global Improvement: 9.765624999991118e-5
  Move 1: GUIDED_SWAP_TO_GBEST | Indices: (220, 10)
  Move 2: GUIDED_SWAP_TO_GBEST | Indices: (74, 107)
  Move 3: GUIDED_SWAP_TO_GBEST | Indices: (189, 224)
  Move 4: GUIDED_SWAP_TO_PBEST | Indices: (189, 224)
  Move 5: GUIDED_SWAP_TO_PBEST | Indices: (10, 220)
  Move 6: GUIDED_SWAP_TO_PBEST | Indices: (107, 74)
  Move 7: GUIDED_SWAP_TO_GBEST | Indices: (189, 224)
  Move 8: GUIDED_SWAP_TO_GBEST | Indices: (220, 10)
  Move 9: GUIDED_SWAP_TO_GBEST | Indices: (107, 74)
=================================================================================
=================================================================================
2026-01-21T16:44:07.579 | Step 7 | Particle 130 | GLOBAL BEST!
Global Improvement: 0.0003906250000000888
  Move 1: GUIDED_SWAP_TO_GBEST | Indices: (147, 183)
  Move 2: GUIDED_SWAP_TO_GBEST | Indices: (238, 31)
  Move 3: GUIDED_SWAP_TO_GBEST | Indices: (220, 10)
  Move 4: GUIDED_SWAP_TO_GBEST | Indices: (144, 148)
  Move 5: GUIDED_SWAP_TO_PBEST | Indices: (148, 144)
  Move 6: GUIDED_SWAP_TO_PBEST | Indices: (238, 31)
  Move 7: GUIDED_SWAP_TO_PBEST | Indices: (220, 10)
  Move 8: GUIDED_SWAP_TO_PBEST | Indices: (183, 147)
  Move 9: GUIDED_SWAP_TO_GBEST | Indices: (41, 215)
  Move 10: GUIDED_SWAP_TO_GBEST | Indices: (237, 214)
  Move 11: GUIDED_SWAP_TO_GBEST | Indices: (147, 183)
  Move 12: GUIDED_SWAP_TO_GBEST | Indices: (31, 238)
  Move 13: GUIDED_SWAP_TO_GBEST | Indices: (220, 10)
  Move 14: GUIDED_SWAP_TO_PBEST | Indices: (183, 147)
  Move 15: GUIDED_SWAP_TO_PBEST | Indices: (237, 214)
  Move 16: GUIDED_SWAP_TO_PBEST | Indices: (31, 238)
  Move 17: GUIDED_SWAP_TO_PBEST | Indices: (220, 10)
  Move 18: GUIDED_SWAP_TO_GBEST | Indices: (33, 5)
  Move 19: GUIDED_SWAP_TO_GBEST | Indices: (10, 220)
  Move 20: GUIDED_SWAP_TO_GBEST | Indices: (183, 147)
  Move 21: GUIDED_SWAP_TO_GBEST | Indices: (148, 144)
  Move 22: GUIDED_SWAP_TO_GBEST | Indices: (94, 59)
=================================================================================
=================================================================================
2026-01-21T16:44:07.603 | Step 7 | Particle 190 | GLOBAL BEST!
Global Improvement: 0.00044270833333315274
  Move 1: GUIDED_SWAP_TO_PBEST | Indices: (141, 199)
  Move 2: GUIDED_SWAP_TO_PBEST | Indices: (168, 82)
  Move 3: GUIDED_SWAP_TO_PBEST | Indices: (31, 238)
  Move 4: GUIDED_SWAP_TO_PBEST | Indices: (220, 185)
  Move 5: GUIDED_SWAP_TO_PBEST | Indices: (204, 134)
  Move 6: GUIDED_SWAP_TO_GBEST | Indices: (240, 33)
  Move 7: GUIDED_SWAP_TO_GBEST | Indices: (234, 121)
  Move 8: GUIDED_SWAP_TO_GBEST | Indices: (185, 52)
  Move 9: GUIDED_SWAP_TO_GBEST | Indices: (10, 220)
  Move 10: GUIDED_SWAP_TO_PBEST | Indices: (220, 10)
  Move 11: GUIDED_SWAP_TO_PBEST | Indices: (121, 234)
  Move 12: GUIDED_SWAP_TO_PBEST | Indices: (33, 240)
  Move 13: GUIDED_SWAP_TO_GBEST | Indices: (220, 10)
  Move 14: GUIDED_SWAP_TO_GBEST | Indices: (235, 88)
  Move 15: GUIDED_SWAP_TO_GBEST | Indices: (204, 134)
  Move 16: GUIDED_SWAP_TO_GBEST | Indices: (215, 41)
  Move 17: GUIDED_SWAP_TO_PBEST | Indices: (184, 107)
  Move 18: GUIDED_SWAP_TO_PBEST | Indices: (185, 52)
  Move 19: GUIDED_SWAP_TO_PBEST | Indices: (134, 204)
  Move 20: GUIDED_SWAP_TO_PBEST | Indices: (215, 41)
  Move 21: GUIDED_SWAP_TO_GBEST | Indices: (74, 77)
  Move 22: GUIDED_SWAP_TO_GBEST | Indices: (29, 109)
  Move 23: GUIDED_SWAP_TO_GBEST | Indices: (185, 52)
  Move 24: GUIDED_SWAP_TO_GBEST | Indices: (237, 214)
  Move 25: GUIDED_SWAP_TO_GBEST | Indices: (215, 41)
=================================================================================
=================================================================================
2026-01-21T16:44:07.634 | Step 8 | Particle 27 | GLOBAL BEST!
Global Improvement: 0.000540364583333508
  Move 1: GUIDED_SWAP_TO_GBEST | Indices: (234, 121)
  Move 2: GUIDED_SWAP_TO_GBEST | Indices: (134, 204)
  Move 3: GUIDED_SWAP_TO_GBEST | Indices: (238, 31)
  Move 4: GUIDED_SWAP_TO_GBEST | Indices: (240, 5)
  Move 5: GUIDED_SWAP_TO_GBEST | Indices: (33, 5)
  Move 6: GUIDED_SWAP_TO_PBEST | Indices: (121, 234)
  Move 7: GUIDED_SWAP_TO_PBEST | Indices: (204, 134)
  Move 8: GUIDED_SWAP_TO_PBEST | Indices: (33, 5)
  Move 9: GUIDED_SWAP_TO_PBEST | Indices: (240, 5)
  Move 10: GUIDED_SWAP_TO_PBEST | Indices: (238, 31)
  Move 11: GUIDED_SWAP_TO_GBEST | Indices: (31, 238)
  Move 12: GUIDED_SWAP_TO_GBEST | Indices: (240, 5)
  Move 13: GUIDED_SWAP_TO_GBEST | Indices: (5, 33)
  Move 14: GUIDED_SWAP_TO_GBEST | Indices: (234, 121)
  Move 15: GUIDED_SWAP_TO_PBEST | Indices: (121, 234)
  Move 16: GUIDED_SWAP_TO_PBEST | Indices: (240, 33)
  Move 17: GUIDED_SWAP_TO_PBEST | Indices: (5, 33)
  Move 18: GUIDED_SWAP_TO_PBEST | Indices: (238, 31)
  Move 19: GUIDED_SWAP_TO_GBEST | Indices: (204, 134)
  Move 20: GUIDED_SWAP_TO_GBEST | Indices: (240, 5)
  Move 21: GUIDED_SWAP_TO_GBEST | Indices: (238, 31)
  Move 22: GUIDED_SWAP_TO_GBEST | Indices: (5, 33)
=================================================================================
=================================================================================
2026-01-21T16:44:07.779 | Step 9 | Particle 39 | GLOBAL BEST!
Global Improvement: 0.0002929687499999556
  Move 1: GUIDED_SWAP_TO_GBEST | Indices: (121, 234)
  Move 2: GUIDED_SWAP_TO_GBEST | Indices: (31, 238)
  Move 3: GUIDED_SWAP_TO_PBEST | Indices: (121, 234)
  Move 4: GUIDED_SWAP_TO_PBEST | Indices: (238, 31)
  Move 5: GUIDED_SWAP_TO_GBEST | Indices: (121, 234)
  Move 6: GUIDED_SWAP_TO_GBEST | Indices: (31, 238)
  Move 7: RANDOM_SWAP | Indices: (215, 115)
=================================================================================
=================================================================================
2026-01-21T16:44:07.794 | Step 9 | Particle 78 | GLOBAL BEST!
Global Improvement: 0.0001497395833334192
  Move 1: GUIDED_SWAP_TO_PBEST | Indices: (167, 99)
  Move 2: GUIDED_SWAP_TO_PBEST | Indices: (234, 121)
  Move 3: GUIDED_SWAP_TO_PBEST | Indices: (33, 5)
  Move 4: GUIDED_SWAP_TO_PBEST | Indices: (240, 5)
  Move 5: GUIDED_SWAP_TO_GBEST | Indices: (33, 240)
  Move 6: GUIDED_SWAP_TO_GBEST | Indices: (240, 5)
  Move 7: RANDOM_SWAP | Indices: (181, 251)
  Move 8: RANDOM_SWAP | Indices: (200, 184)
=================================================================================
=================================================================================
2026-01-21T16:44:08.232 | Step 10 | Particle 140 | GLOBAL BEST!
Global Improvement: 0.0005859374999999112
  Move 1: GUIDED_SWAP_TO_PBEST | Indices: (240, 5)
  Move 2: GUIDED_SWAP_TO_GBEST | Indices: (200, 184)
  Move 3: GUIDED_SWAP_TO_GBEST | Indices: (251, 181)
  Move 4: GUIDED_SWAP_TO_GBEST | Indices: (238, 31)
  Move 5: GUIDED_SWAP_TO_GBEST | Indices: (5, 33)
  Move 6: GUIDED_SWAP_TO_PBEST | Indices: (31, 238)
  Move 7: GUIDED_SWAP_TO_PBEST | Indices: (251, 181)
  Move 8: GUIDED_SWAP_TO_PBEST | Indices: (33, 5)
  Move 9: GUIDED_SWAP_TO_PBEST | Indices: (184, 200)
  Move 10: GUIDED_SWAP_TO_GBEST | Indices: (184, 200)
  Move 11: GUIDED_SWAP_TO_GBEST | Indices: (204, 134)
  Move 12: GUIDED_SWAP_TO_GBEST | Indices: (33, 240)
  Move 13: GUIDED_SWAP_TO_GBEST | Indices: (238, 31)
  Move 14: GUIDED_SWAP_TO_PBEST | Indices: (31, 238)
  Move 15: GUIDED_SWAP_TO_PBEST | Indices: (33, 240)
  Move 16: GUIDED_SWAP_TO_PBEST | Indices: (204, 134)
  Move 17: GUIDED_SWAP_TO_GBEST | Indices: (238, 31)
  Move 18: GUIDED_SWAP_TO_GBEST | Indices: (204, 134)
  Move 19: GUIDED_SWAP_TO_GBEST | Indices: (33, 240)
  Move 20: GUIDED_SWAP_TO_GBEST | Indices: (5, 240)
=================================================================================
=================================================================================
2026-01-21T16:44:08.300 | Step 11 | Particle 111 | GLOBAL BEST!
Global Improvement: 0.0002929687499999556
  Move 1: GUIDED_SWAP_TO_PBEST | Indices: (218, 189)
  Move 2: GUIDED_SWAP_TO_PBEST | Indices: (251, 181)
  Move 3: GUIDED_SWAP_TO_PBEST | Indices: (31, 238)
  Move 4: GUIDED_SWAP_TO_PBEST | Indices: (121, 234)
  Move 5: GUIDED_SWAP_TO_GBEST | Indices: (238, 31)
  Move 6: GUIDED_SWAP_TO_GBEST | Indices: (218, 189)
  Move 7: GUIDED_SWAP_TO_GBEST | Indices: (74, 49)
  Move 8: GUIDED_SWAP_TO_GBEST | Indices: (184, 200)
  Move 9: GUIDED_SWAP_TO_PBEST | Indices: (184, 200)
  Move 10: GUIDED_SWAP_TO_PBEST | Indices: (218, 189)
  Move 11: GUIDED_SWAP_TO_PBEST | Indices: (49, 74)
  Move 12: GUIDED_SWAP_TO_PBEST | Indices: (17, 245)
  Move 13: GUIDED_SWAP_TO_GBEST | Indices: (121, 234)
  Move 14: GUIDED_SWAP_TO_GBEST | Indices: (189, 218)
  Move 15: GUIDED_SWAP_TO_GBEST | Indices: (245, 17)
  Move 16: GUIDED_SWAP_TO_GBEST | Indices: (74, 49)
  Move 17: GUIDED_SWAP_TO_PBEST | Indices: (189, 218)
  Move 18: GUIDED_SWAP_TO_PBEST | Indices: (234, 121)
  Move 19: GUIDED_SWAP_TO_PBEST | Indices: (17, 245)
  Move 20: GUIDED_SWAP_TO_GBEST | Indices: (189, 218)
  Move 21: GUIDED_SWAP_TO_GBEST | Indices: (234, 121)
  Move 22: GUIDED_SWAP_TO_GBEST | Indices: (200, 184)
=================================================================================
=================================================================================
2026-01-21T16:44:08.758 | Step 16 | Particle 86 | GLOBAL BEST!
Global Improvement: 9.765625000013323e-5
  Move 1: RANDOM_SWAP | Indices: (58, 61)
=================================================================================
=================================================================================
2026-01-21T16:44:09.435 | Step 25 | Particle 20 | GLOBAL BEST!
Global Improvement: 9.765624999991118e-5
  Move 1: GUIDED_SWAP_TO_PBEST | Indices: (105, 127)
  Move 2: GUIDED_SWAP_TO_PBEST | Indices: (111, 110)
  Move 3: RANDOM_SWAP | Indices: (158, 175)
=================================================================================
=================================================================================
2026-01-21T16:44:09.865 | Step 30 | Particle 127 | GLOBAL BEST!
Global Improvement: 0.0007356770833333304
  Move 1: RANDOM_SWAP | Indices: (135, 90)
=================================================================================
=================================================================================
2026-01-21T16:44:10.247 | Step 35 | Particle 109 | GLOBAL BEST!
Global Improvement: 0.0001953125000000444
  Move 1: RANDOM_SWAP | Indices: (233, 18)
=================================================================================
=================================================================================
2026-01-21T16:44:12.376 | Step 62 | Particle 197 | GLOBAL BEST!
Global Improvement: 0.0006380208333334192
  Move 1: RANDOM_SWAP | Indices: (254, 215)
=================================================================================
=================================================================================
2026-01-21T16:44:12.518 | Step 63 | Particle 34 | GLOBAL BEST!
Global Improvement: 9.765624999991118e-5
  Move 1: GUIDED_SWAP_TO_GBEST | Indices: (215, 254)
  Move 2: GUIDED_SWAP_TO_PBEST | Indices: (254, 215)
  Move 3: GUIDED_SWAP_TO_GBEST | Indices: (254, 215)
  Move 4: RANDOM_SWAP | Indices: (76, 165)
=================================================================================
=================================================================================
2026-01-21T16:44:13.776 | Step 69 | Particle 155 | GLOBAL BEST!
Global Improvement: 9.765624999991118e-5
  Move 1: RANDOM_SWAP | Indices: (227, 8)
=================================================================================
=================================================================================
2026-01-21T16:44:16.430 | Step 100 | Particle 169 | GLOBAL BEST!
Global Improvement: 0.0006380208333334192
  Move 1: GUIDED_SWAP_TO_GBEST | Indices: (155, 7)
  Move 2: GUIDED_SWAP_TO_GBEST | Indices: (116, 103)
  Move 3: GUIDED_SWAP_TO_GBEST | Indices: (125, 160)
  Move 4: RANDOM_SWAP | Indices: (46, 229)
=================================================================================
=================================================================================
2026-01-21T16:44:16.673 | Step 103 | Particle 190 | GLOBAL BEST!
Global Improvement: 9.765624999991118e-5
  Move 1: GUIDED_SWAP_TO_PBEST | Indices: (100, 136)
  Move 2: GUIDED_SWAP_TO_PBEST | Indices: (135, 81)
  Move 3: GUIDED_SWAP_TO_PBEST | Indices: (125, 188)
  Move 4: GUIDED_SWAP_TO_PBEST | Indices: (34, 175)
  Move 5: GUIDED_SWAP_TO_PBEST | Indices: (210, 221)
  Move 6: RANDOM_SWAP | Indices: (249, 14)
=================================================================================
=================================================================================
2026-01-21T16:44:16.967 | Step 107 | Particle 143 | GLOBAL BEST!
Global Improvement: 9.765625000013323e-5
  Move 1: RANDOM_SWAP | Indices: (154, 205)
=================================================================================
=================================================================================
2026-01-21T16:44:20.817 | Step 156 | Particle 69 | GLOBAL BEST!
Global Improvement: 0.0006380208333331971
  Move 1: RANDOM_SWAP | Indices: (241, 155)
=================================================================================
=================================================================================
2026-01-21T16:44:21.814 | Step 168 | Particle 199 | GLOBAL BEST!
Global Improvement: 9.765625000013323e-5
  Move 1: RANDOM_SWAP | Indices: (108, 146)
=================================================================================
=================================================================================
2026-01-21T16:44:22.243 | Step 169 | Particle 130 | GLOBAL BEST!
Global Improvement: 9.765624999991118e-5
  Move 1: GUIDED_SWAP_TO_GBEST | Indices: (146, 108)
  Move 2: RANDOM_SWAP | Indices: (14, 226)
=================================================================================
=================================================================================
2026-01-21T16:44:22.257 | Step 169 | Particle 166 | GLOBAL BEST!
Global Improvement: 0.0007356770833333304
  Move 1: GUIDED_SWAP_TO_GBEST | Indices: (108, 146)
  Move 2: GUIDED_SWAP_TO_PBEST | Indices: (108, 146)
  Move 3: GUIDED_SWAP_TO_GBEST | Indices: (146, 108)
  Move 4: RANDOM_SWAP | Indices: (1, 220)
=================================================================================
=================================================================================
2026-01-21T16:44:22.823 | Step 177 | Particle 2 | GLOBAL BEST!
Global Improvement: 9.765624999991118e-5
  Move 1: RANDOM_SWAP | Indices: (169, 200)
=================================================================================
=================================================================================
2026-01-21T16:44:27.396 | Step 225 | Particle 55 | GLOBAL BEST!
Global Improvement: 0.0008333333333334636
  Move 1: GUIDED_SWAP_TO_GBEST | Indices: (236, 220)
  Move 2: GUIDED_SWAP_TO_GBEST | Indices: (10, 145)
  Move 3: GUIDED_SWAP_TO_GBEST | Indices: (242, 158)
  Move 4: GUIDED_SWAP_TO_GBEST | Indices: (119, 107)
  Move 5: GUIDED_SWAP_TO_PBEST | Indices: (209, 154)
  Move 6: RANDOM_SWAP | Indices: (67, 247)
=================================================================================
=================================================================================
2026-01-21T16:44:29.030 | Step 246 | Particle 50 | GLOBAL BEST!
Global Improvement: 0.00034505208333324155
  Move 1: GUIDED_SWAP_TO_GBEST | Indices: (55, 254)
  Move 2: GUIDED_SWAP_TO_GBEST | Indices: (165, 117)
  Move 3: RANDOM_SWAP | Indices: (117, 55)
=================================================================================
=================================================================================
2026-01-21T16:44:29.398 | Step 250 | Particle 49 | GLOBAL BEST!
Global Improvement: 0.0003906250000000888
  Move 1: RANDOM_SWAP | Indices: (128, 21)
  Move 2: RANDOM_SWAP | Indices: (20, 203)
=================================================================================
=================================================================================
2026-01-21T16:44:29.523 | Step 251 | Particle 165 | GLOBAL BEST!
Global Improvement: 9.765624999991118e-5
  Move 1: GUIDED_SWAP_TO_GBEST | Indices: (21, 128)
  Move 2: GUIDED_SWAP_TO_GBEST | Indices: (203, 20)
  Move 3: RANDOM_SWAP | Indices: (190, 242)
=================================================================================
=================================================================================
2026-01-21T16:44:37.493 | Step 343 | Particle 143 | GLOBAL BEST!
Global Improvement: 0.0007356770833333304
  Move 1: RANDOM_SWAP | Indices: (94, 76)
=================================================================================
=================================================================================
2026-01-21T16:44:37.608 | Step 345 | Particle 36 | GLOBAL BEST!
Global Improvement: 9.765625000013323e-5
  Move 1: GUIDED_SWAP_TO_PBEST | Indices: (76, 94)
  Move 2: GUIDED_SWAP_TO_PBEST | Indices: (141, 215)
  Move 3: GUIDED_SWAP_TO_PBEST | Indices: (77, 54)
  Move 4: GUIDED_SWAP_TO_PBEST | Indices: (168, 84)
  Move 5: GUIDED_SWAP_TO_GBEST | Indices: (76, 94)
  Move 6: GUIDED_SWAP_TO_PBEST | Indices: (76, 94)
  Move 7: GUIDED_SWAP_TO_GBEST | Indices: (76, 94)
  Move 8: RANDOM_SWAP | Indices: (96, 68)
=================================================================================
=================================================================================
2026-01-21T16:46:21.554 | Step 1507 | Particle 165 | GLOBAL BEST!
Global Improvement: 0.0007356770833333304
  Move 1: RANDOM_SWAP | Indices: (187, 240)
=================================================================================
=================================================================================
2026-01-21T16:46:22.636 | Step 1521 | Particle 135 | GLOBAL BEST!
Global Improvement: 9.765624999991118e-5
  Move 1: RANDOM_SWAP | Indices: (179, 132)
=================================================================================
