# Global Best Swaps Only - COMPOSITE FITNESS MODE WITH EARLY STOPPING
# Started on: 2026-01-29T22:12:54.756
# Format: Timestamp | Step | Particle | Operation | Indices | Local | Global | Status
# Note: Each global best S-box is saved in debug_sboxes/ directory
# Using composite fitness function with NL, SAC, DDT, and Entropy
# Early stopping enabled based on NL threshold

=================================================================================
2026-01-29T22:12:54.850 | Step 1 | Particle 5 | GLOBAL BEST ACHIEVED!
Global Improvement: 0.0035351562499998934
All moves in this step:
  Move 1: TRIPLE_SWAP | Indices: (189, 60, 29) | Local Improvement: 0.00472656249999992
  Move 2: RANDOM_SWAP | Indices: (243, 222) | Local Improvement: 0.0
  Move 3: RANDOM_SWAP | Indices: (17, 112) | Local Improvement: 0.0
  Move 4: RANDOM_SWAP | Indices: (160, 241) | Local Improvement: 0.0
=================================================================================
=================================================================================
2026-01-29T22:12:54.882 | Step 1 | Particle 6 | GLOBAL BEST ACHIEVED!
Global Improvement: 0.0038867187500000178
All moves in this step:
  Move 1: TRIPLE_SWAP | Indices: (29, 253, 138) | Local Improvement: 0.004628906250000009
  Move 2: RANDOM_SWAP | Indices: (225, 13) | Local Improvement: 0.0
  Move 3: RANDOM_SWAP | Indices: (228, 114) | Local Improvement: 0.0
  Move 4: RANDOM_SWAP | Indices: (232, 136) | Local Improvement: 0.0
  Move 5: RANDOM_SWAP | Indices: (2, 127) | Local Improvement: 0.0
  Move 6: RANDOM_SWAP | Indices: (111, 220) | Local Improvement: 0.0
=================================================================================
=================================================================================
2026-01-29T22:12:54.882 | Step 1 | Particle 7 | GLOBAL BEST ACHIEVED!
Global Improvement: 0.004042968749999876
All moves in this step:
  Move 1: TRIPLE_SWAP | Indices: (174, 102, 226) | Local Improvement: 0.004042968749999876
=================================================================================
=================================================================================
2026-01-29T22:12:54.885 | Step 1 | Particle 14 | GLOBAL BEST ACHIEVED!
Global Improvement: 0.005175781249999956
All moves in this step:
  Move 1: TRIPLE_SWAP | Indices: (190, 127, 183) | Local Improvement: 0.005175781249999956
=================================================================================
=================================================================================
2026-01-29T22:12:54.890 | Step 1 | Particle 27 | GLOBAL BEST ACHIEVED!
Global Improvement: 0.00521484374999992
All moves in this step:
  Move 1: TRIPLE_SWAP | Indices: (6, 26, 174) | Local Improvement: 0.0036914062499999734
  Move 2: RANDOM_SWAP | Indices: (20, 202) | Local Improvement: 0.0
  Move 3: RANDOM_SWAP | Indices: (6, 23) | Local Improvement: 0.0
  Move 4: RANDOM_SWAP | Indices: (48, 201) | Local Improvement: 0.0
=================================================================================
=================================================================================
2026-01-29T22:12:54.893 | Step 1 | Particle 33 | GLOBAL BEST ACHIEVED!
Global Improvement: 0.0058203125000000355
All moves in this step:
  Move 1: TRIPLE_SWAP | Indices: (52, 48, 37) | Local Improvement: 0.0038476562500000533
  Move 2: RANDOM_SWAP | Indices: (146, 235) | Local Improvement: 0.0
  Move 3: RANDOM_SWAP | Indices: (125, 173) | Local Improvement: 0.0
=================================================================================
=================================================================================
2026-01-29T22:12:54.897 | Step 1 | Particle 44 | GLOBAL BEST ACHIEVED!
Global Improvement: 0.005859375
All moves in this step:
  Move 1: TRIPLE_SWAP | Indices: (172, 223, 234) | Local Improvement: 0.005175781249999956
  Move 2: RANDOM_SWAP | Indices: (163, 17) | Local Improvement: 0.0
  Move 3: RANDOM_SWAP | Indices: (84, 240) | Local Improvement: 0.0
  Move 4: RANDOM_SWAP | Indices: (219, 2) | Local Improvement: 0.0
=================================================================================
=================================================================================
2026-01-29T22:12:54.917 | Step 1 | Particle 95 | GLOBAL BEST ACHIEVED!
Global Improvement: 0.007832031249999982
All moves in this step:
  Move 1: TRIPLE_SWAP | Indices: (109, 91, 47) | Local Improvement: 0.0038476562500000533
  Move 2: RANDOM_SWAP | Indices: (150, 43) | Local Improvement: 0.0
  Move 3: RANDOM_SWAP | Indices: (65, 170) | Local Improvement: 0.0
  Move 4: RANDOM_SWAP | Indices: (38, 111) | Local Improvement: 0.0
  Move 5: RANDOM_SWAP | Indices: (29, 77) | Local Improvement: 0.0
=================================================================================
=================================================================================
2026-01-29T22:12:55.046 | Step 2 | Particle 28 | GLOBAL BEST ACHIEVED!
Global Improvement: 0.0032031249999999734
All moves in this step:
  Move 1: GUIDED_SWAP_TO_GBEST | Indices: (29, 77) | Local Improvement: 0.0
  Move 2: GUIDED_SWAP_TO_GBEST | Indices: (170, 65) | Local Improvement: 0.0
  Move 3: GUIDED_SWAP_TO_GBEST | Indices: (174, 134) | Local Improvement: 0.0
  Move 4: GUIDED_SWAP_TO_GBEST | Indices: (188, 134) | Local Improvement: 0.0
  Move 5: GUIDED_SWAP_TO_GBEST | Indices: (38, 111) | Local Improvement: 0.0
  Move 6: GUIDED_SWAP_TO_PBEST | Indices: (77, 29) | Local Improvement: 0.0
  Move 7: GUIDED_SWAP_TO_PBEST | Indices: (174, 188) | Local Improvement: 0.0
  Move 8: GUIDED_SWAP_TO_PBEST | Indices: (134, 188) | Local Improvement: 0.0
  Move 9: GUIDED_SWAP_TO_PBEST | Indices: (170, 65) | Local Improvement: 0.0
  Move 10: GUIDED_SWAP_TO_GBEST | Indices: (91, 109) | Local Improvement: 0.0
  Move 11: GUIDED_SWAP_TO_GBEST | Indices: (150, 43) | Local Improvement: 0.0
  Move 12: GUIDED_SWAP_TO_GBEST | Indices: (134, 188) | Local Improvement: 0.0
  Move 13: GUIDED_SWAP_TO_GBEST | Indices: (47, 109) | Local Improvement: 0.0
  Move 14: GUIDED_SWAP_TO_GBEST | Indices: (188, 174) | Local Improvement: 0.0
  Move 15: GUIDED_SWAP_TO_PBEST | Indices: (109, 91) | Local Improvement: 0.0
  Move 16: GUIDED_SWAP_TO_PBEST | Indices: (134, 174) | Local Improvement: 0.0
  Move 17: GUIDED_SWAP_TO_PBEST | Indices: (174, 188) | Local Improvement: 0.0
  Move 18: GUIDED_SWAP_TO_PBEST | Indices: (43, 150) | Local Improvement: 0.0
  Move 19: GUIDED_SWAP_TO_GBEST | Indices: (150, 43) | Local Improvement: 0.0
  Move 20: GUIDED_SWAP_TO_GBEST | Indices: (65, 170) | Local Improvement: 0.0
  Move 21: GUIDED_SWAP_TO_GBEST | Indices: (91, 109) | Local Improvement: 0.0
  Move 22: GUIDED_SWAP_TO_GBEST | Indices: (29, 77) | Local Improvement: 0.0
  Move 23: TRIPLE_SWAP | Indices: (194, 248, 188) | Local Improvement: 0.0027148437499999734
=================================================================================
=================================================================================
2026-01-29T22:12:55.047 | Step 2 | Particle 32 | GLOBAL BEST ACHIEVED!
Global Improvement: 0.0036914062499999734
All moves in this step:
  Move 1: GUIDED_SWAP_TO_GBEST | Indices: (111, 38) | Local Improvement: 0.0
  Move 2: GUIDED_SWAP_TO_GBEST | Indices: (127, 187) | Local Improvement: 0.0
  Move 3: GUIDED_SWAP_TO_GBEST | Indices: (43, 150) | Local Improvement: 0.0
  Move 4: GUIDED_SWAP_TO_GBEST | Indices: (65, 170) | Local Improvement: 0.0
  Move 5: GUIDED_SWAP_TO_PBEST | Indices: (43, 150) | Local Improvement: 0.0
  Move 6: GUIDED_SWAP_TO_PBEST | Indices: (65, 170) | Local Improvement: 0.0
  Move 7: GUIDED_SWAP_TO_PBEST | Indices: (111, 38) | Local Improvement: 0.0
  Move 8: GUIDED_SWAP_TO_GBEST | Indices: (43, 150) | Local Improvement: 0.0
  Move 9: GUIDED_SWAP_TO_GBEST | Indices: (77, 29) | Local Improvement: 0.0
  Move 10: GUIDED_SWAP_TO_GBEST | Indices: (47, 91) | Local Improvement: 0.0
  Move 11: GUIDED_SWAP_TO_PBEST | Indices: (187, 127) | Local Improvement: 0.0
  Move 12: GUIDED_SWAP_TO_PBEST | Indices: (150, 43) | Local Improvement: 0.0
  Move 13: GUIDED_SWAP_TO_PBEST | Indices: (77, 29) | Local Improvement: 0.0
  Move 14: GUIDED_SWAP_TO_PBEST | Indices: (47, 91) | Local Improvement: 0.0
  Move 15: GUIDED_SWAP_TO_GBEST | Indices: (38, 127) | Local Improvement: 0.0
  Move 16: GUIDED_SWAP_TO_GBEST | Indices: (111, 127) | Local Improvement: 0.0
  Move 17: GUIDED_SWAP_TO_GBEST | Indices: (91, 109) | Local Improvement: 0.0
  Move 18: GUIDED_SWAP_TO_GBEST | Indices: (65, 170) | Local Improvement: 0.0
  Move 19: GUIDED_SWAP_TO_GBEST | Indices: (109, 47) | Local Improvement: 0.0
  Move 20: TRIPLE_SWAP | Indices: (64, 200, 151) | Local Improvement: 0.0032031250000001954
  Move 21: RANDOM_SWAP | Indices: (189, 214) | Local Improvement: 0.0
  Move 22: RANDOM_SWAP | Indices: (49, 35) | Local Improvement: 0.0
=================================================================================
=================================================================================
2026-01-29T22:12:55.050 | Step 2 | Particle 38 | GLOBAL BEST ACHIEVED!
Global Improvement: 0.00374999999999992
All moves in this step:
  Move 1: GUIDED_SWAP_TO_GBEST | Indices: (77, 29) | Local Improvement: 0.0
  Move 2: GUIDED_SWAP_TO_GBEST | Indices: (109, 47) | Local Improvement: 0.0
  Move 3: GUIDED_SWAP_TO_GBEST | Indices: (47, 91) | Local Improvement: 0.0
  Move 4: GUIDED_SWAP_TO_GBEST | Indices: (170, 65) | Local Improvement: 0.0
  Move 5: GUIDED_SWAP_TO_GBEST | Indices: (43, 150) | Local Improvement: 0.0
  Move 6: GUIDED_SWAP_TO_PBEST | Indices: (43, 150) | Local Improvement: 0.0
  Move 7: GUIDED_SWAP_TO_PBEST | Indices: (77, 29) | Local Improvement: 0.0
  Move 8: GUIDED_SWAP_TO_PBEST | Indices: (170, 65) | Local Improvement: 0.0
  Move 9: GUIDED_SWAP_TO_PBEST | Indices: (109, 91) | Local Improvement: 0.0
  Move 10: GUIDED_SWAP_TO_GBEST | Indices: (43, 150) | Local Improvement: 0.0
  Move 11: GUIDED_SWAP_TO_GBEST | Indices: (91, 109) | Local Improvement: 0.0
  Move 12: GUIDED_SWAP_TO_GBEST | Indices: (111, 38) | Local Improvement: 0.0
  Move 13: GUIDED_SWAP_TO_GBEST | Indices: (170, 65) | Local Improvement: 0.0
  Move 14: TRIPLE_SWAP | Indices: (182, 1, 185) | Local Improvement: 0.0021679687499998046
=================================================================================
=================================================================================
2026-01-29T22:12:55.068 | Step 2 | Particle 84 | GLOBAL BEST ACHIEVED!
Global Improvement: 0.004941406249999947
All moves in this step:
  Move 1: GUIDED_SWAP_TO_GBEST | Indices: (91, 109) | Local Improvement: 0.0
  Move 2: GUIDED_SWAP_TO_GBEST | Indices: (77, 29) | Local Improvement: 0.0
  Move 3: GUIDED_SWAP_TO_GBEST | Indices: (25, 97) | Local Improvement: 0.0
  Move 4: GUIDED_SWAP_TO_GBEST | Indices: (65, 170) | Local Improvement: 0.0
  Move 5: GUIDED_SWAP_TO_GBEST | Indices: (109, 47) | Local Improvement: 0.0
  Move 6: GUIDED_SWAP_TO_PBEST | Indices: (65, 170) | Local Improvement: 0.0
  Move 7: GUIDED_SWAP_TO_PBEST | Indices: (91, 47) | Local Improvement: 0.0
  Move 8: GUIDED_SWAP_TO_PBEST | Indices: (77, 29) | Local Improvement: 0.0
  Move 9: GUIDED_SWAP_TO_PBEST | Indices: (25, 97) | Local Improvement: 0.0
  Move 10: GUIDED_SWAP_TO_GBEST | Indices: (29, 77) | Local Improvement: 0.0
  Move 11: GUIDED_SWAP_TO_GBEST | Indices: (25, 97) | Local Improvement: 0.0
  Move 12: GUIDED_SWAP_TO_GBEST | Indices: (43, 150) | Local Improvement: 0.0
  Move 13: GUIDED_SWAP_TO_GBEST | Indices: (170, 65) | Local Improvement: 0.0
  Move 14: GUIDED_SWAP_TO_PBEST | Indices: (47, 109) | Local Improvement: 0.0
  Move 15: GUIDED_SWAP_TO_PBEST | Indices: (97, 25) | Local Improvement: 0.0
  Move 16: GUIDED_SWAP_TO_PBEST | Indices: (29, 77) | Local Improvement: 0.0
  Move 17: GUIDED_SWAP_TO_PBEST | Indices: (170, 65) | Local Improvement: 0.0
  Move 18: GUIDED_SWAP_TO_GBEST | Indices: (38, 111) | Local Improvement: 0.0
  Move 19: GUIDED_SWAP_TO_GBEST | Indices: (47, 91) | Local Improvement: 0.0
  Move 20: GUIDED_SWAP_TO_GBEST | Indices: (65, 170) | Local Improvement: 0.0
  Move 21: GUIDED_SWAP_TO_GBEST | Indices: (109, 91) | Local Improvement: 0.0
  Move 22: GUIDED_SWAP_TO_GBEST | Indices: (25, 97) | Local Improvement: 0.0
  Move 23: TRIPLE_SWAP | Indices: (227, 36, 67) | Local Improvement: 0.0027148437499999734
=================================================================================
=================================================================================
2026-01-29T22:12:55.341 | Step 3 | Particle 14 | GLOBAL BEST ACHIEVED!
Global Improvement: 0.002363281250000071
All moves in this step:
  Move 1: GUIDED_SWAP_TO_GBEST | Indices: (29, 77) | Local Improvement: 0.0
  Move 2: GUIDED_SWAP_TO_GBEST | Indices: (36, 227) | Local Improvement: 0.0
  Move 3: GUIDED_SWAP_TO_GBEST | Indices: (220, 172) | Local Improvement: 0.0
  Move 4: GUIDED_SWAP_TO_GBEST | Indices: (97, 53) | Local Improvement: 0.0
  Move 5: GUIDED_SWAP_TO_GBEST | Indices: (39, 98) | Local Improvement: 0.0
  Move 6: GUIDED_SWAP_TO_PBEST | Indices: (39, 98) | Local Improvement: 0.0
  Move 7: GUIDED_SWAP_TO_PBEST | Indices: (29, 77) | Local Improvement: 0.0
  Move 8: GUIDED_SWAP_TO_PBEST | Indices: (36, 227) | Local Improvement: 0.0
  Move 9: GUIDED_SWAP_TO_PBEST | Indices: (220, 172) | Local Improvement: 0.0
  Move 10: GUIDED_SWAP_TO_GBEST | Indices: (227, 67) | Local Improvement: 0.0
  Move 11: GUIDED_SWAP_TO_GBEST | Indices: (77, 29) | Local Improvement: 0.0
  Move 12: GUIDED_SWAP_TO_GBEST | Indices: (67, 36) | Local Improvement: 0.0
  Move 13: GUIDED_SWAP_TO_GBEST | Indices: (172, 63) | Local Improvement: 0.0
  Move 14: GUIDED_SWAP_TO_PBEST | Indices: (172, 63) | Local Improvement: 0.0
  Move 15: GUIDED_SWAP_TO_PBEST | Indices: (29, 77) | Local Improvement: 0.0
  Move 16: GUIDED_SWAP_TO_PBEST | Indices: (97, 53) | Local Improvement: 0.0
  Move 17: GUIDED_SWAP_TO_PBEST | Indices: (227, 36) | Local Improvement: 0.0
  Move 18: GUIDED_SWAP_TO_GBEST | Indices: (77, 29) | Local Improvement: 0.0
  Move 19: GUIDED_SWAP_TO_GBEST | Indices: (39, 98) | Local Improvement: 0.0
  Move 20: GUIDED_SWAP_TO_GBEST | Indices: (53, 97) | Local Improvement: 0.0
  Move 21: GUIDED_SWAP_TO_GBEST | Indices: (36, 227) | Local Improvement: 0.0
  Move 22: TRIPLE_SWAP | Indices: (38, 164, 198) | Local Improvement: 0.003007812499999929
  Move 23: RANDOM_SWAP | Indices: (196, 224) | Local Improvement: 0.0
  Move 24: RANDOM_SWAP | Indices: (170, 176) | Local Improvement: 0.0
  Move 25: RANDOM_SWAP | Indices: (97, 2) | Local Improvement: 0.0
  Move 26: RANDOM_SWAP | Indices: (45, 38) | Local Improvement: 0.0
=================================================================================
=================================================================================
2026-01-29T22:12:55.350 | Step 3 | Particle 37 | GLOBAL BEST ACHIEVED!
Global Improvement: 0.0036914062499999734
All moves in this step:
  Move 1: GUIDED_SWAP_TO_GBEST | Indices: (29, 77) | Local Improvement: 0.0
  Move 2: GUIDED_SWAP_TO_GBEST | Indices: (206, 74) | Local Improvement: 0.0
  Move 3: GUIDED_SWAP_TO_GBEST | Indices: (53, 97) | Local Improvement: 0.0
  Move 4: GUIDED_SWAP_TO_GBEST | Indices: (74, 75) | Local Improvement: 0.0
  Move 5: GUIDED_SWAP_TO_GBEST | Indices: (227, 67) | Local Improvement: 0.0
  Move 6: GUIDED_SWAP_TO_PBEST | Indices: (29, 77) | Local Improvement: 0.0
  Move 7: GUIDED_SWAP_TO_PBEST | Indices: (206, 75) | Local Improvement: 0.0
  Move 8: GUIDED_SWAP_TO_PBEST | Indices: (227, 67) | Local Improvement: 0.0
  Move 9: GUIDED_SWAP_TO_PBEST | Indices: (97, 53) | Local Improvement: 0.0
  Move 10: GUIDED_SWAP_TO_GBEST | Indices: (36, 227) | Local Improvement: 0.0
  Move 11: GUIDED_SWAP_TO_GBEST | Indices: (29, 77) | Local Improvement: 0.0
  Move 12: GUIDED_SWAP_TO_GBEST | Indices: (97, 53) | Local Improvement: 0.0
  Move 13: GUIDED_SWAP_TO_GBEST | Indices: (206, 75) | Local Improvement: 0.0
  Move 14: GUIDED_SWAP_TO_GBEST | Indices: (67, 227) | Local Improvement: 0.0
  Move 15: TRIPLE_SWAP | Indices: (251, 176, 19) | Local Improvement: 0.0024609374999999822
  Move 16: RANDOM_SWAP | Indices: (203, 126) | Local Improvement: 0.0
  Move 17: RANDOM_SWAP | Indices: (66, 81) | Local Improvement: 0.0
  Move 18: RANDOM_SWAP | Indices: (117, 202) | Local Improvement: 0.0
=================================================================================
=================================================================================
2026-01-29T22:12:55.538 | Step 4 | Particle 48 | GLOBAL BEST ACHIEVED!
Global Improvement: 0.001875000000000071
All moves in this step:
  Move 1: GUIDED_SWAP_TO_GBEST | Indices: (111, 70) | Local Improvement: 0.0
  Move 2: GUIDED_SWAP_TO_GBEST | Indices: (203, 126) | Local Improvement: 0.0
  Move 3: GUIDED_SWAP_TO_GBEST | Indices: (66, 81) | Local Improvement: 0.0
  Move 4: GUIDED_SWAP_TO_GBEST | Indices: (170, 65) | Local Improvement: 0.0
  Move 5: GUIDED_SWAP_TO_GBEST | Indices: (19, 176) | Local Improvement: 0.0
  Move 6: GUIDED_SWAP_TO_GBEST | Indices: (176, 251) | Local Improvement: 0.0
  Move 7: GUIDED_SWAP_TO_GBEST | Indices: (117, 202) | Local Improvement: 0.0
  Move 8: GUIDED_SWAP_TO_PBEST | Indices: (202, 117) | Local Improvement: 0.0
  Move 9: GUIDED_SWAP_TO_PBEST | Indices: (170, 65) | Local Improvement: 0.0
  Move 10: GUIDED_SWAP_TO_PBEST | Indices: (176, 19) | Local Improvement: 0.0
  Move 11: GUIDED_SWAP_TO_PBEST | Indices: (19, 251) | Local Improvement: 0.0
  Move 12: GUIDED_SWAP_TO_GBEST | Indices: (170, 65) | Local Improvement: 0.0
  Move 13: GUIDED_SWAP_TO_GBEST | Indices: (202, 117) | Local Improvement: 0.0
  Move 14: GUIDED_SWAP_TO_GBEST | Indices: (176, 251) | Local Improvement: 0.0
  Move 15: GUIDED_SWAP_TO_GBEST | Indices: (19, 251) | Local Improvement: 0.0
  Move 16: TRIPLE_SWAP | Indices: (133, 201, 113) | Local Improvement: 0.001875000000000071
=================================================================================
=================================================================================
2026-01-29T22:12:55.540 | Step 4 | Particle 51 | GLOBAL BEST ACHIEVED!
Global Improvement: 0.003105468750000062
All moves in this step:
  Move 1: GUIDED_SWAP_TO_GBEST | Indices: (36, 227) | Local Improvement: 0.0
  Move 2: GUIDED_SWAP_TO_GBEST | Indices: (19, 176) | Local Improvement: 0.0
  Move 3: GUIDED_SWAP_TO_GBEST | Indices: (161, 24) | Local Improvement: 0.0
  Move 4: GUIDED_SWAP_TO_GBEST | Indices: (202, 117) | Local Improvement: 0.0
  Move 5: GUIDED_SWAP_TO_GBEST | Indices: (126, 203) | Local Improvement: 0.0
  Move 6: GUIDED_SWAP_TO_PBEST | Indices: (117, 202) | Local Improvement: 0.0
  Move 7: GUIDED_SWAP_TO_PBEST | Indices: (36, 227) | Local Improvement: 0.0
  Move 8: GUIDED_SWAP_TO_PBEST | Indices: (126, 203) | Local Improvement: 0.0
  Move 9: GUIDED_SWAP_TO_PBEST | Indices: (24, 161) | Local Improvement: 0.0
  Move 10: GUIDED_SWAP_TO_GBEST | Indices: (53, 97) | Local Improvement: 0.0
  Move 11: GUIDED_SWAP_TO_GBEST | Indices: (87, 251) | Local Improvement: 0.0
  Move 12: GUIDED_SWAP_TO_GBEST | Indices: (66, 81) | Local Improvement: 0.0
  Move 13: GUIDED_SWAP_TO_GBEST | Indices: (202, 117) | Local Improvement: 0.0
  Move 14: GUIDED_SWAP_TO_GBEST | Indices: (176, 251) | Local Improvement: 0.0
  Move 15: GUIDED_SWAP_TO_GBEST | Indices: (36, 227) | Local Improvement: 0.0
  Move 16: GUIDED_SWAP_TO_GBEST | Indices: (161, 24) | Local Improvement: 0.0
  Move 17: GUIDED_SWAP_TO_GBEST | Indices: (18, 165) | Local Improvement: 0.0
  Move 18: GUIDED_SWAP_TO_GBEST | Indices: (203, 126) | Local Improvement: 0.0
  Move 19: GUIDED_SWAP_TO_GBEST | Indices: (15, 201) | Local Improvement: 0.0
  Move 20: TRIPLE_SWAP | Indices: (72, 83, 148) | Local Improvement: 0.0006835937500000444
=================================================================================
=================================================================================
2026-01-29T22:12:55.628 | Step 5 | Particle 57 | GLOBAL BEST ACHIEVED!
Global Improvement: 0.0037890625000001066
All moves in this step:
  Move 1: GUIDED_SWAP_TO_GBEST | Indices: (72, 148) | Local Improvement: 0.0
  Move 2: GUIDED_SWAP_TO_GBEST | Indices: (1, 165) | Local Improvement: 0.0
  Move 3: GUIDED_SWAP_TO_GBEST | Indices: (189, 64) | Local Improvement: 0.0
  Move 4: GUIDED_SWAP_TO_GBEST | Indices: (148, 83) | Local Improvement: 0.0
  Move 5: GUIDED_SWAP_TO_GBEST | Indices: (135, 64) | Local Improvement: 0.0
  Move 6: GUIDED_SWAP_TO_PBEST | Indices: (72, 83) | Local Improvement: 0.0
  Move 7: GUIDED_SWAP_TO_PBEST | Indices: (64, 189) | Local Improvement: 0.0
  Move 8: GUIDED_SWAP_TO_PBEST | Indices: (83, 148) | Local Improvement: 0.0
  Move 9: GUIDED_SWAP_TO_PBEST | Indices: (189, 135) | Local Improvement: 0.0
  Move 10: GUIDED_SWAP_TO_GBEST | Indices: (24, 165) | Local Improvement: 0.0
  Move 11: GUIDED_SWAP_TO_GBEST | Indices: (189, 64) | Local Improvement: 0.0
  Move 12: GUIDED_SWAP_TO_GBEST | Indices: (64, 135) | Local Improvement: 0.0
  Move 13: GUIDED_SWAP_TO_GBEST | Indices: (72, 148) | Local Improvement: 0.0
  Move 14: GUIDED_SWAP_TO_GBEST | Indices: (83, 148) | Local Improvement: 0.0
  Move 15: TRIPLE_SWAP | Indices: (220, 47, 104) | Local Improvement: 0.0037890625000001066
=================================================================================
=================================================================================
2026-01-29T22:12:55.637 | Step 5 | Particle 80 | GLOBAL BEST ACHIEVED!
Global Improvement: 0.003984375000000151
All moves in this step:
  Move 1: GUIDED_SWAP_TO_GBEST | Indices: (72, 148) | Local Improvement: 0.0
  Move 2: GUIDED_SWAP_TO_GBEST | Indices: (165, 24) | Local Improvement: 0.0
  Move 3: GUIDED_SWAP_TO_GBEST | Indices: (148, 83) | Local Improvement: 0.0
  Move 4: GUIDED_SWAP_TO_GBEST | Indices: (1, 24) | Local Improvement: 0.0
  Move 5: GUIDED_SWAP_TO_PBEST | Indices: (83, 148) | Local Improvement: 0.0
  Move 6: GUIDED_SWAP_TO_PBEST | Indices: (165, 1) | Local Improvement: 0.0
  Move 7: GUIDED_SWAP_TO_PBEST | Indices: (148, 72) | Local Improvement: 0.0
  Move 8: GUIDED_SWAP_TO_PBEST | Indices: (1, 24) | Local Improvement: 0.0
  Move 9: GUIDED_SWAP_TO_GBEST | Indices: (83, 72) | Local Improvement: 0.0
  Move 10: GUIDED_SWAP_TO_GBEST | Indices: (24, 1) | Local Improvement: 0.0
  Move 11: GUIDED_SWAP_TO_GBEST | Indices: (148, 72) | Local Improvement: 0.0
  Move 12: GUIDED_SWAP_TO_GBEST | Indices: (165, 1) | Local Improvement: 0.0
  Move 13: TRIPLE_SWAP | Indices: (228, 62, 210) | Local Improvement: 0.00113281250000008
  Move 14: RANDOM_SWAP | Indices: (52, 206) | Local Improvement: 0.0
=================================================================================
=================================================================================
2026-01-29T22:12:55.701 | Step 6 | Particle 6 | GLOBAL BEST ACHIEVED!
Global Improvement: 0.001230468749999769
All moves in this step:
  Move 1: GUIDED_SWAP_TO_GBEST | Indices: (62, 228) | Local Improvement: 0.0
  Move 2: GUIDED_SWAP_TO_GBEST | Indices: (38, 102) | Local Improvement: 0.0
  Move 3: GUIDED_SWAP_TO_GBEST | Indices: (72, 148) | Local Improvement: 0.0
  Move 4: GUIDED_SWAP_TO_GBEST | Indices: (240, 33) | Local Improvement: 0.0
  Move 5: GUIDED_SWAP_TO_GBEST | Indices: (83, 148) | Local Improvement: 0.0
  Move 6: GUIDED_SWAP_TO_GBEST | Indices: (52, 206) | Local Improvement: 0.0
  Move 7: GUIDED_SWAP_TO_GBEST | Indices: (228, 210) | Local Improvement: 0.0
  Move 8: GUIDED_SWAP_TO_GBEST | Indices: (113, 33) | Local Improvement: 0.0
  Move 9: GUIDED_SWAP_TO_PBEST | Indices: (72, 83) | Local Improvement: 0.0
  Move 10: GUIDED_SWAP_TO_PBEST | Indices: (102, 38) | Local Improvement: 0.0
  Move 11: GUIDED_SWAP_TO_PBEST | Indices: (240, 113) | Local Improvement: 0.0
  Move 12: GUIDED_SWAP_TO_PBEST | Indices: (113, 33) | Local Improvement: 0.0
  Move 13: GUIDED_SWAP_TO_GBEST | Indices: (83, 72) | Local Improvement: 0.0
  Move 14: GUIDED_SWAP_TO_GBEST | Indices: (38, 102) | Local Improvement: 0.0
  Move 15: GUIDED_SWAP_TO_GBEST | Indices: (33, 113) | Local Improvement: 0.0
  Move 16: GUIDED_SWAP_TO_GBEST | Indices: (24, 165) | Local Improvement: 0.0
  Move 17: TRIPLE_SWAP | Indices: (23, 113, 159) | Local Improvement: 0.0017773437499999378
=================================================================================
=================================================================================
2026-01-29T22:12:55.779 | Step 7 | Particle 2 | GLOBAL BEST ACHIEVED!
Global Improvement: 0.00035156250000012434
All moves in this step:
  Move 1: GUIDED_SWAP_TO_GBEST | Indices: (240, 113) | Local Improvement: 0.0
  Move 2: GUIDED_SWAP_TO_GBEST | Indices: (81, 66) | Local Improvement: 0.0
  Move 3: GUIDED_SWAP_TO_GBEST | Indices: (228, 62) | Local Improvement: 0.0
  Move 4: GUIDED_SWAP_TO_GBEST | Indices: (159, 113) | Local Improvement: 0.0
  Move 5: GUIDED_SWAP_TO_GBEST | Indices: (23, 113) | Local Improvement: 0.0
  Move 6: GUIDED_SWAP_TO_PBEST | Indices: (62, 228) | Local Improvement: 0.0
  Move 7: GUIDED_SWAP_TO_PBEST | Indices: (159, 23) | Local Improvement: 0.0
  Move 8: GUIDED_SWAP_TO_PBEST | Indices: (66, 81) | Local Improvement: 0.0
  Move 9: GUIDED_SWAP_TO_PBEST | Indices: (113, 240) | Local Improvement: 0.0
  Move 10: GUIDED_SWAP_TO_PBEST | Indices: (240, 23) | Local Improvement: 0.0
  Move 11: GUIDED_SWAP_TO_GBEST | Indices: (66, 81) | Local Improvement: 0.0
  Move 12: GUIDED_SWAP_TO_GBEST | Indices: (240, 113) | Local Improvement: 0.0
  Move 13: GUIDED_SWAP_TO_GBEST | Indices: (228, 62) | Local Improvement: 0.0
  Move 14: GUIDED_SWAP_TO_GBEST | Indices: (113, 23) | Local Improvement: 0.0
  Move 15: GUIDED_SWAP_TO_GBEST | Indices: (159, 23) | Local Improvement: 0.0
  Move 16: TRIPLE_SWAP | Indices: (148, 117, 55) | Local Improvement: 0.00035156250000012434
=================================================================================
=================================================================================
2026-01-29T22:12:55.793 | Step 7 | Particle 36 | GLOBAL BEST ACHIEVED!
Global Improvement: 0.0029687500000001865
All moves in this step:
  Move 1: GUIDED_SWAP_TO_GBEST | Indices: (240, 113) | Local Improvement: 0.0
  Move 2: GUIDED_SWAP_TO_GBEST | Indices: (113, 23) | Local Improvement: 0.0
  Move 3: GUIDED_SWAP_TO_GBEST | Indices: (159, 23) | Local Improvement: 0.0
  Move 4: GUIDED_SWAP_TO_PBEST | Indices: (113, 240) | Local Improvement: 0.0
  Move 5: GUIDED_SWAP_TO_PBEST | Indices: (240, 159) | Local Improvement: 0.0
  Move 6: GUIDED_SWAP_TO_PBEST | Indices: (23, 159) | Local Improvement: 0.0
  Move 7: GUIDED_SWAP_TO_GBEST | Indices: (113, 23) | Local Improvement: 0.0
  Move 8: GUIDED_SWAP_TO_GBEST | Indices: (23, 159) | Local Improvement: 0.0
  Move 9: GUIDED_SWAP_TO_GBEST | Indices: (240, 159) | Local Improvement: 0.0
  Move 10: TRIPLE_SWAP | Indices: (240, 60, 194) | Local Improvement: 0.0029687500000001865
=================================================================================
=================================================================================
2026-01-29T22:12:55.939 | Step 8 | Particle 3 | GLOBAL BEST ACHIEVED!
Global Improvement: 0.0005859374999999112
All moves in this step:
  Move 1: GUIDED_SWAP_TO_GBEST | Indices: (159, 240) | Local Improvement: 0.0
  Move 2: GUIDED_SWAP_TO_GBEST | Indices: (194, 60) | Local Improvement: 0.0
  Move 3: GUIDED_SWAP_TO_GBEST | Indices: (148, 72) | Local Improvement: 0.0
  Move 4: GUIDED_SWAP_TO_GBEST | Indices: (206, 6) | Local Improvement: 0.0
  Move 5: GUIDED_SWAP_TO_GBEST | Indices: (240, 60) | Local Improvement: 0.0
  Move 6: GUIDED_SWAP_TO_PBEST | Indices: (240, 159) | Local Improvement: 0.0
  Move 7: GUIDED_SWAP_TO_PBEST | Indices: (159, 60) | Local Improvement: 0.0
  Move 8: GUIDED_SWAP_TO_PBEST | Indices: (72, 148) | Local Improvement: 0.0
  Move 9: GUIDED_SWAP_TO_PBEST | Indices: (194, 60) | Local Improvement: 0.0
  Move 10: GUIDED_SWAP_TO_GBEST | Indices: (159, 240) | Local Improvement: 0.0
  Move 11: GUIDED_SWAP_TO_GBEST | Indices: (113, 240) | Local Improvement: 0.0
  Move 12: GUIDED_SWAP_TO_GBEST | Indices: (148, 72) | Local Improvement: 0.0
  Move 13: GUIDED_SWAP_TO_GBEST | Indices: (194, 60) | Local Improvement: 0.0
  Move 14: GUIDED_SWAP_TO_GBEST | Indices: (60, 240) | Local Improvement: 0.0
  Move 15: GUIDED_SWAP_TO_GBEST | Indices: (75, 52) | Local Improvement: 0.0
  Move 16: GUIDED_SWAP_TO_GBEST | Indices: (52, 6) | Local Improvement: 0.0
  Move 17: TRIPLE_SWAP | Indices: (221, 99, 116) | Local Improvement: 0.0005859374999999112
=================================================================================
=================================================================================
2026-01-29T22:12:55.952 | Step 8 | Particle 36 | GLOBAL BEST ACHIEVED!
Global Improvement: 0.0007421874999999911
All moves in this step:
  Move 1: TRIPLE_SWAP | Indices: (25, 147, 96) | Local Improvement: 0.0007421874999999911
=================================================================================
=================================================================================
2026-01-29T22:12:56.132 | Step 9 | Particle 2 | GLOBAL BEST ACHIEVED!
Global Improvement: 0.0006835937500000444
All moves in this step:
  Move 1: GUIDED_SWAP_TO_GBEST | Indices: (96, 147) | Local Improvement: 0.0
  Move 2: GUIDED_SWAP_TO_GBEST | Indices: (25, 147) | Local Improvement: 0.0
  Move 3: GUIDED_SWAP_TO_PBEST | Indices: (25, 147) | Local Improvement: 0.0
  Move 4: GUIDED_SWAP_TO_PBEST | Indices: (96, 147) | Local Improvement: 0.0
  Move 5: GUIDED_SWAP_TO_GBEST | Indices: (96, 147) | Local Improvement: 0.0
  Move 6: GUIDED_SWAP_TO_GBEST | Indices: (25, 147) | Local Improvement: 0.0
  Move 7: GUIDED_SWAP_TO_PBEST | Indices: (96, 25) | Local Improvement: 0.0
  Move 8: GUIDED_SWAP_TO_PBEST | Indices: (147, 25) | Local Improvement: 0.0
  Move 9: GUIDED_SWAP_TO_GBEST | Indices: (25, 96) | Local Improvement: 0.0
  Move 10: GUIDED_SWAP_TO_GBEST | Indices: (96, 147) | Local Improvement: 0.0
  Move 11: TRIPLE_SWAP | Indices: (242, 93, 163) | Local Improvement: 0.0006835937500000444
=================================================================================
=================================================================================
2026-01-29T22:12:56.160 | Step 9 | Particle 74 | GLOBAL BEST ACHIEVED!
Global Improvement: 0.0008789062499998668
All moves in this step:
  Move 1: GUIDED_SWAP_TO_PBEST | Indices: (112, 247) | Local Improvement: 0.0
  Move 2: GUIDED_SWAP_TO_PBEST | Indices: (60, 240) | Local Improvement: 0.0
  Move 3: GUIDED_SWAP_TO_PBEST | Indices: (123, 165) | Local Improvement: 0.0
  Move 4: GUIDED_SWAP_TO_PBEST | Indices: (113, 240) | Local Improvement: 0.0
  Move 5: GUIDED_SWAP_TO_PBEST | Indices: (247, 148) | Local Improvement: 0.0
  Move 6: GUIDED_SWAP_TO_GBEST | Indices: (96, 147) | Local Improvement: 0.0
  Move 7: GUIDED_SWAP_TO_GBEST | Indices: (148, 247) | Local Improvement: 0.0
  Move 8: GUIDED_SWAP_TO_GBEST | Indices: (112, 247) | Local Improvement: 0.0
  Move 9: GUIDED_SWAP_TO_GBEST | Indices: (113, 240) | Local Improvement: 0.0
  Move 10: GUIDED_SWAP_TO_GBEST | Indices: (203, 154) | Local Improvement: 0.0
  Move 11: GUIDED_SWAP_TO_GBEST | Indices: (165, 154) | Local Improvement: 0.0
  Move 12: GUIDED_SWAP_TO_GBEST | Indices: (25, 147) | Local Improvement: 0.0
  Move 13: GUIDED_SWAP_TO_GBEST | Indices: (240, 194) | Local Improvement: 0.0
  Move 14: GUIDED_SWAP_TO_GBEST | Indices: (194, 60) | Local Improvement: 0.0
  Move 15: GUIDED_SWAP_TO_PBEST | Indices: (154, 203) | Local Improvement: 0.0
  Move 16: GUIDED_SWAP_TO_PBEST | Indices: (147, 96) | Local Improvement: 0.0
  Move 17: GUIDED_SWAP_TO_PBEST | Indices: (96, 25) | Local Improvement: 0.0
  Move 18: GUIDED_SWAP_TO_PBEST | Indices: (194, 240) | Local Improvement: 0.0
  Move 19: GUIDED_SWAP_TO_PBEST | Indices: (240, 113) | Local Improvement: 0.0
  Move 20: GUIDED_SWAP_TO_GBEST | Indices: (194, 113) | Local Improvement: 0.0
  Move 21: GUIDED_SWAP_TO_GBEST | Indices: (113, 240) | Local Improvement: 0.0
  Move 22: GUIDED_SWAP_TO_GBEST | Indices: (96, 147) | Local Improvement: 0.0
  Move 23: GUIDED_SWAP_TO_GBEST | Indices: (147, 25) | Local Improvement: 0.0
  Move 24: TRIPLE_SWAP | Indices: (132, 8, 110) | Local Improvement: 0.0015234374999999467
=================================================================================
=================================================================================
2026-01-29T22:12:56.339 | Step 11 | Particle 82 | GLOBAL BEST ACHIEVED!
Global Improvement: 9.765625000013323e-5
All moves in this step:
  Move 1: GUIDED_SWAP_TO_PBEST | Indices: (123, 203) | Local Improvement: 0.0
  Move 2: GUIDED_SWAP_TO_PBEST | Indices: (132, 8) | Local Improvement: 0.0
  Move 3: GUIDED_SWAP_TO_PBEST | Indices: (8, 110) | Local Improvement: 0.0
  Move 4: GUIDED_SWAP_TO_PBEST | Indices: (124, 78) | Local Improvement: 0.0
  Move 5: GUIDED_SWAP_TO_GBEST | Indices: (132, 110) | Local Improvement: 0.0
  Move 6: GUIDED_SWAP_TO_GBEST | Indices: (123, 203) | Local Improvement: 0.0
  Move 7: GUIDED_SWAP_TO_GBEST | Indices: (8, 110) | Local Improvement: 0.0
  Move 8: GUIDED_SWAP_TO_PBEST | Indices: (203, 154) | Local Improvement: 0.0
  Move 9: GUIDED_SWAP_TO_PBEST | Indices: (154, 123) | Local Improvement: 0.0
  Move 10: GUIDED_SWAP_TO_PBEST | Indices: (8, 110) | Local Improvement: 0.0
  Move 11: GUIDED_SWAP_TO_PBEST | Indices: (110, 132) | Local Improvement: 0.0
  Move 12: GUIDED_SWAP_TO_GBEST | Indices: (154, 203) | Local Improvement: 0.0
  Move 13: GUIDED_SWAP_TO_GBEST | Indices: (132, 110) | Local Improvement: 0.0
  Move 14: GUIDED_SWAP_TO_GBEST | Indices: (110, 8) | Local Improvement: 0.0
  Move 15: GUIDED_SWAP_TO_GBEST | Indices: (123, 203) | Local Improvement: 0.0
  Move 16: GUIDED_SWAP_TO_PBEST | Indices: (8, 110) | Local Improvement: 0.0
  Move 17: GUIDED_SWAP_TO_PBEST | Indices: (132, 110) | Local Improvement: 0.0
  Move 18: GUIDED_SWAP_TO_PBEST | Indices: (123, 203) | Local Improvement: 0.0
  Move 19: GUIDED_SWAP_TO_PBEST | Indices: (203, 154) | Local Improvement: 0.0
  Move 20: GUIDED_SWAP_TO_GBEST | Indices: (203, 123) | Local Improvement: 0.0
  Move 21: GUIDED_SWAP_TO_GBEST | Indices: (123, 154) | Local Improvement: 0.0
  Move 22: GUIDED_SWAP_TO_GBEST | Indices: (132, 110) | Local Improvement: 0.0
  Move 23: GUIDED_SWAP_TO_GBEST | Indices: (110, 8) | Local Improvement: 0.0
  Move 24: TRIPLE_SWAP | Indices: (68, 182, 78) | Local Improvement: 9.765625000013323e-5
=================================================================================
=================================================================================
2026-01-29T22:12:56.634 | Step 12 | Particle 22 | GLOBAL BEST ACHIEVED!
Global Improvement: 9.765624999991118e-5
All moves in this step:
  Move 1: GUIDED_SWAP_TO_GBEST | Indices: (68, 78) | Local Improvement: 0.0
  Move 2: GUIDED_SWAP_TO_GBEST | Indices: (182, 78) | Local Improvement: 0.0
  Move 3: GUIDED_SWAP_TO_PBEST | Indices: (78, 68) | Local Improvement: 0.0
  Move 4: GUIDED_SWAP_TO_PBEST | Indices: (182, 68) | Local Improvement: 0.0
  Move 5: TRIPLE_SWAP | Indices: (84, 104, 148) | Local Improvement: 0.0001953125000000444
=================================================================================
=================================================================================
2026-01-29T22:12:56.640 | Step 12 | Particle 37 | GLOBAL BEST ACHIEVED!
Global Improvement: 0.0006445312499998579
All moves in this step:
  Move 1: GUIDED_SWAP_TO_GBEST | Indices: (68, 78) | Local Improvement: 0.0
  Move 2: GUIDED_SWAP_TO_GBEST | Indices: (182, 78) | Local Improvement: 0.0
  Move 3: GUIDED_SWAP_TO_GBEST | Indices: (152, 192) | Local Improvement: 0.0
  Move 4: GUIDED_SWAP_TO_PBEST | Indices: (192, 152) | Local Improvement: 0.0
  Move 5: GUIDED_SWAP_TO_PBEST | Indices: (68, 182) | Local Improvement: 0.0
  Move 6: GUIDED_SWAP_TO_PBEST | Indices: (78, 182) | Local Improvement: 0.0
  Move 7: GUIDED_SWAP_TO_GBEST | Indices: (68, 78) | Local Improvement: 0.0
  Move 8: GUIDED_SWAP_TO_GBEST | Indices: (152, 192) | Local Improvement: 0.0
  Move 9: GUIDED_SWAP_TO_GBEST | Indices: (78, 182) | Local Improvement: 0.0
  Move 10: GUIDED_SWAP_TO_PBEST | Indices: (182, 78) | Local Improvement: 0.0
  Move 11: GUIDED_SWAP_TO_PBEST | Indices: (192, 152) | Local Improvement: 0.0
  Move 12: GUIDED_SWAP_TO_PBEST | Indices: (68, 78) | Local Improvement: 0.0
  Move 13: GUIDED_SWAP_TO_GBEST | Indices: (78, 182) | Local Improvement: 0.0
  Move 14: GUIDED_SWAP_TO_GBEST | Indices: (192, 152) | Local Improvement: 0.0
  Move 15: GUIDED_SWAP_TO_GBEST | Indices: (68, 182) | Local Improvement: 0.0
  Move 16: TRIPLE_SWAP | Indices: (112, 205, 203) | Local Improvement: 0.0006445312499998579
=================================================================================
=================================================================================
2026-01-29T22:12:56.655 | Step 12 | Particle 73 | GLOBAL BEST ACHIEVED!
Global Improvement: 0.0012304687499999911
All moves in this step:
  Move 1: GUIDED_SWAP_TO_GBEST | Indices: (68, 78) | Local Improvement: 0.0
  Move 2: GUIDED_SWAP_TO_GBEST | Indices: (182, 78) | Local Improvement: 0.0
  Move 3: GUIDED_SWAP_TO_PBEST | Indices: (78, 68) | Local Improvement: 0.0
  Move 4: GUIDED_SWAP_TO_PBEST | Indices: (68, 182) | Local Improvement: 0.0
  Move 5: GUIDED_SWAP_TO_GBEST | Indices: (78, 182) | Local Improvement: 0.0
  Move 6: GUIDED_SWAP_TO_GBEST | Indices: (68, 182) | Local Improvement: 0.0
  Move 7: TRIPLE_SWAP | Indices: (21, 77, 218) | Local Improvement: 0.0012304687499999911
=================================================================================
=================================================================================
2026-01-29T22:12:56.737 | Step 13 | Particle 66 | GLOBAL BEST ACHIEVED!
Global Improvement: 0.0007421874999999911
All moves in this step:
  Move 1: GUIDED_SWAP_TO_GBEST | Indices: (62, 93) | Local Improvement: 0.0
  Move 2: GUIDED_SWAP_TO_GBEST | Indices: (132, 8) | Local Improvement: 0.0
  Move 3: GUIDED_SWAP_TO_GBEST | Indices: (227, 93) | Local Improvement: 0.0
  Move 4: GUIDED_SWAP_TO_GBEST | Indices: (218, 77) | Local Improvement: 0.0
  Move 5: GUIDED_SWAP_TO_GBEST | Indices: (21, 77) | Local Improvement: 0.0
  Move 6: GUIDED_SWAP_TO_PBEST | Indices: (62, 227) | Local Improvement: 0.0
  Move 7: GUIDED_SWAP_TO_PBEST | Indices: (93, 227) | Local Improvement: 0.0
  Move 8: GUIDED_SWAP_TO_PBEST | Indices: (218, 21) | Local Improvement: 0.0
  Move 9: GUIDED_SWAP_TO_PBEST | Indices: (132, 8) | Local Improvement: 0.0
  Move 10: GUIDED_SWAP_TO_GBEST | Indices: (132, 8) | Local Improvement: 0.0
  Move 11: GUIDED_SWAP_TO_GBEST | Indices: (218, 21) | Local Improvement: 0.0
  Move 12: GUIDED_SWAP_TO_GBEST | Indices: (93, 227) | Local Improvement: 0.0
  Move 13: GUIDED_SWAP_TO_GBEST | Indices: (123, 203) | Local Improvement: 0.0
  Move 14: GUIDED_SWAP_TO_PBEST | Indices: (8, 132) | Local Improvement: 0.0
  Move 15: GUIDED_SWAP_TO_PBEST | Indices: (218, 21) | Local Improvement: 0.0
  Move 16: GUIDED_SWAP_TO_PBEST | Indices: (21, 77) | Local Improvement: 0.0
  Move 17: GUIDED_SWAP_TO_PBEST | Indices: (93, 227) | Local Improvement: 0.0
  Move 18: GUIDED_SWAP_TO_PBEST | Indices: (203, 123) | Local Improvement: 0.0
  Move 19: GUIDED_SWAP_TO_GBEST | Indices: (8, 132) | Local Improvement: 0.0
  Move 20: GUIDED_SWAP_TO_GBEST | Indices: (21, 218) | Local Improvement: 0.0
  Move 21: GUIDED_SWAP_TO_GBEST | Indices: (227, 62) | Local Improvement: 0.0
  Move 22: GUIDED_SWAP_TO_GBEST | Indices: (77, 218) | Local Improvement: 0.0
  Move 23: GUIDED_SWAP_TO_GBEST | Indices: (123, 203) | Local Improvement: 0.0
=================================================================================
=================================================================================
2026-01-29T22:12:56.808 | Step 14 | Particle 7 | GLOBAL BEST ACHIEVED!
Global Improvement: 0.00019531249999982236
All moves in this step:
  Move 1: GUIDED_SWAP_TO_GBEST | Indices: (93, 62) | Local Improvement: 0.0
  Move 2: GUIDED_SWAP_TO_PBEST | Indices: (93, 62) | Local Improvement: 0.0
  Move 3: GUIDED_SWAP_TO_GBEST | Indices: (93, 62) | Local Improvement: 0.0
  Move 4: GUIDED_SWAP_TO_PBEST | Indices: (93, 62) | Local Improvement: 0.0
  Move 5: GUIDED_SWAP_TO_GBEST | Indices: (62, 93) | Local Improvement: 0.0
  Move 6: TRIPLE_SWAP | Indices: (111, 174, 230) | Local Improvement: 0.00019531249999982236
=================================================================================
=================================================================================
2026-01-29T22:12:56.883 | Step 15 | Particle 7 | GLOBAL BEST ACHIEVED!
Global Improvement: 0.0015820312500001155
All moves in this step:
  Move 1: TRIPLE_SWAP | Indices: (148, 197, 203) | Local Improvement: 0.0015820312500001155
=================================================================================
=================================================================================
2026-01-29T22:12:56.959 | Step 16 | Particle 34 | GLOBAL BEST ACHIEVED!
Global Improvement: 0.0001953125000000444
All moves in this step:
  Move 1: GUIDED_SWAP_TO_GBEST | Indices: (148, 203) | Local Improvement: 0.0
  Move 2: GUIDED_SWAP_TO_GBEST | Indices: (197, 203) | Local Improvement: 0.0
  Move 3: GUIDED_SWAP_TO_PBEST | Indices: (197, 203) | Local Improvement: 0.0
  Move 4: GUIDED_SWAP_TO_PBEST | Indices: (203, 148) | Local Improvement: 0.0
  Move 5: GUIDED_SWAP_TO_GBEST | Indices: (148, 203) | Local Improvement: 0.0
  Move 6: GUIDED_SWAP_TO_GBEST | Indices: (203, 197) | Local Improvement: 0.0
  Move 7: GUIDED_SWAP_TO_PBEST | Indices: (148, 197) | Local Improvement: 0.0
  Move 8: GUIDED_SWAP_TO_PBEST | Indices: (203, 197) | Local Improvement: 0.0
  Move 9: GUIDED_SWAP_TO_GBEST | Indices: (148, 203) | Local Improvement: 0.0
  Move 10: GUIDED_SWAP_TO_GBEST | Indices: (197, 203) | Local Improvement: 0.0
  Move 11: TRIPLE_SWAP | Indices: (133, 132, 236) | Local Improvement: 0.0001953125000000444
=================================================================================
=================================================================================
2026-01-29T22:12:57.030 | Step 17 | Particle 37 | GLOBAL BEST ACHIEVED!
Global Improvement: 9.765624999991118e-5
All moves in this step:
  Move 1: GUIDED_SWAP_TO_GBEST | Indices: (132, 133) | Local Improvement: 0.0
  Move 2: GUIDED_SWAP_TO_GBEST | Indices: (62, 93) | Local Improvement: 0.0
  Move 3: GUIDED_SWAP_TO_GBEST | Indices: (174, 111) | Local Improvement: 0.0
  Move 4: GUIDED_SWAP_TO_GBEST | Indices: (111, 230) | Local Improvement: 0.0
  Move 5: GUIDED_SWAP_TO_GBEST | Indices: (148, 203) | Local Improvement: 0.0
  Move 6: GUIDED_SWAP_TO_PBEST | Indices: (148, 203) | Local Improvement: 0.0
  Move 7: GUIDED_SWAP_TO_PBEST | Indices: (230, 111) | Local Improvement: 0.0
  Move 8: GUIDED_SWAP_TO_PBEST | Indices: (174, 111) | Local Improvement: 0.0
  Move 9: GUIDED_SWAP_TO_PBEST | Indices: (133, 132) | Local Improvement: 0.0
  Move 10: GUIDED_SWAP_TO_GBEST | Indices: (132, 133) | Local Improvement: 0.0
  Move 11: GUIDED_SWAP_TO_GBEST | Indices: (197, 148) | Local Improvement: 0.0
  Move 12: GUIDED_SWAP_TO_GBEST | Indices: (236, 133) | Local Improvement: 0.0
  Move 13: GUIDED_SWAP_TO_GBEST | Indices: (203, 148) | Local Improvement: 0.0
  Move 14: GUIDED_SWAP_TO_GBEST | Indices: (230, 174) | Local Improvement: 0.0
  Move 15: GUIDED_SWAP_TO_PBEST | Indices: (203, 148) | Local Improvement: 0.0
  Move 16: GUIDED_SWAP_TO_PBEST | Indices: (148, 197) | Local Improvement: 0.0
  Move 17: GUIDED_SWAP_TO_PBEST | Indices: (133, 132) | Local Improvement: 0.0
  Move 18: GUIDED_SWAP_TO_PBEST | Indices: (236, 132) | Local Improvement: 0.0
  Move 19: GUIDED_SWAP_TO_PBEST | Indices: (93, 62) | Local Improvement: 0.0
  Move 20: GUIDED_SWAP_TO_GBEST | Indices: (148, 203) | Local Improvement: 0.0
  Move 21: GUIDED_SWAP_TO_GBEST | Indices: (133, 236) | Local Improvement: 0.0
  Move 22: GUIDED_SWAP_TO_GBEST | Indices: (111, 174) | Local Improvement: 0.0
  Move 23: GUIDED_SWAP_TO_GBEST | Indices: (93, 62) | Local Improvement: 0.0
=================================================================================
=================================================================================
2026-01-29T22:12:57.039 | Step 17 | Particle 59 | GLOBAL BEST ACHIEVED!
Global Improvement: 0.0009375000000000355
All moves in this step:
  Move 1: GUIDED_SWAP_TO_GBEST | Indices: (197, 148) | Local Improvement: 0.0
  Move 2: GUIDED_SWAP_TO_GBEST | Indices: (174, 111) | Local Improvement: 0.0
  Move 3: GUIDED_SWAP_TO_GBEST | Indices: (133, 236) | Local Improvement: 0.0
  Move 4: GUIDED_SWAP_TO_GBEST | Indices: (148, 203) | Local Improvement: 0.0
  Move 5: GUIDED_SWAP_TO_GBEST | Indices: (236, 132) | Local Improvement: 0.0
  Move 6: GUIDED_SWAP_TO_PBEST | Indices: (236, 133) | Local Improvement: 0.0
  Move 7: GUIDED_SWAP_TO_PBEST | Indices: (133, 132) | Local Improvement: 0.0
  Move 8: GUIDED_SWAP_TO_PBEST | Indices: (203, 148) | Local Improvement: 0.0
  Move 9: GUIDED_SWAP_TO_PBEST | Indices: (197, 148) | Local Improvement: 0.0
  Move 10: GUIDED_SWAP_TO_GBEST | Indices: (230, 111) | Local Improvement: 0.0
  Move 11: GUIDED_SWAP_TO_GBEST | Indices: (132, 133) | Local Improvement: 0.0
  Move 12: GUIDED_SWAP_TO_GBEST | Indices: (203, 197) | Local Improvement: 0.0
  Move 13: GUIDED_SWAP_TO_GBEST | Indices: (236, 133) | Local Improvement: 0.0
  Move 14: GUIDED_SWAP_TO_GBEST | Indices: (148, 197) | Local Improvement: 0.0
  Move 15: TRIPLE_SWAP | Indices: (153, 114, 177) | Local Improvement: 0.0009375000000000355
=================================================================================
=================================================================================
2026-01-29T22:12:57.087 | Step 18 | Particle 8 | GLOBAL BEST ACHIEVED!
Global Improvement: 9.765624999991118e-5
All moves in this step:
  Move 1: GUIDED_SWAP_TO_GBEST | Indices: (111, 174) | Local Improvement: 0.0
  Move 2: GUIDED_SWAP_TO_GBEST | Indices: (153, 177) | Local Improvement: 0.0
  Move 3: GUIDED_SWAP_TO_GBEST | Indices: (203, 197) | Local Improvement: 0.0
  Move 4: GUIDED_SWAP_TO_GBEST | Indices: (114, 177) | Local Improvement: 0.0
  Move 5: GUIDED_SWAP_TO_PBEST | Indices: (203, 197) | Local Improvement: 0.0
  Move 6: GUIDED_SWAP_TO_PBEST | Indices: (114, 177) | Local Improvement: 0.0
  Move 7: GUIDED_SWAP_TO_PBEST | Indices: (153, 177) | Local Improvement: 0.0
  Move 8: GUIDED_SWAP_TO_GBEST | Indices: (197, 203) | Local Improvement: 0.0
  Move 9: GUIDED_SWAP_TO_GBEST | Indices: (153, 177) | Local Improvement: 0.0
  Move 10: GUIDED_SWAP_TO_GBEST | Indices: (114, 177) | Local Improvement: 0.0
  Move 11: GUIDED_SWAP_TO_PBEST | Indices: (114, 177) | Local Improvement: 0.0
  Move 12: GUIDED_SWAP_TO_PBEST | Indices: (177, 153) | Local Improvement: 0.0
  Move 13: GUIDED_SWAP_TO_PBEST | Indices: (111, 174) | Local Improvement: 0.0
  Move 14: GUIDED_SWAP_TO_PBEST | Indices: (197, 203) | Local Improvement: 0.0
  Move 15: GUIDED_SWAP_TO_GBEST | Indices: (174, 111) | Local Improvement: 0.0
  Move 16: GUIDED_SWAP_TO_GBEST | Indices: (153, 177) | Local Improvement: 0.0
  Move 17: GUIDED_SWAP_TO_GBEST | Indices: (177, 114) | Local Improvement: 0.0
=================================================================================
=================================================================================
2026-01-29T22:13:05.264 | Step 99 | Particle 67 | GLOBAL BEST ACHIEVED!
Global Improvement: 0.0005468749999999467
All moves in this step:
  Move 1: GUIDED_SWAP_TO_PBEST | Indices: (48, 212) | Local Improvement: 0.0
  Move 2: GUIDED_SWAP_TO_PBEST | Indices: (201, 137) | Local Improvement: 0.0
  Move 3: GUIDED_SWAP_TO_PBEST | Indices: (207, 237) | Local Improvement: 0.0
  Move 4: GUIDED_SWAP_TO_PBEST | Indices: (158, 161) | Local Improvement: 0.0
  Move 5: TRIPLE_SWAP | Indices: (117, 113, 127) | Local Improvement: 0.0005468749999999467
=================================================================================
=================================================================================
2026-01-29T22:13:05.349 | Step 100 | Particle 2 | GLOBAL BEST ACHIEVED!
Global Improvement: 0.0001953125000000444
All moves in this step:
  Move 1: GUIDED_SWAP_TO_GBEST | Indices: (113, 117) | Local Improvement: 0.0
  Move 2: GUIDED_SWAP_TO_GBEST | Indices: (117, 127) | Local Improvement: 0.0
  Move 3: GUIDED_SWAP_TO_PBEST | Indices: (113, 127) | Local Improvement: 0.0
  Move 4: GUIDED_SWAP_TO_PBEST | Indices: (127, 117) | Local Improvement: 0.0
  Move 5: GUIDED_SWAP_TO_GBEST | Indices: (117, 127) | Local Improvement: 0.0
  Move 6: GUIDED_SWAP_TO_GBEST | Indices: (113, 127) | Local Improvement: 0.0
  Move 7: TRIPLE_SWAP | Indices: (224, 208, 58) | Local Improvement: 0.0001953125000000444
=================================================================================
=================================================================================
2026-01-29T22:13:05.682 | Step 103 | Particle 58 | GLOBAL BEST ACHIEVED!
Global Improvement: 0.0001953125000000444
All moves in this step:
  Move 1: TRIPLE_SWAP | Indices: (90, 152, 113) | Local Improvement: 0.0001953125000000444
=================================================================================
=================================================================================
2026-01-29T22:13:13.696 | Step 178 | Particle 2 | GLOBAL BEST ACHIEVED!
Global Improvement: 0.0003515624999999023
All moves in this step:
  Move 1: TRIPLE_SWAP | Indices: (190, 240, 232) | Local Improvement: 0.0003515624999999023
=================================================================================
=================================================================================
2026-01-29T22:13:14.213 | Step 183 | Particle 7 | GLOBAL BEST ACHIEVED!
Global Improvement: 9.765625000013323e-5
All moves in this step:
  Move 1: GUIDED_SWAP_TO_GBEST | Indices: (209, 256) | Local Improvement: 0.0
  Move 2: GUIDED_SWAP_TO_GBEST | Indices: (242, 251) | Local Improvement: 0.0
  Move 3: TRIPLE_SWAP | Indices: (77, 52, 154) | Local Improvement: 9.765625000013323e-5
=================================================================================
=================================================================================
2026-01-29T22:13:14.311 | Step 184 | Particle 4 | GLOBAL BEST ACHIEVED!
Global Improvement: 0.0003906249999998668
All moves in this step:
  Move 1: GUIDED_SWAP_TO_GBEST | Indices: (77, 154) | Local Improvement: 0.0
  Move 2: GUIDED_SWAP_TO_GBEST | Indices: (52, 154) | Local Improvement: 0.0
  Move 3: GUIDED_SWAP_TO_PBEST | Indices: (52, 154) | Local Improvement: 0.0
  Move 4: GUIDED_SWAP_TO_PBEST | Indices: (154, 77) | Local Improvement: 0.0
  Move 5: GUIDED_SWAP_TO_GBEST | Indices: (154, 52) | Local Improvement: 0.0
  Move 6: GUIDED_SWAP_TO_GBEST | Indices: (77, 52) | Local Improvement: 0.0
  Move 7: TRIPLE_SWAP | Indices: (205, 30, 92) | Local Improvement: 0.0003906249999998668
=================================================================================
=================================================================================
2026-01-29T22:13:14.898 | Step 190 | Particle 45 | GLOBAL BEST ACHIEVED!
Global Improvement: 9.765625000013323e-5
All moves in this step:
  Move 1: TRIPLE_SWAP | Indices: (163, 254, 92) | Local Improvement: 9.765625000013323e-5
=================================================================================
=================================================================================
2026-01-29T22:14:55.596 | Step 1088 | Particle 8 | GLOBAL BEST ACHIEVED!
Global Improvement: 0.0003515624999999023
All moves in this step:
  Move 1: TRIPLE_SWAP | Indices: (163, 115, 76) | Local Improvement: 0.0003515624999999023
=================================================================================
=================================================================================
2026-01-29T22:14:56.078 | Step 1092 | Particle 75 | GLOBAL BEST ACHIEVED!
Global Improvement: 0.0001953125000000444
All moves in this step:
  Move 1: TRIPLE_SWAP | Indices: (122, 33, 35) | Local Improvement: 0.0001953125000000444
=================================================================================
=================================================================================
2026-01-29T22:14:56.166 | Step 1093 | Particle 3 | GLOBAL BEST ACHIEVED!
Global Improvement: 9.765624999991118e-5
All moves in this step:
  Move 1: GUIDED_SWAP_TO_GBEST | Indices: (33, 122) | Local Improvement: 0.0
  Move 2: GUIDED_SWAP_TO_GBEST | Indices: (35, 122) | Local Improvement: 0.0
  Move 3: GUIDED_SWAP_TO_PBEST | Indices: (33, 35) | Local Improvement: 0.0
  Move 4: GUIDED_SWAP_TO_PBEST | Indices: (35, 122) | Local Improvement: 0.0
  Move 5: GUIDED_SWAP_TO_GBEST | Indices: (122, 35) | Local Improvement: 0.0
  Move 6: GUIDED_SWAP_TO_GBEST | Indices: (33, 35) | Local Improvement: 0.0
  Move 7: GUIDED_SWAP_TO_PBEST | Indices: (33, 35) | Local Improvement: 0.0
  Move 8: GUIDED_SWAP_TO_PBEST | Indices: (35, 122) | Local Improvement: 0.0
  Move 9: GUIDED_SWAP_TO_GBEST | Indices: (33, 122) | Local Improvement: 0.0
  Move 10: GUIDED_SWAP_TO_GBEST | Indices: (122, 35) | Local Improvement: 0.0
  Move 11: TRIPLE_SWAP | Indices: (105, 170, 14) | Local Improvement: 9.765624999991118e-5
=================================================================================
=================================================================================
2026-01-29T22:14:57.412 | Step 1104 | Particle 59 | GLOBAL BEST ACHIEVED!
Global Improvement: 9.765625000013323e-5
All moves in this step:
  Move 1: TRIPLE_SWAP | Indices: (2, 56, 186) | Local Improvement: 9.765625000013323e-5
=================================================================================
=================================================================================
2026-01-29T22:14:57.876 | Step 1108 | Particle 37 | GLOBAL BEST ACHIEVED!
Global Improvement: 9.765624999991118e-5
All moves in this step:
  Move 1: TRIPLE_SWAP | Indices: (197, 92, 76) | Local Improvement: 9.765624999991118e-5
=================================================================================
=================================================================================
2026-01-29T22:14:58.661 | Step 1115 | Particle 96 | GLOBAL BEST ACHIEVED!
Global Improvement: 9.765625000013323e-5
All moves in this step:
  Move 1: RANDOM_SWAP | Indices: (94, 195) | Local Improvement: 0.0
=================================================================================
=================================================================================
2026-01-29T22:15:29.923 | Step 1383 | Particle 4 | GLOBAL BEST ACHIEVED!
Global Improvement: 0.0002539062499999911
All moves in this step:
  Move 1: TRIPLE_SWAP | Indices: (45, 132, 124) | Local Improvement: 0.0002539062499999911
=================================================================================
=================================================================================
2026-01-29T22:15:30.297 | Step 1386 | Particle 97 | GLOBAL BEST ACHIEVED!
Global Improvement: 9.765624999991118e-5
All moves in this step:
  Move 1: GUIDED_SWAP_TO_GBEST | Indices: (124, 132) | Local Improvement: 0.0
  Move 2: GUIDED_SWAP_TO_GBEST | Indices: (45, 132) | Local Improvement: 0.0
  Move 3: RANDOM_SWAP | Indices: (241, 246) | Local Improvement: 0.0
=================================================================================
=================================================================================
2026-01-29T22:15:30.481 | Step 1388 | Particle 18 | GLOBAL BEST ACHIEVED!
Global Improvement: 0.00048828125
All moves in this step:
  Move 1: TRIPLE_SWAP | Indices: (75, 249, 97) | Local Improvement: 0.00048828125
=================================================================================
=================================================================================
2026-01-29T22:15:30.721 | Step 1390 | Particle 73 | GLOBAL BEST ACHIEVED!
Global Improvement: 0.0006445312500000799
All moves in this step:
  Move 1: TRIPLE_SWAP | Indices: (165, 74, 108) | Local Improvement: 0.0006445312500000799
=================================================================================
=================================================================================
2026-01-29T22:15:31.222 | Step 1395 | Particle 74 | GLOBAL BEST ACHIEVED!
Global Improvement: 0.0001953125000000444
All moves in this step:
  Move 1: GUIDED_SWAP_TO_PBEST | Indices: (254, 62) | Local Improvement: 0.0
  Move 2: GUIDED_SWAP_TO_PBEST | Indices: (229, 66) | Local Improvement: 0.0
  Move 3: TRIPLE_SWAP | Indices: (64, 173, 188) | Local Improvement: 0.0001953125000000444
=================================================================================
=================================================================================
2026-01-29T22:15:31.408 | Step 1397 | Particle 53 | GLOBAL BEST ACHIEVED!
Global Improvement: 9.765624999991118e-5
All moves in this step:
  Move 1: TRIPLE_SWAP | Indices: (129, 107, 85) | Local Improvement: 9.765624999991118e-5
=================================================================================
=================================================================================
2026-01-29T22:15:32.007 | Step 1404 | Particle 31 | GLOBAL BEST ACHIEVED!
Global Improvement: 9.765624999991118e-5
All moves in this step:
  Move 1: TRIPLE_SWAP | Indices: (191, 31, 68) | Local Improvement: 9.765624999991118e-5
=================================================================================
=================================================================================
2026-01-29T22:16:34.355 | Step 1931 | Particle 13 | GLOBAL BEST ACHIEVED!
Global Improvement: 0.0007421874999999911
All moves in this step:
  Move 1: TRIPLE_SWAP | Indices: (231, 21, 118) | Local Improvement: 0.0007421874999999911
=================================================================================
=================================================================================
2026-01-29T22:16:34.496 | Step 1932 | Particle 75 | GLOBAL BEST ACHIEVED!
Global Improvement: 0.0001953125000000444
All moves in this step:
  Move 1: GUIDED_SWAP_TO_GBEST | Indices: (21, 231) | Local Improvement: 0.0
  Move 2: GUIDED_SWAP_TO_GBEST | Indices: (231, 118) | Local Improvement: 0.0
  Move 3: GUIDED_SWAP_TO_PBEST | Indices: (21, 118) | Local Improvement: 0.0
  Move 4: GUIDED_SWAP_TO_PBEST | Indices: (118, 231) | Local Improvement: 0.0
  Move 5: GUIDED_SWAP_TO_GBEST | Indices: (231, 118) | Local Improvement: 0.0
  Move 6: GUIDED_SWAP_TO_GBEST | Indices: (118, 21) | Local Improvement: 0.0
  Move 7: GUIDED_SWAP_TO_PBEST | Indices: (118, 231) | Local Improvement: 0.0
  Move 8: GUIDED_SWAP_TO_PBEST | Indices: (231, 21) | Local Improvement: 0.0
  Move 9: GUIDED_SWAP_TO_GBEST | Indices: (118, 21) | Local Improvement: 0.0
  Move 10: GUIDED_SWAP_TO_GBEST | Indices: (231, 21) | Local Improvement: 0.0
  Move 11: TRIPLE_SWAP | Indices: (67, 126, 242) | Local Improvement: 0.0001953125000000444
=================================================================================
=================================================================================
2026-01-29T22:16:38.299 | Step 1965 | Particle 49 | GLOBAL BEST ACHIEVED!
Global Improvement: 0.0007421874999999911
All moves in this step:
  Move 1: TRIPLE_SWAP | Indices: (91, 68, 45) | Local Improvement: 0.0007421874999999911
=================================================================================
=================================================================================
2026-01-29T22:16:49.959 | Step 2065 | Particle 72 | GLOBAL BEST ACHIEVED!
Global Improvement: 0.0001953125000000444
All moves in this step:
  Move 1: TRIPLE_SWAP | Indices: (228, 175, 222) | Local Improvement: 0.0001953125000000444
=================================================================================
=================================================================================
2026-01-29T22:19:28.908 | Step 3446 | Particle 53 | GLOBAL BEST ACHIEVED!
Global Improvement: 0.0008398437500001243
All moves in this step:
  Move 1: RANDOM_SWAP | Indices: (68, 66) | Local Improvement: 0.0
=================================================================================
=================================================================================
2026-01-29T22:22:21.951 | Step 4993 | Particle 38 | GLOBAL BEST ACHIEVED!
Global Improvement: 9.765624999991118e-5
All moves in this step:
  Move 1: TRIPLE_SWAP | Indices: (95, 140, 246) | Local Improvement: 9.765624999991118e-5
=================================================================================
