# V3: TRIPLE SWAP KAPALI - Ablation Study
# Started on: 2026-01-20T11:28:11.012

=================================================================================
2026-01-20T11:28:11.201 | Step 1 | Particle 4 | GLOBAL BEST!
Global Improvement: 0.002050781249999911
  Move 1: RANDOM_SWAP | Indices: (226, 243)
  Move 2: RANDOM_SWAP | Indices: (199, 250)
  Move 3: RANDOM_SWAP | Indices: (68, 151)
=================================================================================
=================================================================================
2026-01-20T11:28:11.219 | Step 1 | Particle 7 | GLOBAL BEST!
Global Improvement: 0.0001953125000000444
  Move 1: RANDOM_SWAP | Indices: (72, 134)
  Move 2: RANDOM_SWAP | Indices: (235, 26)
  Move 3: RANDOM_SWAP | Indices: (91, 173)
  Move 4: RANDOM_SWAP | Indices: (233, 249)
=================================================================================
=================================================================================
2026-01-20T11:28:11.220 | Step 1 | Particle 9 | GLOBAL BEST!
Global Improvement: 0.0007812499999999556
  Move 1: RANDOM_SWAP | Indices: (155, 235)
  Move 2: RANDOM_SWAP | Indices: (168, 15)
  Move 3: RANDOM_SWAP | Indices: (62, 173)
=================================================================================
=================================================================================
2026-01-20T11:28:11.221 | Step 1 | Particle 12 | GLOBAL BEST!
Global Improvement: 0.0001953125000000444
  Move 1: RANDOM_SWAP | Indices: (185, 125)
  Move 2: RANDOM_SWAP | Indices: (214, 235)
  Move 3: RANDOM_SWAP | Indices: (242, 53)
  Move 4: RANDOM_SWAP | Indices: (234, 185)
  Move 5: RANDOM_SWAP | Indices: (140, 191)
=================================================================================
=================================================================================
2026-01-20T11:28:11.222 | Step 1 | Particle 13 | GLOBAL BEST!
Global Improvement: 0.0015625000000000222
  Move 1: RANDOM_SWAP | Indices: (255, 159)
  Move 2: RANDOM_SWAP | Indices: (82, 101)
  Move 3: RANDOM_SWAP | Indices: (79, 240)
  Move 4: RANDOM_SWAP | Indices: (111, 88)
=================================================================================
=================================================================================
2026-01-20T11:28:11.252 | Step 1 | Particle 90 | GLOBAL BEST!
Global Improvement: 0.0003906249999999778
  Move 1: RANDOM_SWAP | Indices: (62, 165)
  Move 2: RANDOM_SWAP | Indices: (61, 30)
  Move 3: RANDOM_SWAP | Indices: (93, 174)
  Move 4: RANDOM_SWAP | Indices: (91, 10)
  Move 5: RANDOM_SWAP | Indices: (8, 152)
=================================================================================
=================================================================================
2026-01-20T11:28:11.267 | Step 1 | Particle 131 | GLOBAL BEST!
Global Improvement: 0.0002929687499999556
  Move 1: RANDOM_SWAP | Indices: (8, 256)
  Move 2: RANDOM_SWAP | Indices: (67, 185)
  Move 3: RANDOM_SWAP | Indices: (13, 217)
  Move 4: RANDOM_SWAP | Indices: (163, 18)
=================================================================================
=================================================================================
2026-01-20T11:28:11.270 | Step 1 | Particle 137 | GLOBAL BEST!
Global Improvement: 0.0011718750000000444
  Move 1: RANDOM_SWAP | Indices: (225, 214)
  Move 2: RANDOM_SWAP | Indices: (16, 159)
  Move 3: RANDOM_SWAP | Indices: (9, 244)
  Move 4: RANDOM_SWAP | Indices: (94, 112)
=================================================================================
=================================================================================
2026-01-20T11:28:11.280 | Step 1 | Particle 163 | GLOBAL BEST!
Global Improvement: 0.0015625000000000222
  Move 1: RANDOM_SWAP | Indices: (182, 241)
  Move 2: RANDOM_SWAP | Indices: (140, 35)
  Move 3: RANDOM_SWAP | Indices: (105, 154)
  Move 4: RANDOM_SWAP | Indices: (249, 162)
=================================================================================
=================================================================================
2026-01-20T11:28:11.617 | Step 2 | Particle 17 | GLOBAL BEST!
Global Improvement: 0.001464843749999889
  Move 1: GUIDED_SWAP_TO_GBEST | Indices: (182, 241)
  Move 2: GUIDED_SWAP_TO_GBEST | Indices: (35, 140)
  Move 3: GUIDED_SWAP_TO_GBEST | Indices: (105, 154)
  Move 4: GUIDED_SWAP_TO_GBEST | Indices: (249, 162)
  Move 5: GUIDED_SWAP_TO_PBEST | Indices: (249, 162)
  Move 6: GUIDED_SWAP_TO_PBEST | Indices: (154, 105)
  Move 7: GUIDED_SWAP_TO_PBEST | Indices: (35, 140)
  Move 8: GUIDED_SWAP_TO_PBEST | Indices: (182, 241)
  Move 9: GUIDED_SWAP_TO_GBEST | Indices: (241, 182)
  Move 10: GUIDED_SWAP_TO_GBEST | Indices: (140, 35)
  Move 11: GUIDED_SWAP_TO_GBEST | Indices: (162, 249)
  Move 12: GUIDED_SWAP_TO_GBEST | Indices: (154, 105)
  Move 13: RANDOM_SWAP | Indices: (135, 199)
  Move 14: RANDOM_SWAP | Indices: (127, 218)
  Move 15: RANDOM_SWAP | Indices: (100, 1)
  Move 16: RANDOM_SWAP | Indices: (251, 126)
=================================================================================
=================================================================================
2026-01-20T11:28:11.624 | Step 2 | Particle 35 | GLOBAL BEST!
Global Improvement: 0.0010742187500001332
  Move 1: GUIDED_SWAP_TO_GBEST | Indices: (182, 241)
  Move 2: GUIDED_SWAP_TO_GBEST | Indices: (162, 249)
  Move 3: GUIDED_SWAP_TO_GBEST | Indices: (112, 50)
  Move 4: GUIDED_SWAP_TO_GBEST | Indices: (156, 96)
  Move 5: GUIDED_SWAP_TO_PBEST | Indices: (162, 249)
  Move 6: GUIDED_SWAP_TO_PBEST | Indices: (156, 96)
  Move 7: GUIDED_SWAP_TO_PBEST | Indices: (182, 241)
  Move 8: GUIDED_SWAP_TO_GBEST | Indices: (162, 249)
  Move 9: GUIDED_SWAP_TO_GBEST | Indices: (131, 242)
  Move 10: GUIDED_SWAP_TO_GBEST | Indices: (154, 105)
  Move 11: GUIDED_SWAP_TO_GBEST | Indices: (140, 35)
  Move 12: GUIDED_SWAP_TO_PBEST | Indices: (35, 140)
  Move 13: GUIDED_SWAP_TO_PBEST | Indices: (249, 162)
  Move 14: GUIDED_SWAP_TO_PBEST | Indices: (154, 105)
  Move 15: GUIDED_SWAP_TO_PBEST | Indices: (50, 112)
  Move 16: GUIDED_SWAP_TO_GBEST | Indices: (140, 35)
  Move 17: GUIDED_SWAP_TO_GBEST | Indices: (112, 50)
  Move 18: GUIDED_SWAP_TO_GBEST | Indices: (154, 105)
  Move 19: GUIDED_SWAP_TO_GBEST | Indices: (241, 182)
  Move 20: RANDOM_SWAP | Indices: (162, 22)
  Move 21: RANDOM_SWAP | Indices: (172, 18)
  Move 22: RANDOM_SWAP | Indices: (158, 70)
  Move 23: RANDOM_SWAP | Indices: (125, 74)
=================================================================================
=================================================================================
2026-01-20T11:28:11.625 | Step 2 | Particle 37 | GLOBAL BEST!
Global Improvement: 0.0017578124999999556
  Move 1: GUIDED_SWAP_TO_GBEST | Indices: (162, 249)
  Move 2: GUIDED_SWAP_TO_GBEST | Indices: (182, 241)
  Move 3: GUIDED_SWAP_TO_GBEST | Indices: (105, 154)
  Move 4: GUIDED_SWAP_TO_GBEST | Indices: (35, 140)
  Move 5: GUIDED_SWAP_TO_PBEST | Indices: (162, 249)
  Move 6: GUIDED_SWAP_TO_PBEST | Indices: (241, 182)
  Move 7: GUIDED_SWAP_TO_PBEST | Indices: (140, 35)
  Move 8: GUIDED_SWAP_TO_PBEST | Indices: (154, 105)
  Move 9: GUIDED_SWAP_TO_GBEST | Indices: (105, 154)
  Move 10: GUIDED_SWAP_TO_GBEST | Indices: (182, 241)
  Move 11: GUIDED_SWAP_TO_GBEST | Indices: (162, 249)
  Move 12: GUIDED_SWAP_TO_GBEST | Indices: (35, 140)
  Move 13: RANDOM_SWAP | Indices: (248, 67)
  Move 14: RANDOM_SWAP | Indices: (175, 252)
=================================================================================
=================================================================================
2026-01-20T11:28:11.649 | Step 2 | Particle 100 | GLOBAL BEST!
Global Improvement: 0.0010742187500000222
  Move 1: GUIDED_SWAP_TO_GBEST | Indices: (140, 35)
  Move 2: GUIDED_SWAP_TO_GBEST | Indices: (236, 164)
  Move 3: GUIDED_SWAP_TO_GBEST | Indices: (249, 162)
  Move 4: GUIDED_SWAP_TO_PBEST | Indices: (164, 236)
  Move 5: GUIDED_SWAP_TO_PBEST | Indices: (249, 162)
  Move 6: GUIDED_SWAP_TO_PBEST | Indices: (35, 140)
  Move 7: GUIDED_SWAP_TO_GBEST | Indices: (182, 241)
  Move 8: GUIDED_SWAP_TO_GBEST | Indices: (140, 35)
  Move 9: GUIDED_SWAP_TO_GBEST | Indices: (249, 162)
  Move 10: GUIDED_SWAP_TO_GBEST | Indices: (154, 105)
  Move 11: GUIDED_SWAP_TO_GBEST | Indices: (236, 164)
  Move 12: GUIDED_SWAP_TO_GBEST | Indices: (31, 174)
  Move 13: RANDOM_SWAP | Indices: (241, 64)
  Move 14: RANDOM_SWAP | Indices: (185, 155)
  Move 15: RANDOM_SWAP | Indices: (110, 174)
  Move 16: RANDOM_SWAP | Indices: (114, 215)
  Move 17: RANDOM_SWAP | Indices: (254, 235)
=================================================================================
=================================================================================
2026-01-20T11:28:12.217 | Step 3 | Particle 4 | GLOBAL BEST!
Global Improvement: 0.0005859374999999112
  Move 1: GUIDED_SWAP_TO_GBEST | Indices: (241, 64)
  Move 2: GUIDED_SWAP_TO_GBEST | Indices: (254, 235)
  Move 3: GUIDED_SWAP_TO_GBEST | Indices: (155, 185)
  Move 4: GUIDED_SWAP_TO_PBEST | Indices: (64, 241)
  Move 5: GUIDED_SWAP_TO_PBEST | Indices: (235, 254)
  Move 6: GUIDED_SWAP_TO_PBEST | Indices: (185, 155)
  Move 7: GUIDED_SWAP_TO_GBEST | Indices: (241, 64)
  Move 8: GUIDED_SWAP_TO_GBEST | Indices: (110, 174)
  Move 9: GUIDED_SWAP_TO_GBEST | Indices: (114, 215)
  Move 10: GUIDED_SWAP_TO_PBEST | Indices: (241, 64)
  Move 11: GUIDED_SWAP_TO_PBEST | Indices: (215, 114)
  Move 12: GUIDED_SWAP_TO_PBEST | Indices: (110, 174)
  Move 13: GUIDED_SWAP_TO_GBEST | Indices: (185, 155)
  Move 14: GUIDED_SWAP_TO_GBEST | Indices: (215, 114)
  Move 15: GUIDED_SWAP_TO_GBEST | Indices: (110, 174)
  Move 16: GUIDED_SWAP_TO_GBEST | Indices: (241, 64)
=================================================================================
=================================================================================
2026-01-20T11:28:12.217 | Step 3 | Particle 5 | GLOBAL BEST!
Global Improvement: 0.0031250000000000444
  Move 1: GUIDED_SWAP_TO_GBEST | Indices: (35, 140)
  Move 2: GUIDED_SWAP_TO_GBEST | Indices: (174, 110)
  Move 3: GUIDED_SWAP_TO_GBEST | Indices: (64, 182)
  Move 4: GUIDED_SWAP_TO_GBEST | Indices: (254, 235)
  Move 5: GUIDED_SWAP_TO_GBEST | Indices: (241, 182)
  Move 6: GUIDED_SWAP_TO_GBEST | Indices: (173, 190)
  Move 7: GUIDED_SWAP_TO_GBEST | Indices: (215, 114)
  Move 8: GUIDED_SWAP_TO_GBEST | Indices: (185, 155)
  Move 9: GUIDED_SWAP_TO_GBEST | Indices: (162, 249)
  Move 10: GUIDED_SWAP_TO_PBEST | Indices: (114, 215)
  Move 11: GUIDED_SWAP_TO_PBEST | Indices: (35, 140)
  Move 12: GUIDED_SWAP_TO_PBEST | Indices: (174, 110)
  Move 13: GUIDED_SWAP_TO_PBEST | Indices: (241, 182)
  Move 14: GUIDED_SWAP_TO_GBEST | Indices: (182, 241)
  Move 15: GUIDED_SWAP_TO_GBEST | Indices: (110, 174)
  Move 16: GUIDED_SWAP_TO_GBEST | Indices: (35, 140)
  Move 17: GUIDED_SWAP_TO_GBEST | Indices: (114, 215)
  Move 18: RANDOM_SWAP | Indices: (134, 164)
  Move 19: RANDOM_SWAP | Indices: (250, 223)
  Move 20: RANDOM_SWAP | Indices: (117, 104)
  Move 21: RANDOM_SWAP | Indices: (121, 92)
=================================================================================
=================================================================================
2026-01-20T11:28:12.223 | Step 3 | Particle 20 | GLOBAL BEST!
Global Improvement: 0.005175781249999956
  Move 1: GUIDED_SWAP_TO_GBEST | Indices: (241, 64)
  Move 2: GUIDED_SWAP_TO_GBEST | Indices: (185, 155)
  Move 3: GUIDED_SWAP_TO_GBEST | Indices: (235, 254)
  Move 4: GUIDED_SWAP_TO_PBEST | Indices: (155, 185)
  Move 5: GUIDED_SWAP_TO_PBEST | Indices: (235, 254)
  Move 6: GUIDED_SWAP_TO_PBEST | Indices: (241, 64)
  Move 7: GUIDED_SWAP_TO_GBEST | Indices: (155, 185)
  Move 8: GUIDED_SWAP_TO_GBEST | Indices: (114, 215)
  Move 9: GUIDED_SWAP_TO_GBEST | Indices: (254, 235)
  Move 10: GUIDED_SWAP_TO_PBEST | Indices: (185, 155)
  Move 11: GUIDED_SWAP_TO_PBEST | Indices: (235, 254)
  Move 12: GUIDED_SWAP_TO_PBEST | Indices: (215, 114)
  Move 13: GUIDED_SWAP_TO_GBEST | Indices: (241, 64)
  Move 14: GUIDED_SWAP_TO_GBEST | Indices: (174, 110)
  Move 15: GUIDED_SWAP_TO_GBEST | Indices: (155, 185)
  Move 16: GUIDED_SWAP_TO_GBEST | Indices: (114, 215)
  Move 17: RANDOM_SWAP | Indices: (129, 86)
  Move 18: RANDOM_SWAP | Indices: (194, 78)
  Move 19: RANDOM_SWAP | Indices: (171, 85)
  Move 20: RANDOM_SWAP | Indices: (53, 133)
=================================================================================
=================================================================================
2026-01-20T11:28:12.230 | Step 3 | Particle 37 | GLOBAL BEST!
Global Improvement: 0.0008789062500000888
  Move 1: GUIDED_SWAP_TO_GBEST | Indices: (248, 67)
  Move 2: GUIDED_SWAP_TO_GBEST | Indices: (114, 215)
  Move 3: GUIDED_SWAP_TO_GBEST | Indices: (254, 235)
  Move 4: GUIDED_SWAP_TO_GBEST | Indices: (64, 241)
  Move 5: GUIDED_SWAP_TO_PBEST | Indices: (215, 114)
  Move 6: GUIDED_SWAP_TO_PBEST | Indices: (235, 254)
  Move 7: GUIDED_SWAP_TO_PBEST | Indices: (248, 67)
  Move 8: GUIDED_SWAP_TO_PBEST | Indices: (64, 241)
  Move 9: GUIDED_SWAP_TO_GBEST | Indices: (64, 241)
  Move 10: GUIDED_SWAP_TO_GBEST | Indices: (254, 235)
  Move 11: GUIDED_SWAP_TO_GBEST | Indices: (215, 114)
  Move 12: GUIDED_SWAP_TO_GBEST | Indices: (155, 185)
  Move 13: GUIDED_SWAP_TO_PBEST | Indices: (235, 254)
  Move 14: GUIDED_SWAP_TO_PBEST | Indices: (241, 64)
  Move 15: GUIDED_SWAP_TO_PBEST | Indices: (185, 155)
  Move 16: GUIDED_SWAP_TO_GBEST | Indices: (174, 110)
  Move 17: GUIDED_SWAP_TO_GBEST | Indices: (64, 241)
  Move 18: GUIDED_SWAP_TO_GBEST | Indices: (155, 185)
  Move 19: GUIDED_SWAP_TO_GBEST | Indices: (254, 235)
=================================================================================
=================================================================================
2026-01-20T11:28:12.276 | Step 3 | Particle 157 | GLOBAL BEST!
Global Improvement: 0.0029296875
  Move 1: GUIDED_SWAP_TO_PBEST | Indices: (182, 241)
  Move 2: GUIDED_SWAP_TO_PBEST | Indices: (35, 140)
  Move 3: GUIDED_SWAP_TO_PBEST | Indices: (64, 82)
  Move 4: GUIDED_SWAP_TO_PBEST | Indices: (162, 249)
  Move 5: GUIDED_SWAP_TO_GBEST | Indices: (69, 236)
  Move 6: GUIDED_SWAP_TO_GBEST | Indices: (61, 15)
  Move 7: GUIDED_SWAP_TO_GBEST | Indices: (114, 215)
  Move 8: GUIDED_SWAP_TO_GBEST | Indices: (105, 154)
  Move 9: GUIDED_SWAP_TO_GBEST | Indices: (140, 35)
  Move 10: GUIDED_SWAP_TO_PBEST | Indices: (69, 236)
  Move 11: GUIDED_SWAP_TO_PBEST | Indices: (5, 214)
  Move 12: GUIDED_SWAP_TO_PBEST | Indices: (105, 154)
  Move 13: GUIDED_SWAP_TO_PBEST | Indices: (215, 114)
  Move 14: GUIDED_SWAP_TO_GBEST | Indices: (155, 185)
  Move 15: GUIDED_SWAP_TO_GBEST | Indices: (69, 236)
  Move 16: GUIDED_SWAP_TO_GBEST | Indices: (64, 182)
  Move 17: GUIDED_SWAP_TO_GBEST | Indices: (182, 241)
  Move 18: GUIDED_SWAP_TO_GBEST | Indices: (215, 114)
  Move 19: GUIDED_SWAP_TO_PBEST | Indices: (155, 185)
  Move 20: GUIDED_SWAP_TO_PBEST | Indices: (182, 64)
  Move 21: GUIDED_SWAP_TO_PBEST | Indices: (114, 215)
  Move 22: GUIDED_SWAP_TO_PBEST | Indices: (15, 61)
  Move 23: GUIDED_SWAP_TO_GBEST | Indices: (64, 182)
  Move 24: GUIDED_SWAP_TO_GBEST | Indices: (185, 155)
  Move 25: GUIDED_SWAP_TO_GBEST | Indices: (215, 114)
  Move 26: GUIDED_SWAP_TO_GBEST | Indices: (174, 110)
  Move 27: GUIDED_SWAP_TO_GBEST | Indices: (154, 105)
  Move 28: RANDOM_SWAP | Indices: (198, 20)
  Move 29: RANDOM_SWAP | Indices: (187, 83)
  Move 30: RANDOM_SWAP | Indices: (141, 252)
  Move 31: RANDOM_SWAP | Indices: (55, 34)
  Move 32: RANDOM_SWAP | Indices: (179, 62)
=================================================================================
=================================================================================
2026-01-20T11:28:12.453 | Step 4 | Particle 8 | GLOBAL BEST!
Global Improvement: 0.0010742187499999112
  Move 1: GUIDED_SWAP_TO_GBEST | Indices: (15, 61)
  Move 2: GUIDED_SWAP_TO_GBEST | Indices: (198, 20)
  Move 3: GUIDED_SWAP_TO_GBEST | Indices: (187, 83)
  Move 4: GUIDED_SWAP_TO_GBEST | Indices: (235, 254)
  Move 5: GUIDED_SWAP_TO_GBEST | Indices: (5, 214)
  Move 6: GUIDED_SWAP_TO_GBEST | Indices: (55, 34)
  Move 7: GUIDED_SWAP_TO_GBEST | Indices: (241, 82)
  Move 8: GUIDED_SWAP_TO_GBEST | Indices: (62, 179)
  Move 9: GUIDED_SWAP_TO_GBEST | Indices: (64, 82)
  Move 10: GUIDED_SWAP_TO_GBEST | Indices: (249, 162)
=================================================================================
=================================================================================
2026-01-20T11:28:12.495 | Step 4 | Particle 112 | GLOBAL BEST!
Global Improvement: 0.0008789062500000888
  Move 1: GUIDED_SWAP_TO_GBEST | Indices: (61, 15)
  Move 2: GUIDED_SWAP_TO_GBEST | Indices: (252, 141)
  Move 3: GUIDED_SWAP_TO_GBEST | Indices: (235, 254)
  Move 4: GUIDED_SWAP_TO_GBEST | Indices: (83, 187)
  Move 5: GUIDED_SWAP_TO_GBEST | Indices: (198, 20)
  Move 6: GUIDED_SWAP_TO_GBEST | Indices: (34, 55)
  Move 7: GUIDED_SWAP_TO_GBEST | Indices: (5, 214)
  Move 8: GUIDED_SWAP_TO_GBEST | Indices: (162, 249)
  Move 9: GUIDED_SWAP_TO_GBEST | Indices: (215, 114)
  Move 10: GUIDED_SWAP_TO_GBEST | Indices: (179, 62)
  Move 11: RANDOM_SWAP | Indices: (52, 173)
  Move 12: RANDOM_SWAP | Indices: (191, 222)
  Move 13: RANDOM_SWAP | Indices: (120, 13)
=================================================================================
=================================================================================
2026-01-20T11:28:12.553 | Step 5 | Particle 58 | GLOBAL BEST!
Global Improvement: 0.0015624999999999112
  Move 1: GUIDED_SWAP_TO_GBEST | Indices: (222, 191)
  Move 2: GUIDED_SWAP_TO_GBEST | Indices: (52, 173)
  Move 3: GUIDED_SWAP_TO_GBEST | Indices: (147, 82)
  Move 4: GUIDED_SWAP_TO_GBEST | Indices: (61, 15)
  Move 5: GUIDED_SWAP_TO_GBEST | Indices: (141, 252)
  Move 6: GUIDED_SWAP_TO_PBEST | Indices: (52, 173)
  Move 7: GUIDED_SWAP_TO_PBEST | Indices: (15, 61)
  Move 8: GUIDED_SWAP_TO_PBEST | Indices: (147, 82)
  Move 9: GUIDED_SWAP_TO_GBEST | Indices: (120, 13)
  Move 10: GUIDED_SWAP_TO_GBEST | Indices: (52, 173)
  Move 11: GUIDED_SWAP_TO_GBEST | Indices: (20, 198)
  Move 12: GUIDED_SWAP_TO_GBEST | Indices: (82, 147)
  Move 13: GUIDED_SWAP_TO_GBEST | Indices: (215, 114)
=================================================================================
=================================================================================
2026-01-20T11:28:13.520 | Step 6 | Particle 17 | GLOBAL BEST!
Global Improvement: 0.0005859375000000222
  Move 1: GUIDED_SWAP_TO_GBEST | Indices: (15, 61)
  Move 2: GUIDED_SWAP_TO_GBEST | Indices: (235, 254)
  Move 3: GUIDED_SWAP_TO_GBEST | Indices: (173, 190)
  Move 4: GUIDED_SWAP_TO_GBEST | Indices: (187, 83)
  Move 5: GUIDED_SWAP_TO_GBEST | Indices: (120, 13)
  Move 6: GUIDED_SWAP_TO_PBEST | Indices: (190, 173)
  Move 7: GUIDED_SWAP_TO_PBEST | Indices: (83, 187)
  Move 8: GUIDED_SWAP_TO_PBEST | Indices: (13, 120)
  Move 9: GUIDED_SWAP_TO_PBEST | Indices: (15, 61)
  Move 10: GUIDED_SWAP_TO_GBEST | Indices: (83, 187)
  Move 11: GUIDED_SWAP_TO_GBEST | Indices: (173, 190)
  Move 12: GUIDED_SWAP_TO_GBEST | Indices: (61, 15)
  Move 13: GUIDED_SWAP_TO_PBEST | Indices: (235, 254)
  Move 14: GUIDED_SWAP_TO_PBEST | Indices: (190, 173)
  Move 15: GUIDED_SWAP_TO_PBEST | Indices: (61, 15)
  Move 16: GUIDED_SWAP_TO_PBEST | Indices: (187, 83)
  Move 17: GUIDED_SWAP_TO_GBEST | Indices: (173, 190)
  Move 18: GUIDED_SWAP_TO_GBEST | Indices: (235, 254)
  Move 19: GUIDED_SWAP_TO_GBEST | Indices: (187, 83)
  Move 20: GUIDED_SWAP_TO_GBEST | Indices: (61, 15)
  Move 21: GUIDED_SWAP_TO_GBEST | Indices: (120, 13)
  Move 22: RANDOM_SWAP | Indices: (160, 51)
  Move 23: RANDOM_SWAP | Indices: (143, 38)
  Move 24: RANDOM_SWAP | Indices: (170, 191)
  Move 25: RANDOM_SWAP | Indices: (165, 34)
=================================================================================
=================================================================================
2026-01-20T11:28:13.548 | Step 6 | Particle 88 | GLOBAL BEST!
Global Improvement: 0.0018554687499999778
  Move 1: GUIDED_SWAP_TO_GBEST | Indices: (173, 52)
  Move 2: GUIDED_SWAP_TO_GBEST | Indices: (15, 61)
  Move 3: GUIDED_SWAP_TO_PBEST | Indices: (173, 52)
  Move 4: GUIDED_SWAP_TO_PBEST | Indices: (61, 15)
  Move 5: GUIDED_SWAP_TO_GBEST | Indices: (15, 61)
  Move 6: GUIDED_SWAP_TO_GBEST | Indices: (173, 52)
  Move 7: RANDOM_SWAP | Indices: (162, 44)
  Move 8: RANDOM_SWAP | Indices: (234, 133)
=================================================================================
=================================================================================
2026-01-20T11:28:13.597 | Step 7 | Particle 10 | GLOBAL BEST!
Global Improvement: 0.0003906249999999778
  Move 1: GUIDED_SWAP_TO_GBEST | Indices: (162, 44)
  Move 2: GUIDED_SWAP_TO_GBEST | Indices: (234, 133)
  Move 3: GUIDED_SWAP_TO_GBEST | Indices: (66, 74)
  Move 4: GUIDED_SWAP_TO_PBEST | Indices: (162, 44)
  Move 5: GUIDED_SWAP_TO_PBEST | Indices: (66, 74)
  Move 6: GUIDED_SWAP_TO_PBEST | Indices: (234, 133)
  Move 7: GUIDED_SWAP_TO_GBEST | Indices: (228, 90)
  Move 8: GUIDED_SWAP_TO_GBEST | Indices: (66, 74)
  Move 9: GUIDED_SWAP_TO_GBEST | Indices: (162, 44)
  Move 10: GUIDED_SWAP_TO_GBEST | Indices: (133, 234)
=================================================================================
=================================================================================
2026-01-20T11:28:13.665 | Step 7 | Particle 185 | GLOBAL BEST!
Global Improvement: 0.0003906249999999778
  Move 1: GUIDED_SWAP_TO_GBEST | Indices: (162, 44)
  Move 2: GUIDED_SWAP_TO_GBEST | Indices: (234, 133)
  Move 3: GUIDED_SWAP_TO_GBEST | Indices: (82, 241)
  Move 4: GUIDED_SWAP_TO_PBEST | Indices: (241, 82)
  Move 5: GUIDED_SWAP_TO_PBEST | Indices: (234, 133)
  Move 6: GUIDED_SWAP_TO_PBEST | Indices: (44, 162)
  Move 7: GUIDED_SWAP_TO_GBEST | Indices: (241, 82)
  Move 8: GUIDED_SWAP_TO_GBEST | Indices: (234, 133)
  Move 9: GUIDED_SWAP_TO_GBEST | Indices: (44, 162)
  Move 10: RANDOM_SWAP | Indices: (166, 234)
  Move 11: RANDOM_SWAP | Indices: (61, 44)
=================================================================================
=================================================================================
2026-01-20T11:28:13.728 | Step 8 | Particle 35 | GLOBAL BEST!
Global Improvement: 0.001464843750000111
  Move 1: GUIDED_SWAP_TO_GBEST | Indices: (162, 44)
  Move 2: GUIDED_SWAP_TO_GBEST | Indices: (44, 61)
  Move 3: GUIDED_SWAP_TO_GBEST | Indices: (254, 235)
  Move 4: GUIDED_SWAP_TO_GBEST | Indices: (234, 166)
  Move 5: GUIDED_SWAP_TO_PBEST | Indices: (234, 166)
  Move 6: GUIDED_SWAP_TO_PBEST | Indices: (61, 44)
  Move 7: GUIDED_SWAP_TO_PBEST | Indices: (162, 44)
  Move 8: GUIDED_SWAP_TO_PBEST | Indices: (254, 235)
  Move 9: GUIDED_SWAP_TO_GBEST | Indices: (61, 162)
  Move 10: GUIDED_SWAP_TO_GBEST | Indices: (162, 44)
  Move 11: GUIDED_SWAP_TO_GBEST | Indices: (254, 235)
  Move 12: GUIDED_SWAP_TO_GBEST | Indices: (166, 234)
  Move 13: RANDOM_SWAP | Indices: (28, 130)
=================================================================================
=================================================================================
2026-01-20T11:28:13.797 | Step 9 | Particle 6 | GLOBAL BEST!
Global Improvement: 0.0001953124999999334
  Move 1: GUIDED_SWAP_TO_PBEST | Indices: (186, 187)
  Move 2: GUIDED_SWAP_TO_PBEST | Indices: (166, 234)
  Move 3: GUIDED_SWAP_TO_PBEST | Indices: (111, 117)
  Move 4: GUIDED_SWAP_TO_PBEST | Indices: (133, 234)
  Move 5: GUIDED_SWAP_TO_GBEST | Indices: (130, 28)
  Move 6: GUIDED_SWAP_TO_GBEST | Indices: (234, 166)
  Move 7: GUIDED_SWAP_TO_GBEST | Indices: (166, 133)
  Move 8: GUIDED_SWAP_TO_GBEST | Indices: (168, 93)
  Move 9: GUIDED_SWAP_TO_PBEST | Indices: (98, 215)
  Move 10: GUIDED_SWAP_TO_PBEST | Indices: (150, 12)
  Move 11: GUIDED_SWAP_TO_PBEST | Indices: (133, 166)
  Move 12: GUIDED_SWAP_TO_PBEST | Indices: (234, 166)
  Move 13: GUIDED_SWAP_TO_PBEST | Indices: (177, 113)
  Move 14: GUIDED_SWAP_TO_GBEST | Indices: (98, 215)
  Move 15: GUIDED_SWAP_TO_GBEST | Indices: (150, 12)
  Move 16: GUIDED_SWAP_TO_GBEST | Indices: (133, 234)
  Move 17: GUIDED_SWAP_TO_GBEST | Indices: (234, 166)
  Move 18: GUIDED_SWAP_TO_GBEST | Indices: (61, 44)
  Move 19: RANDOM_SWAP | Indices: (79, 119)
  Move 20: RANDOM_SWAP | Indices: (196, 50)
=================================================================================
=================================================================================
2026-01-20T11:28:13.852 | Step 9 | Particle 148 | GLOBAL BEST!
Global Improvement: 0.0002929687500000666
  Move 1: GUIDED_SWAP_TO_GBEST | Indices: (28, 130)
  Move 2: GUIDED_SWAP_TO_GBEST | Indices: (74, 37)
  Move 3: GUIDED_SWAP_TO_GBEST | Indices: (80, 229)
  Move 4: GUIDED_SWAP_TO_GBEST | Indices: (147, 172)
  Move 5: GUIDED_SWAP_TO_GBEST | Indices: (85, 56)
  Move 6: GUIDED_SWAP_TO_GBEST | Indices: (189, 172)
  Move 7: GUIDED_SWAP_TO_PBEST | Indices: (189, 172)
  Move 8: GUIDED_SWAP_TO_PBEST | Indices: (37, 74)
  Move 9: GUIDED_SWAP_TO_PBEST | Indices: (147, 172)
  Move 10: GUIDED_SWAP_TO_PBEST | Indices: (28, 130)
  Move 11: GUIDED_SWAP_TO_GBEST | Indices: (74, 37)
  Move 12: GUIDED_SWAP_TO_GBEST | Indices: (28, 130)
  Move 13: GUIDED_SWAP_TO_GBEST | Indices: (147, 172)
=================================================================================
=================================================================================
2026-01-20T11:28:13.920 | Step 10 | Particle 62 | GLOBAL BEST!
Global Improvement: 0.0002929687499999556
  Move 1: GUIDED_SWAP_TO_GBEST | Indices: (172, 189)
  Move 2: GUIDED_SWAP_TO_PBEST | Indices: (172, 189)
  Move 3: RANDOM_SWAP | Indices: (64, 25)
=================================================================================
=================================================================================
2026-01-20T11:28:13.946 | Step 10 | Particle 127 | GLOBAL BEST!
Global Improvement: 9.76562500000222e-5
  Move 1: GUIDED_SWAP_TO_GBEST | Indices: (15, 162)
  Move 2: GUIDED_SWAP_TO_GBEST | Indices: (62, 179)
  Move 3: GUIDED_SWAP_TO_GBEST | Indices: (189, 172)
  Move 4: GUIDED_SWAP_TO_GBEST | Indices: (166, 133)
  Move 5: GUIDED_SWAP_TO_PBEST | Indices: (166, 133)
  Move 6: GUIDED_SWAP_TO_PBEST | Indices: (179, 62)
  Move 7: GUIDED_SWAP_TO_PBEST | Indices: (172, 189)
  Move 8: GUIDED_SWAP_TO_PBEST | Indices: (15, 162)
  Move 9: GUIDED_SWAP_TO_GBEST | Indices: (55, 34)
  Move 10: GUIDED_SWAP_TO_GBEST | Indices: (189, 172)
  Move 11: GUIDED_SWAP_TO_GBEST | Indices: (133, 234)
  Move 12: GUIDED_SWAP_TO_PBEST | Indices: (234, 133)
  Move 13: GUIDED_SWAP_TO_PBEST | Indices: (189, 172)
  Move 14: GUIDED_SWAP_TO_PBEST | Indices: (34, 55)
  Move 15: GUIDED_SWAP_TO_GBEST | Indices: (34, 55)
  Move 16: GUIDED_SWAP_TO_GBEST | Indices: (234, 166)
  Move 17: GUIDED_SWAP_TO_GBEST | Indices: (62, 179)
  Move 18: GUIDED_SWAP_TO_GBEST | Indices: (189, 172)
  Move 19: GUIDED_SWAP_TO_GBEST | Indices: (133, 166)
=================================================================================
=================================================================================
2026-01-20T11:28:14.383 | Step 11 | Particle 51 | GLOBAL BEST!
Global Improvement: 0.0003906249999999778
  Move 1: GUIDED_SWAP_TO_GBEST | Indices: (130, 28)
  Move 2: GUIDED_SWAP_TO_GBEST | Indices: (15, 162)
  Move 3: GUIDED_SWAP_TO_GBEST | Indices: (172, 189)
  Move 4: RANDOM_SWAP | Indices: (92, 166)
=================================================================================
=================================================================================
2026-01-20T11:28:14.409 | Step 11 | Particle 117 | GLOBAL BEST!
Global Improvement: 0.0005859375000000222
  Move 1: GUIDED_SWAP_TO_GBEST | Indices: (162, 15)
  Move 2: GUIDED_SWAP_TO_PBEST | Indices: (15, 162)
  Move 3: GUIDED_SWAP_TO_GBEST | Indices: (15, 162)
  Move 4: GUIDED_SWAP_TO_PBEST | Indices: (162, 15)
  Move 5: GUIDED_SWAP_TO_GBEST | Indices: (162, 15)
  Move 6: RANDOM_SWAP | Indices: (65, 191)
=================================================================================
=================================================================================
2026-01-20T11:28:14.595 | Step 13 | Particle 184 | GLOBAL BEST!
Global Improvement: 0.0005859374999999112
  Move 1: RANDOM_SWAP | Indices: (169, 149)
=================================================================================
=================================================================================
2026-01-20T11:28:14.609 | Step 14 | Particle 17 | GLOBAL BEST!
Global Improvement: 0.00048828125
  Move 1: GUIDED_SWAP_TO_GBEST | Indices: (149, 169)
  Move 2: GUIDED_SWAP_TO_PBEST | Indices: (149, 169)
  Move 3: GUIDED_SWAP_TO_GBEST | Indices: (149, 169)
  Move 4: RANDOM_SWAP | Indices: (137, 174)
  Move 5: RANDOM_SWAP | Indices: (156, 230)
  Move 6: RANDOM_SWAP | Indices: (54, 159)
  Move 7: RANDOM_SWAP | Indices: (66, 153)
  Move 8: RANDOM_SWAP | Indices: (202, 48)
=================================================================================
=================================================================================
2026-01-20T11:28:14.612 | Step 14 | Particle 23 | GLOBAL BEST!
Global Improvement: 0.0003906250000000888
  Move 1: GUIDED_SWAP_TO_PBEST | Indices: (53, 122)
  Move 2: GUIDED_SWAP_TO_PBEST | Indices: (224, 65)
  Move 3: GUIDED_SWAP_TO_PBEST | Indices: (48, 156)
  Move 4: GUIDED_SWAP_TO_PBEST | Indices: (109, 1)
  Move 5: GUIDED_SWAP_TO_GBEST | Indices: (169, 149)
  Move 6: GUIDED_SWAP_TO_GBEST | Indices: (127, 246)
  Move 7: GUIDED_SWAP_TO_PBEST | Indices: (149, 169)
  Move 8: GUIDED_SWAP_TO_GBEST | Indices: (149, 169)
  Move 9: RANDOM_SWAP | Indices: (30, 78)
  Move 10: RANDOM_SWAP | Indices: (176, 114)
=================================================================================
=================================================================================
2026-01-20T11:28:14.648 | Step 14 | Particle 116 | GLOBAL BEST!
Global Improvement: 0.0005859375000000222
  Move 1: GUIDED_SWAP_TO_PBEST | Indices: (33, 72)
  Move 2: GUIDED_SWAP_TO_PBEST | Indices: (16, 13)
  Move 3: GUIDED_SWAP_TO_PBEST | Indices: (247, 172)
  Move 4: GUIDED_SWAP_TO_GBEST | Indices: (149, 169)
  Move 5: GUIDED_SWAP_TO_PBEST | Indices: (169, 149)
  Move 6: GUIDED_SWAP_TO_GBEST | Indices: (149, 169)
  Move 7: RANDOM_SWAP | Indices: (63, 99)
  Move 8: RANDOM_SWAP | Indices: (238, 203)
  Move 9: RANDOM_SWAP | Indices: (171, 134)
=================================================================================
=================================================================================
2026-01-20T11:28:15.009 | Step 16 | Particle 83 | GLOBAL BEST!
Global Improvement: 0.0003906249999999778
  Move 1: GUIDED_SWAP_TO_PBEST | Indices: (36, 78)
  Move 2: GUIDED_SWAP_TO_PBEST | Indices: (46, 119)
  Move 3: GUIDED_SWAP_TO_PBEST | Indices: (169, 149)
  Move 4: GUIDED_SWAP_TO_PBEST | Indices: (106, 15)
  Move 5: GUIDED_SWAP_TO_PBEST | Indices: (1, 251)
  Move 6: GUIDED_SWAP_TO_GBEST | Indices: (178, 95)
  Move 7: GUIDED_SWAP_TO_GBEST | Indices: (149, 169)
  Move 8: GUIDED_SWAP_TO_PBEST | Indices: (171, 134)
  Move 9: GUIDED_SWAP_TO_PBEST | Indices: (238, 203)
  Move 10: GUIDED_SWAP_TO_PBEST | Indices: (63, 99)
  Move 11: GUIDED_SWAP_TO_PBEST | Indices: (169, 149)
  Move 12: GUIDED_SWAP_TO_GBEST | Indices: (171, 134)
  Move 13: GUIDED_SWAP_TO_GBEST | Indices: (63, 99)
  Move 14: GUIDED_SWAP_TO_GBEST | Indices: (169, 149)
  Move 15: RANDOM_SWAP | Indices: (195, 221)
=================================================================================
=================================================================================
2026-01-20T11:28:15.030 | Step 16 | Particle 135 | GLOBAL BEST!
Global Improvement: 0.00048828125
  Move 1: GUIDED_SWAP_TO_GBEST | Indices: (10, 35)
  Move 2: GUIDED_SWAP_TO_PBEST | Indices: (10, 35)
  Move 3: GUIDED_SWAP_TO_GBEST | Indices: (35, 10)
  Move 4: GUIDED_SWAP_TO_PBEST | Indices: (35, 10)
  Move 5: GUIDED_SWAP_TO_GBEST | Indices: (10, 35)
  Move 6: RANDOM_SWAP | Indices: (35, 256)
  Move 7: RANDOM_SWAP | Indices: (238, 227)
  Move 8: RANDOM_SWAP | Indices: (62, 250)
  Move 9: RANDOM_SWAP | Indices: (131, 73)
=================================================================================
=================================================================================
2026-01-20T11:28:15.061 | Step 17 | Particle 8 | GLOBAL BEST!
Global Improvement: 0.0006835937500000444
  Move 1: GUIDED_SWAP_TO_GBEST | Indices: (55, 250)
  Move 2: GUIDED_SWAP_TO_GBEST | Indices: (227, 238)
  Move 3: GUIDED_SWAP_TO_GBEST | Indices: (73, 131)
  Move 4: GUIDED_SWAP_TO_GBEST | Indices: (62, 250)
  Move 5: GUIDED_SWAP_TO_GBEST | Indices: (256, 35)
  Move 6: GUIDED_SWAP_TO_PBEST | Indices: (250, 55)
  Move 7: GUIDED_SWAP_TO_PBEST | Indices: (35, 256)
  Move 8: GUIDED_SWAP_TO_PBEST | Indices: (131, 73)
  Move 9: GUIDED_SWAP_TO_GBEST | Indices: (256, 35)
  Move 10: GUIDED_SWAP_TO_GBEST | Indices: (250, 55)
  Move 11: GUIDED_SWAP_TO_GBEST | Indices: (73, 131)
  Move 12: GUIDED_SWAP_TO_PBEST | Indices: (256, 35)
  Move 13: GUIDED_SWAP_TO_PBEST | Indices: (131, 73)
  Move 14: GUIDED_SWAP_TO_PBEST | Indices: (250, 55)
  Move 15: GUIDED_SWAP_TO_PBEST | Indices: (238, 227)
  Move 16: GUIDED_SWAP_TO_GBEST | Indices: (131, 73)
  Move 17: GUIDED_SWAP_TO_GBEST | Indices: (35, 256)
  Move 18: GUIDED_SWAP_TO_GBEST | Indices: (238, 227)
  Move 19: RANDOM_SWAP | Indices: (12, 237)
  Move 20: RANDOM_SWAP | Indices: (4, 244)
  Move 21: RANDOM_SWAP | Indices: (33, 94)
=================================================================================
=================================================================================
2026-01-20T11:28:15.145 | Step 18 | Particle 18 | GLOBAL BEST!
Global Improvement: 0.0006835937499999334
  Move 1: GUIDED_SWAP_TO_GBEST | Indices: (244, 4)
  Move 2: GUIDED_SWAP_TO_GBEST | Indices: (94, 33)
  Move 3: GUIDED_SWAP_TO_GBEST | Indices: (250, 55)
  Move 4: GUIDED_SWAP_TO_PBEST | Indices: (94, 33)
  Move 5: GUIDED_SWAP_TO_PBEST | Indices: (4, 244)
  Move 6: GUIDED_SWAP_TO_PBEST | Indices: (55, 250)
  Move 7: GUIDED_SWAP_TO_GBEST | Indices: (237, 12)
  Move 8: GUIDED_SWAP_TO_GBEST | Indices: (94, 33)
  Move 9: GUIDED_SWAP_TO_GBEST | Indices: (250, 55)
  Move 10: GUIDED_SWAP_TO_GBEST | Indices: (4, 244)
  Move 11: RANDOM_SWAP | Indices: (130, 174)
  Move 12: RANDOM_SWAP | Indices: (48, 85)
  Move 13: RANDOM_SWAP | Indices: (182, 140)
  Move 14: RANDOM_SWAP | Indices: (9, 101)
=================================================================================
=================================================================================
2026-01-20T11:28:15.221 | Step 19 | Particle 6 | GLOBAL BEST!
Global Improvement: 0.0001953124999999334
  Move 1: GUIDED_SWAP_TO_PBEST | Indices: (244, 4)
  Move 2: GUIDED_SWAP_TO_PBEST | Indices: (15, 43)
  Move 3: GUIDED_SWAP_TO_PBEST | Indices: (49, 165)
  Move 4: GUIDED_SWAP_TO_PBEST | Indices: (226, 44)
  Move 5: GUIDED_SWAP_TO_PBEST | Indices: (250, 55)
  Move 6: GUIDED_SWAP_TO_GBEST | Indices: (85, 48)
  Move 7: GUIDED_SWAP_TO_GBEST | Indices: (140, 182)
  Move 8: GUIDED_SWAP_TO_GBEST | Indices: (55, 250)
  Move 9: GUIDED_SWAP_TO_GBEST | Indices: (128, 170)
  Move 10: GUIDED_SWAP_TO_GBEST | Indices: (174, 130)
  Move 11: GUIDED_SWAP_TO_PBEST | Indices: (12, 237)
  Move 12: GUIDED_SWAP_TO_PBEST | Indices: (182, 140)
  Move 13: GUIDED_SWAP_TO_PBEST | Indices: (85, 48)
  Move 14: GUIDED_SWAP_TO_PBEST | Indices: (33, 94)
  Move 15: GUIDED_SWAP_TO_PBEST | Indices: (55, 250)
  Move 16: GUIDED_SWAP_TO_GBEST | Indices: (48, 85)
  Move 17: GUIDED_SWAP_TO_GBEST | Indices: (94, 33)
  Move 18: GUIDED_SWAP_TO_GBEST | Indices: (140, 182)
  Move 19: GUIDED_SWAP_TO_GBEST | Indices: (237, 12)
  Move 20: GUIDED_SWAP_TO_PBEST | Indices: (12, 237)
  Move 21: GUIDED_SWAP_TO_PBEST | Indices: (94, 33)
  Move 22: GUIDED_SWAP_TO_PBEST | Indices: (124, 162)
  Move 23: GUIDED_SWAP_TO_PBEST | Indices: (174, 130)
  Move 24: GUIDED_SWAP_TO_GBEST | Indices: (55, 250)
  Move 25: GUIDED_SWAP_TO_GBEST | Indices: (244, 4)
  Move 26: GUIDED_SWAP_TO_GBEST | Indices: (33, 94)
  Move 27: GUIDED_SWAP_TO_GBEST | Indices: (101, 9)
=================================================================================
=================================================================================
2026-01-20T11:28:15.227 | Step 19 | Particle 20 | GLOBAL BEST!
Global Improvement: 9.765625000013323e-5
  Move 1: GUIDED_SWAP_TO_GBEST | Indices: (174, 130)
  Move 2: GUIDED_SWAP_TO_GBEST | Indices: (101, 9)
  Move 3: GUIDED_SWAP_TO_GBEST | Indices: (182, 140)
  Move 4: GUIDED_SWAP_TO_GBEST | Indices: (55, 62)
  Move 5: GUIDED_SWAP_TO_GBEST | Indices: (237, 12)
  Move 6: GUIDED_SWAP_TO_GBEST | Indices: (4, 244)
  Move 7: GUIDED_SWAP_TO_GBEST | Indices: (62, 250)
  Move 8: GUIDED_SWAP_TO_GBEST | Indices: (94, 33)
  Move 9: GUIDED_SWAP_TO_PBEST | Indices: (101, 9)
  Move 10: GUIDED_SWAP_TO_PBEST | Indices: (140, 182)
  Move 11: GUIDED_SWAP_TO_PBEST | Indices: (237, 12)
  Move 12: GUIDED_SWAP_TO_PBEST | Indices: (244, 4)
  Move 13: GUIDED_SWAP_TO_PBEST | Indices: (62, 55)
  Move 14: GUIDED_SWAP_TO_GBEST | Indices: (48, 85)
  Move 15: GUIDED_SWAP_TO_GBEST | Indices: (244, 4)
  Move 16: GUIDED_SWAP_TO_GBEST | Indices: (237, 12)
  Move 17: GUIDED_SWAP_TO_GBEST | Indices: (62, 55)
  Move 18: GUIDED_SWAP_TO_GBEST | Indices: (9, 101)
  Move 19: RANDOM_SWAP | Indices: (80, 98)
  Move 20: RANDOM_SWAP | Indices: (142, 214)
=================================================================================
=================================================================================
2026-01-20T11:28:15.272 | Step 19 | Particle 136 | GLOBAL BEST!
Global Improvement: 0.0005859374999999112
  Move 1: GUIDED_SWAP_TO_PBEST | Indices: (55, 250)
  Move 2: GUIDED_SWAP_TO_PBEST | Indices: (23, 185)
  Move 3: GUIDED_SWAP_TO_PBEST | Indices: (244, 4)
  Move 4: GUIDED_SWAP_TO_PBEST | Indices: (12, 237)
  Move 5: GUIDED_SWAP_TO_PBEST | Indices: (94, 33)
  Move 6: GUIDED_SWAP_TO_GBEST | Indices: (106, 214)
  Move 7: GUIDED_SWAP_TO_GBEST | Indices: (130, 174)
  Move 8: GUIDED_SWAP_TO_GBEST | Indices: (140, 182)
  Move 9: GUIDED_SWAP_TO_GBEST | Indices: (250, 55)
  Move 10: GUIDED_SWAP_TO_GBEST | Indices: (122, 178)
  Move 11: GUIDED_SWAP_TO_GBEST | Indices: (237, 12)
  Move 12: GUIDED_SWAP_TO_GBEST | Indices: (85, 48)
  Move 13: GUIDED_SWAP_TO_GBEST | Indices: (244, 4)
  Move 14: GUIDED_SWAP_TO_GBEST | Indices: (9, 101)
  Move 15: GUIDED_SWAP_TO_PBEST | Indices: (12, 237)
  Move 16: GUIDED_SWAP_TO_PBEST | Indices: (244, 4)
  Move 17: GUIDED_SWAP_TO_PBEST | Indices: (101, 9)
  Move 18: GUIDED_SWAP_TO_PBEST | Indices: (250, 55)
  Move 19: GUIDED_SWAP_TO_GBEST | Indices: (237, 12)
  Move 20: GUIDED_SWAP_TO_GBEST | Indices: (33, 94)
  Move 21: GUIDED_SWAP_TO_GBEST | Indices: (250, 55)
=================================================================================
=================================================================================
2026-01-20T11:28:15.389 | Step 21 | Particle 28 | GLOBAL BEST!
Global Improvement: 0.0005859375000000222
  Move 1: GUIDED_SWAP_TO_GBEST | Indices: (73, 131)
  Move 2: GUIDED_SWAP_TO_PBEST | Indices: (73, 131)
  Move 3: GUIDED_SWAP_TO_GBEST | Indices: (131, 73)
  Move 4: GUIDED_SWAP_TO_PBEST | Indices: (73, 131)
  Move 5: GUIDED_SWAP_TO_GBEST | Indices: (131, 73)
  Move 6: RANDOM_SWAP | Indices: (4, 138)
=================================================================================
=================================================================================
2026-01-20T11:28:15.501 | Step 22 | Particle 112 | GLOBAL BEST!
Global Improvement: 0.0009765625
  Move 1: GUIDED_SWAP_TO_GBEST | Indices: (4, 138)
  Move 2: GUIDED_SWAP_TO_PBEST | Indices: (138, 4)
  Move 3: GUIDED_SWAP_TO_GBEST | Indices: (4, 138)
  Move 4: GUIDED_SWAP_TO_PBEST | Indices: (138, 4)
  Move 5: RANDOM_SWAP | Indices: (114, 14)
  Move 6: RANDOM_SWAP | Indices: (152, 40)
  Move 7: RANDOM_SWAP | Indices: (134, 24)
=================================================================================
=================================================================================
2026-01-20T11:28:15.726 | Step 25 | Particle 79 | GLOBAL BEST!
Global Improvement: 0.0006835937500000444
  Move 1: GUIDED_SWAP_TO_GBEST | Indices: (44, 211)
  Move 2: GUIDED_SWAP_TO_GBEST | Indices: (115, 148)
  Move 3: GUIDED_SWAP_TO_GBEST | Indices: (148, 90)
  Move 4: GUIDED_SWAP_TO_GBEST | Indices: (93, 234)
  Move 5: GUIDED_SWAP_TO_PBEST | Indices: (134, 24)
  Move 6: GUIDED_SWAP_TO_GBEST | Indices: (134, 24)
  Move 7: RANDOM_SWAP | Indices: (123, 27)
=================================================================================
=================================================================================
2026-01-20T11:28:15.834 | Step 26 | Particle 156 | GLOBAL BEST!
Global Improvement: 9.76562500000222e-5
  Move 1: GUIDED_SWAP_TO_PBEST | Indices: (109, 62)
  Move 2: GUIDED_SWAP_TO_PBEST | Indices: (161, 117)
  Move 3: GUIDED_SWAP_TO_GBEST | Indices: (27, 123)
  Move 4: GUIDED_SWAP_TO_PBEST | Indices: (27, 123)
  Move 5: GUIDED_SWAP_TO_GBEST | Indices: (27, 123)
  Move 6: GUIDED_SWAP_TO_PBEST | Indices: (123, 27)
  Move 7: GUIDED_SWAP_TO_GBEST | Indices: (27, 123)
  Move 8: RANDOM_SWAP | Indices: (113, 242)
=================================================================================
=================================================================================
2026-01-20T11:28:16.339 | Step 33 | Particle 49 | GLOBAL BEST!
Global Improvement: 9.765624999991118e-5
  Move 1: RANDOM_SWAP | Indices: (62, 152)
=================================================================================
=================================================================================
2026-01-20T11:28:17.891 | Step 53 | Particle 42 | GLOBAL BEST!
Global Improvement: 0.0005859375000000222
  Move 1: RANDOM_SWAP | Indices: (18, 80)
=================================================================================
=================================================================================
2026-01-20T11:28:18.584 | Step 62 | Particle 30 | GLOBAL BEST!
Global Improvement: 0.0001953124999999334
  Move 1: RANDOM_SWAP | Indices: (206, 1)
=================================================================================
=================================================================================
2026-01-20T11:28:18.984 | Step 67 | Particle 60 | GLOBAL BEST!
Global Improvement: 9.765625000013323e-5
  Move 1: RANDOM_SWAP | Indices: (135, 230)
=================================================================================
=================================================================================
2026-01-20T11:28:19.225 | Step 70 | Particle 80 | GLOBAL BEST!
Global Improvement: 0.002050781249999911
  Move 1: RANDOM_SWAP | Indices: (218, 77)
  Move 2: RANDOM_SWAP | Indices: (68, 180)
  Move 3: RANDOM_SWAP | Indices: (85, 73)
  Move 4: RANDOM_SWAP | Indices: (199, 124)
  Move 5: RANDOM_SWAP | Indices: (63, 166)
=================================================================================
=================================================================================
2026-01-20T11:28:19.365 | Step 71 | Particle 3 | GLOBAL BEST!
Global Improvement: 0.0002929687500000666
  Move 1: GUIDED_SWAP_TO_GBEST | Indices: (63, 166)
  Move 2: GUIDED_SWAP_TO_GBEST | Indices: (77, 218)
  Move 3: GUIDED_SWAP_TO_GBEST | Indices: (68, 180)
  Move 4: GUIDED_SWAP_TO_GBEST | Indices: (199, 124)
  Move 5: GUIDED_SWAP_TO_GBEST | Indices: (73, 85)
  Move 6: GUIDED_SWAP_TO_PBEST | Indices: (85, 73)
  Move 7: GUIDED_SWAP_TO_PBEST | Indices: (124, 199)
  Move 8: GUIDED_SWAP_TO_PBEST | Indices: (77, 218)
  Move 9: GUIDED_SWAP_TO_PBEST | Indices: (68, 180)
  Move 10: GUIDED_SWAP_TO_GBEST | Indices: (124, 199)
  Move 11: GUIDED_SWAP_TO_GBEST | Indices: (77, 218)
  Move 12: GUIDED_SWAP_TO_GBEST | Indices: (68, 180)
=================================================================================
=================================================================================
2026-01-20T11:28:19.396 | Step 71 | Particle 83 | GLOBAL BEST!
Global Improvement: 9.765624999991118e-5
  Move 1: GUIDED_SWAP_TO_PBEST | Indices: (152, 189)
  Move 2: GUIDED_SWAP_TO_PBEST | Indices: (207, 73)
  Move 3: GUIDED_SWAP_TO_GBEST | Indices: (77, 218)
  Move 4: GUIDED_SWAP_TO_GBEST | Indices: (73, 85)
  Move 5: GUIDED_SWAP_TO_GBEST | Indices: (166, 63)
  Move 6: GUIDED_SWAP_TO_PBEST | Indices: (166, 63)
  Move 7: GUIDED_SWAP_TO_PBEST | Indices: (77, 218)
  Move 8: GUIDED_SWAP_TO_PBEST | Indices: (73, 85)
  Move 9: GUIDED_SWAP_TO_GBEST | Indices: (63, 166)
  Move 10: GUIDED_SWAP_TO_GBEST | Indices: (77, 218)
  Move 11: GUIDED_SWAP_TO_GBEST | Indices: (124, 199)
  Move 12: GUIDED_SWAP_TO_GBEST | Indices: (180, 68)
  Move 13: GUIDED_SWAP_TO_PBEST | Indices: (68, 180)
  Move 14: GUIDED_SWAP_TO_PBEST | Indices: (77, 218)
  Move 15: GUIDED_SWAP_TO_PBEST | Indices: (199, 124)
  Move 16: GUIDED_SWAP_TO_PBEST | Indices: (63, 166)
  Move 17: GUIDED_SWAP_TO_GBEST | Indices: (180, 68)
  Move 18: GUIDED_SWAP_TO_GBEST | Indices: (199, 124)
  Move 19: GUIDED_SWAP_TO_GBEST | Indices: (63, 166)
=================================================================================
=================================================================================
2026-01-20T11:28:19.436 | Step 71 | Particle 186 | GLOBAL BEST!
Global Improvement: 0.0003906250000000888
  Move 1: GUIDED_SWAP_TO_GBEST | Indices: (73, 85)
  Move 2: GUIDED_SWAP_TO_GBEST | Indices: (77, 218)
  Move 3: GUIDED_SWAP_TO_GBEST | Indices: (63, 166)
  Move 4: GUIDED_SWAP_TO_PBEST | Indices: (218, 77)
  Move 5: GUIDED_SWAP_TO_PBEST | Indices: (63, 166)
  Move 6: GUIDED_SWAP_TO_PBEST | Indices: (85, 73)
  Move 7: GUIDED_SWAP_TO_GBEST | Indices: (124, 199)
  Move 8: GUIDED_SWAP_TO_GBEST | Indices: (166, 63)
  Move 9: GUIDED_SWAP_TO_GBEST | Indices: (180, 68)
  Move 10: GUIDED_SWAP_TO_GBEST | Indices: (73, 85)
  Move 11: GUIDED_SWAP_TO_PBEST | Indices: (180, 68)
  Move 12: GUIDED_SWAP_TO_PBEST | Indices: (166, 63)
  Move 13: GUIDED_SWAP_TO_PBEST | Indices: (73, 85)
  Move 14: GUIDED_SWAP_TO_GBEST | Indices: (85, 73)
  Move 15: GUIDED_SWAP_TO_GBEST | Indices: (68, 180)
  Move 16: GUIDED_SWAP_TO_GBEST | Indices: (63, 166)
  Move 17: RANDOM_SWAP | Indices: (169, 66)
=================================================================================
=================================================================================
2026-01-20T11:28:19.449 | Step 72 | Particle 10 | GLOBAL BEST!
Global Improvement: 9.765624999991118e-5
  Move 1: GUIDED_SWAP_TO_GBEST | Indices: (169, 66)
  Move 2: GUIDED_SWAP_TO_GBEST | Indices: (63, 166)
  Move 3: GUIDED_SWAP_TO_GBEST | Indices: (124, 199)
  Move 4: GUIDED_SWAP_TO_GBEST | Indices: (180, 68)
  Move 5: GUIDED_SWAP_TO_PBEST | Indices: (124, 199)
  Move 6: GUIDED_SWAP_TO_PBEST | Indices: (166, 63)
  Move 7: GUIDED_SWAP_TO_PBEST | Indices: (66, 169)
  Move 8: GUIDED_SWAP_TO_GBEST | Indices: (199, 124)
  Move 9: GUIDED_SWAP_TO_GBEST | Indices: (66, 169)
  Move 10: GUIDED_SWAP_TO_GBEST | Indices: (63, 166)
=================================================================================
=================================================================================
2026-01-20T11:28:19.462 | Step 72 | Particle 44 | GLOBAL BEST!
Global Improvement: 9.76562500000222e-5
  Move 1: GUIDED_SWAP_TO_GBEST | Indices: (68, 180)
  Move 2: GUIDED_SWAP_TO_GBEST | Indices: (169, 66)
  Move 3: GUIDED_SWAP_TO_GBEST | Indices: (77, 218)
  Move 4: GUIDED_SWAP_TO_PBEST | Indices: (180, 68)
  Move 5: GUIDED_SWAP_TO_PBEST | Indices: (218, 77)
  Move 6: GUIDED_SWAP_TO_PBEST | Indices: (66, 169)
  Move 7: GUIDED_SWAP_TO_GBEST | Indices: (66, 169)
  Move 8: GUIDED_SWAP_TO_GBEST | Indices: (68, 180)
  Move 9: GUIDED_SWAP_TO_GBEST | Indices: (77, 218)
  Move 10: RANDOM_SWAP | Indices: (14, 220)
=================================================================================
=================================================================================
2026-01-20T11:28:19.543 | Step 73 | Particle 47 | GLOBAL BEST!
Global Improvement: 0.0005859375000000222
  Move 1: GUIDED_SWAP_TO_PBEST | Indices: (68, 180)
  Move 2: GUIDED_SWAP_TO_PBEST | Indices: (63, 166)
  Move 3: GUIDED_SWAP_TO_PBEST | Indices: (169, 66)
  Move 4: GUIDED_SWAP_TO_GBEST | Indices: (124, 199)
  Move 5: GUIDED_SWAP_TO_GBEST | Indices: (68, 180)
  Move 6: GUIDED_SWAP_TO_GBEST | Indices: (166, 63)
  Move 7: GUIDED_SWAP_TO_GBEST | Indices: (220, 14)
  Move 8: GUIDED_SWAP_TO_GBEST | Indices: (85, 73)
  Move 9: GUIDED_SWAP_TO_PBEST | Indices: (85, 73)
  Move 10: GUIDED_SWAP_TO_PBEST | Indices: (199, 124)
  Move 11: GUIDED_SWAP_TO_PBEST | Indices: (63, 166)
  Move 12: GUIDED_SWAP_TO_PBEST | Indices: (220, 14)
  Move 13: GUIDED_SWAP_TO_GBEST | Indices: (85, 73)
  Move 14: GUIDED_SWAP_TO_GBEST | Indices: (169, 66)
  Move 15: GUIDED_SWAP_TO_GBEST | Indices: (166, 63)
  Move 16: GUIDED_SWAP_TO_GBEST | Indices: (14, 220)
  Move 17: GUIDED_SWAP_TO_PBEST | Indices: (220, 14)
  Move 18: GUIDED_SWAP_TO_PBEST | Indices: (166, 63)
  Move 19: GUIDED_SWAP_TO_PBEST | Indices: (68, 180)
  Move 20: GUIDED_SWAP_TO_GBEST | Indices: (199, 124)
  Move 21: GUIDED_SWAP_TO_GBEST | Indices: (166, 63)
  Move 22: GUIDED_SWAP_TO_GBEST | Indices: (14, 220)
=================================================================================
=================================================================================
2026-01-20T11:28:19.820 | Step 76 | Particle 154 | GLOBAL BEST!
Global Improvement: 9.76562500000222e-5
  Move 1: GUIDED_SWAP_TO_PBEST | Indices: (19, 141)
  Move 2: GUIDED_SWAP_TO_PBEST | Indices: (195, 21)
  Move 3: GUIDED_SWAP_TO_PBEST | Indices: (106, 87)
  Move 4: GUIDED_SWAP_TO_GBEST | Indices: (255, 186)
  Move 5: GUIDED_SWAP_TO_GBEST | Indices: (53, 28)
  Move 6: GUIDED_SWAP_TO_PBEST | Indices: (180, 68)
  Move 7: GUIDED_SWAP_TO_GBEST | Indices: (68, 180)
  Move 8: RANDOM_SWAP | Indices: (12, 230)
=================================================================================
=================================================================================
2026-01-20T11:28:19.836 | Step 76 | Particle 194 | GLOBAL BEST!
Global Improvement: 9.76562500000222e-5
  Move 1: GUIDED_SWAP_TO_PBEST | Indices: (215, 44)
  Move 2: GUIDED_SWAP_TO_PBEST | Indices: (129, 193)
  Move 3: GUIDED_SWAP_TO_PBEST | Indices: (153, 93)
  Move 4: GUIDED_SWAP_TO_GBEST | Indices: (231, 184)
  Move 5: GUIDED_SWAP_TO_GBEST | Indices: (212, 247)
  Move 6: RANDOM_SWAP | Indices: (31, 173)
=================================================================================
=================================================================================
2026-01-20T11:28:20.626 | Step 87 | Particle 7 | GLOBAL BEST!
Global Improvement: 0.0009765625
  Move 1: RANDOM_SWAP | Indices: (173, 108)
=================================================================================
=================================================================================
2026-01-20T11:28:21.529 | Step 98 | Particle 125 | GLOBAL BEST!
Global Improvement: 0.0003906249999999778
  Move 1: GUIDED_SWAP_TO_PBEST | Indices: (170, 182)
  Move 2: GUIDED_SWAP_TO_PBEST | Indices: (202, 236)
  Move 3: GUIDED_SWAP_TO_PBEST | Indices: (133, 15)
  Move 4: GUIDED_SWAP_TO_GBEST | Indices: (31, 67)
  Move 5: RANDOM_SWAP | Indices: (240, 128)
  Move 6: RANDOM_SWAP | Indices: (181, 46)
  Move 7: RANDOM_SWAP | Indices: (25, 166)
=================================================================================
=================================================================================
2026-01-20T11:28:22.061 | Step 99 | Particle 99 | GLOBAL BEST!
Global Improvement: 0.0007812500000000666
  Move 1: GUIDED_SWAP_TO_GBEST | Indices: (46, 181)
  Move 2: GUIDED_SWAP_TO_GBEST | Indices: (240, 128)
  Move 3: GUIDED_SWAP_TO_GBEST | Indices: (166, 25)
  Move 4: GUIDED_SWAP_TO_PBEST | Indices: (128, 240)
  Move 5: GUIDED_SWAP_TO_PBEST | Indices: (166, 25)
  Move 6: GUIDED_SWAP_TO_PBEST | Indices: (181, 46)
  Move 7: GUIDED_SWAP_TO_GBEST | Indices: (166, 25)
  Move 8: GUIDED_SWAP_TO_GBEST | Indices: (240, 128)
  Move 9: GUIDED_SWAP_TO_GBEST | Indices: (46, 181)
  Move 10: RANDOM_SWAP | Indices: (122, 132)
=================================================================================
=================================================================================
2026-01-20T11:28:22.160 | Step 100 | Particle 88 | GLOBAL BEST!
Global Improvement: 9.765624999991118e-5
  Move 1: GUIDED_SWAP_TO_GBEST | Indices: (132, 122)
  Move 2: GUIDED_SWAP_TO_PBEST | Indices: (132, 122)
  Move 3: GUIDED_SWAP_TO_GBEST | Indices: (122, 132)
  Move 4: GUIDED_SWAP_TO_PBEST | Indices: (132, 122)
  Move 5: GUIDED_SWAP_TO_GBEST | Indices: (132, 122)
  Move 6: RANDOM_SWAP | Indices: (61, 181)
=================================================================================
=================================================================================
2026-01-20T11:28:22.231 | Step 101 | Particle 66 | GLOBAL BEST!
Global Improvement: 0.0001953125000000444
  Move 1: GUIDED_SWAP_TO_PBEST | Indices: (221, 45)
  Move 2: GUIDED_SWAP_TO_PBEST | Indices: (43, 236)
  Move 3: GUIDED_SWAP_TO_PBEST | Indices: (74, 171)
  Move 4: GUIDED_SWAP_TO_GBEST | Indices: (181, 61)
  Move 5: GUIDED_SWAP_TO_GBEST | Indices: (25, 166)
  Move 6: GUIDED_SWAP_TO_GBEST | Indices: (165, 97)
  Move 7: GUIDED_SWAP_TO_GBEST | Indices: (116, 208)
  Move 8: GUIDED_SWAP_TO_PBEST | Indices: (46, 61)
  Move 9: GUIDED_SWAP_TO_PBEST | Indices: (181, 61)
  Move 10: GUIDED_SWAP_TO_PBEST | Indices: (25, 166)
  Move 11: GUIDED_SWAP_TO_PBEST | Indices: (132, 122)
  Move 12: GUIDED_SWAP_TO_GBEST | Indices: (181, 61)
  Move 13: GUIDED_SWAP_TO_GBEST | Indices: (132, 122)
  Move 14: GUIDED_SWAP_TO_GBEST | Indices: (61, 46)
  Move 15: GUIDED_SWAP_TO_GBEST | Indices: (25, 166)
  Move 16: GUIDED_SWAP_TO_PBEST | Indices: (128, 240)
  Move 17: GUIDED_SWAP_TO_PBEST | Indices: (166, 25)
  Move 18: GUIDED_SWAP_TO_PBEST | Indices: (132, 122)
  Move 19: GUIDED_SWAP_TO_PBEST | Indices: (46, 61)
  Move 20: GUIDED_SWAP_TO_GBEST | Indices: (61, 46)
  Move 21: GUIDED_SWAP_TO_GBEST | Indices: (240, 128)
  Move 22: GUIDED_SWAP_TO_GBEST | Indices: (132, 122)
=================================================================================
=================================================================================
2026-01-20T11:28:24.569 | Step 130 | Particle 118 | GLOBAL BEST!
Global Improvement: 9.76562500000222e-5
  Move 1: GUIDED_SWAP_TO_PBEST | Indices: (222, 121)
  Move 2: GUIDED_SWAP_TO_PBEST | Indices: (99, 26)
  Move 3: GUIDED_SWAP_TO_PBEST | Indices: (172, 146)
  Move 4: GUIDED_SWAP_TO_PBEST | Indices: (21, 194)
  Move 5: RANDOM_SWAP | Indices: (85, 206)
=================================================================================
=================================================================================
2026-01-20T11:28:28.736 | Step 180 | Particle 115 | GLOBAL BEST!
Global Improvement: 0.0007812500000000666
  Move 1: RANDOM_SWAP | Indices: (19, 256)
=================================================================================
=================================================================================
2026-01-20T11:29:18.977 | Step 773 | Particle 161 | GLOBAL BEST!
Global Improvement: 0.0003906249999999778
  Move 1: RANDOM_SWAP | Indices: (238, 180)
=================================================================================
=================================================================================
2026-01-20T11:29:19.406 | Step 779 | Particle 53 | GLOBAL BEST!
Global Improvement: 0.0002929687499999556
  Move 1: RANDOM_SWAP | Indices: (41, 53)
=================================================================================
=================================================================================
2026-01-20T11:29:19.762 | Step 783 | Particle 164 | GLOBAL BEST!
Global Improvement: 0.00048828125
  Move 1: RANDOM_SWAP | Indices: (177, 129)
=================================================================================
=================================================================================
2026-01-20T11:29:21.540 | Step 802 | Particle 94 | GLOBAL BEST!
Global Improvement: 0.0001953125000000444
  Move 1: RANDOM_SWAP | Indices: (82, 213)
=================================================================================
=================================================================================
2026-01-20T11:29:21.767 | Step 805 | Particle 64 | GLOBAL BEST!
Global Improvement: 9.76562500000222e-5
  Move 1: RANDOM_SWAP | Indices: (146, 64)
=================================================================================
=================================================================================
2026-01-20T11:29:28.501 | Step 870 | Particle 199 | GLOBAL BEST!
Global Improvement: 0.0006835937499999334
  Move 1: RANDOM_SWAP | Indices: (197, 12)
=================================================================================
=================================================================================
2026-01-20T11:29:32.176 | Step 900 | Particle 2 | GLOBAL BEST!
Global Improvement: 9.76562500000222e-5
  Move 1: GUIDED_SWAP_TO_PBEST | Indices: (19, 154)
  Move 2: GUIDED_SWAP_TO_PBEST | Indices: (174, 107)
  Move 3: GUIDED_SWAP_TO_PBEST | Indices: (12, 83)
  Move 4: GUIDED_SWAP_TO_PBEST | Indices: (156, 193)
  Move 5: GUIDED_SWAP_TO_GBEST | Indices: (228, 78)
  Move 6: RANDOM_SWAP | Indices: (76, 220)
=================================================================================
=================================================================================
2026-01-20T11:29:34.096 | Step 922 | Particle 101 | GLOBAL BEST!
Global Improvement: 9.765624999991118e-5
  Move 1: GUIDED_SWAP_TO_PBEST | Indices: (71, 107)
  Move 2: GUIDED_SWAP_TO_PBEST | Indices: (190, 13)
  Move 3: GUIDED_SWAP_TO_PBEST | Indices: (241, 249)
  Move 4: GUIDED_SWAP_TO_PBEST | Indices: (174, 37)
  Move 5: GUIDED_SWAP_TO_PBEST | Indices: (83, 143)
  Move 6: RANDOM_SWAP | Indices: (200, 242)
=================================================================================
