# V3: TRIPLE SWAP KAPALI - Ablation Study
# Started on: 2026-01-21T20:50:33.587

=================================================================================
2026-01-21T20:50:33.806 | Step 1 | Particle 3 | GLOBAL BEST!
Global Improvement: 0.0024023437500000355
  Move 1: RANDOM_SWAP | Indices: (69, 146)
  Move 2: RANDOM_SWAP | Indices: (98, 101)
  Move 3: RANDOM_SWAP | Indices: (92, 103)
  Move 4: RANDOM_SWAP | Indices: (105, 151)
=================================================================================
=================================================================================
2026-01-21T20:50:33.826 | Step 1 | Particle 8 | GLOBAL BEST!
Global Improvement: 0.0017122395833333304
  Move 1: RANDOM_SWAP | Indices: (190, 207)
  Move 2: RANDOM_SWAP | Indices: (84, 44)
  Move 3: RANDOM_SWAP | Indices: (153, 33)
  Move 4: RANDOM_SWAP | Indices: (195, 37)
  Move 5: RANDOM_SWAP | Indices: (4, 86)
=================================================================================
=================================================================================
2026-01-21T20:50:33.871 | Step 1 | Particle 122 | GLOBAL BEST!
Global Improvement: 0.0015600198412699662
  Move 1: RANDOM_SWAP | Indices: (58, 252)
  Move 2: RANDOM_SWAP | Indices: (184, 139)
  Move 3: RANDOM_SWAP | Indices: (229, 48)
  Move 4: RANDOM_SWAP | Indices: (125, 66)
=================================================================================
=================================================================================
2026-01-21T20:50:34.514 | Step 2 | Particle 7 | GLOBAL BEST!
Global Improvement: 0.0014192708333333748
  Move 1: GUIDED_SWAP_TO_GBEST | Indices: (48, 229)
  Move 2: GUIDED_SWAP_TO_GBEST | Indices: (184, 139)
  Move 3: GUIDED_SWAP_TO_GBEST | Indices: (58, 252)
  Move 4: GUIDED_SWAP_TO_GBEST | Indices: (125, 66)
  Move 5: GUIDED_SWAP_TO_PBEST | Indices: (125, 66)
  Move 6: GUIDED_SWAP_TO_PBEST | Indices: (48, 229)
  Move 7: GUIDED_SWAP_TO_PBEST | Indices: (252, 58)
  Move 8: GUIDED_SWAP_TO_GBEST | Indices: (229, 48)
  Move 9: GUIDED_SWAP_TO_GBEST | Indices: (66, 125)
  Move 10: GUIDED_SWAP_TO_GBEST | Indices: (252, 58)
  Move 11: GUIDED_SWAP_TO_PBEST | Indices: (48, 229)
  Move 12: GUIDED_SWAP_TO_PBEST | Indices: (58, 252)
  Move 13: GUIDED_SWAP_TO_PBEST | Indices: (125, 66)
  Move 14: GUIDED_SWAP_TO_PBEST | Indices: (184, 139)
  Move 15: GUIDED_SWAP_TO_GBEST | Indices: (125, 66)
  Move 16: GUIDED_SWAP_TO_GBEST | Indices: (48, 229)
  Move 17: GUIDED_SWAP_TO_GBEST | Indices: (139, 184)
  Move 18: RANDOM_SWAP | Indices: (67, 164)
  Move 19: RANDOM_SWAP | Indices: (158, 213)
  Move 20: RANDOM_SWAP | Indices: (54, 70)
  Move 21: RANDOM_SWAP | Indices: (88, 200)
=================================================================================
=================================================================================
2026-01-21T20:50:34.514 | Step 2 | Particle 8 | GLOBAL BEST!
Global Improvement: 0.0016666666666664831
  Move 1: GUIDED_SWAP_TO_GBEST | Indices: (252, 58)
  Move 2: GUIDED_SWAP_TO_GBEST | Indices: (84, 44)
  Move 3: GUIDED_SWAP_TO_GBEST | Indices: (153, 33)
  Move 4: GUIDED_SWAP_TO_GBEST | Indices: (86, 4)
  Move 5: GUIDED_SWAP_TO_GBEST | Indices: (66, 125)
  Move 6: GUIDED_SWAP_TO_GBEST | Indices: (184, 139)
  Move 7: GUIDED_SWAP_TO_GBEST | Indices: (48, 229)
  Move 8: GUIDED_SWAP_TO_PBEST | Indices: (125, 66)
  Move 9: GUIDED_SWAP_TO_PBEST | Indices: (139, 184)
  Move 10: GUIDED_SWAP_TO_PBEST | Indices: (48, 229)
  Move 11: GUIDED_SWAP_TO_PBEST | Indices: (252, 58)
  Move 12: GUIDED_SWAP_TO_GBEST | Indices: (48, 229)
  Move 13: GUIDED_SWAP_TO_GBEST | Indices: (58, 252)
  Move 14: GUIDED_SWAP_TO_GBEST | Indices: (184, 139)
  Move 15: GUIDED_SWAP_TO_GBEST | Indices: (66, 125)
  Move 16: GUIDED_SWAP_TO_GBEST | Indices: (37, 195)
  Move 17: RANDOM_SWAP | Indices: (92, 17)
  Move 18: RANDOM_SWAP | Indices: (208, 171)
  Move 19: RANDOM_SWAP | Indices: (229, 73)
=================================================================================
=================================================================================
2026-01-21T20:50:34.516 | Step 2 | Particle 11 | GLOBAL BEST!
Global Improvement: 0.0034219990079364937
  Move 1: GUIDED_SWAP_TO_GBEST | Indices: (48, 229)
  Move 2: GUIDED_SWAP_TO_GBEST | Indices: (102, 3)
  Move 3: GUIDED_SWAP_TO_GBEST | Indices: (139, 184)
  Move 4: GUIDED_SWAP_TO_GBEST | Indices: (125, 66)
  Move 5: GUIDED_SWAP_TO_PBEST | Indices: (48, 229)
  Move 6: GUIDED_SWAP_TO_PBEST | Indices: (139, 184)
  Move 7: GUIDED_SWAP_TO_PBEST | Indices: (102, 3)
  Move 8: GUIDED_SWAP_TO_PBEST | Indices: (66, 125)
  Move 9: GUIDED_SWAP_TO_GBEST | Indices: (102, 3)
  Move 10: GUIDED_SWAP_TO_GBEST | Indices: (125, 66)
  Move 11: GUIDED_SWAP_TO_GBEST | Indices: (139, 184)
  Move 12: GUIDED_SWAP_TO_GBEST | Indices: (252, 58)
  Move 13: GUIDED_SWAP_TO_GBEST | Indices: (229, 48)
  Move 14: GUIDED_SWAP_TO_PBEST | Indices: (252, 58)
  Move 15: GUIDED_SWAP_TO_PBEST | Indices: (229, 48)
  Move 16: GUIDED_SWAP_TO_PBEST | Indices: (184, 139)
  Move 17: GUIDED_SWAP_TO_PBEST | Indices: (3, 102)
  Move 18: GUIDED_SWAP_TO_GBEST | Indices: (48, 229)
  Move 19: GUIDED_SWAP_TO_GBEST | Indices: (3, 102)
  Move 20: GUIDED_SWAP_TO_GBEST | Indices: (252, 58)
  Move 21: RANDOM_SWAP | Indices: (169, 256)
  Move 22: RANDOM_SWAP | Indices: (184, 43)
  Move 23: RANDOM_SWAP | Indices: (20, 127)
=================================================================================
=================================================================================
2026-01-21T20:50:34.993 | Step 3 | Particle 17 | GLOBAL BEST!
Global Improvement: 0.000540364583333286
  Move 1: GUIDED_SWAP_TO_GBEST | Indices: (20, 127)
  Move 2: GUIDED_SWAP_TO_GBEST | Indices: (184, 43)
  Move 3: GUIDED_SWAP_TO_GBEST | Indices: (43, 139)
  Move 4: GUIDED_SWAP_TO_PBEST | Indices: (139, 43)
  Move 5: GUIDED_SWAP_TO_PBEST | Indices: (20, 127)
  Move 6: GUIDED_SWAP_TO_PBEST | Indices: (184, 43)
  Move 7: GUIDED_SWAP_TO_GBEST | Indices: (139, 184)
  Move 8: GUIDED_SWAP_TO_GBEST | Indices: (20, 127)
  Move 9: GUIDED_SWAP_TO_GBEST | Indices: (256, 169)
  Move 10: GUIDED_SWAP_TO_GBEST | Indices: (184, 43)
  Move 11: GUIDED_SWAP_TO_PBEST | Indices: (20, 127)
  Move 12: GUIDED_SWAP_TO_PBEST | Indices: (256, 169)
  Move 13: GUIDED_SWAP_TO_PBEST | Indices: (139, 43)
  Move 14: GUIDED_SWAP_TO_GBEST | Indices: (256, 169)
  Move 15: GUIDED_SWAP_TO_GBEST | Indices: (20, 127)
  Move 16: GUIDED_SWAP_TO_GBEST | Indices: (43, 139)
  Move 17: RANDOM_SWAP | Indices: (188, 107)
=================================================================================
=================================================================================
2026-01-21T20:50:34.998 | Step 3 | Particle 27 | GLOBAL BEST!
Global Improvement: 0.0013736979166667496
  Move 1: GUIDED_SWAP_TO_GBEST | Indices: (5, 206)
  Move 2: GUIDED_SWAP_TO_GBEST | Indices: (43, 139)
  Move 3: GUIDED_SWAP_TO_GBEST | Indices: (20, 127)
  Move 4: GUIDED_SWAP_TO_GBEST | Indices: (139, 184)
  Move 5: GUIDED_SWAP_TO_GBEST | Indices: (93, 108)
  Move 6: GUIDED_SWAP_TO_GBEST | Indices: (256, 169)
  Move 7: RANDOM_SWAP | Indices: (8, 85)
=================================================================================
=================================================================================
2026-01-21T20:50:35.238 | Step 4 | Particle 27 | GLOBAL BEST!
Global Improvement: 0.0003906249999998668
  Move 1: RANDOM_SWAP | Indices: (79, 106)
  Move 2: RANDOM_SWAP | Indices: (221, 81)
  Move 3: RANDOM_SWAP | Indices: (56, 239)
=================================================================================
=================================================================================
2026-01-21T20:50:35.246 | Step 4 | Particle 47 | GLOBAL BEST!
Global Improvement: 0.0001953125000000444
  Move 1: GUIDED_SWAP_TO_GBEST | Indices: (196, 95)
  Move 2: GUIDED_SWAP_TO_GBEST | Indices: (85, 8)
  Move 3: GUIDED_SWAP_TO_PBEST | Indices: (196, 95)
  Move 4: GUIDED_SWAP_TO_PBEST | Indices: (8, 85)
  Move 5: GUIDED_SWAP_TO_GBEST | Indices: (95, 196)
  Move 6: GUIDED_SWAP_TO_GBEST | Indices: (85, 8)
  Move 7: RANDOM_SWAP | Indices: (25, 21)
  Move 8: RANDOM_SWAP | Indices: (251, 24)
=================================================================================
=================================================================================
2026-01-21T20:50:35.289 | Step 4 | Particle 153 | GLOBAL BEST!
Global Improvement: 0.0001497395833334192
  Move 1: GUIDED_SWAP_TO_GBEST | Indices: (21, 62)
  Move 2: GUIDED_SWAP_TO_GBEST | Indices: (8, 85)
  Move 3: GUIDED_SWAP_TO_GBEST | Indices: (199, 12)
  Move 4: GUIDED_SWAP_TO_PBEST | Indices: (8, 85)
  Move 5: GUIDED_SWAP_TO_PBEST | Indices: (199, 12)
  Move 6: GUIDED_SWAP_TO_PBEST | Indices: (62, 21)
  Move 7: GUIDED_SWAP_TO_GBEST | Indices: (199, 12)
  Move 8: GUIDED_SWAP_TO_GBEST | Indices: (21, 62)
  Move 9: GUIDED_SWAP_TO_GBEST | Indices: (8, 85)
  Move 10: GUIDED_SWAP_TO_PBEST | Indices: (12, 199)
  Move 11: GUIDED_SWAP_TO_PBEST | Indices: (21, 62)
  Move 12: GUIDED_SWAP_TO_PBEST | Indices: (8, 85)
  Move 13: GUIDED_SWAP_TO_GBEST | Indices: (62, 21)
  Move 14: GUIDED_SWAP_TO_GBEST | Indices: (85, 8)
  Move 15: GUIDED_SWAP_TO_GBEST | Indices: (199, 12)
  Move 16: RANDOM_SWAP | Indices: (79, 87)
=================================================================================
=================================================================================
2026-01-21T20:50:35.305 | Step 4 | Particle 193 | GLOBAL BEST!
Global Improvement: 0.001028645833333286
  Move 1: GUIDED_SWAP_TO_GBEST | Indices: (127, 20)
  Move 2: GUIDED_SWAP_TO_GBEST | Indices: (46, 35)
  Move 3: GUIDED_SWAP_TO_GBEST | Indices: (207, 15)
  Move 4: GUIDED_SWAP_TO_GBEST | Indices: (85, 8)
  Move 5: GUIDED_SWAP_TO_GBEST | Indices: (184, 43)
  Move 6: GUIDED_SWAP_TO_GBEST | Indices: (169, 256)
  Move 7: GUIDED_SWAP_TO_GBEST | Indices: (43, 139)
  Move 8: GUIDED_SWAP_TO_PBEST | Indices: (256, 169)
  Move 9: GUIDED_SWAP_TO_PBEST | Indices: (35, 46)
  Move 10: GUIDED_SWAP_TO_PBEST | Indices: (8, 85)
  Move 11: GUIDED_SWAP_TO_GBEST | Indices: (169, 256)
  Move 12: GUIDED_SWAP_TO_GBEST | Indices: (46, 35)
  Move 13: GUIDED_SWAP_TO_GBEST | Indices: (85, 8)
  Move 14: RANDOM_SWAP | Indices: (170, 210)
  Move 15: RANDOM_SWAP | Indices: (237, 235)
  Move 16: RANDOM_SWAP | Indices: (146, 18)
=================================================================================
=================================================================================
2026-01-21T20:50:35.555 | Step 5 | Particle 120 | GLOBAL BEST!
Global Improvement: 0.000540364583333286
  Move 1: GUIDED_SWAP_TO_GBEST | Indices: (146, 18)
  Move 2: GUIDED_SWAP_TO_GBEST | Indices: (170, 210)
  Move 3: GUIDED_SWAP_TO_GBEST | Indices: (237, 235)
  Move 4: GUIDED_SWAP_TO_PBEST | Indices: (210, 170)
  Move 5: GUIDED_SWAP_TO_PBEST | Indices: (237, 235)
  Move 6: GUIDED_SWAP_TO_PBEST | Indices: (146, 18)
  Move 7: GUIDED_SWAP_TO_GBEST | Indices: (235, 237)
  Move 8: GUIDED_SWAP_TO_GBEST | Indices: (170, 210)
  Move 9: GUIDED_SWAP_TO_GBEST | Indices: (18, 146)
  Move 10: RANDOM_SWAP | Indices: (71, 106)
=================================================================================
=================================================================================
2026-01-21T20:50:35.570 | Step 5 | Particle 157 | GLOBAL BEST!
Global Improvement: 0.0005859375000001332
  Move 1: GUIDED_SWAP_TO_GBEST | Indices: (18, 146)
  Move 2: GUIDED_SWAP_TO_GBEST | Indices: (115, 51)
  Move 3: GUIDED_SWAP_TO_GBEST | Indices: (256, 169)
  Move 4: GUIDED_SWAP_TO_GBEST | Indices: (88, 153)
  Move 5: GUIDED_SWAP_TO_PBEST | Indices: (51, 115)
  Move 6: GUIDED_SWAP_TO_PBEST | Indices: (256, 169)
  Move 7: GUIDED_SWAP_TO_PBEST | Indices: (146, 18)
  Move 8: GUIDED_SWAP_TO_GBEST | Indices: (51, 115)
  Move 9: GUIDED_SWAP_TO_GBEST | Indices: (18, 146)
  Move 10: GUIDED_SWAP_TO_GBEST | Indices: (256, 169)
  Move 11: GUIDED_SWAP_TO_GBEST | Indices: (235, 237)
  Move 12: GUIDED_SWAP_TO_PBEST | Indices: (51, 115)
  Move 13: GUIDED_SWAP_TO_PBEST | Indices: (237, 235)
  Move 14: GUIDED_SWAP_TO_PBEST | Indices: (18, 146)
  Move 15: GUIDED_SWAP_TO_PBEST | Indices: (88, 153)
  Move 16: GUIDED_SWAP_TO_GBEST | Indices: (210, 170)
  Move 17: GUIDED_SWAP_TO_GBEST | Indices: (237, 235)
  Move 18: GUIDED_SWAP_TO_GBEST | Indices: (115, 51)
  Move 19: GUIDED_SWAP_TO_GBEST | Indices: (85, 8)
  Move 20: GUIDED_SWAP_TO_GBEST | Indices: (18, 146)
=================================================================================
=================================================================================
2026-01-21T20:50:35.811 | Step 6 | Particle 75 | GLOBAL BEST!
Global Improvement: 9.765624999991118e-5
  Move 1: GUIDED_SWAP_TO_PBEST | Indices: (94, 120)
  Move 2: GUIDED_SWAP_TO_PBEST | Indices: (205, 124)
  Move 3: GUIDED_SWAP_TO_PBEST | Indices: (210, 170)
  Move 4: GUIDED_SWAP_TO_PBEST | Indices: (18, 146)
  Move 5: GUIDED_SWAP_TO_PBEST | Indices: (20, 55)
  Move 6: GUIDED_SWAP_TO_PBEST | Indices: (251, 235)
  Move 7: GUIDED_SWAP_TO_GBEST | Indices: (18, 146)
  Move 8: GUIDED_SWAP_TO_GBEST | Indices: (237, 235)
  Move 9: GUIDED_SWAP_TO_GBEST | Indices: (88, 153)
  Move 10: GUIDED_SWAP_TO_GBEST | Indices: (94, 120)
=================================================================================
=================================================================================
2026-01-21T20:50:35.830 | Step 6 | Particle 124 | GLOBAL BEST!
Global Improvement: 0.0003906250000000888
  Move 1: GUIDED_SWAP_TO_GBEST | Indices: (235, 237)
  Move 2: GUIDED_SWAP_TO_GBEST | Indices: (256, 169)
  Move 3: GUIDED_SWAP_TO_GBEST | Indices: (153, 88)
  Move 4: GUIDED_SWAP_TO_PBEST | Indices: (169, 256)
  Move 5: GUIDED_SWAP_TO_PBEST | Indices: (88, 153)
  Move 6: GUIDED_SWAP_TO_PBEST | Indices: (237, 235)
  Move 7: GUIDED_SWAP_TO_GBEST | Indices: (237, 235)
  Move 8: GUIDED_SWAP_TO_GBEST | Indices: (256, 169)
  Move 9: GUIDED_SWAP_TO_GBEST | Indices: (153, 88)
  Move 10: RANDOM_SWAP | Indices: (188, 189)
=================================================================================
=================================================================================
2026-01-21T20:50:35.844 | Step 6 | Particle 160 | GLOBAL BEST!
Global Improvement: 0.001080729166666572
  Move 1: GUIDED_SWAP_TO_GBEST | Indices: (85, 8)
  Move 2: GUIDED_SWAP_TO_GBEST | Indices: (22, 108)
  Move 3: GUIDED_SWAP_TO_GBEST | Indices: (153, 88)
  Move 4: GUIDED_SWAP_TO_PBEST | Indices: (8, 85)
  Move 5: GUIDED_SWAP_TO_PBEST | Indices: (88, 153)
  Move 6: GUIDED_SWAP_TO_PBEST | Indices: (22, 108)
  Move 7: GUIDED_SWAP_TO_GBEST | Indices: (22, 108)
  Move 8: GUIDED_SWAP_TO_GBEST | Indices: (85, 8)
  Move 9: GUIDED_SWAP_TO_GBEST | Indices: (153, 88)
  Move 10: RANDOM_SWAP | Indices: (256, 131)
  Move 11: RANDOM_SWAP | Indices: (62, 15)
=================================================================================
=================================================================================
2026-01-21T20:50:36.047 | Step 7 | Particle 30 | GLOBAL BEST!
Global Improvement: 0.0006835937500000444
  Move 1: GUIDED_SWAP_TO_GBEST | Indices: (131, 256)
  Move 2: GUIDED_SWAP_TO_GBEST | Indices: (62, 15)
  Move 3: GUIDED_SWAP_TO_PBEST | Indices: (15, 62)
  Move 4: GUIDED_SWAP_TO_PBEST | Indices: (256, 131)
  Move 5: GUIDED_SWAP_TO_GBEST | Indices: (15, 62)
  Move 6: GUIDED_SWAP_TO_GBEST | Indices: (131, 256)
  Move 7: RANDOM_SWAP | Indices: (84, 157)
=================================================================================
=================================================================================
2026-01-21T20:50:36.197 | Step 8 | Particle 189 | GLOBAL BEST!
Global Improvement: 0.0006380208333334192
  Move 1: GUIDED_SWAP_TO_GBEST | Indices: (84, 157)
  Move 2: RANDOM_SWAP | Indices: (2, 79)
  Move 3: RANDOM_SWAP | Indices: (155, 193)
=================================================================================
=================================================================================
2026-01-21T20:50:36.204 | Step 9 | Particle 2 | GLOBAL BEST!
Global Improvement: 9.765624999991118e-5
  Move 1: GUIDED_SWAP_TO_GBEST | Indices: (168, 205)
  Move 2: GUIDED_SWAP_TO_GBEST | Indices: (136, 44)
  Move 3: GUIDED_SWAP_TO_GBEST | Indices: (2, 79)
  Move 4: GUIDED_SWAP_TO_GBEST | Indices: (30, 88)
  Move 5: GUIDED_SWAP_TO_PBEST | Indices: (168, 205)
  Move 6: GUIDED_SWAP_TO_PBEST | Indices: (44, 136)
  Move 7: GUIDED_SWAP_TO_PBEST | Indices: (2, 79)
  Move 8: GUIDED_SWAP_TO_PBEST | Indices: (88, 30)
  Move 9: GUIDED_SWAP_TO_GBEST | Indices: (88, 30)
  Move 10: GUIDED_SWAP_TO_GBEST | Indices: (79, 2)
  Move 11: GUIDED_SWAP_TO_GBEST | Indices: (205, 168)
  Move 12: GUIDED_SWAP_TO_GBEST | Indices: (155, 193)
=================================================================================
=================================================================================
2026-01-21T20:50:36.300 | Step 10 | Particle 36 | GLOBAL BEST!
Global Improvement: 0.0008333333333332416
  Move 1: GUIDED_SWAP_TO_GBEST | Indices: (193, 155)
  Move 2: GUIDED_SWAP_TO_GBEST | Indices: (61, 41)
  Move 3: GUIDED_SWAP_TO_GBEST | Indices: (157, 84)
  Move 4: GUIDED_SWAP_TO_GBEST | Indices: (2, 79)
  Move 5: GUIDED_SWAP_TO_PBEST | Indices: (79, 2)
  Move 6: GUIDED_SWAP_TO_PBEST | Indices: (193, 155)
  Move 7: GUIDED_SWAP_TO_PBEST | Indices: (157, 84)
  Move 8: GUIDED_SWAP_TO_PBEST | Indices: (61, 41)
  Move 9: GUIDED_SWAP_TO_GBEST | Indices: (157, 84)
  Move 10: GUIDED_SWAP_TO_GBEST | Indices: (2, 79)
  Move 11: GUIDED_SWAP_TO_GBEST | Indices: (61, 41)
=================================================================================
=================================================================================
2026-01-21T20:50:36.325 | Step 10 | Particle 101 | GLOBAL BEST!
Global Improvement: 9.765625000013323e-5
  Move 1: GUIDED_SWAP_TO_GBEST | Indices: (170, 210)
  Move 2: GUIDED_SWAP_TO_GBEST | Indices: (155, 193)
  Move 3: GUIDED_SWAP_TO_GBEST | Indices: (136, 44)
  Move 4: GUIDED_SWAP_TO_GBEST | Indices: (61, 41)
  Move 5: GUIDED_SWAP_TO_PBEST | Indices: (170, 210)
  Move 6: GUIDED_SWAP_TO_PBEST | Indices: (44, 136)
  Move 7: GUIDED_SWAP_TO_PBEST | Indices: (41, 61)
  Move 8: GUIDED_SWAP_TO_GBEST | Indices: (153, 88)
  Move 9: GUIDED_SWAP_TO_GBEST | Indices: (84, 157)
  Move 10: GUIDED_SWAP_TO_GBEST | Indices: (79, 2)
  Move 11: GUIDED_SWAP_TO_GBEST | Indices: (44, 136)
  Move 12: GUIDED_SWAP_TO_GBEST | Indices: (61, 41)
=================================================================================
=================================================================================
2026-01-21T20:50:36.479 | Step 12 | Particle 81 | GLOBAL BEST!
Global Improvement: 0.00024739583333333037
  Move 1: GUIDED_SWAP_TO_PBEST | Indices: (136, 171)
  Move 2: GUIDED_SWAP_TO_PBEST | Indices: (111, 16)
  Move 3: GUIDED_SWAP_TO_PBEST | Indices: (239, 176)
  Move 4: GUIDED_SWAP_TO_PBEST | Indices: (170, 210)
  Move 5: GUIDED_SWAP_TO_GBEST | Indices: (210, 170)
  Move 6: RANDOM_SWAP | Indices: (112, 163)
=================================================================================
=================================================================================
2026-01-21T20:50:37.393 | Step 13 | Particle 75 | GLOBAL BEST!
Global Improvement: 0.0002929687499999556
  Move 1: GUIDED_SWAP_TO_GBEST | Indices: (163, 112)
  Move 2: GUIDED_SWAP_TO_PBEST | Indices: (163, 112)
  Move 3: GUIDED_SWAP_TO_GBEST | Indices: (112, 163)
  Move 4: GUIDED_SWAP_TO_PBEST | Indices: (112, 163)
  Move 5: GUIDED_SWAP_TO_GBEST | Indices: (112, 163)
  Move 6: RANDOM_SWAP | Indices: (8, 17)
=================================================================================
=================================================================================
2026-01-21T20:50:37.420 | Step 13 | Particle 142 | GLOBAL BEST!
Global Improvement: 0.0004427083333333748
  Move 1: GUIDED_SWAP_TO_GBEST | Indices: (203, 6)
  Move 2: GUIDED_SWAP_TO_GBEST | Indices: (112, 163)
  Move 3: RANDOM_SWAP | Indices: (186, 217)
=================================================================================
=================================================================================
2026-01-21T20:50:37.808 | Step 18 | Particle 103 | GLOBAL BEST!
Global Improvement: 9.765624999991118e-5
  Move 1: GUIDED_SWAP_TO_GBEST | Indices: (206, 158)
  Move 2: GUIDED_SWAP_TO_GBEST | Indices: (86, 70)
  Move 3: GUIDED_SWAP_TO_GBEST | Indices: (212, 234)
  Move 4: GUIDED_SWAP_TO_GBEST | Indices: (84, 132)
  Move 5: RANDOM_SWAP | Indices: (92, 81)
=================================================================================
=================================================================================
2026-01-21T20:50:38.568 | Step 21 | Particle 63 | GLOBAL BEST!
Global Improvement: 0.0001953125000000444
  Move 1: RANDOM_SWAP | Indices: (2, 150)
  Move 2: RANDOM_SWAP | Indices: (166, 63)
=================================================================================
=================================================================================
2026-01-21T20:50:38.803 | Step 23 | Particle 30 | GLOBAL BEST!
Global Improvement: 0.0002929687499999556
  Move 1: RANDOM_SWAP | Indices: (240, 40)
=================================================================================
=================================================================================
2026-01-21T20:50:39.252 | Step 25 | Particle 84 | GLOBAL BEST!
Global Improvement: 9.765624999991118e-5
  Move 1: RANDOM_SWAP | Indices: (252, 86)
  Move 2: RANDOM_SWAP | Indices: (69, 141)
=================================================================================
=================================================================================
2026-01-21T20:50:41.845 | Step 40 | Particle 174 | GLOBAL BEST!
Global Improvement: 0.0008333333333334636
  Move 1: RANDOM_SWAP | Indices: (102, 5)
=================================================================================
=================================================================================
2026-01-21T20:50:41.882 | Step 41 | Particle 64 | GLOBAL BEST!
Global Improvement: 0.0006380208333334192
  Move 1: GUIDED_SWAP_TO_GBEST | Indices: (102, 5)
  Move 2: GUIDED_SWAP_TO_PBEST | Indices: (5, 102)
  Move 3: GUIDED_SWAP_TO_GBEST | Indices: (5, 102)
  Move 4: RANDOM_SWAP | Indices: (154, 46)
=================================================================================
=================================================================================
2026-01-21T20:50:42.138 | Step 42 | Particle 189 | GLOBAL BEST!
Global Improvement: 9.765624999991118e-5
  Move 1: GUIDED_SWAP_TO_PBEST | Indices: (142, 165)
  Move 2: GUIDED_SWAP_TO_PBEST | Indices: (63, 171)
  Move 3: GUIDED_SWAP_TO_PBEST | Indices: (141, 85)
  Move 4: GUIDED_SWAP_TO_PBEST | Indices: (85, 107)
  Move 5: GUIDED_SWAP_TO_PBEST | Indices: (65, 5)
  Move 6: GUIDED_SWAP_TO_GBEST | Indices: (154, 46)
  Move 7: GUIDED_SWAP_TO_GBEST | Indices: (5, 102)
  Move 8: GUIDED_SWAP_TO_PBEST | Indices: (46, 154)
  Move 9: GUIDED_SWAP_TO_PBEST | Indices: (102, 5)
  Move 10: GUIDED_SWAP_TO_GBEST | Indices: (102, 5)
  Move 11: GUIDED_SWAP_TO_GBEST | Indices: (46, 154)
  Move 12: RANDOM_SWAP | Indices: (27, 208)
=================================================================================
=================================================================================
2026-01-21T20:50:42.161 | Step 43 | Particle 43 | GLOBAL BEST!
Global Improvement: 0.0008333333333332416
  Move 1: GUIDED_SWAP_TO_GBEST | Indices: (208, 27)
  Move 2: GUIDED_SWAP_TO_PBEST | Indices: (208, 27)
  Move 3: GUIDED_SWAP_TO_GBEST | Indices: (27, 208)
  Move 4: RANDOM_SWAP | Indices: (120, 12)
=================================================================================
=================================================================================
2026-01-21T20:50:43.793 | Step 57 | Particle 173 | GLOBAL BEST!
Global Improvement: 0.000540364583333508
  Move 1: RANDOM_SWAP | Indices: (173, 193)
=================================================================================
=================================================================================
2026-01-21T20:50:44.181 | Step 61 | Particle 88 | GLOBAL BEST!
Global Improvement: 9.765624999991118e-5
  Move 1: GUIDED_SWAP_TO_GBEST | Indices: (219, 220)
  Move 2: GUIDED_SWAP_TO_GBEST | Indices: (101, 109)
  Move 3: GUIDED_SWAP_TO_GBEST | Indices: (213, 239)
  Move 4: RANDOM_SWAP | Indices: (40, 161)
=================================================================================
=================================================================================
2026-01-21T20:50:46.443 | Step 86 | Particle 98 | GLOBAL BEST!
Global Improvement: 0.0006380208333334192
  Move 1: RANDOM_SWAP | Indices: (108, 209)
=================================================================================
=================================================================================
2026-01-21T20:50:46.962 | Step 93 | Particle 25 | GLOBAL BEST!
Global Improvement: 9.765624999991118e-5
  Move 1: RANDOM_SWAP | Indices: (198, 127)
=================================================================================
=================================================================================
2026-01-21T20:50:47.859 | Step 104 | Particle 127 | GLOBAL BEST!
Global Improvement: 9.765624999991118e-5
  Move 1: RANDOM_SWAP | Indices: (41, 187)
=================================================================================
=================================================================================
2026-01-21T20:50:57.977 | Step 209 | Particle 26 | GLOBAL BEST!
Global Improvement: 0.0007356770833335524
  Move 1: GUIDED_SWAP_TO_PBEST | Indices: (169, 34)
  Move 2: GUIDED_SWAP_TO_PBEST | Indices: (24, 92)
  Move 3: GUIDED_SWAP_TO_PBEST | Indices: (51, 69)
  Move 4: GUIDED_SWAP_TO_PBEST | Indices: (133, 160)
  Move 5: RANDOM_SWAP | Indices: (32, 88)
=================================================================================
=================================================================================
2026-01-21T20:50:59.790 | Step 219 | Particle 144 | GLOBAL BEST!
Global Improvement: 0.0008333333333332416
  Move 1: GUIDED_SWAP_TO_GBEST | Indices: (220, 218)
  Move 2: GUIDED_SWAP_TO_GBEST | Indices: (142, 202)
  Move 3: GUIDED_SWAP_TO_GBEST | Indices: (181, 132)
  Move 4: GUIDED_SWAP_TO_PBEST | Indices: (256, 158)
  Move 5: RANDOM_SWAP | Indices: (106, 75)
=================================================================================
=================================================================================
2026-01-21T20:51:02.422 | Step 246 | Particle 174 | GLOBAL BEST!
Global Improvement: 9.765624999991118e-5
  Move 1: GUIDED_SWAP_TO_PBEST | Indices: (126, 252)
  Move 2: GUIDED_SWAP_TO_PBEST | Indices: (1, 45)
  Move 3: RANDOM_SWAP | Indices: (214, 195)
=================================================================================
=================================================================================
2026-01-21T20:52:27.751 | Step 1159 | Particle 42 | GLOBAL BEST!
Global Improvement: 0.0001497395833334192
  Move 1: RANDOM_SWAP | Indices: (91, 89)
=================================================================================
=================================================================================
2026-01-21T20:52:33.206 | Step 1211 | Particle 126 | GLOBAL BEST!
Global Improvement: 9.765624999991118e-5
  Move 1: GUIDED_SWAP_TO_PBEST | Indices: (176, 198)
  Move 2: RANDOM_SWAP | Indices: (195, 39)
=================================================================================
=================================================================================
2026-01-21T20:52:36.438 | Step 1243 | Particle 114 | GLOBAL BEST!
Global Improvement: 9.765625000013323e-5
  Move 1: RANDOM_SWAP | Indices: (252, 154)
=================================================================================
=================================================================================
2026-01-21T20:52:36.440 | Step 1243 | Particle 118 | GLOBAL BEST!
Global Improvement: 0.0002929687499999556
  Move 1: RANDOM_SWAP | Indices: (196, 125)
=================================================================================
=================================================================================
2026-01-21T20:52:38.378 | Step 1265 | Particle 127 | GLOBAL BEST!
Global Improvement: 0.0001953125000000444
  Move 1: GUIDED_SWAP_TO_PBEST | Indices: (228, 160)
  Move 2: GUIDED_SWAP_TO_PBEST | Indices: (244, 24)
  Move 3: GUIDED_SWAP_TO_PBEST | Indices: (79, 220)
  Move 4: GUIDED_SWAP_TO_PBEST | Indices: (116, 68)
  Move 5: GUIDED_SWAP_TO_GBEST | Indices: (86, 108)
  Move 6: RANDOM_SWAP | Indices: (118, 184)
=================================================================================
=================================================================================
2026-01-21T20:55:41.031 | Step 3266 | Particle 104 | GLOBAL BEST!
Global Improvement: 0.0007356770833333304
  Move 1: RANDOM_SWAP | Indices: (134, 54)
=================================================================================
=================================================================================
2026-01-21T20:55:43.891 | Step 3300 | Particle 143 | GLOBAL BEST!
Global Improvement: 9.765624999991118e-5
  Move 1: GUIDED_SWAP_TO_PBEST | Indices: (256, 18)
  Move 2: RANDOM_SWAP | Indices: (211, 174)
=================================================================================
