# Global Best Swaps Only - COMPOSITE FITNESS MODE WITH EARLY STOPPING
# Started on: 2026-01-28T20:53:56.375
# Format: Timestamp | Step | Particle | Operation | Indices | Local | Global | Status
# Note: Each global best S-box is saved in debug_sboxes/ directory
# Using composite fitness function with NL, SAC, DDT, and Entropy
# Early stopping enabled based on NL threshold

=================================================================================
2026-01-28T20:53:56.560 | Step 1 | Particle 3 | GLOBAL BEST ACHIEVED!
Global Improvement: 0.0016145833333333082
All moves in this step:
  Move 1: TRIPLE_SWAP | Indices: (125, 105, 83) | Local Improvement: 0.0016145833333333082
=================================================================================
=================================================================================
2026-01-28T20:53:56.582 | Step 1 | Particle 4 | GLOBAL BEST ACHIEVED!
Global Improvement: 0.006362847222222245
All moves in this step:
  Move 1: TRIPLE_SWAP | Indices: (228, 247, 129) | Local Improvement: 0.006362847222222245
=================================================================================
=================================================================================
2026-01-28T20:53:56.583 | Step 1 | Particle 6 | GLOBAL BEST ACHIEVED!
Global Improvement: 0.006655815972222201
All moves in this step:
  Move 1: TRIPLE_SWAP | Indices: (81, 23, 216) | Local Improvement: 0.006655815972222201
=================================================================================
=================================================================================
2026-01-28T20:53:56.585 | Step 1 | Particle 10 | GLOBAL BEST ACHIEVED!
Global Improvement: 0.007326388888888813
All moves in this step:
  Move 1: TRIPLE_SWAP | Indices: (164, 20, 23) | Local Improvement: 0.007326388888888813
=================================================================================
=================================================================================
2026-01-28T20:53:56.592 | Step 1 | Particle 27 | GLOBAL BEST ACHIEVED!
Global Improvement: 0.008980034722222086
All moves in this step:
  Move 1: TRIPLE_SWAP | Indices: (88, 41, 242) | Local Improvement: 0.00130859374999992
  Move 2: RANDOM_SWAP | Indices: (86, 40) | Local Improvement: 0.0
  Move 3: RANDOM_SWAP | Indices: (174, 109) | Local Improvement: 0.0
  Move 4: RANDOM_SWAP | Indices: (11, 224) | Local Improvement: 0.0
=================================================================================
=================================================================================
2026-01-28T20:53:56.795 | Step 2 | Particle 2 | GLOBAL BEST ACHIEVED!
Global Improvement: 0.0007226562500001199
All moves in this step:
  Move 1: GUIDED_SWAP_TO_GBEST | Indices: (109, 174) | Local Improvement: 0.0
  Move 2: GUIDED_SWAP_TO_GBEST | Indices: (242, 41) | Local Improvement: 0.0
  Move 3: GUIDED_SWAP_TO_GBEST | Indices: (11, 224) | Local Improvement: 0.0
  Move 4: GUIDED_SWAP_TO_GBEST | Indices: (41, 88) | Local Improvement: 0.0
  Move 5: GUIDED_SWAP_TO_PBEST | Indices: (109, 174) | Local Improvement: 0.0
  Move 6: GUIDED_SWAP_TO_PBEST | Indices: (224, 11) | Local Improvement: 0.0
  Move 7: GUIDED_SWAP_TO_PBEST | Indices: (242, 88) | Local Improvement: 0.0
  Move 8: GUIDED_SWAP_TO_GBEST | Indices: (11, 224) | Local Improvement: 0.0
  Move 9: GUIDED_SWAP_TO_GBEST | Indices: (40, 86) | Local Improvement: 0.0
  Move 10: GUIDED_SWAP_TO_GBEST | Indices: (174, 109) | Local Improvement: 0.0
  Move 11: GUIDED_SWAP_TO_GBEST | Indices: (242, 88) | Local Improvement: 0.0
  Move 12: GUIDED_SWAP_TO_PBEST | Indices: (41, 242) | Local Improvement: 0.0
  Move 13: GUIDED_SWAP_TO_PBEST | Indices: (88, 242) | Local Improvement: 0.0
  Move 14: GUIDED_SWAP_TO_PBEST | Indices: (174, 109) | Local Improvement: 0.0
  Move 15: GUIDED_SWAP_TO_PBEST | Indices: (224, 11) | Local Improvement: 0.0
  Move 16: GUIDED_SWAP_TO_GBEST | Indices: (174, 109) | Local Improvement: 0.0
  Move 17: GUIDED_SWAP_TO_GBEST | Indices: (224, 11) | Local Improvement: 0.0
  Move 18: GUIDED_SWAP_TO_GBEST | Indices: (242, 41) | Local Improvement: 0.0
  Move 19: TRIPLE_SWAP | Indices: (81, 225, 63) | Local Improvement: 0.001516927083333397
=================================================================================
=================================================================================
2026-01-28T20:53:56.796 | Step 2 | Particle 3 | GLOBAL BEST ACHIEVED!
Global Improvement: 0.0011002604166667762
All moves in this step:
  Move 1: GUIDED_SWAP_TO_GBEST | Indices: (242, 41) | Local Improvement: 0.0
  Move 2: GUIDED_SWAP_TO_GBEST | Indices: (41, 88) | Local Improvement: 0.0
  Move 3: GUIDED_SWAP_TO_GBEST | Indices: (11, 224) | Local Improvement: 0.0
  Move 4: GUIDED_SWAP_TO_GBEST | Indices: (174, 109) | Local Improvement: 0.0
  Move 5: GUIDED_SWAP_TO_PBEST | Indices: (88, 41) | Local Improvement: 0.0
  Move 6: GUIDED_SWAP_TO_PBEST | Indices: (174, 109) | Local Improvement: 0.0
  Move 7: GUIDED_SWAP_TO_PBEST | Indices: (224, 11) | Local Improvement: 0.0
  Move 8: GUIDED_SWAP_TO_PBEST | Indices: (242, 41) | Local Improvement: 0.0
  Move 9: GUIDED_SWAP_TO_GBEST | Indices: (105, 83) | Local Improvement: 0.0
  Move 10: GUIDED_SWAP_TO_GBEST | Indices: (174, 109) | Local Improvement: 0.0
  Move 11: GUIDED_SWAP_TO_GBEST | Indices: (41, 88) | Local Improvement: 0.0
  Move 12: GUIDED_SWAP_TO_GBEST | Indices: (83, 125) | Local Improvement: 0.0
  Move 13: GUIDED_SWAP_TO_PBEST | Indices: (125, 83) | Local Improvement: 0.0
  Move 14: GUIDED_SWAP_TO_PBEST | Indices: (105, 83) | Local Improvement: 0.0
  Move 15: GUIDED_SWAP_TO_PBEST | Indices: (109, 174) | Local Improvement: 0.0
  Move 16: GUIDED_SWAP_TO_PBEST | Indices: (88, 41) | Local Improvement: 0.0
  Move 17: GUIDED_SWAP_TO_GBEST | Indices: (41, 88) | Local Improvement: 0.0
  Move 18: GUIDED_SWAP_TO_GBEST | Indices: (174, 109) | Local Improvement: 0.0
  Move 19: GUIDED_SWAP_TO_GBEST | Indices: (224, 11) | Local Improvement: 0.0
  Move 20: GUIDED_SWAP_TO_GBEST | Indices: (86, 40) | Local Improvement: 0.0
  Move 21: GUIDED_SWAP_TO_GBEST | Indices: (242, 88) | Local Improvement: 0.0
=================================================================================
=================================================================================
2026-01-28T20:53:56.799 | Step 2 | Particle 11 | GLOBAL BEST ACHIEVED!
Global Improvement: 0.0014062500000000533
All moves in this step:
  Move 1: GUIDED_SWAP_TO_GBEST | Indices: (142, 52) | Local Improvement: 0.0
  Move 2: GUIDED_SWAP_TO_GBEST | Indices: (11, 224) | Local Improvement: 0.0
  Move 3: GUIDED_SWAP_TO_GBEST | Indices: (109, 174) | Local Improvement: 0.0
  Move 4: GUIDED_SWAP_TO_GBEST | Indices: (41, 88) | Local Improvement: 0.0
  Move 5: GUIDED_SWAP_TO_GBEST | Indices: (86, 40) | Local Improvement: 0.0
  Move 6: GUIDED_SWAP_TO_GBEST | Indices: (52, 198) | Local Improvement: 0.0
  Move 7: GUIDED_SWAP_TO_GBEST | Indices: (88, 242) | Local Improvement: 0.0
  Move 8: GUIDED_SWAP_TO_PBEST | Indices: (52, 142) | Local Improvement: 0.0
  Move 9: GUIDED_SWAP_TO_PBEST | Indices: (142, 198) | Local Improvement: 0.0
  Move 10: GUIDED_SWAP_TO_PBEST | Indices: (109, 174) | Local Improvement: 0.0
  Move 11: GUIDED_SWAP_TO_PBEST | Indices: (40, 86) | Local Improvement: 0.0
  Move 12: GUIDED_SWAP_TO_PBEST | Indices: (41, 242) | Local Improvement: 0.0
  Move 13: GUIDED_SWAP_TO_GBEST | Indices: (142, 52) | Local Improvement: 0.0
  Move 14: GUIDED_SWAP_TO_GBEST | Indices: (40, 86) | Local Improvement: 0.0
  Move 15: GUIDED_SWAP_TO_GBEST | Indices: (109, 174) | Local Improvement: 0.0
  Move 16: GUIDED_SWAP_TO_GBEST | Indices: (242, 41) | Local Improvement: 0.0
  Move 17: GUIDED_SWAP_TO_GBEST | Indices: (198, 52) | Local Improvement: 0.0
  Move 18: TRIPLE_SWAP | Indices: (193, 3, 154) | Local Improvement: 0.0014062500000000533
=================================================================================
=================================================================================
2026-01-28T20:53:56.813 | Step 2 | Particle 46 | GLOBAL BEST ACHIEVED!
Global Improvement: 0.0016276041666667407
All moves in this step:
  Move 1: GUIDED_SWAP_TO_GBEST | Indices: (40, 86) | Local Improvement: 0.0
  Move 2: GUIDED_SWAP_TO_GBEST | Indices: (15, 130) | Local Improvement: 0.0
  Move 3: GUIDED_SWAP_TO_GBEST | Indices: (109, 174) | Local Improvement: 0.0
  Move 4: GUIDED_SWAP_TO_GBEST | Indices: (11, 224) | Local Improvement: 0.0
  Move 5: GUIDED_SWAP_TO_GBEST | Indices: (130, 114) | Local Improvement: 0.0
  Move 6: GUIDED_SWAP_TO_GBEST | Indices: (242, 41) | Local Improvement: 0.0
  Move 7: GUIDED_SWAP_TO_GBEST | Indices: (88, 41) | Local Improvement: 0.0
  Move 8: TRIPLE_SWAP | Indices: (126, 140, 155) | Local Improvement: 0.0016276041666667407
=================================================================================
=================================================================================
2026-01-28T20:53:57.060 | Step 3 | Particle 8 | GLOBAL BEST ACHIEVED!
Global Improvement: 0.0008333333333333526
All moves in this step:
  Move 1: GUIDED_SWAP_TO_GBEST | Indices: (11, 224) | Local Improvement: 0.0
  Move 2: GUIDED_SWAP_TO_GBEST | Indices: (224, 33) | Local Improvement: 0.0
  Move 3: GUIDED_SWAP_TO_GBEST | Indices: (109, 174) | Local Improvement: 0.0
  Move 4: GUIDED_SWAP_TO_GBEST | Indices: (155, 140) | Local Improvement: 0.0
  Move 5: GUIDED_SWAP_TO_GBEST | Indices: (140, 126) | Local Improvement: 0.0
  Move 6: GUIDED_SWAP_TO_PBEST | Indices: (155, 126) | Local Improvement: 0.0
  Move 7: GUIDED_SWAP_TO_PBEST | Indices: (126, 140) | Local Improvement: 0.0
  Move 8: GUIDED_SWAP_TO_PBEST | Indices: (11, 33) | Local Improvement: 0.0
  Move 9: GUIDED_SWAP_TO_PBEST | Indices: (33, 224) | Local Improvement: 0.0
  Move 10: GUIDED_SWAP_TO_GBEST | Indices: (126, 155) | Local Improvement: 0.0
  Move 11: GUIDED_SWAP_TO_GBEST | Indices: (33, 11) | Local Improvement: 0.0
  Move 12: GUIDED_SWAP_TO_GBEST | Indices: (140, 155) | Local Improvement: 0.0
  Move 13: GUIDED_SWAP_TO_GBEST | Indices: (11, 224) | Local Improvement: 0.0
  Move 14: TRIPLE_SWAP | Indices: (63, 191, 60) | Local Improvement: 0.0008333333333333526
=================================================================================
=================================================================================
2026-01-28T20:53:57.063 | Step 3 | Particle 15 | GLOBAL BEST ACHIEVED!
Global Improvement: 0.001028645833333286
All moves in this step:
  Move 1: GUIDED_SWAP_TO_GBEST | Indices: (155, 140) | Local Improvement: 0.0
  Move 2: GUIDED_SWAP_TO_GBEST | Indices: (140, 126) | Local Improvement: 0.0
  Move 3: GUIDED_SWAP_TO_PBEST | Indices: (140, 155) | Local Improvement: 0.0
  Move 4: GUIDED_SWAP_TO_PBEST | Indices: (126, 155) | Local Improvement: 0.0
  Move 5: GUIDED_SWAP_TO_GBEST | Indices: (140, 126) | Local Improvement: 0.0
  Move 6: GUIDED_SWAP_TO_GBEST | Indices: (155, 126) | Local Improvement: 0.0
  Move 7: TRIPLE_SWAP | Indices: (195, 52, 166) | Local Improvement: 0.001028645833333286
=================================================================================
=================================================================================
2026-01-28T20:53:57.081 | Step 3 | Particle 61 | GLOBAL BEST ACHIEVED!
Global Improvement: 0.0016536458333333837
All moves in this step:
  Move 1: GUIDED_SWAP_TO_GBEST | Indices: (19, 166) | Local Improvement: 0.0
  Move 2: GUIDED_SWAP_TO_GBEST | Indices: (182, 249) | Local Improvement: 0.0
  Move 3: GUIDED_SWAP_TO_GBEST | Indices: (118, 216) | Local Improvement: 0.0
  Move 4: GUIDED_SWAP_TO_GBEST | Indices: (142, 166) | Local Improvement: 0.0
  Move 5: GUIDED_SWAP_TO_PBEST | Indices: (249, 182) | Local Improvement: 0.0
  Move 6: GUIDED_SWAP_TO_PBEST | Indices: (166, 19) | Local Improvement: 0.0
  Move 7: GUIDED_SWAP_TO_PBEST | Indices: (19, 142) | Local Improvement: 0.0
  Move 8: GUIDED_SWAP_TO_PBEST | Indices: (118, 216) | Local Improvement: 0.0
  Move 9: GUIDED_SWAP_TO_GBEST | Indices: (154, 110) | Local Improvement: 0.0
  Move 10: GUIDED_SWAP_TO_GBEST | Indices: (182, 249) | Local Improvement: 0.0
  Move 11: GUIDED_SWAP_TO_GBEST | Indices: (140, 126) | Local Improvement: 0.0
  Move 12: GUIDED_SWAP_TO_GBEST | Indices: (19, 166) | Local Improvement: 0.0
  Move 13: GUIDED_SWAP_TO_GBEST | Indices: (126, 155) | Local Improvement: 0.0
  Move 14: GUIDED_SWAP_TO_PBEST | Indices: (19, 166) | Local Improvement: 0.0
  Move 15: GUIDED_SWAP_TO_PBEST | Indices: (249, 182) | Local Improvement: 0.0
  Move 16: GUIDED_SWAP_TO_PBEST | Indices: (154, 110) | Local Improvement: 0.0
  Move 17: GUIDED_SWAP_TO_PBEST | Indices: (155, 126) | Local Improvement: 0.0
  Move 18: GUIDED_SWAP_TO_GBEST | Indices: (206, 156) | Local Improvement: 0.0
  Move 19: GUIDED_SWAP_TO_GBEST | Indices: (126, 155) | Local Improvement: 0.0
  Move 20: GUIDED_SWAP_TO_GBEST | Indices: (142, 19) | Local Improvement: 0.0
  Move 21: GUIDED_SWAP_TO_GBEST | Indices: (182, 249) | Local Improvement: 0.0
  Move 22: TRIPLE_SWAP | Indices: (246, 112, 101) | Local Improvement: 0.0003059895833333881
=================================================================================
=================================================================================
2026-01-28T20:53:57.162 | Step 4 | Particle 10 | GLOBAL BEST ACHIEVED!
Global Improvement: 0.0005273437499999645
All moves in this step:
  Move 1: GUIDED_SWAP_TO_GBEST | Indices: (110, 154) | Local Improvement: 0.0
  Move 2: GUIDED_SWAP_TO_GBEST | Indices: (101, 112) | Local Improvement: 0.0
  Move 3: GUIDED_SWAP_TO_GBEST | Indices: (19, 166) | Local Improvement: 0.0
  Move 4: GUIDED_SWAP_TO_GBEST | Indices: (112, 246) | Local Improvement: 0.0
  Move 5: GUIDED_SWAP_TO_GBEST | Indices: (216, 118) | Local Improvement: 0.0
  Move 6: GUIDED_SWAP_TO_PBEST | Indices: (246, 112) | Local Improvement: 0.0
  Move 7: GUIDED_SWAP_TO_PBEST | Indices: (166, 19) | Local Improvement: 0.0
  Move 8: GUIDED_SWAP_TO_PBEST | Indices: (101, 112) | Local Improvement: 0.0
  Move 9: GUIDED_SWAP_TO_PBEST | Indices: (110, 154) | Local Improvement: 0.0
  Move 10: GUIDED_SWAP_TO_PBEST | Indices: (216, 118) | Local Improvement: 0.0
  Move 11: GUIDED_SWAP_TO_GBEST | Indices: (216, 118) | Local Improvement: 0.0
  Move 12: GUIDED_SWAP_TO_GBEST | Indices: (201, 240) | Local Improvement: 0.0
  Move 13: GUIDED_SWAP_TO_GBEST | Indices: (149, 240) | Local Improvement: 0.0
  Move 14: GUIDED_SWAP_TO_GBEST | Indices: (110, 154) | Local Improvement: 0.0
  Move 15: GUIDED_SWAP_TO_GBEST | Indices: (166, 19) | Local Improvement: 0.0
  Move 16: GUIDED_SWAP_TO_GBEST | Indices: (101, 112) | Local Improvement: 0.0
  Move 17: GUIDED_SWAP_TO_GBEST | Indices: (246, 112) | Local Improvement: 0.0
  Move 18: TRIPLE_SWAP | Indices: (26, 235, 225) | Local Improvement: 0.0004166666666666208
  Move 19: RANDOM_SWAP | Indices: (89, 174) | Local Improvement: 0.0
  Move 20: RANDOM_SWAP | Indices: (242, 34) | Local Improvement: 0.0
  Move 21: RANDOM_SWAP | Indices: (200, 16) | Local Improvement: 0.0
  Move 22: RANDOM_SWAP | Indices: (97, 178) | Local Improvement: 0.0
  Move 23: RANDOM_SWAP | Indices: (61, 217) | Local Improvement: 0.0
=================================================================================
=================================================================================
2026-01-28T20:53:57.174 | Step 4 | Particle 40 | GLOBAL BEST ACHIEVED!
Global Improvement: 0.0006249999999998757
All moves in this step:
  Move 1: GUIDED_SWAP_TO_GBEST | Indices: (23, 224) | Local Improvement: 0.0
  Move 2: GUIDED_SWAP_TO_GBEST | Indices: (166, 19) | Local Improvement: 0.0
  Move 3: GUIDED_SWAP_TO_GBEST | Indices: (101, 112) | Local Improvement: 0.0
  Move 4: GUIDED_SWAP_TO_GBEST | Indices: (112, 246) | Local Improvement: 0.0
  Move 5: GUIDED_SWAP_TO_GBEST | Indices: (242, 88) | Local Improvement: 0.0
  Move 6: GUIDED_SWAP_TO_PBEST | Indices: (224, 23) | Local Improvement: 0.0
  Move 7: GUIDED_SWAP_TO_PBEST | Indices: (101, 246) | Local Improvement: 0.0
  Move 8: GUIDED_SWAP_TO_PBEST | Indices: (19, 166) | Local Improvement: 0.0
  Move 9: GUIDED_SWAP_TO_PBEST | Indices: (246, 112) | Local Improvement: 0.0
  Move 10: GUIDED_SWAP_TO_GBEST | Indices: (154, 110) | Local Improvement: 0.0
  Move 11: GUIDED_SWAP_TO_GBEST | Indices: (86, 40) | Local Improvement: 0.0
  Move 12: GUIDED_SWAP_TO_GBEST | Indices: (23, 224) | Local Improvement: 0.0
  Move 13: GUIDED_SWAP_TO_GBEST | Indices: (109, 174) | Local Improvement: 0.0
  Move 14: GUIDED_SWAP_TO_GBEST | Indices: (19, 166) | Local Improvement: 0.0
  Move 15: GUIDED_SWAP_TO_GBEST | Indices: (246, 101) | Local Improvement: 0.0
  Move 16: GUIDED_SWAP_TO_GBEST | Indices: (118, 216) | Local Improvement: 0.0
  Move 17: GUIDED_SWAP_TO_GBEST | Indices: (101, 112) | Local Improvement: 0.0
  Move 18: TRIPLE_SWAP | Indices: (197, 221, 111) | Local Improvement: 0.0006249999999998757
=================================================================================
=================================================================================
2026-01-28T20:53:57.177 | Step 4 | Particle 48 | GLOBAL BEST ACHIEVED!
Global Improvement: 0.0006380208333333082
All moves in this step:
  Move 1: GUIDED_SWAP_TO_PBEST | Indices: (30, 75) | Local Improvement: 0.0
  Move 2: GUIDED_SWAP_TO_PBEST | Indices: (79, 7) | Local Improvement: 0.0
  Move 3: GUIDED_SWAP_TO_PBEST | Indices: (206, 7) | Local Improvement: 0.0
  Move 4: GUIDED_SWAP_TO_PBEST | Indices: (86, 40) | Local Improvement: 0.0
  Move 5: GUIDED_SWAP_TO_GBEST | Indices: (140, 126) | Local Improvement: 0.0
  Move 6: GUIDED_SWAP_TO_GBEST | Indices: (19, 166) | Local Improvement: 0.0
  Move 7: GUIDED_SWAP_TO_GBEST | Indices: (112, 246) | Local Improvement: 0.0
  Move 8: GUIDED_SWAP_TO_GBEST | Indices: (206, 7) | Local Improvement: 0.0
  Move 9: GUIDED_SWAP_TO_GBEST | Indices: (216, 118) | Local Improvement: 0.0
  Move 10: GUIDED_SWAP_TO_GBEST | Indices: (154, 110) | Local Improvement: 0.0
  Move 11: GUIDED_SWAP_TO_GBEST | Indices: (40, 86) | Local Improvement: 0.0
  Move 12: GUIDED_SWAP_TO_GBEST | Indices: (101, 246) | Local Improvement: 0.0
  Move 13: GUIDED_SWAP_TO_PBEST | Indices: (126, 140) | Local Improvement: 0.0
  Move 14: GUIDED_SWAP_TO_PBEST | Indices: (112, 101) | Local Improvement: 0.0
  Move 15: GUIDED_SWAP_TO_PBEST | Indices: (166, 19) | Local Improvement: 0.0
  Move 16: GUIDED_SWAP_TO_PBEST | Indices: (7, 206) | Local Improvement: 0.0
  Move 17: GUIDED_SWAP_TO_GBEST | Indices: (166, 19) | Local Improvement: 0.0
  Move 18: GUIDED_SWAP_TO_GBEST | Indices: (112, 101) | Local Improvement: 0.0
  Move 19: GUIDED_SWAP_TO_GBEST | Indices: (140, 126) | Local Improvement: 0.0
  Move 20: GUIDED_SWAP_TO_GBEST | Indices: (206, 7) | Local Improvement: 0.0
  Move 21: TRIPLE_SWAP | Indices: (83, 109, 60) | Local Improvement: 0.0007226562500000089
=================================================================================
=================================================================================
2026-01-28T20:53:57.494 | Step 5 | Particle 10 | GLOBAL BEST ACHIEVED!
Global Improvement: 0.00022135416666657637
All moves in this step:
  Move 1: GUIDED_SWAP_TO_GBEST | Indices: (7, 79) | Local Improvement: 0.0
  Move 2: GUIDED_SWAP_TO_GBEST | Indices: (83, 60) | Local Improvement: 0.0
  Move 3: GUIDED_SWAP_TO_GBEST | Indices: (242, 34) | Local Improvement: 0.0
  Move 4: GUIDED_SWAP_TO_GBEST | Indices: (61, 217) | Local Improvement: 0.0
  Move 5: GUIDED_SWAP_TO_PBEST | Indices: (34, 242) | Local Improvement: 0.0
  Move 6: GUIDED_SWAP_TO_PBEST | Indices: (217, 61) | Local Improvement: 0.0
  Move 7: GUIDED_SWAP_TO_PBEST | Indices: (60, 83) | Local Improvement: 0.0
  Move 8: GUIDED_SWAP_TO_PBEST | Indices: (7, 79) | Local Improvement: 0.0
  Move 9: TRIPLE_SWAP | Indices: (32, 90, 229) | Local Improvement: 0.00033203124999992006
=================================================================================
=================================================================================
2026-01-28T20:53:57.494 | Step 5 | Particle 11 | GLOBAL BEST ACHIEVED!
Global Improvement: 0.0004166666666666208
All moves in this step:
  Move 1: GUIDED_SWAP_TO_GBEST | Indices: (7, 79) | Local Improvement: 0.0
  Move 2: GUIDED_SWAP_TO_GBEST | Indices: (173, 34) | Local Improvement: 0.0
  Move 3: GUIDED_SWAP_TO_GBEST | Indices: (34, 134) | Local Improvement: 0.0
  Move 4: GUIDED_SWAP_TO_GBEST | Indices: (30, 75) | Local Improvement: 0.0
  Move 5: GUIDED_SWAP_TO_GBEST | Indices: (126, 155) | Local Improvement: 0.0
  Move 6: GUIDED_SWAP_TO_GBEST | Indices: (109, 83) | Local Improvement: 0.0
  Move 7: GUIDED_SWAP_TO_GBEST | Indices: (60, 83) | Local Improvement: 0.0
  Move 8: GUIDED_SWAP_TO_GBEST | Indices: (123, 50) | Local Improvement: 0.0
  Move 9: GUIDED_SWAP_TO_PBEST | Indices: (50, 123) | Local Improvement: 0.0
  Move 10: GUIDED_SWAP_TO_PBEST | Indices: (7, 79) | Local Improvement: 0.0
  Move 11: GUIDED_SWAP_TO_PBEST | Indices: (83, 109) | Local Improvement: 0.0
  Move 12: GUIDED_SWAP_TO_PBEST | Indices: (173, 134) | Local Improvement: 0.0
  Move 13: GUIDED_SWAP_TO_GBEST | Indices: (7, 79) | Local Improvement: 0.0
  Move 14: GUIDED_SWAP_TO_GBEST | Indices: (134, 173) | Local Improvement: 0.0
  Move 15: GUIDED_SWAP_TO_GBEST | Indices: (83, 109) | Local Improvement: 0.0
  Move 16: TRIPLE_SWAP | Indices: (158, 2, 4) | Local Improvement: 0.0007096354166666874
  Move 17: RANDOM_SWAP | Indices: (70, 194) | Local Improvement: 0.0
=================================================================================
=================================================================================
2026-01-28T20:53:57.521 | Step 5 | Particle 80 | GLOBAL BEST ACHIEVED!
Global Improvement: 0.0006119791666666652
All moves in this step:
  Move 1: GUIDED_SWAP_TO_GBEST | Indices: (146, 209) | Local Improvement: 0.0
  Move 2: GUIDED_SWAP_TO_GBEST | Indices: (37, 74) | Local Improvement: 0.0
  Move 3: GUIDED_SWAP_TO_GBEST | Indices: (104, 209) | Local Improvement: 0.0
  Move 4: GUIDED_SWAP_TO_GBEST | Indices: (126, 155) | Local Improvement: 0.0
  Move 5: GUIDED_SWAP_TO_GBEST | Indices: (30, 75) | Local Improvement: 0.0
  Move 6: GUIDED_SWAP_TO_PBEST | Indices: (75, 30) | Local Improvement: 0.0
  Move 7: GUIDED_SWAP_TO_PBEST | Indices: (126, 155) | Local Improvement: 0.0
  Move 8: GUIDED_SWAP_TO_PBEST | Indices: (104, 209) | Local Improvement: 0.0
  Move 9: GUIDED_SWAP_TO_GBEST | Indices: (155, 126) | Local Improvement: 0.0
  Move 10: GUIDED_SWAP_TO_GBEST | Indices: (75, 30) | Local Improvement: 0.0
  Move 11: GUIDED_SWAP_TO_GBEST | Indices: (104, 209) | Local Improvement: 0.0
  Move 12: GUIDED_SWAP_TO_GBEST | Indices: (79, 7) | Local Improvement: 0.0
  Move 13: GUIDED_SWAP_TO_GBEST | Indices: (83, 60) | Local Improvement: 0.0
  Move 14: TRIPLE_SWAP | Indices: (214, 251, 23) | Local Improvement: 0.0009049479166667318
=================================================================================
=================================================================================
2026-01-28T20:53:57.870 | Step 6 | Particle 11 | GLOBAL BEST ACHIEVED!
Global Improvement: 0.0005273437499999645
All moves in this step:
  Move 1: GUIDED_SWAP_TO_GBEST | Indices: (214, 23) | Local Improvement: 0.0
  Move 2: GUIDED_SWAP_TO_GBEST | Indices: (123, 50) | Local Improvement: 0.0
  Move 3: GUIDED_SWAP_TO_GBEST | Indices: (2, 4) | Local Improvement: 0.0
  Move 4: GUIDED_SWAP_TO_GBEST | Indices: (60, 109) | Local Improvement: 0.0
  Move 5: GUIDED_SWAP_TO_GBEST | Indices: (70, 194) | Local Improvement: 0.0
  Move 6: GUIDED_SWAP_TO_GBEST | Indices: (4, 158) | Local Improvement: 0.0
  Move 7: GUIDED_SWAP_TO_GBEST | Indices: (251, 23) | Local Improvement: 0.0
  Move 8: GUIDED_SWAP_TO_PBEST | Indices: (60, 109) | Local Improvement: 0.0
  Move 9: GUIDED_SWAP_TO_PBEST | Indices: (251, 23) | Local Improvement: 0.0
  Move 10: GUIDED_SWAP_TO_PBEST | Indices: (2, 158) | Local Improvement: 0.0
  Move 11: GUIDED_SWAP_TO_PBEST | Indices: (158, 4) | Local Improvement: 0.0
  Move 12: GUIDED_SWAP_TO_PBEST | Indices: (50, 123) | Local Improvement: 0.0
  Move 13: GUIDED_SWAP_TO_GBEST | Indices: (109, 60) | Local Improvement: 0.0
  Move 14: GUIDED_SWAP_TO_GBEST | Indices: (50, 123) | Local Improvement: 0.0
  Move 15: GUIDED_SWAP_TO_GBEST | Indices: (158, 2) | Local Improvement: 0.0
  Move 16: GUIDED_SWAP_TO_GBEST | Indices: (4, 2) | Local Improvement: 0.0
  Move 17: TRIPLE_SWAP | Indices: (82, 134, 98) | Local Improvement: 0.0008333333333332416
=================================================================================
=================================================================================
2026-01-28T20:53:58.465 | Step 7 | Particle 18 | GLOBAL BEST ACHIEVED!
Global Improvement: 9.76562500000222e-5
All moves in this step:
  Move 1: GUIDED_SWAP_TO_GBEST | Indices: (85, 25) | Local Improvement: 0.0
  Move 2: GUIDED_SWAP_TO_GBEST | Indices: (101, 246) | Local Improvement: 0.0
  Move 3: GUIDED_SWAP_TO_GBEST | Indices: (25, 106) | Local Improvement: 0.0
  Move 4: GUIDED_SWAP_TO_PBEST | Indices: (25, 85) | Local Improvement: 0.0
  Move 5: GUIDED_SWAP_TO_PBEST | Indices: (85, 106) | Local Improvement: 0.0
  Move 6: GUIDED_SWAP_TO_PBEST | Indices: (101, 246) | Local Improvement: 0.0
  Move 7: GUIDED_SWAP_TO_GBEST | Indices: (23, 214) | Local Improvement: 0.0
  Move 8: GUIDED_SWAP_TO_GBEST | Indices: (106, 85) | Local Improvement: 0.0
  Move 9: GUIDED_SWAP_TO_GBEST | Indices: (101, 246) | Local Improvement: 0.0
  Move 10: GUIDED_SWAP_TO_GBEST | Indices: (25, 85) | Local Improvement: 0.0
  Move 11: GUIDED_SWAP_TO_GBEST | Indices: (82, 98) | Local Improvement: 0.0
  Move 12: GUIDED_SWAP_TO_PBEST | Indices: (101, 246) | Local Improvement: 0.0
  Move 13: GUIDED_SWAP_TO_PBEST | Indices: (214, 23) | Local Improvement: 0.0
  Move 14: GUIDED_SWAP_TO_PBEST | Indices: (85, 106) | Local Improvement: 0.0
  Move 15: GUIDED_SWAP_TO_PBEST | Indices: (82, 98) | Local Improvement: 0.0
  Move 16: GUIDED_SWAP_TO_PBEST | Indices: (106, 25) | Local Improvement: 0.0
  Move 17: GUIDED_SWAP_TO_GBEST | Indices: (106, 85) | Local Improvement: 0.0
  Move 18: GUIDED_SWAP_TO_GBEST | Indices: (246, 101) | Local Improvement: 0.0
  Move 19: GUIDED_SWAP_TO_GBEST | Indices: (82, 98) | Local Improvement: 0.0
  Move 20: GUIDED_SWAP_TO_GBEST | Indices: (214, 23) | Local Improvement: 0.0
  Move 21: GUIDED_SWAP_TO_GBEST | Indices: (134, 98) | Local Improvement: 0.0
=================================================================================
=================================================================================
2026-01-28T20:53:58.478 | Step 7 | Particle 48 | GLOBAL BEST ACHIEVED!
Global Improvement: 0.0002083333333333659
All moves in this step:
  Move 1: GUIDED_SWAP_TO_GBEST | Indices: (246, 140) | Local Improvement: 0.0
  Move 2: GUIDED_SWAP_TO_GBEST | Indices: (140, 186) | Local Improvement: 0.0
  Move 3: GUIDED_SWAP_TO_GBEST | Indices: (23, 251) | Local Improvement: 0.0
  Move 4: GUIDED_SWAP_TO_GBEST | Indices: (82, 98) | Local Improvement: 0.0
  Move 5: GUIDED_SWAP_TO_GBEST | Indices: (98, 134) | Local Improvement: 0.0
  Move 6: GUIDED_SWAP_TO_PBEST | Indices: (246, 186) | Local Improvement: 0.0
  Move 7: GUIDED_SWAP_TO_PBEST | Indices: (82, 134) | Local Improvement: 0.0
  Move 8: GUIDED_SWAP_TO_PBEST | Indices: (134, 98) | Local Improvement: 0.0
  Move 9: GUIDED_SWAP_TO_PBEST | Indices: (140, 186) | Local Improvement: 0.0
  Move 10: GUIDED_SWAP_TO_PBEST | Indices: (251, 23) | Local Improvement: 0.0
  Move 11: GUIDED_SWAP_TO_GBEST | Indices: (251, 23) | Local Improvement: 0.0
  Move 12: GUIDED_SWAP_TO_GBEST | Indices: (186, 246) | Local Improvement: 0.0
  Move 13: GUIDED_SWAP_TO_GBEST | Indices: (246, 140) | Local Improvement: 0.0
  Move 14: GUIDED_SWAP_TO_GBEST | Indices: (82, 98) | Local Improvement: 0.0
  Move 15: GUIDED_SWAP_TO_GBEST | Indices: (134, 98) | Local Improvement: 0.0
  Move 16: TRIPLE_SWAP | Indices: (40, 221, 15) | Local Improvement: 0.0002083333333333659
=================================================================================
=================================================================================
2026-01-28T20:53:58.552 | Step 8 | Particle 32 | GLOBAL BEST ACHIEVED!
Global Improvement: 0.0003059895833332771
All moves in this step:
  Move 1: GUIDED_SWAP_TO_GBEST | Indices: (82, 98) | Local Improvement: 0.0
  Move 2: GUIDED_SWAP_TO_GBEST | Indices: (7, 79) | Local Improvement: 0.0
  Move 3: GUIDED_SWAP_TO_GBEST | Indices: (40, 15) | Local Improvement: 0.0
  Move 4: GUIDED_SWAP_TO_GBEST | Indices: (221, 15) | Local Improvement: 0.0
  Move 5: GUIDED_SWAP_TO_GBEST | Indices: (154, 110) | Local Improvement: 0.0
  Move 6: GUIDED_SWAP_TO_GBEST | Indices: (101, 246) | Local Improvement: 0.0
  Move 7: GUIDED_SWAP_TO_GBEST | Indices: (83, 60) | Local Improvement: 0.0
  Move 8: GUIDED_SWAP_TO_GBEST | Indices: (134, 98) | Local Improvement: 0.0
  Move 9: TRIPLE_SWAP | Indices: (233, 194, 23) | Local Improvement: 0.0003059895833332771
=================================================================================
=================================================================================
2026-01-28T20:53:58.623 | Step 9 | Particle 9 | GLOBAL BEST ACHIEVED!
Global Improvement: 0.0001106770833333437
All moves in this step:
  Move 1: GUIDED_SWAP_TO_PBEST | Indices: (102, 211) | Local Improvement: 0.0
  Move 2: GUIDED_SWAP_TO_PBEST | Indices: (109, 174) | Local Improvement: 0.0
  Move 3: GUIDED_SWAP_TO_PBEST | Indices: (214, 23) | Local Improvement: 0.0
  Move 4: GUIDED_SWAP_TO_PBEST | Indices: (174, 124) | Local Improvement: 0.0
  Move 5: GUIDED_SWAP_TO_PBEST | Indices: (15, 221) | Local Improvement: 0.0
  Move 6: GUIDED_SWAP_TO_GBEST | Indices: (109, 174) | Local Improvement: 0.0
  Move 7: GUIDED_SWAP_TO_GBEST | Indices: (82, 98) | Local Improvement: 0.0
  Move 8: GUIDED_SWAP_TO_GBEST | Indices: (15, 221) | Local Improvement: 0.0
  Move 9: GUIDED_SWAP_TO_GBEST | Indices: (214, 23) | Local Improvement: 0.0
  Move 10: GUIDED_SWAP_TO_GBEST | Indices: (194, 233) | Local Improvement: 0.0
  Move 11: GUIDED_SWAP_TO_PBEST | Indices: (112, 246) | Local Improvement: 0.0
  Move 12: GUIDED_SWAP_TO_PBEST | Indices: (174, 109) | Local Improvement: 0.0
  Move 13: GUIDED_SWAP_TO_PBEST | Indices: (23, 214) | Local Improvement: 0.0
  Move 14: GUIDED_SWAP_TO_PBEST | Indices: (98, 82) | Local Improvement: 0.0
  Move 15: GUIDED_SWAP_TO_GBEST | Indices: (233, 216) | Local Improvement: 0.0
  Move 16: GUIDED_SWAP_TO_GBEST | Indices: (221, 40) | Local Improvement: 0.0
  Move 17: GUIDED_SWAP_TO_GBEST | Indices: (23, 216) | Local Improvement: 0.0
  Move 18: GUIDED_SWAP_TO_GBEST | Indices: (109, 174) | Local Improvement: 0.0
  Move 19: GUIDED_SWAP_TO_GBEST | Indices: (98, 134) | Local Improvement: 0.0
  Move 20: GUIDED_SWAP_TO_GBEST | Indices: (216, 214) | Local Improvement: 0.0
  Move 21: GUIDED_SWAP_TO_GBEST | Indices: (134, 82) | Local Improvement: 0.0
  Move 22: GUIDED_SWAP_TO_GBEST | Indices: (246, 112) | Local Improvement: 0.0
  Move 23: TRIPLE_SWAP | Indices: (51, 72, 220) | Local Improvement: 0.0001106770833333437
=================================================================================
=================================================================================
2026-01-28T20:53:58.624 | Step 9 | Particle 11 | GLOBAL BEST ACHIEVED!
Global Improvement: 0.0002213541666666874
All moves in this step:
  Move 1: GUIDED_SWAP_TO_GBEST | Indices: (23, 194) | Local Improvement: 0.0
  Move 2: GUIDED_SWAP_TO_GBEST | Indices: (40, 15) | Local Improvement: 0.0
  Move 3: GUIDED_SWAP_TO_GBEST | Indices: (115, 77) | Local Improvement: 0.0
  Move 4: GUIDED_SWAP_TO_GBEST | Indices: (233, 194) | Local Improvement: 0.0
  Move 5: GUIDED_SWAP_TO_GBEST | Indices: (36, 5) | Local Improvement: 0.0
  Move 6: GUIDED_SWAP_TO_PBEST | Indices: (15, 40) | Local Improvement: 0.0
  Move 7: GUIDED_SWAP_TO_PBEST | Indices: (210, 50) | Local Improvement: 0.0
  Move 8: GUIDED_SWAP_TO_PBEST | Indices: (131, 48) | Local Improvement: 0.0
  Move 9: GUIDED_SWAP_TO_PBEST | Indices: (127, 48) | Local Improvement: 0.0
  Move 10: GUIDED_SWAP_TO_GBEST | Indices: (15, 221) | Local Improvement: 0.0
  Move 11: GUIDED_SWAP_TO_GBEST | Indices: (221, 40) | Local Improvement: 0.0
  Move 12: GUIDED_SWAP_TO_GBEST | Indices: (41, 224) | Local Improvement: 0.0
  Move 13: GUIDED_SWAP_TO_PBEST | Indices: (227, 33) | Local Improvement: 0.0
  Move 14: GUIDED_SWAP_TO_PBEST | Indices: (40, 221) | Local Improvement: 0.0
  Move 15: GUIDED_SWAP_TO_PBEST | Indices: (15, 221) | Local Improvement: 0.0
  Move 16: GUIDED_SWAP_TO_PBEST | Indices: (23, 233) | Local Improvement: 0.0
  Move 17: TRIPLE_SWAP | Indices: (44, 27, 178) | Local Improvement: 0.000514322916666643
=================================================================================
=================================================================================
2026-01-28T20:53:58.717 | Step 10 | Particle 50 | GLOBAL BEST ACHIEVED!
Global Improvement: 0.000514322916666643
All moves in this step:
  Move 1: GUIDED_SWAP_TO_GBEST | Indices: (79, 61) | Local Improvement: 0.0
  Move 2: GUIDED_SWAP_TO_GBEST | Indices: (15, 40) | Local Improvement: 0.0
  Move 3: GUIDED_SWAP_TO_GBEST | Indices: (44, 178) | Local Improvement: 0.0
  Move 4: GUIDED_SWAP_TO_GBEST | Indices: (27, 178) | Local Improvement: 0.0
  Move 5: GUIDED_SWAP_TO_PBEST | Indices: (61, 79) | Local Improvement: 0.0
  Move 6: GUIDED_SWAP_TO_PBEST | Indices: (178, 44) | Local Improvement: 0.0
  Move 7: GUIDED_SWAP_TO_PBEST | Indices: (44, 27) | Local Improvement: 0.0
  Move 8: GUIDED_SWAP_TO_PBEST | Indices: (40, 15) | Local Improvement: 0.0
  Move 9: GUIDED_SWAP_TO_GBEST | Indices: (79, 61) | Local Improvement: 0.0
  Move 10: GUIDED_SWAP_TO_GBEST | Indices: (23, 233) | Local Improvement: 0.0
  Move 11: GUIDED_SWAP_TO_GBEST | Indices: (27, 44) | Local Improvement: 0.0
  Move 12: GUIDED_SWAP_TO_GBEST | Indices: (15, 40) | Local Improvement: 0.0
  Move 13: GUIDED_SWAP_TO_PBEST | Indices: (79, 61) | Local Improvement: 0.0
  Move 14: GUIDED_SWAP_TO_PBEST | Indices: (233, 23) | Local Improvement: 0.0
  Move 15: GUIDED_SWAP_TO_PBEST | Indices: (44, 27) | Local Improvement: 0.0
  Move 16: GUIDED_SWAP_TO_PBEST | Indices: (15, 40) | Local Improvement: 0.0
  Move 17: GUIDED_SWAP_TO_GBEST | Indices: (23, 233) | Local Improvement: 0.0
  Move 18: GUIDED_SWAP_TO_GBEST | Indices: (79, 61) | Local Improvement: 0.0
  Move 19: GUIDED_SWAP_TO_GBEST | Indices: (178, 27) | Local Improvement: 0.0
  Move 20: TRIPLE_SWAP | Indices: (69, 206, 77) | Local Improvement: 0.0003190104166665986
=================================================================================
=================================================================================
2026-01-28T20:53:59.389 | Step 14 | Particle 36 | GLOBAL BEST ACHIEVED!
Global Improvement: 0.00011067708333323267
All moves in this step:
  Move 1: TRIPLE_SWAP | Indices: (1, 63, 208) | Local Improvement: 0.00011067708333323267
=================================================================================
=================================================================================
2026-01-28T20:53:59.397 | Step 14 | Particle 55 | GLOBAL BEST ACHIEVED!
Global Improvement: 0.00020833333333325488
All moves in this step:
  Move 1: GUIDED_SWAP_TO_PBEST | Indices: (222, 207) | Local Improvement: 0.0
  Move 2: GUIDED_SWAP_TO_PBEST | Indices: (148, 240) | Local Improvement: 0.0
  Move 3: GUIDED_SWAP_TO_PBEST | Indices: (8, 86) | Local Improvement: 0.0
  Move 4: GUIDED_SWAP_TO_PBEST | Indices: (221, 100) | Local Improvement: 0.0
  Move 5: GUIDED_SWAP_TO_PBEST | Indices: (178, 69) | Local Improvement: 0.0
  Move 6: GUIDED_SWAP_TO_GBEST | Indices: (142, 77) | Local Improvement: 0.0
  Move 7: GUIDED_SWAP_TO_GBEST | Indices: (240, 148) | Local Improvement: 0.0
  Move 8: GUIDED_SWAP_TO_PBEST | Indices: (131, 148) | Local Improvement: 0.0
  Move 9: GUIDED_SWAP_TO_PBEST | Indices: (240, 148) | Local Improvement: 0.0
  Move 10: GUIDED_SWAP_TO_GBEST | Indices: (240, 148) | Local Improvement: 0.0
  Move 11: GUIDED_SWAP_TO_GBEST | Indices: (131, 148) | Local Improvement: 0.0
  Move 12: GUIDED_SWAP_TO_PBEST | Indices: (148, 240) | Local Improvement: 0.0
  Move 13: GUIDED_SWAP_TO_PBEST | Indices: (131, 240) | Local Improvement: 0.0
  Move 14: GUIDED_SWAP_TO_GBEST | Indices: (131, 240) | Local Improvement: 0.0
  Move 15: GUIDED_SWAP_TO_GBEST | Indices: (240, 148) | Local Improvement: 0.0
  Move 16: TRIPLE_SWAP | Indices: (203, 141, 221) | Local Improvement: 0.00020833333333325488
=================================================================================
=================================================================================
2026-01-28T20:53:59.448 | Step 15 | Particle 14 | GLOBAL BEST ACHIEVED!
Global Improvement: 9.76562500000222e-5
All moves in this step:
  Move 1: GUIDED_SWAP_TO_GBEST | Indices: (203, 221) | Local Improvement: 0.0
  Move 2: GUIDED_SWAP_TO_GBEST | Indices: (221, 141) | Local Improvement: 0.0
  Move 3: GUIDED_SWAP_TO_PBEST | Indices: (203, 141) | Local Improvement: 0.0
  Move 4: GUIDED_SWAP_TO_PBEST | Indices: (141, 221) | Local Improvement: 0.0
  Move 5: GUIDED_SWAP_TO_GBEST | Indices: (203, 221) | Local Improvement: 0.0
  Move 6: GUIDED_SWAP_TO_GBEST | Indices: (221, 141) | Local Improvement: 0.0
  Move 7: GUIDED_SWAP_TO_PBEST | Indices: (203, 141) | Local Improvement: 0.0
  Move 8: GUIDED_SWAP_TO_PBEST | Indices: (221, 141) | Local Improvement: 0.0
  Move 9: GUIDED_SWAP_TO_GBEST | Indices: (221, 141) | Local Improvement: 0.0
  Move 10: GUIDED_SWAP_TO_GBEST | Indices: (203, 141) | Local Improvement: 0.0
  Move 11: TRIPLE_SWAP | Indices: (223, 197, 104) | Local Improvement: 9.76562500000222e-5
=================================================================================
=================================================================================
2026-01-28T20:53:59.454 | Step 15 | Particle 28 | GLOBAL BEST ACHIEVED!
Global Improvement: 0.0001953124999999334
All moves in this step:
  Move 1: TRIPLE_SWAP | Indices: (191, 132, 200) | Local Improvement: 0.00040364583333318826
=================================================================================
=================================================================================
2026-01-28T20:53:59.458 | Step 15 | Particle 39 | GLOBAL BEST ACHIEVED!
Global Improvement: 0.0002083333333333659
All moves in this step:
  Move 1: GUIDED_SWAP_TO_GBEST | Indices: (141, 203) | Local Improvement: 0.0
  Move 2: GUIDED_SWAP_TO_GBEST | Indices: (221, 203) | Local Improvement: 0.0
  Move 3: GUIDED_SWAP_TO_PBEST | Indices: (203, 141) | Local Improvement: 0.0
  Move 4: GUIDED_SWAP_TO_PBEST | Indices: (221, 141) | Local Improvement: 0.0
  Move 5: GUIDED_SWAP_TO_GBEST | Indices: (221, 141) | Local Improvement: 0.0
  Move 6: GUIDED_SWAP_TO_GBEST | Indices: (141, 203) | Local Improvement: 0.0
  Move 7: TRIPLE_SWAP | Indices: (10, 136, 104) | Local Improvement: 0.0002083333333333659
=================================================================================
=================================================================================
2026-01-28T20:53:59.518 | Step 16 | Particle 22 | GLOBAL BEST ACHIEVED!
Global Improvement: 9.76562500000222e-5
All moves in this step:
  Move 1: GUIDED_SWAP_TO_GBEST | Indices: (104, 136) | Local Improvement: 0.0
  Move 2: GUIDED_SWAP_TO_GBEST | Indices: (136, 10) | Local Improvement: 0.0
  Move 3: GUIDED_SWAP_TO_PBEST | Indices: (104, 10) | Local Improvement: 0.0
  Move 4: GUIDED_SWAP_TO_PBEST | Indices: (10, 136) | Local Improvement: 0.0
  Move 5: GUIDED_SWAP_TO_GBEST | Indices: (104, 136) | Local Improvement: 0.0
  Move 6: GUIDED_SWAP_TO_GBEST | Indices: (10, 136) | Local Improvement: 0.0
  Move 7: GUIDED_SWAP_TO_PBEST | Indices: (104, 10) | Local Improvement: 0.0
  Move 8: GUIDED_SWAP_TO_PBEST | Indices: (136, 10) | Local Improvement: 0.0
  Move 9: GUIDED_SWAP_TO_GBEST | Indices: (104, 136) | Local Improvement: 0.0
  Move 10: GUIDED_SWAP_TO_GBEST | Indices: (10, 136) | Local Improvement: 0.0
  Move 11: TRIPLE_SWAP | Indices: (72, 83, 58) | Local Improvement: 9.76562500000222e-5
=================================================================================
=================================================================================
2026-01-28T20:53:59.529 | Step 16 | Particle 49 | GLOBAL BEST ACHIEVED!
Global Improvement: 0.0001953124999999334
All moves in this step:
  Move 1: GUIDED_SWAP_TO_GBEST | Indices: (10, 104) | Local Improvement: 0.0
  Move 2: GUIDED_SWAP_TO_GBEST | Indices: (136, 104) | Local Improvement: 0.0
  Move 3: GUIDED_SWAP_TO_GBEST | Indices: (89, 205) | Local Improvement: 0.0
  Move 4: GUIDED_SWAP_TO_GBEST | Indices: (224, 205) | Local Improvement: 0.0
  Move 5: GUIDED_SWAP_TO_PBEST | Indices: (205, 89) | Local Improvement: 0.0
  Move 6: GUIDED_SWAP_TO_PBEST | Indices: (104, 10) | Local Improvement: 0.0
  Move 7: GUIDED_SWAP_TO_PBEST | Indices: (10, 136) | Local Improvement: 0.0
  Move 8: GUIDED_SWAP_TO_PBEST | Indices: (224, 89) | Local Improvement: 0.0
  Move 9: GUIDED_SWAP_TO_GBEST | Indices: (10, 104) | Local Improvement: 0.0
  Move 10: GUIDED_SWAP_TO_GBEST | Indices: (104, 136) | Local Improvement: 0.0
  Move 11: GUIDED_SWAP_TO_GBEST | Indices: (224, 89) | Local Improvement: 0.0
  Move 12: GUIDED_SWAP_TO_GBEST | Indices: (89, 205) | Local Improvement: 0.0
  Move 13: TRIPLE_SWAP | Indices: (13, 38, 176) | Local Improvement: 0.0001953124999999334
=================================================================================
=================================================================================
2026-01-28T20:53:59.593 | Step 17 | Particle 35 | GLOBAL BEST ACHIEVED!
Global Improvement: 0.0002213541666666874
All moves in this step:
  Move 1: GUIDED_SWAP_TO_GBEST | Indices: (176, 38) | Local Improvement: 0.0
  Move 2: GUIDED_SWAP_TO_GBEST | Indices: (13, 38) | Local Improvement: 0.0
  Move 3: GUIDED_SWAP_TO_PBEST | Indices: (38, 176) | Local Improvement: 0.0
  Move 4: GUIDED_SWAP_TO_PBEST | Indices: (176, 13) | Local Improvement: 0.0
  Move 5: GUIDED_SWAP_TO_GBEST | Indices: (176, 38) | Local Improvement: 0.0
  Move 6: GUIDED_SWAP_TO_GBEST | Indices: (38, 13) | Local Improvement: 0.0
  Move 7: GUIDED_SWAP_TO_PBEST | Indices: (13, 38) | Local Improvement: 0.0
  Move 8: GUIDED_SWAP_TO_PBEST | Indices: (38, 176) | Local Improvement: 0.0
  Move 9: GUIDED_SWAP_TO_GBEST | Indices: (13, 176) | Local Improvement: 0.0
  Move 10: GUIDED_SWAP_TO_GBEST | Indices: (38, 176) | Local Improvement: 0.0
  Move 11: TRIPLE_SWAP | Indices: (94, 172, 69) | Local Improvement: 0.0002213541666666874
=================================================================================
=================================================================================
2026-01-28T20:53:59.655 | Step 18 | Particle 39 | GLOBAL BEST ACHIEVED!
Global Improvement: 0.0001953125000000444
All moves in this step:
  Move 1: GUIDED_SWAP_TO_PBEST | Indices: (38, 176) | Local Improvement: 0.0
  Move 2: GUIDED_SWAP_TO_PBEST | Indices: (169, 164) | Local Improvement: 0.0
  Move 3: GUIDED_SWAP_TO_PBEST | Indices: (110, 18) | Local Improvement: 0.0
  Move 4: GUIDED_SWAP_TO_PBEST | Indices: (198, 164) | Local Improvement: 0.0
  Move 5: GUIDED_SWAP_TO_PBEST | Indices: (176, 13) | Local Improvement: 0.0
  Move 6: GUIDED_SWAP_TO_GBEST | Indices: (69, 172) | Local Improvement: 0.0
  Move 7: GUIDED_SWAP_TO_GBEST | Indices: (172, 94) | Local Improvement: 0.0
  Move 8: GUIDED_SWAP_TO_GBEST | Indices: (176, 38) | Local Improvement: 0.0
  Move 9: GUIDED_SWAP_TO_GBEST | Indices: (13, 38) | Local Improvement: 0.0
  Move 10: GUIDED_SWAP_TO_PBEST | Indices: (38, 176) | Local Improvement: 0.0
  Move 11: GUIDED_SWAP_TO_PBEST | Indices: (176, 13) | Local Improvement: 0.0
  Move 12: GUIDED_SWAP_TO_PBEST | Indices: (69, 94) | Local Improvement: 0.0
  Move 13: GUIDED_SWAP_TO_PBEST | Indices: (172, 94) | Local Improvement: 0.0
  Move 14: GUIDED_SWAP_TO_GBEST | Indices: (172, 94) | Local Improvement: 0.0
  Move 15: GUIDED_SWAP_TO_GBEST | Indices: (176, 38) | Local Improvement: 0.0
  Move 16: GUIDED_SWAP_TO_GBEST | Indices: (13, 38) | Local Improvement: 0.0
  Move 17: GUIDED_SWAP_TO_GBEST | Indices: (69, 94) | Local Improvement: 0.0
  Move 18: GUIDED_SWAP_TO_PBEST | Indices: (69, 94) | Local Improvement: 0.0
  Move 19: GUIDED_SWAP_TO_PBEST | Indices: (176, 13) | Local Improvement: 0.0
  Move 20: GUIDED_SWAP_TO_PBEST | Indices: (13, 38) | Local Improvement: 0.0
  Move 21: GUIDED_SWAP_TO_PBEST | Indices: (94, 172) | Local Improvement: 0.0
  Move 22: GUIDED_SWAP_TO_GBEST | Indices: (176, 38) | Local Improvement: 0.0
  Move 23: GUIDED_SWAP_TO_GBEST | Indices: (69, 172) | Local Improvement: 0.0
  Move 24: GUIDED_SWAP_TO_GBEST | Indices: (172, 94) | Local Improvement: 0.0
  Move 25: GUIDED_SWAP_TO_GBEST | Indices: (38, 13) | Local Improvement: 0.0
  Move 26: TRIPLE_SWAP | Indices: (190, 51, 204) | Local Improvement: 0.0001953125000000444
=================================================================================
=================================================================================
2026-01-28T20:53:59.659 | Step 18 | Particle 51 | GLOBAL BEST ACHIEVED!
Global Improvement: 0.0003059895833333881
All moves in this step:
  Move 1: GUIDED_SWAP_TO_GBEST | Indices: (172, 94) | Local Improvement: 0.0
  Move 2: GUIDED_SWAP_TO_GBEST | Indices: (69, 94) | Local Improvement: 0.0
  Move 3: GUIDED_SWAP_TO_PBEST | Indices: (94, 172) | Local Improvement: 0.0
  Move 4: GUIDED_SWAP_TO_PBEST | Indices: (172, 69) | Local Improvement: 0.0
  Move 5: GUIDED_SWAP_TO_GBEST | Indices: (69, 172) | Local Improvement: 0.0
  Move 6: GUIDED_SWAP_TO_GBEST | Indices: (172, 94) | Local Improvement: 0.0
  Move 7: TRIPLE_SWAP | Indices: (251, 135, 173) | Local Improvement: 0.0002083333333333659
  Move 8: RANDOM_SWAP | Indices: (170, 162) | Local Improvement: 0.0
=================================================================================
=================================================================================
2026-01-28T20:53:59.722 | Step 19 | Particle 37 | GLOBAL BEST ACHIEVED!
Global Improvement: 0.00020833333333325488
All moves in this step:
  Move 1: GUIDED_SWAP_TO_GBEST | Indices: (170, 162) | Local Improvement: 0.0
  Move 2: GUIDED_SWAP_TO_GBEST | Indices: (135, 251) | Local Improvement: 0.0
  Move 3: GUIDED_SWAP_TO_GBEST | Indices: (251, 173) | Local Improvement: 0.0
  Move 4: GUIDED_SWAP_TO_PBEST | Indices: (173, 251) | Local Improvement: 0.0
  Move 5: GUIDED_SWAP_TO_PBEST | Indices: (135, 251) | Local Improvement: 0.0
  Move 6: GUIDED_SWAP_TO_PBEST | Indices: (162, 170) | Local Improvement: 0.0
  Move 7: GUIDED_SWAP_TO_GBEST | Indices: (251, 173) | Local Improvement: 0.0
  Move 8: GUIDED_SWAP_TO_GBEST | Indices: (135, 173) | Local Improvement: 0.0
  Move 9: GUIDED_SWAP_TO_GBEST | Indices: (170, 162) | Local Improvement: 0.0
  Move 10: TRIPLE_SWAP | Indices: (99, 90, 238) | Local Improvement: 0.00020833333333325488
=================================================================================
=================================================================================
2026-01-28T20:53:59.845 | Step 20 | Particle 73 | GLOBAL BEST ACHIEVED!
Global Improvement: 9.76562500000222e-5
All moves in this step:
  Move 1: GUIDED_SWAP_TO_PBEST | Indices: (251, 135) | Local Improvement: 0.0
  Move 2: GUIDED_SWAP_TO_PBEST | Indices: (176, 206) | Local Improvement: 0.0
  Move 3: GUIDED_SWAP_TO_PBEST | Indices: (135, 173) | Local Improvement: 0.0
  Move 4: GUIDED_SWAP_TO_PBEST | Indices: (93, 191) | Local Improvement: 0.0
  Move 5: GUIDED_SWAP_TO_GBEST | Indices: (173, 135) | Local Improvement: 0.0
  Move 6: GUIDED_SWAP_TO_GBEST | Indices: (238, 90) | Local Improvement: 0.0
  Move 7: GUIDED_SWAP_TO_GBEST | Indices: (99, 90) | Local Improvement: 0.0
  Move 8: GUIDED_SWAP_TO_GBEST | Indices: (251, 135) | Local Improvement: 0.0
  Move 9: GUIDED_SWAP_TO_PBEST | Indices: (99, 90) | Local Improvement: 0.0
  Move 10: GUIDED_SWAP_TO_PBEST | Indices: (173, 251) | Local Improvement: 0.0
  Move 11: GUIDED_SWAP_TO_PBEST | Indices: (238, 90) | Local Improvement: 0.0
  Move 12: GUIDED_SWAP_TO_PBEST | Indices: (251, 135) | Local Improvement: 0.0
  Move 13: GUIDED_SWAP_TO_PBEST | Indices: (162, 170) | Local Improvement: 0.0
  Move 14: GUIDED_SWAP_TO_GBEST | Indices: (251, 173) | Local Improvement: 0.0
  Move 15: GUIDED_SWAP_TO_GBEST | Indices: (173, 135) | Local Improvement: 0.0
  Move 16: GUIDED_SWAP_TO_GBEST | Indices: (170, 162) | Local Improvement: 0.0
  Move 17: GUIDED_SWAP_TO_GBEST | Indices: (238, 90) | Local Improvement: 0.0
=================================================================================
=================================================================================
2026-01-28T20:53:59.972 | Step 22 | Particle 56 | GLOBAL BEST ACHIEVED!
Global Improvement: 0.0001106770833333437
All moves in this step:
  Move 1: GUIDED_SWAP_TO_PBEST | Indices: (120, 22) | Local Improvement: 0.0
  Move 2: GUIDED_SWAP_TO_PBEST | Indices: (250, 22) | Local Improvement: 0.0
  Move 3: GUIDED_SWAP_TO_PBEST | Indices: (4, 16) | Local Improvement: 0.0
  Move 4: GUIDED_SWAP_TO_PBEST | Indices: (251, 135) | Local Improvement: 0.0
  Move 5: GUIDED_SWAP_TO_PBEST | Indices: (90, 238) | Local Improvement: 0.0
  Move 6: GUIDED_SWAP_TO_GBEST | Indices: (4, 249) | Local Improvement: 0.0
  Move 7: GUIDED_SWAP_TO_GBEST | Indices: (16, 249) | Local Improvement: 0.0
  Move 8: GUIDED_SWAP_TO_GBEST | Indices: (173, 135) | Local Improvement: 0.0
  Move 9: GUIDED_SWAP_TO_GBEST | Indices: (90, 238) | Local Improvement: 0.0
  Move 10: GUIDED_SWAP_TO_GBEST | Indices: (251, 135) | Local Improvement: 0.0
  Move 11: GUIDED_SWAP_TO_PBEST | Indices: (170, 162) | Local Improvement: 0.0
  Move 12: GUIDED_SWAP_TO_PBEST | Indices: (251, 135) | Local Improvement: 0.0
  Move 13: GUIDED_SWAP_TO_PBEST | Indices: (135, 173) | Local Improvement: 0.0
  Move 14: GUIDED_SWAP_TO_PBEST | Indices: (16, 249) | Local Improvement: 0.0
  Move 15: GUIDED_SWAP_TO_GBEST | Indices: (16, 249) | Local Improvement: 0.0
  Move 16: GUIDED_SWAP_TO_GBEST | Indices: (251, 173) | Local Improvement: 0.0
  Move 17: GUIDED_SWAP_TO_GBEST | Indices: (135, 173) | Local Improvement: 0.0
  Move 18: GUIDED_SWAP_TO_GBEST | Indices: (170, 162) | Local Improvement: 0.0
  Move 19: GUIDED_SWAP_TO_PBEST | Indices: (69, 94) | Local Improvement: 0.0
  Move 20: GUIDED_SWAP_TO_PBEST | Indices: (148, 131) | Local Improvement: 0.0
  Move 21: GUIDED_SWAP_TO_PBEST | Indices: (16, 249) | Local Improvement: 0.0
  Move 22: GUIDED_SWAP_TO_PBEST | Indices: (172, 94) | Local Improvement: 0.0
  Move 23: GUIDED_SWAP_TO_PBEST | Indices: (173, 251) | Local Improvement: 0.0
  Move 24: GUIDED_SWAP_TO_GBEST | Indices: (251, 173) | Local Improvement: 0.0
  Move 25: GUIDED_SWAP_TO_GBEST | Indices: (172, 94) | Local Improvement: 0.0
  Move 26: GUIDED_SWAP_TO_GBEST | Indices: (131, 148) | Local Improvement: 0.0
  Move 27: GUIDED_SWAP_TO_GBEST | Indices: (69, 94) | Local Improvement: 0.0
=================================================================================
=================================================================================
2026-01-28T20:54:00.027 | Step 23 | Particle 28 | GLOBAL BEST ACHIEVED!
Global Improvement: 9.76562500000222e-5
All moves in this step:
  Move 1: GUIDED_SWAP_TO_GBEST | Indices: (16, 249) | Local Improvement: 0.0
  Move 2: GUIDED_SWAP_TO_PBEST | Indices: (16, 249) | Local Improvement: 0.0
  Move 3: GUIDED_SWAP_TO_GBEST | Indices: (249, 16) | Local Improvement: 0.0
  Move 4: TRIPLE_SWAP | Indices: (233, 235, 179) | Local Improvement: 9.76562500000222e-5
=================================================================================
=================================================================================
2026-01-28T20:54:00.530 | Step 27 | Particle 16 | GLOBAL BEST ACHIEVED!
Global Improvement: 0.0001106770833333437
All moves in this step:
  Move 1: TRIPLE_SWAP | Indices: (85, 128, 19) | Local Improvement: 0.0001106770833333437
=================================================================================
=================================================================================
2026-01-28T20:54:00.700 | Step 29 | Particle 72 | GLOBAL BEST ACHIEVED!
Global Improvement: 9.765624999991118e-5
All moves in this step:
  Move 1: TRIPLE_SWAP | Indices: (66, 254, 218) | Local Improvement: 9.765624999991118e-5
=================================================================================
=================================================================================
2026-01-28T20:54:00.950 | Step 33 | Particle 22 | GLOBAL BEST ACHIEVED!
Global Improvement: 1.3020833333432513e-5
All moves in this step:
  Move 1: TRIPLE_SWAP | Indices: (166, 67, 64) | Local Improvement: 1.3020833333432513e-5
=================================================================================
=================================================================================
2026-01-28T20:54:00.954 | Step 33 | Particle 30 | GLOBAL BEST ACHIEVED!
Global Improvement: 0.0004166666666667318
All moves in this step:
  Move 1: GUIDED_SWAP_TO_PBEST | Indices: (234, 208) | Local Improvement: 0.0
  Move 2: GUIDED_SWAP_TO_PBEST | Indices: (26, 170) | Local Improvement: 0.0
  Move 3: GUIDED_SWAP_TO_PBEST | Indices: (45, 152) | Local Improvement: 0.0
  Move 4: GUIDED_SWAP_TO_PBEST | Indices: (222, 29) | Local Improvement: 0.0
  Move 5: GUIDED_SWAP_TO_GBEST | Indices: (14, 94) | Local Improvement: 0.0
  Move 6: TRIPLE_SWAP | Indices: (239, 245, 40) | Local Improvement: 0.0004166666666667318
=================================================================================
=================================================================================
2026-01-28T20:54:01.031 | Step 34 | Particle 45 | GLOBAL BEST ACHIEVED!
Global Improvement: 0.0001106770833333437
All moves in this step:
  Move 1: GUIDED_SWAP_TO_GBEST | Indices: (239, 40) | Local Improvement: 0.0
  Move 2: GUIDED_SWAP_TO_GBEST | Indices: (245, 40) | Local Improvement: 0.0
  Move 3: GUIDED_SWAP_TO_PBEST | Indices: (245, 40) | Local Improvement: 0.0
  Move 4: GUIDED_SWAP_TO_PBEST | Indices: (239, 40) | Local Improvement: 0.0
  Move 5: GUIDED_SWAP_TO_GBEST | Indices: (245, 239) | Local Improvement: 0.0
  Move 6: GUIDED_SWAP_TO_GBEST | Indices: (239, 40) | Local Improvement: 0.0
  Move 7: TRIPLE_SWAP | Indices: (239, 48, 49) | Local Improvement: 0.0001106770833333437
=================================================================================
=================================================================================
2026-01-28T20:54:01.167 | Step 36 | Particle 48 | GLOBAL BEST ACHIEVED!
Global Improvement: 9.76562500000222e-5
All moves in this step:
  Move 1: GUIDED_SWAP_TO_GBEST | Indices: (49, 48) | Local Improvement: 0.0
  Move 2: GUIDED_SWAP_TO_GBEST | Indices: (245, 239) | Local Improvement: 0.0
  Move 3: GUIDED_SWAP_TO_GBEST | Indices: (48, 40) | Local Improvement: 0.0
  Move 4: GUIDED_SWAP_TO_GBEST | Indices: (239, 40) | Local Improvement: 0.0
  Move 5: GUIDED_SWAP_TO_PBEST | Indices: (239, 245) | Local Improvement: 0.0
  Move 6: GUIDED_SWAP_TO_PBEST | Indices: (49, 245) | Local Improvement: 0.0
  Move 7: GUIDED_SWAP_TO_PBEST | Indices: (245, 40) | Local Improvement: 0.0
  Move 8: GUIDED_SWAP_TO_PBEST | Indices: (48, 40) | Local Improvement: 0.0
  Move 9: GUIDED_SWAP_TO_GBEST | Indices: (245, 239) | Local Improvement: 0.0
  Move 10: GUIDED_SWAP_TO_GBEST | Indices: (40, 239) | Local Improvement: 0.0
  Move 11: GUIDED_SWAP_TO_GBEST | Indices: (239, 49) | Local Improvement: 0.0
  Move 12: GUIDED_SWAP_TO_GBEST | Indices: (48, 49) | Local Improvement: 0.0
  Move 13: TRIPLE_SWAP | Indices: (243, 174, 6) | Local Improvement: 9.76562500000222e-5
=================================================================================
=================================================================================
2026-01-28T20:54:02.177 | Step 50 | Particle 2 | GLOBAL BEST ACHIEVED!
Global Improvement: 0.0002083333333333659
All moves in this step:
  Move 1: TRIPLE_SWAP | Indices: (52, 138, 195) | Local Improvement: 0.0002083333333333659
=================================================================================
=================================================================================
2026-01-28T20:54:03.842 | Step 70 | Particle 77 | GLOBAL BEST ACHIEVED!
Global Improvement: 0.00020833333333325488
All moves in this step:
  Move 1: TRIPLE_SWAP | Indices: (80, 159, 215) | Local Improvement: 0.00020833333333325488
=================================================================================
=================================================================================
2026-01-28T20:54:09.900 | Step 126 | Particle 29 | GLOBAL BEST ACHIEVED!
Global Improvement: 0.0002083333333333659
All moves in this step:
  Move 1: GUIDED_SWAP_TO_PBEST | Indices: (146, 164) | Local Improvement: 0.0
  Move 2: GUIDED_SWAP_TO_PBEST | Indices: (87, 155) | Local Improvement: 0.0
  Move 3: GUIDED_SWAP_TO_PBEST | Indices: (173, 120) | Local Improvement: 0.0
  Move 4: GUIDED_SWAP_TO_PBEST | Indices: (186, 60) | Local Improvement: 0.0
  Move 5: GUIDED_SWAP_TO_GBEST | Indices: (189, 57) | Local Improvement: 0.0
  Move 6: TRIPLE_SWAP | Indices: (47, 215, 122) | Local Improvement: 0.0002083333333333659
=================================================================================
=================================================================================
2026-01-28T20:54:12.886 | Step 153 | Particle 14 | GLOBAL BEST ACHIEVED!
Global Improvement: 0.0001106770833333437
All moves in this step:
  Move 1: TRIPLE_SWAP | Indices: (179, 88, 94) | Local Improvement: 0.0001106770833333437
=================================================================================
=================================================================================
2026-01-28T20:54:13.124 | Step 155 | Particle 62 | GLOBAL BEST ACHIEVED!
Global Improvement: 9.765624999991118e-5
All moves in this step:
  Move 1: TRIPLE_SWAP | Indices: (43, 182, 76) | Local Improvement: 9.765624999991118e-5
=================================================================================
=================================================================================
2026-01-28T20:54:17.684 | Step 197 | Particle 58 | GLOBAL BEST ACHIEVED!
Global Improvement: 1.3020833333321491e-5
All moves in this step:
  Move 1: GUIDED_SWAP_TO_PBEST | Indices: (252, 109) | Local Improvement: 0.0
  Move 2: GUIDED_SWAP_TO_PBEST | Indices: (224, 17) | Local Improvement: 0.0
  Move 3: GUIDED_SWAP_TO_PBEST | Indices: (117, 228) | Local Improvement: 0.0
  Move 4: GUIDED_SWAP_TO_GBEST | Indices: (120, 7) | Local Improvement: 0.0
  Move 5: TRIPLE_SWAP | Indices: (248, 19, 153) | Local Improvement: 1.3020833333321491e-5
=================================================================================
=================================================================================
2026-01-28T20:54:18.775 | Step 207 | Particle 94 | GLOBAL BEST ACHIEVED!
Global Improvement: 0.0001953125000000444
All moves in this step:
  Move 1: TRIPLE_SWAP | Indices: (162, 96, 45) | Local Improvement: 0.0001953125000000444
=================================================================================
=================================================================================
2026-01-28T20:54:42.834 | Step 423 | Particle 79 | GLOBAL BEST ACHIEVED!
Global Improvement: 0.0002083333333333659
All moves in this step:
  Move 1: TRIPLE_SWAP | Indices: (128, 174, 92) | Local Improvement: 0.0002083333333333659
=================================================================================
