# Global Best Swaps Only - COMPOSITE FITNESS MODE WITH EARLY STOPPING
# Started on: 2026-01-29T21:36:13.800
# Format: Timestamp | Step | Particle | Operation | Indices | Local | Global | Status
# Note: Each global best S-box is saved in debug_sboxes/ directory
# Using composite fitness function with NL, SAC, DDT, and Entropy
# Early stopping enabled based on NL threshold

=================================================================================
2026-01-29T21:36:14.539 | Step 1 | Particle 18 | GLOBAL BEST ACHIEVED!
Global Improvement: 0.00015624999999996891
All moves in this step:
  Move 1: TRIPLE_SWAP | Indices: (22, 236, 186) | Local Improvement: 0.00015624999999996891
=================================================================================
=================================================================================
2026-01-29T21:36:14.564 | Step 1 | Particle 23 | GLOBAL BEST ACHIEVED!
Global Improvement: 0.0007291666666666696
All moves in this step:
  Move 1: TRIPLE_SWAP | Indices: (112, 253, 76) | Local Improvement: 0.0007291666666666696
=================================================================================
=================================================================================
2026-01-29T21:36:14.786 | Step 1 | Particle 595 | GLOBAL BEST ACHIEVED!
Global Improvement: 0.0007617187500000844
All moves in this step:
  Move 1: TRIPLE_SWAP | Indices: (116, 212, 109) | Local Improvement: 0.00014322916666664742
  Move 2: RANDOM_SWAP | Indices: (130, 135) | Local Improvement: 0.0
  Move 3: RANDOM_SWAP | Indices: (27, 173) | Local Improvement: 0.0
  Move 4: RANDOM_SWAP | Indices: (1, 99) | Local Improvement: 0.0
=================================================================================
=================================================================================
2026-01-29T21:36:15.417 | Step 2 | Particle 52 | GLOBAL BEST ACHIEVED!
Global Improvement: 0.00011067708333323267
All moves in this step:
  Move 1: GUIDED_SWAP_TO_GBEST | Indices: (135, 130) | Local Improvement: 0.0
  Move 2: GUIDED_SWAP_TO_GBEST | Indices: (116, 109) | Local Improvement: 0.0
  Move 3: GUIDED_SWAP_TO_GBEST | Indices: (212, 109) | Local Improvement: 0.0
  Move 4: GUIDED_SWAP_TO_PBEST | Indices: (135, 130) | Local Improvement: 0.0
  Move 5: GUIDED_SWAP_TO_PBEST | Indices: (212, 109) | Local Improvement: 0.0
  Move 6: GUIDED_SWAP_TO_PBEST | Indices: (116, 109) | Local Improvement: 0.0
  Move 7: GUIDED_SWAP_TO_GBEST | Indices: (27, 173) | Local Improvement: 0.0
  Move 8: GUIDED_SWAP_TO_GBEST | Indices: (1, 99) | Local Improvement: 0.0
  Move 9: GUIDED_SWAP_TO_GBEST | Indices: (130, 135) | Local Improvement: 0.0
  Move 10: GUIDED_SWAP_TO_GBEST | Indices: (212, 116) | Local Improvement: 0.0
  Move 11: GUIDED_SWAP_TO_PBEST | Indices: (130, 135) | Local Improvement: 0.0
  Move 12: GUIDED_SWAP_TO_PBEST | Indices: (212, 116) | Local Improvement: 0.0
  Move 13: GUIDED_SWAP_TO_PBEST | Indices: (27, 173) | Local Improvement: 0.0
  Move 14: GUIDED_SWAP_TO_PBEST | Indices: (1, 99) | Local Improvement: 0.0
  Move 15: GUIDED_SWAP_TO_GBEST | Indices: (130, 135) | Local Improvement: 0.0
  Move 16: GUIDED_SWAP_TO_GBEST | Indices: (116, 109) | Local Improvement: 0.0
  Move 17: GUIDED_SWAP_TO_GBEST | Indices: (212, 109) | Local Improvement: 0.0
  Move 18: GUIDED_SWAP_TO_GBEST | Indices: (99, 1) | Local Improvement: 0.0
  Move 19: TRIPLE_SWAP | Indices: (24, 238, 76) | Local Improvement: 0.005431857638888871
=================================================================================
=================================================================================
2026-01-29T21:36:15.420 | Step 2 | Particle 57 | GLOBAL BEST ACHIEVED!
Global Improvement: 0.00013671874999987566
All moves in this step:
  Move 1: GUIDED_SWAP_TO_GBEST | Indices: (116, 109) | Local Improvement: 0.0
  Move 2: GUIDED_SWAP_TO_GBEST | Indices: (173, 27) | Local Improvement: 0.0
  Move 3: GUIDED_SWAP_TO_GBEST | Indices: (130, 135) | Local Improvement: 0.0
  Move 4: GUIDED_SWAP_TO_GBEST | Indices: (109, 212) | Local Improvement: 0.0
  Move 5: GUIDED_SWAP_TO_GBEST | Indices: (205, 74) | Local Improvement: 0.0
  Move 6: GUIDED_SWAP_TO_PBEST | Indices: (135, 130) | Local Improvement: 0.0
  Move 7: GUIDED_SWAP_TO_PBEST | Indices: (116, 212) | Local Improvement: 0.0
  Move 8: GUIDED_SWAP_TO_PBEST | Indices: (109, 212) | Local Improvement: 0.0
  Move 9: GUIDED_SWAP_TO_PBEST | Indices: (205, 74) | Local Improvement: 0.0
  Move 10: GUIDED_SWAP_TO_GBEST | Indices: (109, 212) | Local Improvement: 0.0
  Move 11: GUIDED_SWAP_TO_GBEST | Indices: (205, 74) | Local Improvement: 0.0
  Move 12: GUIDED_SWAP_TO_GBEST | Indices: (130, 135) | Local Improvement: 0.0
  Move 13: GUIDED_SWAP_TO_GBEST | Indices: (8, 74) | Local Improvement: 0.0
  Move 14: GUIDED_SWAP_TO_PBEST | Indices: (135, 130) | Local Improvement: 0.0
  Move 15: GUIDED_SWAP_TO_PBEST | Indices: (8, 74) | Local Improvement: 0.0
  Move 16: GUIDED_SWAP_TO_PBEST | Indices: (109, 212) | Local Improvement: 0.0
  Move 17: GUIDED_SWAP_TO_PBEST | Indices: (205, 74) | Local Improvement: 0.0
  Move 18: TRIPLE_SWAP | Indices: (20, 43, 201) | Local Improvement: 0.0008919270833332993
=================================================================================
=================================================================================
2026-01-29T21:36:15.445 | Step 2 | Particle 118 | GLOBAL BEST ACHIEVED!
Global Improvement: 0.00020833333333325488
All moves in this step:
  Move 1: GUIDED_SWAP_TO_GBEST | Indices: (116, 109) | Local Improvement: 0.0
  Move 2: GUIDED_SWAP_TO_GBEST | Indices: (88, 217) | Local Improvement: 0.0
  Move 3: GUIDED_SWAP_TO_GBEST | Indices: (109, 212) | Local Improvement: 0.0
  Move 4: GUIDED_SWAP_TO_GBEST | Indices: (241, 119) | Local Improvement: 0.0
  Move 5: GUIDED_SWAP_TO_GBEST | Indices: (130, 135) | Local Improvement: 0.0
  Move 6: GUIDED_SWAP_TO_GBEST | Indices: (99, 1) | Local Improvement: 0.0
  Move 7: GUIDED_SWAP_TO_GBEST | Indices: (173, 27) | Local Improvement: 0.0
  Move 8: GUIDED_SWAP_TO_PBEST | Indices: (1, 99) | Local Improvement: 0.0
  Move 9: GUIDED_SWAP_TO_PBEST | Indices: (116, 212) | Local Improvement: 0.0
  Move 10: GUIDED_SWAP_TO_PBEST | Indices: (173, 27) | Local Improvement: 0.0
  Move 11: GUIDED_SWAP_TO_PBEST | Indices: (135, 130) | Local Improvement: 0.0
  Move 12: GUIDED_SWAP_TO_GBEST | Indices: (212, 116) | Local Improvement: 0.0
  Move 13: GUIDED_SWAP_TO_GBEST | Indices: (130, 135) | Local Improvement: 0.0
  Move 14: GUIDED_SWAP_TO_GBEST | Indices: (99, 1) | Local Improvement: 0.0
  Move 15: TRIPLE_SWAP | Indices: (172, 49, 6) | Local Improvement: 0.005529513888888893
=================================================================================
=================================================================================
2026-01-29T21:36:15.654 | Step 2 | Particle 649 | GLOBAL BEST ACHIEVED!
Global Improvement: 0.00022135416666657637
All moves in this step:
  Move 1: GUIDED_SWAP_TO_GBEST | Indices: (212, 116) | Local Improvement: 0.0
  Move 2: GUIDED_SWAP_TO_GBEST | Indices: (1, 99) | Local Improvement: 0.0
  Move 3: GUIDED_SWAP_TO_GBEST | Indices: (27, 173) | Local Improvement: 0.0
  Move 4: GUIDED_SWAP_TO_GBEST | Indices: (135, 130) | Local Improvement: 0.0
  Move 5: GUIDED_SWAP_TO_GBEST | Indices: (116, 109) | Local Improvement: 0.0
  Move 6: GUIDED_SWAP_TO_PBEST | Indices: (130, 135) | Local Improvement: 0.0
  Move 7: GUIDED_SWAP_TO_PBEST | Indices: (1, 99) | Local Improvement: 0.0
  Move 8: GUIDED_SWAP_TO_PBEST | Indices: (27, 173) | Local Improvement: 0.0
  Move 9: GUIDED_SWAP_TO_PBEST | Indices: (109, 116) | Local Improvement: 0.0
  Move 10: GUIDED_SWAP_TO_GBEST | Indices: (27, 173) | Local Improvement: 0.0
  Move 11: GUIDED_SWAP_TO_GBEST | Indices: (1, 99) | Local Improvement: 0.0
  Move 12: GUIDED_SWAP_TO_GBEST | Indices: (135, 130) | Local Improvement: 0.0
  Move 13: TRIPLE_SWAP | Indices: (196, 167, 212) | Local Improvement: 0.0003906249999999778
=================================================================================
=================================================================================
2026-01-29T21:36:15.679 | Step 2 | Particle 714 | GLOBAL BEST ACHIEVED!
Global Improvement: 0.0005273437499999645
All moves in this step:
  Move 1: GUIDED_SWAP_TO_GBEST | Indices: (99, 1) | Local Improvement: 0.0
  Move 2: GUIDED_SWAP_TO_GBEST | Indices: (116, 109) | Local Improvement: 0.0
  Move 3: GUIDED_SWAP_TO_GBEST | Indices: (43, 3) | Local Improvement: 0.0
  Move 4: GUIDED_SWAP_TO_GBEST | Indices: (135, 130) | Local Improvement: 0.0
  Move 5: GUIDED_SWAP_TO_PBEST | Indices: (130, 135) | Local Improvement: 0.0
  Move 6: GUIDED_SWAP_TO_PBEST | Indices: (1, 99) | Local Improvement: 0.0
  Move 7: GUIDED_SWAP_TO_PBEST | Indices: (3, 43) | Local Improvement: 0.0
  Move 8: GUIDED_SWAP_TO_PBEST | Indices: (116, 109) | Local Improvement: 0.0
  Move 9: GUIDED_SWAP_TO_GBEST | Indices: (43, 3) | Local Improvement: 0.0
  Move 10: GUIDED_SWAP_TO_GBEST | Indices: (110, 3) | Local Improvement: 0.0
  Move 11: GUIDED_SWAP_TO_GBEST | Indices: (130, 135) | Local Improvement: 0.0
  Move 12: GUIDED_SWAP_TO_GBEST | Indices: (173, 27) | Local Improvement: 0.0
  Move 13: GUIDED_SWAP_TO_GBEST | Indices: (1, 99) | Local Improvement: 0.0
  Move 14: TRIPLE_SWAP | Indices: (85, 74, 256) | Local Improvement: 0.0008789062500000888
=================================================================================
=================================================================================
2026-01-29T21:36:16.432 | Step 3 | Particle 118 | GLOBAL BEST ACHIEVED!
Global Improvement: 9.765624999991118e-5
All moves in this step:
  Move 1: GUIDED_SWAP_TO_GBEST | Indices: (256, 74) | Local Improvement: 0.0
  Move 2: GUIDED_SWAP_TO_GBEST | Indices: (27, 173) | Local Improvement: 0.0
  Move 3: GUIDED_SWAP_TO_GBEST | Indices: (85, 74) | Local Improvement: 0.0
  Move 4: GUIDED_SWAP_TO_GBEST | Indices: (116, 212) | Local Improvement: 0.0
  Move 5: GUIDED_SWAP_TO_PBEST | Indices: (256, 85) | Local Improvement: 0.0
  Move 6: GUIDED_SWAP_TO_PBEST | Indices: (27, 173) | Local Improvement: 0.0
  Move 7: GUIDED_SWAP_TO_PBEST | Indices: (116, 212) | Local Improvement: 0.0
  Move 8: GUIDED_SWAP_TO_PBEST | Indices: (74, 85) | Local Improvement: 0.0
  Move 9: GUIDED_SWAP_TO_GBEST | Indices: (173, 27) | Local Improvement: 0.0
  Move 10: GUIDED_SWAP_TO_GBEST | Indices: (85, 256) | Local Improvement: 0.0
  Move 11: GUIDED_SWAP_TO_GBEST | Indices: (212, 109) | Local Improvement: 0.0
  Move 12: GUIDED_SWAP_TO_GBEST | Indices: (49, 6) | Local Improvement: 0.0
  Move 13: GUIDED_SWAP_TO_GBEST | Indices: (256, 74) | Local Improvement: 0.0
  Move 14: GUIDED_SWAP_TO_GBEST | Indices: (109, 116) | Local Improvement: 0.0
  Move 15: GUIDED_SWAP_TO_GBEST | Indices: (6, 172) | Local Improvement: 0.0
  Move 16: RANDOM_SWAP | Indices: (218, 33) | Local Improvement: 0.0
=================================================================================
=================================================================================
2026-01-29T21:36:17.359 | Step 4 | Particle 491 | GLOBAL BEST ACHIEVED!
Global Improvement: 0.00011067708333345472
All moves in this step:
  Move 1: GUIDED_SWAP_TO_PBEST | Indices: (27, 173) | Local Improvement: 0.0
  Move 2: GUIDED_SWAP_TO_PBEST | Indices: (99, 1) | Local Improvement: 0.0
  Move 3: GUIDED_SWAP_TO_PBEST | Indices: (85, 74) | Local Improvement: 0.0
  Move 4: GUIDED_SWAP_TO_PBEST | Indices: (114, 66) | Local Improvement: 0.0
  Move 5: GUIDED_SWAP_TO_PBEST | Indices: (74, 256) | Local Improvement: 0.0
  Move 6: GUIDED_SWAP_TO_GBEST | Indices: (33, 218) | Local Improvement: 0.0
  Move 7: GUIDED_SWAP_TO_GBEST | Indices: (256, 74) | Local Improvement: 0.0
  Move 8: GUIDED_SWAP_TO_GBEST | Indices: (30, 17) | Local Improvement: 0.0
  Move 9: GUIDED_SWAP_TO_GBEST | Indices: (13, 238) | Local Improvement: 0.0
  Move 10: GUIDED_SWAP_TO_PBEST | Indices: (218, 33) | Local Improvement: 0.0
  Move 11: GUIDED_SWAP_TO_PBEST | Indices: (74, 256) | Local Improvement: 0.0
  Move 12: GUIDED_SWAP_TO_GBEST | Indices: (135, 130) | Local Improvement: 0.0
  Move 13: GUIDED_SWAP_TO_GBEST | Indices: (33, 218) | Local Improvement: 0.0
  Move 14: GUIDED_SWAP_TO_GBEST | Indices: (173, 27) | Local Improvement: 0.0
  Move 15: GUIDED_SWAP_TO_PBEST | Indices: (135, 130) | Local Improvement: 0.0
  Move 16: GUIDED_SWAP_TO_PBEST | Indices: (173, 27) | Local Improvement: 0.0
  Move 17: GUIDED_SWAP_TO_PBEST | Indices: (33, 218) | Local Improvement: 0.0
  Move 18: GUIDED_SWAP_TO_GBEST | Indices: (33, 218) | Local Improvement: 0.0
  Move 19: GUIDED_SWAP_TO_GBEST | Indices: (173, 27) | Local Improvement: 0.0
  Move 20: GUIDED_SWAP_TO_GBEST | Indices: (135, 130) | Local Improvement: 0.0
  Move 21: GUIDED_SWAP_TO_GBEST | Indices: (99, 1) | Local Improvement: 0.0
  Move 22: TRIPLE_SWAP | Indices: (237, 2, 219) | Local Improvement: 0.0009895833333334325
=================================================================================
=================================================================================
2026-01-29T21:36:18.122 | Step 5 | Particle 358 | GLOBAL BEST ACHIEVED!
Global Improvement: 9.765624999991118e-5
All moves in this step:
  Move 1: GUIDED_SWAP_TO_PBEST | Indices: (109, 212) | Local Improvement: 0.0
  Move 2: GUIDED_SWAP_TO_PBEST | Indices: (183, 94) | Local Improvement: 0.0
  Move 3: GUIDED_SWAP_TO_PBEST | Indices: (116, 94) | Local Improvement: 0.0
  Move 4: GUIDED_SWAP_TO_PBEST | Indices: (99, 1) | Local Improvement: 0.0
  Move 5: GUIDED_SWAP_TO_PBEST | Indices: (33, 218) | Local Improvement: 0.0
  Move 6: GUIDED_SWAP_TO_GBEST | Indices: (218, 33) | Local Improvement: 0.0
  Move 7: GUIDED_SWAP_TO_GBEST | Indices: (219, 2) | Local Improvement: 0.0
  Move 8: GUIDED_SWAP_TO_GBEST | Indices: (74, 256) | Local Improvement: 0.0
  Move 9: GUIDED_SWAP_TO_GBEST | Indices: (212, 109) | Local Improvement: 0.0
  Move 10: GUIDED_SWAP_TO_GBEST | Indices: (237, 2) | Local Improvement: 0.0
  Move 11: GUIDED_SWAP_TO_PBEST | Indices: (256, 85) | Local Improvement: 0.0
  Move 12: GUIDED_SWAP_TO_PBEST | Indices: (33, 218) | Local Improvement: 0.0
  Move 13: GUIDED_SWAP_TO_PBEST | Indices: (212, 109) | Local Improvement: 0.0
  Move 14: GUIDED_SWAP_TO_PBEST | Indices: (219, 237) | Local Improvement: 0.0
  Move 15: GUIDED_SWAP_TO_GBEST | Indices: (218, 33) | Local Improvement: 0.0
  Move 16: GUIDED_SWAP_TO_GBEST | Indices: (1, 99) | Local Improvement: 0.0
  Move 17: GUIDED_SWAP_TO_GBEST | Indices: (212, 109) | Local Improvement: 0.0
  Move 18: GUIDED_SWAP_TO_GBEST | Indices: (237, 219) | Local Improvement: 0.0
  Move 19: GUIDED_SWAP_TO_PBEST | Indices: (109, 212) | Local Improvement: 0.0
  Move 20: GUIDED_SWAP_TO_PBEST | Indices: (237, 2) | Local Improvement: 0.0
  Move 21: GUIDED_SWAP_TO_PBEST | Indices: (33, 218) | Local Improvement: 0.0
  Move 22: GUIDED_SWAP_TO_PBEST | Indices: (219, 2) | Local Improvement: 0.0
  Move 23: GUIDED_SWAP_TO_GBEST | Indices: (218, 33) | Local Improvement: 0.0
  Move 24: GUIDED_SWAP_TO_GBEST | Indices: (237, 219) | Local Improvement: 0.0
  Move 25: GUIDED_SWAP_TO_GBEST | Indices: (219, 2) | Local Improvement: 0.0
  Move 26: GUIDED_SWAP_TO_GBEST | Indices: (116, 212) | Local Improvement: 0.0
  Move 27: GUIDED_SWAP_TO_GBEST | Indices: (109, 212) | Local Improvement: 0.0
  Move 28: TRIPLE_SWAP | Indices: (65, 22, 9) | Local Improvement: 9.765624999991118e-5
=================================================================================
=================================================================================
2026-01-29T21:36:18.259 | Step 5 | Particle 709 | GLOBAL BEST ACHIEVED!
Global Improvement: 0.0003059895833332771
All moves in this step:
  Move 1: GUIDED_SWAP_TO_GBEST | Indices: (256, 85) | Local Improvement: 0.0
  Move 2: GUIDED_SWAP_TO_GBEST | Indices: (74, 85) | Local Improvement: 0.0
  Move 3: GUIDED_SWAP_TO_GBEST | Indices: (237, 219) | Local Improvement: 0.0
  Move 4: GUIDED_SWAP_TO_GBEST | Indices: (2, 219) | Local Improvement: 0.0
  Move 5: GUIDED_SWAP_TO_PBEST | Indices: (74, 85) | Local Improvement: 0.0
  Move 6: GUIDED_SWAP_TO_PBEST | Indices: (237, 2) | Local Improvement: 0.0
  Move 7: GUIDED_SWAP_TO_PBEST | Indices: (85, 256) | Local Improvement: 0.0
  Move 8: GUIDED_SWAP_TO_PBEST | Indices: (2, 219) | Local Improvement: 0.0
  Move 9: GUIDED_SWAP_TO_GBEST | Indices: (74, 256) | Local Improvement: 0.0
  Move 10: GUIDED_SWAP_TO_GBEST | Indices: (2, 237) | Local Improvement: 0.0
  Move 11: GUIDED_SWAP_TO_GBEST | Indices: (219, 237) | Local Improvement: 0.0
  Move 12: GUIDED_SWAP_TO_GBEST | Indices: (1, 99) | Local Improvement: 0.0
  Move 13: GUIDED_SWAP_TO_GBEST | Indices: (85, 256) | Local Improvement: 0.0
  Move 14: TRIPLE_SWAP | Indices: (10, 81, 65) | Local Improvement: 0.0003059895833332771
=================================================================================
=================================================================================
2026-01-29T21:36:21.200 | Step 9 | Particle 278 | GLOBAL BEST ACHIEVED!
Global Improvement: 1.3020833333321491e-5
All moves in this step:
  Move 1: TRIPLE_SWAP | Indices: (27, 100, 36) | Local Improvement: 1.3020833333321491e-5
=================================================================================
=================================================================================
2026-01-29T21:36:21.871 | Step 10 | Particle 156 | GLOBAL BEST ACHIEVED!
Global Improvement: 0.0001953125000000444
All moves in this step:
  Move 1: GUIDED_SWAP_TO_PBEST | Indices: (53, 256) | Local Improvement: 0.0
  Move 2: GUIDED_SWAP_TO_PBEST | Indices: (253, 47) | Local Improvement: 0.0
  Move 3: GUIDED_SWAP_TO_PBEST | Indices: (72, 246) | Local Improvement: 0.0
  Move 4: GUIDED_SWAP_TO_PBEST | Indices: (86, 17) | Local Improvement: 0.0
  Move 5: GUIDED_SWAP_TO_GBEST | Indices: (36, 56) | Local Improvement: 0.0
  Move 6: GUIDED_SWAP_TO_GBEST | Indices: (56, 100) | Local Improvement: 0.0
  Move 7: GUIDED_SWAP_TO_GBEST | Indices: (100, 27) | Local Improvement: 0.0
  Move 8: GUIDED_SWAP_TO_PBEST | Indices: (36, 27) | Local Improvement: 0.0
  Move 9: GUIDED_SWAP_TO_PBEST | Indices: (27, 100) | Local Improvement: 0.0
  Move 10: GUIDED_SWAP_TO_GBEST | Indices: (27, 36) | Local Improvement: 0.0
  Move 11: GUIDED_SWAP_TO_GBEST | Indices: (36, 100) | Local Improvement: 0.0
  Move 12: TRIPLE_SWAP | Indices: (202, 215, 38) | Local Improvement: 0.0001953125000000444
=================================================================================
=================================================================================
2026-01-29T21:36:23.317 | Step 12 | Particle 324 | GLOBAL BEST ACHIEVED!
Global Improvement: 0.00011067708333323267
All moves in this step:
  Move 1: TRIPLE_SWAP | Indices: (192, 86, 84) | Local Improvement: 0.00011067708333323267
=================================================================================
=================================================================================
2026-01-29T21:36:24.014 | Step 13 | Particle 291 | GLOBAL BEST ACHIEVED!
Global Improvement: 9.765625000013323e-5
All moves in this step:
  Move 1: GUIDED_SWAP_TO_GBEST | Indices: (74, 256) | Local Improvement: 0.0
  Move 2: GUIDED_SWAP_TO_GBEST | Indices: (33, 218) | Local Improvement: 0.0
  Move 3: GUIDED_SWAP_TO_GBEST | Indices: (219, 237) | Local Improvement: 0.0
  Move 4: GUIDED_SWAP_TO_GBEST | Indices: (86, 192) | Local Improvement: 0.0
  Move 5: GUIDED_SWAP_TO_GBEST | Indices: (192, 84) | Local Improvement: 0.0
  Move 6: GUIDED_SWAP_TO_PBEST | Indices: (86, 84) | Local Improvement: 0.0
  Move 7: GUIDED_SWAP_TO_PBEST | Indices: (202, 215) | Local Improvement: 0.0
  Move 8: GUIDED_SWAP_TO_PBEST | Indices: (74, 85) | Local Improvement: 0.0
  Move 9: GUIDED_SWAP_TO_PBEST | Indices: (65, 10) | Local Improvement: 0.0
  Move 10: GUIDED_SWAP_TO_PBEST | Indices: (100, 36) | Local Improvement: 0.0
  Move 11: GUIDED_SWAP_TO_GBEST | Indices: (10, 65) | Local Improvement: 0.0
  Move 12: GUIDED_SWAP_TO_GBEST | Indices: (84, 86) | Local Improvement: 0.0
  Move 13: GUIDED_SWAP_TO_GBEST | Indices: (202, 215) | Local Improvement: 0.0
  Move 14: GUIDED_SWAP_TO_GBEST | Indices: (85, 74) | Local Improvement: 0.0
  Move 15: GUIDED_SWAP_TO_PBEST | Indices: (218, 33) | Local Improvement: 0.0
  Move 16: GUIDED_SWAP_TO_PBEST | Indices: (81, 65) | Local Improvement: 0.0
  Move 17: GUIDED_SWAP_TO_PBEST | Indices: (38, 202) | Local Improvement: 0.0
  Move 18: GUIDED_SWAP_TO_PBEST | Indices: (86, 84) | Local Improvement: 0.0
  Move 19: GUIDED_SWAP_TO_GBEST | Indices: (84, 86) | Local Improvement: 0.0
  Move 20: GUIDED_SWAP_TO_GBEST | Indices: (100, 36) | Local Improvement: 0.0
  Move 21: GUIDED_SWAP_TO_GBEST | Indices: (81, 65) | Local Improvement: 0.0
  Move 22: GUIDED_SWAP_TO_GBEST | Indices: (218, 33) | Local Improvement: 0.0
=================================================================================
=================================================================================
2026-01-29T21:36:50.362 | Step 47 | Particle 58 | GLOBAL BEST ACHIEVED!
Global Improvement: 0.0028146701388888085
All moves in this step:
  Move 1: GUIDED_SWAP_TO_PBEST | Indices: (145, 85) | Local Improvement: 0.0
  Move 2: GUIDED_SWAP_TO_PBEST | Indices: (108, 161) | Local Improvement: 0.0
  Move 3: GUIDED_SWAP_TO_PBEST | Indices: (141, 94) | Local Improvement: 0.0
  Move 4: GUIDED_SWAP_TO_PBEST | Indices: (76, 214) | Local Improvement: 0.0
  Move 5: RANDOM_SWAP | Indices: (225, 175) | Local Improvement: 0.0
  Move 6: RANDOM_SWAP | Indices: (209, 51) | Local Improvement: 0.0
  Move 7: RANDOM_SWAP | Indices: (53, 236) | Local Improvement: 0.0
=================================================================================
=================================================================================
2026-01-29T21:36:51.395 | Step 48 | Particle 2 | GLOBAL BEST ACHIEVED!
Global Improvement: 0.0006705729166666119
All moves in this step:
  Move 1: GUIDED_SWAP_TO_GBEST | Indices: (51, 209) | Local Improvement: 0.0
  Move 2: GUIDED_SWAP_TO_GBEST | Indices: (225, 175) | Local Improvement: 0.0
  Move 3: GUIDED_SWAP_TO_GBEST | Indices: (53, 236) | Local Improvement: 0.0
  Move 4: GUIDED_SWAP_TO_PBEST | Indices: (51, 209) | Local Improvement: 0.0
  Move 5: GUIDED_SWAP_TO_PBEST | Indices: (225, 175) | Local Improvement: 0.0
  Move 6: GUIDED_SWAP_TO_PBEST | Indices: (236, 53) | Local Improvement: 0.0
  Move 7: GUIDED_SWAP_TO_GBEST | Indices: (225, 175) | Local Improvement: 0.0
  Move 8: GUIDED_SWAP_TO_GBEST | Indices: (236, 53) | Local Improvement: 0.0
  Move 9: GUIDED_SWAP_TO_GBEST | Indices: (51, 209) | Local Improvement: 0.0
  Move 10: TRIPLE_SWAP | Indices: (30, 217, 200) | Local Improvement: 0.0006705729166666119
=================================================================================
=================================================================================
2026-01-29T21:36:51.396 | Step 48 | Particle 4 | GLOBAL BEST ACHIEVED!
Global Improvement: 0.0006835937499999334
All moves in this step:
  Move 1: GUIDED_SWAP_TO_GBEST | Indices: (236, 53) | Local Improvement: 0.0
  Move 2: GUIDED_SWAP_TO_GBEST | Indices: (51, 209) | Local Improvement: 0.0
  Move 3: GUIDED_SWAP_TO_GBEST | Indices: (175, 225) | Local Improvement: 0.0
  Move 4: GUIDED_SWAP_TO_PBEST | Indices: (225, 175) | Local Improvement: 0.0
  Move 5: GUIDED_SWAP_TO_PBEST | Indices: (209, 51) | Local Improvement: 0.0
  Move 6: GUIDED_SWAP_TO_PBEST | Indices: (236, 53) | Local Improvement: 0.0
  Move 7: GUIDED_SWAP_TO_GBEST | Indices: (53, 236) | Local Improvement: 0.0
  Move 8: GUIDED_SWAP_TO_GBEST | Indices: (51, 209) | Local Improvement: 0.0
  Move 9: GUIDED_SWAP_TO_GBEST | Indices: (225, 175) | Local Improvement: 0.0
  Move 10: GUIDED_SWAP_TO_PBEST | Indices: (209, 51) | Local Improvement: 0.0
  Move 11: GUIDED_SWAP_TO_PBEST | Indices: (236, 53) | Local Improvement: 0.0
  Move 12: GUIDED_SWAP_TO_PBEST | Indices: (175, 225) | Local Improvement: 0.0
  Move 13: GUIDED_SWAP_TO_GBEST | Indices: (209, 51) | Local Improvement: 0.0
  Move 14: GUIDED_SWAP_TO_GBEST | Indices: (225, 175) | Local Improvement: 0.0
  Move 15: GUIDED_SWAP_TO_GBEST | Indices: (53, 236) | Local Improvement: 0.0
  Move 16: TRIPLE_SWAP | Indices: (66, 33, 248) | Local Improvement: 0.0006835937499999334
=================================================================================
=================================================================================
2026-01-29T21:36:51.408 | Step 48 | Particle 35 | GLOBAL BEST ACHIEVED!
Global Improvement: 0.0007682291666666341
All moves in this step:
  Move 1: GUIDED_SWAP_TO_GBEST | Indices: (236, 53) | Local Improvement: 0.0
  Move 2: GUIDED_SWAP_TO_GBEST | Indices: (51, 209) | Local Improvement: 0.0
  Move 3: GUIDED_SWAP_TO_GBEST | Indices: (175, 225) | Local Improvement: 0.0
  Move 4: TRIPLE_SWAP | Indices: (169, 226, 156) | Local Improvement: 0.0007682291666666341
=================================================================================
=================================================================================
2026-01-29T21:36:51.429 | Step 48 | Particle 87 | GLOBAL BEST ACHIEVED!
Global Improvement: 0.0007812499999999556
All moves in this step:
  Move 1: GUIDED_SWAP_TO_GBEST | Indices: (209, 51) | Local Improvement: 0.0
  Move 2: GUIDED_SWAP_TO_GBEST | Indices: (53, 236) | Local Improvement: 0.0
  Move 3: GUIDED_SWAP_TO_GBEST | Indices: (225, 175) | Local Improvement: 0.0
  Move 4: GUIDED_SWAP_TO_PBEST | Indices: (53, 236) | Local Improvement: 0.0
  Move 5: GUIDED_SWAP_TO_PBEST | Indices: (175, 225) | Local Improvement: 0.0
  Move 6: GUIDED_SWAP_TO_PBEST | Indices: (209, 51) | Local Improvement: 0.0
  Move 7: GUIDED_SWAP_TO_GBEST | Indices: (209, 51) | Local Improvement: 0.0
  Move 8: GUIDED_SWAP_TO_GBEST | Indices: (53, 236) | Local Improvement: 0.0
  Move 9: GUIDED_SWAP_TO_GBEST | Indices: (225, 175) | Local Improvement: 0.0
  Move 10: GUIDED_SWAP_TO_PBEST | Indices: (225, 175) | Local Improvement: 0.0
  Move 11: GUIDED_SWAP_TO_PBEST | Indices: (236, 53) | Local Improvement: 0.0
  Move 12: GUIDED_SWAP_TO_PBEST | Indices: (51, 209) | Local Improvement: 0.0
  Move 13: GUIDED_SWAP_TO_GBEST | Indices: (209, 51) | Local Improvement: 0.0
  Move 14: GUIDED_SWAP_TO_GBEST | Indices: (225, 175) | Local Improvement: 0.0
  Move 15: GUIDED_SWAP_TO_GBEST | Indices: (53, 236) | Local Improvement: 0.0
  Move 16: TRIPLE_SWAP | Indices: (184, 21, 201) | Local Improvement: 0.0007812499999999556
=================================================================================
=================================================================================
2026-01-29T21:36:51.453 | Step 48 | Particle 148 | GLOBAL BEST ACHIEVED!
Global Improvement: 0.0009895833333333215
All moves in this step:
  Move 1: GUIDED_SWAP_TO_PBEST | Indices: (8, 103) | Local Improvement: 0.0
  Move 2: GUIDED_SWAP_TO_PBEST | Indices: (154, 22) | Local Improvement: 0.0
  Move 3: GUIDED_SWAP_TO_PBEST | Indices: (72, 160) | Local Improvement: 0.0
  Move 4: GUIDED_SWAP_TO_GBEST | Indices: (53, 236) | Local Improvement: 0.0
  Move 5: GUIDED_SWAP_TO_GBEST | Indices: (225, 175) | Local Improvement: 0.0
  Move 6: GUIDED_SWAP_TO_GBEST | Indices: (51, 209) | Local Improvement: 0.0
  Move 7: GUIDED_SWAP_TO_PBEST | Indices: (236, 53) | Local Improvement: 0.0
  Move 8: GUIDED_SWAP_TO_PBEST | Indices: (225, 175) | Local Improvement: 0.0
  Move 9: GUIDED_SWAP_TO_PBEST | Indices: (51, 209) | Local Improvement: 0.0
  Move 10: GUIDED_SWAP_TO_GBEST | Indices: (51, 209) | Local Improvement: 0.0
  Move 11: GUIDED_SWAP_TO_GBEST | Indices: (236, 53) | Local Improvement: 0.0
  Move 12: GUIDED_SWAP_TO_GBEST | Indices: (175, 225) | Local Improvement: 0.0
  Move 13: TRIPLE_SWAP | Indices: (248, 55, 247) | Local Improvement: 0.0009895833333333215
=================================================================================
=================================================================================
2026-01-29T21:36:51.579 | Step 48 | Particle 471 | GLOBAL BEST ACHIEVED!
Global Improvement: 0.0011848958333332549
All moves in this step:
  Move 1: GUIDED_SWAP_TO_GBEST | Indices: (225, 175) | Local Improvement: 0.0
  Move 2: GUIDED_SWAP_TO_GBEST | Indices: (209, 51) | Local Improvement: 0.0
  Move 3: GUIDED_SWAP_TO_GBEST | Indices: (236, 53) | Local Improvement: 0.0
  Move 4: GUIDED_SWAP_TO_PBEST | Indices: (51, 209) | Local Improvement: 0.0
  Move 5: GUIDED_SWAP_TO_PBEST | Indices: (236, 53) | Local Improvement: 0.0
  Move 6: GUIDED_SWAP_TO_PBEST | Indices: (225, 175) | Local Improvement: 0.0
  Move 7: GUIDED_SWAP_TO_GBEST | Indices: (51, 209) | Local Improvement: 0.0
  Move 8: GUIDED_SWAP_TO_GBEST | Indices: (53, 236) | Local Improvement: 0.0
  Move 9: GUIDED_SWAP_TO_GBEST | Indices: (175, 225) | Local Improvement: 0.0
  Move 10: TRIPLE_SWAP | Indices: (217, 152, 161) | Local Improvement: 0.0011848958333332549
=================================================================================
=================================================================================
2026-01-29T21:36:51.734 | Step 48 | Particle 872 | GLOBAL BEST ACHIEVED!
Global Improvement: 0.0016015624999999867
All moves in this step:
  Move 1: GUIDED_SWAP_TO_GBEST | Indices: (209, 51) | Local Improvement: 0.0
  Move 2: GUIDED_SWAP_TO_GBEST | Indices: (225, 175) | Local Improvement: 0.0
  Move 3: GUIDED_SWAP_TO_GBEST | Indices: (236, 53) | Local Improvement: 0.0
  Move 4: GUIDED_SWAP_TO_PBEST | Indices: (51, 209) | Local Improvement: 0.0
  Move 5: GUIDED_SWAP_TO_PBEST | Indices: (53, 236) | Local Improvement: 0.0
  Move 6: GUIDED_SWAP_TO_PBEST | Indices: (175, 225) | Local Improvement: 0.0
  Move 7: GUIDED_SWAP_TO_GBEST | Indices: (209, 51) | Local Improvement: 0.0
  Move 8: GUIDED_SWAP_TO_GBEST | Indices: (53, 236) | Local Improvement: 0.0
  Move 9: GUIDED_SWAP_TO_GBEST | Indices: (175, 225) | Local Improvement: 0.0
  Move 10: GUIDED_SWAP_TO_PBEST | Indices: (175, 225) | Local Improvement: 0.0
  Move 11: GUIDED_SWAP_TO_PBEST | Indices: (51, 209) | Local Improvement: 0.0
  Move 12: GUIDED_SWAP_TO_PBEST | Indices: (236, 53) | Local Improvement: 0.0
  Move 13: GUIDED_SWAP_TO_GBEST | Indices: (236, 53) | Local Improvement: 0.0
  Move 14: GUIDED_SWAP_TO_GBEST | Indices: (209, 51) | Local Improvement: 0.0
  Move 15: GUIDED_SWAP_TO_GBEST | Indices: (175, 225) | Local Improvement: 0.0
  Move 16: TRIPLE_SWAP | Indices: (246, 189, 100) | Local Improvement: 0.0016015624999999867
=================================================================================
=================================================================================
2026-01-29T21:36:52.529 | Step 49 | Particle 152 | GLOBAL BEST ACHIEVED!
Global Improvement: 9.76562500000222e-5
All moves in this step:
  Move 1: GUIDED_SWAP_TO_PBEST | Indices: (225, 175) | Local Improvement: 0.0
  Move 2: GUIDED_SWAP_TO_PBEST | Indices: (209, 51) | Local Improvement: 0.0
  Move 3: GUIDED_SWAP_TO_PBEST | Indices: (144, 31) | Local Improvement: 0.0
  Move 4: GUIDED_SWAP_TO_PBEST | Indices: (251, 14) | Local Improvement: 0.0
  Move 5: GUIDED_SWAP_TO_PBEST | Indices: (236, 53) | Local Improvement: 0.0
  Move 6: GUIDED_SWAP_TO_GBEST | Indices: (189, 246) | Local Improvement: 0.0
  Move 7: GUIDED_SWAP_TO_GBEST | Indices: (51, 209) | Local Improvement: 0.0
  Move 8: GUIDED_SWAP_TO_GBEST | Indices: (246, 100) | Local Improvement: 0.0
  Move 9: GUIDED_SWAP_TO_GBEST | Indices: (14, 65) | Local Improvement: 0.0
  Move 10: GUIDED_SWAP_TO_PBEST | Indices: (100, 246) | Local Improvement: 0.0
  Move 11: GUIDED_SWAP_TO_PBEST | Indices: (246, 189) | Local Improvement: 0.0
  Move 12: GUIDED_SWAP_TO_PBEST | Indices: (209, 51) | Local Improvement: 0.0
  Move 13: GUIDED_SWAP_TO_GBEST | Indices: (175, 225) | Local Improvement: 0.0
  Move 14: GUIDED_SWAP_TO_GBEST | Indices: (246, 100) | Local Improvement: 0.0
  Move 15: GUIDED_SWAP_TO_GBEST | Indices: (209, 51) | Local Improvement: 0.0
  Move 16: GUIDED_SWAP_TO_GBEST | Indices: (189, 100) | Local Improvement: 0.0
  Move 17: GUIDED_SWAP_TO_PBEST | Indices: (175, 225) | Local Improvement: 0.0
  Move 18: GUIDED_SWAP_TO_PBEST | Indices: (100, 246) | Local Improvement: 0.0
  Move 19: GUIDED_SWAP_TO_PBEST | Indices: (246, 189) | Local Improvement: 0.0
  Move 20: GUIDED_SWAP_TO_PBEST | Indices: (51, 209) | Local Improvement: 0.0
  Move 21: GUIDED_SWAP_TO_GBEST | Indices: (209, 51) | Local Improvement: 0.0
  Move 22: GUIDED_SWAP_TO_GBEST | Indices: (53, 236) | Local Improvement: 0.0
  Move 23: GUIDED_SWAP_TO_GBEST | Indices: (225, 175) | Local Improvement: 0.0
  Move 24: GUIDED_SWAP_TO_GBEST | Indices: (100, 189) | Local Improvement: 0.0
=================================================================================
=================================================================================
2026-01-29T21:36:52.738 | Step 49 | Particle 689 | GLOBAL BEST ACHIEVED!
Global Improvement: 0.0002083333333333659
All moves in this step:
  Move 1: GUIDED_SWAP_TO_GBEST | Indices: (209, 51) | Local Improvement: 0.0
  Move 2: GUIDED_SWAP_TO_GBEST | Indices: (53, 236) | Local Improvement: 0.0
  Move 3: GUIDED_SWAP_TO_GBEST | Indices: (100, 189) | Local Improvement: 0.0
  Move 4: GUIDED_SWAP_TO_GBEST | Indices: (225, 175) | Local Improvement: 0.0
  Move 5: GUIDED_SWAP_TO_GBEST | Indices: (246, 189) | Local Improvement: 0.0
  Move 6: TRIPLE_SWAP | Indices: (232, 242, 202) | Local Improvement: 0.0002083333333333659
=================================================================================
=================================================================================
2026-01-29T21:36:53.576 | Step 50 | Particle 256 | GLOBAL BEST ACHIEVED!
Global Improvement: 1.3020833333321491e-5
All moves in this step:
  Move 1: GUIDED_SWAP_TO_GBEST | Indices: (242, 232) | Local Improvement: 0.0
  Move 2: GUIDED_SWAP_TO_GBEST | Indices: (232, 202) | Local Improvement: 0.0
  Move 3: GUIDED_SWAP_TO_PBEST | Indices: (202, 232) | Local Improvement: 0.0
  Move 4: GUIDED_SWAP_TO_PBEST | Indices: (242, 232) | Local Improvement: 0.0
  Move 5: GUIDED_SWAP_TO_GBEST | Indices: (242, 232) | Local Improvement: 0.0
  Move 6: GUIDED_SWAP_TO_GBEST | Indices: (232, 202) | Local Improvement: 0.0
  Move 7: GUIDED_SWAP_TO_PBEST | Indices: (202, 232) | Local Improvement: 0.0
  Move 8: GUIDED_SWAP_TO_PBEST | Indices: (242, 232) | Local Improvement: 0.0
  Move 9: GUIDED_SWAP_TO_GBEST | Indices: (232, 202) | Local Improvement: 0.0
  Move 10: GUIDED_SWAP_TO_GBEST | Indices: (242, 202) | Local Improvement: 0.0
  Move 11: TRIPLE_SWAP | Indices: (115, 132, 242) | Local Improvement: 1.3020833333321491e-5
=================================================================================
=================================================================================
2026-01-29T21:36:54.539 | Step 51 | Particle 103 | GLOBAL BEST ACHIEVED!
Global Improvement: 8.463541666658969e-5
All moves in this step:
  Move 1: GUIDED_SWAP_TO_GBEST | Indices: (115, 242) | Local Improvement: 0.0
  Move 2: GUIDED_SWAP_TO_GBEST | Indices: (242, 132) | Local Improvement: 0.0
  Move 3: GUIDED_SWAP_TO_PBEST | Indices: (242, 115) | Local Improvement: 0.0
  Move 4: GUIDED_SWAP_TO_PBEST | Indices: (132, 115) | Local Improvement: 0.0
  Move 5: GUIDED_SWAP_TO_GBEST | Indices: (132, 115) | Local Improvement: 0.0
  Move 6: GUIDED_SWAP_TO_GBEST | Indices: (242, 115) | Local Improvement: 0.0
  Move 7: TRIPLE_SWAP | Indices: (253, 12, 20) | Local Improvement: 8.463541666658969e-5
=================================================================================
=================================================================================
2026-01-29T21:36:54.555 | Step 51 | Particle 143 | GLOBAL BEST ACHIEVED!
Global Improvement: 9.765624999991118e-5
All moves in this step:
  Move 1: GUIDED_SWAP_TO_GBEST | Indices: (115, 242) | Local Improvement: 0.0
  Move 2: GUIDED_SWAP_TO_GBEST | Indices: (242, 132) | Local Improvement: 0.0
  Move 3: TRIPLE_SWAP | Indices: (191, 173, 211) | Local Improvement: 9.765624999991118e-5
=================================================================================
=================================================================================
2026-01-29T21:36:55.495 | Step 52 | Particle 24 | GLOBAL BEST ACHIEVED!
Global Improvement: 0.0001953125000000444
All moves in this step:
  Move 1: GUIDED_SWAP_TO_GBEST | Indices: (211, 173) | Local Improvement: 0.0
  Move 2: GUIDED_SWAP_TO_GBEST | Indices: (44, 116) | Local Improvement: 0.0
  Move 3: GUIDED_SWAP_TO_GBEST | Indices: (246, 100) | Local Improvement: 0.0
  Move 4: GUIDED_SWAP_TO_GBEST | Indices: (175, 225) | Local Improvement: 0.0
  Move 5: GUIDED_SWAP_TO_PBEST | Indices: (115, 132) | Local Improvement: 0.0
  Move 6: GUIDED_SWAP_TO_PBEST | Indices: (211, 173) | Local Improvement: 0.0
  Move 7: GUIDED_SWAP_TO_PBEST | Indices: (232, 202) | Local Improvement: 0.0
  Move 8: GUIDED_SWAP_TO_PBEST | Indices: (134, 98) | Local Improvement: 0.0
  Move 9: GUIDED_SWAP_TO_PBEST | Indices: (132, 242) | Local Improvement: 0.0
  Move 10: GUIDED_SWAP_TO_GBEST | Indices: (115, 232) | Local Improvement: 0.0
  Move 11: GUIDED_SWAP_TO_GBEST | Indices: (242, 132) | Local Improvement: 0.0
  Move 12: GUIDED_SWAP_TO_GBEST | Indices: (132, 232) | Local Improvement: 0.0
  Move 13: GUIDED_SWAP_TO_GBEST | Indices: (202, 232) | Local Improvement: 0.0
  Move 14: GUIDED_SWAP_TO_GBEST | Indices: (236, 53) | Local Improvement: 0.0
  Move 15: GUIDED_SWAP_TO_PBEST | Indices: (53, 236) | Local Improvement: 0.0
  Move 16: GUIDED_SWAP_TO_PBEST | Indices: (132, 242) | Local Improvement: 0.0
  Move 17: GUIDED_SWAP_TO_PBEST | Indices: (115, 242) | Local Improvement: 0.0
  Move 18: GUIDED_SWAP_TO_PBEST | Indices: (100, 246) | Local Improvement: 0.0
  Move 19: GUIDED_SWAP_TO_GBEST | Indices: (132, 115) | Local Improvement: 0.0
  Move 20: GUIDED_SWAP_TO_GBEST | Indices: (100, 246) | Local Improvement: 0.0
  Move 21: GUIDED_SWAP_TO_GBEST | Indices: (242, 115) | Local Improvement: 0.0
  Move 22: GUIDED_SWAP_TO_GBEST | Indices: (173, 191) | Local Improvement: 0.0
  Move 23: GUIDED_SWAP_TO_GBEST | Indices: (53, 236) | Local Improvement: 0.0
=================================================================================
=================================================================================
2026-01-29T21:36:58.446 | Step 55 | Particle 209 | GLOBAL BEST ACHIEVED!
Global Improvement: 0.0001106770833333437
All moves in this step:
  Move 1: TRIPLE_SWAP | Indices: (230, 76, 241) | Local Improvement: 0.0001106770833333437
=================================================================================
=================================================================================
2026-01-29T21:37:02.226 | Step 59 | Particle 613 | GLOBAL BEST ACHIEVED!
Global Improvement: 9.76562500000222e-5
All moves in this step:
  Move 1: TRIPLE_SWAP | Indices: (23, 167, 77) | Local Improvement: 9.76562500000222e-5
=================================================================================
=================================================================================
2026-01-29T21:37:05.715 | Step 63 | Particle 656 | GLOBAL BEST ACHIEVED!
Global Improvement: 0.0002083333333333659
All moves in this step:
  Move 1: GUIDED_SWAP_TO_PBEST | Indices: (225, 105) | Local Improvement: 0.0
  Move 2: GUIDED_SWAP_TO_PBEST | Indices: (1, 35) | Local Improvement: 0.0
  Move 3: GUIDED_SWAP_TO_PBEST | Indices: (167, 77) | Local Improvement: 0.0
  Move 4: GUIDED_SWAP_TO_GBEST | Indices: (77, 167) | Local Improvement: 0.0
  Move 5: GUIDED_SWAP_TO_PBEST | Indices: (77, 23) | Local Improvement: 0.0
  Move 6: GUIDED_SWAP_TO_PBEST | Indices: (23, 167) | Local Improvement: 0.0
  Move 7: GUIDED_SWAP_TO_GBEST | Indices: (23, 77) | Local Improvement: 0.0
  Move 8: GUIDED_SWAP_TO_GBEST | Indices: (167, 77) | Local Improvement: 0.0
  Move 9: TRIPLE_SWAP | Indices: (88, 126, 102) | Local Improvement: 0.0002083333333333659
=================================================================================
