# Global Best Swaps Only - COMPOSITE FITNESS MODE WITH EARLY STOPPING
# Started on: 2026-01-29T12:29:52.758
# Format: Timestamp | Step | Particle | Operation | Indices | Local | Global | Status
# Note: Each global best S-box is saved in debug_sboxes/ directory
# Using composite fitness function with NL, SAC, DDT, and Entropy
# Early stopping enabled based on NL threshold

=================================================================================
2026-01-29T12:29:52.885 | Step 1 | Particle 3 | GLOBAL BEST ACHIEVED!
Global Improvement: 0.0010872395833332327
All moves in this step:
  Move 1: TRIPLE_SWAP | Indices: (134, 1, 87) | Local Improvement: 0.0010872395833332327
=================================================================================
=================================================================================
2026-01-29T12:29:52.907 | Step 1 | Particle 4 | GLOBAL BEST ACHIEVED!
Global Improvement: 0.0016861979166665764
All moves in this step:
  Move 1: TRIPLE_SWAP | Indices: (165, 20, 59) | Local Improvement: 0.0016861979166665764
=================================================================================
=================================================================================
2026-01-29T12:29:52.910 | Step 1 | Particle 10 | GLOBAL BEST ACHIEVED!
Global Improvement: 0.0016992187499998979
All moves in this step:
  Move 1: TRIPLE_SWAP | Indices: (252, 194, 139) | Local Improvement: 0.0016992187499998979
=================================================================================
=================================================================================
2026-01-29T12:29:52.913 | Step 1 | Particle 18 | GLOBAL BEST ACHIEVED!
Global Improvement: 0.002005208333333286
All moves in this step:
  Move 1: TRIPLE_SWAP | Indices: (166, 109, 64) | Local Improvement: 0.00179687499999992
  Move 2: RANDOM_SWAP | Indices: (95, 159) | Local Improvement: 0.0
=================================================================================
=================================================================================
2026-01-29T12:29:52.927 | Step 1 | Particle 25 | GLOBAL BEST ACHIEVED!
Global Improvement: 0.002213541666666652
All moves in this step:
  Move 1: TRIPLE_SWAP | Indices: (41, 134, 85) | Local Improvement: 0.0013216145833332416
  Move 2: RANDOM_SWAP | Indices: (194, 117) | Local Improvement: 0.0
  Move 3: RANDOM_SWAP | Indices: (209, 205) | Local Improvement: 0.0
=================================================================================
=================================================================================
2026-01-29T12:29:53.112 | Step 2 | Particle 9 | GLOBAL BEST ACHIEVED!
Global Improvement: 0.001282552083333277
All moves in this step:
  Move 1: GUIDED_SWAP_TO_GBEST | Indices: (134, 41) | Local Improvement: 0.0
  Move 2: GUIDED_SWAP_TO_GBEST | Indices: (205, 209) | Local Improvement: 0.0
  Move 3: GUIDED_SWAP_TO_GBEST | Indices: (85, 41) | Local Improvement: 0.0
  Move 4: GUIDED_SWAP_TO_GBEST | Indices: (117, 194) | Local Improvement: 0.0
  Move 5: TRIPLE_SWAP | Indices: (190, 36, 252) | Local Improvement: 0.0014778645833333215
  Move 6: RANDOM_SWAP | Indices: (119, 68) | Local Improvement: 0.0
  Move 7: RANDOM_SWAP | Indices: (41, 234) | Local Improvement: 0.0
  Move 8: RANDOM_SWAP | Indices: (36, 205) | Local Improvement: 0.0
  Move 9: RANDOM_SWAP | Indices: (131, 160) | Local Improvement: 0.0
  Move 10: RANDOM_SWAP | Indices: (17, 226) | Local Improvement: 0.0
=================================================================================
=================================================================================
2026-01-29T12:29:53.114 | Step 2 | Particle 13 | GLOBAL BEST ACHIEVED!
Global Improvement: 0.0013411458333332238
All moves in this step:
  Move 1: GUIDED_SWAP_TO_GBEST | Indices: (244, 135) | Local Improvement: 0.0
  Move 2: GUIDED_SWAP_TO_GBEST | Indices: (205, 209) | Local Improvement: 0.0
  Move 3: GUIDED_SWAP_TO_GBEST | Indices: (189, 150) | Local Improvement: 0.0
  Move 4: GUIDED_SWAP_TO_GBEST | Indices: (194, 117) | Local Improvement: 0.0
  Move 5: GUIDED_SWAP_TO_GBEST | Indices: (183, 109) | Local Improvement: 0.0
  Move 6: GUIDED_SWAP_TO_GBEST | Indices: (85, 134) | Local Improvement: 0.0
  Move 7: GUIDED_SWAP_TO_GBEST | Indices: (222, 109) | Local Improvement: 0.0
  Move 8: GUIDED_SWAP_TO_GBEST | Indices: (41, 134) | Local Improvement: 0.0
  Move 9: GUIDED_SWAP_TO_PBEST | Indices: (85, 41) | Local Improvement: 0.0
  Move 10: GUIDED_SWAP_TO_PBEST | Indices: (222, 109) | Local Improvement: 0.0
  Move 11: GUIDED_SWAP_TO_PBEST | Indices: (135, 244) | Local Improvement: 0.0
  Move 12: GUIDED_SWAP_TO_PBEST | Indices: (134, 41) | Local Improvement: 0.0
  Move 13: GUIDED_SWAP_TO_PBEST | Indices: (117, 194) | Local Improvement: 0.0
  Move 14: TRIPLE_SWAP | Indices: (20, 49, 175) | Local Improvement: 0.001953125
  Move 15: RANDOM_SWAP | Indices: (4, 54) | Local Improvement: 0.0
=================================================================================
=================================================================================
2026-01-29T12:29:53.117 | Step 2 | Particle 20 | GLOBAL BEST ACHIEVED!
Global Improvement: 0.001770833333333277
All moves in this step:
  Move 1: GUIDED_SWAP_TO_PBEST | Indices: (139, 249) | Local Improvement: 0.0
  Move 2: GUIDED_SWAP_TO_PBEST | Indices: (149, 64) | Local Improvement: 0.0
  Move 3: GUIDED_SWAP_TO_GBEST | Indices: (41, 85) | Local Improvement: 0.0
  Move 4: GUIDED_SWAP_TO_GBEST | Indices: (117, 194) | Local Improvement: 0.0
  Move 5: GUIDED_SWAP_TO_GBEST | Indices: (209, 205) | Local Improvement: 0.0
  Move 6: GUIDED_SWAP_TO_GBEST | Indices: (85, 134) | Local Improvement: 0.0
  Move 7: GUIDED_SWAP_TO_PBEST | Indices: (134, 85) | Local Improvement: 0.0
  Move 8: GUIDED_SWAP_TO_PBEST | Indices: (205, 209) | Local Improvement: 0.0
  Move 9: GUIDED_SWAP_TO_PBEST | Indices: (194, 117) | Local Improvement: 0.0
  Move 10: GUIDED_SWAP_TO_GBEST | Indices: (209, 205) | Local Improvement: 0.0
  Move 11: GUIDED_SWAP_TO_GBEST | Indices: (85, 134) | Local Improvement: 0.0
  Move 12: GUIDED_SWAP_TO_GBEST | Indices: (194, 117) | Local Improvement: 0.0
  Move 13: GUIDED_SWAP_TO_PBEST | Indices: (209, 205) | Local Improvement: 0.0
  Move 14: GUIDED_SWAP_TO_PBEST | Indices: (194, 117) | Local Improvement: 0.0
  Move 15: GUIDED_SWAP_TO_PBEST | Indices: (134, 85) | Local Improvement: 0.0
  Move 16: GUIDED_SWAP_TO_GBEST | Indices: (194, 117) | Local Improvement: 0.0
  Move 17: GUIDED_SWAP_TO_GBEST | Indices: (85, 134) | Local Improvement: 0.0
  Move 18: GUIDED_SWAP_TO_GBEST | Indices: (205, 209) | Local Improvement: 0.0
  Move 19: TRIPLE_SWAP | Indices: (52, 29, 20) | Local Improvement: 0.001770833333333277
=================================================================================
=================================================================================
2026-01-29T12:29:53.123 | Step 2 | Particle 34 | GLOBAL BEST ACHIEVED!
Global Improvement: 0.0025325520833332504
All moves in this step:
  Move 1: GUIDED_SWAP_TO_GBEST | Indices: (209, 205) | Local Improvement: 0.0
  Move 2: GUIDED_SWAP_TO_GBEST | Indices: (117, 194) | Local Improvement: 0.0
  Move 3: GUIDED_SWAP_TO_GBEST | Indices: (134, 41) | Local Improvement: 0.0
  Move 4: GUIDED_SWAP_TO_GBEST | Indices: (41, 85) | Local Improvement: 0.0
  Move 5: GUIDED_SWAP_TO_PBEST | Indices: (205, 209) | Local Improvement: 0.0
  Move 6: GUIDED_SWAP_TO_PBEST | Indices: (134, 85) | Local Improvement: 0.0
  Move 7: GUIDED_SWAP_TO_PBEST | Indices: (41, 85) | Local Improvement: 0.0
  Move 8: GUIDED_SWAP_TO_PBEST | Indices: (117, 194) | Local Improvement: 0.0
  Move 9: GUIDED_SWAP_TO_GBEST | Indices: (209, 205) | Local Improvement: 0.0
  Move 10: GUIDED_SWAP_TO_GBEST | Indices: (85, 134) | Local Improvement: 0.0
  Move 11: GUIDED_SWAP_TO_GBEST | Indices: (194, 117) | Local Improvement: 0.0
  Move 12: GUIDED_SWAP_TO_GBEST | Indices: (41, 134) | Local Improvement: 0.0
  Move 13: TRIPLE_SWAP | Indices: (48, 1, 77) | Local Improvement: 0.0011132812499998757
  Move 14: RANDOM_SWAP | Indices: (17, 34) | Local Improvement: 0.0
  Move 15: RANDOM_SWAP | Indices: (110, 216) | Local Improvement: 0.0
  Move 16: RANDOM_SWAP | Indices: (250, 124) | Local Improvement: 0.0
=================================================================================
=================================================================================
2026-01-29T12:29:53.144 | Step 2 | Particle 86 | GLOBAL BEST ACHIEVED!
Global Improvement: 0.0026627604166666874
All moves in this step:
  Move 1: GUIDED_SWAP_TO_GBEST | Indices: (213, 106) | Local Improvement: 0.0
  Move 2: GUIDED_SWAP_TO_GBEST | Indices: (41, 85) | Local Improvement: 0.0
  Move 3: GUIDED_SWAP_TO_GBEST | Indices: (205, 209) | Local Improvement: 0.0
  Move 4: GUIDED_SWAP_TO_GBEST | Indices: (117, 194) | Local Improvement: 0.0
  Move 5: GUIDED_SWAP_TO_GBEST | Indices: (106, 174) | Local Improvement: 0.0
  Move 6: GUIDED_SWAP_TO_PBEST | Indices: (174, 106) | Local Improvement: 0.0
  Move 7: GUIDED_SWAP_TO_PBEST | Indices: (106, 213) | Local Improvement: 0.0
  Move 8: GUIDED_SWAP_TO_PBEST | Indices: (85, 41) | Local Improvement: 0.0
  Move 9: GUIDED_SWAP_TO_PBEST | Indices: (194, 117) | Local Improvement: 0.0
  Move 10: GUIDED_SWAP_TO_PBEST | Indices: (205, 209) | Local Improvement: 0.0
  Move 11: GUIDED_SWAP_TO_GBEST | Indices: (41, 85) | Local Improvement: 0.0
  Move 12: GUIDED_SWAP_TO_GBEST | Indices: (106, 174) | Local Improvement: 0.0
  Move 13: GUIDED_SWAP_TO_GBEST | Indices: (134, 85) | Local Improvement: 0.0
  Move 14: GUIDED_SWAP_TO_GBEST | Indices: (117, 194) | Local Improvement: 0.0
  Move 15: TRIPLE_SWAP | Indices: (105, 55, 115) | Local Improvement: 0.0015755208333334547
=================================================================================
=================================================================================
2026-01-29T12:29:53.377 | Step 3 | Particle 3 | GLOBAL BEST ACHIEVED!
Global Improvement: 0.00033203124999992006
All moves in this step:
  Move 1: GUIDED_SWAP_TO_GBEST | Indices: (213, 174) | Local Improvement: 0.0
  Move 2: GUIDED_SWAP_TO_GBEST | Indices: (117, 194) | Local Improvement: 0.0
  Move 3: GUIDED_SWAP_TO_GBEST | Indices: (1, 85) | Local Improvement: 0.0
  Move 4: GUIDED_SWAP_TO_GBEST | Indices: (134, 87) | Local Improvement: 0.0
  Move 5: GUIDED_SWAP_TO_GBEST | Indices: (105, 115) | Local Improvement: 0.0
  Move 6: GUIDED_SWAP_TO_GBEST | Indices: (115, 55) | Local Improvement: 0.0
  Move 7: GUIDED_SWAP_TO_PBEST | Indices: (1, 85) | Local Improvement: 0.0
  Move 8: GUIDED_SWAP_TO_PBEST | Indices: (194, 117) | Local Improvement: 0.0
  Move 9: GUIDED_SWAP_TO_PBEST | Indices: (134, 87) | Local Improvement: 0.0
  Move 10: GUIDED_SWAP_TO_PBEST | Indices: (213, 174) | Local Improvement: 0.0
  Move 11: GUIDED_SWAP_TO_GBEST | Indices: (117, 194) | Local Improvement: 0.0
  Move 12: GUIDED_SWAP_TO_GBEST | Indices: (174, 213) | Local Improvement: 0.0
  Move 13: GUIDED_SWAP_TO_GBEST | Indices: (87, 134) | Local Improvement: 0.0
  Move 14: TRIPLE_SWAP | Indices: (237, 97, 48) | Local Improvement: 0.000514322916666643
=================================================================================
=================================================================================
2026-01-29T12:29:53.382 | Step 3 | Particle 14 | GLOBAL BEST ACHIEVED!
Global Improvement: 0.00042968749999994227
All moves in this step:
  Move 1: GUIDED_SWAP_TO_GBEST | Indices: (209, 205) | Local Improvement: 0.0
  Move 2: GUIDED_SWAP_TO_GBEST | Indices: (105, 115) | Local Improvement: 0.0
  Move 3: GUIDED_SWAP_TO_GBEST | Indices: (213, 174) | Local Improvement: 0.0
  Move 4: GUIDED_SWAP_TO_PBEST | Indices: (209, 205) | Local Improvement: 0.0
  Move 5: GUIDED_SWAP_TO_PBEST | Indices: (105, 115) | Local Improvement: 0.0
  Move 6: GUIDED_SWAP_TO_PBEST | Indices: (213, 174) | Local Improvement: 0.0
  Move 7: GUIDED_SWAP_TO_GBEST | Indices: (209, 205) | Local Improvement: 0.0
  Move 8: GUIDED_SWAP_TO_GBEST | Indices: (213, 174) | Local Improvement: 0.0
  Move 9: GUIDED_SWAP_TO_GBEST | Indices: (105, 115) | Local Improvement: 0.0
  Move 10: GUIDED_SWAP_TO_GBEST | Indices: (115, 55) | Local Improvement: 0.0
  Move 11: GUIDED_SWAP_TO_PBEST | Indices: (174, 213) | Local Improvement: 0.0
  Move 12: GUIDED_SWAP_TO_PBEST | Indices: (55, 115) | Local Improvement: 0.0
  Move 13: GUIDED_SWAP_TO_PBEST | Indices: (205, 209) | Local Improvement: 0.0
  Move 14: GUIDED_SWAP_TO_GBEST | Indices: (115, 55) | Local Improvement: 0.0
  Move 15: GUIDED_SWAP_TO_GBEST | Indices: (205, 209) | Local Improvement: 0.0
  Move 16: GUIDED_SWAP_TO_GBEST | Indices: (213, 174) | Local Improvement: 0.0
  Move 17: TRIPLE_SWAP | Indices: (250, 243, 48) | Local Improvement: 0.00042968749999994227
=================================================================================
=================================================================================
2026-01-29T12:29:53.390 | Step 3 | Particle 34 | GLOBAL BEST ACHIEVED!
Global Improvement: 0.0009700520833332282
All moves in this step:
  Move 1: GUIDED_SWAP_TO_GBEST | Indices: (105, 115) | Local Improvement: 0.0
  Move 2: GUIDED_SWAP_TO_GBEST | Indices: (34, 17) | Local Improvement: 0.0
  Move 3: GUIDED_SWAP_TO_GBEST | Indices: (48, 1) | Local Improvement: 0.0
  Move 4: GUIDED_SWAP_TO_GBEST | Indices: (77, 1) | Local Improvement: 0.0
  Move 5: GUIDED_SWAP_TO_GBEST | Indices: (209, 205) | Local Improvement: 0.0
  Move 6: GUIDED_SWAP_TO_PBEST | Indices: (48, 77) | Local Improvement: 0.0
  Move 7: GUIDED_SWAP_TO_PBEST | Indices: (115, 105) | Local Improvement: 0.0
  Move 8: GUIDED_SWAP_TO_PBEST | Indices: (1, 77) | Local Improvement: 0.0
  Move 9: GUIDED_SWAP_TO_PBEST | Indices: (17, 34) | Local Improvement: 0.0
  Move 10: GUIDED_SWAP_TO_GBEST | Indices: (55, 105) | Local Improvement: 0.0
  Move 11: GUIDED_SWAP_TO_GBEST | Indices: (115, 105) | Local Improvement: 0.0
  Move 12: GUIDED_SWAP_TO_GBEST | Indices: (77, 48) | Local Improvement: 0.0
  Move 13: GUIDED_SWAP_TO_GBEST | Indices: (213, 174) | Local Improvement: 0.0
  Move 14: GUIDED_SWAP_TO_GBEST | Indices: (17, 34) | Local Improvement: 0.0
  Move 15: GUIDED_SWAP_TO_PBEST | Indices: (115, 105) | Local Improvement: 0.0
  Move 16: GUIDED_SWAP_TO_PBEST | Indices: (209, 205) | Local Improvement: 0.0
  Move 17: GUIDED_SWAP_TO_PBEST | Indices: (55, 105) | Local Improvement: 0.0
  Move 18: GUIDED_SWAP_TO_PBEST | Indices: (34, 17) | Local Improvement: 0.0
  Move 19: GUIDED_SWAP_TO_PBEST | Indices: (213, 174) | Local Improvement: 0.0
  Move 20: TRIPLE_SWAP | Indices: (201, 83, 21) | Local Improvement: 0.0014062499999999423
=================================================================================
=================================================================================
2026-01-29T12:29:53.404 | Step 3 | Particle 71 | GLOBAL BEST ACHIEVED!
Global Improvement: 0.0010416666666666075
All moves in this step:
  Move 1: GUIDED_SWAP_TO_GBEST | Indices: (55, 105) | Local Improvement: 0.0
  Move 2: GUIDED_SWAP_TO_GBEST | Indices: (105, 115) | Local Improvement: 0.0
  Move 3: GUIDED_SWAP_TO_GBEST | Indices: (205, 209) | Local Improvement: 0.0
  Move 4: GUIDED_SWAP_TO_PBEST | Indices: (209, 205) | Local Improvement: 0.0
  Move 5: GUIDED_SWAP_TO_PBEST | Indices: (115, 105) | Local Improvement: 0.0
  Move 6: GUIDED_SWAP_TO_PBEST | Indices: (55, 105) | Local Improvement: 0.0
  Move 7: GUIDED_SWAP_TO_GBEST | Indices: (174, 213) | Local Improvement: 0.0
  Move 8: GUIDED_SWAP_TO_GBEST | Indices: (209, 205) | Local Improvement: 0.0
  Move 9: GUIDED_SWAP_TO_GBEST | Indices: (105, 115) | Local Improvement: 0.0
  Move 10: GUIDED_SWAP_TO_GBEST | Indices: (55, 115) | Local Improvement: 0.0
  Move 11: GUIDED_SWAP_TO_PBEST | Indices: (55, 115) | Local Improvement: 0.0
  Move 12: GUIDED_SWAP_TO_PBEST | Indices: (174, 213) | Local Improvement: 0.0
  Move 13: GUIDED_SWAP_TO_PBEST | Indices: (105, 115) | Local Improvement: 0.0
  Move 14: GUIDED_SWAP_TO_GBEST | Indices: (115, 55) | Local Improvement: 0.0
  Move 15: GUIDED_SWAP_TO_GBEST | Indices: (174, 213) | Local Improvement: 0.0
  Move 16: GUIDED_SWAP_TO_GBEST | Indices: (55, 105) | Local Improvement: 0.0
  Move 17: TRIPLE_SWAP | Indices: (133, 216, 193) | Local Improvement: 0.0010416666666666075
=================================================================================
=================================================================================
2026-01-29T12:29:53.489 | Step 4 | Particle 14 | GLOBAL BEST ACHIEVED!
Global Improvement: 0.0004166666666666208
All moves in this step:
  Move 1: GUIDED_SWAP_TO_GBEST | Indices: (193, 216) | Local Improvement: 0.0
  Move 2: GUIDED_SWAP_TO_GBEST | Indices: (216, 133) | Local Improvement: 0.0
  Move 3: GUIDED_SWAP_TO_GBEST | Indices: (243, 48) | Local Improvement: 0.0
  Move 4: GUIDED_SWAP_TO_GBEST | Indices: (48, 250) | Local Improvement: 0.0
  Move 5: GUIDED_SWAP_TO_PBEST | Indices: (250, 48) | Local Improvement: 0.0
  Move 6: GUIDED_SWAP_TO_PBEST | Indices: (193, 133) | Local Improvement: 0.0
  Move 7: GUIDED_SWAP_TO_PBEST | Indices: (48, 243) | Local Improvement: 0.0
  Move 8: GUIDED_SWAP_TO_PBEST | Indices: (133, 216) | Local Improvement: 0.0
  Move 9: GUIDED_SWAP_TO_GBEST | Indices: (133, 193) | Local Improvement: 0.0
  Move 10: GUIDED_SWAP_TO_GBEST | Indices: (216, 193) | Local Improvement: 0.0
  Move 11: GUIDED_SWAP_TO_GBEST | Indices: (243, 48) | Local Improvement: 0.0
  Move 12: GUIDED_SWAP_TO_GBEST | Indices: (48, 250) | Local Improvement: 0.0
  Move 13: GUIDED_SWAP_TO_PBEST | Indices: (243, 250) | Local Improvement: 0.0
  Move 14: GUIDED_SWAP_TO_PBEST | Indices: (193, 133) | Local Improvement: 0.0
  Move 15: GUIDED_SWAP_TO_PBEST | Indices: (133, 216) | Local Improvement: 0.0
  Move 16: GUIDED_SWAP_TO_PBEST | Indices: (48, 250) | Local Improvement: 0.0
  Move 17: GUIDED_SWAP_TO_GBEST | Indices: (133, 193) | Local Improvement: 0.0
  Move 18: GUIDED_SWAP_TO_GBEST | Indices: (216, 193) | Local Improvement: 0.0
  Move 19: GUIDED_SWAP_TO_GBEST | Indices: (243, 48) | Local Improvement: 0.0
  Move 20: GUIDED_SWAP_TO_GBEST | Indices: (250, 48) | Local Improvement: 0.0
  Move 21: TRIPLE_SWAP | Indices: (249, 188, 175) | Local Improvement: 0.0004166666666666208
=================================================================================
=================================================================================
2026-01-29T12:29:53.494 | Step 4 | Particle 26 | GLOBAL BEST ACHIEVED!
Global Improvement: 0.00042968749999994227
All moves in this step:
  Move 1: GUIDED_SWAP_TO_GBEST | Indices: (193, 216) | Local Improvement: 0.0
  Move 2: GUIDED_SWAP_TO_GBEST | Indices: (133, 216) | Local Improvement: 0.0
  Move 3: GUIDED_SWAP_TO_PBEST | Indices: (133, 216) | Local Improvement: 0.0
  Move 4: GUIDED_SWAP_TO_PBEST | Indices: (193, 216) | Local Improvement: 0.0
  Move 5: GUIDED_SWAP_TO_GBEST | Indices: (193, 216) | Local Improvement: 0.0
  Move 6: GUIDED_SWAP_TO_GBEST | Indices: (133, 216) | Local Improvement: 0.0
  Move 7: TRIPLE_SWAP | Indices: (109, 176, 146) | Local Improvement: 0.00033203124999992006
  Move 8: RANDOM_SWAP | Indices: (181, 254) | Local Improvement: 0.0
  Move 9: RANDOM_SWAP | Indices: (210, 129) | Local Improvement: 0.0
=================================================================================
=================================================================================
2026-01-29T12:29:53.512 | Step 4 | Particle 73 | GLOBAL BEST ACHIEVED!
Global Improvement: 0.0006249999999999867
All moves in this step:
  Move 1: GUIDED_SWAP_TO_GBEST | Indices: (133, 193) | Local Improvement: 0.0
  Move 2: GUIDED_SWAP_TO_GBEST | Indices: (213, 174) | Local Improvement: 0.0
  Move 3: GUIDED_SWAP_TO_GBEST | Indices: (113, 145) | Local Improvement: 0.0
  Move 4: GUIDED_SWAP_TO_GBEST | Indices: (115, 105) | Local Improvement: 0.0
  Move 5: GUIDED_SWAP_TO_GBEST | Indices: (63, 108) | Local Improvement: 0.0
  Move 6: GUIDED_SWAP_TO_PBEST | Indices: (145, 113) | Local Improvement: 0.0
  Move 7: GUIDED_SWAP_TO_PBEST | Indices: (108, 63) | Local Improvement: 0.0
  Move 8: GUIDED_SWAP_TO_PBEST | Indices: (213, 174) | Local Improvement: 0.0
  Move 9: GUIDED_SWAP_TO_PBEST | Indices: (193, 133) | Local Improvement: 0.0
  Move 10: GUIDED_SWAP_TO_GBEST | Indices: (216, 133) | Local Improvement: 0.0
  Move 11: GUIDED_SWAP_TO_GBEST | Indices: (209, 205) | Local Improvement: 0.0
  Move 12: GUIDED_SWAP_TO_GBEST | Indices: (213, 174) | Local Improvement: 0.0
  Move 13: GUIDED_SWAP_TO_GBEST | Indices: (113, 145) | Local Improvement: 0.0
  Move 14: GUIDED_SWAP_TO_GBEST | Indices: (193, 133) | Local Improvement: 0.0
  Move 15: RANDOM_SWAP | Indices: (187, 57) | Local Improvement: 0.0
  Move 16: RANDOM_SWAP | Indices: (138, 169) | Local Improvement: 0.0
  Move 17: RANDOM_SWAP | Indices: (42, 105) | Local Improvement: 0.0
  Move 18: RANDOM_SWAP | Indices: (93, 160) | Local Improvement: 0.0
  Move 19: RANDOM_SWAP | Indices: (246, 53) | Local Improvement: 0.0
=================================================================================
=================================================================================
2026-01-29T12:29:53.814 | Step 5 | Particle 68 | GLOBAL BEST ACHIEVED!
Global Improvement: 0.0004166666666666208
All moves in this step:
  Move 1: GUIDED_SWAP_TO_GBEST | Indices: (57, 187) | Local Improvement: 0.0
  Move 2: GUIDED_SWAP_TO_GBEST | Indices: (145, 170) | Local Improvement: 0.0
  Move 3: GUIDED_SWAP_TO_GBEST | Indices: (63, 244) | Local Improvement: 0.0
  Move 4: GUIDED_SWAP_TO_GBEST | Indices: (108, 18) | Local Improvement: 0.0
  Move 5: GUIDED_SWAP_TO_GBEST | Indices: (93, 160) | Local Improvement: 0.0
  Move 6: GUIDED_SWAP_TO_GBEST | Indices: (169, 138) | Local Improvement: 0.0
  Move 7: GUIDED_SWAP_TO_GBEST | Indices: (18, 188) | Local Improvement: 0.0
  Move 8: GUIDED_SWAP_TO_GBEST | Indices: (105, 42) | Local Improvement: 0.0
  Move 9: GUIDED_SWAP_TO_GBEST | Indices: (244, 188) | Local Improvement: 0.0
  Move 10: GUIDED_SWAP_TO_PBEST | Indices: (42, 105) | Local Improvement: 0.0
  Move 11: GUIDED_SWAP_TO_PBEST | Indices: (160, 93) | Local Improvement: 0.0
  Move 12: GUIDED_SWAP_TO_PBEST | Indices: (18, 108) | Local Improvement: 0.0
  Move 13: GUIDED_SWAP_TO_PBEST | Indices: (145, 170) | Local Improvement: 0.0
  Move 14: GUIDED_SWAP_TO_GBEST | Indices: (246, 53) | Local Improvement: 0.0
  Move 15: GUIDED_SWAP_TO_GBEST | Indices: (146, 16) | Local Improvement: 0.0
  Move 16: GUIDED_SWAP_TO_GBEST | Indices: (42, 105) | Local Improvement: 0.0
  Move 17: GUIDED_SWAP_TO_GBEST | Indices: (18, 108) | Local Improvement: 0.0
  Move 18: GUIDED_SWAP_TO_GBEST | Indices: (93, 160) | Local Improvement: 0.0
  Move 19: TRIPLE_SWAP | Indices: (221, 162, 157) | Local Improvement: 0.0004036458333332993
=================================================================================
=================================================================================
2026-01-29T12:29:54.215 | Step 6 | Particle 7 | GLOBAL BEST ACHIEVED!
Global Improvement: 0.00011067708333345472
All moves in this step:
  Move 1: GUIDED_SWAP_TO_GBEST | Indices: (201, 33) | Local Improvement: 0.0
  Move 2: GUIDED_SWAP_TO_GBEST | Indices: (221, 157) | Local Improvement: 0.0
  Move 3: GUIDED_SWAP_TO_GBEST | Indices: (157, 162) | Local Improvement: 0.0
  Move 4: GUIDED_SWAP_TO_GBEST | Indices: (170, 145) | Local Improvement: 0.0
  Move 5: GUIDED_SWAP_TO_GBEST | Indices: (125, 33) | Local Improvement: 0.0
  Move 6: GUIDED_SWAP_TO_PBEST | Indices: (125, 33) | Local Improvement: 0.0
  Move 7: GUIDED_SWAP_TO_PBEST | Indices: (145, 170) | Local Improvement: 0.0
  Move 8: GUIDED_SWAP_TO_PBEST | Indices: (201, 33) | Local Improvement: 0.0
  Move 9: GUIDED_SWAP_TO_PBEST | Indices: (162, 157) | Local Improvement: 0.0
  Move 10: GUIDED_SWAP_TO_PBEST | Indices: (221, 157) | Local Improvement: 0.0
  Move 11: GUIDED_SWAP_TO_GBEST | Indices: (221, 157) | Local Improvement: 0.0
  Move 12: GUIDED_SWAP_TO_GBEST | Indices: (162, 157) | Local Improvement: 0.0
  Move 13: GUIDED_SWAP_TO_GBEST | Indices: (125, 201) | Local Improvement: 0.0
  Move 14: GUIDED_SWAP_TO_GBEST | Indices: (170, 145) | Local Improvement: 0.0
  Move 15: TRIPLE_SWAP | Indices: (228, 187, 62) | Local Improvement: 0.0004166666666667318
=================================================================================
=================================================================================
2026-01-29T12:29:54.221 | Step 6 | Particle 23 | GLOBAL BEST ACHIEVED!
Global Improvement: 0.0004166666666667318
All moves in this step:
  Move 1: GUIDED_SWAP_TO_GBEST | Indices: (187, 57) | Local Improvement: 0.0
  Move 2: GUIDED_SWAP_TO_GBEST | Indices: (138, 169) | Local Improvement: 0.0
  Move 3: GUIDED_SWAP_TO_GBEST | Indices: (162, 221) | Local Improvement: 0.0
  Move 4: GUIDED_SWAP_TO_GBEST | Indices: (108, 63) | Local Improvement: 0.0
  Move 5: GUIDED_SWAP_TO_GBEST | Indices: (244, 63) | Local Improvement: 0.0
  Move 6: GUIDED_SWAP_TO_PBEST | Indices: (93, 172) | Local Improvement: 0.0
  Move 7: GUIDED_SWAP_TO_PBEST | Indices: (53, 246) | Local Improvement: 0.0
  Move 8: GUIDED_SWAP_TO_PBEST | Indices: (63, 108) | Local Improvement: 0.0
  Move 9: GUIDED_SWAP_TO_PBEST | Indices: (105, 42) | Local Improvement: 0.0
  Move 10: GUIDED_SWAP_TO_PBEST | Indices: (169, 138) | Local Improvement: 0.0
  Move 11: GUIDED_SWAP_TO_GBEST | Indices: (138, 169) | Local Improvement: 0.0
  Move 12: GUIDED_SWAP_TO_GBEST | Indices: (108, 63) | Local Improvement: 0.0
  Move 13: GUIDED_SWAP_TO_GBEST | Indices: (53, 246) | Local Improvement: 0.0
  Move 14: GUIDED_SWAP_TO_GBEST | Indices: (105, 42) | Local Improvement: 0.0
  Move 15: GUIDED_SWAP_TO_GBEST | Indices: (221, 157) | Local Improvement: 0.0
  Move 16: GUIDED_SWAP_TO_PBEST | Indices: (160, 172) | Local Improvement: 0.0
  Move 17: GUIDED_SWAP_TO_PBEST | Indices: (57, 187) | Local Improvement: 0.0
  Move 18: GUIDED_SWAP_TO_PBEST | Indices: (145, 170) | Local Improvement: 0.0
  Move 19: GUIDED_SWAP_TO_PBEST | Indices: (42, 105) | Local Improvement: 0.0
  Move 20: GUIDED_SWAP_TO_GBEST | Indices: (160, 172) | Local Improvement: 0.0
  Move 21: GUIDED_SWAP_TO_GBEST | Indices: (93, 172) | Local Improvement: 0.0
  Move 22: GUIDED_SWAP_TO_GBEST | Indices: (187, 57) | Local Improvement: 0.0
  Move 23: TRIPLE_SWAP | Indices: (172, 156, 170) | Local Improvement: 0.0008072916666667096
=================================================================================
=================================================================================
2026-01-29T12:29:54.319 | Step 7 | Particle 54 | GLOBAL BEST ACHIEVED!
Global Improvement: 1.3020833333321491e-5
All moves in this step:
  Move 1: GUIDED_SWAP_TO_GBEST | Indices: (156, 172) | Local Improvement: 0.0
  Move 2: GUIDED_SWAP_TO_GBEST | Indices: (52, 74) | Local Improvement: 0.0
  Move 3: GUIDED_SWAP_TO_GBEST | Indices: (105, 42) | Local Improvement: 0.0
  Move 4: GUIDED_SWAP_TO_GBEST | Indices: (74, 195) | Local Improvement: 0.0
  Move 5: GUIDED_SWAP_TO_GBEST | Indices: (76, 230) | Local Improvement: 0.0
  Move 6: GUIDED_SWAP_TO_GBEST | Indices: (93, 160) | Local Improvement: 0.0
  Move 7: GUIDED_SWAP_TO_GBEST | Indices: (57, 187) | Local Improvement: 0.0
  Move 8: GUIDED_SWAP_TO_GBEST | Indices: (150, 230) | Local Improvement: 0.0
  Move 9: GUIDED_SWAP_TO_GBEST | Indices: (170, 172) | Local Improvement: 0.0
  Move 10: GUIDED_SWAP_TO_PBEST | Indices: (150, 230) | Local Improvement: 0.0
  Move 11: GUIDED_SWAP_TO_PBEST | Indices: (57, 187) | Local Improvement: 0.0
  Move 12: GUIDED_SWAP_TO_PBEST | Indices: (156, 170) | Local Improvement: 0.0
  Move 13: GUIDED_SWAP_TO_PBEST | Indices: (160, 93) | Local Improvement: 0.0
  Move 14: GUIDED_SWAP_TO_GBEST | Indices: (230, 150) | Local Improvement: 0.0
  Move 15: GUIDED_SWAP_TO_GBEST | Indices: (187, 57) | Local Improvement: 0.0
  Move 16: GUIDED_SWAP_TO_GBEST | Indices: (160, 93) | Local Improvement: 0.0
  Move 17: GUIDED_SWAP_TO_GBEST | Indices: (156, 170) | Local Improvement: 0.0
  Move 18: RANDOM_SWAP | Indices: (25, 220) | Local Improvement: 0.0
=================================================================================
=================================================================================
2026-01-29T12:29:54.320 | Step 7 | Particle 58 | GLOBAL BEST ACHIEVED!
Global Improvement: 0.0002083333333333659
All moves in this step:
  Move 1: GUIDED_SWAP_TO_GBEST | Indices: (156, 172) | Local Improvement: 0.0
  Move 2: GUIDED_SWAP_TO_GBEST | Indices: (105, 42) | Local Improvement: 0.0
  Move 3: GUIDED_SWAP_TO_GBEST | Indices: (170, 172) | Local Improvement: 0.0
  Move 4: GUIDED_SWAP_TO_PBEST | Indices: (105, 42) | Local Improvement: 0.0
  Move 5: GUIDED_SWAP_TO_PBEST | Indices: (172, 156) | Local Improvement: 0.0
  Move 6: GUIDED_SWAP_TO_PBEST | Indices: (156, 170) | Local Improvement: 0.0
  Move 7: GUIDED_SWAP_TO_GBEST | Indices: (172, 170) | Local Improvement: 0.0
  Move 8: GUIDED_SWAP_TO_GBEST | Indices: (170, 156) | Local Improvement: 0.0
  Move 9: GUIDED_SWAP_TO_GBEST | Indices: (105, 42) | Local Improvement: 0.0
  Move 10: GUIDED_SWAP_TO_PBEST | Indices: (170, 172) | Local Improvement: 0.0
  Move 11: GUIDED_SWAP_TO_PBEST | Indices: (172, 156) | Local Improvement: 0.0
  Move 12: GUIDED_SWAP_TO_PBEST | Indices: (42, 105) | Local Improvement: 0.0
  Move 13: GUIDED_SWAP_TO_GBEST | Indices: (156, 172) | Local Improvement: 0.0
  Move 14: GUIDED_SWAP_TO_GBEST | Indices: (172, 170) | Local Improvement: 0.0
  Move 15: GUIDED_SWAP_TO_GBEST | Indices: (105, 42) | Local Improvement: 0.0
  Move 16: TRIPLE_SWAP | Indices: (18, 81, 10) | Local Improvement: 0.0002083333333333659
=================================================================================
=================================================================================
2026-01-29T12:29:54.322 | Step 7 | Particle 62 | GLOBAL BEST ACHIEVED!
Global Improvement: 0.0003059895833332771
All moves in this step:
  Move 1: GUIDED_SWAP_TO_GBEST | Indices: (209, 205) | Local Improvement: 0.0
  Move 2: GUIDED_SWAP_TO_GBEST | Indices: (240, 35) | Local Improvement: 0.0
  Move 3: GUIDED_SWAP_TO_GBEST | Indices: (170, 156) | Local Improvement: 0.0
  Move 4: GUIDED_SWAP_TO_GBEST | Indices: (172, 156) | Local Improvement: 0.0
  Move 5: GUIDED_SWAP_TO_GBEST | Indices: (35, 165) | Local Improvement: 0.0
  Move 6: GUIDED_SWAP_TO_PBEST | Indices: (209, 205) | Local Improvement: 0.0
  Move 7: GUIDED_SWAP_TO_PBEST | Indices: (240, 165) | Local Improvement: 0.0
  Move 8: GUIDED_SWAP_TO_PBEST | Indices: (172, 156) | Local Improvement: 0.0
  Move 9: GUIDED_SWAP_TO_PBEST | Indices: (165, 35) | Local Improvement: 0.0
  Move 10: GUIDED_SWAP_TO_PBEST | Indices: (170, 156) | Local Improvement: 0.0
  Move 11: GUIDED_SWAP_TO_GBEST | Indices: (35, 165) | Local Improvement: 0.0
  Move 12: GUIDED_SWAP_TO_GBEST | Indices: (209, 205) | Local Improvement: 0.0
  Move 13: GUIDED_SWAP_TO_GBEST | Indices: (165, 240) | Local Improvement: 0.0
  Move 14: GUIDED_SWAP_TO_GBEST | Indices: (156, 172) | Local Improvement: 0.0
  Move 15: TRIPLE_SWAP | Indices: (75, 33, 152) | Local Improvement: 0.0006119791666665542
=================================================================================
=================================================================================
2026-01-29T12:29:54.393 | Step 8 | Particle 24 | GLOBAL BEST ACHIEVED!
Global Improvement: 0.0003320312500000311
All moves in this step:
  Move 1: GUIDED_SWAP_TO_GBEST | Indices: (152, 33) | Local Improvement: 0.0
  Move 2: GUIDED_SWAP_TO_GBEST | Indices: (172, 170) | Local Improvement: 0.0
  Move 3: GUIDED_SWAP_TO_GBEST | Indices: (75, 33) | Local Improvement: 0.0
  Move 4: GUIDED_SWAP_TO_GBEST | Indices: (99, 49) | Local Improvement: 0.0
  Move 5: GUIDED_SWAP_TO_PBEST | Indices: (49, 99) | Local Improvement: 0.0
  Move 6: GUIDED_SWAP_TO_PBEST | Indices: (152, 75) | Local Improvement: 0.0
  Move 7: GUIDED_SWAP_TO_PBEST | Indices: (33, 75) | Local Improvement: 0.0
  Move 8: GUIDED_SWAP_TO_PBEST | Indices: (170, 172) | Local Improvement: 0.0
  Move 9: GUIDED_SWAP_TO_GBEST | Indices: (152, 33) | Local Improvement: 0.0
  Move 10: GUIDED_SWAP_TO_GBEST | Indices: (170, 172) | Local Improvement: 0.0
  Move 11: GUIDED_SWAP_TO_GBEST | Indices: (33, 75) | Local Improvement: 0.0
  Move 12: GUIDED_SWAP_TO_GBEST | Indices: (49, 99) | Local Improvement: 0.0
  Move 13: TRIPLE_SWAP | Indices: (164, 33, 165) | Local Improvement: 0.0003320312500000311
=================================================================================
=================================================================================
2026-01-29T12:29:54.467 | Step 9 | Particle 3 | GLOBAL BEST ACHIEVED!
Global Improvement: 8.463541666670071e-5
All moves in this step:
  Move 1: GUIDED_SWAP_TO_GBEST | Indices: (169, 138) | Local Improvement: 0.0
  Move 2: GUIDED_SWAP_TO_GBEST | Indices: (165, 33) | Local Improvement: 0.0
  Move 3: GUIDED_SWAP_TO_GBEST | Indices: (152, 75) | Local Improvement: 0.0
  Move 4: GUIDED_SWAP_TO_PBEST | Indices: (75, 152) | Local Improvement: 0.0
  Move 5: GUIDED_SWAP_TO_PBEST | Indices: (165, 33) | Local Improvement: 0.0
  Move 6: GUIDED_SWAP_TO_PBEST | Indices: (169, 138) | Local Improvement: 0.0
  Move 7: GUIDED_SWAP_TO_GBEST | Indices: (152, 75) | Local Improvement: 0.0
  Move 8: GUIDED_SWAP_TO_GBEST | Indices: (169, 138) | Local Improvement: 0.0
  Move 9: GUIDED_SWAP_TO_GBEST | Indices: (33, 164) | Local Improvement: 0.0
  Move 10: GUIDED_SWAP_TO_GBEST | Indices: (165, 164) | Local Improvement: 0.0
  Move 11: TRIPLE_SWAP | Indices: (74, 207, 12) | Local Improvement: 8.463541666670071e-5
=================================================================================
=================================================================================
2026-01-29T12:29:54.476 | Step 9 | Particle 24 | GLOBAL BEST ACHIEVED!
Global Improvement: 0.0002929687500000666
All moves in this step:
  Move 1: TRIPLE_SWAP | Indices: (151, 188, 124) | Local Improvement: 0.0002929687500000666
=================================================================================
=================================================================================
2026-01-29T12:29:54.479 | Step 9 | Particle 31 | GLOBAL BEST ACHIEVED!
Global Improvement: 0.0004036458333332993
All moves in this step:
  Move 1: GUIDED_SWAP_TO_GBEST | Indices: (164, 165) | Local Improvement: 0.0
  Move 2: GUIDED_SWAP_TO_GBEST | Indices: (165, 33) | Local Improvement: 0.0
  Move 3: GUIDED_SWAP_TO_PBEST | Indices: (164, 33) | Local Improvement: 0.0
  Move 4: GUIDED_SWAP_TO_PBEST | Indices: (165, 33) | Local Improvement: 0.0
  Move 5: GUIDED_SWAP_TO_GBEST | Indices: (33, 164) | Local Improvement: 0.0
  Move 6: GUIDED_SWAP_TO_GBEST | Indices: (165, 164) | Local Improvement: 0.0
  Move 7: TRIPLE_SWAP | Indices: (213, 4, 74) | Local Improvement: 0.0004036458333332993
=================================================================================
=================================================================================
2026-01-29T12:29:54.627 | Step 11 | Particle 14 | GLOBAL BEST ACHIEVED!
Global Improvement: 9.76562500000222e-5
All moves in this step:
  Move 1: TRIPLE_SWAP | Indices: (136, 35, 202) | Local Improvement: 9.76562500000222e-5
=================================================================================
=================================================================================
2026-01-29T12:29:54.715 | Step 12 | Particle 16 | GLOBAL BEST ACHIEVED!
Global Improvement: 0.0002083333333333659
All moves in this step:
  Move 1: GUIDED_SWAP_TO_GBEST | Indices: (136, 202) | Local Improvement: 0.0
  Move 2: GUIDED_SWAP_TO_GBEST | Indices: (202, 35) | Local Improvement: 0.0
  Move 3: GUIDED_SWAP_TO_PBEST | Indices: (202, 136) | Local Improvement: 0.0
  Move 4: GUIDED_SWAP_TO_PBEST | Indices: (35, 136) | Local Improvement: 0.0
  Move 5: GUIDED_SWAP_TO_GBEST | Indices: (136, 202) | Local Improvement: 0.0
  Move 6: GUIDED_SWAP_TO_GBEST | Indices: (35, 202) | Local Improvement: 0.0
  Move 7: GUIDED_SWAP_TO_PBEST | Indices: (202, 136) | Local Improvement: 0.0
  Move 8: GUIDED_SWAP_TO_PBEST | Indices: (136, 35) | Local Improvement: 0.0
  Move 9: GUIDED_SWAP_TO_GBEST | Indices: (202, 35) | Local Improvement: 0.0
  Move 10: GUIDED_SWAP_TO_GBEST | Indices: (136, 35) | Local Improvement: 0.0
  Move 11: TRIPLE_SWAP | Indices: (149, 143, 183) | Local Improvement: 0.0002083333333333659
=================================================================================
=================================================================================
2026-01-29T12:29:54.816 | Step 13 | Particle 57 | GLOBAL BEST ACHIEVED!
Global Improvement: 0.0005273437499999645
All moves in this step:
  Move 1: GUIDED_SWAP_TO_GBEST | Indices: (143, 149) | Local Improvement: 0.0
  Move 2: GUIDED_SWAP_TO_GBEST | Indices: (183, 149) | Local Improvement: 0.0
  Move 3: TRIPLE_SWAP | Indices: (224, 12, 74) | Local Improvement: 0.0005273437499999645
=================================================================================
=================================================================================
2026-01-29T12:29:54.866 | Step 14 | Particle 7 | GLOBAL BEST ACHIEVED!
Global Improvement: 0.0002083333333333659
All moves in this step:
  Move 1: GUIDED_SWAP_TO_PBEST | Indices: (15, 173) | Local Improvement: 0.0
  Move 2: GUIDED_SWAP_TO_PBEST | Indices: (183, 149) | Local Improvement: 0.0
  Move 3: GUIDED_SWAP_TO_PBEST | Indices: (128, 87) | Local Improvement: 0.0
  Move 4: GUIDED_SWAP_TO_PBEST | Indices: (150, 136) | Local Improvement: 0.0
  Move 5: GUIDED_SWAP_TO_GBEST | Indices: (149, 183) | Local Improvement: 0.0
  Move 6: GUIDED_SWAP_TO_GBEST | Indices: (12, 224) | Local Improvement: 0.0
  Move 7: GUIDED_SWAP_TO_GBEST | Indices: (236, 82) | Local Improvement: 0.0
  Move 8: GUIDED_SWAP_TO_GBEST | Indices: (224, 74) | Local Improvement: 0.0
  Move 9: GUIDED_SWAP_TO_PBEST | Indices: (224, 12) | Local Improvement: 0.0
  Move 10: GUIDED_SWAP_TO_PBEST | Indices: (74, 12) | Local Improvement: 0.0
  Move 11: GUIDED_SWAP_TO_PBEST | Indices: (143, 183) | Local Improvement: 0.0
  Move 12: GUIDED_SWAP_TO_PBEST | Indices: (149, 183) | Local Improvement: 0.0
  Move 13: GUIDED_SWAP_TO_GBEST | Indices: (143, 149) | Local Improvement: 0.0
  Move 14: GUIDED_SWAP_TO_GBEST | Indices: (12, 224) | Local Improvement: 0.0
  Move 15: GUIDED_SWAP_TO_GBEST | Indices: (149, 183) | Local Improvement: 0.0
  Move 16: GUIDED_SWAP_TO_GBEST | Indices: (74, 224) | Local Improvement: 0.0
  Move 17: TRIPLE_SWAP | Indices: (174, 75, 50) | Local Improvement: 0.0002083333333333659
=================================================================================
=================================================================================
2026-01-29T12:29:55.316 | Step 20 | Particle 96 | GLOBAL BEST ACHIEVED!
Global Improvement: 9.76562500000222e-5
All moves in this step:
  Move 1: TRIPLE_SWAP | Indices: (82, 135, 110) | Local Improvement: 9.76562500000222e-5
=================================================================================
=================================================================================
2026-01-29T12:29:56.039 | Step 29 | Particle 92 | GLOBAL BEST ACHIEVED!
Global Improvement: 1.3020833333321491e-5
All moves in this step:
  Move 1: TRIPLE_SWAP | Indices: (22, 147, 139) | Local Improvement: 1.3020833333321491e-5
=================================================================================
=================================================================================
2026-01-29T12:29:56.156 | Step 31 | Particle 21 | GLOBAL BEST ACHIEVED!
Global Improvement: 9.765624999991118e-5
All moves in this step:
  Move 1: TRIPLE_SWAP | Indices: (67, 13, 74) | Local Improvement: 9.765624999991118e-5
=================================================================================
=================================================================================
2026-01-29T12:29:56.522 | Step 36 | Particle 34 | GLOBAL BEST ACHIEVED!
Global Improvement: 9.765625000013323e-5
All moves in this step:
  Move 1: TRIPLE_SWAP | Indices: (127, 197, 22) | Local Improvement: 9.765625000013323e-5
=================================================================================
=================================================================================
2026-01-29T12:30:02.789 | Step 95 | Particle 92 | GLOBAL BEST ACHIEVED!
Global Improvement: 1.3020833333321491e-5
All moves in this step:
  Move 1: TRIPLE_SWAP | Indices: (4, 72, 69) | Local Improvement: 1.3020833333321491e-5
=================================================================================
=================================================================================
2026-01-29T12:30:02.873 | Step 96 | Particle 14 | GLOBAL BEST ACHIEVED!
Global Improvement: 9.765624999991118e-5
All moves in this step:
  Move 1: GUIDED_SWAP_TO_GBEST | Indices: (4, 69) | Local Improvement: 0.0
  Move 2: GUIDED_SWAP_TO_GBEST | Indices: (69, 72) | Local Improvement: 0.0
  Move 3: GUIDED_SWAP_TO_PBEST | Indices: (72, 69) | Local Improvement: 0.0
  Move 4: GUIDED_SWAP_TO_PBEST | Indices: (69, 4) | Local Improvement: 0.0
  Move 5: GUIDED_SWAP_TO_GBEST | Indices: (72, 4) | Local Improvement: 0.0
  Move 6: GUIDED_SWAP_TO_GBEST | Indices: (69, 4) | Local Improvement: 0.0
  Move 7: GUIDED_SWAP_TO_PBEST | Indices: (69, 4) | Local Improvement: 0.0
  Move 8: GUIDED_SWAP_TO_PBEST | Indices: (4, 72) | Local Improvement: 0.0
  Move 9: GUIDED_SWAP_TO_GBEST | Indices: (4, 69) | Local Improvement: 0.0
  Move 10: GUIDED_SWAP_TO_GBEST | Indices: (69, 72) | Local Improvement: 0.0
  Move 11: TRIPLE_SWAP | Indices: (254, 127, 162) | Local Improvement: 9.765624999991118e-5
=================================================================================
=================================================================================
2026-01-29T12:30:02.995 | Step 97 | Particle 38 | GLOBAL BEST ACHIEVED!
Global Improvement: 9.76562500000222e-5
All moves in this step:
  Move 1: GUIDED_SWAP_TO_GBEST | Indices: (127, 254) | Local Improvement: 0.0
  Move 2: GUIDED_SWAP_TO_GBEST | Indices: (162, 254) | Local Improvement: 0.0
  Move 3: TRIPLE_SWAP | Indices: (52, 216, 76) | Local Improvement: 9.76562500000222e-5
=================================================================================
=================================================================================
2026-01-29T12:30:03.227 | Step 99 | Particle 79 | GLOBAL BEST ACHIEVED!
Global Improvement: 0.0002083333333333659
All moves in this step:
  Move 1: GUIDED_SWAP_TO_PBEST | Indices: (52, 216) | Local Improvement: 0.0
  Move 2: GUIDED_SWAP_TO_PBEST | Indices: (76, 216) | Local Improvement: 0.0
  Move 3: GUIDED_SWAP_TO_PBEST | Indices: (160, 59) | Local Improvement: 0.0
  Move 4: GUIDED_SWAP_TO_PBEST | Indices: (255, 155) | Local Improvement: 0.0
  Move 5: GUIDED_SWAP_TO_GBEST | Indices: (52, 76) | Local Improvement: 0.0
  Move 6: GUIDED_SWAP_TO_GBEST | Indices: (76, 216) | Local Improvement: 0.0
  Move 7: TRIPLE_SWAP | Indices: (79, 97, 174) | Local Improvement: 0.0002083333333333659
=================================================================================
=================================================================================
2026-01-29T12:30:07.123 | Step 131 | Particle 83 | GLOBAL BEST ACHIEVED!
Global Improvement: 1.3020833333321491e-5
All moves in this step:
  Move 1: TRIPLE_SWAP | Indices: (89, 2, 84) | Local Improvement: 1.3020833333321491e-5
=================================================================================
=================================================================================
2026-01-29T12:30:07.124 | Step 131 | Particle 85 | GLOBAL BEST ACHIEVED!
Global Improvement: 0.0001106770833333437
All moves in this step:
  Move 1: GUIDED_SWAP_TO_GBEST | Indices: (23, 102) | Local Improvement: 0.0
  Move 2: TRIPLE_SWAP | Indices: (112, 47, 74) | Local Improvement: 0.0001106770833333437
=================================================================================
=================================================================================
2026-01-29T12:30:07.256 | Step 132 | Particle 49 | GLOBAL BEST ACHIEVED!
Global Improvement: 9.765624999991118e-5
All moves in this step:
  Move 1: GUIDED_SWAP_TO_GBEST | Indices: (215, 23) | Local Improvement: 0.0
  Move 2: GUIDED_SWAP_TO_GBEST | Indices: (173, 218) | Local Improvement: 0.0
  Move 3: GUIDED_SWAP_TO_GBEST | Indices: (185, 232) | Local Improvement: 0.0
  Move 4: GUIDED_SWAP_TO_GBEST | Indices: (47, 112) | Local Improvement: 0.0
  Move 5: GUIDED_SWAP_TO_GBEST | Indices: (112, 74) | Local Improvement: 0.0
  Move 6: GUIDED_SWAP_TO_GBEST | Indices: (164, 46) | Local Improvement: 0.0
  Move 7: GUIDED_SWAP_TO_PBEST | Indices: (74, 112) | Local Improvement: 0.0
  Move 8: GUIDED_SWAP_TO_PBEST | Indices: (112, 47) | Local Improvement: 0.0
  Move 9: GUIDED_SWAP_TO_GBEST | Indices: (47, 112) | Local Improvement: 0.0
  Move 10: GUIDED_SWAP_TO_GBEST | Indices: (112, 74) | Local Improvement: 0.0
  Move 11: TRIPLE_SWAP | Indices: (105, 9, 120) | Local Improvement: 9.765624999991118e-5
=================================================================================
=================================================================================
2026-01-29T12:30:07.372 | Step 133 | Particle 61 | GLOBAL BEST ACHIEVED!
Global Improvement: 0.004344618055555527
All moves in this step:
  Move 1: GUIDED_SWAP_TO_GBEST | Indices: (120, 9) | Local Improvement: 0.0
  Move 2: GUIDED_SWAP_TO_GBEST | Indices: (9, 105) | Local Improvement: 0.0
  Move 3: GUIDED_SWAP_TO_PBEST | Indices: (9, 120) | Local Improvement: 0.0
  Move 4: GUIDED_SWAP_TO_PBEST | Indices: (120, 105) | Local Improvement: 0.0
  Move 5: GUIDED_SWAP_TO_GBEST | Indices: (105, 120) | Local Improvement: 0.0
  Move 6: GUIDED_SWAP_TO_GBEST | Indices: (120, 9) | Local Improvement: 0.0
  Move 7: TRIPLE_SWAP | Indices: (219, 217, 147) | Local Improvement: 0.004344618055555527
=================================================================================
=================================================================================
2026-01-29T12:30:07.386 | Step 133 | Particle 92 | GLOBAL BEST ACHIEVED!
Global Improvement: 0.004624565972222272
All moves in this step:
  Move 1: GUIDED_SWAP_TO_PBEST | Indices: (234, 103) | Local Improvement: 0.0
  Move 2: GUIDED_SWAP_TO_PBEST | Indices: (131, 240) | Local Improvement: 0.0
  Move 3: GUIDED_SWAP_TO_PBEST | Indices: (138, 50) | Local Improvement: 0.0
  Move 4: GUIDED_SWAP_TO_PBEST | Indices: (112, 47) | Local Improvement: 0.0
  Move 5: GUIDED_SWAP_TO_PBEST | Indices: (47, 74) | Local Improvement: 0.0
  Move 6: GUIDED_SWAP_TO_GBEST | Indices: (105, 120) | Local Improvement: 0.0
  Move 7: GUIDED_SWAP_TO_GBEST | Indices: (47, 112) | Local Improvement: 0.0
  Move 8: GUIDED_SWAP_TO_GBEST | Indices: (112, 74) | Local Improvement: 0.0
  Move 9: GUIDED_SWAP_TO_GBEST | Indices: (120, 9) | Local Improvement: 0.0
  Move 10: TRIPLE_SWAP | Indices: (46, 217, 48) | Local Improvement: 0.004624565972222272
=================================================================================
=================================================================================
2026-01-29T12:30:07.600 | Step 134 | Particle 43 | GLOBAL BEST ACHIEVED!
Global Improvement: 0.00022135416666657637
All moves in this step:
  Move 1: GUIDED_SWAP_TO_GBEST | Indices: (48, 217) | Local Improvement: 0.0
  Move 2: GUIDED_SWAP_TO_GBEST | Indices: (217, 46) | Local Improvement: 0.0
  Move 3: GUIDED_SWAP_TO_PBEST | Indices: (48, 46) | Local Improvement: 0.0
  Move 4: GUIDED_SWAP_TO_PBEST | Indices: (217, 46) | Local Improvement: 0.0
  Move 5: GUIDED_SWAP_TO_GBEST | Indices: (48, 217) | Local Improvement: 0.0
  Move 6: GUIDED_SWAP_TO_GBEST | Indices: (217, 46) | Local Improvement: 0.0
  Move 7: GUIDED_SWAP_TO_PBEST | Indices: (217, 48) | Local Improvement: 0.0
  Move 8: GUIDED_SWAP_TO_PBEST | Indices: (46, 48) | Local Improvement: 0.0
  Move 9: GUIDED_SWAP_TO_GBEST | Indices: (48, 217) | Local Improvement: 0.0
  Move 10: GUIDED_SWAP_TO_GBEST | Indices: (46, 217) | Local Improvement: 0.0
  Move 11: TRIPLE_SWAP | Indices: (114, 113, 244) | Local Improvement: 0.00022135416666657637
=================================================================================
=================================================================================
2026-01-29T12:30:07.724 | Step 135 | Particle 72 | GLOBAL BEST ACHIEVED!
Global Improvement: 0.0004036458333334103
All moves in this step:
  Move 1: GUIDED_SWAP_TO_GBEST | Indices: (114, 244) | Local Improvement: 0.0
  Move 2: GUIDED_SWAP_TO_GBEST | Indices: (244, 113) | Local Improvement: 0.0
  Move 3: GUIDED_SWAP_TO_PBEST | Indices: (244, 114) | Local Improvement: 0.0
  Move 4: GUIDED_SWAP_TO_PBEST | Indices: (114, 113) | Local Improvement: 0.0
  Move 5: GUIDED_SWAP_TO_GBEST | Indices: (113, 114) | Local Improvement: 0.0
  Move 6: GUIDED_SWAP_TO_GBEST | Indices: (244, 114) | Local Improvement: 0.0
  Move 7: TRIPLE_SWAP | Indices: (221, 143, 62) | Local Improvement: 0.0004036458333334103
=================================================================================
=================================================================================
2026-01-29T12:30:09.229 | Step 148 | Particle 99 | GLOBAL BEST ACHIEVED!
Global Improvement: 9.76562500000222e-5
All moves in this step:
  Move 1: TRIPLE_SWAP | Indices: (211, 94, 198) | Local Improvement: 9.76562500000222e-5
=================================================================================
=================================================================================
2026-01-29T12:30:15.531 | Step 202 | Particle 54 | GLOBAL BEST ACHIEVED!
Global Improvement: 0.00020833333333325488
All moves in this step:
  Move 1: TRIPLE_SWAP | Indices: (218, 175, 83) | Local Improvement: 0.00020833333333325488
=================================================================================
=================================================================================
2026-01-29T12:30:19.827 | Step 239 | Particle 97 | GLOBAL BEST ACHIEVED!
Global Improvement: 0.00011067708333345472
All moves in this step:
  Move 1: TRIPLE_SWAP | Indices: (1, 27, 33) | Local Improvement: 0.00011067708333345472
=================================================================================
=================================================================================
2026-01-29T12:30:24.438 | Step 279 | Particle 15 | GLOBAL BEST ACHIEVED!
Global Improvement: 9.765624999991118e-5
All moves in this step:
  Move 1: RANDOM_SWAP | Indices: (197, 116) | Local Improvement: 0.0
=================================================================================
=================================================================================
2026-01-29T12:30:39.960 | Step 407 | Particle 19 | GLOBAL BEST ACHIEVED!
Global Improvement: 1.3020833333321491e-5
All moves in this step:
  Move 1: GUIDED_SWAP_TO_PBEST | Indices: (189, 75) | Local Improvement: 0.0
  Move 2: GUIDED_SWAP_TO_PBEST | Indices: (95, 129) | Local Improvement: 0.0
  Move 3: TRIPLE_SWAP | Indices: (25, 198, 189) | Local Improvement: 1.3020833333321491e-5
=================================================================================
=================================================================================
2026-01-29T12:30:40.207 | Step 409 | Particle 51 | GLOBAL BEST ACHIEVED!
Global Improvement: 9.76562500000222e-5
All moves in this step:
  Move 1: TRIPLE_SWAP | Indices: (23, 157, 132) | Local Improvement: 9.76562500000222e-5
=================================================================================
=================================================================================
2026-01-29T12:30:41.432 | Step 420 | Particle 4 | GLOBAL BEST ACHIEVED!
Global Improvement: 9.76562500000222e-5
All moves in this step:
  Move 1: RANDOM_SWAP | Indices: (170, 119) | Local Improvement: 0.0
=================================================================================
=================================================================================
2026-01-29T12:31:15.406 | Step 706 | Particle 68 | GLOBAL BEST ACHIEVED!
Global Improvement: 0.0002083333333333659
All moves in this step:
  Move 1: TRIPLE_SWAP | Indices: (215, 133, 48) | Local Improvement: 0.0002083333333333659
=================================================================================
=================================================================================
2026-01-29T12:34:52.652 | Step 2515 | Particle 76 | GLOBAL BEST ACHIEVED!
Global Improvement: 1.3020833333321491e-5
All moves in this step:
  Move 1: TRIPLE_SWAP | Indices: (68, 79, 4) | Local Improvement: 1.3020833333321491e-5
=================================================================================
=================================================================================
2026-01-29T12:34:58.059 | Step 2561 | Particle 18 | GLOBAL BEST ACHIEVED!
Global Improvement: 0.0001953125000000444
All moves in this step:
  Move 1: GUIDED_SWAP_TO_PBEST | Indices: (110, 189) | Local Improvement: 0.0
  Move 2: GUIDED_SWAP_TO_PBEST | Indices: (159, 77) | Local Improvement: 0.0
  Move 3: GUIDED_SWAP_TO_PBEST | Indices: (204, 242) | Local Improvement: 0.0
  Move 4: GUIDED_SWAP_TO_GBEST | Indices: (53, 106) | Local Improvement: 0.0
  Move 5: GUIDED_SWAP_TO_GBEST | Indices: (231, 103) | Local Improvement: 0.0
  Move 6: TRIPLE_SWAP | Indices: (217, 158, 153) | Local Improvement: 0.0001953125000000444
=================================================================================
=================================================================================
2026-01-29T12:36:59.754 | Step 3578 | Particle 24 | GLOBAL BEST ACHIEVED!
Global Improvement: 1.3020833333321491e-5
All moves in this step:
  Move 1: TRIPLE_SWAP | Indices: (46, 189, 208) | Local Improvement: 1.3020833333321491e-5
=================================================================================
=================================================================================
2026-01-29T12:37:07.573 | Step 3645 | Particle 67 | GLOBAL BEST ACHIEVED!
Global Improvement: 9.765624999991118e-5
All moves in this step:
  Move 1: TRIPLE_SWAP | Indices: (155, 85, 212) | Local Improvement: 9.765624999991118e-5
=================================================================================
=================================================================================
2026-01-29T12:37:22.829 | Step 3775 | Particle 66 | GLOBAL BEST ACHIEVED!
Global Improvement: 9.76562500000222e-5
All moves in this step:
  Move 1: GUIDED_SWAP_TO_PBEST | Indices: (71, 145) | Local Improvement: 0.0
  Move 2: GUIDED_SWAP_TO_PBEST | Indices: (37, 102) | Local Improvement: 0.0
  Move 3: TRIPLE_SWAP | Indices: (223, 111, 102) | Local Improvement: 9.76562500000222e-5
=================================================================================
