# V5: GUIDED SWAP KAPALI - Ablation Study
# Started on: 2026-01-20T18:26:02.447

=================================================================================
2026-01-20T18:26:02.620 | Step 1 | Particle 17 | GLOBAL BEST!
Global Improvement: 0.005761718750000089
  Move 1: TRIPLE_SWAP | Indices: (45, 23, 7)
  Move 2: RANDOM_SWAP | Indices: (129, 39)
=================================================================================
=================================================================================
2026-01-20T18:26:02.915 | Step 2 | Particle 18 | GLOBAL BEST!
Global Improvement: 0.002832031249999978
  Move 1: TRIPLE_SWAP | Indices: (91, 88, 157)
  Move 2: RANDOM_SWAP | Indices: (25, 65)
  Move 3: RANDOM_SWAP | Indices: (7, 146)
=================================================================================
=================================================================================
2026-01-20T18:26:02.928 | Step 2 | Particle 52 | GLOBAL BEST!
Global Improvement: 0.002050781249999911
  Move 1: TRIPLE_SWAP | Indices: (248, 59, 146)
=================================================================================
=================================================================================
2026-01-20T18:26:02.950 | Step 2 | Particle 110 | GLOBAL BEST!
Global Improvement: 0.000976562500000111
  Move 1: TRIPLE_SWAP | Indices: (221, 198, 83)
=================================================================================
=================================================================================
2026-01-20T18:26:03.260 | Step 3 | Particle 52 | GLOBAL BEST!
Global Improvement: 0.002050781249999911
  Move 1: TRIPLE_SWAP | Indices: (152, 29, 43)
  Move 2: RANDOM_SWAP | Indices: (31, 127)
  Move 3: RANDOM_SWAP | Indices: (173, 89)
  Move 4: RANDOM_SWAP | Indices: (5, 34)
  Move 5: RANDOM_SWAP | Indices: (215, 62)
=================================================================================
=================================================================================
2026-01-20T18:26:03.263 | Step 3 | Particle 57 | GLOBAL BEST!
Global Improvement: 1.1102230246251565e-16
  Move 1: TRIPLE_SWAP | Indices: (114, 67, 62)
=================================================================================
=================================================================================
2026-01-20T18:26:03.283 | Step 3 | Particle 110 | GLOBAL BEST!
Global Improvement: 0.0009765625
  Move 1: TRIPLE_SWAP | Indices: (226, 200, 7)
=================================================================================
=================================================================================
2026-01-20T18:26:03.434 | Step 4 | Particle 46 | GLOBAL BEST!
Global Improvement: 0.0012695312499999556
  Move 1: TRIPLE_SWAP | Indices: (140, 53, 40)
  Move 2: RANDOM_SWAP | Indices: (1, 136)
  Move 3: RANDOM_SWAP | Indices: (15, 79)
=================================================================================
=================================================================================
2026-01-20T18:26:03.458 | Step 4 | Particle 110 | GLOBAL BEST!
Global Improvement: 0.001953125
  Move 1: TRIPLE_SWAP | Indices: (10, 247, 114)
  Move 2: RANDOM_SWAP | Indices: (125, 14)
  Move 3: RANDOM_SWAP | Indices: (104, 28)
=================================================================================
=================================================================================
2026-01-20T18:26:03.581 | Step 5 | Particle 16 | GLOBAL BEST!
Global Improvement: 0.0006835937500000444
  Move 1: TRIPLE_SWAP | Indices: (197, 152, 126)
  Move 2: RANDOM_SWAP | Indices: (198, 183)
=================================================================================
=================================================================================
2026-01-20T18:26:03.636 | Step 5 | Particle 160 | GLOBAL BEST!
Global Improvement: 0.0002929687499999556
  Move 1: TRIPLE_SWAP | Indices: (164, 176, 251)
=================================================================================
=================================================================================
2026-01-20T18:26:03.741 | Step 6 | Particle 16 | GLOBAL BEST!
Global Improvement: 0.0013671874999999778
  Move 1: TRIPLE_SWAP | Indices: (194, 44, 81)
=================================================================================
=================================================================================
2026-01-20T18:26:03.895 | Step 7 | Particle 16 | GLOBAL BEST!
Global Improvement: 0.0012695312499999556
  Move 1: TRIPLE_SWAP | Indices: (165, 239, 131)
=================================================================================
=================================================================================
2026-01-20T18:26:03.921 | Step 7 | Particle 84 | GLOBAL BEST!
Global Improvement: 9.76562500000222e-5
  Move 1: TRIPLE_SWAP | Indices: (45, 131, 12)
=================================================================================
=================================================================================
2026-01-20T18:26:04.044 | Step 8 | Particle 15 | GLOBAL BEST!
Global Improvement: 0.0007812499999999556
  Move 1: TRIPLE_SWAP | Indices: (111, 36, 109)
=================================================================================
=================================================================================
2026-01-20T18:26:04.096 | Step 8 | Particle 150 | GLOBAL BEST!
Global Improvement: 0.0001953125000000444
  Move 1: TRIPLE_SWAP | Indices: (135, 198, 136)
  Move 2: RANDOM_SWAP | Indices: (5, 82)
  Move 3: RANDOM_SWAP | Indices: (138, 124)
  Move 4: RANDOM_SWAP | Indices: (8, 149)
=================================================================================
=================================================================================
2026-01-20T18:26:04.196 | Step 9 | Particle 15 | GLOBAL BEST!
Global Improvement: 0.0007812500000000666
  Move 1: TRIPLE_SWAP | Indices: (132, 218, 46)
=================================================================================
=================================================================================
2026-01-20T18:26:04.197 | Step 9 | Particle 18 | GLOBAL BEST!
Global Improvement: 0.0006835937499999334
  Move 1: TRIPLE_SWAP | Indices: (21, 162, 109)
  Move 2: RANDOM_SWAP | Indices: (8, 141)
=================================================================================
=================================================================================
2026-01-20T18:26:04.471 | Step 11 | Particle 15 | GLOBAL BEST!
Global Improvement: 0.0002929687500000666
  Move 1: TRIPLE_SWAP | Indices: (55, 70, 83)
=================================================================================
=================================================================================
2026-01-20T18:26:04.507 | Step 11 | Particle 110 | GLOBAL BEST!
Global Improvement: 0.0016601562499999334
  Move 1: TRIPLE_SWAP | Indices: (107, 14, 11)
=================================================================================
=================================================================================
2026-01-20T18:26:04.645 | Step 12 | Particle 110 | GLOBAL BEST!
Global Improvement: 0.0016601562500000444
  Move 1: TRIPLE_SWAP | Indices: (227, 15, 215)
=================================================================================
=================================================================================
2026-01-20T18:26:05.382 | Step 18 | Particle 18 | GLOBAL BEST!
Global Improvement: 0.0002929687499999556
  Move 1: TRIPLE_SWAP | Indices: (69, 236, 72)
=================================================================================
=================================================================================
2026-01-20T18:26:05.427 | Step 18 | Particle 134 | GLOBAL BEST!
Global Improvement: 0.0002929687499999556
  Move 1: TRIPLE_SWAP | Indices: (193, 105, 40)
=================================================================================
=================================================================================
2026-01-20T18:26:05.437 | Step 18 | Particle 160 | GLOBAL BEST!
Global Improvement: 1.1102230246251565e-16
  Move 1: TRIPLE_SWAP | Indices: (162, 238, 104)
=================================================================================
=================================================================================
2026-01-20T18:26:05.522 | Step 19 | Particle 57 | GLOBAL BEST!
Global Improvement: 0.0005859375000000222
  Move 1: TRIPLE_SWAP | Indices: (93, 225, 13)
=================================================================================
=================================================================================
2026-01-20T18:26:05.809 | Step 21 | Particle 134 | GLOBAL BEST!
Global Improvement: 0.0003906249999998668
  Move 1: TRIPLE_SWAP | Indices: (70, 222, 28)
=================================================================================
=================================================================================
2026-01-20T18:26:05.886 | Step 22 | Particle 18 | GLOBAL BEST!
Global Improvement: 9.76562500000222e-5
  Move 1: TRIPLE_SWAP | Indices: (60, 6, 22)
=================================================================================
=================================================================================
2026-01-20T18:26:05.898 | Step 22 | Particle 49 | GLOBAL BEST!
Global Improvement: 0.000976562500000111
  Move 1: TRIPLE_SWAP | Indices: (99, 58, 51)
  Move 2: RANDOM_SWAP | Indices: (230, 107)
=================================================================================
=================================================================================
2026-01-20T18:26:06.209 | Step 24 | Particle 144 | GLOBAL BEST!
Global Improvement: 0.0001953124999999334
  Move 1: TRIPLE_SWAP | Indices: (92, 221, 95)
=================================================================================
=================================================================================
2026-01-20T18:26:06.458 | Step 26 | Particle 144 | GLOBAL BEST!
Global Improvement: 0.0009765625
  Move 1: TRIPLE_SWAP | Indices: (19, 56, 149)
=================================================================================
=================================================================================
2026-01-20T18:26:06.701 | Step 28 | Particle 144 | GLOBAL BEST!
Global Improvement: 0.0008789062499999778
  Move 1: TRIPLE_SWAP | Indices: (135, 131, 187)
=================================================================================
=================================================================================
2026-01-20T18:26:07.187 | Step 32 | Particle 62 | GLOBAL BEST!
Global Improvement: 9.76562500000222e-5
  Move 1: TRIPLE_SWAP | Indices: (175, 98, 83)
=================================================================================
=================================================================================
2026-01-20T18:26:07.315 | Step 33 | Particle 62 | GLOBAL BEST!
Global Improvement: 0.0009765625
  Move 1: TRIPLE_SWAP | Indices: (67, 137, 22)
=================================================================================
=================================================================================
2026-01-20T18:26:07.820 | Step 37 | Particle 62 | GLOBAL BEST!
Global Improvement: 0.0001953124999999334
  Move 1: TRIPLE_SWAP | Indices: (112, 99, 131)
=================================================================================
=================================================================================
2026-01-20T18:26:07.871 | Step 37 | Particle 194 | GLOBAL BEST!
Global Improvement: 0.0010742187500000222
  Move 1: TRIPLE_SWAP | Indices: (47, 67, 84)
=================================================================================
=================================================================================
2026-01-20T18:26:08.772 | Step 44 | Particle 169 | GLOBAL BEST!
Global Improvement: 0.0003906249999999778
  Move 1: TRIPLE_SWAP | Indices: (95, 185, 130)
=================================================================================
=================================================================================
2026-01-20T18:26:09.123 | Step 47 | Particle 67 | GLOBAL BEST!
Global Improvement: 0.004394531250000111
  Move 1: TRIPLE_SWAP | Indices: (53, 4, 93)
=================================================================================
=================================================================================
2026-01-20T18:27:15.614 | Step 536 | Particle 15 | GLOBAL BEST!
Global Improvement: 0.0007812499999999556
  Move 1: TRIPLE_SWAP | Indices: (212, 7, 93)
=================================================================================
=================================================================================
2026-01-20T18:27:16.728 | Step 543 | Particle 196 | GLOBAL BEST!
Global Improvement: 0.00048828125
  Move 1: TRIPLE_SWAP | Indices: (238, 132, 138)
=================================================================================
=================================================================================
2026-01-20T18:27:16.867 | Step 544 | Particle 196 | GLOBAL BEST!
Global Improvement: 0.0016601562500000444
  Move 1: TRIPLE_SWAP | Indices: (40, 107, 39)
=================================================================================
=================================================================================
2026-01-20T18:33:13.256 | Step 2260 | Particle 139 | GLOBAL BEST!
Global Improvement: 0.0003906249999999778
  Move 1: TRIPLE_SWAP | Indices: (221, 218, 110)
=================================================================================
=================================================================================
2026-01-20T18:39:33.473 | Step 3994 | Particle 123 | GLOBAL BEST!
Global Improvement: 9.76562500000222e-5
  Move 1: TRIPLE_SWAP | Indices: (41, 8, 130)
=================================================================================
=================================================================================
2026-01-20T18:39:33.687 | Step 3995 | Particle 123 | GLOBAL BEST!
Global Improvement: 0.0003906249999998668
  Move 1: TRIPLE_SWAP | Indices: (29, 173, 147)
=================================================================================
=================================================================================
2026-01-20T18:39:33.903 | Step 3996 | Particle 123 | GLOBAL BEST!
Global Improvement: 0.0003906250000000888
  Move 1: TRIPLE_SWAP | Indices: (20, 129, 205)
=================================================================================
=================================================================================
2026-01-20T18:41:16.823 | Step 4463 | Particle 25 | GLOBAL BEST!
Global Improvement: 9.765624999991118e-5
  Move 1: TRIPLE_SWAP | Indices: (155, 243, 153)
=================================================================================
