# V5: GUIDED SWAP KAPALI - Ablation Study
# Started on: 2026-01-21T18:11:10.438

=================================================================================
2026-01-21T18:11:10.650 | Step 1 | Particle 4 | GLOBAL BEST!
Global Improvement: 0.003138020833333366
  Move 1: TRIPLE_SWAP | Indices: (4, 106, 51)
=================================================================================
=================================================================================
2026-01-21T18:11:10.671 | Step 1 | Particle 6 | GLOBAL BEST!
Global Improvement: 0.0013736979166667496
  Move 1: TRIPLE_SWAP | Indices: (134, 172, 248)
  Move 2: RANDOM_SWAP | Indices: (56, 74)
  Move 3: RANDOM_SWAP | Indices: (247, 243)
  Move 4: RANDOM_SWAP | Indices: (232, 155)
  Move 5: RANDOM_SWAP | Indices: (243, 169)
  Move 6: RANDOM_SWAP | Indices: (151, 36)
=================================================================================
=================================================================================
2026-01-21T18:11:10.689 | Step 1 | Particle 25 | GLOBAL BEST!
Global Improvement: 0.0009765625
  Move 1: TRIPLE_SWAP | Indices: (147, 56, 253)
  Move 2: RANDOM_SWAP | Indices: (238, 29)
  Move 3: RANDOM_SWAP | Indices: (66, 106)
  Move 4: RANDOM_SWAP | Indices: (170, 109)
=================================================================================
=================================================================================
2026-01-21T18:11:10.720 | Step 1 | Particle 104 | GLOBAL BEST!
Global Improvement: 0.0022526041666666163
  Move 1: TRIPLE_SWAP | Indices: (97, 172, 76)
  Move 2: RANDOM_SWAP | Indices: (39, 245)
  Move 3: RANDOM_SWAP | Indices: (35, 227)
  Move 4: RANDOM_SWAP | Indices: (194, 177)
  Move 5: RANDOM_SWAP | Indices: (152, 18)
=================================================================================
=================================================================================
2026-01-21T18:11:10.902 | Step 2 | Particle 130 | GLOBAL BEST!
Global Improvement: 0.0006901041666667052
  Move 1: TRIPLE_SWAP | Indices: (253, 134, 64)
  Move 2: RANDOM_SWAP | Indices: (244, 52)
  Move 3: RANDOM_SWAP | Indices: (138, 96)
  Move 4: RANDOM_SWAP | Indices: (22, 133)
  Move 5: RANDOM_SWAP | Indices: (151, 59)
=================================================================================
=================================================================================
2026-01-21T18:11:11.200 | Step 3 | Particle 17 | GLOBAL BEST!
Global Improvement: 0.0012174479166666696
  Move 1: TRIPLE_SWAP | Indices: (163, 62, 57)
=================================================================================
=================================================================================
2026-01-21T18:11:11.248 | Step 3 | Particle 138 | GLOBAL BEST!
Global Improvement: 0.0002929687499999556
  Move 1: TRIPLE_SWAP | Indices: (112, 113, 57)
=================================================================================
=================================================================================
2026-01-21T18:11:11.263 | Step 3 | Particle 177 | GLOBAL BEST!
Global Improvement: 0.0009309895833333748
  Move 1: TRIPLE_SWAP | Indices: (103, 174, 25)
  Move 2: RANDOM_SWAP | Indices: (120, 253)
  Move 3: RANDOM_SWAP | Indices: (51, 141)
  Move 4: RANDOM_SWAP | Indices: (188, 133)
  Move 5: RANDOM_SWAP | Indices: (245, 18)
=================================================================================
=================================================================================
2026-01-21T18:11:11.272 | Step 3 | Particle 199 | GLOBAL BEST!
Global Improvement: 0.0009830729166666607
  Move 1: TRIPLE_SWAP | Indices: (55, 51, 166)
  Move 2: RANDOM_SWAP | Indices: (63, 5)
  Move 3: RANDOM_SWAP | Indices: (182, 137)
=================================================================================
=================================================================================
2026-01-21T18:11:11.397 | Step 4 | Particle 98 | GLOBAL BEST!
Global Improvement: 0.0009830729166666607
  Move 1: TRIPLE_SWAP | Indices: (16, 49, 85)
=================================================================================
=================================================================================
2026-01-21T18:11:11.520 | Step 5 | Particle 9 | GLOBAL BEST!
Global Improvement: 4.557291666662522e-5
  Move 1: TRIPLE_SWAP | Indices: (194, 34, 164)
=================================================================================
=================================================================================
2026-01-21T18:11:11.530 | Step 5 | Particle 34 | GLOBAL BEST!
Global Improvement: 9.765625000013323e-5
  Move 1: TRIPLE_SWAP | Indices: (155, 14, 106)
=================================================================================
=================================================================================
2026-01-21T18:11:11.555 | Step 5 | Particle 98 | GLOBAL BEST!
Global Improvement: 0.0006901041666664831
  Move 1: TRIPLE_SWAP | Indices: (61, 30, 150)
=================================================================================
=================================================================================
2026-01-21T18:11:11.580 | Step 5 | Particle 160 | GLOBAL BEST!
Global Improvement: 0.00029296875000017764
  Move 1: TRIPLE_SWAP | Indices: (218, 175, 148)
=================================================================================
=================================================================================
2026-01-21T18:11:11.732 | Step 6 | Particle 9 | GLOBAL BEST!
Global Improvement: 0.0003906249999998668
  Move 1: TRIPLE_SWAP | Indices: (130, 109, 152)
=================================================================================
=================================================================================
2026-01-21T18:11:11.791 | Step 6 | Particle 160 | GLOBAL BEST!
Global Improvement: 0.0019075520833333748
  Move 1: TRIPLE_SWAP | Indices: (193, 25, 91)
  Move 2: RANDOM_SWAP | Indices: (68, 202)
  Move 3: RANDOM_SWAP | Indices: (19, 81)
=================================================================================
=================================================================================
2026-01-21T18:11:12.201 | Step 9 | Particle 9 | GLOBAL BEST!
Global Improvement: 0.00014973958333319715
  Move 1: TRIPLE_SWAP | Indices: (68, 111, 139)
=================================================================================
=================================================================================
2026-01-21T18:11:12.205 | Step 9 | Particle 20 | GLOBAL BEST!
Global Improvement: 0.0014192708333333748
  Move 1: TRIPLE_SWAP | Indices: (115, 166, 226)
=================================================================================
=================================================================================
2026-01-21T18:11:12.355 | Step 10 | Particle 30 | GLOBAL BEST!
Global Improvement: 0.0005859375000001332
  Move 1: TRIPLE_SWAP | Indices: (87, 166, 143)
=================================================================================
=================================================================================
2026-01-21T18:11:12.495 | Step 11 | Particle 19 | GLOBAL BEST!
Global Improvement: 0.0008333333333332416
  Move 1: TRIPLE_SWAP | Indices: (52, 146, 223)
=================================================================================
=================================================================================
2026-01-21T18:11:12.785 | Step 13 | Particle 19 | GLOBAL BEST!
Global Improvement: 0.0008333333333334636
  Move 1: TRIPLE_SWAP | Indices: (220, 23, 235)
=================================================================================
=================================================================================
2026-01-21T18:11:12.785 | Step 13 | Particle 20 | GLOBAL BEST!
Global Improvement: 9.765624999991118e-5
  Move 1: TRIPLE_SWAP | Indices: (143, 34, 129)
=================================================================================
=================================================================================
2026-01-21T18:11:12.926 | Step 14 | Particle 25 | GLOBAL BEST!
Global Improvement: 0.0007356770833333304
  Move 1: TRIPLE_SWAP | Indices: (221, 51, 227)
=================================================================================
=================================================================================
2026-01-21T18:11:13.080 | Step 15 | Particle 53 | GLOBAL BEST!
Global Improvement: 9.765624999991118e-5
  Move 1: TRIPLE_SWAP | Indices: (115, 171, 86)
=================================================================================
=================================================================================
2026-01-21T18:11:13.211 | Step 16 | Particle 53 | GLOBAL BEST!
Global Improvement: 0.0016666666666667052
  Move 1: TRIPLE_SWAP | Indices: (111, 231, 67)
=================================================================================
=================================================================================
2026-01-21T18:11:14.835 | Step 28 | Particle 169 | GLOBAL BEST!
Global Improvement: 0.0001497395833334192
  Move 1: TRIPLE_SWAP | Indices: (1, 114, 226)
=================================================================================
=================================================================================
2026-01-21T18:11:14.957 | Step 29 | Particle 169 | GLOBAL BEST!
Global Improvement: 0.0017643229166666163
  Move 1: TRIPLE_SWAP | Indices: (218, 60, 149)
=================================================================================
=================================================================================
2026-01-21T18:11:16.996 | Step 44 | Particle 75 | GLOBAL BEST!
Global Improvement: 0.0007356770833333304
  Move 1: TRIPLE_SWAP | Indices: (75, 249, 222)
=================================================================================
=================================================================================
2026-01-21T18:11:24.334 | Step 99 | Particle 36 | GLOBAL BEST!
Global Improvement: 0.0001953125000000444
  Move 1: TRIPLE_SWAP | Indices: (171, 173, 140)
=================================================================================
=================================================================================
2026-01-21T18:11:24.586 | Step 101 | Particle 36 | GLOBAL BEST!
Global Improvement: 0.00048828125
  Move 1: TRIPLE_SWAP | Indices: (38, 52, 136)
=================================================================================
=================================================================================
2026-01-21T18:11:37.503 | Step 200 | Particle 102 | GLOBAL BEST!
Global Improvement: 0.0006380208333334192
  Move 1: TRIPLE_SWAP | Indices: (234, 202, 233)
=================================================================================
=================================================================================
2026-01-21T18:12:09.257 | Step 430 | Particle 109 | GLOBAL BEST!
Global Improvement: 3.6582341269797425e-5
  Move 1: TRIPLE_SWAP | Indices: (32, 68, 159)
=================================================================================
=================================================================================
2026-01-21T18:12:26.259 | Step 547 | Particle 66 | GLOBAL BEST!
Global Improvement: 0.00034505208333324155
  Move 1: TRIPLE_SWAP | Indices: (154, 3, 10)
=================================================================================
=================================================================================
2026-01-21T18:12:26.558 | Step 549 | Particle 66 | GLOBAL BEST!
Global Improvement: 0.0002929687499999556
  Move 1: TRIPLE_SWAP | Indices: (214, 227, 101)
=================================================================================
=================================================================================
2026-01-21T18:13:11.490 | Step 839 | Particle 79 | GLOBAL BEST!
Global Improvement: 6.107390873011376e-5
  Move 1: TRIPLE_SWAP | Indices: (100, 187, 223)
=================================================================================
=================================================================================
2026-01-21T18:13:12.865 | Step 846 | Particle 113 | GLOBAL BEST!
Global Improvement: 0.0001953125000000444
  Move 1: TRIPLE_SWAP | Indices: (92, 243, 39)
=================================================================================
=================================================================================
2026-01-21T18:13:41.431 | Step 1010 | Particle 76 | GLOBAL BEST!
Global Improvement: 0.00024739583333333037
  Move 1: TRIPLE_SWAP | Indices: (33, 250, 213)
=================================================================================
=================================================================================
2026-01-21T18:14:11.893 | Step 1161 | Particle 51 | GLOBAL BEST!
Global Improvement: 0.0003906250000000888
  Move 1: TRIPLE_SWAP | Indices: (251, 5, 18)
=================================================================================
=================================================================================
2026-01-21T18:14:17.126 | Step 1188 | Particle 5 | GLOBAL BEST!
Global Improvement: 0.000381634424603261
  Move 1: TRIPLE_SWAP | Indices: (229, 174, 38)
=================================================================================
=================================================================================
2026-01-21T18:15:44.559 | Step 1599 | Particle 110 | GLOBAL BEST!
Global Improvement: 0.0005493551587301138
  Move 1: TRIPLE_SWAP | Indices: (200, 248, 246)
=================================================================================
=================================================================================
2026-01-21T18:15:44.752 | Step 1600 | Particle 110 | GLOBAL BEST!
Global Improvement: 9.765624999991118e-5
  Move 1: TRIPLE_SWAP | Indices: (250, 41, 175)
=================================================================================
=================================================================================
2026-01-21T18:19:41.598 | Step 2701 | Particle 53 | GLOBAL BEST!
Global Improvement: 0.0006746031746032166
  Move 1: TRIPLE_SWAP | Indices: (94, 60, 140)
=================================================================================
=================================================================================
2026-01-21T18:19:42.688 | Step 2706 | Particle 53 | GLOBAL BEST!
Global Improvement: 0.0007356770833333304
  Move 1: TRIPLE_SWAP | Indices: (56, 102, 253)
=================================================================================
