# Global Best Swaps Only - COMPOSITE FITNESS MODE WITH EARLY STOPPING
# Started on: 2026-01-29T12:09:51.961
# Format: Timestamp | Step | Particle | Operation | Indices | Local | Global | Status
# Note: Each global best S-box is saved in debug_sboxes/ directory
# Using composite fitness function with NL, SAC, DDT, and Entropy
# Early stopping enabled based on NL threshold

=================================================================================
2026-01-29T12:09:52.181 | Step 1 | Particle 35 | GLOBAL BEST ACHIEVED!
Global Improvement: 0.0031770833333333304
All moves in this step:
  Move 1: TRIPLE_SWAP | Indices: (194, 76, 217) | Local Improvement: 0.0013802083333331883
  Move 2: RANDOM_SWAP | Indices: (125, 52) | Local Improvement: 0.0
  Move 3: RANDOM_SWAP | Indices: (111, 189) | Local Improvement: 0.0
=================================================================================
=================================================================================
2026-01-29T12:09:52.291 | Step 2 | Particle 10 | GLOBAL BEST ACHIEVED!
Global Improvement: 0.00179687499999992
All moves in this step:
  Move 1: GUIDED_SWAP_TO_GBEST | Indices: (194, 217) | Local Improvement: 0.0
  Move 2: GUIDED_SWAP_TO_GBEST | Indices: (111, 189) | Local Improvement: 0.0
  Move 3: GUIDED_SWAP_TO_GBEST | Indices: (217, 76) | Local Improvement: 0.0
  Move 4: GUIDED_SWAP_TO_GBEST | Indices: (52, 125) | Local Improvement: 0.0
  Move 5: GUIDED_SWAP_TO_PBEST | Indices: (111, 189) | Local Improvement: 0.0
  Move 6: GUIDED_SWAP_TO_PBEST | Indices: (76, 217) | Local Improvement: 0.0
  Move 7: GUIDED_SWAP_TO_PBEST | Indices: (194, 217) | Local Improvement: 0.0
  Move 8: GUIDED_SWAP_TO_PBEST | Indices: (125, 52) | Local Improvement: 0.0
  Move 9: GUIDED_SWAP_TO_GBEST | Indices: (194, 217) | Local Improvement: 0.0
  Move 10: GUIDED_SWAP_TO_GBEST | Indices: (111, 189) | Local Improvement: 0.0
  Move 11: GUIDED_SWAP_TO_GBEST | Indices: (76, 217) | Local Improvement: 0.0
  Move 12: GUIDED_SWAP_TO_GBEST | Indices: (125, 52) | Local Improvement: 0.0
  Move 13: TRIPLE_SWAP | Indices: (54, 234, 111) | Local Improvement: 0.00179687499999992
=================================================================================
=================================================================================
2026-01-29T12:09:52.615 | Step 3 | Particle 89 | GLOBAL BEST ACHIEVED!
Global Improvement: 0.0006249999999999867
All moves in this step:
  Move 1: GUIDED_SWAP_TO_GBEST | Indices: (74, 154) | Local Improvement: 0.0
  Move 2: GUIDED_SWAP_TO_GBEST | Indices: (154, 143) | Local Improvement: 0.0
  Move 3: GUIDED_SWAP_TO_GBEST | Indices: (234, 54) | Local Improvement: 0.0
  Move 4: GUIDED_SWAP_TO_GBEST | Indices: (54, 111) | Local Improvement: 0.0
  Move 5: GUIDED_SWAP_TO_PBEST | Indices: (154, 74) | Local Improvement: 0.0
  Move 6: GUIDED_SWAP_TO_PBEST | Indices: (234, 111) | Local Improvement: 0.0
  Move 7: GUIDED_SWAP_TO_PBEST | Indices: (111, 54) | Local Improvement: 0.0
  Move 8: GUIDED_SWAP_TO_PBEST | Indices: (74, 143) | Local Improvement: 0.0
  Move 9: GUIDED_SWAP_TO_GBEST | Indices: (74, 154) | Local Improvement: 0.0
  Move 10: GUIDED_SWAP_TO_GBEST | Indices: (234, 54) | Local Improvement: 0.0
  Move 11: GUIDED_SWAP_TO_GBEST | Indices: (194, 76) | Local Improvement: 0.0
  Move 12: GUIDED_SWAP_TO_GBEST | Indices: (143, 154) | Local Improvement: 0.0
  Move 13: GUIDED_SWAP_TO_GBEST | Indices: (54, 111) | Local Improvement: 0.0
  Move 14: TRIPLE_SWAP | Indices: (244, 127, 236) | Local Improvement: 0.0002213541666666874
  Move 15: RANDOM_SWAP | Indices: (248, 200) | Local Improvement: 0.0
  Move 16: RANDOM_SWAP | Indices: (106, 151) | Local Improvement: 0.0
=================================================================================
=================================================================================
2026-01-29T12:09:52.716 | Step 4 | Particle 2 | GLOBAL BEST ACHIEVED!
Global Improvement: 0.0001106770833333437
All moves in this step:
  Move 1: GUIDED_SWAP_TO_GBEST | Indices: (127, 244) | Local Improvement: 0.0
  Move 2: GUIDED_SWAP_TO_GBEST | Indices: (106, 151) | Local Improvement: 0.0
  Move 3: GUIDED_SWAP_TO_GBEST | Indices: (248, 200) | Local Improvement: 0.0
  Move 4: GUIDED_SWAP_TO_GBEST | Indices: (244, 236) | Local Improvement: 0.0
  Move 5: GUIDED_SWAP_TO_PBEST | Indices: (248, 200) | Local Improvement: 0.0
  Move 6: GUIDED_SWAP_TO_PBEST | Indices: (106, 151) | Local Improvement: 0.0
  Move 7: GUIDED_SWAP_TO_PBEST | Indices: (127, 236) | Local Improvement: 0.0
  Move 8: GUIDED_SWAP_TO_PBEST | Indices: (236, 244) | Local Improvement: 0.0
  Move 9: TRIPLE_SWAP | Indices: (154, 64, 160) | Local Improvement: 0.0007356770833333304
=================================================================================
=================================================================================
2026-01-29T12:09:52.720 | Step 4 | Particle 10 | GLOBAL BEST ACHIEVED!
Global Improvement: 0.0002083333333333659
All moves in this step:
  Move 1: GUIDED_SWAP_TO_PBEST | Indices: (235, 174) | Local Improvement: 0.0
  Move 2: GUIDED_SWAP_TO_PBEST | Indices: (7, 6) | Local Improvement: 0.0
  Move 3: GUIDED_SWAP_TO_GBEST | Indices: (248, 200) | Local Improvement: 0.0
  Move 4: GUIDED_SWAP_TO_GBEST | Indices: (236, 127) | Local Improvement: 0.0
  Move 5: GUIDED_SWAP_TO_GBEST | Indices: (127, 244) | Local Improvement: 0.0
  Move 6: GUIDED_SWAP_TO_GBEST | Indices: (106, 151) | Local Improvement: 0.0
  Move 7: GUIDED_SWAP_TO_PBEST | Indices: (244, 127) | Local Improvement: 0.0
  Move 8: GUIDED_SWAP_TO_PBEST | Indices: (200, 248) | Local Improvement: 0.0
  Move 9: GUIDED_SWAP_TO_PBEST | Indices: (106, 151) | Local Improvement: 0.0
  Move 10: GUIDED_SWAP_TO_PBEST | Indices: (127, 236) | Local Improvement: 0.0
  Move 11: GUIDED_SWAP_TO_GBEST | Indices: (236, 127) | Local Improvement: 0.0
  Move 12: GUIDED_SWAP_TO_GBEST | Indices: (200, 248) | Local Improvement: 0.0
  Move 13: GUIDED_SWAP_TO_GBEST | Indices: (244, 127) | Local Improvement: 0.0
  Move 14: GUIDED_SWAP_TO_GBEST | Indices: (151, 106) | Local Improvement: 0.0
  Move 15: TRIPLE_SWAP | Indices: (196, 85, 223) | Local Improvement: 0.0004166666666666208
  Move 16: RANDOM_SWAP | Indices: (250, 130) | Local Improvement: 0.0
  Move 17: RANDOM_SWAP | Indices: (118, 33) | Local Improvement: 0.0
=================================================================================
=================================================================================
2026-01-29T12:09:52.723 | Step 4 | Particle 18 | GLOBAL BEST ACHIEVED!
Global Improvement: 0.0003320312500000311
All moves in this step:
  Move 1: GUIDED_SWAP_TO_GBEST | Indices: (248, 200) | Local Improvement: 0.0
  Move 2: GUIDED_SWAP_TO_GBEST | Indices: (244, 236) | Local Improvement: 0.0
  Move 3: GUIDED_SWAP_TO_GBEST | Indices: (151, 106) | Local Improvement: 0.0
  Move 4: GUIDED_SWAP_TO_GBEST | Indices: (127, 236) | Local Improvement: 0.0
  Move 5: GUIDED_SWAP_TO_PBEST | Indices: (151, 106) | Local Improvement: 0.0
  Move 6: GUIDED_SWAP_TO_PBEST | Indices: (244, 127) | Local Improvement: 0.0
  Move 7: GUIDED_SWAP_TO_PBEST | Indices: (200, 248) | Local Improvement: 0.0
  Move 8: GUIDED_SWAP_TO_PBEST | Indices: (236, 127) | Local Improvement: 0.0
  Move 9: GUIDED_SWAP_TO_GBEST | Indices: (236, 127) | Local Improvement: 0.0
  Move 10: GUIDED_SWAP_TO_GBEST | Indices: (244, 127) | Local Improvement: 0.0
  Move 11: GUIDED_SWAP_TO_GBEST | Indices: (151, 106) | Local Improvement: 0.0
  Move 12: GUIDED_SWAP_TO_GBEST | Indices: (248, 200) | Local Improvement: 0.0
  Move 13: TRIPLE_SWAP | Indices: (231, 209, 183) | Local Improvement: 0.0003320312500000311
=================================================================================
=================================================================================
2026-01-29T12:09:52.740 | Step 4 | Particle 62 | GLOBAL BEST ACHIEVED!
Global Improvement: 0.0004166666666666208
All moves in this step:
  Move 1: GUIDED_SWAP_TO_GBEST | Indices: (200, 248) | Local Improvement: 0.0
  Move 2: GUIDED_SWAP_TO_GBEST | Indices: (92, 17) | Local Improvement: 0.0
  Move 3: GUIDED_SWAP_TO_GBEST | Indices: (127, 244) | Local Improvement: 0.0
  Move 4: GUIDED_SWAP_TO_GBEST | Indices: (236, 244) | Local Improvement: 0.0
  Move 5: GUIDED_SWAP_TO_PBEST | Indices: (200, 248) | Local Improvement: 0.0
  Move 6: GUIDED_SWAP_TO_PBEST | Indices: (244, 127) | Local Improvement: 0.0
  Move 7: GUIDED_SWAP_TO_PBEST | Indices: (127, 236) | Local Improvement: 0.0
  Move 8: GUIDED_SWAP_TO_GBEST | Indices: (73, 223) | Local Improvement: 0.0
  Move 9: GUIDED_SWAP_TO_GBEST | Indices: (200, 248) | Local Improvement: 0.0
  Move 10: GUIDED_SWAP_TO_GBEST | Indices: (17, 155) | Local Improvement: 0.0
  Move 11: GUIDED_SWAP_TO_GBEST | Indices: (127, 244) | Local Improvement: 0.0
  Move 12: GUIDED_SWAP_TO_PBEST | Indices: (155, 17) | Local Improvement: 0.0
  Move 13: GUIDED_SWAP_TO_PBEST | Indices: (73, 223) | Local Improvement: 0.0
  Move 14: GUIDED_SWAP_TO_PBEST | Indices: (17, 92) | Local Improvement: 0.0
  Move 15: GUIDED_SWAP_TO_PBEST | Indices: (248, 200) | Local Improvement: 0.0
  Move 16: GUIDED_SWAP_TO_PBEST | Indices: (244, 127) | Local Improvement: 0.0
  Move 17: GUIDED_SWAP_TO_GBEST | Indices: (127, 244) | Local Improvement: 0.0
  Move 18: GUIDED_SWAP_TO_GBEST | Indices: (244, 236) | Local Improvement: 0.0
  Move 19: GUIDED_SWAP_TO_GBEST | Indices: (248, 200) | Local Improvement: 0.0
  Move 20: GUIDED_SWAP_TO_GBEST | Indices: (92, 17) | Local Improvement: 0.0
  Move 21: TRIPLE_SWAP | Indices: (30, 126, 15) | Local Improvement: 0.0011002604166665542
=================================================================================
=================================================================================
2026-01-29T12:09:52.751 | Step 4 | Particle 89 | GLOBAL BEST ACHIEVED!
Global Improvement: 0.0005273437500000755
All moves in this step:
  Move 1: TRIPLE_SWAP | Indices: (48, 60, 161) | Local Improvement: 0.0005273437500000755
=================================================================================
=================================================================================
2026-01-29T12:09:52.804 | Step 5 | Particle 13 | GLOBAL BEST ACHIEVED!
Global Improvement: 0.0004166666666666208
All moves in this step:
  Move 1: GUIDED_SWAP_TO_GBEST | Indices: (246, 3) | Local Improvement: 0.0
  Move 2: GUIDED_SWAP_TO_GBEST | Indices: (236, 127) | Local Improvement: 0.0
  Move 3: GUIDED_SWAP_TO_GBEST | Indices: (200, 248) | Local Improvement: 0.0
  Move 4: GUIDED_SWAP_TO_GBEST | Indices: (48, 161) | Local Improvement: 0.0
  Move 5: GUIDED_SWAP_TO_GBEST | Indices: (151, 106) | Local Improvement: 0.0
  Move 6: GUIDED_SWAP_TO_GBEST | Indices: (3, 187) | Local Improvement: 0.0
  Move 7: GUIDED_SWAP_TO_GBEST | Indices: (60, 161) | Local Improvement: 0.0
  Move 8: GUIDED_SWAP_TO_GBEST | Indices: (244, 127) | Local Improvement: 0.0
  Move 9: GUIDED_SWAP_TO_PBEST | Indices: (3, 246) | Local Improvement: 0.0
  Move 10: GUIDED_SWAP_TO_PBEST | Indices: (246, 187) | Local Improvement: 0.0
  Move 11: GUIDED_SWAP_TO_PBEST | Indices: (48, 60) | Local Improvement: 0.0
  Move 12: GUIDED_SWAP_TO_PBEST | Indices: (60, 161) | Local Improvement: 0.0
  Move 13: GUIDED_SWAP_TO_GBEST | Indices: (187, 246) | Local Improvement: 0.0
  Move 14: GUIDED_SWAP_TO_GBEST | Indices: (60, 48) | Local Improvement: 0.0
  Move 15: GUIDED_SWAP_TO_GBEST | Indices: (48, 161) | Local Improvement: 0.0
  Move 16: GUIDED_SWAP_TO_GBEST | Indices: (3, 246) | Local Improvement: 0.0
  Move 17: TRIPLE_SWAP | Indices: (205, 16, 136) | Local Improvement: 0.0004166666666666208
=================================================================================
=================================================================================
2026-01-29T12:09:52.973 | Step 6 | Particle 2 | GLOBAL BEST ACHIEVED!
Global Improvement: 0.0007226562500000089
All moves in this step:
  Move 1: GUIDED_SWAP_TO_GBEST | Indices: (23, 155) | Local Improvement: 0.0
  Move 2: GUIDED_SWAP_TO_GBEST | Indices: (160, 154) | Local Improvement: 0.0
  Move 3: GUIDED_SWAP_TO_GBEST | Indices: (64, 154) | Local Improvement: 0.0
  Move 4: GUIDED_SWAP_TO_GBEST | Indices: (161, 60) | Local Improvement: 0.0
  Move 5: GUIDED_SWAP_TO_GBEST | Indices: (16, 205) | Local Improvement: 0.0
  Move 6: GUIDED_SWAP_TO_PBEST | Indices: (64, 154) | Local Improvement: 0.0
  Move 7: GUIDED_SWAP_TO_PBEST | Indices: (23, 155) | Local Improvement: 0.0
  Move 8: GUIDED_SWAP_TO_PBEST | Indices: (160, 154) | Local Improvement: 0.0
  Move 9: GUIDED_SWAP_TO_PBEST | Indices: (161, 60) | Local Improvement: 0.0
  Move 10: GUIDED_SWAP_TO_GBEST | Indices: (205, 136) | Local Improvement: 0.0
  Move 11: GUIDED_SWAP_TO_GBEST | Indices: (200, 248) | Local Improvement: 0.0
  Move 12: GUIDED_SWAP_TO_GBEST | Indices: (160, 154) | Local Improvement: 0.0
  Move 13: GUIDED_SWAP_TO_GBEST | Indices: (70, 23) | Local Improvement: 0.0
  Move 14: GUIDED_SWAP_TO_PBEST | Indices: (23, 70) | Local Improvement: 0.0
  Move 15: GUIDED_SWAP_TO_PBEST | Indices: (16, 136) | Local Improvement: 0.0
  Move 16: GUIDED_SWAP_TO_PBEST | Indices: (154, 160) | Local Improvement: 0.0
  Move 17: GUIDED_SWAP_TO_PBEST | Indices: (200, 248) | Local Improvement: 0.0
  Move 18: GUIDED_SWAP_TO_PBEST | Indices: (205, 136) | Local Improvement: 0.0
  Move 19: GUIDED_SWAP_TO_GBEST | Indices: (60, 48) | Local Improvement: 0.0
  Move 20: GUIDED_SWAP_TO_GBEST | Indices: (127, 244) | Local Improvement: 0.0
  Move 21: GUIDED_SWAP_TO_GBEST | Indices: (136, 16) | Local Improvement: 0.0
  Move 22: GUIDED_SWAP_TO_GBEST | Indices: (151, 106) | Local Improvement: 0.0
  Move 23: GUIDED_SWAP_TO_GBEST | Indices: (154, 64) | Local Improvement: 0.0
  Move 24: TRIPLE_SWAP | Indices: (39, 12, 202) | Local Improvement: 0.0006249999999999867
=================================================================================
=================================================================================
2026-01-29T12:09:53.482 | Step 7 | Particle 11 | GLOBAL BEST ACHIEVED!
Global Improvement: 0.0001106770833333437
All moves in this step:
  Move 1: GUIDED_SWAP_TO_GBEST | Indices: (205, 16) | Local Improvement: 0.0
  Move 2: GUIDED_SWAP_TO_GBEST | Indices: (200, 248) | Local Improvement: 0.0
  Move 3: GUIDED_SWAP_TO_GBEST | Indices: (12, 39) | Local Improvement: 0.0
  Move 4: GUIDED_SWAP_TO_GBEST | Indices: (202, 39) | Local Improvement: 0.0
  Move 5: GUIDED_SWAP_TO_PBEST | Indices: (39, 12) | Local Improvement: 0.0
  Move 6: GUIDED_SWAP_TO_PBEST | Indices: (202, 12) | Local Improvement: 0.0
  Move 7: GUIDED_SWAP_TO_PBEST | Indices: (16, 205) | Local Improvement: 0.0
  Move 8: GUIDED_SWAP_TO_PBEST | Indices: (248, 200) | Local Improvement: 0.0
  Move 9: TRIPLE_SWAP | Indices: (73, 4, 104) | Local Improvement: 0.0003190104166667096
=================================================================================
=================================================================================
2026-01-29T12:09:53.488 | Step 7 | Particle 26 | GLOBAL BEST ACHIEVED!
Global Improvement: 0.0002213541666666874
All moves in this step:
  Move 1: GUIDED_SWAP_TO_GBEST | Indices: (248, 200) | Local Improvement: 0.0
  Move 2: GUIDED_SWAP_TO_GBEST | Indices: (23, 70) | Local Improvement: 0.0
  Move 3: GUIDED_SWAP_TO_GBEST | Indices: (202, 12) | Local Improvement: 0.0
  Move 4: GUIDED_SWAP_TO_GBEST | Indices: (16, 205) | Local Improvement: 0.0
  Move 5: GUIDED_SWAP_TO_GBEST | Indices: (14, 212) | Local Improvement: 0.0
  Move 6: GUIDED_SWAP_TO_PBEST | Indices: (248, 200) | Local Improvement: 0.0
  Move 7: GUIDED_SWAP_TO_PBEST | Indices: (212, 14) | Local Improvement: 0.0
  Move 8: GUIDED_SWAP_TO_PBEST | Indices: (70, 23) | Local Improvement: 0.0
  Move 9: GUIDED_SWAP_TO_PBEST | Indices: (205, 16) | Local Improvement: 0.0
  Move 10: GUIDED_SWAP_TO_PBEST | Indices: (202, 12) | Local Improvement: 0.0
  Move 11: GUIDED_SWAP_TO_GBEST | Indices: (160, 64) | Local Improvement: 0.0
  Move 12: GUIDED_SWAP_TO_GBEST | Indices: (39, 202) | Local Improvement: 0.0
  Move 13: GUIDED_SWAP_TO_GBEST | Indices: (70, 155) | Local Improvement: 0.0
  Move 14: GUIDED_SWAP_TO_GBEST | Indices: (12, 202) | Local Improvement: 0.0
=================================================================================
=================================================================================
2026-01-29T12:09:53.587 | Step 8 | Particle 64 | GLOBAL BEST ACHIEVED!
Global Improvement: 0.0003059895833332771
All moves in this step:
  Move 1: GUIDED_SWAP_TO_PBEST | Indices: (188, 165) | Local Improvement: 0.0
  Move 2: GUIDED_SWAP_TO_PBEST | Indices: (203, 144) | Local Improvement: 0.0
  Move 3: GUIDED_SWAP_TO_PBEST | Indices: (202, 12) | Local Improvement: 0.0
  Move 4: GUIDED_SWAP_TO_GBEST | Indices: (70, 155) | Local Improvement: 0.0
  Move 5: GUIDED_SWAP_TO_GBEST | Indices: (236, 244) | Local Improvement: 0.0
  Move 6: GUIDED_SWAP_TO_GBEST | Indices: (188, 165) | Local Improvement: 0.0
  Move 7: GUIDED_SWAP_TO_GBEST | Indices: (144, 203) | Local Improvement: 0.0
  Move 8: GUIDED_SWAP_TO_GBEST | Indices: (187, 165) | Local Improvement: 0.0
  Move 9: GUIDED_SWAP_TO_GBEST | Indices: (12, 39) | Local Improvement: 0.0
  Move 10: GUIDED_SWAP_TO_GBEST | Indices: (14, 73) | Local Improvement: 0.0
  Move 11: GUIDED_SWAP_TO_GBEST | Indices: (202, 39) | Local Improvement: 0.0
  Move 12: GUIDED_SWAP_TO_GBEST | Indices: (212, 73) | Local Improvement: 0.0
  Move 13: GUIDED_SWAP_TO_PBEST | Indices: (14, 212) | Local Improvement: 0.0
  Move 14: GUIDED_SWAP_TO_PBEST | Indices: (155, 70) | Local Improvement: 0.0
  Move 15: GUIDED_SWAP_TO_PBEST | Indices: (212, 73) | Local Improvement: 0.0
  Move 16: GUIDED_SWAP_TO_PBEST | Indices: (144, 203) | Local Improvement: 0.0
  Move 17: GUIDED_SWAP_TO_GBEST | Indices: (203, 144) | Local Improvement: 0.0
  Move 18: GUIDED_SWAP_TO_GBEST | Indices: (14, 73) | Local Improvement: 0.0
  Move 19: GUIDED_SWAP_TO_GBEST | Indices: (70, 155) | Local Improvement: 0.0
  Move 20: GUIDED_SWAP_TO_GBEST | Indices: (212, 73) | Local Improvement: 0.0
  Move 21: TRIPLE_SWAP | Indices: (200, 29, 195) | Local Improvement: 0.0003059895833332771
=================================================================================
=================================================================================
2026-01-29T12:09:54.032 | Step 10 | Particle 18 | GLOBAL BEST ACHIEVED!
Global Improvement: 0.0003059895833333881
All moves in this step:
  Move 1: GUIDED_SWAP_TO_GBEST | Indices: (144, 161) | Local Improvement: 0.0
  Move 2: GUIDED_SWAP_TO_GBEST | Indices: (129, 103) | Local Improvement: 0.0
  Move 3: GUIDED_SWAP_TO_GBEST | Indices: (73, 212) | Local Improvement: 0.0
  Move 4: GUIDED_SWAP_TO_GBEST | Indices: (212, 14) | Local Improvement: 0.0
  Move 5: GUIDED_SWAP_TO_GBEST | Indices: (79, 195) | Local Improvement: 0.0
  Move 6: GUIDED_SWAP_TO_PBEST | Indices: (73, 14) | Local Improvement: 0.0
  Move 7: GUIDED_SWAP_TO_PBEST | Indices: (103, 129) | Local Improvement: 0.0
  Move 8: GUIDED_SWAP_TO_PBEST | Indices: (79, 195) | Local Improvement: 0.0
  Move 9: GUIDED_SWAP_TO_PBEST | Indices: (144, 161) | Local Improvement: 0.0
  Move 10: GUIDED_SWAP_TO_GBEST | Indices: (144, 161) | Local Improvement: 0.0
  Move 11: GUIDED_SWAP_TO_GBEST | Indices: (103, 129) | Local Improvement: 0.0
  Move 12: GUIDED_SWAP_TO_GBEST | Indices: (29, 79) | Local Improvement: 0.0
  Move 13: GUIDED_SWAP_TO_GBEST | Indices: (161, 172) | Local Improvement: 0.0
  Move 14: GUIDED_SWAP_TO_GBEST | Indices: (12, 202) | Local Improvement: 0.0
  Move 15: GUIDED_SWAP_TO_GBEST | Indices: (195, 79) | Local Improvement: 0.0
  Move 16: GUIDED_SWAP_TO_GBEST | Indices: (73, 14) | Local Improvement: 0.0
  Move 17: TRIPLE_SWAP | Indices: (109, 101, 87) | Local Improvement: 0.0003059895833333881
=================================================================================
=================================================================================
2026-01-29T12:09:54.056 | Step 10 | Particle 81 | GLOBAL BEST ACHIEVED!
Global Improvement: 0.0004166666666666208
All moves in this step:
  Move 1: GUIDED_SWAP_TO_GBEST | Indices: (38, 30) | Local Improvement: 0.0
  Move 2: GUIDED_SWAP_TO_GBEST | Indices: (161, 172) | Local Improvement: 0.0
  Move 3: GUIDED_SWAP_TO_GBEST | Indices: (155, 70) | Local Improvement: 0.0
  Move 4: GUIDED_SWAP_TO_GBEST | Indices: (172, 144) | Local Improvement: 0.0
  Move 5: GUIDED_SWAP_TO_GBEST | Indices: (79, 200) | Local Improvement: 0.0
  Move 6: GUIDED_SWAP_TO_PBEST | Indices: (30, 38) | Local Improvement: 0.0
  Move 7: GUIDED_SWAP_TO_PBEST | Indices: (161, 144) | Local Improvement: 0.0
  Move 8: GUIDED_SWAP_TO_PBEST | Indices: (172, 144) | Local Improvement: 0.0
  Move 9: GUIDED_SWAP_TO_PBEST | Indices: (79, 200) | Local Improvement: 0.0
  Move 10: GUIDED_SWAP_TO_GBEST | Indices: (38, 30) | Local Improvement: 0.0
  Move 11: GUIDED_SWAP_TO_GBEST | Indices: (161, 172) | Local Improvement: 0.0
  Move 12: GUIDED_SWAP_TO_GBEST | Indices: (79, 200) | Local Improvement: 0.0
  Move 13: GUIDED_SWAP_TO_GBEST | Indices: (172, 144) | Local Improvement: 0.0
  Move 14: GUIDED_SWAP_TO_PBEST | Indices: (70, 155) | Local Improvement: 0.0
  Move 15: GUIDED_SWAP_TO_PBEST | Indices: (200, 79) | Local Improvement: 0.0
  Move 16: GUIDED_SWAP_TO_PBEST | Indices: (172, 161) | Local Improvement: 0.0
  Move 17: GUIDED_SWAP_TO_PBEST | Indices: (38, 30) | Local Improvement: 0.0
  Move 18: GUIDED_SWAP_TO_PBEST | Indices: (161, 144) | Local Improvement: 0.0
  Move 19: GUIDED_SWAP_TO_GBEST | Indices: (200, 79) | Local Improvement: 0.0
  Move 20: GUIDED_SWAP_TO_GBEST | Indices: (38, 30) | Local Improvement: 0.0
  Move 21: GUIDED_SWAP_TO_GBEST | Indices: (155, 70) | Local Improvement: 0.0
  Move 22: GUIDED_SWAP_TO_GBEST | Indices: (172, 144) | Local Improvement: 0.0
  Move 23: TRIPLE_SWAP | Indices: (4, 227, 213) | Local Improvement: 0.0005273437499999645
=================================================================================
=================================================================================
2026-01-29T12:09:54.102 | Step 11 | Particle 24 | GLOBAL BEST ACHIEVED!
Global Improvement: 9.76562500000222e-5
All moves in this step:
  Move 1: GUIDED_SWAP_TO_GBEST | Indices: (161, 144) | Local Improvement: 0.0
  Move 2: GUIDED_SWAP_TO_GBEST | Indices: (4, 213) | Local Improvement: 0.0
  Move 3: GUIDED_SWAP_TO_GBEST | Indices: (227, 213) | Local Improvement: 0.0
  Move 4: GUIDED_SWAP_TO_PBEST | Indices: (4, 227) | Local Improvement: 0.0
  Move 5: GUIDED_SWAP_TO_PBEST | Indices: (161, 144) | Local Improvement: 0.0
  Move 6: GUIDED_SWAP_TO_PBEST | Indices: (227, 213) | Local Improvement: 0.0
  Move 7: GUIDED_SWAP_TO_GBEST | Indices: (144, 161) | Local Improvement: 0.0
  Move 8: GUIDED_SWAP_TO_GBEST | Indices: (213, 227) | Local Improvement: 0.0
  Move 9: GUIDED_SWAP_TO_GBEST | Indices: (227, 4) | Local Improvement: 0.0
  Move 10: TRIPLE_SWAP | Indices: (108, 135, 165) | Local Improvement: 9.76562500000222e-5
=================================================================================
=================================================================================
2026-01-29T12:09:54.116 | Step 11 | Particle 58 | GLOBAL BEST ACHIEVED!
Global Improvement: 0.0002213541666666874
All moves in this step:
  Move 1: GUIDED_SWAP_TO_GBEST | Indices: (213, 227) | Local Improvement: 0.0
  Move 2: GUIDED_SWAP_TO_GBEST | Indices: (239, 83) | Local Improvement: 0.0
  Move 3: GUIDED_SWAP_TO_GBEST | Indices: (144, 161) | Local Improvement: 0.0
  Move 4: GUIDED_SWAP_TO_GBEST | Indices: (4, 227) | Local Improvement: 0.0
  Move 5: GUIDED_SWAP_TO_PBEST | Indices: (227, 213) | Local Improvement: 0.0
  Move 6: GUIDED_SWAP_TO_PBEST | Indices: (83, 239) | Local Improvement: 0.0
  Move 7: GUIDED_SWAP_TO_PBEST | Indices: (213, 4) | Local Improvement: 0.0
  Move 8: GUIDED_SWAP_TO_GBEST | Indices: (213, 227) | Local Improvement: 0.0
  Move 9: GUIDED_SWAP_TO_GBEST | Indices: (83, 19) | Local Improvement: 0.0
  Move 10: GUIDED_SWAP_TO_GBEST | Indices: (4, 227) | Local Improvement: 0.0
  Move 11: GUIDED_SWAP_TO_GBEST | Indices: (239, 19) | Local Improvement: 0.0
  Move 12: TRIPLE_SWAP | Indices: (180, 139, 168) | Local Improvement: 0.0002213541666666874
=================================================================================
=================================================================================
2026-01-29T12:09:54.280 | Step 12 | Particle 19 | GLOBAL BEST ACHIEVED!
Global Improvement: 0.0002929687499999556
All moves in this step:
  Move 1: GUIDED_SWAP_TO_GBEST | Indices: (139, 180) | Local Improvement: 0.0
  Move 2: GUIDED_SWAP_TO_GBEST | Indices: (168, 180) | Local Improvement: 0.0
  Move 3: GUIDED_SWAP_TO_PBEST | Indices: (168, 180) | Local Improvement: 0.0
  Move 4: GUIDED_SWAP_TO_PBEST | Indices: (139, 180) | Local Improvement: 0.0
  Move 5: GUIDED_SWAP_TO_GBEST | Indices: (180, 168) | Local Improvement: 0.0
  Move 6: GUIDED_SWAP_TO_GBEST | Indices: (139, 168) | Local Improvement: 0.0
  Move 7: GUIDED_SWAP_TO_PBEST | Indices: (180, 139) | Local Improvement: 0.0
  Move 8: GUIDED_SWAP_TO_PBEST | Indices: (139, 168) | Local Improvement: 0.0
  Move 9: GUIDED_SWAP_TO_GBEST | Indices: (180, 168) | Local Improvement: 0.0
  Move 10: GUIDED_SWAP_TO_GBEST | Indices: (168, 139) | Local Improvement: 0.0
  Move 11: TRIPLE_SWAP | Indices: (69, 13, 127) | Local Improvement: 0.0002929687499999556
=================================================================================
=================================================================================
2026-01-29T12:09:54.697 | Step 15 | Particle 29 | GLOBAL BEST ACHIEVED!
Global Improvement: 0.00011067708333345472
All moves in this step:
  Move 1: GUIDED_SWAP_TO_PBEST | Indices: (2, 113) | Local Improvement: 0.0
  Move 2: GUIDED_SWAP_TO_PBEST | Indices: (94, 188) | Local Improvement: 0.0
  Move 3: TRIPLE_SWAP | Indices: (74, 252, 22) | Local Improvement: 0.00011067708333345472
=================================================================================
=================================================================================
2026-01-29T12:09:54.757 | Step 16 | Particle 3 | GLOBAL BEST ACHIEVED!
Global Improvement: 1.3020833333321491e-5
All moves in this step:
  Move 1: GUIDED_SWAP_TO_GBEST | Indices: (74, 22) | Local Improvement: 0.0
  Move 2: GUIDED_SWAP_TO_GBEST | Indices: (13, 69) | Local Improvement: 0.0
  Move 3: GUIDED_SWAP_TO_GBEST | Indices: (252, 22) | Local Improvement: 0.0
  Move 4: GUIDED_SWAP_TO_PBEST | Indices: (74, 252) | Local Improvement: 0.0
  Move 5: GUIDED_SWAP_TO_PBEST | Indices: (69, 13) | Local Improvement: 0.0
  Move 6: GUIDED_SWAP_TO_PBEST | Indices: (252, 22) | Local Improvement: 0.0
  Move 7: GUIDED_SWAP_TO_GBEST | Indices: (74, 22) | Local Improvement: 0.0
  Move 8: GUIDED_SWAP_TO_GBEST | Indices: (13, 69) | Local Improvement: 0.0
  Move 9: GUIDED_SWAP_TO_GBEST | Indices: (22, 252) | Local Improvement: 0.0
  Move 10: TRIPLE_SWAP | Indices: (151, 113, 168) | Local Improvement: 1.3020833333321491e-5
=================================================================================
=================================================================================
2026-01-29T12:09:54.843 | Step 17 | Particle 44 | GLOBAL BEST ACHIEVED!
Global Improvement: 8.463541666658969e-5
All moves in this step:
  Move 1: GUIDED_SWAP_TO_GBEST | Indices: (151, 168) | Local Improvement: 0.0
  Move 2: GUIDED_SWAP_TO_GBEST | Indices: (22, 252) | Local Improvement: 0.0
  Move 3: GUIDED_SWAP_TO_GBEST | Indices: (168, 113) | Local Improvement: 0.0
  Move 4: GUIDED_SWAP_TO_GBEST | Indices: (252, 74) | Local Improvement: 0.0
  Move 5: GUIDED_SWAP_TO_PBEST | Indices: (252, 22) | Local Improvement: 0.0
  Move 6: GUIDED_SWAP_TO_PBEST | Indices: (22, 74) | Local Improvement: 0.0
  Move 7: GUIDED_SWAP_TO_PBEST | Indices: (168, 151) | Local Improvement: 0.0
  Move 8: GUIDED_SWAP_TO_PBEST | Indices: (113, 151) | Local Improvement: 0.0
  Move 9: GUIDED_SWAP_TO_GBEST | Indices: (151, 168) | Local Improvement: 0.0
  Move 10: GUIDED_SWAP_TO_GBEST | Indices: (113, 168) | Local Improvement: 0.0
  Move 11: GUIDED_SWAP_TO_GBEST | Indices: (252, 74) | Local Improvement: 0.0
  Move 12: GUIDED_SWAP_TO_GBEST | Indices: (74, 22) | Local Improvement: 0.0
  Move 13: TRIPLE_SWAP | Indices: (234, 48, 25) | Local Improvement: 8.463541666658969e-5
=================================================================================
=================================================================================
2026-01-29T12:09:55.221 | Step 19 | Particle 65 | GLOBAL BEST ACHIEVED!
Global Improvement: 1.3020833333321491e-5
All moves in this step:
  Move 1: TRIPLE_SWAP | Indices: (225, 166, 37) | Local Improvement: 1.3020833333321491e-5
=================================================================================
=================================================================================
2026-01-29T12:09:55.471 | Step 23 | Particle 25 | GLOBAL BEST ACHIEVED!
Global Improvement: 0.0001953125000000444
All moves in this step:
  Move 1: TRIPLE_SWAP | Indices: (39, 189, 126) | Local Improvement: 0.0001953125000000444
=================================================================================
=================================================================================
2026-01-29T12:09:57.844 | Step 49 | Particle 33 | GLOBAL BEST ACHIEVED!
Global Improvement: 0.0001106770833333437
All moves in this step:
  Move 1: GUIDED_SWAP_TO_PBEST | Indices: (180, 41) | Local Improvement: 0.0
  Move 2: TRIPLE_SWAP | Indices: (203, 4, 236) | Local Improvement: 0.0001106770833333437
=================================================================================
=================================================================================
2026-01-29T12:09:57.953 | Step 50 | Particle 26 | GLOBAL BEST ACHIEVED!
Global Improvement: 9.76562500000222e-5
All moves in this step:
  Move 1: GUIDED_SWAP_TO_GBEST | Indices: (203, 236) | Local Improvement: 0.0
  Move 2: GUIDED_SWAP_TO_GBEST | Indices: (236, 4) | Local Improvement: 0.0
  Move 3: TRIPLE_SWAP | Indices: (252, 189, 28) | Local Improvement: 9.76562500000222e-5
=================================================================================
=================================================================================
2026-01-29T12:10:00.745 | Step 74 | Particle 38 | GLOBAL BEST ACHIEVED!
Global Improvement: 1.3020833333321491e-5
All moves in this step:
  Move 1: TRIPLE_SWAP | Indices: (90, 179, 201) | Local Improvement: 1.3020833333321491e-5
=================================================================================
=================================================================================
2026-01-29T12:10:00.874 | Step 75 | Particle 87 | GLOBAL BEST ACHIEVED!
Global Improvement: 0.0001953125000000444
All moves in this step:
  Move 1: GUIDED_SWAP_TO_GBEST | Indices: (90, 201) | Local Improvement: 0.0
  Move 2: GUIDED_SWAP_TO_GBEST | Indices: (201, 179) | Local Improvement: 0.0
  Move 3: GUIDED_SWAP_TO_PBEST | Indices: (90, 179) | Local Improvement: 0.0
  Move 4: GUIDED_SWAP_TO_PBEST | Indices: (179, 201) | Local Improvement: 0.0
  Move 5: GUIDED_SWAP_TO_GBEST | Indices: (179, 90) | Local Improvement: 0.0
  Move 6: GUIDED_SWAP_TO_GBEST | Indices: (90, 201) | Local Improvement: 0.0
  Move 7: TRIPLE_SWAP | Indices: (250, 69, 62) | Local Improvement: 0.0001953125000000444
=================================================================================
=================================================================================
2026-01-29T12:10:03.246 | Step 96 | Particle 54 | GLOBAL BEST ACHIEVED!
Global Improvement: 0.00020833333333325488
All moves in this step:
  Move 1: TRIPLE_SWAP | Indices: (139, 189, 247) | Local Improvement: 0.00020833333333325488
=================================================================================
=================================================================================
2026-01-29T12:10:36.601 | Step 371 | Particle 78 | GLOBAL BEST ACHIEVED!
Global Improvement: 1.3020833333321491e-5
All moves in this step:
  Move 1: TRIPLE_SWAP | Indices: (182, 70, 200) | Local Improvement: 1.3020833333321491e-5
=================================================================================
=================================================================================
2026-01-29T12:10:37.074 | Step 375 | Particle 99 | GLOBAL BEST ACHIEVED!
Global Improvement: 9.76562500000222e-5
All moves in this step:
  Move 1: TRIPLE_SWAP | Indices: (29, 84, 240) | Local Improvement: 9.76562500000222e-5
=================================================================================
=================================================================================
2026-01-29T12:10:37.242 | Step 377 | Particle 3 | GLOBAL BEST ACHIEVED!
Global Improvement: 9.76562500000222e-5
All moves in this step:
  Move 1: GUIDED_SWAP_TO_PBEST | Indices: (240, 29) | Local Improvement: 0.0
  Move 2: GUIDED_SWAP_TO_PBEST | Indices: (84, 29) | Local Improvement: 0.0
  Move 3: GUIDED_SWAP_TO_PBEST | Indices: (7, 59) | Local Improvement: 0.0
  Move 4: GUIDED_SWAP_TO_PBEST | Indices: (217, 92) | Local Improvement: 0.0
  Move 5: GUIDED_SWAP_TO_PBEST | Indices: (39, 210) | Local Improvement: 0.0
  Move 6: GUIDED_SWAP_TO_GBEST | Indices: (29, 240) | Local Improvement: 0.0
  Move 7: GUIDED_SWAP_TO_GBEST | Indices: (240, 84) | Local Improvement: 0.0
  Move 8: GUIDED_SWAP_TO_PBEST | Indices: (84, 240) | Local Improvement: 0.0
  Move 9: GUIDED_SWAP_TO_PBEST | Indices: (29, 240) | Local Improvement: 0.0
  Move 10: GUIDED_SWAP_TO_GBEST | Indices: (84, 29) | Local Improvement: 0.0
  Move 11: GUIDED_SWAP_TO_GBEST | Indices: (240, 29) | Local Improvement: 0.0
  Move 12: TRIPLE_SWAP | Indices: (23, 131, 146) | Local Improvement: 9.76562500000222e-5
=================================================================================
=================================================================================
2026-01-29T12:10:53.567 | Step 513 | Particle 92 | GLOBAL BEST ACHIEVED!
Global Improvement: 0.0001106770833333437
All moves in this step:
  Move 1: GUIDED_SWAP_TO_PBEST | Indices: (194, 8) | Local Improvement: 0.0
  Move 2: GUIDED_SWAP_TO_PBEST | Indices: (90, 255) | Local Improvement: 0.0
  Move 3: GUIDED_SWAP_TO_PBEST | Indices: (180, 29) | Local Improvement: 0.0
  Move 4: GUIDED_SWAP_TO_GBEST | Indices: (44, 15) | Local Improvement: 0.0
  Move 5: TRIPLE_SWAP | Indices: (37, 180, 141) | Local Improvement: 0.0001106770833333437
=================================================================================
=================================================================================
2026-01-29T12:10:54.808 | Step 524 | Particle 64 | GLOBAL BEST ACHIEVED!
Global Improvement: 9.765624999991118e-5
All moves in this step:
  Move 1: GUIDED_SWAP_TO_GBEST | Indices: (244, 251) | Local Improvement: 0.0
  Move 2: GUIDED_SWAP_TO_GBEST | Indices: (44, 254) | Local Improvement: 0.0
  Move 3: GUIDED_SWAP_TO_GBEST | Indices: (135, 29) | Local Improvement: 0.0
  Move 4: RANDOM_SWAP | Indices: (180, 231) | Local Improvement: 0.0
=================================================================================
=================================================================================
2026-01-29T12:13:00.811 | Step 1577 | Particle 62 | GLOBAL BEST ACHIEVED!
Global Improvement: 0.003081597222222232
All moves in this step:
  Move 1: RANDOM_SWAP | Indices: (57, 106) | Local Improvement: 0.0
  Move 2: RANDOM_SWAP | Indices: (176, 125) | Local Improvement: 0.0
  Move 3: RANDOM_SWAP | Indices: (229, 186) | Local Improvement: 0.0
  Move 4: RANDOM_SWAP | Indices: (131, 58) | Local Improvement: 0.0
  Move 5: RANDOM_SWAP | Indices: (22, 109) | Local Improvement: 0.0
=================================================================================
=================================================================================
2026-01-29T12:13:00.918 | Step 1578 | Particle 4 | GLOBAL BEST ACHIEVED!
Global Improvement: 0.0005989583333333437
All moves in this step:
  Move 1: GUIDED_SWAP_TO_GBEST | Indices: (131, 58) | Local Improvement: 0.0
  Move 2: GUIDED_SWAP_TO_GBEST | Indices: (229, 186) | Local Improvement: 0.0
  Move 3: GUIDED_SWAP_TO_GBEST | Indices: (125, 176) | Local Improvement: 0.0
  Move 4: GUIDED_SWAP_TO_PBEST | Indices: (176, 125) | Local Improvement: 0.0
  Move 5: GUIDED_SWAP_TO_PBEST | Indices: (58, 131) | Local Improvement: 0.0
  Move 6: GUIDED_SWAP_TO_PBEST | Indices: (186, 229) | Local Improvement: 0.0
  Move 7: GUIDED_SWAP_TO_GBEST | Indices: (109, 22) | Local Improvement: 0.0
  Move 8: GUIDED_SWAP_TO_GBEST | Indices: (125, 176) | Local Improvement: 0.0
  Move 9: GUIDED_SWAP_TO_GBEST | Indices: (57, 106) | Local Improvement: 0.0
  Move 10: GUIDED_SWAP_TO_GBEST | Indices: (131, 58) | Local Improvement: 0.0
  Move 11: TRIPLE_SWAP | Indices: (254, 114, 73) | Local Improvement: 0.00048828125
=================================================================================
=================================================================================
2026-01-29T12:13:00.921 | Step 1578 | Particle 9 | GLOBAL BEST ACHIEVED!
Global Improvement: 0.0006119791666667762
All moves in this step:
  Move 1: GUIDED_SWAP_TO_PBEST | Indices: (113, 16) | Local Improvement: 0.0
  Move 2: GUIDED_SWAP_TO_PBEST | Indices: (84, 47) | Local Improvement: 0.0
  Move 3: GUIDED_SWAP_TO_GBEST | Indices: (58, 131) | Local Improvement: 0.0
  Move 4: GUIDED_SWAP_TO_GBEST | Indices: (125, 176) | Local Improvement: 0.0
  Move 5: GUIDED_SWAP_TO_GBEST | Indices: (106, 57) | Local Improvement: 0.0
  Move 6: GUIDED_SWAP_TO_GBEST | Indices: (22, 109) | Local Improvement: 0.0
  Move 7: GUIDED_SWAP_TO_PBEST | Indices: (125, 176) | Local Improvement: 0.0
  Move 8: GUIDED_SWAP_TO_PBEST | Indices: (58, 131) | Local Improvement: 0.0
  Move 9: GUIDED_SWAP_TO_PBEST | Indices: (57, 106) | Local Improvement: 0.0
  Move 10: GUIDED_SWAP_TO_GBEST | Indices: (106, 57) | Local Improvement: 0.0
  Move 11: GUIDED_SWAP_TO_GBEST | Indices: (125, 176) | Local Improvement: 0.0
  Move 12: GUIDED_SWAP_TO_GBEST | Indices: (186, 229) | Local Improvement: 0.0
  Move 13: GUIDED_SWAP_TO_GBEST | Indices: (131, 58) | Local Improvement: 0.0
  Move 14: GUIDED_SWAP_TO_PBEST | Indices: (109, 22) | Local Improvement: 0.0
  Move 15: GUIDED_SWAP_TO_PBEST | Indices: (186, 229) | Local Improvement: 0.0
  Move 16: GUIDED_SWAP_TO_PBEST | Indices: (57, 106) | Local Improvement: 0.0
  Move 17: GUIDED_SWAP_TO_PBEST | Indices: (176, 125) | Local Improvement: 0.0
  Move 18: GUIDED_SWAP_TO_GBEST | Indices: (109, 22) | Local Improvement: 0.0
  Move 19: GUIDED_SWAP_TO_GBEST | Indices: (106, 57) | Local Improvement: 0.0
  Move 20: GUIDED_SWAP_TO_GBEST | Indices: (176, 125) | Local Improvement: 0.0
  Move 21: GUIDED_SWAP_TO_GBEST | Indices: (229, 186) | Local Improvement: 0.0
  Move 22: TRIPLE_SWAP | Indices: (254, 229, 36) | Local Improvement: 0.0006119791666667762
=================================================================================
=================================================================================
2026-01-29T12:13:00.931 | Step 1578 | Particle 33 | GLOBAL BEST ACHIEVED!
Global Improvement: 0.0009309895833333748
All moves in this step:
  Move 1: GUIDED_SWAP_TO_GBEST | Indices: (57, 106) | Local Improvement: 0.0
  Move 2: GUIDED_SWAP_TO_GBEST | Indices: (125, 176) | Local Improvement: 0.0
  Move 3: GUIDED_SWAP_TO_GBEST | Indices: (186, 229) | Local Improvement: 0.0
  Move 4: GUIDED_SWAP_TO_GBEST | Indices: (131, 58) | Local Improvement: 0.0
  Move 5: GUIDED_SWAP_TO_PBEST | Indices: (229, 186) | Local Improvement: 0.0
  Move 6: GUIDED_SWAP_TO_PBEST | Indices: (58, 131) | Local Improvement: 0.0
  Move 7: GUIDED_SWAP_TO_PBEST | Indices: (106, 57) | Local Improvement: 0.0
  Move 8: GUIDED_SWAP_TO_PBEST | Indices: (176, 125) | Local Improvement: 0.0
  Move 9: GUIDED_SWAP_TO_GBEST | Indices: (186, 229) | Local Improvement: 0.0
  Move 10: GUIDED_SWAP_TO_GBEST | Indices: (131, 58) | Local Improvement: 0.0
  Move 11: GUIDED_SWAP_TO_GBEST | Indices: (176, 125) | Local Improvement: 0.0
  Move 12: GUIDED_SWAP_TO_GBEST | Indices: (106, 57) | Local Improvement: 0.0
  Move 13: GUIDED_SWAP_TO_PBEST | Indices: (58, 131) | Local Improvement: 0.0
  Move 14: GUIDED_SWAP_TO_PBEST | Indices: (106, 57) | Local Improvement: 0.0
  Move 15: GUIDED_SWAP_TO_PBEST | Indices: (186, 229) | Local Improvement: 0.0
  Move 16: GUIDED_SWAP_TO_GBEST | Indices: (106, 57) | Local Improvement: 0.0
  Move 17: GUIDED_SWAP_TO_GBEST | Indices: (22, 109) | Local Improvement: 0.0
  Move 18: GUIDED_SWAP_TO_GBEST | Indices: (131, 58) | Local Improvement: 0.0
  Move 19: GUIDED_SWAP_TO_GBEST | Indices: (229, 186) | Local Improvement: 0.0
  Move 20: TRIPLE_SWAP | Indices: (32, 2, 255) | Local Improvement: 0.0009309895833333748
=================================================================================
=================================================================================
2026-01-29T12:13:01.032 | Step 1579 | Particle 8 | GLOBAL BEST ACHIEVED!
Global Improvement: 0.0001953125000000444
All moves in this step:
  Move 1: GUIDED_SWAP_TO_PBEST | Indices: (125, 176) | Local Improvement: 0.0
  Move 2: GUIDED_SWAP_TO_PBEST | Indices: (162, 90) | Local Improvement: 0.0
  Move 3: GUIDED_SWAP_TO_PBEST | Indices: (90, 35) | Local Improvement: 0.0
  Move 4: GUIDED_SWAP_TO_PBEST | Indices: (229, 186) | Local Improvement: 0.0
  Move 5: GUIDED_SWAP_TO_GBEST | Indices: (109, 22) | Local Improvement: 0.0
  Move 6: GUIDED_SWAP_TO_GBEST | Indices: (2, 32) | Local Improvement: 0.0
  Move 7: GUIDED_SWAP_TO_GBEST | Indices: (32, 255) | Local Improvement: 0.0
  Move 8: GUIDED_SWAP_TO_GBEST | Indices: (176, 125) | Local Improvement: 0.0
  Move 9: GUIDED_SWAP_TO_PBEST | Indices: (22, 109) | Local Improvement: 0.0
  Move 10: GUIDED_SWAP_TO_PBEST | Indices: (255, 32) | Local Improvement: 0.0
  Move 11: GUIDED_SWAP_TO_PBEST | Indices: (125, 176) | Local Improvement: 0.0
  Move 12: GUIDED_SWAP_TO_PBEST | Indices: (106, 57) | Local Improvement: 0.0
  Move 13: GUIDED_SWAP_TO_GBEST | Indices: (255, 32) | Local Improvement: 0.0
  Move 14: GUIDED_SWAP_TO_GBEST | Indices: (229, 186) | Local Improvement: 0.0
  Move 15: GUIDED_SWAP_TO_GBEST | Indices: (57, 106) | Local Improvement: 0.0
  Move 16: GUIDED_SWAP_TO_GBEST | Indices: (109, 22) | Local Improvement: 0.0
  Move 17: GUIDED_SWAP_TO_GBEST | Indices: (176, 125) | Local Improvement: 0.0
  Move 18: TRIPLE_SWAP | Indices: (169, 4, 147) | Local Improvement: 0.0001953125000000444
=================================================================================
=================================================================================
2026-01-29T12:13:01.054 | Step 1579 | Particle 54 | GLOBAL BEST ACHIEVED!
Global Improvement: 0.0003059895833332771
All moves in this step:
  Move 1: GUIDED_SWAP_TO_PBEST | Indices: (23, 64) | Local Improvement: 0.0
  Move 2: GUIDED_SWAP_TO_PBEST | Indices: (22, 109) | Local Improvement: 0.0
  Move 3: GUIDED_SWAP_TO_PBEST | Indices: (131, 58) | Local Improvement: 0.0
  Move 4: GUIDED_SWAP_TO_PBEST | Indices: (27, 205) | Local Improvement: 0.0
  Move 5: GUIDED_SWAP_TO_GBEST | Indices: (109, 22) | Local Improvement: 0.0
  Move 6: GUIDED_SWAP_TO_GBEST | Indices: (131, 58) | Local Improvement: 0.0
  Move 7: GUIDED_SWAP_TO_GBEST | Indices: (103, 17) | Local Improvement: 0.0
  Move 8: GUIDED_SWAP_TO_GBEST | Indices: (2, 32) | Local Improvement: 0.0
  Move 9: GUIDED_SWAP_TO_GBEST | Indices: (255, 32) | Local Improvement: 0.0
  Move 10: GUIDED_SWAP_TO_PBEST | Indices: (229, 186) | Local Improvement: 0.0
  Move 11: GUIDED_SWAP_TO_PBEST | Indices: (22, 109) | Local Improvement: 0.0
  Move 12: GUIDED_SWAP_TO_PBEST | Indices: (2, 255) | Local Improvement: 0.0
  Move 13: GUIDED_SWAP_TO_PBEST | Indices: (58, 131) | Local Improvement: 0.0
  Move 14: GUIDED_SWAP_TO_GBEST | Indices: (255, 2) | Local Improvement: 0.0
  Move 15: GUIDED_SWAP_TO_GBEST | Indices: (125, 15) | Local Improvement: 0.0
  Move 16: GUIDED_SWAP_TO_GBEST | Indices: (229, 186) | Local Improvement: 0.0
  Move 17: GUIDED_SWAP_TO_GBEST | Indices: (109, 22) | Local Improvement: 0.0
  Move 18: GUIDED_SWAP_TO_GBEST | Indices: (219, 154) | Local Improvement: 0.0
  Move 19: GUIDED_SWAP_TO_PBEST | Indices: (57, 106) | Local Improvement: 0.0
  Move 20: GUIDED_SWAP_TO_PBEST | Indices: (229, 186) | Local Improvement: 0.0
  Move 21: GUIDED_SWAP_TO_PBEST | Indices: (176, 125) | Local Improvement: 0.0
  Move 22: GUIDED_SWAP_TO_PBEST | Indices: (255, 32) | Local Improvement: 0.0
  Move 23: GUIDED_SWAP_TO_GBEST | Indices: (131, 58) | Local Improvement: 0.0
  Move 24: GUIDED_SWAP_TO_GBEST | Indices: (186, 229) | Local Improvement: 0.0
  Move 25: GUIDED_SWAP_TO_GBEST | Indices: (32, 255) | Local Improvement: 0.0
  Move 26: GUIDED_SWAP_TO_GBEST | Indices: (125, 176) | Local Improvement: 0.0
  Move 27: GUIDED_SWAP_TO_GBEST | Indices: (106, 57) | Local Improvement: 0.0
  Move 28: TRIPLE_SWAP | Indices: (84, 168, 87) | Local Improvement: 0.0003059895833332771
=================================================================================
=================================================================================
2026-01-29T12:13:01.059 | Step 1579 | Particle 66 | GLOBAL BEST ACHIEVED!
Global Improvement: 0.0004036458333332993
All moves in this step:
  Move 1: GUIDED_SWAP_TO_GBEST | Indices: (222, 113) | Local Improvement: 0.0
  Move 2: GUIDED_SWAP_TO_GBEST | Indices: (32, 255) | Local Improvement: 0.0
  Move 3: GUIDED_SWAP_TO_GBEST | Indices: (255, 113) | Local Improvement: 0.0
  Move 4: GUIDED_SWAP_TO_GBEST | Indices: (2, 113) | Local Improvement: 0.0
  Move 5: GUIDED_SWAP_TO_PBEST | Indices: (32, 2) | Local Improvement: 0.0
  Move 6: GUIDED_SWAP_TO_PBEST | Indices: (2, 113) | Local Improvement: 0.0
  Move 7: GUIDED_SWAP_TO_PBEST | Indices: (222, 255) | Local Improvement: 0.0
  Move 8: GUIDED_SWAP_TO_PBEST | Indices: (255, 113) | Local Improvement: 0.0
  Move 9: GUIDED_SWAP_TO_GBEST | Indices: (113, 2) | Local Improvement: 0.0
  Move 10: GUIDED_SWAP_TO_GBEST | Indices: (222, 2) | Local Improvement: 0.0
  Move 11: GUIDED_SWAP_TO_GBEST | Indices: (2, 32) | Local Improvement: 0.0
  Move 12: GUIDED_SWAP_TO_GBEST | Indices: (255, 32) | Local Improvement: 0.0
  Move 13: GUIDED_SWAP_TO_PBEST | Indices: (222, 255) | Local Improvement: 0.0
  Move 14: GUIDED_SWAP_TO_PBEST | Indices: (32, 2) | Local Improvement: 0.0
  Move 15: GUIDED_SWAP_TO_PBEST | Indices: (113, 255) | Local Improvement: 0.0
  Move 16: GUIDED_SWAP_TO_PBEST | Indices: (2, 255) | Local Improvement: 0.0
  Move 17: GUIDED_SWAP_TO_GBEST | Indices: (113, 2) | Local Improvement: 0.0
  Move 18: GUIDED_SWAP_TO_GBEST | Indices: (222, 2) | Local Improvement: 0.0
  Move 19: GUIDED_SWAP_TO_GBEST | Indices: (32, 255) | Local Improvement: 0.0
  Move 20: GUIDED_SWAP_TO_GBEST | Indices: (255, 2) | Local Improvement: 0.0
  Move 21: TRIPLE_SWAP | Indices: (192, 213, 111) | Local Improvement: 0.0004036458333332993
=================================================================================
=================================================================================
2026-01-29T12:13:01.238 | Step 1580 | Particle 65 | GLOBAL BEST ACHIEVED!
Global Improvement: 0.0002083333333333659
All moves in this step:
  Move 1: GUIDED_SWAP_TO_GBEST | Indices: (111, 213) | Local Improvement: 0.0
  Move 2: GUIDED_SWAP_TO_GBEST | Indices: (213, 192) | Local Improvement: 0.0
  Move 3: GUIDED_SWAP_TO_PBEST | Indices: (213, 111) | Local Improvement: 0.0
  Move 4: GUIDED_SWAP_TO_PBEST | Indices: (192, 111) | Local Improvement: 0.0
  Move 5: GUIDED_SWAP_TO_GBEST | Indices: (213, 192) | Local Improvement: 0.0
  Move 6: GUIDED_SWAP_TO_GBEST | Indices: (192, 111) | Local Improvement: 0.0
  Move 7: GUIDED_SWAP_TO_PBEST | Indices: (192, 213) | Local Improvement: 0.0
  Move 8: GUIDED_SWAP_TO_PBEST | Indices: (111, 213) | Local Improvement: 0.0
  Move 9: GUIDED_SWAP_TO_GBEST | Indices: (213, 192) | Local Improvement: 0.0
  Move 10: GUIDED_SWAP_TO_GBEST | Indices: (111, 192) | Local Improvement: 0.0
  Move 11: TRIPLE_SWAP | Indices: (84, 243, 168) | Local Improvement: 0.0002083333333333659
=================================================================================
=================================================================================
2026-01-29T12:13:01.662 | Step 1583 | Particle 68 | GLOBAL BEST ACHIEVED!
Global Improvement: 9.76562500000222e-5
All moves in this step:
  Move 1: TRIPLE_SWAP | Indices: (122, 87, 119) | Local Improvement: 9.76562500000222e-5
=================================================================================
=================================================================================
2026-01-29T12:13:01.773 | Step 1584 | Particle 72 | GLOBAL BEST ACHIEVED!
Global Improvement: 0.00011067708333323267
All moves in this step:
  Move 1: GUIDED_SWAP_TO_GBEST | Indices: (122, 119) | Local Improvement: 0.0
  Move 2: GUIDED_SWAP_TO_GBEST | Indices: (87, 119) | Local Improvement: 0.0
  Move 3: GUIDED_SWAP_TO_PBEST | Indices: (119, 122) | Local Improvement: 0.0
  Move 4: GUIDED_SWAP_TO_PBEST | Indices: (122, 87) | Local Improvement: 0.0
  Move 5: GUIDED_SWAP_TO_GBEST | Indices: (119, 87) | Local Improvement: 0.0
  Move 6: GUIDED_SWAP_TO_GBEST | Indices: (87, 122) | Local Improvement: 0.0
  Move 7: TRIPLE_SWAP | Indices: (125, 30, 107) | Local Improvement: 0.00011067708333323267
=================================================================================
=================================================================================
2026-01-29T12:13:02.927 | Step 1590 | Particle 34 | GLOBAL BEST ACHIEVED!
Global Improvement: 9.765625000013323e-5
All moves in this step:
  Move 1: GUIDED_SWAP_TO_PBEST | Indices: (148, 253) | Local Improvement: 0.0
  Move 2: GUIDED_SWAP_TO_PBEST | Indices: (101, 228) | Local Improvement: 0.0
  Move 3: GUIDED_SWAP_TO_PBEST | Indices: (66, 138) | Local Improvement: 0.0
  Move 4: GUIDED_SWAP_TO_PBEST | Indices: (206, 69) | Local Improvement: 0.0
  Move 5: RANDOM_SWAP | Indices: (42, 87) | Local Improvement: 0.0
=================================================================================
=================================================================================
2026-01-29T12:13:03.942 | Step 1601 | Particle 75 | GLOBAL BEST ACHIEVED!
Global Improvement: 0.00020833333333325488
All moves in this step:
  Move 1: TRIPLE_SWAP | Indices: (26, 232, 152) | Local Improvement: 0.00020833333333325488
=================================================================================
=================================================================================
2026-01-29T12:19:27.237 | Step 4808 | Particle 14 | GLOBAL BEST ACHIEVED!
Global Improvement: 1.3020833333321491e-5
All moves in this step:
  Move 1: TRIPLE_SWAP | Indices: (179, 240, 13) | Local Improvement: 1.3020833333321491e-5
=================================================================================
=================================================================================
2026-01-29T12:19:30.087 | Step 4833 | Particle 2 | GLOBAL BEST ACHIEVED!
Global Improvement: 9.76562500000222e-5
All moves in this step:
  Move 1: RANDOM_SWAP | Indices: (233, 18) | Local Improvement: 0.0
=================================================================================
=================================================================================
2026-01-29T12:19:39.645 | Step 4911 | Particle 57 | GLOBAL BEST ACHIEVED!
Global Improvement: 9.76562500000222e-5
All moves in this step:
  Move 1: GUIDED_SWAP_TO_GBEST | Indices: (10, 150) | Local Improvement: 0.0
  Move 2: GUIDED_SWAP_TO_GBEST | Indices: (17, 150) | Local Improvement: 0.0
  Move 3: GUIDED_SWAP_TO_GBEST | Indices: (71, 148) | Local Improvement: 0.0
  Move 4: TRIPLE_SWAP | Indices: (126, 42, 213) | Local Improvement: 9.76562500000222e-5
=================================================================================
=================================================================================
2026-01-29T12:19:46.558 | Step 4969 | Particle 79 | GLOBAL BEST ACHIEVED!
Global Improvement: 0.0001106770833333437
All moves in this step:
  Move 1: TRIPLE_SWAP | Indices: (67, 109, 115) | Local Improvement: 0.0001106770833333437
=================================================================================
=================================================================================
2026-01-29T12:19:47.912 | Step 4981 | Particle 17 | GLOBAL BEST ACHIEVED!
Global Improvement: 9.765624999991118e-5
All moves in this step:
  Move 1: TRIPLE_SWAP | Indices: (150, 238, 189) | Local Improvement: 9.765624999991118e-5
=================================================================================
=================================================================================
2026-01-29T12:19:50.596 | Step 5004 | Particle 62 | GLOBAL BEST ACHIEVED!
Global Improvement: 0.0002083333333333659
All moves in this step:
  Move 1: TRIPLE_SWAP | Indices: (117, 33, 134) | Local Improvement: 0.0002083333333333659
=================================================================================
