# V5: GUIDED SWAP KAPALI - Ablation Study
# Started on: 2026-01-20T10:05:21.512

=================================================================================
2026-01-20T10:05:21.690 | Step 1 | Particle 2 | GLOBAL BEST!
Global Improvement: 0.0036132812500000444
  Move 1: TRIPLE_SWAP | Indices: (33, 120, 140)
=================================================================================
=================================================================================
2026-01-20T10:05:21.710 | Step 1 | Particle 3 | GLOBAL BEST!
Global Improvement: 0.008496093749999933
  Move 1: TRIPLE_SWAP | Indices: (236, 88, 99)
  Move 2: RANDOM_SWAP | Indices: (130, 256)
  Move 3: RANDOM_SWAP | Indices: (243, 214)
  Move 4: RANDOM_SWAP | Indices: (143, 5)
  Move 5: RANDOM_SWAP | Indices: (157, 178)
=================================================================================
=================================================================================
2026-01-20T10:05:21.723 | Step 1 | Particle 9 | GLOBAL BEST!
Global Improvement: 0.0011718750000000444
  Move 1: TRIPLE_SWAP | Indices: (94, 114, 247)
  Move 2: RANDOM_SWAP | Indices: (19, 188)
  Move 3: RANDOM_SWAP | Indices: (120, 104)
  Move 4: RANDOM_SWAP | Indices: (145, 138)
  Move 5: RANDOM_SWAP | Indices: (53, 72)
  Move 6: RANDOM_SWAP | Indices: (80, 44)
=================================================================================
=================================================================================
2026-01-20T10:05:21.789 | Step 1 | Particle 175 | GLOBAL BEST!
Global Improvement: 0.0008789062499999778
  Move 1: TRIPLE_SWAP | Indices: (242, 47, 52)
  Move 2: RANDOM_SWAP | Indices: (128, 174)
  Move 3: RANDOM_SWAP | Indices: (183, 5)
  Move 4: RANDOM_SWAP | Indices: (65, 105)
=================================================================================
=================================================================================
2026-01-20T10:05:21.892 | Step 2 | Particle 3 | GLOBAL BEST!
Global Improvement: 0.003320312499999978
  Move 1: TRIPLE_SWAP | Indices: (35, 83, 198)
=================================================================================
=================================================================================
2026-01-20T10:05:21.899 | Step 2 | Particle 20 | GLOBAL BEST!
Global Improvement: 0.0001953125000000444
  Move 1: TRIPLE_SWAP | Indices: (19, 66, 83)
  Move 2: RANDOM_SWAP | Indices: (177, 213)
  Move 3: RANDOM_SWAP | Indices: (39, 87)
=================================================================================
=================================================================================
2026-01-20T10:05:21.921 | Step 2 | Particle 77 | GLOBAL BEST!
Global Improvement: 0.0005859375000000222
  Move 1: TRIPLE_SWAP | Indices: (39, 232, 181)
  Move 2: RANDOM_SWAP | Indices: (89, 148)
  Move 3: RANDOM_SWAP | Indices: (123, 240)
  Move 4: RANDOM_SWAP | Indices: (3, 161)
  Move 5: RANDOM_SWAP | Indices: (194, 151)
  Move 6: RANDOM_SWAP | Indices: (244, 147)
=================================================================================
=================================================================================
2026-01-20T10:05:21.961 | Step 2 | Particle 180 | GLOBAL BEST!
Global Improvement: 0.0001953124999999334
  Move 1: TRIPLE_SWAP | Indices: (78, 88, 84)
  Move 2: RANDOM_SWAP | Indices: (195, 39)
  Move 3: RANDOM_SWAP | Indices: (59, 73)
  Move 4: RANDOM_SWAP | Indices: (112, 116)
  Move 5: RANDOM_SWAP | Indices: (87, 62)
=================================================================================
=================================================================================
2026-01-20T10:05:22.231 | Step 3 | Particle 20 | GLOBAL BEST!
Global Improvement: 0.0006835937500000444
  Move 1: TRIPLE_SWAP | Indices: (105, 73, 97)
=================================================================================
=================================================================================
2026-01-20T10:05:22.239 | Step 3 | Particle 40 | GLOBAL BEST!
Global Improvement: 0.003808593749999978
  Move 1: TRIPLE_SWAP | Indices: (235, 188, 37)
  Move 2: RANDOM_SWAP | Indices: (54, 23)
  Move 3: RANDOM_SWAP | Indices: (38, 141)
  Move 4: RANDOM_SWAP | Indices: (40, 133)
  Move 5: RANDOM_SWAP | Indices: (87, 145)
=================================================================================
=================================================================================
2026-01-20T10:05:22.420 | Step 4 | Particle 40 | GLOBAL BEST!
Global Improvement: 0.0006835937499999334
  Move 1: TRIPLE_SWAP | Indices: (41, 246, 38)
  Move 2: RANDOM_SWAP | Indices: (88, 229)
  Move 3: RANDOM_SWAP | Indices: (221, 188)
  Move 4: RANDOM_SWAP | Indices: (50, 80)
=================================================================================
=================================================================================
2026-01-20T10:05:22.579 | Step 5 | Particle 20 | GLOBAL BEST!
Global Improvement: 9.765625000013323e-5
  Move 1: TRIPLE_SWAP | Indices: (138, 175, 49)
=================================================================================
=================================================================================
2026-01-20T10:05:22.752 | Step 6 | Particle 40 | GLOBAL BEST!
Global Improvement: 0.00244140625
  Move 1: TRIPLE_SWAP | Indices: (42, 133, 37)
  Move 2: RANDOM_SWAP | Indices: (115, 240)
=================================================================================
=================================================================================
2026-01-20T10:05:22.932 | Step 7 | Particle 124 | GLOBAL BEST!
Global Improvement: 9.765624999991118e-5
  Move 1: TRIPLE_SWAP | Indices: (161, 53, 202)
  Move 2: RANDOM_SWAP | Indices: (99, 109)
  Move 3: RANDOM_SWAP | Indices: (183, 59)
  Move 4: RANDOM_SWAP | Indices: (8, 61)
  Move 5: RANDOM_SWAP | Indices: (136, 9)
=================================================================================
=================================================================================
2026-01-20T10:05:23.197 | Step 9 | Particle 42 | GLOBAL BEST!
Global Improvement: 0.0001953125000000444
  Move 1: TRIPLE_SWAP | Indices: (150, 136, 165)
=================================================================================
=================================================================================
2026-01-20T10:05:23.241 | Step 9 | Particle 153 | GLOBAL BEST!
Global Improvement: 0.00048828125
  Move 1: TRIPLE_SWAP | Indices: (191, 176, 256)
=================================================================================
=================================================================================
2026-01-20T10:05:23.355 | Step 10 | Particle 93 | GLOBAL BEST!
Global Improvement: 0.0011718750000000444
  Move 1: TRIPLE_SWAP | Indices: (72, 206, 255)
  Move 2: RANDOM_SWAP | Indices: (37, 164)
=================================================================================
=================================================================================
2026-01-20T10:05:23.379 | Step 10 | Particle 153 | GLOBAL BEST!
Global Improvement: 0.0003906249999999778
  Move 1: TRIPLE_SWAP | Indices: (40, 26, 245)
=================================================================================
=================================================================================
2026-01-20T10:05:23.509 | Step 11 | Particle 93 | GLOBAL BEST!
Global Improvement: 0.0007812499999999556
  Move 1: TRIPLE_SWAP | Indices: (101, 247, 11)
=================================================================================
=================================================================================
2026-01-20T10:05:23.774 | Step 13 | Particle 23 | GLOBAL BEST!
Global Improvement: 0.0005859375000000222
  Move 1: TRIPLE_SWAP | Indices: (36, 75, 100)
=================================================================================
=================================================================================
2026-01-20T10:05:23.910 | Step 14 | Particle 25 | GLOBAL BEST!
Global Improvement: 0.0002929687499999556
  Move 1: TRIPLE_SWAP | Indices: (250, 86, 195)
  Move 2: RANDOM_SWAP | Indices: (223, 256)
=================================================================================
=================================================================================
2026-01-20T10:05:24.045 | Step 15 | Particle 23 | GLOBAL BEST!
Global Improvement: 0.0007812499999999556
  Move 1: TRIPLE_SWAP | Indices: (244, 64, 144)
=================================================================================
=================================================================================
2026-01-20T10:05:24.242 | Step 16 | Particle 186 | GLOBAL BEST!
Global Improvement: 0.0015625000000001332
  Move 1: TRIPLE_SWAP | Indices: (166, 146, 199)
=================================================================================
=================================================================================
2026-01-20T10:05:24.496 | Step 18 | Particle 186 | GLOBAL BEST!
Global Improvement: 0.0002929687499999556
  Move 1: TRIPLE_SWAP | Indices: (196, 232, 211)
=================================================================================
=================================================================================
2026-01-20T10:05:24.755 | Step 20 | Particle 186 | GLOBAL BEST!
Global Improvement: 0.0008789062499999778
  Move 1: TRIPLE_SWAP | Indices: (225, 202, 111)
=================================================================================
=================================================================================
2026-01-20T10:05:25.070 | Step 23 | Particle 13 | GLOBAL BEST!
Global Improvement: 0.0009765625
  Move 1: TRIPLE_SWAP | Indices: (135, 248, 225)
=================================================================================
=================================================================================
2026-01-20T10:05:28.339 | Step 48 | Particle 157 | GLOBAL BEST!
Global Improvement: 0.0009765625
  Move 1: TRIPLE_SWAP | Indices: (175, 137, 63)
=================================================================================
=================================================================================
2026-01-20T10:05:29.870 | Step 60 | Particle 69 | GLOBAL BEST!
Global Improvement: 0.00048828125
  Move 1: TRIPLE_SWAP | Indices: (27, 219, 233)
  Move 2: RANDOM_SWAP | Indices: (202, 36)
  Move 3: RANDOM_SWAP | Indices: (176, 116)
  Move 4: RANDOM_SWAP | Indices: (219, 117)
  Move 5: RANDOM_SWAP | Indices: (13, 118)
=================================================================================
=================================================================================
2026-01-20T10:05:29.986 | Step 61 | Particle 48 | GLOBAL BEST!
Global Improvement: 9.76562500000222e-5
  Move 1: TRIPLE_SWAP | Indices: (154, 113, 221)
=================================================================================
=================================================================================
2026-01-20T10:05:30.791 | Step 67 | Particle 46 | GLOBAL BEST!
Global Improvement: 0.0006835937500000444
  Move 1: TRIPLE_SWAP | Indices: (180, 11, 50)
  Move 2: RANDOM_SWAP | Indices: (153, 196)
=================================================================================
=================================================================================
2026-01-20T10:05:30.792 | Step 67 | Particle 48 | GLOBAL BEST!
Global Improvement: 0.0012695312499999556
  Move 1: TRIPLE_SWAP | Indices: (6, 171, 80)
  Move 2: RANDOM_SWAP | Indices: (160, 182)
=================================================================================
=================================================================================
2026-01-20T10:06:02.606 | Step 304 | Particle 101 | GLOBAL BEST!
Global Improvement: 0.0012695312499999556
  Move 1: TRIPLE_SWAP | Indices: (147, 199, 20)
=================================================================================
=================================================================================
2026-01-20T10:06:15.325 | Step 398 | Particle 98 | GLOBAL BEST!
Global Improvement: 9.76562500000222e-5
  Move 1: TRIPLE_SWAP | Indices: (149, 199, 219)
=================================================================================
=================================================================================
2026-01-20T10:06:28.149 | Step 489 | Particle 38 | GLOBAL BEST!
Global Improvement: 0.0007812499999999556
  Move 1: TRIPLE_SWAP | Indices: (218, 115, 230)
=================================================================================
=================================================================================
2026-01-20T10:06:28.293 | Step 490 | Particle 38 | GLOBAL BEST!
Global Improvement: 0.0001953125000000444
  Move 1: TRIPLE_SWAP | Indices: (21, 57, 178)
=================================================================================
=================================================================================
2026-01-20T10:07:01.037 | Step 703 | Particle 90 | GLOBAL BEST!
Global Improvement: 0.0002929687499999556
  Move 1: TRIPLE_SWAP | Indices: (235, 12, 116)
=================================================================================
=================================================================================
2026-01-20T10:07:05.257 | Step 730 | Particle 82 | GLOBAL BEST!
Global Improvement: 9.76562500000222e-5
  Move 1: TRIPLE_SWAP | Indices: (125, 4, 143)
=================================================================================
=================================================================================
2026-01-20T10:07:06.676 | Step 739 | Particle 137 | GLOBAL BEST!
Global Improvement: 0.0001953124999999334
  Move 1: TRIPLE_SWAP | Indices: (67, 8, 53)
=================================================================================
=================================================================================
2026-01-20T10:07:09.128 | Step 754 | Particle 70 | GLOBAL BEST!
Global Improvement: 0.0006835937500000444
  Move 1: TRIPLE_SWAP | Indices: (157, 146, 195)
=================================================================================
=================================================================================
2026-01-20T10:07:43.730 | Step 946 | Particle 96 | GLOBAL BEST!
Global Improvement: 9.76562500000222e-5
  Move 1: TRIPLE_SWAP | Indices: (243, 170, 160)
=================================================================================
=================================================================================
2026-01-20T10:08:31 | Step 1177 | Particle 16 | GLOBAL BEST!
Global Improvement: 0.0007812500000000666
  Move 1: TRIPLE_SWAP | Indices: (109, 163, 110)
=================================================================================
=================================================================================
2026-01-20T10:10:37.582 | Step 1758 | Particle 169 | GLOBAL BEST!
Global Improvement: 0.0003906249999999778
  Move 1: TRIPLE_SWAP | Indices: (108, 87, 17)
=================================================================================
=================================================================================
2026-01-20T10:11:36.542 | Step 2026 | Particle 171 | GLOBAL BEST!
Global Improvement: 0.0006835937499999334
  Move 1: TRIPLE_SWAP | Indices: (174, 235, 98)
=================================================================================
=================================================================================
2026-01-20T10:11:36.742 | Step 2027 | Particle 171 | GLOBAL BEST!
Global Improvement: 9.76562500000222e-5
  Move 1: TRIPLE_SWAP | Indices: (152, 222, 223)
=================================================================================
=================================================================================
2026-01-20T10:12:38.993 | Step 2314 | Particle 120 | GLOBAL BEST!
Global Improvement: 0.0001953125000000444
  Move 1: TRIPLE_SWAP | Indices: (7, 95, 202)
=================================================================================
=================================================================================
2026-01-20T10:13:49.261 | Step 2638 | Particle 178 | GLOBAL BEST!
Global Improvement: 0.0006835937499999334
  Move 1: TRIPLE_SWAP | Indices: (205, 65, 196)
=================================================================================
=================================================================================
2026-01-20T10:13:49.698 | Step 2640 | Particle 178 | GLOBAL BEST!
Global Improvement: 0.0002929687499999556
  Move 1: TRIPLE_SWAP | Indices: (83, 56, 69)
=================================================================================
=================================================================================
2026-01-20T10:14:55.673 | Step 2946 | Particle 110 | GLOBAL BEST!
Global Improvement: 0.0006835937500000444
  Move 1: TRIPLE_SWAP | Indices: (225, 71, 110)
=================================================================================
