# Global Best Swaps Only - COMPOSITE FITNESS MODE WITH EARLY STOPPING
# Started on: 2026-02-01T15:53:05.438
# Format: Timestamp | Step | Particle | Operation | Indices | Local | Global | Status
# Note: Each global best S-box is saved in debug_sboxes/ directory
# Using composite fitness function with NL, SAC, DDT, and Entropy
# Early stopping enabled based on NL threshold

=================================================================================
2026-02-01T15:53:05.606 | Step 1 | Particle 2 | GLOBAL BEST ACHIEVED!
Global Improvement: 0.006234809027777954
All moves in this step:
  Move 1: TRIPLE_SWAP | Indices: (217, 165, 215) | Local Improvement: 0.00539496527777783
  Move 2: RANDOM_SWAP | Indices: (84, 1) | Local Improvement: 0.0
  Move 3: RANDOM_SWAP | Indices: (145, 217) | Local Improvement: 0.0
  Move 4: RANDOM_SWAP | Indices: (178, 1) | Local Improvement: 0.0
  Move 5: RANDOM_SWAP | Indices: (24, 83) | Local Improvement: 0.0
  Move 6: RANDOM_SWAP | Indices: (15, 225) | Local Improvement: 0.0
=================================================================================
=================================================================================
2026-02-01T15:53:05.643 | Step 1 | Particle 3 | GLOBAL BEST ACHIEVED!
Global Improvement: 0.010824652777777777
All moves in this step:
  Move 1: TRIPLE_SWAP | Indices: (29, 61, 8) | Local Improvement: 0.004750434027777972
  Move 2: RANDOM_SWAP | Indices: (94, 101) | Local Improvement: 0.0
  Move 3: RANDOM_SWAP | Indices: (142, 119) | Local Improvement: 0.0
  Move 4: RANDOM_SWAP | Indices: (34, 207) | Local Improvement: 0.0
=================================================================================
=================================================================================
2026-02-01T15:53:05.681 | Step 1 | Particle 100 | GLOBAL BEST ACHIEVED!
Global Improvement: 0.012934027777777857
All moves in this step:
  Move 1: TRIPLE_SWAP | Indices: (9, 58, 172) | Local Improvement: 0.006781684027777901
  Move 2: RANDOM_SWAP | Indices: (112, 3) | Local Improvement: 0.0
  Move 3: RANDOM_SWAP | Indices: (253, 78) | Local Improvement: 0.0
  Move 4: RANDOM_SWAP | Indices: (150, 61) | Local Improvement: 0.0
  Move 5: RANDOM_SWAP | Indices: (236, 165) | Local Improvement: 0.0
=================================================================================
=================================================================================
2026-02-01T15:53:06.021 | Step 2 | Particle 11 | GLOBAL BEST ACHIEVED!
Global Improvement: 0.0039453124999999645
All moves in this step:
  Move 1: GUIDED_SWAP_TO_GBEST | Indices: (165, 236) | Local Improvement: 0.0
  Move 2: GUIDED_SWAP_TO_GBEST | Indices: (3, 112) | Local Improvement: 0.0
  Move 3: GUIDED_SWAP_TO_GBEST | Indices: (61, 150) | Local Improvement: 0.0
  Move 4: GUIDED_SWAP_TO_GBEST | Indices: (58, 9) | Local Improvement: 0.0
  Move 5: GUIDED_SWAP_TO_PBEST | Indices: (165, 236) | Local Improvement: 0.0
  Move 6: GUIDED_SWAP_TO_PBEST | Indices: (61, 150) | Local Improvement: 0.0
  Move 7: GUIDED_SWAP_TO_PBEST | Indices: (3, 112) | Local Improvement: 0.0
  Move 8: GUIDED_SWAP_TO_PBEST | Indices: (58, 9) | Local Improvement: 0.0
  Move 9: GUIDED_SWAP_TO_GBEST | Indices: (58, 9) | Local Improvement: 0.0
  Move 10: GUIDED_SWAP_TO_GBEST | Indices: (236, 165) | Local Improvement: 0.0
  Move 11: GUIDED_SWAP_TO_GBEST | Indices: (112, 3) | Local Improvement: 0.0
  Move 12: GUIDED_SWAP_TO_GBEST | Indices: (172, 9) | Local Improvement: 0.0
  Move 13: GUIDED_SWAP_TO_GBEST | Indices: (78, 253) | Local Improvement: 0.0
  Move 14: GUIDED_SWAP_TO_GBEST | Indices: (61, 150) | Local Improvement: 0.0
  Move 15: TRIPLE_SWAP | Indices: (96, 103, 192) | Local Improvement: 0.0039453124999999645
=================================================================================
=================================================================================
2026-02-01T15:53:06.026 | Step 2 | Particle 22 | GLOBAL BEST ACHIEVED!
Global Improvement: 0.0046137152777778745
All moves in this step:
  Move 1: GUIDED_SWAP_TO_GBEST | Indices: (58, 9) | Local Improvement: 0.0
  Move 2: GUIDED_SWAP_TO_GBEST | Indices: (61, 150) | Local Improvement: 0.0
  Move 3: GUIDED_SWAP_TO_GBEST | Indices: (253, 78) | Local Improvement: 0.0
  Move 4: GUIDED_SWAP_TO_GBEST | Indices: (9, 172) | Local Improvement: 0.0
  Move 5: GUIDED_SWAP_TO_GBEST | Indices: (165, 236) | Local Improvement: 0.0
  Move 6: GUIDED_SWAP_TO_PBEST | Indices: (58, 172) | Local Improvement: 0.0
  Move 7: GUIDED_SWAP_TO_PBEST | Indices: (78, 253) | Local Improvement: 0.0
  Move 8: GUIDED_SWAP_TO_PBEST | Indices: (150, 61) | Local Improvement: 0.0
  Move 9: GUIDED_SWAP_TO_PBEST | Indices: (236, 165) | Local Improvement: 0.0
  Move 10: GUIDED_SWAP_TO_PBEST | Indices: (172, 9) | Local Improvement: 0.0
  Move 11: GUIDED_SWAP_TO_GBEST | Indices: (165, 236) | Local Improvement: 0.0
  Move 12: GUIDED_SWAP_TO_GBEST | Indices: (61, 150) | Local Improvement: 0.0
  Move 13: GUIDED_SWAP_TO_GBEST | Indices: (9, 172) | Local Improvement: 0.0
  Move 14: GUIDED_SWAP_TO_GBEST | Indices: (172, 58) | Local Improvement: 0.0
  Move 15: GUIDED_SWAP_TO_GBEST | Indices: (78, 253) | Local Improvement: 0.0
  Move 16: TRIPLE_SWAP | Indices: (243, 141, 42) | Local Improvement: 0.005004340277777963
=================================================================================
=================================================================================
2026-02-01T15:53:06.027 | Step 2 | Particle 24 | GLOBAL BEST ACHIEVED!
Global Improvement: 0.005878906249999982
All moves in this step:
  Move 1: GUIDED_SWAP_TO_GBEST | Indices: (237, 166) | Local Improvement: 0.0
  Move 2: GUIDED_SWAP_TO_GBEST | Indices: (112, 3) | Local Improvement: 0.0
  Move 3: GUIDED_SWAP_TO_GBEST | Indices: (165, 236) | Local Improvement: 0.0
  Move 4: GUIDED_SWAP_TO_GBEST | Indices: (166, 226) | Local Improvement: 0.0
  Move 5: GUIDED_SWAP_TO_PBEST | Indices: (112, 3) | Local Improvement: 0.0
  Move 6: GUIDED_SWAP_TO_PBEST | Indices: (237, 226) | Local Improvement: 0.0
  Move 7: GUIDED_SWAP_TO_PBEST | Indices: (166, 226) | Local Improvement: 0.0
  Move 8: GUIDED_SWAP_TO_GBEST | Indices: (9, 172) | Local Improvement: 0.0
  Move 9: GUIDED_SWAP_TO_GBEST | Indices: (172, 58) | Local Improvement: 0.0
  Move 10: GUIDED_SWAP_TO_GBEST | Indices: (150, 61) | Local Improvement: 0.0
  Move 11: GUIDED_SWAP_TO_GBEST | Indices: (226, 237) | Local Improvement: 0.0
  Move 12: GUIDED_SWAP_TO_PBEST | Indices: (61, 150) | Local Improvement: 0.0
  Move 13: GUIDED_SWAP_TO_PBEST | Indices: (226, 237) | Local Improvement: 0.0
  Move 14: GUIDED_SWAP_TO_PBEST | Indices: (9, 58) | Local Improvement: 0.0
  Move 15: GUIDED_SWAP_TO_PBEST | Indices: (236, 165) | Local Improvement: 0.0
  Move 16: TRIPLE_SWAP | Indices: (91, 129, 100) | Local Improvement: 0.004824218750000053
  Move 17: RANDOM_SWAP | Indices: (22, 236) | Local Improvement: 0.0
  Move 18: RANDOM_SWAP | Indices: (13, 203) | Local Improvement: 0.0
  Move 19: RANDOM_SWAP | Indices: (105, 200) | Local Improvement: 0.0
  Move 20: RANDOM_SWAP | Indices: (205, 214) | Local Improvement: 0.0
=================================================================================
=================================================================================
2026-02-01T15:53:06.063 | Step 2 | Particle 116 | GLOBAL BEST ACHIEVED!
Global Improvement: 0.007148437499999938
All moves in this step:
  Move 1: GUIDED_SWAP_TO_GBEST | Indices: (78, 253) | Local Improvement: 0.0
  Move 2: GUIDED_SWAP_TO_GBEST | Indices: (150, 61) | Local Improvement: 0.0
  Move 3: GUIDED_SWAP_TO_GBEST | Indices: (249, 125) | Local Improvement: 0.0
  Move 4: GUIDED_SWAP_TO_GBEST | Indices: (172, 58) | Local Improvement: 0.0
  Move 5: GUIDED_SWAP_TO_PBEST | Indices: (249, 125) | Local Improvement: 0.0
  Move 6: GUIDED_SWAP_TO_PBEST | Indices: (172, 58) | Local Improvement: 0.0
  Move 7: GUIDED_SWAP_TO_PBEST | Indices: (78, 253) | Local Improvement: 0.0
  Move 8: GUIDED_SWAP_TO_GBEST | Indices: (165, 236) | Local Improvement: 0.0
  Move 9: GUIDED_SWAP_TO_GBEST | Indices: (9, 172) | Local Improvement: 0.0
  Move 10: GUIDED_SWAP_TO_GBEST | Indices: (249, 125) | Local Improvement: 0.0
  Move 11: GUIDED_SWAP_TO_GBEST | Indices: (58, 172) | Local Improvement: 0.0
  Move 12: GUIDED_SWAP_TO_GBEST | Indices: (3, 112) | Local Improvement: 0.0
  Move 13: GUIDED_SWAP_TO_GBEST | Indices: (253, 78) | Local Improvement: 0.0
  Move 14: GUIDED_SWAP_TO_GBEST | Indices: (184, 125) | Local Improvement: 0.0
  Move 15: TRIPLE_SWAP | Indices: (89, 4, 185) | Local Improvement: 0.003105468750000062
  Move 16: RANDOM_SWAP | Indices: (117, 93) | Local Improvement: 0.0
  Move 17: RANDOM_SWAP | Indices: (20, 97) | Local Improvement: 0.0
  Move 18: RANDOM_SWAP | Indices: (243, 70) | Local Improvement: 0.0
  Move 19: RANDOM_SWAP | Indices: (225, 58) | Local Improvement: 0.0
  Move 20: RANDOM_SWAP | Indices: (101, 74) | Local Improvement: 0.0
=================================================================================
=================================================================================
2026-02-01T15:53:06.380 | Step 3 | Particle 6 | GLOBAL BEST ACHIEVED!
Global Improvement: 0.00213324652777791
All moves in this step:
  Move 1: GUIDED_SWAP_TO_GBEST | Indices: (70, 243) | Local Improvement: 0.0
  Move 2: GUIDED_SWAP_TO_GBEST | Indices: (117, 93) | Local Improvement: 0.0
  Move 3: GUIDED_SWAP_TO_GBEST | Indices: (225, 58) | Local Improvement: 0.0
  Move 4: GUIDED_SWAP_TO_GBEST | Indices: (202, 91) | Local Improvement: 0.0
  Move 5: GUIDED_SWAP_TO_GBEST | Indices: (89, 185) | Local Improvement: 0.0
  Move 6: GUIDED_SWAP_TO_PBEST | Indices: (70, 243) | Local Improvement: 0.0
  Move 7: GUIDED_SWAP_TO_PBEST | Indices: (117, 93) | Local Improvement: 0.0
  Move 8: GUIDED_SWAP_TO_PBEST | Indices: (185, 89) | Local Improvement: 0.0
  Move 9: GUIDED_SWAP_TO_PBEST | Indices: (225, 58) | Local Improvement: 0.0
  Move 10: GUIDED_SWAP_TO_PBEST | Indices: (91, 202) | Local Improvement: 0.0
  Move 11: GUIDED_SWAP_TO_GBEST | Indices: (185, 4) | Local Improvement: 0.0
  Move 12: GUIDED_SWAP_TO_GBEST | Indices: (20, 97) | Local Improvement: 0.0
  Move 13: GUIDED_SWAP_TO_GBEST | Indices: (91, 202) | Local Improvement: 0.0
  Move 14: GUIDED_SWAP_TO_GBEST | Indices: (243, 70) | Local Improvement: 0.0
  Move 15: GUIDED_SWAP_TO_GBEST | Indices: (101, 74) | Local Improvement: 0.0
  Move 16: GUIDED_SWAP_TO_PBEST | Indices: (70, 243) | Local Improvement: 0.0
  Move 17: GUIDED_SWAP_TO_PBEST | Indices: (4, 185) | Local Improvement: 0.0
  Move 18: GUIDED_SWAP_TO_PBEST | Indices: (74, 101) | Local Improvement: 0.0
  Move 19: GUIDED_SWAP_TO_PBEST | Indices: (202, 91) | Local Improvement: 0.0
  Move 20: GUIDED_SWAP_TO_GBEST | Indices: (74, 101) | Local Improvement: 0.0
  Move 21: GUIDED_SWAP_TO_GBEST | Indices: (4, 89) | Local Improvement: 0.0
  Move 22: GUIDED_SWAP_TO_GBEST | Indices: (70, 243) | Local Improvement: 0.0
  Move 23: GUIDED_SWAP_TO_GBEST | Indices: (202, 91) | Local Improvement: 0.0
  Move 24: TRIPLE_SWAP | Indices: (113, 132, 185) | Local Improvement: 0.0024609374999999822
  Move 25: RANDOM_SWAP | Indices: (134, 200) | Local Improvement: 0.0
=================================================================================
=================================================================================
2026-02-01T15:53:06.381 | Step 3 | Particle 8 | GLOBAL BEST ACHIEVED!
Global Improvement: 0.003363715277777901
All moves in this step:
  Move 1: GUIDED_SWAP_TO_GBEST | Indices: (61, 231) | Local Improvement: 0.0
  Move 2: GUIDED_SWAP_TO_GBEST | Indices: (172, 58) | Local Improvement: 0.0
  Move 3: GUIDED_SWAP_TO_GBEST | Indices: (236, 165) | Local Improvement: 0.0
  Move 4: GUIDED_SWAP_TO_GBEST | Indices: (225, 58) | Local Improvement: 0.0
  Move 5: GUIDED_SWAP_TO_GBEST | Indices: (78, 253) | Local Improvement: 0.0
  Move 6: GUIDED_SWAP_TO_PBEST | Indices: (165, 236) | Local Improvement: 0.0
  Move 7: GUIDED_SWAP_TO_PBEST | Indices: (58, 172) | Local Improvement: 0.0
  Move 8: GUIDED_SWAP_TO_PBEST | Indices: (225, 172) | Local Improvement: 0.0
  Move 9: GUIDED_SWAP_TO_GBEST | Indices: (153, 206) | Local Improvement: 0.0
  Move 10: GUIDED_SWAP_TO_GBEST | Indices: (206, 17) | Local Improvement: 0.0
  Move 11: GUIDED_SWAP_TO_GBEST | Indices: (58, 225) | Local Improvement: 0.0
  Move 12: GUIDED_SWAP_TO_GBEST | Indices: (70, 243) | Local Improvement: 0.0
  Move 13: GUIDED_SWAP_TO_GBEST | Indices: (89, 185) | Local Improvement: 0.0
  Move 14: GUIDED_SWAP_TO_GBEST | Indices: (165, 236) | Local Improvement: 0.0
  Move 15: GUIDED_SWAP_TO_GBEST | Indices: (225, 172) | Local Improvement: 0.0
  Move 16: GUIDED_SWAP_TO_GBEST | Indices: (117, 93) | Local Improvement: 0.0
  Move 17: GUIDED_SWAP_TO_GBEST | Indices: (101, 74) | Local Improvement: 0.0
  Move 18: GUIDED_SWAP_TO_GBEST | Indices: (4, 185) | Local Improvement: 0.0
  Move 19: TRIPLE_SWAP | Indices: (48, 248, 213) | Local Improvement: 0.0030707465277779455
=================================================================================
=================================================================================
2026-02-01T15:53:06.390 | Step 3 | Particle 29 | GLOBAL BEST ACHIEVED!
Global Improvement: 0.007074652777777857
All moves in this step:
  Move 1: GUIDED_SWAP_TO_GBEST | Indices: (225, 58) | Local Improvement: 0.0
  Move 2: GUIDED_SWAP_TO_GBEST | Indices: (4, 89) | Local Improvement: 0.0
  Move 3: GUIDED_SWAP_TO_GBEST | Indices: (89, 185) | Local Improvement: 0.0
  Move 4: GUIDED_SWAP_TO_GBEST | Indices: (70, 243) | Local Improvement: 0.0
  Move 5: GUIDED_SWAP_TO_GBEST | Indices: (93, 117) | Local Improvement: 0.0
  Move 6: GUIDED_SWAP_TO_PBEST | Indices: (93, 117) | Local Improvement: 0.0
  Move 7: GUIDED_SWAP_TO_PBEST | Indices: (185, 89) | Local Improvement: 0.0
  Move 8: GUIDED_SWAP_TO_PBEST | Indices: (225, 58) | Local Improvement: 0.0
  Move 9: GUIDED_SWAP_TO_PBEST | Indices: (70, 243) | Local Improvement: 0.0
  Move 10: GUIDED_SWAP_TO_PBEST | Indices: (89, 4) | Local Improvement: 0.0
  Move 11: GUIDED_SWAP_TO_GBEST | Indices: (58, 225) | Local Improvement: 0.0
  Move 12: GUIDED_SWAP_TO_GBEST | Indices: (117, 93) | Local Improvement: 0.0
  Move 13: GUIDED_SWAP_TO_GBEST | Indices: (185, 4) | Local Improvement: 0.0
  Move 14: GUIDED_SWAP_TO_GBEST | Indices: (101, 74) | Local Improvement: 0.0
  Move 15: GUIDED_SWAP_TO_GBEST | Indices: (89, 4) | Local Improvement: 0.0
  Move 16: GUIDED_SWAP_TO_GBEST | Indices: (243, 70) | Local Improvement: 0.0
  Move 17: GUIDED_SWAP_TO_GBEST | Indices: (20, 97) | Local Improvement: 0.0
  Move 18: GUIDED_SWAP_TO_GBEST | Indices: (180, 84) | Local Improvement: 0.0
  Move 19: TRIPLE_SWAP | Indices: (131, 83, 183) | Local Improvement: 0.004359809027777883
  Move 20: RANDOM_SWAP | Indices: (224, 188) | Local Improvement: 0.0
  Move 21: RANDOM_SWAP | Indices: (90, 57) | Local Improvement: 0.0
  Move 22: RANDOM_SWAP | Indices: (115, 200) | Local Improvement: 0.0
  Move 23: RANDOM_SWAP | Indices: (16, 72) | Local Improvement: 0.0
=================================================================================
=================================================================================
2026-02-01T15:53:06.590 | Step 4 | Particle 14 | GLOBAL BEST ACHIEVED!
Global Improvement: 0.002617187500000062
All moves in this step:
  Move 1: GUIDED_SWAP_TO_GBEST | Indices: (115, 200) | Local Improvement: 0.0
  Move 2: GUIDED_SWAP_TO_GBEST | Indices: (188, 224) | Local Improvement: 0.0
  Move 3: GUIDED_SWAP_TO_GBEST | Indices: (109, 84) | Local Improvement: 0.0
  Move 4: GUIDED_SWAP_TO_GBEST | Indices: (16, 72) | Local Improvement: 0.0
  Move 5: GUIDED_SWAP_TO_GBEST | Indices: (83, 131) | Local Improvement: 0.0
  Move 6: GUIDED_SWAP_TO_GBEST | Indices: (57, 90) | Local Improvement: 0.0
  Move 7: GUIDED_SWAP_TO_GBEST | Indices: (183, 131) | Local Improvement: 0.0
  Move 8: GUIDED_SWAP_TO_PBEST | Indices: (16, 72) | Local Improvement: 0.0
  Move 9: GUIDED_SWAP_TO_PBEST | Indices: (115, 200) | Local Improvement: 0.0
  Move 10: GUIDED_SWAP_TO_PBEST | Indices: (109, 84) | Local Improvement: 0.0
  Move 11: GUIDED_SWAP_TO_GBEST | Indices: (115, 200) | Local Improvement: 0.0
  Move 12: GUIDED_SWAP_TO_GBEST | Indices: (109, 84) | Local Improvement: 0.0
  Move 13: GUIDED_SWAP_TO_GBEST | Indices: (72, 16) | Local Improvement: 0.0
  Move 14: TRIPLE_SWAP | Indices: (229, 199, 122) | Local Improvement: 0.002617187500000062
=================================================================================
=================================================================================
2026-02-01T15:53:06.623 | Step 4 | Particle 100 | GLOBAL BEST ACHIEVED!
Global Improvement: 0.003593750000000062
All moves in this step:
  Move 1: GUIDED_SWAP_TO_GBEST | Indices: (83, 131) | Local Improvement: 0.0
  Move 2: GUIDED_SWAP_TO_GBEST | Indices: (115, 200) | Local Improvement: 0.0
  Move 3: GUIDED_SWAP_TO_GBEST | Indices: (225, 58) | Local Improvement: 0.0
  Move 4: GUIDED_SWAP_TO_GBEST | Indices: (72, 16) | Local Improvement: 0.0
  Move 5: GUIDED_SWAP_TO_PBEST | Indices: (83, 131) | Local Improvement: 0.0
  Move 6: GUIDED_SWAP_TO_PBEST | Indices: (225, 58) | Local Improvement: 0.0
  Move 7: GUIDED_SWAP_TO_PBEST | Indices: (72, 16) | Local Improvement: 0.0
  Move 8: GUIDED_SWAP_TO_PBEST | Indices: (200, 115) | Local Improvement: 0.0
  Move 9: GUIDED_SWAP_TO_GBEST | Indices: (72, 16) | Local Improvement: 0.0
  Move 10: GUIDED_SWAP_TO_GBEST | Indices: (224, 188) | Local Improvement: 0.0
  Move 11: GUIDED_SWAP_TO_GBEST | Indices: (183, 83) | Local Improvement: 0.0
  Move 12: GUIDED_SWAP_TO_GBEST | Indices: (90, 57) | Local Improvement: 0.0
  Move 13: GUIDED_SWAP_TO_GBEST | Indices: (20, 97) | Local Improvement: 0.0
  Move 14: GUIDED_SWAP_TO_PBEST | Indices: (72, 16) | Local Improvement: 0.0
  Move 15: GUIDED_SWAP_TO_PBEST | Indices: (57, 90) | Local Improvement: 0.0
  Move 16: GUIDED_SWAP_TO_PBEST | Indices: (224, 188) | Local Improvement: 0.0
  Move 17: GUIDED_SWAP_TO_PBEST | Indices: (183, 83) | Local Improvement: 0.0
  Move 18: GUIDED_SWAP_TO_GBEST | Indices: (109, 84) | Local Improvement: 0.0
  Move 19: GUIDED_SWAP_TO_GBEST | Indices: (115, 200) | Local Improvement: 0.0
  Move 20: GUIDED_SWAP_TO_GBEST | Indices: (225, 58) | Local Improvement: 0.0
  Move 21: GUIDED_SWAP_TO_GBEST | Indices: (16, 72) | Local Improvement: 0.0
  Move 22: GUIDED_SWAP_TO_GBEST | Indices: (224, 188) | Local Improvement: 0.0
  Move 23: TRIPLE_SWAP | Indices: (213, 25, 92) | Local Improvement: 0.0029101562500000178
=================================================================================
=================================================================================
2026-02-01T15:53:06.760 | Step 5 | Particle 13 | GLOBAL BEST ACHIEVED!
Global Improvement: 0.0002539062499999911
All moves in this step:
  Move 1: GUIDED_SWAP_TO_PBEST | Indices: (214, 208) | Local Improvement: 0.0
  Move 2: GUIDED_SWAP_TO_PBEST | Indices: (162, 209) | Local Improvement: 0.0
  Move 3: GUIDED_SWAP_TO_PBEST | Indices: (85, 90) | Local Improvement: 0.0
  Move 4: GUIDED_SWAP_TO_PBEST | Indices: (115, 200) | Local Improvement: 0.0
  Move 5: GUIDED_SWAP_TO_PBEST | Indices: (224, 188) | Local Improvement: 0.0
  Move 6: GUIDED_SWAP_TO_GBEST | Indices: (227, 248) | Local Improvement: 0.0
  Move 7: GUIDED_SWAP_TO_GBEST | Indices: (83, 183) | Local Improvement: 0.0
  Move 8: GUIDED_SWAP_TO_GBEST | Indices: (213, 92) | Local Improvement: 0.0
  Move 9: GUIDED_SWAP_TO_GBEST | Indices: (84, 109) | Local Improvement: 0.0
  Move 10: GUIDED_SWAP_TO_PBEST | Indices: (213, 92) | Local Improvement: 0.0
  Move 11: GUIDED_SWAP_TO_PBEST | Indices: (249, 228) | Local Improvement: 0.0
  Move 12: GUIDED_SWAP_TO_PBEST | Indices: (109, 84) | Local Improvement: 0.0
  Move 13: GUIDED_SWAP_TO_PBEST | Indices: (16, 72) | Local Improvement: 0.0
  Move 14: GUIDED_SWAP_TO_GBEST | Indices: (93, 117) | Local Improvement: 0.0
  Move 15: GUIDED_SWAP_TO_GBEST | Indices: (97, 20) | Local Improvement: 0.0
  Move 16: GUIDED_SWAP_TO_GBEST | Indices: (115, 200) | Local Improvement: 0.0
  Move 17: GUIDED_SWAP_TO_GBEST | Indices: (224, 188) | Local Improvement: 0.0
  Move 18: GUIDED_SWAP_TO_GBEST | Indices: (72, 16) | Local Improvement: 0.0
  Move 19: GUIDED_SWAP_TO_GBEST | Indices: (25, 213) | Local Improvement: 0.0
  Move 20: GUIDED_SWAP_TO_GBEST | Indices: (225, 58) | Local Improvement: 0.0
  Move 21: GUIDED_SWAP_TO_GBEST | Indices: (213, 92) | Local Improvement: 0.0
  Move 22: GUIDED_SWAP_TO_GBEST | Indices: (84, 109) | Local Improvement: 0.0
  Move 23: TRIPLE_SWAP | Indices: (31, 11, 151) | Local Improvement: 0.0002539062499999911
=================================================================================
=================================================================================
2026-02-01T15:53:06.761 | Step 5 | Particle 14 | GLOBAL BEST ACHIEVED!
Global Improvement: 0.0006445312499998579
All moves in this step:
  Move 1: GUIDED_SWAP_TO_GBEST | Indices: (131, 83) | Local Improvement: 0.0
  Move 2: GUIDED_SWAP_TO_GBEST | Indices: (229, 199) | Local Improvement: 0.0
  Move 3: GUIDED_SWAP_TO_GBEST | Indices: (25, 213) | Local Improvement: 0.0
  Move 4: GUIDED_SWAP_TO_GBEST | Indices: (83, 183) | Local Improvement: 0.0
  Move 5: GUIDED_SWAP_TO_GBEST | Indices: (90, 57) | Local Improvement: 0.0
  Move 6: GUIDED_SWAP_TO_GBEST | Indices: (213, 92) | Local Improvement: 0.0
  Move 7: GUIDED_SWAP_TO_GBEST | Indices: (122, 199) | Local Improvement: 0.0
  Move 8: GUIDED_SWAP_TO_PBEST | Indices: (90, 57) | Local Improvement: 0.0
  Move 9: GUIDED_SWAP_TO_PBEST | Indices: (213, 25) | Local Improvement: 0.0
  Move 10: GUIDED_SWAP_TO_PBEST | Indices: (25, 92) | Local Improvement: 0.0
  Move 11: GUIDED_SWAP_TO_PBEST | Indices: (83, 131) | Local Improvement: 0.0
  Move 12: GUIDED_SWAP_TO_PBEST | Indices: (131, 183) | Local Improvement: 0.0
  Move 13: GUIDED_SWAP_TO_GBEST | Indices: (25, 213) | Local Improvement: 0.0
  Move 14: GUIDED_SWAP_TO_GBEST | Indices: (83, 183) | Local Improvement: 0.0
  Move 15: GUIDED_SWAP_TO_GBEST | Indices: (57, 90) | Local Improvement: 0.0
  Move 16: GUIDED_SWAP_TO_GBEST | Indices: (131, 183) | Local Improvement: 0.0
  Move 17: TRIPLE_SWAP | Indices: (7, 192, 248) | Local Improvement: 0.0027148437499999734
=================================================================================
=================================================================================
2026-02-01T15:53:06.767 | Step 5 | Particle 29 | GLOBAL BEST ACHIEVED!
Global Improvement: 0.0017773437499999378
All moves in this step:
  Move 1: GUIDED_SWAP_TO_PBEST | Indices: (48, 141) | Local Improvement: 0.0
  Move 2: GUIDED_SWAP_TO_PBEST | Indices: (43, 242) | Local Improvement: 0.0
  Move 3: GUIDED_SWAP_TO_PBEST | Indices: (20, 13) | Local Improvement: 0.0
  Move 4: GUIDED_SWAP_TO_GBEST | Indices: (83, 183) | Local Improvement: 0.0
  Move 5: GUIDED_SWAP_TO_GBEST | Indices: (57, 90) | Local Improvement: 0.0
  Move 6: GUIDED_SWAP_TO_GBEST | Indices: (183, 131) | Local Improvement: 0.0
  Move 7: GUIDED_SWAP_TO_GBEST | Indices: (213, 92) | Local Improvement: 0.0
  Move 8: GUIDED_SWAP_TO_PBEST | Indices: (90, 57) | Local Improvement: 0.0
  Move 9: GUIDED_SWAP_TO_PBEST | Indices: (213, 92) | Local Improvement: 0.0
  Move 10: GUIDED_SWAP_TO_PBEST | Indices: (183, 83) | Local Improvement: 0.0
  Move 11: GUIDED_SWAP_TO_GBEST | Indices: (83, 183) | Local Improvement: 0.0
  Move 12: GUIDED_SWAP_TO_GBEST | Indices: (90, 57) | Local Improvement: 0.0
  Move 13: GUIDED_SWAP_TO_GBEST | Indices: (213, 92) | Local Improvement: 0.0
  Move 14: TRIPLE_SWAP | Indices: (220, 222, 152) | Local Improvement: 0.002519531249999929
=================================================================================
=================================================================================
2026-02-01T15:53:07.014 | Step 6 | Particle 8 | GLOBAL BEST ACHIEVED!
Global Improvement: 0.0012304687499999911
All moves in this step:
  Move 1: GUIDED_SWAP_TO_GBEST | Indices: (248, 92) | Local Improvement: 0.0
  Move 2: GUIDED_SWAP_TO_GBEST | Indices: (222, 220) | Local Improvement: 0.0
  Move 3: GUIDED_SWAP_TO_GBEST | Indices: (1, 141) | Local Improvement: 0.0
  Move 4: GUIDED_SWAP_TO_GBEST | Indices: (48, 92) | Local Improvement: 0.0
  Move 5: GUIDED_SWAP_TO_GBEST | Indices: (152, 220) | Local Improvement: 0.0
  Move 6: GUIDED_SWAP_TO_PBEST | Indices: (141, 1) | Local Improvement: 0.0
  Move 7: GUIDED_SWAP_TO_PBEST | Indices: (220, 222) | Local Improvement: 0.0
  Move 8: GUIDED_SWAP_TO_PBEST | Indices: (222, 152) | Local Improvement: 0.0
  Move 9: GUIDED_SWAP_TO_PBEST | Indices: (248, 48) | Local Improvement: 0.0
  Move 10: GUIDED_SWAP_TO_GBEST | Indices: (248, 48) | Local Improvement: 0.0
  Move 11: GUIDED_SWAP_TO_GBEST | Indices: (90, 57) | Local Improvement: 0.0
  Move 12: GUIDED_SWAP_TO_GBEST | Indices: (224, 188) | Local Improvement: 0.0
  Move 13: GUIDED_SWAP_TO_GBEST | Indices: (152, 222) | Local Improvement: 0.0
  Move 14: GUIDED_SWAP_TO_GBEST | Indices: (222, 220) | Local Improvement: 0.0
  Move 15: GUIDED_SWAP_TO_GBEST | Indices: (141, 1) | Local Improvement: 0.0
  Move 16: TRIPLE_SWAP | Indices: (129, 46, 231) | Local Improvement: 0.0012304687499999911
=================================================================================
=================================================================================
2026-02-01T15:53:07.020 | Step 6 | Particle 21 | GLOBAL BEST ACHIEVED!
Global Improvement: 0.0020703125000001155
All moves in this step:
  Move 1: GUIDED_SWAP_TO_PBEST | Indices: (43, 110) | Local Improvement: 0.0
  Move 2: GUIDED_SWAP_TO_PBEST | Indices: (92, 25) | Local Improvement: 0.0
  Move 3: GUIDED_SWAP_TO_PBEST | Indices: (83, 131) | Local Improvement: 0.0
  Move 4: GUIDED_SWAP_TO_GBEST | Indices: (131, 83) | Local Improvement: 0.0
  Move 5: GUIDED_SWAP_TO_GBEST | Indices: (3, 112) | Local Improvement: 0.0
  Move 6: GUIDED_SWAP_TO_GBEST | Indices: (222, 220) | Local Improvement: 0.0
  Move 7: GUIDED_SWAP_TO_PBEST | Indices: (83, 131) | Local Improvement: 0.0
  Move 8: GUIDED_SWAP_TO_PBEST | Indices: (220, 222) | Local Improvement: 0.0
  Move 9: GUIDED_SWAP_TO_PBEST | Indices: (3, 112) | Local Improvement: 0.0
  Move 10: GUIDED_SWAP_TO_PBEST | Indices: (16, 72) | Local Improvement: 0.0
  Move 11: GUIDED_SWAP_TO_GBEST | Indices: (152, 222) | Local Improvement: 0.0
  Move 12: GUIDED_SWAP_TO_GBEST | Indices: (3, 112) | Local Improvement: 0.0
  Move 13: GUIDED_SWAP_TO_GBEST | Indices: (220, 222) | Local Improvement: 0.0
  Move 14: GUIDED_SWAP_TO_GBEST | Indices: (16, 72) | Local Improvement: 0.0
  Move 15: GUIDED_SWAP_TO_GBEST | Indices: (92, 213) | Local Improvement: 0.0
  Move 16: GUIDED_SWAP_TO_PBEST | Indices: (152, 220) | Local Improvement: 0.0
  Move 17: GUIDED_SWAP_TO_PBEST | Indices: (72, 16) | Local Improvement: 0.0
  Move 18: GUIDED_SWAP_TO_PBEST | Indices: (3, 112) | Local Improvement: 0.0
  Move 19: GUIDED_SWAP_TO_PBEST | Indices: (226, 243) | Local Improvement: 0.0
  Move 20: GUIDED_SWAP_TO_PBEST | Indices: (213, 92) | Local Improvement: 0.0
  Move 21: GUIDED_SWAP_TO_GBEST | Indices: (243, 226) | Local Improvement: 0.0
  Move 22: GUIDED_SWAP_TO_GBEST | Indices: (152, 220) | Local Improvement: 0.0
  Move 23: GUIDED_SWAP_TO_GBEST | Indices: (92, 213) | Local Improvement: 0.0
  Move 24: GUIDED_SWAP_TO_GBEST | Indices: (3, 112) | Local Improvement: 0.0
  Move 25: TRIPLE_SWAP | Indices: (34, 173, 199) | Local Improvement: 0.003007812500000151
=================================================================================
=================================================================================
2026-02-01T15:53:07.028 | Step 6 | Particle 40 | GLOBAL BEST ACHIEVED!
Global Improvement: 0.0021679687500000266
All moves in this step:
  Move 1: GUIDED_SWAP_TO_GBEST | Indices: (25, 92) | Local Improvement: 0.0
  Move 2: GUIDED_SWAP_TO_GBEST | Indices: (152, 222) | Local Improvement: 0.0
  Move 3: GUIDED_SWAP_TO_GBEST | Indices: (220, 222) | Local Improvement: 0.0
  Move 4: TRIPLE_SWAP | Indices: (117, 215, 3) | Local Improvement: 0.0021679687500000266
=================================================================================
=================================================================================
2026-02-01T15:53:07.031 | Step 6 | Particle 48 | GLOBAL BEST ACHIEVED!
Global Improvement: 0.0028124999999998845
All moves in this step:
  Move 1: GUIDED_SWAP_TO_GBEST | Indices: (222, 220) | Local Improvement: 0.0
  Move 2: GUIDED_SWAP_TO_GBEST | Indices: (220, 152) | Local Improvement: 0.0
  Move 3: GUIDED_SWAP_TO_GBEST | Indices: (92, 25) | Local Improvement: 0.0
  Move 4: GUIDED_SWAP_TO_GBEST | Indices: (116, 30) | Local Improvement: 0.0
  Move 5: GUIDED_SWAP_TO_PBEST | Indices: (116, 30) | Local Improvement: 0.0
  Move 6: GUIDED_SWAP_TO_PBEST | Indices: (220, 222) | Local Improvement: 0.0
  Move 7: GUIDED_SWAP_TO_PBEST | Indices: (152, 222) | Local Improvement: 0.0
  Move 8: GUIDED_SWAP_TO_PBEST | Indices: (92, 25) | Local Improvement: 0.0
  Move 9: GUIDED_SWAP_TO_GBEST | Indices: (25, 92) | Local Improvement: 0.0
  Move 10: GUIDED_SWAP_TO_GBEST | Indices: (222, 220) | Local Improvement: 0.0
  Move 11: GUIDED_SWAP_TO_GBEST | Indices: (152, 220) | Local Improvement: 0.0
  Move 12: GUIDED_SWAP_TO_GBEST | Indices: (30, 116) | Local Improvement: 0.0
  Move 13: GUIDED_SWAP_TO_PBEST | Indices: (220, 222) | Local Improvement: 0.0
  Move 14: GUIDED_SWAP_TO_PBEST | Indices: (116, 30) | Local Improvement: 0.0
  Move 15: GUIDED_SWAP_TO_PBEST | Indices: (92, 25) | Local Improvement: 0.0
  Move 16: GUIDED_SWAP_TO_PBEST | Indices: (152, 222) | Local Improvement: 0.0
  Move 17: GUIDED_SWAP_TO_GBEST | Indices: (30, 116) | Local Improvement: 0.0
  Move 18: GUIDED_SWAP_TO_GBEST | Indices: (92, 25) | Local Improvement: 0.0
  Move 19: GUIDED_SWAP_TO_GBEST | Indices: (152, 222) | Local Improvement: 0.0
  Move 20: GUIDED_SWAP_TO_GBEST | Indices: (220, 222) | Local Improvement: 0.0
  Move 21: TRIPLE_SWAP | Indices: (134, 162, 33) | Local Improvement: 0.0028124999999998845
=================================================================================
=================================================================================
2026-02-01T15:53:07.085 | Step 6 | Particle 187 | GLOBAL BEST ACHIEVED!
Global Improvement: 0.0035546875000000977
All moves in this step:
  Move 1: GUIDED_SWAP_TO_GBEST | Indices: (58, 9) | Local Improvement: 0.0
  Move 2: GUIDED_SWAP_TO_GBEST | Indices: (144, 206) | Local Improvement: 0.0
  Move 3: GUIDED_SWAP_TO_GBEST | Indices: (74, 101) | Local Improvement: 0.0
  Move 4: GUIDED_SWAP_TO_GBEST | Indices: (254, 231) | Local Improvement: 0.0
  Move 5: GUIDED_SWAP_TO_GBEST | Indices: (135, 132) | Local Improvement: 0.0
  Move 6: GUIDED_SWAP_TO_PBEST | Indices: (58, 9) | Local Improvement: 0.0
  Move 7: GUIDED_SWAP_TO_PBEST | Indices: (101, 74) | Local Improvement: 0.0
  Move 8: GUIDED_SWAP_TO_PBEST | Indices: (144, 206) | Local Improvement: 0.0
  Move 9: GUIDED_SWAP_TO_PBEST | Indices: (132, 135) | Local Improvement: 0.0
  Move 10: GUIDED_SWAP_TO_GBEST | Indices: (144, 206) | Local Improvement: 0.0
  Move 11: GUIDED_SWAP_TO_GBEST | Indices: (92, 213) | Local Improvement: 0.0
  Move 12: GUIDED_SWAP_TO_GBEST | Indices: (135, 132) | Local Improvement: 0.0
  Move 13: GUIDED_SWAP_TO_GBEST | Indices: (62, 94) | Local Improvement: 0.0
  Move 14: GUIDED_SWAP_TO_GBEST | Indices: (101, 74) | Local Improvement: 0.0
  Move 15: GUIDED_SWAP_TO_PBEST | Indices: (144, 206) | Local Improvement: 0.0
  Move 16: GUIDED_SWAP_TO_PBEST | Indices: (92, 213) | Local Improvement: 0.0
  Move 17: GUIDED_SWAP_TO_PBEST | Indices: (231, 254) | Local Improvement: 0.0
  Move 18: GUIDED_SWAP_TO_PBEST | Indices: (62, 94) | Local Improvement: 0.0
  Move 19: GUIDED_SWAP_TO_PBEST | Indices: (135, 132) | Local Improvement: 0.0
  Move 20: GUIDED_SWAP_TO_GBEST | Indices: (152, 222) | Local Improvement: 0.0
  Move 21: GUIDED_SWAP_TO_GBEST | Indices: (109, 84) | Local Improvement: 0.0
  Move 22: GUIDED_SWAP_TO_GBEST | Indices: (222, 220) | Local Improvement: 0.0
  Move 23: GUIDED_SWAP_TO_GBEST | Indices: (144, 206) | Local Improvement: 0.0
  Move 24: GUIDED_SWAP_TO_GBEST | Indices: (57, 90) | Local Improvement: 0.0
  Move 25: TRIPLE_SWAP | Indices: (190, 81, 2) | Local Improvement: 0.002617187500000062
=================================================================================
=================================================================================
2026-02-01T15:53:07.198 | Step 7 | Particle 50 | GLOBAL BEST ACHIEVED!
Global Improvement: 0.0011328124999998579
All moves in this step:
  Move 1: GUIDED_SWAP_TO_GBEST | Indices: (254, 231) | Local Improvement: 0.0
  Move 2: GUIDED_SWAP_TO_GBEST | Indices: (226, 132) | Local Improvement: 0.0
  Move 3: GUIDED_SWAP_TO_GBEST | Indices: (88, 119) | Local Improvement: 0.0
  Move 4: GUIDED_SWAP_TO_GBEST | Indices: (190, 2) | Local Improvement: 0.0
  Move 5: GUIDED_SWAP_TO_GBEST | Indices: (58, 183) | Local Improvement: 0.0
  Move 6: GUIDED_SWAP_TO_GBEST | Indices: (217, 172) | Local Improvement: 0.0
  Move 7: GUIDED_SWAP_TO_GBEST | Indices: (2, 81) | Local Improvement: 0.0
  Move 8: GUIDED_SWAP_TO_GBEST | Indices: (9, 183) | Local Improvement: 0.0
  Move 9: GUIDED_SWAP_TO_GBEST | Indices: (213, 92) | Local Improvement: 0.0
  Move 10: GUIDED_SWAP_TO_GBEST | Indices: (132, 135) | Local Improvement: 0.0
  Move 11: GUIDED_SWAP_TO_GBEST | Indices: (172, 183) | Local Improvement: 0.0
  Move 12: GUIDED_SWAP_TO_GBEST | Indices: (94, 62) | Local Improvement: 0.0
  Move 13: GUIDED_SWAP_TO_GBEST | Indices: (89, 185) | Local Improvement: 0.0
  Move 14: GUIDED_SWAP_TO_GBEST | Indices: (104, 119) | Local Improvement: 0.0
  Move 15: TRIPLE_SWAP | Indices: (88, 162, 9) | Local Improvement: 0.0011328124999998579
=================================================================================
=================================================================================
2026-02-01T15:53:07.398 | Step 8 | Particle 29 | GLOBAL BEST ACHIEVED!
Global Improvement: 0.0006445312500000799
All moves in this step:
  Move 1: GUIDED_SWAP_TO_GBEST | Indices: (132, 226) | Local Improvement: 0.0
  Move 2: GUIDED_SWAP_TO_GBEST | Indices: (162, 88) | Local Improvement: 0.0
  Move 3: GUIDED_SWAP_TO_GBEST | Indices: (2, 81) | Local Improvement: 0.0
  Move 4: GUIDED_SWAP_TO_GBEST | Indices: (9, 88) | Local Improvement: 0.0
  Move 5: TRIPLE_SWAP | Indices: (58, 237, 60) | Local Improvement: 0.0009375000000000355
=================================================================================
=================================================================================
2026-02-01T15:53:07.597 | Step 9 | Particle 147 | GLOBAL BEST ACHIEVED!
Global Improvement: 0.0003515624999999023
All moves in this step:
  Move 1: GUIDED_SWAP_TO_GBEST | Indices: (81, 190) | Local Improvement: 0.0
  Move 2: GUIDED_SWAP_TO_GBEST | Indices: (88, 58) | Local Improvement: 0.0
  Move 3: GUIDED_SWAP_TO_GBEST | Indices: (59, 123) | Local Improvement: 0.0
  Move 4: GUIDED_SWAP_TO_GBEST | Indices: (60, 237) | Local Improvement: 0.0
  Move 5: GUIDED_SWAP_TO_GBEST | Indices: (123, 25) | Local Improvement: 0.0
  Move 6: GUIDED_SWAP_TO_PBEST | Indices: (237, 60) | Local Improvement: 0.0
  Move 7: GUIDED_SWAP_TO_PBEST | Indices: (88, 58) | Local Improvement: 0.0
  Move 8: GUIDED_SWAP_TO_PBEST | Indices: (81, 190) | Local Improvement: 0.0
  Move 9: GUIDED_SWAP_TO_PBEST | Indices: (59, 25) | Local Improvement: 0.0
  Move 10: GUIDED_SWAP_TO_GBEST | Indices: (25, 59) | Local Improvement: 0.0
  Move 11: GUIDED_SWAP_TO_GBEST | Indices: (60, 237) | Local Improvement: 0.0
  Move 12: GUIDED_SWAP_TO_GBEST | Indices: (226, 132) | Local Improvement: 0.0
  Move 13: GUIDED_SWAP_TO_GBEST | Indices: (70, 243) | Local Improvement: 0.0
  Move 14: GUIDED_SWAP_TO_GBEST | Indices: (190, 81) | Local Improvement: 0.0
  Move 15: GUIDED_SWAP_TO_GBEST | Indices: (58, 237) | Local Improvement: 0.0
  Move 16: GUIDED_SWAP_TO_GBEST | Indices: (162, 88) | Local Improvement: 0.0
  Move 17: GUIDED_SWAP_TO_GBEST | Indices: (62, 94) | Local Improvement: 0.0
  Move 18: TRIPLE_SWAP | Indices: (32, 99, 253) | Local Improvement: 0.0019726562499999822
=================================================================================
=================================================================================
2026-02-01T15:53:07.613 | Step 9 | Particle 187 | GLOBAL BEST ACHIEVED!
Global Improvement: 0.0003906249999998668
All moves in this step:
  Move 1: GUIDED_SWAP_TO_GBEST | Indices: (25, 59) | Local Improvement: 0.0
  Move 2: GUIDED_SWAP_TO_GBEST | Indices: (88, 58) | Local Improvement: 0.0
  Move 3: GUIDED_SWAP_TO_GBEST | Indices: (237, 58) | Local Improvement: 0.0
  Move 4: GUIDED_SWAP_TO_GBEST | Indices: (59, 123) | Local Improvement: 0.0
  Move 5: GUIDED_SWAP_TO_GBEST | Indices: (58, 60) | Local Improvement: 0.0
  Move 6: TRIPLE_SWAP | Indices: (94, 155, 136) | Local Improvement: 0.0003906249999998668
=================================================================================
=================================================================================
2026-02-01T15:53:07.699 | Step 10 | Particle 28 | GLOBAL BEST ACHIEVED!
Global Improvement: 0.0007421874999999911
All moves in this step:
  Move 1: GUIDED_SWAP_TO_GBEST | Indices: (136, 155) | Local Improvement: 0.0
  Move 2: GUIDED_SWAP_TO_GBEST | Indices: (135, 226) | Local Improvement: 0.0
  Move 3: GUIDED_SWAP_TO_GBEST | Indices: (25, 123) | Local Improvement: 0.0
  Move 4: GUIDED_SWAP_TO_GBEST | Indices: (229, 179) | Local Improvement: 0.0
  Move 5: GUIDED_SWAP_TO_GBEST | Indices: (226, 179) | Local Improvement: 0.0
  Move 6: GUIDED_SWAP_TO_PBEST | Indices: (155, 136) | Local Improvement: 0.0
  Move 7: GUIDED_SWAP_TO_PBEST | Indices: (229, 226) | Local Improvement: 0.0
  Move 8: GUIDED_SWAP_TO_PBEST | Indices: (226, 135) | Local Improvement: 0.0
  Move 9: GUIDED_SWAP_TO_PBEST | Indices: (135, 179) | Local Improvement: 0.0
  Move 10: GUIDED_SWAP_TO_PBEST | Indices: (25, 123) | Local Improvement: 0.0
  Move 11: GUIDED_SWAP_TO_GBEST | Indices: (155, 94) | Local Improvement: 0.0
  Move 12: GUIDED_SWAP_TO_GBEST | Indices: (135, 226) | Local Improvement: 0.0
  Move 13: GUIDED_SWAP_TO_GBEST | Indices: (179, 226) | Local Improvement: 0.0
  Move 14: GUIDED_SWAP_TO_GBEST | Indices: (25, 123) | Local Improvement: 0.0
  Move 15: GUIDED_SWAP_TO_GBEST | Indices: (226, 229) | Local Improvement: 0.0
=================================================================================
=================================================================================
2026-02-01T15:53:07.702 | Step 10 | Particle 34 | GLOBAL BEST ACHIEVED!
Global Improvement: 0.0009375000000000355
All moves in this step:
  Move 1: GUIDED_SWAP_TO_GBEST | Indices: (135, 226) | Local Improvement: 0.0
  Move 2: GUIDED_SWAP_TO_GBEST | Indices: (60, 237) | Local Improvement: 0.0
  Move 3: GUIDED_SWAP_TO_GBEST | Indices: (185, 89) | Local Improvement: 0.0
  Move 4: GUIDED_SWAP_TO_GBEST | Indices: (136, 155) | Local Improvement: 0.0
  Move 5: GUIDED_SWAP_TO_PBEST | Indices: (136, 155) | Local Improvement: 0.0
  Move 6: GUIDED_SWAP_TO_PBEST | Indices: (89, 185) | Local Improvement: 0.0
  Move 7: GUIDED_SWAP_TO_PBEST | Indices: (135, 226) | Local Improvement: 0.0
  Move 8: GUIDED_SWAP_TO_PBEST | Indices: (237, 60) | Local Improvement: 0.0
  Move 9: GUIDED_SWAP_TO_GBEST | Indices: (94, 136) | Local Improvement: 0.0
  Move 10: GUIDED_SWAP_TO_GBEST | Indices: (135, 226) | Local Improvement: 0.0
  Move 11: GUIDED_SWAP_TO_GBEST | Indices: (60, 237) | Local Improvement: 0.0
  Move 12: GUIDED_SWAP_TO_GBEST | Indices: (58, 237) | Local Improvement: 0.0
  Move 13: GUIDED_SWAP_TO_GBEST | Indices: (136, 155) | Local Improvement: 0.0
  Move 14: GUIDED_SWAP_TO_GBEST | Indices: (89, 185) | Local Improvement: 0.0
  Move 15: TRIPLE_SWAP | Indices: (122, 188, 244) | Local Improvement: 0.0009375000000000355
=================================================================================
=================================================================================
2026-02-01T15:53:07.837 | Step 11 | Particle 20 | GLOBAL BEST ACHIEVED!
Global Improvement: 9.765625000013323e-5
All moves in this step:
  Move 1: GUIDED_SWAP_TO_GBEST | Indices: (123, 25) | Local Improvement: 0.0
  Move 2: GUIDED_SWAP_TO_GBEST | Indices: (237, 38) | Local Improvement: 0.0
  Move 3: GUIDED_SWAP_TO_GBEST | Indices: (92, 213) | Local Improvement: 0.0
  Move 4: GUIDED_SWAP_TO_GBEST | Indices: (43, 60) | Local Improvement: 0.0
  Move 5: GUIDED_SWAP_TO_GBEST | Indices: (244, 188) | Local Improvement: 0.0
  Move 6: GUIDED_SWAP_TO_GBEST | Indices: (2, 81) | Local Improvement: 0.0
  Move 7: GUIDED_SWAP_TO_GBEST | Indices: (145, 178) | Local Improvement: 0.0
  Move 8: GUIDED_SWAP_TO_GBEST | Indices: (122, 188) | Local Improvement: 0.0
  Move 9: GUIDED_SWAP_TO_GBEST | Indices: (155, 62) | Local Improvement: 0.0
  Move 10: GUIDED_SWAP_TO_GBEST | Indices: (38, 60) | Local Improvement: 0.0
  Move 11: GUIDED_SWAP_TO_PBEST | Indices: (25, 123) | Local Improvement: 0.0
  Move 12: GUIDED_SWAP_TO_PBEST | Indices: (62, 155) | Local Improvement: 0.0
  Move 13: GUIDED_SWAP_TO_PBEST | Indices: (2, 81) | Local Improvement: 0.0
  Move 14: GUIDED_SWAP_TO_PBEST | Indices: (145, 178) | Local Improvement: 0.0
  Move 15: GUIDED_SWAP_TO_GBEST | Indices: (25, 123) | Local Improvement: 0.0
  Move 16: GUIDED_SWAP_TO_GBEST | Indices: (178, 145) | Local Improvement: 0.0
  Move 17: GUIDED_SWAP_TO_GBEST | Indices: (2, 81) | Local Improvement: 0.0
  Move 18: GUIDED_SWAP_TO_GBEST | Indices: (155, 62) | Local Improvement: 0.0
  Move 19: GUIDED_SWAP_TO_GBEST | Indices: (226, 132) | Local Improvement: 0.0
=================================================================================
=================================================================================
2026-02-01T15:53:07.984 | Step 12 | Particle 30 | GLOBAL BEST ACHIEVED!
Global Improvement: 0.0010351562499999467
All moves in this step:
  Move 1: GUIDED_SWAP_TO_GBEST | Indices: (231, 225) | Local Improvement: 0.0
  Move 2: GUIDED_SWAP_TO_GBEST | Indices: (94, 62) | Local Improvement: 0.0
  Move 3: GUIDED_SWAP_TO_GBEST | Indices: (180, 161) | Local Improvement: 0.0
  Move 4: GUIDED_SWAP_TO_GBEST | Indices: (2, 81) | Local Improvement: 0.0
  Move 5: GUIDED_SWAP_TO_PBEST | Indices: (2, 81) | Local Improvement: 0.0
  Move 6: GUIDED_SWAP_TO_PBEST | Indices: (231, 225) | Local Improvement: 0.0
  Move 7: GUIDED_SWAP_TO_PBEST | Indices: (62, 94) | Local Improvement: 0.0
  Move 8: GUIDED_SWAP_TO_PBEST | Indices: (161, 180) | Local Improvement: 0.0
  Move 9: GUIDED_SWAP_TO_GBEST | Indices: (231, 225) | Local Improvement: 0.0
  Move 10: GUIDED_SWAP_TO_GBEST | Indices: (190, 2) | Local Improvement: 0.0
  Move 11: GUIDED_SWAP_TO_GBEST | Indices: (94, 62) | Local Improvement: 0.0
  Move 12: GUIDED_SWAP_TO_GBEST | Indices: (2, 81) | Local Improvement: 0.0
  Move 13: GUIDED_SWAP_TO_GBEST | Indices: (161, 180) | Local Improvement: 0.0
  Move 14: TRIPLE_SWAP | Indices: (31, 239, 15) | Local Improvement: 0.0010351562499999467
=================================================================================
=================================================================================
2026-02-01T15:53:08.268 | Step 13 | Particle 122 | GLOBAL BEST ACHIEVED!
Global Improvement: 0.0008398437499999023
All moves in this step:
  Move 1: GUIDED_SWAP_TO_GBEST | Indices: (239, 31) | Local Improvement: 0.0
  Move 2: GUIDED_SWAP_TO_GBEST | Indices: (15, 31) | Local Improvement: 0.0
  Move 3: GUIDED_SWAP_TO_PBEST | Indices: (15, 31) | Local Improvement: 0.0
  Move 4: GUIDED_SWAP_TO_PBEST | Indices: (31, 239) | Local Improvement: 0.0
  Move 5: TRIPLE_SWAP | Indices: (62, 101, 120) | Local Improvement: 0.001874999999999849
=================================================================================
=================================================================================
2026-02-01T15:53:08.563 | Step 15 | Particle 181 | GLOBAL BEST ACHIEVED!
Global Improvement: 9.765625000013323e-5
All moves in this step:
  Move 1: GUIDED_SWAP_TO_PBEST | Indices: (171, 155) | Local Improvement: 0.0
  Move 2: GUIDED_SWAP_TO_PBEST | Indices: (80, 63) | Local Improvement: 0.0
  Move 3: GUIDED_SWAP_TO_PBEST | Indices: (178, 223) | Local Improvement: 0.0
  Move 4: GUIDED_SWAP_TO_PBEST | Indices: (3, 99) | Local Improvement: 0.0
  Move 5: GUIDED_SWAP_TO_GBEST | Indices: (99, 3) | Local Improvement: 0.0
  Move 6: GUIDED_SWAP_TO_GBEST | Indices: (101, 182) | Local Improvement: 0.0
  Move 7: GUIDED_SWAP_TO_GBEST | Indices: (62, 182) | Local Improvement: 0.0
  Move 8: GUIDED_SWAP_TO_PBEST | Indices: (120, 62) | Local Improvement: 0.0
  Move 9: GUIDED_SWAP_TO_PBEST | Indices: (188, 244) | Local Improvement: 0.0
  Move 10: GUIDED_SWAP_TO_PBEST | Indices: (244, 122) | Local Improvement: 0.0
  Move 11: GUIDED_SWAP_TO_PBEST | Indices: (94, 101) | Local Improvement: 0.0
  Move 12: GUIDED_SWAP_TO_PBEST | Indices: (62, 101) | Local Improvement: 0.0
  Move 13: GUIDED_SWAP_TO_GBEST | Indices: (244, 188) | Local Improvement: 0.0
  Move 14: GUIDED_SWAP_TO_GBEST | Indices: (188, 122) | Local Improvement: 0.0
  Move 15: GUIDED_SWAP_TO_GBEST | Indices: (62, 120) | Local Improvement: 0.0
  Move 16: GUIDED_SWAP_TO_GBEST | Indices: (101, 94) | Local Improvement: 0.0
=================================================================================
=================================================================================
2026-02-01T15:53:08.694 | Step 16 | Particle 131 | GLOBAL BEST ACHIEVED!
Global Improvement: 0.0005468749999999467
All moves in this step:
  Move 1: GUIDED_SWAP_TO_GBEST | Indices: (94, 120) | Local Improvement: 0.0
  Move 2: GUIDED_SWAP_TO_PBEST | Indices: (94, 120) | Local Improvement: 0.0
  Move 3: GUIDED_SWAP_TO_GBEST | Indices: (120, 94) | Local Improvement: 0.0
  Move 4: TRIPLE_SWAP | Indices: (233, 120, 129) | Local Improvement: 0.0005468749999999467
=================================================================================
=================================================================================
2026-02-01T15:53:08.814 | Step 17 | Particle 66 | GLOBAL BEST ACHIEVED!
Global Improvement: 0.0001953125000000444
All moves in this step:
  Move 1: GUIDED_SWAP_TO_GBEST | Indices: (94, 101) | Local Improvement: 0.0
  Move 2: GUIDED_SWAP_TO_GBEST | Indices: (233, 129) | Local Improvement: 0.0
  Move 3: GUIDED_SWAP_TO_GBEST | Indices: (239, 31) | Local Improvement: 0.0
  Move 4: GUIDED_SWAP_TO_GBEST | Indices: (88, 9) | Local Improvement: 0.0
  Move 5: GUIDED_SWAP_TO_GBEST | Indices: (129, 101) | Local Improvement: 0.0
  Move 6: GUIDED_SWAP_TO_PBEST | Indices: (239, 31) | Local Improvement: 0.0
  Move 7: GUIDED_SWAP_TO_PBEST | Indices: (233, 101) | Local Improvement: 0.0
  Move 8: GUIDED_SWAP_TO_PBEST | Indices: (9, 88) | Local Improvement: 0.0
  Move 9: GUIDED_SWAP_TO_PBEST | Indices: (129, 101) | Local Improvement: 0.0
  Move 10: GUIDED_SWAP_TO_PBEST | Indices: (101, 94) | Local Improvement: 0.0
  Move 11: GUIDED_SWAP_TO_GBEST | Indices: (239, 31) | Local Improvement: 0.0
  Move 12: GUIDED_SWAP_TO_GBEST | Indices: (233, 129) | Local Improvement: 0.0
  Move 13: GUIDED_SWAP_TO_GBEST | Indices: (120, 129) | Local Improvement: 0.0
  Move 14: GUIDED_SWAP_TO_GBEST | Indices: (101, 129) | Local Improvement: 0.0
  Move 15: GUIDED_SWAP_TO_GBEST | Indices: (129, 94) | Local Improvement: 0.0
  Move 16: GUIDED_SWAP_TO_PBEST | Indices: (233, 120) | Local Improvement: 0.0
  Move 17: GUIDED_SWAP_TO_PBEST | Indices: (129, 120) | Local Improvement: 0.0
  Move 18: GUIDED_SWAP_TO_PBEST | Indices: (120, 101) | Local Improvement: 0.0
  Move 19: GUIDED_SWAP_TO_PBEST | Indices: (94, 101) | Local Improvement: 0.0
  Move 20: GUIDED_SWAP_TO_PBEST | Indices: (31, 239) | Local Improvement: 0.0
  Move 21: GUIDED_SWAP_TO_GBEST | Indices: (101, 120) | Local Improvement: 0.0
  Move 22: GUIDED_SWAP_TO_GBEST | Indices: (239, 31) | Local Improvement: 0.0
  Move 23: GUIDED_SWAP_TO_GBEST | Indices: (94, 120) | Local Improvement: 0.0
  Move 24: GUIDED_SWAP_TO_GBEST | Indices: (88, 9) | Local Improvement: 0.0
  Move 25: GUIDED_SWAP_TO_GBEST | Indices: (120, 233) | Local Improvement: 0.0
=================================================================================
=================================================================================
2026-02-01T15:53:08.821 | Step 17 | Particle 81 | GLOBAL BEST ACHIEVED!
Global Improvement: 0.0002929687499999556
All moves in this step:
  Move 1: GUIDED_SWAP_TO_GBEST | Indices: (120, 233) | Local Improvement: 0.0
  Move 2: GUIDED_SWAP_TO_GBEST | Indices: (129, 233) | Local Improvement: 0.0
  Move 3: GUIDED_SWAP_TO_PBEST | Indices: (233, 120) | Local Improvement: 0.0
  Move 4: GUIDED_SWAP_TO_PBEST | Indices: (129, 120) | Local Improvement: 0.0
  Move 5: GUIDED_SWAP_TO_GBEST | Indices: (233, 129) | Local Improvement: 0.0
  Move 6: GUIDED_SWAP_TO_GBEST | Indices: (129, 120) | Local Improvement: 0.0
  Move 7: TRIPLE_SWAP | Indices: (143, 84, 247) | Local Improvement: 0.0002929687499999556
=================================================================================
=================================================================================
2026-02-01T15:53:09.028 | Step 18 | Particle 37 | GLOBAL BEST ACHIEVED!
Global Improvement: 9.765624999991118e-5
All moves in this step:
  Move 1: GUIDED_SWAP_TO_PBEST | Indices: (94, 129) | Local Improvement: 0.0
  Move 2: GUIDED_SWAP_TO_PBEST | Indices: (89, 46) | Local Improvement: 0.0
  Move 3: GUIDED_SWAP_TO_PBEST | Indices: (104, 127) | Local Improvement: 0.0
  Move 4: GUIDED_SWAP_TO_PBEST | Indices: (233, 120) | Local Improvement: 0.0
  Move 5: GUIDED_SWAP_TO_PBEST | Indices: (129, 120) | Local Improvement: 0.0
  Move 6: GUIDED_SWAP_TO_GBEST | Indices: (143, 247) | Local Improvement: 0.0
  Move 7: GUIDED_SWAP_TO_GBEST | Indices: (120, 233) | Local Improvement: 0.0
  Move 8: GUIDED_SWAP_TO_GBEST | Indices: (94, 233) | Local Improvement: 0.0
  Move 9: GUIDED_SWAP_TO_GBEST | Indices: (233, 129) | Local Improvement: 0.0
  Move 10: GUIDED_SWAP_TO_GBEST | Indices: (46, 89) | Local Improvement: 0.0
  Move 11: GUIDED_SWAP_TO_PBEST | Indices: (247, 143) | Local Improvement: 0.0
  Move 12: GUIDED_SWAP_TO_PBEST | Indices: (233, 120) | Local Improvement: 0.0
  Move 13: GUIDED_SWAP_TO_PBEST | Indices: (120, 94) | Local Improvement: 0.0
  Move 14: GUIDED_SWAP_TO_PBEST | Indices: (89, 46) | Local Improvement: 0.0
  Move 15: GUIDED_SWAP_TO_PBEST | Indices: (94, 129) | Local Improvement: 0.0
  Move 16: GUIDED_SWAP_TO_GBEST | Indices: (143, 247) | Local Improvement: 0.0
  Move 17: GUIDED_SWAP_TO_GBEST | Indices: (46, 89) | Local Improvement: 0.0
  Move 18: GUIDED_SWAP_TO_GBEST | Indices: (129, 94) | Local Improvement: 0.0
  Move 19: GUIDED_SWAP_TO_GBEST | Indices: (247, 84) | Local Improvement: 0.0
  Move 20: GUIDED_SWAP_TO_GBEST | Indices: (94, 120) | Local Improvement: 0.0
  Move 21: GUIDED_SWAP_TO_GBEST | Indices: (233, 120) | Local Improvement: 0.0
  Move 22: TRIPLE_SWAP | Indices: (175, 238, 31) | Local Improvement: 9.765624999991118e-5
=================================================================================
=================================================================================
2026-02-01T15:53:09.228 | Step 19 | Particle 133 | GLOBAL BEST ACHIEVED!
Global Improvement: 0.00035156250000012434
All moves in this step:
  Move 1: GUIDED_SWAP_TO_GBEST | Indices: (175, 31) | Local Improvement: 0.0
  Move 2: GUIDED_SWAP_TO_GBEST | Indices: (238, 31) | Local Improvement: 0.0
  Move 3: GUIDED_SWAP_TO_GBEST | Indices: (247, 84) | Local Improvement: 0.0
  Move 4: GUIDED_SWAP_TO_GBEST | Indices: (84, 143) | Local Improvement: 0.0
  Move 5: GUIDED_SWAP_TO_PBEST | Indices: (84, 247) | Local Improvement: 0.0
  Move 6: GUIDED_SWAP_TO_PBEST | Indices: (175, 238) | Local Improvement: 0.0
  Move 7: GUIDED_SWAP_TO_PBEST | Indices: (31, 238) | Local Improvement: 0.0
  Move 8: GUIDED_SWAP_TO_PBEST | Indices: (143, 247) | Local Improvement: 0.0
  Move 9: GUIDED_SWAP_TO_GBEST | Indices: (238, 175) | Local Improvement: 0.0
  Move 10: GUIDED_SWAP_TO_GBEST | Indices: (143, 247) | Local Improvement: 0.0
  Move 11: GUIDED_SWAP_TO_GBEST | Indices: (175, 31) | Local Improvement: 0.0
  Move 12: GUIDED_SWAP_TO_GBEST | Indices: (84, 247) | Local Improvement: 0.0
  Move 13: TRIPLE_SWAP | Indices: (178, 136, 68) | Local Improvement: 0.00035156250000012434
=================================================================================
=================================================================================
2026-02-01T15:53:09.448 | Step 20 | Particle 27 | GLOBAL BEST ACHIEVED!
Global Improvement: 0.0001953125000000444
All moves in this step:
  Move 1: GUIDED_SWAP_TO_GBEST | Indices: (136, 178) | Local Improvement: 0.0
  Move 2: GUIDED_SWAP_TO_GBEST | Indices: (178, 68) | Local Improvement: 0.0
  Move 3: GUIDED_SWAP_TO_PBEST | Indices: (68, 178) | Local Improvement: 0.0
  Move 4: GUIDED_SWAP_TO_PBEST | Indices: (136, 178) | Local Improvement: 0.0
  Move 5: GUIDED_SWAP_TO_GBEST | Indices: (178, 68) | Local Improvement: 0.0
  Move 6: GUIDED_SWAP_TO_GBEST | Indices: (68, 136) | Local Improvement: 0.0
  Move 7: TRIPLE_SWAP | Indices: (29, 122, 54) | Local Improvement: 0.0001953125000000444
=================================================================================
=================================================================================
2026-02-01T15:53:09.454 | Step 20 | Particle 38 | GLOBAL BEST ACHIEVED!
Global Improvement: 0.0003906250000000888
All moves in this step:
  Move 1: GUIDED_SWAP_TO_GBEST | Indices: (136, 178) | Local Improvement: 0.0
  Move 2: GUIDED_SWAP_TO_GBEST | Indices: (178, 68) | Local Improvement: 0.0
  Move 3: GUIDED_SWAP_TO_PBEST | Indices: (136, 68) | Local Improvement: 0.0
  Move 4: GUIDED_SWAP_TO_PBEST | Indices: (178, 68) | Local Improvement: 0.0
  Move 5: GUIDED_SWAP_TO_GBEST | Indices: (68, 136) | Local Improvement: 0.0
  Move 6: GUIDED_SWAP_TO_GBEST | Indices: (136, 178) | Local Improvement: 0.0
  Move 7: TRIPLE_SWAP | Indices: (193, 59, 21) | Local Improvement: 0.0003906250000000888
=================================================================================
=================================================================================
2026-02-01T15:53:09.468 | Step 20 | Particle 73 | GLOBAL BEST ACHIEVED!
Global Improvement: 0.0008398437499999023
All moves in this step:
  Move 1: GUIDED_SWAP_TO_GBEST | Indices: (68, 136) | Local Improvement: 0.0
  Move 2: GUIDED_SWAP_TO_GBEST | Indices: (136, 178) | Local Improvement: 0.0
  Move 3: GUIDED_SWAP_TO_PBEST | Indices: (68, 178) | Local Improvement: 0.0
  Move 4: GUIDED_SWAP_TO_PBEST | Indices: (178, 136) | Local Improvement: 0.0
  Move 5: GUIDED_SWAP_TO_GBEST | Indices: (136, 178) | Local Improvement: 0.0
  Move 6: GUIDED_SWAP_TO_GBEST | Indices: (68, 178) | Local Improvement: 0.0
  Move 7: GUIDED_SWAP_TO_PBEST | Indices: (178, 136) | Local Improvement: 0.0
  Move 8: GUIDED_SWAP_TO_PBEST | Indices: (136, 68) | Local Improvement: 0.0
  Move 9: GUIDED_SWAP_TO_GBEST | Indices: (178, 68) | Local Improvement: 0.0
  Move 10: GUIDED_SWAP_TO_GBEST | Indices: (68, 136) | Local Improvement: 0.0
  Move 11: TRIPLE_SWAP | Indices: (34, 195, 67) | Local Improvement: 0.0008398437499999023
=================================================================================
=================================================================================
2026-02-01T15:53:09.586 | Step 21 | Particle 24 | GLOBAL BEST ACHIEVED!
Global Improvement: 0.0006835937500000444
All moves in this step:
  Move 1: GUIDED_SWAP_TO_GBEST | Indices: (67, 195) | Local Improvement: 0.0
  Move 2: GUIDED_SWAP_TO_GBEST | Indices: (195, 34) | Local Improvement: 0.0
  Move 3: GUIDED_SWAP_TO_PBEST | Indices: (67, 34) | Local Improvement: 0.0
  Move 4: GUIDED_SWAP_TO_PBEST | Indices: (195, 34) | Local Improvement: 0.0
  Move 5: GUIDED_SWAP_TO_GBEST | Indices: (195, 34) | Local Improvement: 0.0
  Move 6: GUIDED_SWAP_TO_GBEST | Indices: (34, 67) | Local Improvement: 0.0
  Move 7: TRIPLE_SWAP | Indices: (245, 27, 127) | Local Improvement: 0.0006835937500000444
=================================================================================
=================================================================================
2026-02-01T15:53:09.851 | Step 23 | Particle 6 | GLOBAL BEST ACHIEVED!
Global Improvement: 0.0006445312500000799
All moves in this step:
  Move 1: GUIDED_SWAP_TO_PBEST | Indices: (67, 34) | Local Improvement: 0.0
  Move 2: GUIDED_SWAP_TO_PBEST | Indices: (34, 195) | Local Improvement: 0.0
  Move 3: GUIDED_SWAP_TO_PBEST | Indices: (126, 54) | Local Improvement: 0.0
  Move 4: GUIDED_SWAP_TO_PBEST | Indices: (207, 190) | Local Improvement: 0.0
  Move 5: GUIDED_SWAP_TO_GBEST | Indices: (187, 170) | Local Improvement: 0.0
  Move 6: GUIDED_SWAP_TO_GBEST | Indices: (67, 195) | Local Improvement: 0.0
  Move 7: GUIDED_SWAP_TO_GBEST | Indices: (195, 34) | Local Improvement: 0.0
  Move 8: GUIDED_SWAP_TO_GBEST | Indices: (199, 87) | Local Improvement: 0.0
  Move 9: GUIDED_SWAP_TO_PBEST | Indices: (67, 34) | Local Improvement: 0.0
  Move 10: GUIDED_SWAP_TO_PBEST | Indices: (49, 206) | Local Improvement: 0.0
  Move 11: GUIDED_SWAP_TO_PBEST | Indices: (245, 27) | Local Improvement: 0.0
  Move 12: GUIDED_SWAP_TO_PBEST | Indices: (34, 195) | Local Improvement: 0.0
  Move 13: GUIDED_SWAP_TO_GBEST | Indices: (195, 34) | Local Improvement: 0.0
  Move 14: GUIDED_SWAP_TO_GBEST | Indices: (34, 67) | Local Improvement: 0.0
  Move 15: GUIDED_SWAP_TO_GBEST | Indices: (27, 245) | Local Improvement: 0.0
  Move 16: GUIDED_SWAP_TO_PBEST | Indices: (67, 34) | Local Improvement: 0.0
  Move 17: GUIDED_SWAP_TO_PBEST | Indices: (195, 34) | Local Improvement: 0.0
  Move 18: GUIDED_SWAP_TO_PBEST | Indices: (245, 27) | Local Improvement: 0.0
  Move 19: GUIDED_SWAP_TO_PBEST | Indices: (27, 127) | Local Improvement: 0.0
  Move 20: GUIDED_SWAP_TO_GBEST | Indices: (27, 245) | Local Improvement: 0.0
  Move 21: GUIDED_SWAP_TO_GBEST | Indices: (245, 127) | Local Improvement: 0.0
  Move 22: GUIDED_SWAP_TO_GBEST | Indices: (195, 34) | Local Improvement: 0.0
  Move 23: GUIDED_SWAP_TO_GBEST | Indices: (34, 67) | Local Improvement: 0.0
  Move 24: TRIPLE_SWAP | Indices: (85, 228, 217) | Local Improvement: 0.0006445312500000799
=================================================================================
=================================================================================
2026-02-01T15:53:10.349 | Step 26 | Particle 40 | GLOBAL BEST ACHIEVED!
Global Improvement: 9.765624999991118e-5
All moves in this step:
  Move 1: GUIDED_SWAP_TO_PBEST | Indices: (110, 80) | Local Improvement: 0.0
  Move 2: GUIDED_SWAP_TO_PBEST | Indices: (67, 34) | Local Improvement: 0.0
  Move 3: GUIDED_SWAP_TO_PBEST | Indices: (168, 248) | Local Improvement: 0.0
  Move 4: GUIDED_SWAP_TO_PBEST | Indices: (34, 195) | Local Improvement: 0.0
  Move 5: GUIDED_SWAP_TO_GBEST | Indices: (245, 127) | Local Improvement: 0.0
  Move 6: GUIDED_SWAP_TO_GBEST | Indices: (27, 127) | Local Improvement: 0.0
  Move 7: GUIDED_SWAP_TO_GBEST | Indices: (195, 34) | Local Improvement: 0.0
  Move 8: GUIDED_SWAP_TO_GBEST | Indices: (34, 67) | Local Improvement: 0.0
  Move 9: GUIDED_SWAP_TO_GBEST | Indices: (101, 39) | Local Improvement: 0.0
  Move 10: GUIDED_SWAP_TO_GBEST | Indices: (67, 82) | Local Improvement: 0.0
  Move 11: GUIDED_SWAP_TO_PBEST | Indices: (228, 217) | Local Improvement: 0.0
  Move 12: GUIDED_SWAP_TO_PBEST | Indices: (127, 245) | Local Improvement: 0.0
  Move 13: GUIDED_SWAP_TO_PBEST | Indices: (85, 217) | Local Improvement: 0.0
  Move 14: GUIDED_SWAP_TO_PBEST | Indices: (34, 195) | Local Improvement: 0.0
  Move 15: GUIDED_SWAP_TO_GBEST | Indices: (228, 85) | Local Improvement: 0.0
  Move 16: GUIDED_SWAP_TO_GBEST | Indices: (85, 217) | Local Improvement: 0.0
  Move 17: GUIDED_SWAP_TO_GBEST | Indices: (127, 245) | Local Improvement: 0.0
=================================================================================
=================================================================================
2026-02-01T15:53:10.537 | Step 27 | Particle 185 | GLOBAL BEST ACHIEVED!
Global Improvement: 9.765625000013323e-5
All moves in this step:
  Move 1: GUIDED_SWAP_TO_GBEST | Indices: (34, 195) | Local Improvement: 0.0
  Move 2: GUIDED_SWAP_TO_PBEST | Indices: (34, 195) | Local Improvement: 0.0
  Move 3: GUIDED_SWAP_TO_GBEST | Indices: (34, 195) | Local Improvement: 0.0
  Move 4: GUIDED_SWAP_TO_PBEST | Indices: (34, 195) | Local Improvement: 0.0
  Move 5: RANDOM_SWAP | Indices: (188, 156) | Local Improvement: 0.0
=================================================================================
=================================================================================
2026-02-01T15:53:10.644 | Step 28 | Particle 109 | GLOBAL BEST ACHIEVED!
Global Improvement: 0.00044921875000003553
All moves in this step:
  Move 1: GUIDED_SWAP_TO_GBEST | Indices: (34, 195) | Local Improvement: 0.0
  Move 2: GUIDED_SWAP_TO_GBEST | Indices: (188, 156) | Local Improvement: 0.0
  Move 3: GUIDED_SWAP_TO_PBEST | Indices: (34, 195) | Local Improvement: 0.0
  Move 4: GUIDED_SWAP_TO_PBEST | Indices: (188, 156) | Local Improvement: 0.0
  Move 5: GUIDED_SWAP_TO_GBEST | Indices: (195, 34) | Local Improvement: 0.0
  Move 6: GUIDED_SWAP_TO_GBEST | Indices: (156, 188) | Local Improvement: 0.0
  Move 7: TRIPLE_SWAP | Indices: (124, 239, 1) | Local Improvement: 0.00044921875000003553
=================================================================================
=================================================================================
2026-02-01T15:53:10.806 | Step 29 | Particle 132 | GLOBAL BEST ACHIEVED!
Global Improvement: 0.0005859374999999112
All moves in this step:
  Move 1: GUIDED_SWAP_TO_GBEST | Indices: (109, 175) | Local Improvement: 0.0
  Move 2: GUIDED_SWAP_TO_GBEST | Indices: (225, 129) | Local Improvement: 0.0
  Move 3: GUIDED_SWAP_TO_GBEST | Indices: (163, 168) | Local Improvement: 0.0
  Move 4: GUIDED_SWAP_TO_GBEST | Indices: (70, 249) | Local Improvement: 0.0
  Move 5: GUIDED_SWAP_TO_GBEST | Indices: (15, 183) | Local Improvement: 0.0
  Move 6: GUIDED_SWAP_TO_GBEST | Indices: (124, 1) | Local Improvement: 0.0
  Move 7: GUIDED_SWAP_TO_GBEST | Indices: (239, 1) | Local Improvement: 0.0
  Move 8: GUIDED_SWAP_TO_PBEST | Indices: (34, 195) | Local Improvement: 0.0
  Move 9: GUIDED_SWAP_TO_PBEST | Indices: (247, 74) | Local Improvement: 0.0
  Move 10: GUIDED_SWAP_TO_PBEST | Indices: (75, 127) | Local Improvement: 0.0
  Move 11: GUIDED_SWAP_TO_PBEST | Indices: (156, 188) | Local Improvement: 0.0
  Move 12: GUIDED_SWAP_TO_PBEST | Indices: (239, 1) | Local Improvement: 0.0
  Move 13: GUIDED_SWAP_TO_GBEST | Indices: (34, 195) | Local Improvement: 0.0
  Move 14: GUIDED_SWAP_TO_GBEST | Indices: (74, 247) | Local Improvement: 0.0
  Move 15: GUIDED_SWAP_TO_GBEST | Indices: (188, 156) | Local Improvement: 0.0
  Move 16: GUIDED_SWAP_TO_GBEST | Indices: (127, 75) | Local Improvement: 0.0
=================================================================================
=================================================================================
2026-02-01T15:53:27.158 | Step 118 | Particle 150 | GLOBAL BEST ACHIEVED!
Global Improvement: 0.0006445312499998579
All moves in this step:
  Move 1: TRIPLE_SWAP | Indices: (205, 147, 208) | Local Improvement: 0.0006445312499998579
=================================================================================
=================================================================================
2026-02-01T15:53:27.811 | Step 121 | Particle 25 | GLOBAL BEST ACHIEVED!
Global Improvement: 0.0001953125000000444
All moves in this step:
  Move 1: GUIDED_SWAP_TO_GBEST | Indices: (23, 158) | Local Improvement: 0.0
  Move 2: GUIDED_SWAP_TO_GBEST | Indices: (147, 205) | Local Improvement: 0.0
  Move 3: GUIDED_SWAP_TO_GBEST | Indices: (205, 208) | Local Improvement: 0.0
  Move 4: GUIDED_SWAP_TO_GBEST | Indices: (240, 94) | Local Improvement: 0.0
  Move 5: GUIDED_SWAP_TO_GBEST | Indices: (139, 97) | Local Improvement: 0.0
  Move 6: GUIDED_SWAP_TO_PBEST | Indices: (208, 205) | Local Improvement: 0.0
  Move 7: GUIDED_SWAP_TO_PBEST | Indices: (205, 147) | Local Improvement: 0.0
  Move 8: GUIDED_SWAP_TO_GBEST | Indices: (147, 205) | Local Improvement: 0.0
  Move 9: GUIDED_SWAP_TO_GBEST | Indices: (208, 205) | Local Improvement: 0.0
  Move 10: TRIPLE_SWAP | Indices: (99, 205, 136) | Local Improvement: 0.0001953125000000444
=================================================================================
=================================================================================
2026-02-01T15:53:28.283 | Step 123 | Particle 71 | GLOBAL BEST ACHIEVED!
Global Improvement: 9.765625000013323e-5
All moves in this step:
  Move 1: GUIDED_SWAP_TO_GBEST | Indices: (136, 205) | Local Improvement: 0.0
  Move 2: GUIDED_SWAP_TO_GBEST | Indices: (205, 99) | Local Improvement: 0.0
  Move 3: GUIDED_SWAP_TO_PBEST | Indices: (99, 205) | Local Improvement: 0.0
  Move 4: GUIDED_SWAP_TO_PBEST | Indices: (205, 136) | Local Improvement: 0.0
  Move 5: GUIDED_SWAP_TO_GBEST | Indices: (99, 136) | Local Improvement: 0.0
  Move 6: GUIDED_SWAP_TO_GBEST | Indices: (205, 136) | Local Improvement: 0.0
  Move 7: GUIDED_SWAP_TO_PBEST | Indices: (205, 136) | Local Improvement: 0.0
  Move 8: GUIDED_SWAP_TO_PBEST | Indices: (136, 99) | Local Improvement: 0.0
  Move 9: GUIDED_SWAP_TO_GBEST | Indices: (205, 99) | Local Improvement: 0.0
  Move 10: GUIDED_SWAP_TO_GBEST | Indices: (136, 99) | Local Improvement: 0.0
  Move 11: TRIPLE_SWAP | Indices: (105, 112, 187) | Local Improvement: 9.765625000013323e-5
=================================================================================
=================================================================================
2026-02-01T15:53:28.724 | Step 125 | Particle 99 | GLOBAL BEST ACHIEVED!
Global Improvement: 0.0003515624999999023
All moves in this step:
  Move 1: TRIPLE_SWAP | Indices: (211, 16, 37) | Local Improvement: 0.0003515624999999023
=================================================================================
=================================================================================
2026-02-01T15:53:28.892 | Step 126 | Particle 3 | GLOBAL BEST ACHIEVED!
Global Improvement: 0.0001953125000000444
All moves in this step:
  Move 1: GUIDED_SWAP_TO_GBEST | Indices: (16, 211) | Local Improvement: 0.0
  Move 2: GUIDED_SWAP_TO_GBEST | Indices: (37, 211) | Local Improvement: 0.0
  Move 3: GUIDED_SWAP_TO_PBEST | Indices: (16, 37) | Local Improvement: 0.0
  Move 4: GUIDED_SWAP_TO_PBEST | Indices: (37, 211) | Local Improvement: 0.0
  Move 5: GUIDED_SWAP_TO_GBEST | Indices: (211, 37) | Local Improvement: 0.0
  Move 6: GUIDED_SWAP_TO_GBEST | Indices: (37, 16) | Local Improvement: 0.0
  Move 7: GUIDED_SWAP_TO_PBEST | Indices: (16, 37) | Local Improvement: 0.0
  Move 8: GUIDED_SWAP_TO_PBEST | Indices: (211, 37) | Local Improvement: 0.0
  Move 9: GUIDED_SWAP_TO_GBEST | Indices: (211, 37) | Local Improvement: 0.0
  Move 10: GUIDED_SWAP_TO_GBEST | Indices: (16, 37) | Local Improvement: 0.0
  Move 11: RANDOM_SWAP | Indices: (10, 33) | Local Improvement: 0.0
=================================================================================
=================================================================================
2026-02-01T15:53:29.508 | Step 129 | Particle 31 | GLOBAL BEST ACHIEVED!
Global Improvement: 0.0001953125000000444
All moves in this step:
  Move 1: TRIPLE_SWAP | Indices: (101, 24, 68) | Local Improvement: 0.0001953125000000444
=================================================================================
=================================================================================
2026-02-01T15:53:30.131 | Step 132 | Particle 146 | GLOBAL BEST ACHIEVED!
Global Improvement: 0.0001953125000000444
All moves in this step:
  Move 1: GUIDED_SWAP_TO_PBEST | Indices: (112, 187) | Local Improvement: 0.0
  Move 2: GUIDED_SWAP_TO_PBEST | Indices: (10, 33) | Local Improvement: 0.0
  Move 3: GUIDED_SWAP_TO_PBEST | Indices: (187, 105) | Local Improvement: 0.0
  Move 4: GUIDED_SWAP_TO_PBEST | Indices: (211, 16) | Local Improvement: 0.0
  Move 5: GUIDED_SWAP_TO_GBEST | Indices: (187, 112) | Local Improvement: 0.0
  Move 6: GUIDED_SWAP_TO_GBEST | Indices: (211, 37) | Local Improvement: 0.0
  Move 7: GUIDED_SWAP_TO_GBEST | Indices: (16, 37) | Local Improvement: 0.0
  Move 8: GUIDED_SWAP_TO_GBEST | Indices: (10, 33) | Local Improvement: 0.0
  Move 9: GUIDED_SWAP_TO_PBEST | Indices: (68, 101) | Local Improvement: 0.0
  Move 10: GUIDED_SWAP_TO_PBEST | Indices: (211, 16) | Local Improvement: 0.0
  Move 11: GUIDED_SWAP_TO_PBEST | Indices: (10, 33) | Local Improvement: 0.0
  Move 12: GUIDED_SWAP_TO_PBEST | Indices: (24, 101) | Local Improvement: 0.0
  Move 13: GUIDED_SWAP_TO_GBEST | Indices: (10, 33) | Local Improvement: 0.0
  Move 14: GUIDED_SWAP_TO_GBEST | Indices: (24, 101) | Local Improvement: 0.0
  Move 15: GUIDED_SWAP_TO_GBEST | Indices: (101, 68) | Local Improvement: 0.0
  Move 16: GUIDED_SWAP_TO_GBEST | Indices: (211, 16) | Local Improvement: 0.0
  Move 17: GUIDED_SWAP_TO_PBEST | Indices: (24, 68) | Local Improvement: 0.0
  Move 18: GUIDED_SWAP_TO_PBEST | Indices: (187, 112) | Local Improvement: 0.0
  Move 19: GUIDED_SWAP_TO_PBEST | Indices: (10, 33) | Local Improvement: 0.0
  Move 20: GUIDED_SWAP_TO_PBEST | Indices: (211, 16) | Local Improvement: 0.0
  Move 21: GUIDED_SWAP_TO_GBEST | Indices: (16, 211) | Local Improvement: 0.0
  Move 22: GUIDED_SWAP_TO_GBEST | Indices: (187, 112) | Local Improvement: 0.0
  Move 23: GUIDED_SWAP_TO_GBEST | Indices: (105, 112) | Local Improvement: 0.0
  Move 24: GUIDED_SWAP_TO_GBEST | Indices: (24, 68) | Local Improvement: 0.0
=================================================================================
=================================================================================
2026-02-01T15:53:31.767 | Step 141 | Particle 27 | GLOBAL BEST ACHIEVED!
Global Improvement: 0.0007421874999999911
All moves in this step:
  Move 1: TRIPLE_SWAP | Indices: (228, 163, 67) | Local Improvement: 0.0007421874999999911
=================================================================================
=================================================================================
2026-02-01T15:53:33.071 | Step 148 | Particle 17 | GLOBAL BEST ACHIEVED!
Global Improvement: 9.765624999991118e-5
All moves in this step:
  Move 1: GUIDED_SWAP_TO_PBEST | Indices: (52, 34) | Local Improvement: 0.0
  Move 2: RANDOM_SWAP | Indices: (178, 115) | Local Improvement: 0.0
=================================================================================
=================================================================================
2026-02-01T15:53:34.596 | Step 157 | Particle 144 | GLOBAL BEST ACHIEVED!
Global Improvement: 9.765624999991118e-5
All moves in this step:
  Move 1: TRIPLE_SWAP | Indices: (242, 206, 114) | Local Improvement: 9.765624999991118e-5
=================================================================================
=================================================================================
2026-02-01T15:54:00.265 | Step 269 | Particle 115 | GLOBAL BEST ACHIEVED!
Global Improvement: 0.00015625000000007994
All moves in this step:
  Move 1: TRIPLE_SWAP | Indices: (228, 83, 22) | Local Improvement: 0.00015625000000007994
=================================================================================
=================================================================================
2026-02-01T15:54:01.122 | Step 273 | Particle 83 | GLOBAL BEST ACHIEVED!
Global Improvement: 0.0007812499999999556
All moves in this step:
  Move 1: TRIPLE_SWAP | Indices: (227, 209, 188) | Local Improvement: 0.0007812499999999556
=================================================================================
=================================================================================
2026-02-01T15:54:06.096 | Step 296 | Particle 10 | GLOBAL BEST ACHIEVED!
Global Improvement: 0.0009375000000000355
All moves in this step:
  Move 1: TRIPLE_SWAP | Indices: (185, 166, 221) | Local Improvement: 0.0009375000000000355
=================================================================================
=================================================================================
2026-02-01T15:54:41.947 | Step 447 | Particle 155 | GLOBAL BEST ACHIEVED!
Global Improvement: 0.0008398437500001243
All moves in this step:
  Move 1: TRIPLE_SWAP | Indices: (8, 198, 242) | Local Improvement: 0.0008398437500001243
=================================================================================
=================================================================================
2026-02-01T15:55:00.317 | Step 525 | Particle 58 | GLOBAL BEST ACHIEVED!
Global Improvement: 9.765624999991118e-5
All moves in this step:
  Move 1: GUIDED_SWAP_TO_PBEST | Indices: (56, 227) | Local Improvement: 0.0
  Move 2: GUIDED_SWAP_TO_PBEST | Indices: (71, 17) | Local Improvement: 0.0
  Move 3: GUIDED_SWAP_TO_PBEST | Indices: (124, 248) | Local Improvement: 0.0
  Move 4: GUIDED_SWAP_TO_PBEST | Indices: (78, 8) | Local Improvement: 0.0
  Move 5: RANDOM_SWAP | Indices: (243, 236) | Local Improvement: 0.0
=================================================================================
