# V5: GUIDED SWAP KAPALI - Ablation Study
# Started on: 2026-01-20T11:01:02.502

=================================================================================
2026-01-20T11:01:02.706 | Step 1 | Particle 5 | GLOBAL BEST!
Global Improvement: 0.00146484375
  Move 1: TRIPLE_SWAP | Indices: (99, 232, 226)
=================================================================================
=================================================================================
2026-01-20T11:01:02.726 | Step 1 | Particle 6 | GLOBAL BEST!
Global Improvement: 9.76562500000222e-5
  Move 1: TRIPLE_SWAP | Indices: (23, 256, 133)
=================================================================================
=================================================================================
2026-01-20T11:01:02.727 | Step 1 | Particle 8 | GLOBAL BEST!
Global Improvement: 0.0006835937499999334
  Move 1: TRIPLE_SWAP | Indices: (246, 199, 27)
=================================================================================
=================================================================================
2026-01-20T11:01:02.730 | Step 1 | Particle 14 | GLOBAL BEST!
Global Improvement: 0.0013671875000000888
  Move 1: TRIPLE_SWAP | Indices: (132, 186, 213)
=================================================================================
=================================================================================
2026-01-20T11:01:02.730 | Step 1 | Particle 15 | GLOBAL BEST!
Global Improvement: 0.0018554687499999778
  Move 1: TRIPLE_SWAP | Indices: (134, 104, 256)
  Move 2: RANDOM_SWAP | Indices: (34, 66)
  Move 3: RANDOM_SWAP | Indices: (96, 31)
  Move 4: RANDOM_SWAP | Indices: (125, 177)
  Move 5: RANDOM_SWAP | Indices: (181, 176)
  Move 6: RANDOM_SWAP | Indices: (2, 144)
=================================================================================
=================================================================================
2026-01-20T11:01:02.746 | Step 1 | Particle 29 | GLOBAL BEST!
Global Improvement: 0.0033203124999998668
  Move 1: RANDOM_SWAP | Indices: (186, 6)
  Move 2: RANDOM_SWAP | Indices: (204, 159)
  Move 3: RANDOM_SWAP | Indices: (31, 225)
  Move 4: RANDOM_SWAP | Indices: (47, 233)
=================================================================================
=================================================================================
2026-01-20T11:01:02.759 | Step 1 | Particle 61 | GLOBAL BEST!
Global Improvement: 0.0005859375000001332
  Move 1: TRIPLE_SWAP | Indices: (202, 75, 246)
  Move 2: RANDOM_SWAP | Indices: (54, 126)
  Move 3: RANDOM_SWAP | Indices: (42, 173)
=================================================================================
=================================================================================
2026-01-20T11:01:02.792 | Step 1 | Particle 146 | GLOBAL BEST!
Global Improvement: 0.00146484375
  Move 1: TRIPLE_SWAP | Indices: (222, 29, 132)
  Move 2: RANDOM_SWAP | Indices: (145, 184)
  Move 3: RANDOM_SWAP | Indices: (85, 184)
  Move 4: RANDOM_SWAP | Indices: (246, 126)
=================================================================================
=================================================================================
2026-01-20T11:01:02.913 | Step 2 | Particle 29 | GLOBAL BEST!
Global Improvement: 0.0002929687499999556
  Move 1: TRIPLE_SWAP | Indices: (219, 190, 236)
=================================================================================
=================================================================================
2026-01-20T11:01:02.923 | Step 2 | Particle 54 | GLOBAL BEST!
Global Improvement: 0.0022460937499999556
  Move 1: TRIPLE_SWAP | Indices: (190, 126, 216)
=================================================================================
=================================================================================
2026-01-20T11:01:02.963 | Step 2 | Particle 156 | GLOBAL BEST!
Global Improvement: 0.0001953125000000444
  Move 1: TRIPLE_SWAP | Indices: (101, 53, 135)
=================================================================================
=================================================================================
2026-01-20T11:01:03.260 | Step 3 | Particle 54 | GLOBAL BEST!
Global Improvement: 0.0010742187500000222
  Move 1: TRIPLE_SWAP | Indices: (202, 250, 220)
  Move 2: RANDOM_SWAP | Indices: (168, 26)
  Move 3: RANDOM_SWAP | Indices: (98, 133)
=================================================================================
=================================================================================
2026-01-20T11:01:03.274 | Step 3 | Particle 89 | GLOBAL BEST!
Global Improvement: 0.0003906249999999778
  Move 1: TRIPLE_SWAP | Indices: (45, 46, 182)
=================================================================================
=================================================================================
2026-01-20T11:01:03.434 | Step 4 | Particle 54 | GLOBAL BEST!
Global Improvement: 0.0009765625
  Move 1: TRIPLE_SWAP | Indices: (117, 195, 205)
=================================================================================
=================================================================================
2026-01-20T11:01:03.639 | Step 5 | Particle 146 | GLOBAL BEST!
Global Improvement: 0.0001953124999999334
  Move 1: TRIPLE_SWAP | Indices: (153, 193, 75)
  Move 2: RANDOM_SWAP | Indices: (131, 95)
  Move 3: RANDOM_SWAP | Indices: (215, 246)
  Move 4: RANDOM_SWAP | Indices: (215, 129)
  Move 5: RANDOM_SWAP | Indices: (247, 178)
  Move 6: RANDOM_SWAP | Indices: (123, 113)
=================================================================================
=================================================================================
2026-01-20T11:01:03.643 | Step 5 | Particle 156 | GLOBAL BEST!
Global Improvement: 0.0010742187500000222
  Move 1: TRIPLE_SWAP | Indices: (67, 29, 173)
=================================================================================
=================================================================================
2026-01-20T11:01:03.797 | Step 6 | Particle 146 | GLOBAL BEST!
Global Improvement: 0.0005859375000000222
  Move 1: TRIPLE_SWAP | Indices: (238, 96, 169)
=================================================================================
=================================================================================
2026-01-20T11:01:03.802 | Step 6 | Particle 156 | GLOBAL BEST!
Global Improvement: 0.00048828125
  Move 1: TRIPLE_SWAP | Indices: (146, 108, 121)
  Move 2: RANDOM_SWAP | Indices: (131, 82)
=================================================================================
=================================================================================
2026-01-20T11:01:04.107 | Step 8 | Particle 160 | GLOBAL BEST!
Global Improvement: 0.00048828125
  Move 1: TRIPLE_SWAP | Indices: (24, 154, 36)
=================================================================================
=================================================================================
2026-01-20T11:01:04.575 | Step 11 | Particle 133 | GLOBAL BEST!
Global Improvement: 9.76562500000222e-5
  Move 1: TRIPLE_SWAP | Indices: (42, 25, 222)
  Move 2: RANDOM_SWAP | Indices: (218, 215)
  Move 3: RANDOM_SWAP | Indices: (255, 33)
  Move 4: RANDOM_SWAP | Indices: (255, 249)
=================================================================================
=================================================================================
2026-01-20T11:01:04.593 | Step 11 | Particle 178 | GLOBAL BEST!
Global Improvement: 0.0002929687499999556
  Move 1: TRIPLE_SWAP | Indices: (37, 182, 146)
=================================================================================
=================================================================================
2026-01-20T11:01:04.994 | Step 14 | Particle 178 | GLOBAL BEST!
Global Improvement: 0.0012695312499999556
  Move 1: TRIPLE_SWAP | Indices: (100, 247, 48)
=================================================================================
=================================================================================
2026-01-20T11:01:05.621 | Step 19 | Particle 144 | GLOBAL BEST!
Global Improvement: 0.0005859375000001332
  Move 1: TRIPLE_SWAP | Indices: (165, 145, 148)
=================================================================================
=================================================================================
2026-01-20T11:01:05.966 | Step 22 | Particle 61 | GLOBAL BEST!
Global Improvement: 0.00048828125
  Move 1: TRIPLE_SWAP | Indices: (195, 141, 75)
=================================================================================
=================================================================================
2026-01-20T11:01:06.105 | Step 23 | Particle 61 | GLOBAL BEST!
Global Improvement: 0.0002929687499999556
  Move 1: TRIPLE_SWAP | Indices: (242, 42, 9)
=================================================================================
=================================================================================
2026-01-20T11:01:07.985 | Step 35 | Particle 177 | GLOBAL BEST!
Global Improvement: 9.76562500000222e-5
  Move 1: TRIPLE_SWAP | Indices: (77, 7, 85)
=================================================================================
=================================================================================
2026-01-20T11:01:08.692 | Step 41 | Particle 42 | GLOBAL BEST!
Global Improvement: 9.76562500000222e-5
  Move 1: TRIPLE_SWAP | Indices: (15, 41, 201)
=================================================================================
=================================================================================
2026-01-20T11:01:08.729 | Step 41 | Particle 137 | GLOBAL BEST!
Global Improvement: 0.0002929687499999556
  Move 1: TRIPLE_SWAP | Indices: (94, 173, 68)
=================================================================================
=================================================================================
2026-01-20T11:01:10.089 | Step 52 | Particle 99 | GLOBAL BEST!
Global Improvement: 0.0009765625
  Move 1: TRIPLE_SWAP | Indices: (152, 54, 218)
=================================================================================
=================================================================================
2026-01-20T11:01:11.588 | Step 63 | Particle 131 | GLOBAL BEST!
Global Improvement: 0.0009765625
  Move 1: TRIPLE_SWAP | Indices: (81, 38, 121)
=================================================================================
=================================================================================
2026-01-20T11:01:47.510 | Step 333 | Particle 47 | GLOBAL BEST!
Global Improvement: 0.0007812499999999556
  Move 1: TRIPLE_SWAP | Indices: (130, 168, 54)
=================================================================================
=================================================================================
2026-01-20T11:01:47.815 | Step 335 | Particle 47 | GLOBAL BEST!
Global Improvement: 0.00048828125
  Move 1: TRIPLE_SWAP | Indices: (75, 122, 53)
=================================================================================
=================================================================================
2026-01-20T11:01:47.970 | Step 336 | Particle 47 | GLOBAL BEST!
Global Improvement: 9.76562500000222e-5
  Move 1: TRIPLE_SWAP | Indices: (47, 133, 143)
=================================================================================
=================================================================================
2026-01-20T11:02:13.527 | Step 518 | Particle 165 | GLOBAL BEST!
Global Improvement: 0.00048828125
  Move 1: TRIPLE_SWAP | Indices: (208, 49, 150)
=================================================================================
=================================================================================
2026-01-20T11:02:13.673 | Step 519 | Particle 165 | GLOBAL BEST!
Global Improvement: 0.00048828125
  Move 1: RANDOM_SWAP | Indices: (112, 95)
=================================================================================
=================================================================================
2026-01-20T11:02:18.804 | Step 552 | Particle 145 | GLOBAL BEST!
Global Improvement: 9.765624999991118e-5
  Move 1: TRIPLE_SWAP | Indices: (177, 32, 9)
=================================================================================
=================================================================================
2026-01-20T11:02:38.228 | Step 674 | Particle 78 | GLOBAL BEST!
Global Improvement: 0.0001953125000000444
  Move 1: TRIPLE_SWAP | Indices: (99, 117, 181)
  Move 2: RANDOM_SWAP | Indices: (225, 174)
=================================================================================
=================================================================================
2026-01-20T11:02:55.799 | Step 784 | Particle 46 | GLOBAL BEST!
Global Improvement: 0.0003906250000000888
  Move 1: TRIPLE_SWAP | Indices: (171, 255, 99)
=================================================================================
=================================================================================
2026-01-20T11:04:11.940 | Step 1171 | Particle 105 | GLOBAL BEST!
Global Improvement: 0.0005859374999999112
  Move 1: TRIPLE_SWAP | Indices: (225, 195, 95)
=================================================================================
=================================================================================
2026-01-20T11:04:13.558 | Step 1179 | Particle 152 | GLOBAL BEST!
Global Improvement: 0.0002929687500000666
  Move 1: TRIPLE_SWAP | Indices: (14, 148, 4)
=================================================================================
=================================================================================
2026-01-20T11:05:31.483 | Step 1541 | Particle 172 | GLOBAL BEST!
Global Improvement: 0.0006835937499999334
  Move 1: TRIPLE_SWAP | Indices: (23, 148, 186)
=================================================================================
=================================================================================
2026-01-20T11:05:36.488 | Step 1562 | Particle 22 | GLOBAL BEST!
Global Improvement: 0.0006835937500000444
  Move 1: TRIPLE_SWAP | Indices: (110, 167, 223)
=================================================================================
=================================================================================
2026-01-20T11:14:55.731 | Step 4118 | Particle 150 | GLOBAL BEST!
Global Improvement: 0.0001953125000000444
  Move 1: TRIPLE_SWAP | Indices: (176, 79, 53)
=================================================================================
