# V5: GUIDED SWAP KAPALI - Ablation Study
# Started on: 2026-01-21T12:15:45.447

=================================================================================
2026-01-21T12:15:46.225 | Step 3 | Particle 11 | GLOBAL BEST!
Global Improvement: 0.00014973958333319715
  Move 1: TRIPLE_SWAP | Indices: (207, 127, 120)
=================================================================================
=================================================================================
2026-01-21T12:15:46.249 | Step 3 | Particle 21 | GLOBAL BEST!
Global Improvement: 5.2083333333285964e-5
  Move 1: TRIPLE_SWAP | Indices: (239, 58, 234)
=================================================================================
=================================================================================
2026-01-21T12:15:46.254 | Step 3 | Particle 34 | GLOBAL BEST!
Global Improvement: 0.0007291666666668917
  Move 1: TRIPLE_SWAP | Indices: (74, 208, 15)
=================================================================================
=================================================================================
2026-01-21T12:15:46.259 | Step 3 | Particle 46 | GLOBAL BEST!
Global Improvement: 0.002597656249999858
  Move 1: TRIPLE_SWAP | Indices: (22, 21, 50)
=================================================================================
=================================================================================
2026-01-21T12:15:46.478 | Step 4 | Particle 191 | GLOBAL BEST!
Global Improvement: 5.208333333350801e-5
  Move 1: TRIPLE_SWAP | Indices: (183, 237, 232)
=================================================================================
=================================================================================
2026-01-21T12:15:46.482 | Step 4 | Particle 199 | GLOBAL BEST!
Global Improvement: 0.0007421874999999911
  Move 1: TRIPLE_SWAP | Indices: (72, 241, 32)
  Move 2: RANDOM_SWAP | Indices: (57, 9)
  Move 3: RANDOM_SWAP | Indices: (214, 122)
  Move 4: RANDOM_SWAP | Indices: (245, 146)
  Move 5: RANDOM_SWAP | Indices: (6, 79)
=================================================================================
=================================================================================
2026-01-21T12:15:46.583 | Step 5 | Particle 34 | GLOBAL BEST!
Global Improvement: 0.002109374999999858
  Move 1: TRIPLE_SWAP | Indices: (116, 105, 255)
  Move 2: RANDOM_SWAP | Indices: (241, 217)
  Move 3: RANDOM_SWAP | Indices: (199, 239)
  Move 4: RANDOM_SWAP | Indices: (104, 43)
  Move 5: RANDOM_SWAP | Indices: (12, 241)
=================================================================================
=================================================================================
2026-01-21T12:15:46.644 | Step 5 | Particle 191 | GLOBAL BEST!
Global Improvement: 0.00048828125
  Move 1: TRIPLE_SWAP | Indices: (73, 186, 169)
=================================================================================
=================================================================================
2026-01-21T12:15:46.739 | Step 6 | Particle 34 | GLOBAL BEST!
Global Improvement: 0.001080729166666794
  Move 1: TRIPLE_SWAP | Indices: (51, 210, 254)
=================================================================================
=================================================================================
2026-01-21T12:15:46.800 | Step 6 | Particle 191 | GLOBAL BEST!
Global Improvement: 0.0006835937499998224
  Move 1: TRIPLE_SWAP | Indices: (182, 249, 217)
=================================================================================
=================================================================================
2026-01-21T12:15:47.097 | Step 8 | Particle 175 | GLOBAL BEST!
Global Improvement: 0.0006380208333334192
  Move 1: TRIPLE_SWAP | Indices: (252, 144, 73)
=================================================================================
=================================================================================
2026-01-21T12:15:47.176 | Step 9 | Particle 8 | GLOBAL BEST!
Global Improvement: 9.765624999991118e-5
  Move 1: TRIPLE_SWAP | Indices: (225, 129, 64)
=================================================================================
=================================================================================
2026-01-21T12:15:47.241 | Step 9 | Particle 175 | GLOBAL BEST!
Global Improvement: 0.0014713541666666607
  Move 1: TRIPLE_SWAP | Indices: (253, 168, 153)
=================================================================================
=================================================================================
2026-01-21T12:15:47.368 | Step 10 | Particle 132 | GLOBAL BEST!
Global Improvement: 5.2083333333285964e-5
  Move 1: TRIPLE_SWAP | Indices: (70, 136, 30)
  Move 2: RANDOM_SWAP | Indices: (26, 166)
  Move 3: RANDOM_SWAP | Indices: (169, 152)
  Move 4: RANDOM_SWAP | Indices: (188, 200)
=================================================================================
=================================================================================
2026-01-21T12:15:47.606 | Step 12 | Particle 24 | GLOBAL BEST!
Global Improvement: 0.0007812499999999556
  Move 1: TRIPLE_SWAP | Indices: (125, 162, 223)
  Move 2: RANDOM_SWAP | Indices: (21, 227)
  Move 3: RANDOM_SWAP | Indices: (225, 256)
  Move 4: RANDOM_SWAP | Indices: (236, 237)
  Move 5: RANDOM_SWAP | Indices: (94, 196)
=================================================================================
=================================================================================
2026-01-21T12:15:47.767 | Step 13 | Particle 79 | GLOBAL BEST!
Global Improvement: 0.00024739583333333037
  Move 1: TRIPLE_SWAP | Indices: (189, 152, 135)
=================================================================================
=================================================================================
2026-01-21T12:15:47.788 | Step 13 | Particle 132 | GLOBAL BEST!
Global Improvement: 0.0014192708333333748
  Move 1: TRIPLE_SWAP | Indices: (118, 44, 237)
=================================================================================
=================================================================================
2026-01-21T12:15:47.950 | Step 14 | Particle 193 | GLOBAL BEST!
Global Improvement: 0.0018619791666667496
  Move 1: TRIPLE_SWAP | Indices: (221, 73, 3)
=================================================================================
=================================================================================
2026-01-21T12:15:48.951 | Step 22 | Particle 7 | GLOBAL BEST!
Global Improvement: 0.0004427083333333748
  Move 1: TRIPLE_SWAP | Indices: (200, 81, 236)
=================================================================================
=================================================================================
2026-01-21T12:15:49.533 | Step 26 | Particle 132 | GLOBAL BEST!
Global Improvement: 0.0003906249999998668
  Move 1: TRIPLE_SWAP | Indices: (139, 172, 203)
=================================================================================
=================================================================================
2026-01-21T12:15:50.572 | Step 34 | Particle 78 | GLOBAL BEST!
Global Improvement: 0.000540364583333286
  Move 1: TRIPLE_SWAP | Indices: (100, 60, 43)
=================================================================================
=================================================================================
2026-01-21T12:15:50.701 | Step 35 | Particle 78 | GLOBAL BEST!
Global Improvement: 0.0001953125000000444
  Move 1: TRIPLE_SWAP | Indices: (239, 43, 84)
=================================================================================
=================================================================================
2026-01-21T12:15:51.232 | Step 39 | Particle 183 | GLOBAL BEST!
Global Improvement: 0.0004427083333333748
  Move 1: TRIPLE_SWAP | Indices: (17, 89, 173)
=================================================================================
=================================================================================
2026-01-21T12:15:53.601 | Step 58 | Particle 91 | GLOBAL BEST!
Global Improvement: 9.765625000013323e-5
  Move 1: TRIPLE_SWAP | Indices: (216, 5, 174)
=================================================================================
=================================================================================
2026-01-21T12:15:53.612 | Step 58 | Particle 119 | GLOBAL BEST!
Global Improvement: 0.00019531249999982236
  Move 1: TRIPLE_SWAP | Indices: (251, 178, 68)
=================================================================================
=================================================================================
2026-01-21T12:15:54.119 | Step 62 | Particle 141 | GLOBAL BEST!
Global Improvement: 0.0001953125000000444
  Move 1: TRIPLE_SWAP | Indices: (93, 254, 190)
=================================================================================
=================================================================================
2026-01-21T12:16:00.664 | Step 114 | Particle 104 | GLOBAL BEST!
Global Improvement: 0.0004427083333333748
  Move 1: TRIPLE_SWAP | Indices: (128, 249, 126)
=================================================================================
=================================================================================
2026-01-21T12:16:12.722 | Step 203 | Particle 170 | GLOBAL BEST!
Global Improvement: 0.0003906249999998668
  Move 1: TRIPLE_SWAP | Indices: (98, 4, 189)
=================================================================================
=================================================================================
2026-01-21T12:16:14.005 | Step 213 | Particle 170 | GLOBAL BEST!
Global Improvement: 0.0006380208333334192
  Move 1: TRIPLE_SWAP | Indices: (41, 78, 98)
=================================================================================
=================================================================================
2026-01-21T12:16:16.672 | Step 234 | Particle 121 | GLOBAL BEST!
Global Improvement: 3.6582341269797425e-5
  Move 1: TRIPLE_SWAP | Indices: (90, 155, 44)
=================================================================================
=================================================================================
2026-01-21T12:16:17.709 | Step 242 | Particle 121 | GLOBAL BEST!
Global Improvement: 0.0016666666666667052
  Move 1: TRIPLE_SWAP | Indices: (106, 195, 11)
=================================================================================
=================================================================================
2026-01-21T12:17:59.182 | Step 921 | Particle 111 | GLOBAL BEST!
Global Improvement: 0.00039713541666674956
  Move 1: TRIPLE_SWAP | Indices: (196, 83, 185)
=================================================================================
=================================================================================
2026-01-21T12:17:59.330 | Step 922 | Particle 111 | GLOBAL BEST!
Global Improvement: 0.0002929687499999556
  Move 1: TRIPLE_SWAP | Indices: (183, 67, 191)
=================================================================================
=================================================================================
2026-01-21T12:18:44.999 | Step 1150 | Particle 157 | GLOBAL BEST!
Global Improvement: 0.00048828125
  Move 1: TRIPLE_SWAP | Indices: (205, 94, 242)
=================================================================================
=================================================================================
2026-01-21T12:18:46.058 | Step 1155 | Particle 157 | GLOBAL BEST!
Global Improvement: 0.0002929687499999556
  Move 1: TRIPLE_SWAP | Indices: (31, 43, 111)
=================================================================================
=================================================================================
2026-01-21T12:18:46.263 | Step 1156 | Particle 157 | GLOBAL BEST!
Global Improvement: 0.0001953125000000444
  Move 1: TRIPLE_SWAP | Indices: (183, 84, 79)
=================================================================================
=================================================================================
2026-01-21T12:21:45.884 | Step 1966 | Particle 128 | GLOBAL BEST!
Global Improvement: 0.00015873015873002494
  Move 1: TRIPLE_SWAP | Indices: (196, 72, 128)
=================================================================================
=================================================================================
2026-01-21T12:21:46.325 | Step 1968 | Particle 128 | GLOBAL BEST!
Global Improvement: 0.000540364583333508
  Move 1: TRIPLE_SWAP | Indices: (185, 48, 240)
=================================================================================
=================================================================================
2026-01-21T12:21:46.759 | Step 1970 | Particle 128 | GLOBAL BEST!
Global Improvement: 9.765624999991118e-5
  Move 1: TRIPLE_SWAP | Indices: (143, 241, 177)
=================================================================================
=================================================================================
2026-01-21T12:29:45.781 | Step 4172 | Particle 52 | GLOBAL BEST!
Global Improvement: 0.0006746031746032166
  Move 1: TRIPLE_SWAP | Indices: (183, 118, 191)
=================================================================================
