# Global Best Swaps Only - COMPOSITE FITNESS MODE WITH EARLY STOPPING
# Started on: 2026-02-01T09:40:58.087
# Format: Timestamp | Step | Particle | Operation | Indices | Local | Global | Status
# Note: Each global best S-box is saved in debug_sboxes/ directory
# Using composite fitness function with NL, SAC, DDT, and Entropy
# Early stopping enabled based on NL threshold

=================================================================================
2026-02-01T09:40:58.263 | Step 1 | Particle 9 | GLOBAL BEST ACHIEVED!
Global Improvement: 0.010160590277777937
All moves in this step:
  Move 1: RANDOM_SWAP | Indices: (34, 249) | Local Improvement: 0.0
  Move 2: RANDOM_SWAP | Indices: (65, 22) | Local Improvement: 0.0
  Move 3: RANDOM_SWAP | Indices: (117, 16) | Local Improvement: 0.0
  Move 4: RANDOM_SWAP | Indices: (112, 151) | Local Improvement: 0.0
  Move 5: RANDOM_SWAP | Indices: (214, 242) | Local Improvement: 0.0
=================================================================================
=================================================================================
2026-02-01T09:40:58.289 | Step 1 | Particle 22 | GLOBAL BEST ACHIEVED!
Global Improvement: 0.012250434027777812
All moves in this step:
  Move 1: TRIPLE_SWAP | Indices: (125, 187, 202) | Local Improvement: 0.005336371527777883
  Move 2: RANDOM_SWAP | Indices: (188, 130) | Local Improvement: 0.0
  Move 3: RANDOM_SWAP | Indices: (165, 239) | Local Improvement: 0.0
  Move 4: RANDOM_SWAP | Indices: (21, 172) | Local Improvement: 0.0
  Move 5: RANDOM_SWAP | Indices: (201, 87) | Local Improvement: 0.0
=================================================================================
=================================================================================
2026-02-01T09:40:58.364 | Step 1 | Particle 182 | GLOBAL BEST ACHIEVED!
Global Improvement: 0.013836805555555554
All moves in this step:
  Move 1: TRIPLE_SWAP | Indices: (110, 158, 38) | Local Improvement: 0.0072352430555555625
  Move 2: RANDOM_SWAP | Indices: (241, 32) | Local Improvement: 0.0
  Move 3: RANDOM_SWAP | Indices: (93, 97) | Local Improvement: 0.0
  Move 4: RANDOM_SWAP | Indices: (29, 49) | Local Improvement: 0.0
=================================================================================
=================================================================================
2026-02-01T09:40:58.496 | Step 2 | Particle 3 | GLOBAL BEST ACHIEVED!
Global Improvement: 0.0035546875000000977
All moves in this step:
  Move 1: GUIDED_SWAP_TO_PBEST | Indices: (161, 139) | Local Improvement: 0.0
  Move 2: GUIDED_SWAP_TO_PBEST | Indices: (180, 17) | Local Improvement: 0.0
  Move 3: GUIDED_SWAP_TO_GBEST | Indices: (49, 29) | Local Improvement: 0.0
  Move 4: GUIDED_SWAP_TO_GBEST | Indices: (241, 32) | Local Improvement: 0.0
  Move 5: GUIDED_SWAP_TO_GBEST | Indices: (110, 38) | Local Improvement: 0.0
  Move 6: GUIDED_SWAP_TO_GBEST | Indices: (93, 97) | Local Improvement: 0.0
  Move 7: GUIDED_SWAP_TO_GBEST | Indices: (38, 158) | Local Improvement: 0.0
  Move 8: GUIDED_SWAP_TO_PBEST | Indices: (38, 110) | Local Improvement: 0.0
  Move 9: GUIDED_SWAP_TO_PBEST | Indices: (110, 158) | Local Improvement: 0.0
  Move 10: GUIDED_SWAP_TO_PBEST | Indices: (241, 32) | Local Improvement: 0.0
  Move 11: GUIDED_SWAP_TO_GBEST | Indices: (38, 158) | Local Improvement: 0.0
  Move 12: GUIDED_SWAP_TO_GBEST | Indices: (158, 110) | Local Improvement: 0.0
  Move 13: GUIDED_SWAP_TO_GBEST | Indices: (241, 32) | Local Improvement: 0.0
  Move 14: GUIDED_SWAP_TO_PBEST | Indices: (93, 97) | Local Improvement: 0.0
  Move 15: GUIDED_SWAP_TO_PBEST | Indices: (32, 241) | Local Improvement: 0.0
  Move 16: GUIDED_SWAP_TO_PBEST | Indices: (158, 38) | Local Improvement: 0.0
  Move 17: GUIDED_SWAP_TO_GBEST | Indices: (97, 93) | Local Improvement: 0.0
  Move 18: GUIDED_SWAP_TO_GBEST | Indices: (241, 32) | Local Improvement: 0.0
  Move 19: GUIDED_SWAP_TO_GBEST | Indices: (38, 158) | Local Improvement: 0.0
  Move 20: RANDOM_SWAP | Indices: (66, 176) | Local Improvement: 0.0
  Move 21: RANDOM_SWAP | Indices: (133, 246) | Local Improvement: 0.0
=================================================================================
=================================================================================
2026-02-01T09:40:58.499 | Step 2 | Particle 12 | GLOBAL BEST ACHIEVED!
Global Improvement: 0.004296875000000089
All moves in this step:
  Move 1: GUIDED_SWAP_TO_GBEST | Indices: (32, 241) | Local Improvement: 0.0
  Move 2: GUIDED_SWAP_TO_GBEST | Indices: (93, 97) | Local Improvement: 0.0
  Move 3: GUIDED_SWAP_TO_GBEST | Indices: (110, 38) | Local Improvement: 0.0
  Move 4: GUIDED_SWAP_TO_PBEST | Indices: (93, 97) | Local Improvement: 0.0
  Move 5: GUIDED_SWAP_TO_PBEST | Indices: (38, 110) | Local Improvement: 0.0
  Move 6: GUIDED_SWAP_TO_PBEST | Indices: (241, 32) | Local Improvement: 0.0
  Move 7: GUIDED_SWAP_TO_GBEST | Indices: (32, 241) | Local Improvement: 0.0
  Move 8: GUIDED_SWAP_TO_GBEST | Indices: (38, 158) | Local Improvement: 0.0
  Move 9: GUIDED_SWAP_TO_GBEST | Indices: (93, 97) | Local Improvement: 0.0
  Move 10: GUIDED_SWAP_TO_GBEST | Indices: (49, 29) | Local Improvement: 0.0
  Move 11: GUIDED_SWAP_TO_GBEST | Indices: (158, 110) | Local Improvement: 0.0
  Move 12: GUIDED_SWAP_TO_PBEST | Indices: (38, 110) | Local Improvement: 0.0
  Move 13: GUIDED_SWAP_TO_PBEST | Indices: (29, 49) | Local Improvement: 0.0
  Move 14: GUIDED_SWAP_TO_PBEST | Indices: (97, 93) | Local Improvement: 0.0
  Move 15: GUIDED_SWAP_TO_PBEST | Indices: (110, 158) | Local Improvement: 0.0
  Move 16: GUIDED_SWAP_TO_GBEST | Indices: (97, 93) | Local Improvement: 0.0
  Move 17: GUIDED_SWAP_TO_GBEST | Indices: (110, 38) | Local Improvement: 0.0
  Move 18: GUIDED_SWAP_TO_GBEST | Indices: (29, 49) | Local Improvement: 0.0
  Move 19: GUIDED_SWAP_TO_GBEST | Indices: (158, 38) | Local Improvement: 0.0
  Move 20: TRIPLE_SWAP | Indices: (218, 207, 183) | Local Improvement: 0.004296875000000089
=================================================================================
=================================================================================
2026-02-01T09:40:58.502 | Step 2 | Particle 18 | GLOBAL BEST ACHIEVED!
Global Improvement: 0.0048828125
All moves in this step:
  Move 1: GUIDED_SWAP_TO_GBEST | Indices: (199, 25) | Local Improvement: 0.0
  Move 2: GUIDED_SWAP_TO_GBEST | Indices: (249, 25) | Local Improvement: 0.0
  Move 3: GUIDED_SWAP_TO_GBEST | Indices: (29, 49) | Local Improvement: 0.0
  Move 4: GUIDED_SWAP_TO_GBEST | Indices: (93, 97) | Local Improvement: 0.0
  Move 5: GUIDED_SWAP_TO_GBEST | Indices: (241, 32) | Local Improvement: 0.0
  Move 6: GUIDED_SWAP_TO_GBEST | Indices: (158, 110) | Local Improvement: 0.0
  Move 7: GUIDED_SWAP_TO_GBEST | Indices: (38, 110) | Local Improvement: 0.0
  Move 8: TRIPLE_SWAP | Indices: (180, 103, 178) | Local Improvement: 0.0048828125
=================================================================================
=================================================================================
2026-02-01T09:40:58.504 | Step 2 | Particle 22 | GLOBAL BEST ACHIEVED!
Global Improvement: 0.005625000000000213
All moves in this step:
  Move 1: GUIDED_SWAP_TO_GBEST | Indices: (125, 187) | Local Improvement: 0.0
  Move 2: GUIDED_SWAP_TO_GBEST | Indices: (241, 32) | Local Improvement: 0.0
  Move 3: GUIDED_SWAP_TO_GBEST | Indices: (165, 239) | Local Improvement: 0.0
  Move 4: GUIDED_SWAP_TO_GBEST | Indices: (202, 187) | Local Improvement: 0.0
  Move 5: GUIDED_SWAP_TO_PBEST | Indices: (239, 165) | Local Improvement: 0.0
  Move 6: GUIDED_SWAP_TO_PBEST | Indices: (187, 125) | Local Improvement: 0.0
  Move 7: GUIDED_SWAP_TO_PBEST | Indices: (32, 241) | Local Improvement: 0.0
  Move 8: GUIDED_SWAP_TO_PBEST | Indices: (202, 125) | Local Improvement: 0.0
  Move 9: GUIDED_SWAP_TO_GBEST | Indices: (38, 158) | Local Improvement: 0.0
  Move 10: GUIDED_SWAP_TO_GBEST | Indices: (93, 97) | Local Improvement: 0.0
  Move 11: GUIDED_SWAP_TO_GBEST | Indices: (187, 202) | Local Improvement: 0.0
  Move 12: GUIDED_SWAP_TO_GBEST | Indices: (49, 29) | Local Improvement: 0.0
  Move 13: GUIDED_SWAP_TO_GBEST | Indices: (125, 202) | Local Improvement: 0.0
  Move 14: TRIPLE_SWAP | Indices: (36, 225, 213) | Local Improvement: 0.00275390625000016
  Move 15: RANDOM_SWAP | Indices: (81, 33) | Local Improvement: 0.0
=================================================================================
=================================================================================
2026-02-01T09:40:58.521 | Step 2 | Particle 65 | GLOBAL BEST ACHIEVED!
Global Improvement: 0.009960937500000044
All moves in this step:
  Move 1: GUIDED_SWAP_TO_GBEST | Indices: (70, 236) | Local Improvement: 0.0
  Move 2: GUIDED_SWAP_TO_GBEST | Indices: (110, 38) | Local Improvement: 0.0
  Move 3: GUIDED_SWAP_TO_GBEST | Indices: (32, 241) | Local Improvement: 0.0
  Move 4: GUIDED_SWAP_TO_GBEST | Indices: (29, 49) | Local Improvement: 0.0
  Move 5: GUIDED_SWAP_TO_GBEST | Indices: (236, 249) | Local Improvement: 0.0
  Move 6: GUIDED_SWAP_TO_PBEST | Indices: (32, 241) | Local Improvement: 0.0
  Move 7: GUIDED_SWAP_TO_PBEST | Indices: (29, 49) | Local Improvement: 0.0
  Move 8: GUIDED_SWAP_TO_PBEST | Indices: (38, 110) | Local Improvement: 0.0
  Move 9: GUIDED_SWAP_TO_GBEST | Indices: (241, 32) | Local Improvement: 0.0
  Move 10: GUIDED_SWAP_TO_GBEST | Indices: (110, 38) | Local Improvement: 0.0
  Move 11: GUIDED_SWAP_TO_GBEST | Indices: (97, 93) | Local Improvement: 0.0
  Move 12: GUIDED_SWAP_TO_GBEST | Indices: (158, 38) | Local Improvement: 0.0
  Move 13: GUIDED_SWAP_TO_PBEST | Indices: (110, 158) | Local Improvement: 0.0
  Move 14: GUIDED_SWAP_TO_PBEST | Indices: (158, 38) | Local Improvement: 0.0
  Move 15: GUIDED_SWAP_TO_PBEST | Indices: (249, 236) | Local Improvement: 0.0
  Move 16: GUIDED_SWAP_TO_PBEST | Indices: (32, 241) | Local Improvement: 0.0
  Move 17: GUIDED_SWAP_TO_PBEST | Indices: (236, 70) | Local Improvement: 0.0
  Move 18: GUIDED_SWAP_TO_GBEST | Indices: (32, 241) | Local Improvement: 0.0
  Move 19: GUIDED_SWAP_TO_GBEST | Indices: (38, 158) | Local Improvement: 0.0
  Move 20: GUIDED_SWAP_TO_GBEST | Indices: (49, 29) | Local Improvement: 0.0
  Move 21: TRIPLE_SWAP | Indices: (253, 132, 33) | Local Improvement: 0.004687500000000178
  Move 22: RANDOM_SWAP | Indices: (17, 138) | Local Improvement: 0.0
  Move 23: RANDOM_SWAP | Indices: (46, 176) | Local Improvement: 0.0
  Move 24: RANDOM_SWAP | Indices: (221, 240) | Local Improvement: 0.0
  Move 25: RANDOM_SWAP | Indices: (18, 5) | Local Improvement: 0.0
  Move 26: RANDOM_SWAP | Indices: (119, 104) | Local Improvement: 0.0
=================================================================================
=================================================================================
2026-02-01T09:40:58.963 | Step 3 | Particle 5 | GLOBAL BEST ACHIEVED!
Global Improvement: 0.0010351562499999467
All moves in this step:
  Move 1: GUIDED_SWAP_TO_GBEST | Indices: (249, 236) | Local Improvement: 0.0
  Move 2: GUIDED_SWAP_TO_GBEST | Indices: (5, 18) | Local Improvement: 0.0
  Move 3: GUIDED_SWAP_TO_GBEST | Indices: (176, 46) | Local Improvement: 0.0
  Move 4: GUIDED_SWAP_TO_GBEST | Indices: (158, 38) | Local Improvement: 0.0
  Move 5: GUIDED_SWAP_TO_GBEST | Indices: (70, 236) | Local Improvement: 0.0
  Move 6: GUIDED_SWAP_TO_PBEST | Indices: (70, 236) | Local Improvement: 0.0
  Move 7: GUIDED_SWAP_TO_PBEST | Indices: (249, 236) | Local Improvement: 0.0
  Move 8: GUIDED_SWAP_TO_PBEST | Indices: (5, 18) | Local Improvement: 0.0
  Move 9: GUIDED_SWAP_TO_PBEST | Indices: (46, 176) | Local Improvement: 0.0
  Move 10: GUIDED_SWAP_TO_GBEST | Indices: (70, 249) | Local Improvement: 0.0
  Move 11: GUIDED_SWAP_TO_GBEST | Indices: (236, 249) | Local Improvement: 0.0
  Move 12: GUIDED_SWAP_TO_GBEST | Indices: (97, 93) | Local Improvement: 0.0
  Move 13: GUIDED_SWAP_TO_GBEST | Indices: (33, 132) | Local Improvement: 0.0
  Move 14: GUIDED_SWAP_TO_GBEST | Indices: (46, 176) | Local Improvement: 0.0
  Move 15: GUIDED_SWAP_TO_GBEST | Indices: (138, 17) | Local Improvement: 0.0
  Move 16: GUIDED_SWAP_TO_GBEST | Indices: (119, 104) | Local Improvement: 0.0
  Move 17: GUIDED_SWAP_TO_GBEST | Indices: (132, 253) | Local Improvement: 0.0
  Move 18: GUIDED_SWAP_TO_GBEST | Indices: (5, 18) | Local Improvement: 0.0
  Move 19: GUIDED_SWAP_TO_GBEST | Indices: (240, 221) | Local Improvement: 0.0
  Move 20: TRIPLE_SWAP | Indices: (234, 86, 182) | Local Improvement: 0.0023242187499998845
=================================================================================
=================================================================================
2026-02-01T09:40:58.966 | Step 3 | Particle 12 | GLOBAL BEST ACHIEVED!
Global Improvement: 0.002265624999999938
All moves in this step:
  Move 1: GUIDED_SWAP_TO_GBEST | Indices: (119, 104) | Local Improvement: 0.0
  Move 2: GUIDED_SWAP_TO_GBEST | Indices: (132, 253) | Local Improvement: 0.0
  Move 3: GUIDED_SWAP_TO_GBEST | Indices: (176, 46) | Local Improvement: 0.0
  Move 4: GUIDED_SWAP_TO_GBEST | Indices: (249, 236) | Local Improvement: 0.0
  Move 5: GUIDED_SWAP_TO_GBEST | Indices: (138, 17) | Local Improvement: 0.0
  Move 6: GUIDED_SWAP_TO_PBEST | Indices: (236, 249) | Local Improvement: 0.0
  Move 7: GUIDED_SWAP_TO_PBEST | Indices: (176, 46) | Local Improvement: 0.0
  Move 8: GUIDED_SWAP_TO_PBEST | Indices: (138, 17) | Local Improvement: 0.0
  Move 9: GUIDED_SWAP_TO_PBEST | Indices: (132, 253) | Local Improvement: 0.0
  Move 10: GUIDED_SWAP_TO_GBEST | Indices: (17, 138) | Local Improvement: 0.0
  Move 11: GUIDED_SWAP_TO_GBEST | Indices: (236, 70) | Local Improvement: 0.0
  Move 12: GUIDED_SWAP_TO_GBEST | Indices: (240, 221) | Local Improvement: 0.0
  Move 13: GUIDED_SWAP_TO_GBEST | Indices: (176, 46) | Local Improvement: 0.0
  Move 14: GUIDED_SWAP_TO_GBEST | Indices: (110, 158) | Local Improvement: 0.0
  Move 15: GUIDED_SWAP_TO_GBEST | Indices: (5, 18) | Local Improvement: 0.0
  Move 16: GUIDED_SWAP_TO_GBEST | Indices: (249, 70) | Local Improvement: 0.0
  Move 17: TRIPLE_SWAP | Indices: (73, 48, 43) | Local Improvement: 0.00310546874999984
=================================================================================
=================================================================================
2026-02-01T09:40:58.969 | Step 3 | Particle 20 | GLOBAL BEST ACHIEVED!
Global Improvement: 0.0029101562500000178
All moves in this step:
  Move 1: GUIDED_SWAP_TO_GBEST | Indices: (46, 176) | Local Improvement: 0.0
  Move 2: GUIDED_SWAP_TO_GBEST | Indices: (18, 5) | Local Improvement: 0.0
  Move 3: GUIDED_SWAP_TO_GBEST | Indices: (17, 138) | Local Improvement: 0.0
  Move 4: GUIDED_SWAP_TO_GBEST | Indices: (119, 104) | Local Improvement: 0.0
  Move 5: GUIDED_SWAP_TO_GBEST | Indices: (249, 236) | Local Improvement: 0.0
  Move 6: GUIDED_SWAP_TO_GBEST | Indices: (221, 240) | Local Improvement: 0.0
  Move 7: GUIDED_SWAP_TO_GBEST | Indices: (33, 132) | Local Improvement: 0.0
  Move 8: GUIDED_SWAP_TO_GBEST | Indices: (253, 132) | Local Improvement: 0.0
  Move 9: GUIDED_SWAP_TO_GBEST | Indices: (158, 38) | Local Improvement: 0.0
  Move 10: TRIPLE_SWAP | Indices: (141, 36, 64) | Local Improvement: 0.0023242187499998845
=================================================================================
=================================================================================
2026-02-01T09:40:58.997 | Step 3 | Particle 89 | GLOBAL BEST ACHIEVED!
Global Improvement: 0.003007812500000151
All moves in this step:
  Move 1: GUIDED_SWAP_TO_GBEST | Indices: (110, 158) | Local Improvement: 0.0
  Move 2: GUIDED_SWAP_TO_GBEST | Indices: (154, 179) | Local Improvement: 0.0
  Move 3: GUIDED_SWAP_TO_GBEST | Indices: (104, 119) | Local Improvement: 0.0
  Move 4: GUIDED_SWAP_TO_GBEST | Indices: (29, 188) | Local Improvement: 0.0
  Move 5: GUIDED_SWAP_TO_GBEST | Indices: (5, 18) | Local Improvement: 0.0
  Move 6: GUIDED_SWAP_TO_PBEST | Indices: (119, 104) | Local Improvement: 0.0
  Move 7: GUIDED_SWAP_TO_PBEST | Indices: (29, 188) | Local Improvement: 0.0
  Move 8: GUIDED_SWAP_TO_PBEST | Indices: (18, 5) | Local Improvement: 0.0
  Move 9: GUIDED_SWAP_TO_PBEST | Indices: (179, 154) | Local Improvement: 0.0
  Move 10: GUIDED_SWAP_TO_GBEST | Indices: (104, 119) | Local Improvement: 0.0
  Move 11: GUIDED_SWAP_TO_GBEST | Indices: (253, 33) | Local Improvement: 0.0
  Move 12: GUIDED_SWAP_TO_GBEST | Indices: (18, 5) | Local Improvement: 0.0
  Move 13: GUIDED_SWAP_TO_GBEST | Indices: (176, 46) | Local Improvement: 0.0
  Move 14: GUIDED_SWAP_TO_GBEST | Indices: (38, 158) | Local Improvement: 0.0
  Move 15: GUIDED_SWAP_TO_PBEST | Indices: (158, 110) | Local Improvement: 0.0
  Move 16: GUIDED_SWAP_TO_PBEST | Indices: (46, 176) | Local Improvement: 0.0
  Move 17: GUIDED_SWAP_TO_PBEST | Indices: (5, 18) | Local Improvement: 0.0
  Move 18: GUIDED_SWAP_TO_PBEST | Indices: (119, 104) | Local Improvement: 0.0
  Move 19: GUIDED_SWAP_TO_GBEST | Indices: (158, 110) | Local Improvement: 0.0
  Move 20: GUIDED_SWAP_TO_GBEST | Indices: (46, 176) | Local Improvement: 0.0
  Move 21: GUIDED_SWAP_TO_GBEST | Indices: (104, 119) | Local Improvement: 0.0
  Move 22: GUIDED_SWAP_TO_GBEST | Indices: (29, 188) | Local Improvement: 0.0
  Move 23: GUIDED_SWAP_TO_GBEST | Indices: (179, 154) | Local Improvement: 0.0
  Move 24: TRIPLE_SWAP | Indices: (160, 31, 55) | Local Improvement: 0.0012304687500002132
=================================================================================
=================================================================================
2026-02-01T09:40:59.015 | Step 3 | Particle 137 | GLOBAL BEST ACHIEVED!
Global Improvement: 0.004238281250000142
All moves in this step:
  Move 1: GUIDED_SWAP_TO_GBEST | Indices: (241, 32) | Local Improvement: 0.0
  Move 2: GUIDED_SWAP_TO_GBEST | Indices: (221, 240) | Local Improvement: 0.0
  Move 3: GUIDED_SWAP_TO_GBEST | Indices: (119, 104) | Local Improvement: 0.0
  Move 4: GUIDED_SWAP_TO_GBEST | Indices: (5, 18) | Local Improvement: 0.0
  Move 5: GUIDED_SWAP_TO_GBEST | Indices: (46, 176) | Local Improvement: 0.0
  Move 6: GUIDED_SWAP_TO_GBEST | Indices: (70, 249) | Local Improvement: 0.0
  Move 7: GUIDED_SWAP_TO_GBEST | Indices: (131, 75) | Local Improvement: 0.0
  Move 8: GUIDED_SWAP_TO_GBEST | Indices: (132, 253) | Local Improvement: 0.0
  Move 9: GUIDED_SWAP_TO_GBEST | Indices: (236, 249) | Local Improvement: 0.0
  Move 10: GUIDED_SWAP_TO_GBEST | Indices: (37, 157) | Local Improvement: 0.0
  Move 11: GUIDED_SWAP_TO_PBEST | Indices: (131, 75) | Local Improvement: 0.0
  Move 12: GUIDED_SWAP_TO_PBEST | Indices: (37, 157) | Local Improvement: 0.0
  Move 13: GUIDED_SWAP_TO_PBEST | Indices: (46, 176) | Local Improvement: 0.0
  Move 14: GUIDED_SWAP_TO_PBEST | Indices: (18, 5) | Local Improvement: 0.0
  Move 15: GUIDED_SWAP_TO_PBEST | Indices: (32, 241) | Local Improvement: 0.0
  Move 16: GUIDED_SWAP_TO_GBEST | Indices: (241, 32) | Local Improvement: 0.0
  Move 17: GUIDED_SWAP_TO_GBEST | Indices: (176, 46) | Local Improvement: 0.0
  Move 18: GUIDED_SWAP_TO_GBEST | Indices: (17, 138) | Local Improvement: 0.0
  Move 19: TRIPLE_SWAP | Indices: (137, 234, 166) | Local Improvement: 0.0021679687500000266
=================================================================================
=================================================================================
2026-02-01T09:40:59.164 | Step 4 | Particle 51 | GLOBAL BEST ACHIEVED!
Global Improvement: 0.001874999999999849
All moves in this step:
  Move 1: GUIDED_SWAP_TO_GBEST | Indices: (170, 218) | Local Improvement: 0.0
  Move 2: GUIDED_SWAP_TO_GBEST | Indices: (12, 149) | Local Improvement: 0.0
  Move 3: GUIDED_SWAP_TO_GBEST | Indices: (104, 119) | Local Improvement: 0.0
  Move 4: GUIDED_SWAP_TO_GBEST | Indices: (234, 137) | Local Improvement: 0.0
  Move 5: GUIDED_SWAP_TO_GBEST | Indices: (137, 166) | Local Improvement: 0.0
  Move 6: GUIDED_SWAP_TO_PBEST | Indices: (12, 149) | Local Improvement: 0.0
  Move 7: GUIDED_SWAP_TO_PBEST | Indices: (234, 166) | Local Improvement: 0.0
  Move 8: GUIDED_SWAP_TO_PBEST | Indices: (170, 218) | Local Improvement: 0.0
  Move 9: GUIDED_SWAP_TO_PBEST | Indices: (166, 137) | Local Improvement: 0.0
  Move 10: GUIDED_SWAP_TO_GBEST | Indices: (131, 9) | Local Improvement: 0.0
  Move 11: GUIDED_SWAP_TO_GBEST | Indices: (37, 157) | Local Improvement: 0.0
  Move 12: GUIDED_SWAP_TO_GBEST | Indices: (234, 137) | Local Improvement: 0.0
  Move 13: GUIDED_SWAP_TO_GBEST | Indices: (192, 151) | Local Improvement: 0.0
  Move 14: GUIDED_SWAP_TO_GBEST | Indices: (113, 15) | Local Improvement: 0.0
  Move 15: GUIDED_SWAP_TO_GBEST | Indices: (17, 121) | Local Improvement: 0.0
  Move 16: GUIDED_SWAP_TO_GBEST | Indices: (149, 141) | Local Improvement: 0.0
  Move 17: GUIDED_SWAP_TO_GBEST | Indices: (9, 75) | Local Improvement: 0.0
  Move 18: GUIDED_SWAP_TO_GBEST | Indices: (218, 170) | Local Improvement: 0.0
  Move 19: GUIDED_SWAP_TO_GBEST | Indices: (181, 210) | Local Improvement: 0.0
  Move 20: TRIPLE_SWAP | Indices: (246, 206, 77) | Local Improvement: 0.00113281250000008
=================================================================================
=================================================================================
2026-02-01T09:40:59.165 | Step 4 | Particle 54 | GLOBAL BEST ACHIEVED!
Global Improvement: 0.0019726562499999822
All moves in this step:
  Move 1: GUIDED_SWAP_TO_GBEST | Indices: (253, 132) | Local Improvement: 0.0
  Move 2: GUIDED_SWAP_TO_GBEST | Indices: (178, 86) | Local Improvement: 0.0
  Move 3: GUIDED_SWAP_TO_GBEST | Indices: (234, 137) | Local Improvement: 0.0
  Move 4: GUIDED_SWAP_TO_GBEST | Indices: (249, 70) | Local Improvement: 0.0
  Move 5: GUIDED_SWAP_TO_GBEST | Indices: (2, 203) | Local Improvement: 0.0
  Move 6: GUIDED_SWAP_TO_PBEST | Indices: (2, 203) | Local Improvement: 0.0
  Move 7: GUIDED_SWAP_TO_PBEST | Indices: (132, 253) | Local Improvement: 0.0
  Move 8: GUIDED_SWAP_TO_PBEST | Indices: (249, 70) | Local Improvement: 0.0
  Move 9: GUIDED_SWAP_TO_GBEST | Indices: (37, 157) | Local Improvement: 0.0
  Move 10: GUIDED_SWAP_TO_GBEST | Indices: (50, 193) | Local Improvement: 0.0
  Move 11: GUIDED_SWAP_TO_GBEST | Indices: (68, 237) | Local Improvement: 0.0
  Move 12: GUIDED_SWAP_TO_GBEST | Indices: (253, 132) | Local Improvement: 0.0
  Move 13: GUIDED_SWAP_TO_PBEST | Indices: (234, 137) | Local Improvement: 0.0
  Move 14: GUIDED_SWAP_TO_PBEST | Indices: (37, 157) | Local Improvement: 0.0
  Move 15: GUIDED_SWAP_TO_PBEST | Indices: (86, 178) | Local Improvement: 0.0
  Move 16: GUIDED_SWAP_TO_PBEST | Indices: (68, 237) | Local Improvement: 0.0
  Move 17: GUIDED_SWAP_TO_GBEST | Indices: (18, 5) | Local Improvement: 0.0
  Move 18: GUIDED_SWAP_TO_GBEST | Indices: (110, 38) | Local Improvement: 0.0
  Move 19: GUIDED_SWAP_TO_GBEST | Indices: (166, 234) | Local Improvement: 0.0
  Move 20: GUIDED_SWAP_TO_GBEST | Indices: (178, 86) | Local Improvement: 0.0
  Move 21: GUIDED_SWAP_TO_GBEST | Indices: (169, 84) | Local Improvement: 0.0
  Move 22: TRIPLE_SWAP | Indices: (153, 240, 141) | Local Improvement: 0.003593750000000062
=================================================================================
=================================================================================
2026-02-01T09:40:59.188 | Step 4 | Particle 111 | GLOBAL BEST ACHIEVED!
Global Improvement: 0.0035546874999998757
All moves in this step:
  Move 1: GUIDED_SWAP_TO_GBEST | Indices: (50, 83) | Local Improvement: 0.0
  Move 2: GUIDED_SWAP_TO_GBEST | Indices: (83, 36) | Local Improvement: 0.0
  Move 3: GUIDED_SWAP_TO_GBEST | Indices: (176, 46) | Local Improvement: 0.0
  Move 4: GUIDED_SWAP_TO_GBEST | Indices: (166, 234) | Local Improvement: 0.0
  Move 5: GUIDED_SWAP_TO_GBEST | Indices: (17, 138) | Local Improvement: 0.0
  Move 6: GUIDED_SWAP_TO_GBEST | Indices: (137, 234) | Local Improvement: 0.0
  Move 7: GUIDED_SWAP_TO_GBEST | Indices: (9, 75) | Local Improvement: 0.0
  Move 8: GUIDED_SWAP_TO_GBEST | Indices: (248, 8) | Local Improvement: 0.0
  Move 9: GUIDED_SWAP_TO_GBEST | Indices: (49, 29) | Local Improvement: 0.0
  Move 10: GUIDED_SWAP_TO_GBEST | Indices: (132, 253) | Local Improvement: 0.0
  Move 11: GUIDED_SWAP_TO_GBEST | Indices: (5, 18) | Local Improvement: 0.0
  Move 12: GUIDED_SWAP_TO_GBEST | Indices: (75, 131) | Local Improvement: 0.0
  Move 13: GUIDED_SWAP_TO_GBEST | Indices: (249, 70) | Local Improvement: 0.0
  Move 14: GUIDED_SWAP_TO_GBEST | Indices: (157, 37) | Local Improvement: 0.0
  Move 15: TRIPLE_SWAP | Indices: (90, 197, 147) | Local Improvement: 0.0035546874999998757
=================================================================================
=================================================================================
2026-02-01T09:40:59.327 | Step 5 | Particle 6 | GLOBAL BEST ACHIEVED!
Global Improvement: 0.0011914062500000266
All moves in this step:
  Move 1: GUIDED_SWAP_TO_GBEST | Indices: (157, 37) | Local Improvement: 0.0
  Move 2: GUIDED_SWAP_TO_GBEST | Indices: (234, 166) | Local Improvement: 0.0
  Move 3: GUIDED_SWAP_TO_GBEST | Indices: (6, 152) | Local Improvement: 0.0
  Move 4: GUIDED_SWAP_TO_GBEST | Indices: (212, 67) | Local Improvement: 0.0
  Move 5: GUIDED_SWAP_TO_GBEST | Indices: (197, 90) | Local Improvement: 0.0
  Move 6: GUIDED_SWAP_TO_GBEST | Indices: (105, 226) | Local Improvement: 0.0
  Move 7: GUIDED_SWAP_TO_GBEST | Indices: (131, 9) | Local Improvement: 0.0
  Move 8: GUIDED_SWAP_TO_GBEST | Indices: (119, 104) | Local Improvement: 0.0
  Move 9: GUIDED_SWAP_TO_GBEST | Indices: (45, 184) | Local Improvement: 0.0
  Move 10: GUIDED_SWAP_TO_GBEST | Indices: (159, 152) | Local Improvement: 0.0
  Move 11: GUIDED_SWAP_TO_GBEST | Indices: (138, 17) | Local Improvement: 0.0
  Move 12: GUIDED_SWAP_TO_GBEST | Indices: (147, 90) | Local Improvement: 0.0
  Move 13: TRIPLE_SWAP | Indices: (226, 14, 61) | Local Improvement: 0.0011914062500000266
=================================================================================
=================================================================================
2026-02-01T09:40:59.504 | Step 6 | Particle 3 | GLOBAL BEST ACHIEVED!
Global Improvement: 0.0005859375000001332
All moves in this step:
  Move 1: GUIDED_SWAP_TO_GBEST | Indices: (61, 14) | Local Improvement: 0.0
  Move 2: GUIDED_SWAP_TO_GBEST | Indices: (147, 90) | Local Improvement: 0.0
  Move 3: GUIDED_SWAP_TO_GBEST | Indices: (14, 226) | Local Improvement: 0.0
  Move 4: GUIDED_SWAP_TO_PBEST | Indices: (90, 147) | Local Improvement: 0.0
  Move 5: GUIDED_SWAP_TO_PBEST | Indices: (226, 14) | Local Improvement: 0.0
  Move 6: GUIDED_SWAP_TO_PBEST | Indices: (14, 61) | Local Improvement: 0.0
  Move 7: GUIDED_SWAP_TO_GBEST | Indices: (226, 61) | Local Improvement: 0.0
  Move 8: GUIDED_SWAP_TO_GBEST | Indices: (90, 147) | Local Improvement: 0.0
  Move 9: GUIDED_SWAP_TO_GBEST | Indices: (61, 14) | Local Improvement: 0.0
  Move 10: GUIDED_SWAP_TO_PBEST | Indices: (61, 226) | Local Improvement: 0.0
  Move 11: GUIDED_SWAP_TO_PBEST | Indices: (226, 14) | Local Improvement: 0.0
  Move 12: GUIDED_SWAP_TO_PBEST | Indices: (147, 90) | Local Improvement: 0.0
  Move 13: GUIDED_SWAP_TO_GBEST | Indices: (90, 147) | Local Improvement: 0.0
  Move 14: GUIDED_SWAP_TO_GBEST | Indices: (14, 226) | Local Improvement: 0.0
  Move 15: GUIDED_SWAP_TO_GBEST | Indices: (61, 226) | Local Improvement: 0.0
  Move 16: TRIPLE_SWAP | Indices: (140, 246, 58) | Local Improvement: 0.0005859375000001332
=================================================================================
=================================================================================
2026-02-01T09:40:59.508 | Step 6 | Particle 12 | GLOBAL BEST ACHIEVED!
Global Improvement: 0.0009375000000000355
All moves in this step:
  Move 1: GUIDED_SWAP_TO_GBEST | Indices: (61, 14) | Local Improvement: 0.0
  Move 2: GUIDED_SWAP_TO_GBEST | Indices: (131, 9) | Local Improvement: 0.0
  Move 3: GUIDED_SWAP_TO_GBEST | Indices: (40, 10) | Local Improvement: 0.0
  Move 4: GUIDED_SWAP_TO_GBEST | Indices: (207, 183) | Local Improvement: 0.0
  Move 5: GUIDED_SWAP_TO_PBEST | Indices: (40, 10) | Local Improvement: 0.0
  Move 6: GUIDED_SWAP_TO_PBEST | Indices: (14, 61) | Local Improvement: 0.0
  Move 7: GUIDED_SWAP_TO_PBEST | Indices: (131, 9) | Local Improvement: 0.0
  Move 8: GUIDED_SWAP_TO_PBEST | Indices: (207, 183) | Local Improvement: 0.0
  Move 9: GUIDED_SWAP_TO_GBEST | Indices: (131, 9) | Local Improvement: 0.0
  Move 10: GUIDED_SWAP_TO_GBEST | Indices: (14, 226) | Local Improvement: 0.0
  Move 11: GUIDED_SWAP_TO_GBEST | Indices: (183, 218) | Local Improvement: 0.0
  Move 12: GUIDED_SWAP_TO_GBEST | Indices: (91, 40) | Local Improvement: 0.0
  Move 13: GUIDED_SWAP_TO_GBEST | Indices: (218, 207) | Local Improvement: 0.0
  Move 14: GUIDED_SWAP_TO_PBEST | Indices: (226, 14) | Local Improvement: 0.0
  Move 15: GUIDED_SWAP_TO_PBEST | Indices: (9, 131) | Local Improvement: 0.0
  Move 16: GUIDED_SWAP_TO_PBEST | Indices: (183, 207) | Local Improvement: 0.0
  Move 17: GUIDED_SWAP_TO_PBEST | Indices: (40, 91) | Local Improvement: 0.0
  Move 18: GUIDED_SWAP_TO_GBEST | Indices: (131, 9) | Local Improvement: 0.0
  Move 19: GUIDED_SWAP_TO_GBEST | Indices: (207, 183) | Local Improvement: 0.0
  Move 20: GUIDED_SWAP_TO_GBEST | Indices: (226, 61) | Local Improvement: 0.0
  Move 21: GUIDED_SWAP_TO_GBEST | Indices: (14, 61) | Local Improvement: 0.0
  Move 22: TRIPLE_SWAP | Indices: (122, 117, 33) | Local Improvement: 9.765624999991118e-5
=================================================================================
=================================================================================
2026-02-01T09:40:59.517 | Step 6 | Particle 36 | GLOBAL BEST ACHIEVED!
Global Improvement: 0.0015234374999999467
All moves in this step:
  Move 1: GUIDED_SWAP_TO_GBEST | Indices: (199, 157) | Local Improvement: 0.0
  Move 2: GUIDED_SWAP_TO_GBEST | Indices: (61, 14) | Local Improvement: 0.0
  Move 3: GUIDED_SWAP_TO_GBEST | Indices: (166, 137) | Local Improvement: 0.0
  Move 4: GUIDED_SWAP_TO_GBEST | Indices: (14, 226) | Local Improvement: 0.0
  Move 5: GUIDED_SWAP_TO_PBEST | Indices: (199, 157) | Local Improvement: 0.0
  Move 6: GUIDED_SWAP_TO_PBEST | Indices: (226, 14) | Local Improvement: 0.0
  Move 7: GUIDED_SWAP_TO_PBEST | Indices: (14, 61) | Local Improvement: 0.0
  Move 8: GUIDED_SWAP_TO_PBEST | Indices: (166, 137) | Local Improvement: 0.0
  Move 9: GUIDED_SWAP_TO_GBEST | Indices: (61, 14) | Local Improvement: 0.0
  Move 10: GUIDED_SWAP_TO_GBEST | Indices: (226, 14) | Local Improvement: 0.0
  Move 11: GUIDED_SWAP_TO_GBEST | Indices: (137, 166) | Local Improvement: 0.0
  Move 12: GUIDED_SWAP_TO_GBEST | Indices: (199, 157) | Local Improvement: 0.0
  Move 13: GUIDED_SWAP_TO_PBEST | Indices: (199, 157) | Local Improvement: 0.0
  Move 14: GUIDED_SWAP_TO_PBEST | Indices: (14, 61) | Local Improvement: 0.0
  Move 15: GUIDED_SWAP_TO_PBEST | Indices: (226, 61) | Local Improvement: 0.0
  Move 16: GUIDED_SWAP_TO_GBEST | Indices: (226, 61) | Local Improvement: 0.0
  Move 17: GUIDED_SWAP_TO_GBEST | Indices: (61, 14) | Local Improvement: 0.0
  Move 18: GUIDED_SWAP_TO_GBEST | Indices: (199, 157) | Local Improvement: 0.0
  Move 19: GUIDED_SWAP_TO_GBEST | Indices: (157, 10) | Local Improvement: 0.0
  Move 20: TRIPLE_SWAP | Indices: (64, 231, 183) | Local Improvement: 0.0015234374999999467
=================================================================================
=================================================================================
2026-02-01T09:40:59.519 | Step 6 | Particle 39 | GLOBAL BEST ACHIEVED!
Global Improvement: 0.001875000000000071
All moves in this step:
  Move 1: GUIDED_SWAP_TO_GBEST | Indices: (14, 234) | Local Improvement: 0.0
  Move 2: GUIDED_SWAP_TO_GBEST | Indices: (209, 172) | Local Improvement: 0.0
  Move 3: GUIDED_SWAP_TO_GBEST | Indices: (90, 147) | Local Improvement: 0.0
  Move 4: GUIDED_SWAP_TO_GBEST | Indices: (221, 172) | Local Improvement: 0.0
  Move 5: GUIDED_SWAP_TO_GBEST | Indices: (183, 253) | Local Improvement: 0.0
  Move 6: GUIDED_SWAP_TO_PBEST | Indices: (172, 209) | Local Improvement: 0.0
  Move 7: GUIDED_SWAP_TO_PBEST | Indices: (221, 209) | Local Improvement: 0.0
  Move 8: GUIDED_SWAP_TO_PBEST | Indices: (253, 183) | Local Improvement: 0.0
  Move 9: GUIDED_SWAP_TO_PBEST | Indices: (234, 14) | Local Improvement: 0.0
  Move 10: GUIDED_SWAP_TO_GBEST | Indices: (221, 209) | Local Improvement: 0.0
  Move 11: GUIDED_SWAP_TO_GBEST | Indices: (14, 234) | Local Improvement: 0.0
  Move 12: GUIDED_SWAP_TO_GBEST | Indices: (197, 147) | Local Improvement: 0.0
  Move 13: GUIDED_SWAP_TO_GBEST | Indices: (226, 61) | Local Improvement: 0.0
  Move 14: GUIDED_SWAP_TO_GBEST | Indices: (172, 209) | Local Improvement: 0.0
  Move 15: GUIDED_SWAP_TO_GBEST | Indices: (61, 234) | Local Improvement: 0.0
  Move 16: GUIDED_SWAP_TO_GBEST | Indices: (253, 33) | Local Improvement: 0.0
  Move 17: GUIDED_SWAP_TO_GBEST | Indices: (137, 234) | Local Improvement: 0.0
  Move 18: GUIDED_SWAP_TO_GBEST | Indices: (183, 33) | Local Improvement: 0.0
  Move 19: TRIPLE_SWAP | Indices: (207, 246, 247) | Local Improvement: 0.001875000000000071
=================================================================================
=================================================================================
2026-02-01T09:40:59.528 | Step 6 | Particle 62 | GLOBAL BEST ACHIEVED!
Global Improvement: 0.003105468750000062
All moves in this step:
  Move 1: GUIDED_SWAP_TO_PBEST | Indices: (253, 54) | Local Improvement: 0.0
  Move 2: GUIDED_SWAP_TO_PBEST | Indices: (137, 166) | Local Improvement: 0.0
  Move 3: GUIDED_SWAP_TO_PBEST | Indices: (37, 157) | Local Improvement: 0.0
  Move 4: GUIDED_SWAP_TO_PBEST | Indices: (75, 9) | Local Improvement: 0.0
  Move 5: GUIDED_SWAP_TO_GBEST | Indices: (157, 37) | Local Improvement: 0.0
  Move 6: GUIDED_SWAP_TO_GBEST | Indices: (9, 75) | Local Improvement: 0.0
  Move 7: GUIDED_SWAP_TO_GBEST | Indices: (236, 70) | Local Improvement: 0.0
  Move 8: GUIDED_SWAP_TO_GBEST | Indices: (188, 143) | Local Improvement: 0.0
  Move 9: GUIDED_SWAP_TO_GBEST | Indices: (14, 226) | Local Improvement: 0.0
  Move 10: GUIDED_SWAP_TO_GBEST | Indices: (166, 234) | Local Improvement: 0.0
  Move 11: GUIDED_SWAP_TO_GBEST | Indices: (158, 110) | Local Improvement: 0.0
  Move 12: GUIDED_SWAP_TO_GBEST | Indices: (61, 226) | Local Improvement: 0.0
  Move 13: GUIDED_SWAP_TO_GBEST | Indices: (234, 137) | Local Improvement: 0.0
  Move 14: GUIDED_SWAP_TO_GBEST | Indices: (253, 33) | Local Improvement: 0.0
  Move 15: TRIPLE_SWAP | Indices: (163, 202, 176) | Local Improvement: 0.003105468750000062
=================================================================================
=================================================================================
2026-02-01T09:40:59.671 | Step 7 | Particle 5 | GLOBAL BEST ACHIEVED!
Global Improvement: 0.0002929687499999556
All moves in this step:
  Move 1: GUIDED_SWAP_TO_GBEST | Indices: (202, 163) | Local Improvement: 0.0
  Move 2: GUIDED_SWAP_TO_GBEST | Indices: (176, 163) | Local Improvement: 0.0
  Move 3: GUIDED_SWAP_TO_PBEST | Indices: (202, 176) | Local Improvement: 0.0
  Move 4: GUIDED_SWAP_TO_PBEST | Indices: (176, 163) | Local Improvement: 0.0
  Move 5: GUIDED_SWAP_TO_GBEST | Indices: (176, 202) | Local Improvement: 0.0
  Move 6: GUIDED_SWAP_TO_GBEST | Indices: (202, 163) | Local Improvement: 0.0
  Move 7: GUIDED_SWAP_TO_PBEST | Indices: (163, 202) | Local Improvement: 0.0
  Move 8: GUIDED_SWAP_TO_PBEST | Indices: (176, 202) | Local Improvement: 0.0
  Move 9: GUIDED_SWAP_TO_GBEST | Indices: (163, 176) | Local Improvement: 0.0
  Move 10: GUIDED_SWAP_TO_GBEST | Indices: (176, 202) | Local Improvement: 0.0
  Move 11: TRIPLE_SWAP | Indices: (178, 173, 132) | Local Improvement: 0.0002929687499999556
=================================================================================
=================================================================================
2026-02-01T09:40:59.683 | Step 7 | Particle 36 | GLOBAL BEST ACHIEVED!
Global Improvement: 0.0008398437499999023
All moves in this step:
  Move 1: GUIDED_SWAP_TO_GBEST | Indices: (176, 202) | Local Improvement: 0.0
  Move 2: GUIDED_SWAP_TO_GBEST | Indices: (163, 202) | Local Improvement: 0.0
  Move 3: GUIDED_SWAP_TO_GBEST | Indices: (183, 64) | Local Improvement: 0.0
  Move 4: GUIDED_SWAP_TO_GBEST | Indices: (64, 231) | Local Improvement: 0.0
  Move 5: GUIDED_SWAP_TO_PBEST | Indices: (183, 231) | Local Improvement: 0.0
  Move 6: GUIDED_SWAP_TO_PBEST | Indices: (163, 202) | Local Improvement: 0.0
  Move 7: GUIDED_SWAP_TO_PBEST | Indices: (64, 231) | Local Improvement: 0.0
  Move 8: GUIDED_SWAP_TO_PBEST | Indices: (202, 176) | Local Improvement: 0.0
  Move 9: GUIDED_SWAP_TO_GBEST | Indices: (183, 64) | Local Improvement: 0.0
  Move 10: GUIDED_SWAP_TO_GBEST | Indices: (64, 231) | Local Improvement: 0.0
  Move 11: GUIDED_SWAP_TO_GBEST | Indices: (176, 202) | Local Improvement: 0.0
  Move 12: GUIDED_SWAP_TO_GBEST | Indices: (163, 202) | Local Improvement: 0.0
  Move 13: GUIDED_SWAP_TO_PBEST | Indices: (64, 183) | Local Improvement: 0.0
  Move 14: GUIDED_SWAP_TO_PBEST | Indices: (176, 163) | Local Improvement: 0.0
  Move 15: GUIDED_SWAP_TO_PBEST | Indices: (163, 202) | Local Improvement: 0.0
  Move 16: GUIDED_SWAP_TO_PBEST | Indices: (183, 231) | Local Improvement: 0.0
  Move 17: GUIDED_SWAP_TO_GBEST | Indices: (64, 231) | Local Improvement: 0.0
  Move 18: GUIDED_SWAP_TO_GBEST | Indices: (163, 176) | Local Improvement: 0.0
  Move 19: GUIDED_SWAP_TO_GBEST | Indices: (176, 202) | Local Improvement: 0.0
  Move 20: GUIDED_SWAP_TO_GBEST | Indices: (183, 231) | Local Improvement: 0.0
  Move 21: TRIPLE_SWAP | Indices: (94, 237, 132) | Local Improvement: 0.0008398437499999023
=================================================================================
=================================================================================
2026-02-01T09:40:59.921 | Step 8 | Particle 39 | GLOBAL BEST ACHIEVED!
Global Improvement: 0.0006835937500000444
All moves in this step:
  Move 1: GUIDED_SWAP_TO_GBEST | Indices: (132, 237) | Local Improvement: 0.0
  Move 2: GUIDED_SWAP_TO_GBEST | Indices: (237, 94) | Local Improvement: 0.0
  Move 3: GUIDED_SWAP_TO_PBEST | Indices: (237, 132) | Local Improvement: 0.0
  Move 4: GUIDED_SWAP_TO_PBEST | Indices: (94, 132) | Local Improvement: 0.0
  Move 5: GUIDED_SWAP_TO_GBEST | Indices: (237, 94) | Local Improvement: 0.0
  Move 6: GUIDED_SWAP_TO_GBEST | Indices: (132, 94) | Local Improvement: 0.0
  Move 7: TRIPLE_SWAP | Indices: (231, 215, 129) | Local Improvement: 0.0010351562499999467
  Move 8: RANDOM_SWAP | Indices: (129, 84) | Local Improvement: 0.0
  Move 9: RANDOM_SWAP | Indices: (137, 213) | Local Improvement: 0.0
=================================================================================
=================================================================================
2026-02-01T09:40:59.943 | Step 8 | Particle 94 | GLOBAL BEST ACHIEVED!
Global Improvement: 0.0009375000000000355
All moves in this step:
  Move 1: GUIDED_SWAP_TO_GBEST | Indices: (132, 237) | Local Improvement: 0.0
  Move 2: GUIDED_SWAP_TO_GBEST | Indices: (94, 237) | Local Improvement: 0.0
  Move 3: GUIDED_SWAP_TO_PBEST | Indices: (132, 94) | Local Improvement: 0.0
  Move 4: GUIDED_SWAP_TO_PBEST | Indices: (94, 237) | Local Improvement: 0.0
  Move 5: GUIDED_SWAP_TO_GBEST | Indices: (132, 237) | Local Improvement: 0.0
  Move 6: GUIDED_SWAP_TO_GBEST | Indices: (94, 237) | Local Improvement: 0.0
  Move 7: TRIPLE_SWAP | Indices: (173, 143, 246) | Local Improvement: 0.0009375000000000355
=================================================================================
=================================================================================
2026-02-01T09:40:59.953 | Step 8 | Particle 119 | GLOBAL BEST ACHIEVED!
Global Improvement: 0.0012304687499999911
All moves in this step:
  Move 1: GUIDED_SWAP_TO_GBEST | Indices: (94, 132) | Local Improvement: 0.0
  Move 2: GUIDED_SWAP_TO_GBEST | Indices: (132, 237) | Local Improvement: 0.0
  Move 3: GUIDED_SWAP_TO_PBEST | Indices: (94, 237) | Local Improvement: 0.0
  Move 4: GUIDED_SWAP_TO_PBEST | Indices: (237, 132) | Local Improvement: 0.0
  Move 5: GUIDED_SWAP_TO_GBEST | Indices: (132, 237) | Local Improvement: 0.0
  Move 6: GUIDED_SWAP_TO_GBEST | Indices: (237, 94) | Local Improvement: 0.0
  Move 7: GUIDED_SWAP_TO_PBEST | Indices: (94, 237) | Local Improvement: 0.0
  Move 8: GUIDED_SWAP_TO_PBEST | Indices: (237, 132) | Local Improvement: 0.0
  Move 9: TRIPLE_SWAP | Indices: (207, 94, 38) | Local Improvement: 0.0020703124999998934
=================================================================================
=================================================================================
2026-02-01T09:41:00.094 | Step 9 | Particle 39 | GLOBAL BEST ACHIEVED!
Global Improvement: 9.765625000013323e-5
All moves in this step:
  Move 1: GUIDED_SWAP_TO_GBEST | Indices: (237, 132) | Local Improvement: 0.0
  Move 2: GUIDED_SWAP_TO_GBEST | Indices: (94, 207) | Local Improvement: 0.0
  Move 3: GUIDED_SWAP_TO_GBEST | Indices: (213, 137) | Local Improvement: 0.0
  Move 4: GUIDED_SWAP_TO_GBEST | Indices: (215, 84) | Local Improvement: 0.0
  Move 5: GUIDED_SWAP_TO_GBEST | Indices: (129, 231) | Local Improvement: 0.0
  Move 6: GUIDED_SWAP_TO_PBEST | Indices: (231, 129) | Local Improvement: 0.0
  Move 7: GUIDED_SWAP_TO_PBEST | Indices: (237, 132) | Local Improvement: 0.0
  Move 8: GUIDED_SWAP_TO_PBEST | Indices: (84, 215) | Local Improvement: 0.0
  Move 9: GUIDED_SWAP_TO_PBEST | Indices: (94, 207) | Local Improvement: 0.0
  Move 10: GUIDED_SWAP_TO_GBEST | Indices: (207, 38) | Local Improvement: 0.0
  Move 11: GUIDED_SWAP_TO_GBEST | Indices: (38, 237) | Local Improvement: 0.0
  Move 12: GUIDED_SWAP_TO_GBEST | Indices: (94, 237) | Local Improvement: 0.0
  Move 13: GUIDED_SWAP_TO_GBEST | Indices: (84, 129) | Local Improvement: 0.0
  Move 14: GUIDED_SWAP_TO_GBEST | Indices: (132, 237) | Local Improvement: 0.0
=================================================================================
=================================================================================
2026-02-01T09:41:00.118 | Step 9 | Particle 100 | GLOBAL BEST ACHIEVED!
Global Improvement: 0.0012304687499999911
All moves in this step:
  Move 1: GUIDED_SWAP_TO_GBEST | Indices: (207, 38) | Local Improvement: 0.0
  Move 2: GUIDED_SWAP_TO_GBEST | Indices: (68, 18) | Local Improvement: 0.0
  Move 3: GUIDED_SWAP_TO_GBEST | Indices: (18, 141) | Local Improvement: 0.0
  Move 4: GUIDED_SWAP_TO_GBEST | Indices: (132, 94) | Local Improvement: 0.0
  Move 5: GUIDED_SWAP_TO_GBEST | Indices: (38, 237) | Local Improvement: 0.0
  Move 6: GUIDED_SWAP_TO_PBEST | Indices: (18, 68) | Local Improvement: 0.0
  Move 7: GUIDED_SWAP_TO_PBEST | Indices: (38, 207) | Local Improvement: 0.0
  Move 8: GUIDED_SWAP_TO_PBEST | Indices: (94, 132) | Local Improvement: 0.0
  Move 9: GUIDED_SWAP_TO_PBEST | Indices: (141, 68) | Local Improvement: 0.0
  Move 10: GUIDED_SWAP_TO_GBEST | Indices: (18, 141) | Local Improvement: 0.0
  Move 11: GUIDED_SWAP_TO_GBEST | Indices: (38, 207) | Local Improvement: 0.0
  Move 12: GUIDED_SWAP_TO_GBEST | Indices: (167, 184) | Local Improvement: 0.0
  Move 13: GUIDED_SWAP_TO_GBEST | Indices: (132, 94) | Local Improvement: 0.0
  Move 14: GUIDED_SWAP_TO_GBEST | Indices: (94, 237) | Local Improvement: 0.0
=================================================================================
=================================================================================
2026-02-01T09:41:00.452 | Step 10 | Particle 10 | GLOBAL BEST ACHIEVED!
Global Improvement: 9.765625000013323e-5
All moves in this step:
  Move 1: GUIDED_SWAP_TO_GBEST | Indices: (200, 223) | Local Improvement: 0.0
  Move 2: GUIDED_SWAP_TO_GBEST | Indices: (141, 68) | Local Improvement: 0.0
  Move 3: RANDOM_SWAP | Indices: (20, 223) | Local Improvement: 0.0
=================================================================================
=================================================================================
2026-02-01T09:41:00.464 | Step 10 | Particle 40 | GLOBAL BEST ACHIEVED!
Global Improvement: 0.0001953125000000444
All moves in this step:
  Move 1: GUIDED_SWAP_TO_GBEST | Indices: (68, 141) | Local Improvement: 0.0
  Move 2: GUIDED_SWAP_TO_PBEST | Indices: (141, 68) | Local Improvement: 0.0
  Move 3: GUIDED_SWAP_TO_GBEST | Indices: (68, 141) | Local Improvement: 0.0
  Move 4: TRIPLE_SWAP | Indices: (78, 246, 99) | Local Improvement: 0.0001953125000000444
=================================================================================
=================================================================================
2026-02-01T09:41:00.476 | Step 10 | Particle 69 | GLOBAL BEST ACHIEVED!
Global Improvement: 0.00035156250000012434
All moves in this step:
  Move 1: GUIDED_SWAP_TO_PBEST | Indices: (94, 132) | Local Improvement: 0.0
  Move 2: GUIDED_SWAP_TO_PBEST | Indices: (38, 207) | Local Improvement: 0.0
  Move 3: GUIDED_SWAP_TO_PBEST | Indices: (237, 207) | Local Improvement: 0.0
  Move 4: GUIDED_SWAP_TO_PBEST | Indices: (132, 207) | Local Improvement: 0.0
  Move 5: GUIDED_SWAP_TO_GBEST | Indices: (68, 141) | Local Improvement: 0.0
  Move 6: GUIDED_SWAP_TO_GBEST | Indices: (207, 38) | Local Improvement: 0.0
  Move 7: GUIDED_SWAP_TO_GBEST | Indices: (118, 41) | Local Improvement: 0.0
  Move 8: GUIDED_SWAP_TO_GBEST | Indices: (237, 132) | Local Improvement: 0.0
  Move 9: GUIDED_SWAP_TO_GBEST | Indices: (132, 94) | Local Improvement: 0.0
  Move 10: GUIDED_SWAP_TO_PBEST | Indices: (72, 118) | Local Improvement: 0.0
  Move 11: GUIDED_SWAP_TO_PBEST | Indices: (94, 132) | Local Improvement: 0.0
  Move 12: GUIDED_SWAP_TO_PBEST | Indices: (38, 207) | Local Improvement: 0.0
  Move 13: GUIDED_SWAP_TO_PBEST | Indices: (237, 132) | Local Improvement: 0.0
  Move 14: GUIDED_SWAP_TO_GBEST | Indices: (118, 72) | Local Improvement: 0.0
  Move 15: GUIDED_SWAP_TO_GBEST | Indices: (132, 94) | Local Improvement: 0.0
  Move 16: GUIDED_SWAP_TO_GBEST | Indices: (237, 94) | Local Improvement: 0.0
  Move 17: GUIDED_SWAP_TO_GBEST | Indices: (207, 38) | Local Improvement: 0.0
  Move 18: GUIDED_SWAP_TO_PBEST | Indices: (72, 118) | Local Improvement: 0.0
  Move 19: GUIDED_SWAP_TO_PBEST | Indices: (132, 237) | Local Improvement: 0.0
  Move 20: GUIDED_SWAP_TO_PBEST | Indices: (38, 207) | Local Improvement: 0.0
  Move 21: GUIDED_SWAP_TO_PBEST | Indices: (141, 68) | Local Improvement: 0.0
  Move 22: GUIDED_SWAP_TO_PBEST | Indices: (237, 94) | Local Improvement: 0.0
  Move 23: GUIDED_SWAP_TO_GBEST | Indices: (207, 38) | Local Improvement: 0.0
  Move 24: GUIDED_SWAP_TO_GBEST | Indices: (68, 141) | Local Improvement: 0.0
  Move 25: GUIDED_SWAP_TO_GBEST | Indices: (38, 237) | Local Improvement: 0.0
  Move 26: GUIDED_SWAP_TO_GBEST | Indices: (72, 118) | Local Improvement: 0.0
=================================================================================
=================================================================================
2026-02-01T09:41:00.613 | Step 11 | Particle 39 | GLOBAL BEST ACHIEVED!
Global Improvement: 0.0008398437499999023
All moves in this step:
  Move 1: GUIDED_SWAP_TO_GBEST | Indices: (68, 141) | Local Improvement: 0.0
  Move 2: GUIDED_SWAP_TO_GBEST | Indices: (129, 231) | Local Improvement: 0.0
  Move 3: GUIDED_SWAP_TO_GBEST | Indices: (132, 237) | Local Improvement: 0.0
  Move 4: GUIDED_SWAP_TO_GBEST | Indices: (237, 94) | Local Improvement: 0.0
  Move 5: GUIDED_SWAP_TO_GBEST | Indices: (231, 215) | Local Improvement: 0.0
  Move 6: GUIDED_SWAP_TO_PBEST | Indices: (68, 141) | Local Improvement: 0.0
  Move 7: GUIDED_SWAP_TO_PBEST | Indices: (215, 231) | Local Improvement: 0.0
  Move 8: GUIDED_SWAP_TO_PBEST | Indices: (231, 129) | Local Improvement: 0.0
  Move 9: GUIDED_SWAP_TO_PBEST | Indices: (132, 94) | Local Improvement: 0.0
  Move 10: GUIDED_SWAP_TO_GBEST | Indices: (68, 141) | Local Improvement: 0.0
  Move 11: GUIDED_SWAP_TO_GBEST | Indices: (129, 231) | Local Improvement: 0.0
  Move 12: GUIDED_SWAP_TO_GBEST | Indices: (215, 231) | Local Improvement: 0.0
=================================================================================
=================================================================================
2026-02-01T09:41:00.807 | Step 12 | Particle 174 | GLOBAL BEST ACHIEVED!
Global Improvement: 9.765624999991118e-5
All moves in this step:
  Move 1: GUIDED_SWAP_TO_GBEST | Indices: (68, 141) | Local Improvement: 0.0
  Move 2: GUIDED_SWAP_TO_GBEST | Indices: (237, 94) | Local Improvement: 0.0
  Move 3: GUIDED_SWAP_TO_PBEST | Indices: (94, 237) | Local Improvement: 0.0
  Move 4: GUIDED_SWAP_TO_PBEST | Indices: (141, 68) | Local Improvement: 0.0
  Move 5: GUIDED_SWAP_TO_GBEST | Indices: (94, 237) | Local Improvement: 0.0
  Move 6: GUIDED_SWAP_TO_GBEST | Indices: (68, 141) | Local Improvement: 0.0
  Move 7: GUIDED_SWAP_TO_PBEST | Indices: (94, 237) | Local Improvement: 0.0
  Move 8: GUIDED_SWAP_TO_PBEST | Indices: (68, 141) | Local Improvement: 0.0
  Move 9: GUIDED_SWAP_TO_GBEST | Indices: (94, 237) | Local Improvement: 0.0
  Move 10: GUIDED_SWAP_TO_GBEST | Indices: (141, 68) | Local Improvement: 0.0
  Move 11: TRIPLE_SWAP | Indices: (42, 252, 154) | Local Improvement: 9.765624999991118e-5
=================================================================================
=================================================================================
2026-02-01T09:41:00.881 | Step 13 | Particle 3 | GLOBAL BEST ACHIEVED!
Global Improvement: 0.0003906250000000888
All moves in this step:
  Move 1: GUIDED_SWAP_TO_PBEST | Indices: (53, 196) | Local Improvement: 0.0
  Move 2: GUIDED_SWAP_TO_PBEST | Indices: (132, 94) | Local Improvement: 0.0
  Move 3: GUIDED_SWAP_TO_PBEST | Indices: (124, 183) | Local Improvement: 0.0
  Move 4: GUIDED_SWAP_TO_PBEST | Indices: (74, 243) | Local Improvement: 0.0
  Move 5: GUIDED_SWAP_TO_GBEST | Indices: (252, 42) | Local Improvement: 0.0
  Move 6: GUIDED_SWAP_TO_GBEST | Indices: (132, 94) | Local Improvement: 0.0
  Move 7: GUIDED_SWAP_TO_GBEST | Indices: (42, 154) | Local Improvement: 0.0
  Move 8: GUIDED_SWAP_TO_PBEST | Indices: (42, 252) | Local Improvement: 0.0
  Move 9: GUIDED_SWAP_TO_PBEST | Indices: (154, 252) | Local Improvement: 0.0
  Move 10: GUIDED_SWAP_TO_PBEST | Indices: (94, 132) | Local Improvement: 0.0
  Move 11: GUIDED_SWAP_TO_GBEST | Indices: (94, 132) | Local Improvement: 0.0
  Move 12: GUIDED_SWAP_TO_GBEST | Indices: (252, 42) | Local Improvement: 0.0
  Move 13: GUIDED_SWAP_TO_GBEST | Indices: (154, 42) | Local Improvement: 0.0
  Move 14: TRIPLE_SWAP | Indices: (246, 31, 183) | Local Improvement: 0.0003906250000000888
=================================================================================
=================================================================================
2026-02-01T09:41:00.884 | Step 13 | Particle 11 | GLOBAL BEST ACHIEVED!
Global Improvement: 0.00048828125
All moves in this step:
  Move 1: GUIDED_SWAP_TO_PBEST | Indices: (210, 142) | Local Improvement: 0.0
  Move 2: GUIDED_SWAP_TO_PBEST | Indices: (38, 207) | Local Improvement: 0.0
  Move 3: GUIDED_SWAP_TO_PBEST | Indices: (42, 62) | Local Improvement: 0.0
  Move 4: GUIDED_SWAP_TO_PBEST | Indices: (207, 237) | Local Improvement: 0.0
  Move 5: GUIDED_SWAP_TO_GBEST | Indices: (252, 62) | Local Improvement: 0.0
  Move 6: GUIDED_SWAP_TO_GBEST | Indices: (154, 62) | Local Improvement: 0.0
  Move 7: GUIDED_SWAP_TO_GBEST | Indices: (38, 237) | Local Improvement: 0.0
  Move 8: GUIDED_SWAP_TO_GBEST | Indices: (81, 99) | Local Improvement: 0.0
  Move 9: GUIDED_SWAP_TO_GBEST | Indices: (62, 42) | Local Improvement: 0.0
  Move 10: GUIDED_SWAP_TO_PBEST | Indices: (69, 160) | Local Improvement: 0.0
  Move 11: GUIDED_SWAP_TO_PBEST | Indices: (42, 62) | Local Improvement: 0.0
  Move 12: GUIDED_SWAP_TO_PBEST | Indices: (193, 110) | Local Improvement: 0.0
  Move 13: GUIDED_SWAP_TO_PBEST | Indices: (34, 252) | Local Improvement: 0.0
  Move 14: GUIDED_SWAP_TO_PBEST | Indices: (7, 112) | Local Improvement: 0.0
  Move 15: GUIDED_SWAP_TO_GBEST | Indices: (207, 237) | Local Improvement: 0.0
  Move 16: GUIDED_SWAP_TO_GBEST | Indices: (62, 42) | Local Improvement: 0.0
  Move 17: GUIDED_SWAP_TO_GBEST | Indices: (252, 34) | Local Improvement: 0.0
  Move 18: GUIDED_SWAP_TO_PBEST | Indices: (154, 42) | Local Improvement: 0.0
  Move 19: GUIDED_SWAP_TO_PBEST | Indices: (237, 94) | Local Improvement: 0.0
  Move 20: GUIDED_SWAP_TO_PBEST | Indices: (252, 42) | Local Improvement: 0.0
  Move 21: GUIDED_SWAP_TO_PBEST | Indices: (38, 207) | Local Improvement: 0.0
  Move 22: GUIDED_SWAP_TO_PBEST | Indices: (34, 42) | Local Improvement: 0.0
  Move 23: GUIDED_SWAP_TO_GBEST | Indices: (38, 207) | Local Improvement: 0.0
  Move 24: GUIDED_SWAP_TO_GBEST | Indices: (34, 42) | Local Improvement: 0.0
  Move 25: GUIDED_SWAP_TO_GBEST | Indices: (237, 94) | Local Improvement: 0.0
  Move 26: GUIDED_SWAP_TO_GBEST | Indices: (42, 154) | Local Improvement: 0.0
  Move 27: GUIDED_SWAP_TO_GBEST | Indices: (252, 154) | Local Improvement: 0.0
  Move 28: TRIPLE_SWAP | Indices: (241, 10, 131) | Local Improvement: 0.00048828125
=================================================================================
=================================================================================
2026-02-01T09:41:00.948 | Step 13 | Particle 175 | GLOBAL BEST ACHIEVED!
Global Improvement: 0.0018402777777779544
All moves in this step:
  Move 1: GUIDED_SWAP_TO_GBEST | Indices: (132, 94) | Local Improvement: 0.0
  Move 2: GUIDED_SWAP_TO_GBEST | Indices: (42, 154) | Local Improvement: 0.0
  Move 3: GUIDED_SWAP_TO_GBEST | Indices: (154, 252) | Local Improvement: 0.0
  Move 4: GUIDED_SWAP_TO_PBEST | Indices: (252, 154) | Local Improvement: 0.0
  Move 5: GUIDED_SWAP_TO_PBEST | Indices: (132, 94) | Local Improvement: 0.0
  Move 6: GUIDED_SWAP_TO_PBEST | Indices: (154, 42) | Local Improvement: 0.0
  Move 7: GUIDED_SWAP_TO_GBEST | Indices: (94, 132) | Local Improvement: 0.0
  Move 8: GUIDED_SWAP_TO_GBEST | Indices: (42, 154) | Local Improvement: 0.0
  Move 9: GUIDED_SWAP_TO_GBEST | Indices: (252, 154) | Local Improvement: 0.0
  Move 10: TRIPLE_SWAP | Indices: (244, 204, 108) | Local Improvement: 0.0018402777777779544
=================================================================================
=================================================================================
2026-02-01T09:41:01.193 | Step 15 | Particle 9 | GLOBAL BEST ACHIEVED!
Global Improvement: 0.00048828125
All moves in this step:
  Move 1: GUIDED_SWAP_TO_GBEST | Indices: (244, 108) | Local Improvement: 0.0
  Move 2: GUIDED_SWAP_TO_GBEST | Indices: (42, 154) | Local Improvement: 0.0
  Move 3: GUIDED_SWAP_TO_GBEST | Indices: (154, 252) | Local Improvement: 0.0
  Move 4: GUIDED_SWAP_TO_GBEST | Indices: (108, 204) | Local Improvement: 0.0
  Move 5: TRIPLE_SWAP | Indices: (188, 187, 109) | Local Improvement: 0.00048828125
=================================================================================
=================================================================================
2026-02-01T09:41:01.385 | Step 16 | Particle 132 | GLOBAL BEST ACHIEVED!
Global Improvement: 0.0004492187499998135
All moves in this step:
  Move 1: GUIDED_SWAP_TO_GBEST | Indices: (187, 188) | Local Improvement: 0.0
  Move 2: GUIDED_SWAP_TO_GBEST | Indices: (109, 188) | Local Improvement: 0.0
  Move 3: GUIDED_SWAP_TO_PBEST | Indices: (109, 188) | Local Improvement: 0.0
  Move 4: GUIDED_SWAP_TO_PBEST | Indices: (188, 187) | Local Improvement: 0.0
  Move 5: GUIDED_SWAP_TO_GBEST | Indices: (187, 188) | Local Improvement: 0.0
  Move 6: GUIDED_SWAP_TO_GBEST | Indices: (109, 188) | Local Improvement: 0.0
  Move 7: GUIDED_SWAP_TO_PBEST | Indices: (187, 109) | Local Improvement: 0.0
  Move 8: GUIDED_SWAP_TO_PBEST | Indices: (188, 109) | Local Improvement: 0.0
  Move 9: GUIDED_SWAP_TO_GBEST | Indices: (109, 187) | Local Improvement: 0.0
  Move 10: GUIDED_SWAP_TO_GBEST | Indices: (187, 188) | Local Improvement: 0.0
  Move 11: TRIPLE_SWAP | Indices: (167, 117, 78) | Local Improvement: 0.0004492187499998135
=================================================================================
=================================================================================
2026-02-01T09:41:01.632 | Step 18 | Particle 68 | GLOBAL BEST ACHIEVED!
Global Improvement: 9.765625000013323e-5
All moves in this step:
  Move 1: TRIPLE_SWAP | Indices: (230, 225, 25) | Local Improvement: 9.765625000013323e-5
=================================================================================
=================================================================================
2026-02-01T09:41:01.756 | Step 19 | Particle 71 | GLOBAL BEST ACHIEVED!
Global Improvement: 0.0002929687499999556
All moves in this step:
  Move 1: GUIDED_SWAP_TO_GBEST | Indices: (167, 78) | Local Improvement: 0.0
  Move 2: GUIDED_SWAP_TO_GBEST | Indices: (117, 78) | Local Improvement: 0.0
  Move 3: GUIDED_SWAP_TO_GBEST | Indices: (230, 25) | Local Improvement: 0.0
  Move 4: GUIDED_SWAP_TO_GBEST | Indices: (225, 25) | Local Improvement: 0.0
  Move 5: GUIDED_SWAP_TO_PBEST | Indices: (78, 167) | Local Improvement: 0.0
  Move 6: GUIDED_SWAP_TO_PBEST | Indices: (25, 230) | Local Improvement: 0.0
  Move 7: GUIDED_SWAP_TO_PBEST | Indices: (167, 117) | Local Improvement: 0.0
  Move 8: GUIDED_SWAP_TO_PBEST | Indices: (225, 230) | Local Improvement: 0.0
  Move 9: GUIDED_SWAP_TO_GBEST | Indices: (25, 225) | Local Improvement: 0.0
  Move 10: GUIDED_SWAP_TO_GBEST | Indices: (167, 78) | Local Improvement: 0.0
  Move 11: GUIDED_SWAP_TO_GBEST | Indices: (225, 230) | Local Improvement: 0.0
  Move 12: GUIDED_SWAP_TO_GBEST | Indices: (78, 117) | Local Improvement: 0.0
  Move 13: GUIDED_SWAP_TO_PBEST | Indices: (25, 230) | Local Improvement: 0.0
  Move 14: GUIDED_SWAP_TO_PBEST | Indices: (167, 117) | Local Improvement: 0.0
  Move 15: GUIDED_SWAP_TO_PBEST | Indices: (230, 225) | Local Improvement: 0.0
  Move 16: GUIDED_SWAP_TO_PBEST | Indices: (117, 78) | Local Improvement: 0.0
  Move 17: GUIDED_SWAP_TO_GBEST | Indices: (117, 167) | Local Improvement: 0.0
  Move 18: GUIDED_SWAP_TO_GBEST | Indices: (78, 167) | Local Improvement: 0.0
  Move 19: GUIDED_SWAP_TO_GBEST | Indices: (225, 230) | Local Improvement: 0.0
  Move 20: GUIDED_SWAP_TO_GBEST | Indices: (25, 230) | Local Improvement: 0.0
  Move 21: TRIPLE_SWAP | Indices: (240, 123, 93) | Local Improvement: 0.0002929687499999556
=================================================================================
=================================================================================
2026-02-01T09:41:01.766 | Step 19 | Particle 95 | GLOBAL BEST ACHIEVED!
Global Improvement: 0.0003906249999998668
All moves in this step:
  Move 1: GUIDED_SWAP_TO_GBEST | Indices: (25, 225) | Local Improvement: 0.0
  Move 2: GUIDED_SWAP_TO_GBEST | Indices: (145, 161) | Local Improvement: 0.0
  Move 3: GUIDED_SWAP_TO_GBEST | Indices: (167, 78) | Local Improvement: 0.0
  Move 4: GUIDED_SWAP_TO_GBEST | Indices: (225, 230) | Local Improvement: 0.0
  Move 5: GUIDED_SWAP_TO_GBEST | Indices: (250, 161) | Local Improvement: 0.0
  Move 6: GUIDED_SWAP_TO_PBEST | Indices: (25, 230) | Local Improvement: 0.0
  Move 7: GUIDED_SWAP_TO_PBEST | Indices: (145, 250) | Local Improvement: 0.0
  Move 8: GUIDED_SWAP_TO_PBEST | Indices: (78, 167) | Local Improvement: 0.0
  Move 9: GUIDED_SWAP_TO_PBEST | Indices: (250, 161) | Local Improvement: 0.0
  Move 10: GUIDED_SWAP_TO_GBEST | Indices: (117, 167) | Local Improvement: 0.0
  Move 11: GUIDED_SWAP_TO_GBEST | Indices: (25, 230) | Local Improvement: 0.0
  Move 12: GUIDED_SWAP_TO_GBEST | Indices: (78, 167) | Local Improvement: 0.0
  Move 13: GUIDED_SWAP_TO_GBEST | Indices: (145, 161) | Local Improvement: 0.0
  Move 14: GUIDED_SWAP_TO_GBEST | Indices: (250, 161) | Local Improvement: 0.0
  Move 15: TRIPLE_SWAP | Indices: (218, 243, 32) | Local Improvement: 0.0003906249999998668
=================================================================================
=================================================================================
2026-02-01T09:41:02.074 | Step 20 | Particle 83 | GLOBAL BEST ACHIEVED!
Global Improvement: 0.0001953125000000444
All moves in this step:
  Move 1: GUIDED_SWAP_TO_PBEST | Indices: (109, 188) | Local Improvement: 0.0
  Move 2: GUIDED_SWAP_TO_PBEST | Indices: (188, 187) | Local Improvement: 0.0
  Move 3: GUIDED_SWAP_TO_PBEST | Indices: (230, 225) | Local Improvement: 0.0
  Move 4: GUIDED_SWAP_TO_PBEST | Indices: (117, 78) | Local Improvement: 0.0
  Move 5: GUIDED_SWAP_TO_PBEST | Indices: (167, 78) | Local Improvement: 0.0
  Move 6: GUIDED_SWAP_TO_GBEST | Indices: (218, 32) | Local Improvement: 0.0
  Move 7: GUIDED_SWAP_TO_GBEST | Indices: (25, 225) | Local Improvement: 0.0
  Move 8: GUIDED_SWAP_TO_GBEST | Indices: (243, 32) | Local Improvement: 0.0
  Move 9: GUIDED_SWAP_TO_GBEST | Indices: (188, 109) | Local Improvement: 0.0
  Move 10: GUIDED_SWAP_TO_GBEST | Indices: (187, 109) | Local Improvement: 0.0
  Move 11: GUIDED_SWAP_TO_GBEST | Indices: (117, 167) | Local Improvement: 0.0
  Move 12: GUIDED_SWAP_TO_GBEST | Indices: (78, 167) | Local Improvement: 0.0
  Move 13: GUIDED_SWAP_TO_GBEST | Indices: (19, 13) | Local Improvement: 0.0
  Move 14: GUIDED_SWAP_TO_GBEST | Indices: (225, 230) | Local Improvement: 0.0
  Move 15: GUIDED_SWAP_TO_PBEST | Indices: (225, 25) | Local Improvement: 0.0
  Move 16: GUIDED_SWAP_TO_PBEST | Indices: (188, 187) | Local Improvement: 0.0
  Move 17: GUIDED_SWAP_TO_PBEST | Indices: (187, 109) | Local Improvement: 0.0
  Move 18: GUIDED_SWAP_TO_PBEST | Indices: (25, 230) | Local Improvement: 0.0
  Move 19: GUIDED_SWAP_TO_PBEST | Indices: (32, 218) | Local Improvement: 0.0
  Move 20: GUIDED_SWAP_TO_GBEST | Indices: (218, 32) | Local Improvement: 0.0
  Move 21: GUIDED_SWAP_TO_GBEST | Indices: (109, 187) | Local Improvement: 0.0
  Move 22: GUIDED_SWAP_TO_GBEST | Indices: (188, 187) | Local Improvement: 0.0
  Move 23: GUIDED_SWAP_TO_GBEST | Indices: (225, 230) | Local Improvement: 0.0
=================================================================================
=================================================================================
2026-02-01T09:41:03.171 | Step 25 | Particle 138 | GLOBAL BEST ACHIEVED!
Global Improvement: 9.765625000013323e-5
All moves in this step:
  Move 1: GUIDED_SWAP_TO_PBEST | Indices: (173, 107) | Local Improvement: 0.0
  Move 2: GUIDED_SWAP_TO_PBEST | Indices: (230, 10) | Local Improvement: 0.0
  Move 3: GUIDED_SWAP_TO_PBEST | Indices: (137, 66) | Local Improvement: 0.0
  Move 4: GUIDED_SWAP_TO_PBEST | Indices: (100, 114) | Local Improvement: 0.0
  Move 5: GUIDED_SWAP_TO_GBEST | Indices: (183, 186) | Local Improvement: 0.0
  Move 6: TRIPLE_SWAP | Indices: (208, 72, 76) | Local Improvement: 9.765625000013323e-5
=================================================================================
=================================================================================
2026-02-01T09:41:03.323 | Step 26 | Particle 200 | GLOBAL BEST ACHIEVED!
Global Improvement: 0.0002539062499999911
All moves in this step:
  Move 1: GUIDED_SWAP_TO_GBEST | Indices: (76, 72) | Local Improvement: 0.0
  Move 2: GUIDED_SWAP_TO_GBEST | Indices: (208, 72) | Local Improvement: 0.0
  Move 3: GUIDED_SWAP_TO_PBEST | Indices: (208, 72) | Local Improvement: 0.0
  Move 4: GUIDED_SWAP_TO_PBEST | Indices: (72, 76) | Local Improvement: 0.0
  Move 5: GUIDED_SWAP_TO_GBEST | Indices: (208, 76) | Local Improvement: 0.0
  Move 6: GUIDED_SWAP_TO_GBEST | Indices: (76, 72) | Local Improvement: 0.0
  Move 7: TRIPLE_SWAP | Indices: (131, 53, 120) | Local Improvement: 0.0002539062499999911
=================================================================================
=================================================================================
2026-02-01T09:41:03.383 | Step 27 | Particle 15 | GLOBAL BEST ACHIEVED!
Global Improvement: 0.0005859374999999112
All moves in this step:
  Move 1: GUIDED_SWAP_TO_GBEST | Indices: (53, 131) | Local Improvement: 0.0
  Move 2: GUIDED_SWAP_TO_GBEST | Indices: (19, 7) | Local Improvement: 0.0
  Move 3: GUIDED_SWAP_TO_GBEST | Indices: (120, 131) | Local Improvement: 0.0
  Move 4: GUIDED_SWAP_TO_GBEST | Indices: (108, 246) | Local Improvement: 0.0
  Move 5: GUIDED_SWAP_TO_PBEST | Indices: (72, 76) | Local Improvement: 0.0
  Move 6: GUIDED_SWAP_TO_PBEST | Indices: (208, 76) | Local Improvement: 0.0
  Move 7: GUIDED_SWAP_TO_PBEST | Indices: (53, 120) | Local Improvement: 0.0
  Move 8: GUIDED_SWAP_TO_PBEST | Indices: (120, 131) | Local Improvement: 0.0
  Move 9: GUIDED_SWAP_TO_GBEST | Indices: (72, 208) | Local Improvement: 0.0
  Move 10: GUIDED_SWAP_TO_GBEST | Indices: (53, 131) | Local Improvement: 0.0
  Move 11: GUIDED_SWAP_TO_GBEST | Indices: (208, 76) | Local Improvement: 0.0
  Move 12: GUIDED_SWAP_TO_GBEST | Indices: (131, 120) | Local Improvement: 0.0
  Move 13: RANDOM_SWAP | Indices: (117, 71) | Local Improvement: 0.0
=================================================================================
=================================================================================
2026-02-01T09:41:03.513 | Step 28 | Particle 17 | GLOBAL BEST ACHIEVED!
Global Improvement: 0.0006445312500000799
All moves in this step:
  Move 1: GUIDED_SWAP_TO_GBEST | Indices: (71, 117) | Local Improvement: 0.0
  Move 2: TRIPLE_SWAP | Indices: (154, 220, 104) | Local Improvement: 0.0006445312500000799
=================================================================================
=================================================================================
2026-02-01T09:41:04.025 | Step 30 | Particle 110 | GLOBAL BEST ACHIEVED!
Global Improvement: 0.0011328124999998579
All moves in this step:
  Move 1: GUIDED_SWAP_TO_PBEST | Indices: (104, 154) | Local Improvement: 0.0
  Move 2: GUIDED_SWAP_TO_PBEST | Indices: (242, 158) | Local Improvement: 0.0
  Move 3: GUIDED_SWAP_TO_PBEST | Indices: (162, 219) | Local Improvement: 0.0
  Move 4: GUIDED_SWAP_TO_PBEST | Indices: (138, 205) | Local Improvement: 0.0
  Move 5: GUIDED_SWAP_TO_PBEST | Indices: (16, 175) | Local Improvement: 0.0
  Move 6: GUIDED_SWAP_TO_GBEST | Indices: (128, 63) | Local Improvement: 0.0
  Move 7: GUIDED_SWAP_TO_GBEST | Indices: (104, 154) | Local Improvement: 0.0
  Move 8: GUIDED_SWAP_TO_PBEST | Indices: (220, 104) | Local Improvement: 0.0
  Move 9: GUIDED_SWAP_TO_PBEST | Indices: (154, 104) | Local Improvement: 0.0
  Move 10: GUIDED_SWAP_TO_GBEST | Indices: (154, 104) | Local Improvement: 0.0
  Move 11: GUIDED_SWAP_TO_GBEST | Indices: (220, 104) | Local Improvement: 0.0
  Move 12: TRIPLE_SWAP | Indices: (159, 85, 45) | Local Improvement: 0.0011328124999998579
=================================================================================
=================================================================================
2026-02-01T09:41:04.121 | Step 31 | Particle 16 | GLOBAL BEST ACHIEVED!
Global Improvement: 0.0001953125000000444
All moves in this step:
  Move 1: GUIDED_SWAP_TO_PBEST | Indices: (164, 99) | Local Improvement: 0.0
  Move 2: GUIDED_SWAP_TO_PBEST | Indices: (204, 208) | Local Improvement: 0.0
  Move 3: GUIDED_SWAP_TO_PBEST | Indices: (199, 61) | Local Improvement: 0.0
  Move 4: GUIDED_SWAP_TO_PBEST | Indices: (253, 121) | Local Improvement: 0.0
  Move 5: GUIDED_SWAP_TO_GBEST | Indices: (45, 85) | Local Improvement: 0.0
  Move 6: GUIDED_SWAP_TO_GBEST | Indices: (159, 85) | Local Improvement: 0.0
  Move 7: GUIDED_SWAP_TO_PBEST | Indices: (159, 85) | Local Improvement: 0.0
  Move 8: GUIDED_SWAP_TO_PBEST | Indices: (85, 45) | Local Improvement: 0.0
  Move 9: GUIDED_SWAP_TO_GBEST | Indices: (45, 85) | Local Improvement: 0.0
  Move 10: GUIDED_SWAP_TO_GBEST | Indices: (159, 85) | Local Improvement: 0.0
  Move 11: TRIPLE_SWAP | Indices: (179, 208, 133) | Local Improvement: 0.0001953125000000444
=================================================================================
=================================================================================
2026-02-01T09:41:04.163 | Step 31 | Particle 123 | GLOBAL BEST ACHIEVED!
Global Improvement: 0.0010351562500001688
All moves in this step:
  Move 1: GUIDED_SWAP_TO_PBEST | Indices: (96, 111) | Local Improvement: 0.0
  Move 2: GUIDED_SWAP_TO_PBEST | Indices: (154, 220) | Local Improvement: 0.0
  Move 3: GUIDED_SWAP_TO_GBEST | Indices: (120, 53) | Local Improvement: 0.0
  Move 4: GUIDED_SWAP_TO_GBEST | Indices: (85, 159) | Local Improvement: 0.0
  Move 5: GUIDED_SWAP_TO_GBEST | Indices: (220, 154) | Local Improvement: 0.0
  Move 6: GUIDED_SWAP_TO_GBEST | Indices: (71, 117) | Local Improvement: 0.0
  Move 7: GUIDED_SWAP_TO_GBEST | Indices: (131, 53) | Local Improvement: 0.0
  Move 8: GUIDED_SWAP_TO_PBEST | Indices: (71, 117) | Local Improvement: 0.0
  Move 9: GUIDED_SWAP_TO_PBEST | Indices: (120, 131) | Local Improvement: 0.0
  Move 10: GUIDED_SWAP_TO_PBEST | Indices: (85, 159) | Local Improvement: 0.0
  Move 11: GUIDED_SWAP_TO_PBEST | Indices: (53, 131) | Local Improvement: 0.0
  Move 12: GUIDED_SWAP_TO_GBEST | Indices: (53, 131) | Local Improvement: 0.0
  Move 13: GUIDED_SWAP_TO_GBEST | Indices: (131, 120) | Local Improvement: 0.0
  Move 14: GUIDED_SWAP_TO_GBEST | Indices: (85, 159) | Local Improvement: 0.0
  Move 15: GUIDED_SWAP_TO_GBEST | Indices: (71, 117) | Local Improvement: 0.0
  Move 16: GUIDED_SWAP_TO_GBEST | Indices: (45, 159) | Local Improvement: 0.0
  Move 17: GUIDED_SWAP_TO_GBEST | Indices: (104, 154) | Local Improvement: 0.0
  Move 18: RANDOM_SWAP | Indices: (255, 229) | Local Improvement: 0.0
=================================================================================
=================================================================================
2026-02-01T09:41:04.250 | Step 32 | Particle 37 | GLOBAL BEST ACHIEVED!
Global Improvement: 9.765624999991118e-5
All moves in this step:
  Move 1: GUIDED_SWAP_TO_PBEST | Indices: (163, 6) | Local Improvement: 0.0
  Move 2: GUIDED_SWAP_TO_PBEST | Indices: (85, 45) | Local Improvement: 0.0
  Move 3: GUIDED_SWAP_TO_PBEST | Indices: (48, 30) | Local Improvement: 0.0
  Move 4: GUIDED_SWAP_TO_PBEST | Indices: (45, 159) | Local Improvement: 0.0
  Move 5: GUIDED_SWAP_TO_GBEST | Indices: (255, 229) | Local Improvement: 0.0
  Move 6: GUIDED_SWAP_TO_GBEST | Indices: (159, 45) | Local Improvement: 0.0
  Move 7: GUIDED_SWAP_TO_GBEST | Indices: (85, 45) | Local Improvement: 0.0
  Move 8: GUIDED_SWAP_TO_PBEST | Indices: (45, 159) | Local Improvement: 0.0
  Move 9: GUIDED_SWAP_TO_PBEST | Indices: (229, 255) | Local Improvement: 0.0
  Move 10: GUIDED_SWAP_TO_PBEST | Indices: (85, 159) | Local Improvement: 0.0
  Move 11: GUIDED_SWAP_TO_GBEST | Indices: (85, 159) | Local Improvement: 0.0
  Move 12: GUIDED_SWAP_TO_GBEST | Indices: (159, 45) | Local Improvement: 0.0
  Move 13: GUIDED_SWAP_TO_GBEST | Indices: (229, 255) | Local Improvement: 0.0
  Move 14: GUIDED_SWAP_TO_PBEST | Indices: (229, 255) | Local Improvement: 0.0
  Move 15: GUIDED_SWAP_TO_PBEST | Indices: (45, 159) | Local Improvement: 0.0
  Move 16: GUIDED_SWAP_TO_PBEST | Indices: (85, 159) | Local Improvement: 0.0
  Move 17: GUIDED_SWAP_TO_GBEST | Indices: (229, 255) | Local Improvement: 0.0
  Move 18: GUIDED_SWAP_TO_GBEST | Indices: (159, 45) | Local Improvement: 0.0
  Move 19: GUIDED_SWAP_TO_GBEST | Indices: (45, 85) | Local Improvement: 0.0
  Move 20: TRIPLE_SWAP | Indices: (178, 206, 91) | Local Improvement: 9.765624999991118e-5
=================================================================================
=================================================================================
2026-02-01T09:41:05.593 | Step 41 | Particle 47 | GLOBAL BEST ACHIEVED!
Global Improvement: 0.0008398437500001243
All moves in this step:
  Move 1: TRIPLE_SWAP | Indices: (56, 244, 9) | Local Improvement: 0.0008398437500001243
=================================================================================
=================================================================================
2026-02-01T09:41:05.776 | Step 42 | Particle 176 | GLOBAL BEST ACHIEVED!
Global Improvement: 9.765624999991118e-5
All moves in this step:
  Move 1: GUIDED_SWAP_TO_GBEST | Indices: (244, 56) | Local Improvement: 0.0
  Move 2: GUIDED_SWAP_TO_GBEST | Indices: (56, 9) | Local Improvement: 0.0
  Move 3: GUIDED_SWAP_TO_PBEST | Indices: (244, 9) | Local Improvement: 0.0
  Move 4: GUIDED_SWAP_TO_PBEST | Indices: (9, 56) | Local Improvement: 0.0
  Move 5: GUIDED_SWAP_TO_GBEST | Indices: (9, 244) | Local Improvement: 0.0
  Move 6: GUIDED_SWAP_TO_GBEST | Indices: (244, 56) | Local Improvement: 0.0
  Move 7: TRIPLE_SWAP | Indices: (26, 110, 91) | Local Improvement: 9.765624999991118e-5
=================================================================================
=================================================================================
2026-02-01T09:41:20.074 | Step 113 | Particle 80 | GLOBAL BEST ACHIEVED!
Global Improvement: 0.00044921875000003553
All moves in this step:
  Move 1: TRIPLE_SWAP | Indices: (76, 46, 37) | Local Improvement: 0.00044921875000003553
=================================================================================
=================================================================================
2026-02-01T09:41:22.011 | Step 122 | Particle 199 | GLOBAL BEST ACHIEVED!
Global Improvement: 0.0003906249999998668
All moves in this step:
  Move 1: GUIDED_SWAP_TO_PBEST | Indices: (233, 114) | Local Improvement: 0.0
  Move 2: GUIDED_SWAP_TO_PBEST | Indices: (67, 133) | Local Improvement: 0.0
  Move 3: GUIDED_SWAP_TO_PBEST | Indices: (108, 209) | Local Improvement: 0.0
  Move 4: TRIPLE_SWAP | Indices: (215, 68, 212) | Local Improvement: 0.0003906249999998668
=================================================================================
=================================================================================
2026-02-01T09:41:23.952 | Step 132 | Particle 81 | GLOBAL BEST ACHIEVED!
Global Improvement: 9.765625000013323e-5
All moves in this step:
  Move 1: GUIDED_SWAP_TO_PBEST | Indices: (99, 87) | Local Improvement: 0.0
  Move 2: GUIDED_SWAP_TO_PBEST | Indices: (217, 205) | Local Improvement: 0.0
  Move 3: GUIDED_SWAP_TO_PBEST | Indices: (128, 172) | Local Improvement: 0.0
  Move 4: TRIPLE_SWAP | Indices: (94, 212, 77) | Local Improvement: 9.765625000013323e-5
=================================================================================
=================================================================================
2026-02-01T09:41:45.647 | Step 232 | Particle 28 | GLOBAL BEST ACHIEVED!
Global Improvement: 0.0008398437499999023
All moves in this step:
  Move 1: GUIDED_SWAP_TO_PBEST | Indices: (11, 83) | Local Improvement: 0.0
  Move 2: TRIPLE_SWAP | Indices: (140, 25, 256) | Local Improvement: 0.0008398437499999023
=================================================================================
=================================================================================
2026-02-01T09:41:46.278 | Step 235 | Particle 8 | GLOBAL BEST ACHIEVED!
Global Improvement: 0.0009375000000000355
All moves in this step:
  Move 1: TRIPLE_SWAP | Indices: (27, 82, 171) | Local Improvement: 0.0009375000000000355
=================================================================================
=================================================================================
2026-02-01T09:42:08.572 | Step 336 | Particle 28 | GLOBAL BEST ACHIEVED!
Global Improvement: 9.765624999991118e-5
All moves in this step:
  Move 1: TRIPLE_SWAP | Indices: (108, 118, 55) | Local Improvement: 9.765624999991118e-5
=================================================================================
=================================================================================
2026-02-01T09:43:20.135 | Step 658 | Particle 9 | GLOBAL BEST ACHIEVED!
Global Improvement: 0.0007421875000002132
All moves in this step:
  Move 1: TRIPLE_SWAP | Indices: (142, 148, 162) | Local Improvement: 0.0007421875000002132
=================================================================================
=================================================================================
2026-02-01T09:43:21.240 | Step 663 | Particle 119 | GLOBAL BEST ACHIEVED!
Global Improvement: 9.765624999991118e-5
All moves in this step:
  Move 1: RANDOM_SWAP | Indices: (175, 118) | Local Improvement: 0.0
=================================================================================
=================================================================================
2026-02-01T09:43:24.096 | Step 677 | Particle 167 | GLOBAL BEST ACHIEVED!
Global Improvement: 9.765624999991118e-5
All moves in this step:
  Move 1: GUIDED_SWAP_TO_PBEST | Indices: (218, 126) | Local Improvement: 0.0
  Move 2: GUIDED_SWAP_TO_PBEST | Indices: (130, 99) | Local Improvement: 0.0
  Move 3: TRIPLE_SWAP | Indices: (195, 38, 43) | Local Improvement: 9.765624999991118e-5
=================================================================================
=================================================================================
2026-02-01T09:43:43.885 | Step 767 | Particle 106 | GLOBAL BEST ACHIEVED!
Global Improvement: 0.0006445312500000799
All moves in this step:
  Move 1: TRIPLE_SWAP | Indices: (55, 160, 120) | Local Improvement: 0.0006445312500000799
=================================================================================
=================================================================================
2026-02-01T09:44:06.002 | Step 866 | Particle 80 | GLOBAL BEST ACHIEVED!
Global Improvement: 0.0001953125000000444
All moves in this step:
  Move 1: TRIPLE_SWAP | Indices: (179, 250, 49) | Local Improvement: 0.0001953125000000444
=================================================================================
=================================================================================
2026-02-01T09:44:19.188 | Step 926 | Particle 133 | GLOBAL BEST ACHIEVED!
Global Improvement: 9.765624999991118e-5
All moves in this step:
  Move 1: TRIPLE_SWAP | Indices: (102, 123, 17) | Local Improvement: 9.765624999991118e-5
=================================================================================
=================================================================================
2026-02-01T09:44:21.965 | Step 939 | Particle 175 | GLOBAL BEST ACHIEVED!
Global Improvement: 0.0005468749999999467
All moves in this step:
  Move 1: TRIPLE_SWAP | Indices: (17, 184, 102) | Local Improvement: 0.0005468749999999467
=================================================================================
=================================================================================
2026-02-01T09:44:28.682 | Step 969 | Particle 56 | GLOBAL BEST ACHIEVED!
Global Improvement: 0.00029296875000017764
All moves in this step:
  Move 1: RANDOM_SWAP | Indices: (87, 106) | Local Improvement: 0.0
=================================================================================
=================================================================================
2026-02-01T09:44:30.177 | Step 976 | Particle 96 | GLOBAL BEST ACHIEVED!
Global Improvement: 9.765624999991118e-5
All moves in this step:
  Move 1: RANDOM_SWAP | Indices: (6, 158) | Local Improvement: 0.0
=================================================================================
