# Global Best Swaps Only - COMPOSITE FITNESS MODE WITH EARLY STOPPING
# Started on: 2026-02-02T19:17:18.821
# Format: Timestamp | Step | Particle | Operation | Indices | Local | Global | Status
# Note: Each global best S-box is saved in debug_sboxes/ directory
# Using composite fitness function with NL, SAC, DDT, and Entropy
# Early stopping enabled based on NL threshold

=================================================================================
2026-02-02T19:17:19.064 | Step 1 | Particle 69 | GLOBAL BEST ACHIEVED!
Global Improvement: 0.0002582465277776169
All moves in this step:
  Move 1: TRIPLE_SWAP | Indices: (115, 216, 79) | Local Improvement: 0.0002582465277776169
=================================================================================
=================================================================================
2026-02-02T19:17:19.123 | Step 1 | Particle 161 | GLOBAL BEST ACHIEVED!
Global Improvement: 0.0009027777777776969
All moves in this step:
  Move 1: TRIPLE_SWAP | Indices: (155, 129, 216) | Local Improvement: 0.0009027777777776969
=================================================================================
=================================================================================
2026-02-02T19:17:19.587 | Step 3 | Particle 7 | GLOBAL BEST ACHIEVED!
Global Improvement: 0.0002929687499999556
All moves in this step:
  Move 1: GUIDED_SWAP_TO_PBEST | Indices: (207, 122) | Local Improvement: 0.0
  Move 2: GUIDED_SWAP_TO_PBEST | Indices: (71, 111) | Local Improvement: 0.0
  Move 3: GUIDED_SWAP_TO_PBEST | Indices: (129, 216) | Local Improvement: 0.0
  Move 4: GUIDED_SWAP_TO_GBEST | Indices: (129, 216) | Local Improvement: 0.0
  Move 5: GUIDED_SWAP_TO_PBEST | Indices: (129, 216) | Local Improvement: 0.0
  Move 6: GUIDED_SWAP_TO_PBEST | Indices: (216, 155) | Local Improvement: 0.0
  Move 7: GUIDED_SWAP_TO_GBEST | Indices: (155, 216) | Local Improvement: 0.0
  Move 8: GUIDED_SWAP_TO_GBEST | Indices: (216, 129) | Local Improvement: 0.0
  Move 9: TRIPLE_SWAP | Indices: (163, 217, 232) | Local Improvement: 0.0002929687499999556
=================================================================================
=================================================================================
2026-02-02T19:17:19.651 | Step 3 | Particle 144 | GLOBAL BEST ACHIEVED!
Global Improvement: 0.0008398437499999023
All moves in this step:
  Move 1: TRIPLE_SWAP | Indices: (160, 84, 40) | Local Improvement: 0.0008398437499999023
=================================================================================
=================================================================================
2026-02-02T19:17:20.421 | Step 5 | Particle 124 | GLOBAL BEST ACHIEVED!
Global Improvement: 0.00029296875000017764
All moves in this step:
  Move 1: TRIPLE_SWAP | Indices: (102, 15, 127) | Local Improvement: 0.00029296875000017764
=================================================================================
=================================================================================
2026-02-02T19:17:22.087 | Step 15 | Particle 23 | GLOBAL BEST ACHIEVED!
Global Improvement: 0.00019531249999982236
All moves in this step:
  Move 1: GUIDED_SWAP_TO_GBEST | Indices: (161, 109) | Local Improvement: 0.0
  Move 2: GUIDED_SWAP_TO_GBEST | Indices: (158, 50) | Local Improvement: 0.0
  Move 3: GUIDED_SWAP_TO_GBEST | Indices: (177, 243) | Local Improvement: 0.0
  Move 4: GUIDED_SWAP_TO_GBEST | Indices: (162, 238) | Local Improvement: 0.0
  Move 5: GUIDED_SWAP_TO_GBEST | Indices: (196, 41) | Local Improvement: 0.0
  Move 6: RANDOM_SWAP | Indices: (143, 177) | Local Improvement: 0.0
=================================================================================
=================================================================================
2026-02-02T19:17:31.775 | Step 63 | Particle 174 | GLOBAL BEST ACHIEVED!
Global Improvement: 0.0009375000000000355
All moves in this step:
  Move 1: TRIPLE_SWAP | Indices: (173, 51, 212) | Local Improvement: 0.0009375000000000355
=================================================================================
=================================================================================
2026-02-02T19:17:49.761 | Step 146 | Particle 143 | GLOBAL BEST ACHIEVED!
Global Improvement: 0.0007421874999999911
All moves in this step:
  Move 1: GUIDED_SWAP_TO_PBEST | Indices: (71, 4) | Local Improvement: 0.0
  Move 2: GUIDED_SWAP_TO_PBEST | Indices: (134, 50) | Local Improvement: 0.0
  Move 3: GUIDED_SWAP_TO_PBEST | Indices: (101, 65) | Local Improvement: 0.0
  Move 4: GUIDED_SWAP_TO_GBEST | Indices: (138, 132) | Local Improvement: 0.0
  Move 5: TRIPLE_SWAP | Indices: (83, 254, 177) | Local Improvement: 0.0007421874999999911
=================================================================================
=================================================================================
2026-02-02T19:17:56.149 | Step 176 | Particle 72 | GLOBAL BEST ACHIEVED!
Global Improvement: 9.765625000013323e-5
All moves in this step:
  Move 1: RANDOM_SWAP | Indices: (97, 57) | Local Improvement: 0.0
=================================================================================
=================================================================================
2026-02-02T19:19:30.061 | Step 601 | Particle 101 | GLOBAL BEST ACHIEVED!
Global Improvement: 9.765624999991118e-5
All moves in this step:
  Move 1: RANDOM_SWAP | Indices: (97, 101) | Local Improvement: 0.0
=================================================================================
