# Global Best Swaps Only - COMPOSITE FITNESS MODE WITH EARLY STOPPING
# Started on: 2026-01-29T21:18:49.325
# Format: Timestamp | Step | Particle | Operation | Indices | Local | Global | Status
# Note: Each global best S-box is saved in debug_sboxes/ directory
# Using composite fitness function with NL, SAC, DDT, and Entropy
# Early stopping enabled based on NL threshold

=================================================================================
2026-01-29T21:18:50.057 | Step 1 | Particle 8 | GLOBAL BEST ACHIEVED!
Global Improvement: 0.00011718750000000444
All moves in this step:
  Move 1: TRIPLE_SWAP | Indices: (216, 85, 80) | Local Improvement: 0.00011718750000000444
=================================================================================
=================================================================================
2026-01-29T21:18:50.085 | Step 1 | Particle 24 | GLOBAL BEST ACHIEVED!
Global Improvement: 0.0002539062499999911
All moves in this step:
  Move 1: TRIPLE_SWAP | Indices: (253, 250, 196) | Local Improvement: 0.0002539062499999911
=================================================================================
=================================================================================
2026-01-29T21:18:50.105 | Step 1 | Particle 71 | GLOBAL BEST ACHIEVED!
Global Improvement: 0.00033854166666669183
All moves in this step:
  Move 1: TRIPLE_SWAP | Indices: (27, 110, 233) | Local Improvement: 0.00033854166666669183
=================================================================================
=================================================================================
2026-01-29T21:18:50.127 | Step 1 | Particle 127 | GLOBAL BEST ACHIEVED!
Global Improvement: 0.0006445312499999689
All moves in this step:
  Move 1: TRIPLE_SWAP | Indices: (94, 178, 106) | Local Improvement: 0.0006445312499999689
=================================================================================
=================================================================================
2026-01-29T21:18:50.933 | Step 2 | Particle 4 | GLOBAL BEST ACHIEVED!
Global Improvement: 0.0002669270833333126
All moves in this step:
  Move 1: GUIDED_SWAP_TO_GBEST | Indices: (94, 106) | Local Improvement: 0.0
  Move 2: GUIDED_SWAP_TO_GBEST | Indices: (178, 106) | Local Improvement: 0.0
  Move 3: GUIDED_SWAP_TO_PBEST | Indices: (94, 178) | Local Improvement: 0.0
  Move 4: GUIDED_SWAP_TO_PBEST | Indices: (106, 178) | Local Improvement: 0.0
  Move 5: GUIDED_SWAP_TO_GBEST | Indices: (94, 106) | Local Improvement: 0.0
  Move 6: GUIDED_SWAP_TO_GBEST | Indices: (178, 106) | Local Improvement: 0.0
  Move 7: GUIDED_SWAP_TO_PBEST | Indices: (106, 94) | Local Improvement: 0.0
  Move 8: GUIDED_SWAP_TO_PBEST | Indices: (94, 178) | Local Improvement: 0.0
  Move 9: GUIDED_SWAP_TO_GBEST | Indices: (106, 178) | Local Improvement: 0.0
  Move 10: GUIDED_SWAP_TO_GBEST | Indices: (178, 94) | Local Improvement: 0.0
  Move 11: TRIPLE_SWAP | Indices: (163, 237, 156) | Local Improvement: 0.0002669270833333126
=================================================================================
=================================================================================
2026-01-29T21:18:50.946 | Step 2 | Particle 6 | GLOBAL BEST ACHIEVED!
Global Improvement: 0.0004752604166666785
All moves in this step:
  Move 1: GUIDED_SWAP_TO_GBEST | Indices: (178, 94) | Local Improvement: 0.0
  Move 2: GUIDED_SWAP_TO_GBEST | Indices: (106, 94) | Local Improvement: 0.0
  Move 3: GUIDED_SWAP_TO_PBEST | Indices: (178, 106) | Local Improvement: 0.0
  Move 4: GUIDED_SWAP_TO_PBEST | Indices: (106, 94) | Local Improvement: 0.0
  Move 5: GUIDED_SWAP_TO_GBEST | Indices: (106, 178) | Local Improvement: 0.0
  Move 6: GUIDED_SWAP_TO_GBEST | Indices: (178, 94) | Local Improvement: 0.0
  Move 7: TRIPLE_SWAP | Indices: (165, 19, 244) | Local Improvement: 0.0004752604166666785
=================================================================================
=================================================================================
2026-01-29T21:18:50.963 | Step 2 | Particle 49 | GLOBAL BEST ACHIEVED!
Global Improvement: 0.00048828125
All moves in this step:
  Move 1: GUIDED_SWAP_TO_PBEST | Indices: (62, 244) | Local Improvement: 0.0
  Move 2: GUIDED_SWAP_TO_PBEST | Indices: (159, 165) | Local Improvement: 0.0
  Move 3: GUIDED_SWAP_TO_PBEST | Indices: (226, 173) | Local Improvement: 0.0
  Move 4: GUIDED_SWAP_TO_PBEST | Indices: (78, 82) | Local Improvement: 0.0
  Move 5: GUIDED_SWAP_TO_GBEST | Indices: (178, 94) | Local Improvement: 0.0
  Move 6: GUIDED_SWAP_TO_GBEST | Indices: (94, 106) | Local Improvement: 0.0
  Move 7: TRIPLE_SWAP | Indices: (9, 203, 161) | Local Improvement: 0.00048828125
=================================================================================
=================================================================================
2026-01-29T21:18:51.011 | Step 2 | Particle 169 | GLOBAL BEST ACHIEVED!
Global Improvement: 0.0007421874999999911
All moves in this step:
  Move 1: GUIDED_SWAP_TO_GBEST | Indices: (178, 94) | Local Improvement: 0.0
  Move 2: GUIDED_SWAP_TO_GBEST | Indices: (225, 65) | Local Improvement: 0.0
  Move 3: GUIDED_SWAP_TO_GBEST | Indices: (106, 94) | Local Improvement: 0.0
  Move 4: GUIDED_SWAP_TO_GBEST | Indices: (5, 65) | Local Improvement: 0.0
  Move 5: GUIDED_SWAP_TO_PBEST | Indices: (106, 94) | Local Improvement: 0.0
  Move 6: GUIDED_SWAP_TO_PBEST | Indices: (65, 225) | Local Improvement: 0.0
  Move 7: GUIDED_SWAP_TO_PBEST | Indices: (94, 178) | Local Improvement: 0.0
  Move 8: GUIDED_SWAP_TO_PBEST | Indices: (5, 225) | Local Improvement: 0.0
  Move 9: GUIDED_SWAP_TO_GBEST | Indices: (94, 106) | Local Improvement: 0.0
  Move 10: GUIDED_SWAP_TO_GBEST | Indices: (5, 225) | Local Improvement: 0.0
  Move 11: GUIDED_SWAP_TO_GBEST | Indices: (225, 65) | Local Improvement: 0.0
  Move 12: GUIDED_SWAP_TO_GBEST | Indices: (178, 106) | Local Improvement: 0.0
  Move 13: GUIDED_SWAP_TO_PBEST | Indices: (65, 225) | Local Improvement: 0.0
  Move 14: GUIDED_SWAP_TO_PBEST | Indices: (106, 94) | Local Improvement: 0.0
  Move 15: GUIDED_SWAP_TO_PBEST | Indices: (178, 94) | Local Improvement: 0.0
  Move 16: GUIDED_SWAP_TO_PBEST | Indices: (225, 5) | Local Improvement: 0.0
  Move 17: GUIDED_SWAP_TO_GBEST | Indices: (94, 106) | Local Improvement: 0.0
  Move 18: GUIDED_SWAP_TO_GBEST | Indices: (178, 106) | Local Improvement: 0.0
  Move 19: GUIDED_SWAP_TO_GBEST | Indices: (225, 65) | Local Improvement: 0.0
  Move 20: GUIDED_SWAP_TO_GBEST | Indices: (5, 65) | Local Improvement: 0.0
  Move 21: TRIPLE_SWAP | Indices: (190, 110, 19) | Local Improvement: 0.0007421874999999911
=================================================================================
=================================================================================
2026-01-29T21:18:52.886 | Step 4 | Particle 229 | GLOBAL BEST ACHIEVED!
Global Improvement: 1.3020833333321491e-5
All moves in this step:
  Move 1: GUIDED_SWAP_TO_PBEST | Indices: (76, 225) | Local Improvement: 0.0
  Move 2: GUIDED_SWAP_TO_PBEST | Indices: (19, 190) | Local Improvement: 0.0
  Move 3: GUIDED_SWAP_TO_PBEST | Indices: (110, 190) | Local Improvement: 0.0
  Move 4: GUIDED_SWAP_TO_PBEST | Indices: (35, 142) | Local Improvement: 0.0
  Move 5: GUIDED_SWAP_TO_GBEST | Indices: (190, 19) | Local Improvement: 0.0
  Move 6: GUIDED_SWAP_TO_GBEST | Indices: (19, 110) | Local Improvement: 0.0
  Move 7: TRIPLE_SWAP | Indices: (182, 251, 234) | Local Improvement: 1.3020833333321491e-5
=================================================================================
=================================================================================
2026-01-29T21:18:53.628 | Step 5 | Particle 44 | GLOBAL BEST ACHIEVED!
Global Improvement: 9.765625000013323e-5
All moves in this step:
  Move 1: GUIDED_SWAP_TO_PBEST | Indices: (60, 35) | Local Improvement: 0.0
  Move 2: GUIDED_SWAP_TO_PBEST | Indices: (116, 130) | Local Improvement: 0.0
  Move 3: GUIDED_SWAP_TO_PBEST | Indices: (110, 95) | Local Improvement: 0.0
  Move 4: GUIDED_SWAP_TO_PBEST | Indices: (171, 239) | Local Improvement: 0.0
  Move 5: GUIDED_SWAP_TO_GBEST | Indices: (94, 106) | Local Improvement: 0.0
  Move 6: GUIDED_SWAP_TO_GBEST | Indices: (251, 182) | Local Improvement: 0.0
  Move 7: GUIDED_SWAP_TO_GBEST | Indices: (19, 110) | Local Improvement: 0.0
  Move 8: GUIDED_SWAP_TO_GBEST | Indices: (234, 182) | Local Improvement: 0.0
  Move 9: GUIDED_SWAP_TO_GBEST | Indices: (110, 190) | Local Improvement: 0.0
  Move 10: GUIDED_SWAP_TO_GBEST | Indices: (106, 178) | Local Improvement: 0.0
  Move 11: RANDOM_SWAP | Indices: (23, 7) | Local Improvement: 0.0
=================================================================================
=================================================================================
2026-01-29T21:18:53.846 | Step 5 | Particle 605 | GLOBAL BEST ACHIEVED!
Global Improvement: 0.00011067708333345472
All moves in this step:
  Move 1: GUIDED_SWAP_TO_GBEST | Indices: (182, 234) | Local Improvement: 0.0
  Move 2: GUIDED_SWAP_TO_GBEST | Indices: (234, 251) | Local Improvement: 0.0
  Move 3: GUIDED_SWAP_TO_PBEST | Indices: (234, 182) | Local Improvement: 0.0
  Move 4: GUIDED_SWAP_TO_PBEST | Indices: (251, 182) | Local Improvement: 0.0
  Move 5: GUIDED_SWAP_TO_GBEST | Indices: (182, 234) | Local Improvement: 0.0
  Move 6: GUIDED_SWAP_TO_GBEST | Indices: (251, 234) | Local Improvement: 0.0
  Move 7: TRIPLE_SWAP | Indices: (1, 190, 49) | Local Improvement: 0.00011067708333345472
=================================================================================
=================================================================================
2026-01-29T21:18:54.365 | Step 6 | Particle 42 | GLOBAL BEST ACHIEVED!
Global Improvement: 0.0001953124999999334
All moves in this step:
  Move 1: GUIDED_SWAP_TO_GBEST | Indices: (1, 49) | Local Improvement: 0.0
  Move 2: GUIDED_SWAP_TO_GBEST | Indices: (190, 49) | Local Improvement: 0.0
  Move 3: TRIPLE_SWAP | Indices: (7, 23, 220) | Local Improvement: 0.0001953124999999334
=================================================================================
=================================================================================
2026-01-29T21:18:55.144 | Step 7 | Particle 103 | GLOBAL BEST ACHIEVED!
Global Improvement: 9.76562500000222e-5
All moves in this step:
  Move 1: GUIDED_SWAP_TO_GBEST | Indices: (23, 7) | Local Improvement: 0.0
  Move 2: GUIDED_SWAP_TO_GBEST | Indices: (7, 220) | Local Improvement: 0.0
  Move 3: GUIDED_SWAP_TO_GBEST | Indices: (190, 1) | Local Improvement: 0.0
  Move 4: GUIDED_SWAP_TO_GBEST | Indices: (1, 49) | Local Improvement: 0.0
  Move 5: GUIDED_SWAP_TO_PBEST | Indices: (49, 1) | Local Improvement: 0.0
  Move 6: GUIDED_SWAP_TO_PBEST | Indices: (7, 23) | Local Improvement: 0.0
  Move 7: GUIDED_SWAP_TO_PBEST | Indices: (190, 1) | Local Improvement: 0.0
  Move 8: GUIDED_SWAP_TO_PBEST | Indices: (220, 23) | Local Improvement: 0.0
  Move 9: GUIDED_SWAP_TO_GBEST | Indices: (190, 1) | Local Improvement: 0.0
  Move 10: GUIDED_SWAP_TO_GBEST | Indices: (23, 7) | Local Improvement: 0.0
  Move 11: GUIDED_SWAP_TO_GBEST | Indices: (49, 1) | Local Improvement: 0.0
  Move 12: GUIDED_SWAP_TO_GBEST | Indices: (220, 7) | Local Improvement: 0.0
  Move 13: GUIDED_SWAP_TO_PBEST | Indices: (190, 49) | Local Improvement: 0.0
  Move 14: GUIDED_SWAP_TO_PBEST | Indices: (49, 1) | Local Improvement: 0.0
  Move 15: GUIDED_SWAP_TO_PBEST | Indices: (220, 7) | Local Improvement: 0.0
  Move 16: GUIDED_SWAP_TO_PBEST | Indices: (23, 7) | Local Improvement: 0.0
  Move 17: GUIDED_SWAP_TO_GBEST | Indices: (190, 1) | Local Improvement: 0.0
  Move 18: GUIDED_SWAP_TO_GBEST | Indices: (1, 49) | Local Improvement: 0.0
  Move 19: GUIDED_SWAP_TO_GBEST | Indices: (7, 220) | Local Improvement: 0.0
  Move 20: GUIDED_SWAP_TO_GBEST | Indices: (23, 220) | Local Improvement: 0.0
  Move 21: TRIPLE_SWAP | Indices: (224, 167, 90) | Local Improvement: 9.76562500000222e-5
=================================================================================
=================================================================================
2026-01-29T21:19:03.273 | Step 19 | Particle 360 | GLOBAL BEST ACHIEVED!
Global Improvement: 0.0001106770833333437
All moves in this step:
  Move 1: TRIPLE_SWAP | Indices: (141, 125, 133) | Local Improvement: 0.0001106770833333437
=================================================================================
=================================================================================
2026-01-29T21:19:05.680 | Step 23 | Particle 32 | GLOBAL BEST ACHIEVED!
Global Improvement: 9.76562500000222e-5
All moves in this step:
  Move 1: GUIDED_SWAP_TO_PBEST | Indices: (170, 226) | Local Improvement: 0.0
  Move 2: TRIPLE_SWAP | Indices: (120, 183, 11) | Local Improvement: 9.76562500000222e-5
=================================================================================
=================================================================================
2026-01-29T21:19:50.600 | Step 72 | Particle 495 | GLOBAL BEST ACHIEVED!
Global Improvement: 0.00011067708333323267
All moves in this step:
  Move 1: TRIPLE_SWAP | Indices: (22, 165, 178) | Local Improvement: 0.00011067708333323267
=================================================================================
=================================================================================
2026-01-29T21:19:55.707 | Step 77 | Particle 528 | GLOBAL BEST ACHIEVED!
Global Improvement: 9.765625000013323e-5
All moves in this step:
  Move 1: GUIDED_SWAP_TO_GBEST | Indices: (185, 88) | Local Improvement: 0.0
  Move 2: GUIDED_SWAP_TO_GBEST | Indices: (232, 55) | Local Improvement: 0.0
  Move 3: GUIDED_SWAP_TO_GBEST | Indices: (241, 15) | Local Improvement: 0.0
  Move 4: GUIDED_SWAP_TO_PBEST | Indices: (52, 250) | Local Improvement: 0.0
  Move 5: TRIPLE_SWAP | Indices: (234, 231, 76) | Local Improvement: 9.765625000013323e-5
=================================================================================
=================================================================================
2026-01-29T21:24:34.306 | Step 340 | Particle 223 | GLOBAL BEST ACHIEVED!
Global Improvement: 1.3020833333321491e-5
All moves in this step:
  Move 1: TRIPLE_SWAP | Indices: (69, 106, 159) | Local Improvement: 1.3020833333321491e-5
=================================================================================
=================================================================================
2026-01-29T21:24:38.717 | Step 344 | Particle 996 | GLOBAL BEST ACHIEVED!
Global Improvement: 9.765624999991118e-5
All moves in this step:
  Move 1: GUIDED_SWAP_TO_PBEST | Indices: (3, 200) | Local Improvement: 0.0
  Move 2: GUIDED_SWAP_TO_PBEST | Indices: (203, 255) | Local Improvement: 0.0
  Move 3: GUIDED_SWAP_TO_PBEST | Indices: (165, 209) | Local Improvement: 0.0
  Move 4: TRIPLE_SWAP | Indices: (55, 204, 101) | Local Improvement: 9.765624999991118e-5
=================================================================================
=================================================================================
2026-01-29T21:24:50.757 | Step 357 | Particle 220 | GLOBAL BEST ACHIEVED!
Global Improvement: 9.76562500000222e-5
All moves in this step:
  Move 1: TRIPLE_SWAP | Indices: (142, 95, 82) | Local Improvement: 9.76562500000222e-5
=================================================================================
=================================================================================
2026-01-29T21:26:40.722 | Step 462 | Particle 658 | GLOBAL BEST ACHIEVED!
Global Improvement: 1.3020833333321491e-5
All moves in this step:
  Move 1: GUIDED_SWAP_TO_PBEST | Indices: (53, 231) | Local Improvement: 0.0
  Move 2: GUIDED_SWAP_TO_PBEST | Indices: (132, 78) | Local Improvement: 0.0
  Move 3: GUIDED_SWAP_TO_PBEST | Indices: (58, 245) | Local Improvement: 0.0
  Move 4: TRIPLE_SWAP | Indices: (1, 98, 202) | Local Improvement: 1.3020833333321491e-5
=================================================================================
=================================================================================
2026-01-29T21:26:46.758 | Step 468 | Particle 359 | GLOBAL BEST ACHIEVED!
Global Improvement: 0.0001953125000000444
All moves in this step:
  Move 1: TRIPLE_SWAP | Indices: (208, 96, 174) | Local Improvement: 0.0001953125000000444
=================================================================================
