# V5: GUIDED SWAP KAPALI - Ablation Study
# Started on: 2026-01-20T19:09:34.164

=================================================================================
2026-01-20T19:09:34.426 | Step 1 | Particle 3 | GLOBAL BEST!
Global Improvement: 0.0012695312500000666
  Move 1: TRIPLE_SWAP | Indices: (152, 48, 1)
  Move 2: RANDOM_SWAP | Indices: (249, 202)
=================================================================================
=================================================================================
2026-01-20T19:09:34.456 | Step 1 | Particle 10 | GLOBAL BEST!
Global Improvement: 0.0010742187500000222
  Move 1: TRIPLE_SWAP | Indices: (228, 114, 129)
=================================================================================
=================================================================================
2026-01-20T19:09:34.457 | Step 1 | Particle 12 | GLOBAL BEST!
Global Improvement: 0.0032226562499999556
  Move 1: TRIPLE_SWAP | Indices: (198, 176, 247)
  Move 2: RANDOM_SWAP | Indices: (209, 230)
  Move 3: RANDOM_SWAP | Indices: (218, 136)
  Move 4: RANDOM_SWAP | Indices: (212, 40)
=================================================================================
=================================================================================
2026-01-20T19:09:34.625 | Step 2 | Particle 10 | GLOBAL BEST!
Global Improvement: 0.001953125
  Move 1: TRIPLE_SWAP | Indices: (3, 230, 140)
=================================================================================
=================================================================================
2026-01-20T19:09:34.629 | Step 2 | Particle 20 | GLOBAL BEST!
Global Improvement: 0.0006835937500000444
  Move 1: TRIPLE_SWAP | Indices: (242, 64, 110)
  Move 2: RANDOM_SWAP | Indices: (45, 50)
  Move 3: RANDOM_SWAP | Indices: (29, 173)
  Move 4: RANDOM_SWAP | Indices: (174, 82)
  Move 5: RANDOM_SWAP | Indices: (151, 235)
=================================================================================
=================================================================================
2026-01-20T19:09:34.633 | Step 2 | Particle 29 | GLOBAL BEST!
Global Improvement: 0.0006835937499999334
  Move 1: TRIPLE_SWAP | Indices: (23, 193, 112)
  Move 2: RANDOM_SWAP | Indices: (173, 195)
  Move 3: RANDOM_SWAP | Indices: (101, 177)
  Move 4: RANDOM_SWAP | Indices: (113, 249)
  Move 5: RANDOM_SWAP | Indices: (235, 37)
=================================================================================
=================================================================================
2026-01-20T19:09:34.639 | Step 2 | Particle 45 | GLOBAL BEST!
Global Improvement: 0.0021484374999999334
  Move 1: TRIPLE_SWAP | Indices: (242, 126, 63)
=================================================================================
=================================================================================
2026-01-20T19:09:34.657 | Step 2 | Particle 91 | GLOBAL BEST!
Global Improvement: 0.0011718750000000444
  Move 1: RANDOM_SWAP | Indices: (92, 1)
  Move 2: RANDOM_SWAP | Indices: (119, 34)
  Move 3: RANDOM_SWAP | Indices: (151, 242)
=================================================================================
=================================================================================
2026-01-20T19:09:35.304 | Step 5 | Particle 71 | GLOBAL BEST!
Global Improvement: 0.0001953125000000444
  Move 1: TRIPLE_SWAP | Indices: (192, 156, 46)
=================================================================================
=================================================================================
2026-01-20T19:09:35.608 | Step 7 | Particle 71 | GLOBAL BEST!
Global Improvement: 0.0011718749999999334
  Move 1: TRIPLE_SWAP | Indices: (44, 19, 252)
=================================================================================
=================================================================================
2026-01-20T19:09:35.739 | Step 8 | Particle 2 | GLOBAL BEST!
Global Improvement: 0.0009765625
  Move 1: TRIPLE_SWAP | Indices: (19, 74, 158)
=================================================================================
=================================================================================
2026-01-20T19:09:35.909 | Step 9 | Particle 71 | GLOBAL BEST!
Global Improvement: 0.0009765625
  Move 1: TRIPLE_SWAP | Indices: (47, 111, 113)
=================================================================================
=================================================================================
2026-01-20T19:09:36.034 | Step 10 | Particle 33 | GLOBAL BEST!
Global Improvement: 0.0017578125000000666
  Move 1: TRIPLE_SWAP | Indices: (235, 46, 72)
=================================================================================
=================================================================================
2026-01-20T19:09:36.204 | Step 11 | Particle 71 | GLOBAL BEST!
Global Improvement: 0.00048828125
  Move 1: TRIPLE_SWAP | Indices: (162, 225, 31)
=================================================================================
=================================================================================
2026-01-20T19:09:36.360 | Step 12 | Particle 130 | GLOBAL BEST!
Global Improvement: 0.0001953124999999334
  Move 1: RANDOM_SWAP | Indices: (73, 122)
=================================================================================
=================================================================================
2026-01-20T19:09:36.473 | Step 13 | Particle 71 | GLOBAL BEST!
Global Improvement: 0.0002929687500000666
  Move 1: RANDOM_SWAP | Indices: (244, 233)
  Move 2: RANDOM_SWAP | Indices: (45, 213)
  Move 3: RANDOM_SWAP | Indices: (24, 109)
  Move 4: RANDOM_SWAP | Indices: (147, 209)
=================================================================================
=================================================================================
2026-01-20T19:09:36.492 | Step 13 | Particle 122 | GLOBAL BEST!
Global Improvement: 0.0008789062499999778
  Move 1: TRIPLE_SWAP | Indices: (223, 177, 173)
=================================================================================
=================================================================================
2026-01-20T19:09:36.891 | Step 15 | Particle 122 | GLOBAL BEST!
Global Improvement: 0.0006835937499999334
  Move 1: TRIPLE_SWAP | Indices: (221, 133, 18)
=================================================================================
=================================================================================
2026-01-20T19:09:37.250 | Step 18 | Particle 71 | GLOBAL BEST!
Global Improvement: 0.0003906250000000888
  Move 1: TRIPLE_SWAP | Indices: (159, 117, 9)
=================================================================================
=================================================================================
2026-01-20T19:09:37.367 | Step 19 | Particle 71 | GLOBAL BEST!
Global Improvement: 0.0003906249999999778
  Move 1: RANDOM_SWAP | Indices: (174, 218)
=================================================================================
=================================================================================
2026-01-20T19:09:37.492 | Step 20 | Particle 71 | GLOBAL BEST!
Global Improvement: 0.0007812499999999556
  Move 1: TRIPLE_SWAP | Indices: (237, 55, 34)
=================================================================================
=================================================================================
2026-01-20T19:09:38.007 | Step 24 | Particle 71 | GLOBAL BEST!
Global Improvement: 0.00048828125
  Move 1: TRIPLE_SWAP | Indices: (106, 130, 169)
=================================================================================
=================================================================================
2026-01-20T19:09:38.127 | Step 25 | Particle 71 | GLOBAL BEST!
Global Improvement: 0.0003906249999999778
  Move 1: TRIPLE_SWAP | Indices: (67, 195, 137)
=================================================================================
=================================================================================
2026-01-20T19:09:38.939 | Step 31 | Particle 197 | GLOBAL BEST!
Global Improvement: 0.0006835937500000444
  Move 1: TRIPLE_SWAP | Indices: (102, 76, 39)
=================================================================================
=================================================================================
2026-01-20T19:09:39.066 | Step 32 | Particle 197 | GLOBAL BEST!
Global Improvement: 0.0005859374999999112
  Move 1: TRIPLE_SWAP | Indices: (156, 27, 171)
=================================================================================
=================================================================================
2026-01-20T19:09:39.756 | Step 38 | Particle 40 | GLOBAL BEST!
Global Improvement: 0.0003906250000000888
  Move 1: TRIPLE_SWAP | Indices: (192, 97, 243)
=================================================================================
=================================================================================
2026-01-20T19:09:40.059 | Step 40 | Particle 167 | GLOBAL BEST!
Global Improvement: 0.0003906249999999778
  Move 1: TRIPLE_SWAP | Indices: (16, 178, 50)
=================================================================================
=================================================================================
2026-01-20T19:09:40.839 | Step 46 | Particle 160 | GLOBAL BEST!
Global Improvement: 9.76562500000222e-5
  Move 1: TRIPLE_SWAP | Indices: (79, 238, 133)
=================================================================================
=================================================================================
2026-01-20T19:09:41.660 | Step 53 | Particle 83 | GLOBAL BEST!
Global Improvement: 0.0003906249999999778
  Move 1: TRIPLE_SWAP | Indices: (147, 114, 174)
=================================================================================
=================================================================================
2026-01-20T19:09:42.777 | Step 61 | Particle 161 | GLOBAL BEST!
Global Improvement: 0.0007812499999999556
  Move 1: TRIPLE_SWAP | Indices: (16, 210, 13)
=================================================================================
=================================================================================
2026-01-20T19:09:42.867 | Step 62 | Particle 83 | GLOBAL BEST!
Global Improvement: 1.1102230246251565e-16
  Move 1: TRIPLE_SWAP | Indices: (235, 174, 140)
=================================================================================
=================================================================================
2026-01-20T19:09:45.012 | Step 79 | Particle 93 | GLOBAL BEST!
Global Improvement: 0.0003906249999999778
  Move 1: TRIPLE_SWAP | Indices: (118, 147, 157)
=================================================================================
=================================================================================
2026-01-20T19:09:46.714 | Step 91 | Particle 65 | GLOBAL BEST!
Global Improvement: 9.765624999991118e-5
  Move 1: TRIPLE_SWAP | Indices: (62, 126, 100)
=================================================================================
=================================================================================
2026-01-20T19:09:47.487 | Step 97 | Particle 134 | GLOBAL BEST!
Global Improvement: 0.0022460937500000666
  Move 1: TRIPLE_SWAP | Indices: (199, 130, 105)
=================================================================================
=================================================================================
2026-01-20T19:10:10.690 | Step 273 | Particle 190 | GLOBAL BEST!
Global Improvement: 0.0002929687499999556
  Move 1: TRIPLE_SWAP | Indices: (68, 91, 136)
=================================================================================
=================================================================================
2026-01-20T19:10:10.817 | Step 274 | Particle 190 | GLOBAL BEST!
Global Improvement: 0.0008789062499999778
  Move 1: TRIPLE_SWAP | Indices: (240, 186, 13)
=================================================================================
=================================================================================
2026-01-20T19:10:53.823 | Step 581 | Particle 148 | GLOBAL BEST!
Global Improvement: 0.0006835937500000444
  Move 1: TRIPLE_SWAP | Indices: (188, 91, 200)
=================================================================================
=================================================================================
2026-01-20T19:11:11.187 | Step 700 | Particle 63 | GLOBAL BEST!
Global Improvement: 0.0003906249999999778
  Move 1: TRIPLE_SWAP | Indices: (120, 146, 232)
=================================================================================
=================================================================================
2026-01-20T19:11:36.711 | Step 860 | Particle 124 | GLOBAL BEST!
Global Improvement: 0.0003906249999999778
  Move 1: TRIPLE_SWAP | Indices: (190, 94, 164)
=================================================================================
=================================================================================
2026-01-20T19:11:36.860 | Step 861 | Particle 124 | GLOBAL BEST!
Global Improvement: 9.76562500000222e-5
  Move 1: TRIPLE_SWAP | Indices: (96, 53, 47)
=================================================================================
=================================================================================
2026-01-20T19:11:39.009 | Step 875 | Particle 176 | GLOBAL BEST!
Global Improvement: 0.0002929687500000666
  Move 1: TRIPLE_SWAP | Indices: (6, 89, 177)
=================================================================================
=================================================================================
2026-01-20T19:11:48.958 | Step 932 | Particle 69 | GLOBAL BEST!
Global Improvement: 0.00048828125
  Move 1: TRIPLE_SWAP | Indices: (186, 24, 240)
=================================================================================
=================================================================================
2026-01-20T19:13:33.520 | Step 1450 | Particle 160 | GLOBAL BEST!
Global Improvement: 0.0005859374999999112
  Move 1: TRIPLE_SWAP | Indices: (114, 143, 225)
=================================================================================
=================================================================================
2026-01-20T19:13:33.740 | Step 1451 | Particle 160 | GLOBAL BEST!
Global Improvement: 0.0001953125000000444
  Move 1: TRIPLE_SWAP | Indices: (152, 246, 8)
=================================================================================
=================================================================================
2026-01-20T19:13:57.258 | Step 1558 | Particle 83 | GLOBAL BEST!
Global Improvement: 0.0002929687499999556
  Move 1: TRIPLE_SWAP | Indices: (48, 153, 83)
=================================================================================
=================================================================================
2026-01-20T19:19:47.337 | Step 3127 | Particle 8 | GLOBAL BEST!
Global Improvement: 0.0001953125000000444
  Move 1: TRIPLE_SWAP | Indices: (77, 27, 56)
=================================================================================
=================================================================================
2026-01-20T19:22:23.282 | Step 3840 | Particle 2 | GLOBAL BEST!
Global Improvement: 0.0001953125000000444
  Move 1: TRIPLE_SWAP | Indices: (143, 96, 180)
=================================================================================
=================================================================================
2026-01-20T19:26:11.095 | Step 4889 | Particle 109 | GLOBAL BEST!
Global Improvement: 9.765624999991118e-5
  Move 1: TRIPLE_SWAP | Indices: (47, 151, 58)
=================================================================================
