# Global Best Swaps Only - COMPOSITE FITNESS MODE WITH EARLY STOPPING
# Started on: 2026-01-28T22:54:36.372
# Format: Timestamp | Step | Particle | Operation | Indices | Local | Global | Status
# Note: Each global best S-box is saved in debug_sboxes/ directory
# Using composite fitness function with NL, SAC, DDT, and Entropy
# Early stopping enabled based on NL threshold

=================================================================================
2026-01-28T22:54:36.470 | Step 1 | Particle 14 | GLOBAL BEST ACHIEVED!
Global Improvement: 0.007879929315476097
All moves in this step:
  Move 1: TRIPLE_SWAP | Indices: (94, 66, 149) | Local Improvement: 0.0029882812499999467
  Move 2: RANDOM_SWAP | Indices: (67, 229) | Local Improvement: 0.0
  Move 3: RANDOM_SWAP | Indices: (142, 106) | Local Improvement: 0.0
=================================================================================
=================================================================================
2026-01-28T22:54:36.510 | Step 1 | Particle 35 | GLOBAL BEST ACHIEVED!
Global Improvement: 0.007998046875000053
All moves in this step:
  Move 1: RANDOM_SWAP | Indices: (132, 148) | Local Improvement: 0.0
  Move 2: RANDOM_SWAP | Indices: (147, 250) | Local Improvement: 0.0
  Move 3: RANDOM_SWAP | Indices: (20, 191) | Local Improvement: 0.0
  Move 4: RANDOM_SWAP | Indices: (253, 193) | Local Improvement: 0.0
  Move 5: RANDOM_SWAP | Indices: (229, 12) | Local Improvement: 0.0
=================================================================================
=================================================================================
2026-01-28T22:54:36.600 | Step 2 | Particle 5 | GLOBAL BEST ACHIEVED!
Global Improvement: 0.003984374999999929
All moves in this step:
  Move 1: GUIDED_SWAP_TO_GBEST | Indices: (12, 229) | Local Improvement: 0.0
  Move 2: GUIDED_SWAP_TO_GBEST | Indices: (20, 191) | Local Improvement: 0.0
  Move 3: GUIDED_SWAP_TO_GBEST | Indices: (132, 148) | Local Improvement: 0.0
  Move 4: GUIDED_SWAP_TO_GBEST | Indices: (147, 250) | Local Improvement: 0.0
  Move 5: GUIDED_SWAP_TO_PBEST | Indices: (250, 147) | Local Improvement: 0.0
  Move 6: GUIDED_SWAP_TO_PBEST | Indices: (229, 12) | Local Improvement: 0.0
  Move 7: GUIDED_SWAP_TO_PBEST | Indices: (148, 132) | Local Improvement: 0.0
  Move 8: GUIDED_SWAP_TO_GBEST | Indices: (253, 193) | Local Improvement: 0.0
  Move 9: GUIDED_SWAP_TO_GBEST | Indices: (250, 147) | Local Improvement: 0.0
  Move 10: GUIDED_SWAP_TO_GBEST | Indices: (229, 12) | Local Improvement: 0.0
  Move 11: GUIDED_SWAP_TO_GBEST | Indices: (132, 148) | Local Improvement: 0.0
  Move 12: GUIDED_SWAP_TO_PBEST | Indices: (132, 148) | Local Improvement: 0.0
  Move 13: GUIDED_SWAP_TO_PBEST | Indices: (12, 229) | Local Improvement: 0.0
  Move 14: GUIDED_SWAP_TO_PBEST | Indices: (191, 20) | Local Improvement: 0.0
  Move 15: GUIDED_SWAP_TO_PBEST | Indices: (147, 250) | Local Improvement: 0.0
  Move 16: GUIDED_SWAP_TO_GBEST | Indices: (147, 250) | Local Improvement: 0.0
  Move 17: GUIDED_SWAP_TO_GBEST | Indices: (132, 148) | Local Improvement: 0.0
  Move 18: GUIDED_SWAP_TO_GBEST | Indices: (12, 229) | Local Improvement: 0.0
  Move 19: GUIDED_SWAP_TO_GBEST | Indices: (20, 191) | Local Improvement: 0.0
  Move 20: TRIPLE_SWAP | Indices: (101, 169, 78) | Local Improvement: 0.003984374999999929
=================================================================================
=================================================================================
2026-01-28T22:54:36.602 | Step 2 | Particle 8 | GLOBAL BEST ACHIEVED!
Global Improvement: 0.00432617187499984
All moves in this step:
  Move 1: GUIDED_SWAP_TO_GBEST | Indices: (253, 193) | Local Improvement: 0.0
  Move 2: GUIDED_SWAP_TO_GBEST | Indices: (240, 81) | Local Improvement: 0.0
  Move 3: GUIDED_SWAP_TO_GBEST | Indices: (81, 163) | Local Improvement: 0.0
  Move 4: GUIDED_SWAP_TO_GBEST | Indices: (250, 147) | Local Improvement: 0.0
  Move 5: GUIDED_SWAP_TO_PBEST | Indices: (253, 193) | Local Improvement: 0.0
  Move 6: GUIDED_SWAP_TO_PBEST | Indices: (163, 81) | Local Improvement: 0.0
  Move 7: GUIDED_SWAP_TO_PBEST | Indices: (240, 81) | Local Improvement: 0.0
  Move 8: GUIDED_SWAP_TO_PBEST | Indices: (250, 147) | Local Improvement: 0.0
  Move 9: GUIDED_SWAP_TO_GBEST | Indices: (193, 253) | Local Improvement: 0.0
  Move 10: GUIDED_SWAP_TO_GBEST | Indices: (20, 191) | Local Improvement: 0.0
  Move 11: GUIDED_SWAP_TO_GBEST | Indices: (148, 132) | Local Improvement: 0.0
  Move 12: GUIDED_SWAP_TO_GBEST | Indices: (229, 12) | Local Improvement: 0.0
  Move 13: TRIPLE_SWAP | Indices: (21, 125, 123) | Local Improvement: 0.00261718749999984
=================================================================================
=================================================================================
2026-01-28T22:54:36.603 | Step 2 | Particle 11 | GLOBAL BEST ACHIEVED!
Global Improvement: 0.00545805431547608
All moves in this step:
  Move 1: GUIDED_SWAP_TO_GBEST | Indices: (193, 253) | Local Improvement: 0.0
  Move 2: GUIDED_SWAP_TO_GBEST | Indices: (67, 23) | Local Improvement: 0.0
  Move 3: GUIDED_SWAP_TO_GBEST | Indices: (12, 229) | Local Improvement: 0.0
  Move 4: GUIDED_SWAP_TO_GBEST | Indices: (191, 20) | Local Improvement: 0.0
  Move 5: GUIDED_SWAP_TO_GBEST | Indices: (132, 148) | Local Improvement: 0.0
  Move 6: GUIDED_SWAP_TO_PBEST | Indices: (193, 253) | Local Improvement: 0.0
  Move 7: GUIDED_SWAP_TO_PBEST | Indices: (132, 148) | Local Improvement: 0.0
  Move 8: GUIDED_SWAP_TO_PBEST | Indices: (229, 12) | Local Improvement: 0.0
  Move 9: GUIDED_SWAP_TO_PBEST | Indices: (191, 20) | Local Improvement: 0.0
  Move 10: GUIDED_SWAP_TO_PBEST | Indices: (67, 23) | Local Improvement: 0.0
  Move 11: GUIDED_SWAP_TO_GBEST | Indices: (20, 191) | Local Improvement: 0.0
  Move 12: GUIDED_SWAP_TO_GBEST | Indices: (253, 193) | Local Improvement: 0.0
  Move 13: GUIDED_SWAP_TO_GBEST | Indices: (132, 148) | Local Improvement: 0.0
  Move 14: GUIDED_SWAP_TO_GBEST | Indices: (23, 83) | Local Improvement: 0.0
  Move 15: TRIPLE_SWAP | Indices: (112, 164, 101) | Local Improvement: 0.005545944940476222
=================================================================================
=================================================================================
2026-01-28T22:54:36.874 | Step 3 | Particle 3 | GLOBAL BEST ACHIEVED!
Global Improvement: 0.0011621093750000533
All moves in this step:
  Move 1: GUIDED_SWAP_TO_GBEST | Indices: (164, 112) | Local Improvement: 0.0
  Move 2: GUIDED_SWAP_TO_GBEST | Indices: (112, 101) | Local Improvement: 0.0
  Move 3: GUIDED_SWAP_TO_GBEST | Indices: (67, 83) | Local Improvement: 0.0
  Move 4: GUIDED_SWAP_TO_GBEST | Indices: (229, 12) | Local Improvement: 0.0
  Move 5: GUIDED_SWAP_TO_GBEST | Indices: (197, 149) | Local Improvement: 0.0
  Move 6: GUIDED_SWAP_TO_PBEST | Indices: (197, 149) | Local Improvement: 0.0
  Move 7: GUIDED_SWAP_TO_PBEST | Indices: (83, 67) | Local Improvement: 0.0
  Move 8: GUIDED_SWAP_TO_PBEST | Indices: (164, 101) | Local Improvement: 0.0
  Move 9: GUIDED_SWAP_TO_PBEST | Indices: (112, 101) | Local Improvement: 0.0
  Move 10: GUIDED_SWAP_TO_GBEST | Indices: (149, 197) | Local Improvement: 0.0
  Move 11: GUIDED_SWAP_TO_GBEST | Indices: (112, 101) | Local Improvement: 0.0
  Move 12: GUIDED_SWAP_TO_GBEST | Indices: (151, 31) | Local Improvement: 0.0
  Move 13: GUIDED_SWAP_TO_GBEST | Indices: (251, 22) | Local Improvement: 0.0
  Move 14: GUIDED_SWAP_TO_PBEST | Indices: (22, 251) | Local Improvement: 0.0
  Move 15: GUIDED_SWAP_TO_PBEST | Indices: (101, 112) | Local Improvement: 0.0
  Move 16: GUIDED_SWAP_TO_PBEST | Indices: (12, 229) | Local Improvement: 0.0
  Move 17: GUIDED_SWAP_TO_PBEST | Indices: (149, 197) | Local Improvement: 0.0
  Move 18: GUIDED_SWAP_TO_GBEST | Indices: (12, 229) | Local Improvement: 0.0
  Move 19: GUIDED_SWAP_TO_GBEST | Indices: (101, 164) | Local Improvement: 0.0
  Move 20: GUIDED_SWAP_TO_GBEST | Indices: (112, 164) | Local Improvement: 0.0
  Move 21: GUIDED_SWAP_TO_GBEST | Indices: (67, 83) | Local Improvement: 0.0
  Move 22: TRIPLE_SWAP | Indices: (174, 85, 19) | Local Improvement: 0.0009667968750000089
  Move 23: RANDOM_SWAP | Indices: (29, 59) | Local Improvement: 0.0
  Move 24: RANDOM_SWAP | Indices: (96, 46) | Local Improvement: 0.0
=================================================================================
=================================================================================
2026-01-28T22:54:36.875 | Step 3 | Particle 4 | GLOBAL BEST ACHIEVED!
Global Improvement: 0.0012499999999999734
All moves in this step:
  Move 1: GUIDED_SWAP_TO_GBEST | Indices: (83, 67) | Local Improvement: 0.0
  Move 2: GUIDED_SWAP_TO_GBEST | Indices: (89, 44) | Local Improvement: 0.0
  Move 3: GUIDED_SWAP_TO_GBEST | Indices: (253, 193) | Local Improvement: 0.0
  Move 4: GUIDED_SWAP_TO_GBEST | Indices: (164, 112) | Local Improvement: 0.0
  Move 5: GUIDED_SWAP_TO_PBEST | Indices: (67, 83) | Local Improvement: 0.0
  Move 6: GUIDED_SWAP_TO_PBEST | Indices: (253, 193) | Local Improvement: 0.0
  Move 7: GUIDED_SWAP_TO_PBEST | Indices: (89, 44) | Local Improvement: 0.0
  Move 8: GUIDED_SWAP_TO_GBEST | Indices: (147, 250) | Local Improvement: 0.0
  Move 9: GUIDED_SWAP_TO_GBEST | Indices: (250, 46) | Local Improvement: 0.0
  Move 10: GUIDED_SWAP_TO_GBEST | Indices: (83, 67) | Local Improvement: 0.0
  Move 11: GUIDED_SWAP_TO_GBEST | Indices: (44, 89) | Local Improvement: 0.0
  Move 12: GUIDED_SWAP_TO_GBEST | Indices: (229, 12) | Local Improvement: 0.0
  Move 13: GUIDED_SWAP_TO_GBEST | Indices: (112, 101) | Local Improvement: 0.0
  Move 14: GUIDED_SWAP_TO_GBEST | Indices: (99, 206) | Local Improvement: 0.0
  Move 15: TRIPLE_SWAP | Indices: (155, 113, 74) | Local Improvement: 0.0026464843750000355
  Move 16: RANDOM_SWAP | Indices: (31, 174) | Local Improvement: 0.0
=================================================================================
=================================================================================
2026-01-28T22:54:36.876 | Step 3 | Particle 7 | GLOBAL BEST ACHIEVED!
Global Improvement: 0.00162109375000008
All moves in this step:
  Move 1: GUIDED_SWAP_TO_GBEST | Indices: (250, 147) | Local Improvement: 0.0
  Move 2: GUIDED_SWAP_TO_GBEST | Indices: (164, 112) | Local Improvement: 0.0
  Move 3: GUIDED_SWAP_TO_GBEST | Indices: (112, 101) | Local Improvement: 0.0
  Move 4: GUIDED_SWAP_TO_GBEST | Indices: (83, 67) | Local Improvement: 0.0
  Move 5: GUIDED_SWAP_TO_PBEST | Indices: (147, 250) | Local Improvement: 0.0
  Move 6: GUIDED_SWAP_TO_PBEST | Indices: (67, 83) | Local Improvement: 0.0
  Move 7: GUIDED_SWAP_TO_PBEST | Indices: (164, 101) | Local Improvement: 0.0
  Move 8: GUIDED_SWAP_TO_GBEST | Indices: (101, 164) | Local Improvement: 0.0
  Move 9: GUIDED_SWAP_TO_GBEST | Indices: (67, 83) | Local Improvement: 0.0
  Move 10: GUIDED_SWAP_TO_GBEST | Indices: (147, 250) | Local Improvement: 0.0
  Move 11: TRIPLE_SWAP | Indices: (95, 57, 203) | Local Improvement: 0.00162109375000008
=================================================================================
=================================================================================
2026-01-28T22:54:36.878 | Step 3 | Particle 10 | GLOBAL BEST ACHIEVED!
Global Improvement: 0.0019335937500000178
All moves in this step:
  Move 1: GUIDED_SWAP_TO_GBEST | Indices: (23, 91) | Local Improvement: 0.0
  Move 2: GUIDED_SWAP_TO_GBEST | Indices: (147, 250) | Local Improvement: 0.0
  Move 3: GUIDED_SWAP_TO_GBEST | Indices: (229, 12) | Local Improvement: 0.0
  Move 4: GUIDED_SWAP_TO_GBEST | Indices: (164, 112) | Local Improvement: 0.0
  Move 5: GUIDED_SWAP_TO_GBEST | Indices: (197, 91) | Local Improvement: 0.0
  Move 6: GUIDED_SWAP_TO_GBEST | Indices: (112, 101) | Local Improvement: 0.0
  Move 7: GUIDED_SWAP_TO_GBEST | Indices: (67, 83) | Local Improvement: 0.0
  Move 8: TRIPLE_SWAP | Indices: (23, 133, 194) | Local Improvement: 0.0019335937500000178
=================================================================================
=================================================================================
2026-01-28T22:54:36.888 | Step 3 | Particle 35 | GLOBAL BEST ACHIEVED!
Global Improvement: 0.0024999999999999467
All moves in this step:
  Move 1: GUIDED_SWAP_TO_GBEST | Indices: (163, 215) | Local Improvement: 0.0
  Move 2: GUIDED_SWAP_TO_GBEST | Indices: (229, 12) | Local Improvement: 0.0
  Move 3: GUIDED_SWAP_TO_GBEST | Indices: (83, 67) | Local Improvement: 0.0
  Move 4: GUIDED_SWAP_TO_GBEST | Indices: (164, 112) | Local Improvement: 0.0
  Move 5: GUIDED_SWAP_TO_GBEST | Indices: (250, 147) | Local Improvement: 0.0
  Move 6: GUIDED_SWAP_TO_PBEST | Indices: (67, 83) | Local Improvement: 0.0
  Move 7: GUIDED_SWAP_TO_PBEST | Indices: (164, 112) | Local Improvement: 0.0
  Move 8: GUIDED_SWAP_TO_PBEST | Indices: (163, 215) | Local Improvement: 0.0
  Move 9: GUIDED_SWAP_TO_PBEST | Indices: (147, 250) | Local Improvement: 0.0
  Move 10: GUIDED_SWAP_TO_GBEST | Indices: (250, 147) | Local Improvement: 0.0
  Move 11: GUIDED_SWAP_TO_GBEST | Indices: (163, 215) | Local Improvement: 0.0
  Move 12: GUIDED_SWAP_TO_GBEST | Indices: (112, 101) | Local Improvement: 0.0
  Move 13: GUIDED_SWAP_TO_GBEST | Indices: (67, 83) | Local Improvement: 0.0
  Move 14: GUIDED_SWAP_TO_GBEST | Indices: (101, 164) | Local Improvement: 0.0
  Move 15: GUIDED_SWAP_TO_PBEST | Indices: (83, 67) | Local Improvement: 0.0
  Move 16: GUIDED_SWAP_TO_PBEST | Indices: (250, 147) | Local Improvement: 0.0
  Move 17: GUIDED_SWAP_TO_PBEST | Indices: (101, 112) | Local Improvement: 0.0
  Move 18: GUIDED_SWAP_TO_PBEST | Indices: (229, 12) | Local Improvement: 0.0
  Move 19: GUIDED_SWAP_TO_PBEST | Indices: (215, 163) | Local Improvement: 0.0
  Move 20: GUIDED_SWAP_TO_GBEST | Indices: (101, 112) | Local Improvement: 0.0
  Move 21: GUIDED_SWAP_TO_GBEST | Indices: (83, 67) | Local Improvement: 0.0
  Move 22: GUIDED_SWAP_TO_GBEST | Indices: (163, 215) | Local Improvement: 0.0
  Move 23: GUIDED_SWAP_TO_GBEST | Indices: (250, 147) | Local Improvement: 0.0
  Move 24: TRIPLE_SWAP | Indices: (10, 255, 2) | Local Improvement: 0.0025878906249998668
=================================================================================
=================================================================================
2026-01-28T22:54:36.964 | Step 4 | Particle 2 | GLOBAL BEST ACHIEVED!
Global Improvement: 0.0022460937499999556
All moves in this step:
  Move 1: GUIDED_SWAP_TO_GBEST | Indices: (10, 2) | Local Improvement: 0.0
  Move 2: GUIDED_SWAP_TO_GBEST | Indices: (215, 155) | Local Improvement: 0.0
  Move 3: GUIDED_SWAP_TO_GBEST | Indices: (12, 229) | Local Improvement: 0.0
  Move 4: GUIDED_SWAP_TO_GBEST | Indices: (255, 2) | Local Improvement: 0.0
  Move 5: GUIDED_SWAP_TO_PBEST | Indices: (10, 255) | Local Improvement: 0.0
  Move 6: GUIDED_SWAP_TO_PBEST | Indices: (2, 255) | Local Improvement: 0.0
  Move 7: GUIDED_SWAP_TO_PBEST | Indices: (215, 155) | Local Improvement: 0.0
  Move 8: GUIDED_SWAP_TO_GBEST | Indices: (155, 215) | Local Improvement: 0.0
  Move 9: GUIDED_SWAP_TO_GBEST | Indices: (255, 10) | Local Improvement: 0.0
  Move 10: GUIDED_SWAP_TO_GBEST | Indices: (2, 10) | Local Improvement: 0.0
  Move 11: TRIPLE_SWAP | Indices: (72, 191, 76) | Local Improvement: 0.0022460937499999556
=================================================================================
=================================================================================
2026-01-28T22:54:37.102 | Step 5 | Particle 4 | GLOBAL BEST ACHIEVED!
Global Improvement: 0.0002539062499999911
All moves in this step:
  Move 1: GUIDED_SWAP_TO_GBEST | Indices: (76, 191) | Local Improvement: 0.0
  Move 2: GUIDED_SWAP_TO_GBEST | Indices: (31, 159) | Local Improvement: 0.0
  Move 3: GUIDED_SWAP_TO_GBEST | Indices: (193, 253) | Local Improvement: 0.0
  Move 4: GUIDED_SWAP_TO_GBEST | Indices: (174, 159) | Local Improvement: 0.0
  Move 5: GUIDED_SWAP_TO_GBEST | Indices: (207, 159) | Local Improvement: 0.0
  Move 6: GUIDED_SWAP_TO_GBEST | Indices: (113, 155) | Local Improvement: 0.0
  Move 7: GUIDED_SWAP_TO_GBEST | Indices: (72, 191) | Local Improvement: 0.0
  Move 8: GUIDED_SWAP_TO_GBEST | Indices: (2, 10) | Local Improvement: 0.0
  Move 9: GUIDED_SWAP_TO_PBEST | Indices: (253, 193) | Local Improvement: 0.0
  Move 10: GUIDED_SWAP_TO_PBEST | Indices: (207, 159) | Local Improvement: 0.0
  Move 11: GUIDED_SWAP_TO_PBEST | Indices: (174, 159) | Local Improvement: 0.0
  Move 12: GUIDED_SWAP_TO_PBEST | Indices: (155, 113) | Local Improvement: 0.0
  Move 13: GUIDED_SWAP_TO_PBEST | Indices: (76, 72) | Local Improvement: 0.0
  Move 14: GUIDED_SWAP_TO_GBEST | Indices: (76, 72) | Local Improvement: 0.0
  Move 15: GUIDED_SWAP_TO_GBEST | Indices: (253, 193) | Local Improvement: 0.0
  Move 16: GUIDED_SWAP_TO_GBEST | Indices: (207, 174) | Local Improvement: 0.0
  Move 17: GUIDED_SWAP_TO_GBEST | Indices: (113, 155) | Local Improvement: 0.0
  Move 18: TRIPLE_SWAP | Indices: (180, 198, 179) | Local Improvement: 0.00130859374999992
=================================================================================
=================================================================================
2026-01-28T22:54:37.103 | Step 5 | Particle 5 | GLOBAL BEST ACHIEVED!
Global Improvement: 0.00031250000000015987
All moves in this step:
  Move 1: GUIDED_SWAP_TO_GBEST | Indices: (29, 23) | Local Improvement: 0.0
  Move 2: GUIDED_SWAP_TO_GBEST | Indices: (236, 23) | Local Improvement: 0.0
  Move 3: GUIDED_SWAP_TO_GBEST | Indices: (72, 76) | Local Improvement: 0.0
  Move 4: GUIDED_SWAP_TO_GBEST | Indices: (191, 76) | Local Improvement: 0.0
  Move 5: GUIDED_SWAP_TO_PBEST | Indices: (191, 76) | Local Improvement: 0.0
  Move 6: GUIDED_SWAP_TO_PBEST | Indices: (76, 72) | Local Improvement: 0.0
  Move 7: GUIDED_SWAP_TO_PBEST | Indices: (29, 236) | Local Improvement: 0.0
  Move 8: GUIDED_SWAP_TO_PBEST | Indices: (236, 23) | Local Improvement: 0.0
  Move 9: GUIDED_SWAP_TO_GBEST | Indices: (72, 76) | Local Improvement: 0.0
  Move 10: GUIDED_SWAP_TO_GBEST | Indices: (23, 236) | Local Improvement: 0.0
  Move 11: GUIDED_SWAP_TO_GBEST | Indices: (191, 76) | Local Improvement: 0.0
  Move 12: GUIDED_SWAP_TO_GBEST | Indices: (236, 29) | Local Improvement: 0.0
  Move 13: GUIDED_SWAP_TO_PBEST | Indices: (236, 23) | Local Improvement: 0.0
  Move 14: GUIDED_SWAP_TO_PBEST | Indices: (23, 29) | Local Improvement: 0.0
  Move 15: GUIDED_SWAP_TO_PBEST | Indices: (191, 76) | Local Improvement: 0.0
  Move 16: GUIDED_SWAP_TO_PBEST | Indices: (76, 72) | Local Improvement: 0.0
  Move 17: GUIDED_SWAP_TO_GBEST | Indices: (191, 72) | Local Improvement: 0.0
  Move 18: GUIDED_SWAP_TO_GBEST | Indices: (72, 76) | Local Improvement: 0.0
  Move 19: GUIDED_SWAP_TO_GBEST | Indices: (236, 29) | Local Improvement: 0.0
  Move 20: GUIDED_SWAP_TO_GBEST | Indices: (23, 29) | Local Improvement: 0.0
  Move 21: TRIPLE_SWAP | Indices: (77, 40, 239) | Local Improvement: 0.00031250000000015987
=================================================================================
=================================================================================
2026-01-28T22:54:37.122 | Step 5 | Particle 53 | GLOBAL BEST ACHIEVED!
Global Improvement: 0.0006250000000000977
All moves in this step:
  Move 1: GUIDED_SWAP_TO_GBEST | Indices: (191, 72) | Local Improvement: 0.0
  Move 2: GUIDED_SWAP_TO_GBEST | Indices: (85, 198) | Local Improvement: 0.0
  Move 3: GUIDED_SWAP_TO_GBEST | Indices: (76, 72) | Local Improvement: 0.0
  Move 4: GUIDED_SWAP_TO_PBEST | Indices: (72, 191) | Local Improvement: 0.0
  Move 5: GUIDED_SWAP_TO_PBEST | Indices: (76, 191) | Local Improvement: 0.0
  Move 6: GUIDED_SWAP_TO_PBEST | Indices: (198, 85) | Local Improvement: 0.0
  Move 7: GUIDED_SWAP_TO_GBEST | Indices: (198, 85) | Local Improvement: 0.0
  Move 8: GUIDED_SWAP_TO_GBEST | Indices: (191, 72) | Local Improvement: 0.0
  Move 9: GUIDED_SWAP_TO_GBEST | Indices: (76, 72) | Local Improvement: 0.0
  Move 10: TRIPLE_SWAP | Indices: (227, 73, 130) | Local Improvement: 0.0006250000000000977
=================================================================================
=================================================================================
2026-01-28T22:54:37.187 | Step 6 | Particle 22 | GLOBAL BEST ACHIEVED!
Global Improvement: 0.00031249999999993783
All moves in this step:
  Move 1: GUIDED_SWAP_TO_GBEST | Indices: (175, 71) | Local Improvement: 0.0
  Move 2: GUIDED_SWAP_TO_GBEST | Indices: (51, 203) | Local Improvement: 0.0
  Move 3: GUIDED_SWAP_TO_GBEST | Indices: (155, 215) | Local Improvement: 0.0
  Move 4: GUIDED_SWAP_TO_GBEST | Indices: (72, 76) | Local Improvement: 0.0
  Move 5: GUIDED_SWAP_TO_GBEST | Indices: (238, 119) | Local Improvement: 0.0
  Move 6: GUIDED_SWAP_TO_PBEST | Indices: (238, 119) | Local Improvement: 0.0
  Move 7: GUIDED_SWAP_TO_PBEST | Indices: (175, 71) | Local Improvement: 0.0
  Move 8: GUIDED_SWAP_TO_PBEST | Indices: (76, 72) | Local Improvement: 0.0
  Move 9: GUIDED_SWAP_TO_GBEST | Indices: (191, 72) | Local Improvement: 0.0
  Move 10: GUIDED_SWAP_TO_GBEST | Indices: (119, 238) | Local Improvement: 0.0
  Move 11: GUIDED_SWAP_TO_GBEST | Indices: (71, 196) | Local Improvement: 0.0
  Move 12: GUIDED_SWAP_TO_GBEST | Indices: (5, 85) | Local Improvement: 0.0
  Move 13: GUIDED_SWAP_TO_PBEST | Indices: (71, 196) | Local Improvement: 0.0
  Move 14: GUIDED_SWAP_TO_PBEST | Indices: (5, 85) | Local Improvement: 0.0
  Move 15: GUIDED_SWAP_TO_PBEST | Indices: (203, 51) | Local Improvement: 0.0
  Move 16: GUIDED_SWAP_TO_PBEST | Indices: (155, 215) | Local Improvement: 0.0
  Move 17: GUIDED_SWAP_TO_GBEST | Indices: (73, 227) | Local Improvement: 0.0
  Move 18: GUIDED_SWAP_TO_GBEST | Indices: (215, 155) | Local Improvement: 0.0
  Move 19: GUIDED_SWAP_TO_GBEST | Indices: (56, 208) | Local Improvement: 0.0
  Move 20: GUIDED_SWAP_TO_GBEST | Indices: (247, 115) | Local Improvement: 0.0
  Move 21: GUIDED_SWAP_TO_GBEST | Indices: (76, 72) | Local Improvement: 0.0
  Move 22: TRIPLE_SWAP | Indices: (79, 210, 50) | Local Improvement: 0.001502976190476124
=================================================================================
=================================================================================
2026-01-28T22:54:37.189 | Step 6 | Particle 25 | GLOBAL BEST ACHIEVED!
Global Improvement: 0.0006249999999998757
All moves in this step:
  Move 1: GUIDED_SWAP_TO_GBEST | Indices: (73, 227) | Local Improvement: 0.0
  Move 2: GUIDED_SWAP_TO_GBEST | Indices: (130, 227) | Local Improvement: 0.0
  Move 3: GUIDED_SWAP_TO_GBEST | Indices: (11, 21) | Local Improvement: 0.0
  Move 4: GUIDED_SWAP_TO_PBEST | Indices: (227, 73) | Local Improvement: 0.0
  Move 5: GUIDED_SWAP_TO_PBEST | Indices: (11, 21) | Local Improvement: 0.0
  Move 6: GUIDED_SWAP_TO_PBEST | Indices: (130, 73) | Local Improvement: 0.0
  Move 7: GUIDED_SWAP_TO_GBEST | Indices: (227, 130) | Local Improvement: 0.0
  Move 8: GUIDED_SWAP_TO_GBEST | Indices: (130, 73) | Local Improvement: 0.0
  Move 9: GUIDED_SWAP_TO_GBEST | Indices: (21, 11) | Local Improvement: 0.0
  Move 10: TRIPLE_SWAP | Indices: (184, 223, 213) | Local Improvement: 0.0006249999999998757
=================================================================================
=================================================================================
2026-01-28T22:54:37.423 | Step 7 | Particle 29 | GLOBAL BEST ACHIEVED!
Global Improvement: 0.00031250000000015987
All moves in this step:
  Move 1: GUIDED_SWAP_TO_GBEST | Indices: (223, 184) | Local Improvement: 0.0
  Move 2: GUIDED_SWAP_TO_GBEST | Indices: (213, 184) | Local Improvement: 0.0
  Move 3: GUIDED_SWAP_TO_PBEST | Indices: (213, 184) | Local Improvement: 0.0
  Move 4: GUIDED_SWAP_TO_PBEST | Indices: (184, 223) | Local Improvement: 0.0
  Move 5: GUIDED_SWAP_TO_GBEST | Indices: (223, 184) | Local Improvement: 0.0
  Move 6: GUIDED_SWAP_TO_GBEST | Indices: (213, 184) | Local Improvement: 0.0
  Move 7: GUIDED_SWAP_TO_PBEST | Indices: (223, 213) | Local Improvement: 0.0
  Move 8: GUIDED_SWAP_TO_PBEST | Indices: (213, 184) | Local Improvement: 0.0
  Move 9: GUIDED_SWAP_TO_GBEST | Indices: (223, 184) | Local Improvement: 0.0
  Move 10: GUIDED_SWAP_TO_GBEST | Indices: (213, 184) | Local Improvement: 0.0
  Move 11: TRIPLE_SWAP | Indices: (63, 107, 155) | Local Improvement: 0.00031250000000015987
=================================================================================
=================================================================================
2026-01-28T22:54:37.438 | Step 7 | Particle 67 | GLOBAL BEST ACHIEVED!
Global Improvement: 0.0006250000000000977
All moves in this step:
  Move 1: GUIDED_SWAP_TO_GBEST | Indices: (148, 132) | Local Improvement: 0.0
  Move 2: GUIDED_SWAP_TO_GBEST | Indices: (40, 253) | Local Improvement: 0.0
  Move 3: GUIDED_SWAP_TO_GBEST | Indices: (225, 220) | Local Improvement: 0.0
  Move 4: GUIDED_SWAP_TO_GBEST | Indices: (220, 199) | Local Improvement: 0.0
  Move 5: GUIDED_SWAP_TO_PBEST | Indices: (148, 132) | Local Improvement: 0.0
  Move 6: GUIDED_SWAP_TO_PBEST | Indices: (225, 199) | Local Improvement: 0.0
  Move 7: GUIDED_SWAP_TO_PBEST | Indices: (253, 40) | Local Improvement: 0.0
  Move 8: GUIDED_SWAP_TO_PBEST | Indices: (199, 220) | Local Improvement: 0.0
  Move 9: GUIDED_SWAP_TO_GBEST | Indices: (220, 199) | Local Improvement: 0.0
  Move 10: GUIDED_SWAP_TO_GBEST | Indices: (40, 253) | Local Improvement: 0.0
  Move 11: GUIDED_SWAP_TO_GBEST | Indices: (225, 199) | Local Improvement: 0.0
  Move 12: GUIDED_SWAP_TO_GBEST | Indices: (213, 223) | Local Improvement: 0.0
  Move 13: GUIDED_SWAP_TO_GBEST | Indices: (148, 132) | Local Improvement: 0.0
  Move 14: GUIDED_SWAP_TO_GBEST | Indices: (223, 184) | Local Improvement: 0.0
  Move 15: TRIPLE_SWAP | Indices: (21, 5, 250) | Local Improvement: 0.0006250000000000977
=================================================================================
=================================================================================
2026-01-28T22:54:37.503 | Step 8 | Particle 29 | GLOBAL BEST ACHIEVED!
Global Improvement: 0.0006250000000000977
All moves in this step:
  Move 1: GUIDED_SWAP_TO_GBEST | Indices: (155, 63) | Local Improvement: 0.0
  Move 2: GUIDED_SWAP_TO_GBEST | Indices: (250, 5) | Local Improvement: 0.0
  Move 3: GUIDED_SWAP_TO_GBEST | Indices: (107, 63) | Local Improvement: 0.0
  Move 4: GUIDED_SWAP_TO_GBEST | Indices: (21, 5) | Local Improvement: 0.0
  Move 5: GUIDED_SWAP_TO_PBEST | Indices: (63, 155) | Local Improvement: 0.0
  Move 6: GUIDED_SWAP_TO_PBEST | Indices: (250, 21) | Local Improvement: 0.0
  Move 7: GUIDED_SWAP_TO_PBEST | Indices: (155, 107) | Local Improvement: 0.0
  Move 8: GUIDED_SWAP_TO_PBEST | Indices: (21, 5) | Local Improvement: 0.0
  Move 9: GUIDED_SWAP_TO_GBEST | Indices: (63, 107) | Local Improvement: 0.0
  Move 10: GUIDED_SWAP_TO_GBEST | Indices: (5, 21) | Local Improvement: 0.0
  Move 11: GUIDED_SWAP_TO_GBEST | Indices: (107, 155) | Local Improvement: 0.0
  Move 12: GUIDED_SWAP_TO_GBEST | Indices: (21, 250) | Local Improvement: 0.0
  Move 13: GUIDED_SWAP_TO_PBEST | Indices: (155, 107) | Local Improvement: 0.0
  Move 14: GUIDED_SWAP_TO_PBEST | Indices: (250, 21) | Local Improvement: 0.0
  Move 15: GUIDED_SWAP_TO_PBEST | Indices: (21, 5) | Local Improvement: 0.0
  Move 16: GUIDED_SWAP_TO_PBEST | Indices: (63, 107) | Local Improvement: 0.0
  Move 17: GUIDED_SWAP_TO_GBEST | Indices: (5, 21) | Local Improvement: 0.0
  Move 18: GUIDED_SWAP_TO_GBEST | Indices: (155, 63) | Local Improvement: 0.0
  Move 19: GUIDED_SWAP_TO_GBEST | Indices: (250, 21) | Local Improvement: 0.0
  Move 20: GUIDED_SWAP_TO_GBEST | Indices: (63, 107) | Local Improvement: 0.0
  Move 21: TRIPLE_SWAP | Indices: (239, 165, 141) | Local Improvement: 0.0006250000000000977
=================================================================================
=================================================================================
2026-01-28T22:54:37.959 | Step 10 | Particle 44 | GLOBAL BEST ACHIEVED!
Global Improvement: 0.0006249999999998757
All moves in this step:
  Move 1: GUIDED_SWAP_TO_PBEST | Indices: (239, 165) | Local Improvement: 0.0
  Move 2: GUIDED_SWAP_TO_PBEST | Indices: (141, 165) | Local Improvement: 0.0
  Move 3: GUIDED_SWAP_TO_PBEST | Indices: (229, 112) | Local Improvement: 0.0
  Move 4: GUIDED_SWAP_TO_GBEST | Indices: (239, 141) | Local Improvement: 0.0
  Move 5: GUIDED_SWAP_TO_GBEST | Indices: (165, 141) | Local Improvement: 0.0
  Move 6: TRIPLE_SWAP | Indices: (115, 198, 140) | Local Improvement: 0.0006249999999998757
=================================================================================
=================================================================================
2026-01-28T22:54:38.058 | Step 11 | Particle 14 | GLOBAL BEST ACHIEVED!
Global Improvement: 0.00031249999999993783
All moves in this step:
  Move 1: GUIDED_SWAP_TO_GBEST | Indices: (170, 152) | Local Improvement: 0.0
  Move 2: GUIDED_SWAP_TO_GBEST | Indices: (115, 140) | Local Improvement: 0.0
  Move 3: GUIDED_SWAP_TO_GBEST | Indices: (198, 140) | Local Improvement: 0.0
  Move 4: GUIDED_SWAP_TO_PBEST | Indices: (115, 198) | Local Improvement: 0.0
  Move 5: GUIDED_SWAP_TO_PBEST | Indices: (152, 170) | Local Improvement: 0.0
  Move 6: GUIDED_SWAP_TO_PBEST | Indices: (140, 198) | Local Improvement: 0.0
  Move 7: GUIDED_SWAP_TO_GBEST | Indices: (198, 115) | Local Improvement: 0.0
  Move 8: GUIDED_SWAP_TO_GBEST | Indices: (115, 140) | Local Improvement: 0.0
  Move 9: GUIDED_SWAP_TO_GBEST | Indices: (170, 152) | Local Improvement: 0.0
  Move 10: GUIDED_SWAP_TO_PBEST | Indices: (170, 152) | Local Improvement: 0.0
  Move 11: GUIDED_SWAP_TO_PBEST | Indices: (140, 115) | Local Improvement: 0.0
  Move 12: GUIDED_SWAP_TO_PBEST | Indices: (115, 198) | Local Improvement: 0.0
  Move 13: GUIDED_SWAP_TO_GBEST | Indices: (115, 140) | Local Improvement: 0.0
  Move 14: GUIDED_SWAP_TO_GBEST | Indices: (170, 152) | Local Improvement: 0.0
  Move 15: GUIDED_SWAP_TO_GBEST | Indices: (198, 140) | Local Improvement: 0.0
  Move 16: TRIPLE_SWAP | Indices: (75, 191, 143) | Local Improvement: 0.00031249999999993783
=================================================================================
=================================================================================
2026-01-28T22:54:38.451 | Step 12 | Particle 14 | GLOBAL BEST ACHIEVED!
Global Improvement: 0.00031250000000015987
All moves in this step:
  Move 1: TRIPLE_SWAP | Indices: (81, 214, 154) | Local Improvement: 0.00031250000000015987
=================================================================================
=================================================================================
2026-01-28T22:54:38.633 | Step 14 | Particle 59 | GLOBAL BEST ACHIEVED!
Global Improvement: 0.0006249999999998757
All moves in this step:
  Move 1: GUIDED_SWAP_TO_GBEST | Indices: (235, 1) | Local Improvement: 0.0
  Move 2: GUIDED_SWAP_TO_GBEST | Indices: (39, 60) | Local Improvement: 0.0
  Move 3: GUIDED_SWAP_TO_GBEST | Indices: (6, 186) | Local Improvement: 0.0
  Move 4: GUIDED_SWAP_TO_GBEST | Indices: (114, 46) | Local Improvement: 0.0
  Move 5: GUIDED_SWAP_TO_PBEST | Indices: (154, 81) | Local Improvement: 0.0
  Move 6: GUIDED_SWAP_TO_PBEST | Indices: (81, 214) | Local Improvement: 0.0
  Move 7: GUIDED_SWAP_TO_PBEST | Indices: (115, 224) | Local Improvement: 0.0
  Move 8: GUIDED_SWAP_TO_GBEST | Indices: (214, 81) | Local Improvement: 0.0
  Move 9: GUIDED_SWAP_TO_GBEST | Indices: (81, 154) | Local Improvement: 0.0
  Move 10: GUIDED_SWAP_TO_PBEST | Indices: (81, 214) | Local Improvement: 0.0
  Move 11: GUIDED_SWAP_TO_PBEST | Indices: (154, 214) | Local Improvement: 0.0
  Move 12: GUIDED_SWAP_TO_GBEST | Indices: (154, 214) | Local Improvement: 0.0
  Move 13: GUIDED_SWAP_TO_GBEST | Indices: (81, 214) | Local Improvement: 0.0
  Move 14: TRIPLE_SWAP | Indices: (133, 191, 215) | Local Improvement: 0.0006249999999998757
=================================================================================
=================================================================================
2026-01-28T22:54:40.333 | Step 31 | Particle 54 | GLOBAL BEST ACHIEVED!
Global Improvement: 0.00031250000000015987
All moves in this step:
  Move 1: GUIDED_SWAP_TO_PBEST | Indices: (30, 17) | Local Improvement: 0.0
  Move 2: GUIDED_SWAP_TO_PBEST | Indices: (21, 111) | Local Improvement: 0.0
  Move 3: GUIDED_SWAP_TO_PBEST | Indices: (143, 99) | Local Improvement: 0.0
  Move 4: GUIDED_SWAP_TO_PBEST | Indices: (207, 150) | Local Improvement: 0.0
  Move 5: GUIDED_SWAP_TO_GBEST | Indices: (56, 37) | Local Improvement: 0.0
  Move 6: TRIPLE_SWAP | Indices: (230, 184, 44) | Local Improvement: 0.00031250000000015987
=================================================================================
=================================================================================
2026-01-28T22:54:40.416 | Step 32 | Particle 48 | GLOBAL BEST ACHIEVED!
Global Improvement: 0.00031249999999993783
All moves in this step:
  Move 1: GUIDED_SWAP_TO_GBEST | Indices: (230, 44) | Local Improvement: 0.0
  Move 2: GUIDED_SWAP_TO_GBEST | Indices: (44, 184) | Local Improvement: 0.0
  Move 3: GUIDED_SWAP_TO_PBEST | Indices: (44, 230) | Local Improvement: 0.0
  Move 4: GUIDED_SWAP_TO_PBEST | Indices: (184, 230) | Local Improvement: 0.0
  Move 5: GUIDED_SWAP_TO_GBEST | Indices: (230, 44) | Local Improvement: 0.0
  Move 6: GUIDED_SWAP_TO_GBEST | Indices: (44, 184) | Local Improvement: 0.0
  Move 7: TRIPLE_SWAP | Indices: (130, 182, 203) | Local Improvement: 0.00031249999999993783
=================================================================================
=================================================================================
2026-01-28T22:54:40.734 | Step 36 | Particle 60 | GLOBAL BEST ACHIEVED!
Global Improvement: 0.00031249999999993783
All moves in this step:
  Move 1: TRIPLE_SWAP | Indices: (29, 48, 127) | Local Improvement: 0.00031249999999993783
=================================================================================
=================================================================================
2026-01-28T22:54:40.937 | Step 39 | Particle 18 | GLOBAL BEST ACHIEVED!
Global Improvement: 0.00031249999999993783
All moves in this step:
  Move 1: TRIPLE_SWAP | Indices: (218, 128, 242) | Local Improvement: 0.00031249999999993783
=================================================================================
=================================================================================
2026-01-28T22:54:42.595 | Step 59 | Particle 12 | GLOBAL BEST ACHIEVED!
Global Improvement: 0.00031250000000015987
All moves in this step:
  Move 1: TRIPLE_SWAP | Indices: (71, 59, 96) | Local Improvement: 0.00031250000000015987
=================================================================================
=================================================================================
2026-01-28T22:54:42.829 | Step 61 | Particle 56 | GLOBAL BEST ACHIEVED!
Global Improvement: 0.00031249999999993783
All moves in this step:
  Move 1: TRIPLE_SWAP | Indices: (175, 229, 52) | Local Improvement: 0.00031249999999993783
=================================================================================
=================================================================================
2026-01-28T22:54:44.754 | Step 79 | Particle 57 | GLOBAL BEST ACHIEVED!
Global Improvement: 0.00028320312499996447
All moves in this step:
  Move 1: TRIPLE_SWAP | Indices: (49, 111, 32) | Local Improvement: 0.00028320312499996447
=================================================================================
=================================================================================
2026-01-28T22:54:44.856 | Step 80 | Particle 46 | GLOBAL BEST ACHIEVED!
Global Improvement: 2.9296874999973355e-5
All moves in this step:
  Move 1: GUIDED_SWAP_TO_GBEST | Indices: (111, 49) | Local Improvement: 0.0
  Move 2: GUIDED_SWAP_TO_GBEST | Indices: (32, 49) | Local Improvement: 0.0
  Move 3: GUIDED_SWAP_TO_PBEST | Indices: (32, 49) | Local Improvement: 0.0
  Move 4: GUIDED_SWAP_TO_PBEST | Indices: (49, 111) | Local Improvement: 0.0
  Move 5: GUIDED_SWAP_TO_GBEST | Indices: (111, 49) | Local Improvement: 0.0
  Move 6: GUIDED_SWAP_TO_GBEST | Indices: (49, 32) | Local Improvement: 0.0
  Move 7: GUIDED_SWAP_TO_PBEST | Indices: (49, 111) | Local Improvement: 0.0
  Move 8: GUIDED_SWAP_TO_PBEST | Indices: (111, 32) | Local Improvement: 0.0
  Move 9: GUIDED_SWAP_TO_GBEST | Indices: (32, 111) | Local Improvement: 0.0
  Move 10: GUIDED_SWAP_TO_GBEST | Indices: (111, 49) | Local Improvement: 0.0
  Move 11: TRIPLE_SWAP | Indices: (90, 38, 172) | Local Improvement: 2.9296874999973355e-5
=================================================================================
=================================================================================
2026-01-28T22:54:49.689 | Step 124 | Particle 59 | GLOBAL BEST ACHIEVED!
Global Improvement: 0.00031250000000015987
All moves in this step:
  Move 1: TRIPLE_SWAP | Indices: (197, 212, 139) | Local Improvement: 0.00031250000000015987
=================================================================================
=================================================================================
2026-01-28T22:56:05.944 | Step 799 | Particle 15 | GLOBAL BEST ACHIEVED!
Global Improvement: 0.00031249999999993783
All moves in this step:
  Move 1: TRIPLE_SWAP | Indices: (122, 215, 245) | Local Improvement: 0.00031249999999993783
=================================================================================
=================================================================================
2026-01-28T22:58:51.430 | Step 2247 | Particle 4 | GLOBAL BEST ACHIEVED!
Global Improvement: 0.00031249999999993783
All moves in this step:
  Move 1: TRIPLE_SWAP | Indices: (32, 110, 191) | Local Improvement: 0.00031249999999993783
=================================================================================
