# Global Best Swaps Only - COMPOSITE FITNESS MODE WITH EARLY STOPPING
# Started on: 2026-01-30T04:50:59.745
# Format: Timestamp | Step | Particle | Operation | Indices | Local | Global | Status
# Note: Each global best S-box is saved in debug_sboxes/ directory
# Using composite fitness function with NL, SAC, DDT, and Entropy
# Early stopping enabled based on NL threshold

=================================================================================
2026-01-30T04:50:59.868 | Step 1 | Particle 2 | GLOBAL BEST ACHIEVED!
Global Improvement: 0.00310546874999984
All moves in this step:
  Move 1: TRIPLE_SWAP | Indices: (1, 58, 102) | Local Improvement: 0.00310546874999984
=================================================================================
=================================================================================
2026-01-30T04:50:59.890 | Step 1 | Particle 3 | GLOBAL BEST ACHIEVED!
Global Improvement: 0.0044335937499999645
All moves in this step:
  Move 1: TRIPLE_SWAP | Indices: (76, 109, 112) | Local Improvement: 0.0044335937499999645
=================================================================================
=================================================================================
2026-01-30T04:50:59.897 | Step 1 | Particle 22 | GLOBAL BEST ACHIEVED!
Global Improvement: 0.005859375
All moves in this step:
  Move 1: TRIPLE_SWAP | Indices: (158, 174, 25) | Local Improvement: 0.004531249999999876
  Move 2: RANDOM_SWAP | Indices: (245, 228) | Local Improvement: 0.0
  Move 3: RANDOM_SWAP | Indices: (247, 194) | Local Improvement: 0.0
=================================================================================
=================================================================================
2026-01-30T04:50:59.989 | Step 2 | Particle 10 | GLOBAL BEST ACHIEVED!
Global Improvement: 0.003007812499999929
All moves in this step:
  Move 1: GUIDED_SWAP_TO_PBEST | Indices: (47, 148) | Local Improvement: 0.0
  Move 2: GUIDED_SWAP_TO_PBEST | Indices: (101, 237) | Local Improvement: 0.0
  Move 3: GUIDED_SWAP_TO_PBEST | Indices: (33, 65) | Local Improvement: 0.0
  Move 4: GUIDED_SWAP_TO_GBEST | Indices: (247, 194) | Local Improvement: 0.0
  Move 5: GUIDED_SWAP_TO_GBEST | Indices: (245, 228) | Local Improvement: 0.0
  Move 6: GUIDED_SWAP_TO_GBEST | Indices: (25, 174) | Local Improvement: 0.0
  Move 7: GUIDED_SWAP_TO_GBEST | Indices: (158, 174) | Local Improvement: 0.0
  Move 8: TRIPLE_SWAP | Indices: (103, 137, 67) | Local Improvement: 0.003007812499999929
=================================================================================
=================================================================================
2026-01-30T04:50:59.991 | Step 2 | Particle 13 | GLOBAL BEST ACHIEVED!
Global Improvement: 0.0030664062500000977
All moves in this step:
  Move 1: GUIDED_SWAP_TO_GBEST | Indices: (194, 247) | Local Improvement: 0.0
  Move 2: GUIDED_SWAP_TO_GBEST | Indices: (25, 174) | Local Improvement: 0.0
  Move 3: GUIDED_SWAP_TO_GBEST | Indices: (174, 158) | Local Improvement: 0.0
  Move 4: GUIDED_SWAP_TO_GBEST | Indices: (175, 163) | Local Improvement: 0.0
  Move 5: GUIDED_SWAP_TO_GBEST | Indices: (228, 245) | Local Improvement: 0.0
  Move 6: GUIDED_SWAP_TO_PBEST | Indices: (25, 158) | Local Improvement: 0.0
  Move 7: GUIDED_SWAP_TO_PBEST | Indices: (245, 228) | Local Improvement: 0.0
  Move 8: GUIDED_SWAP_TO_PBEST | Indices: (174, 158) | Local Improvement: 0.0
  Move 9: GUIDED_SWAP_TO_PBEST | Indices: (175, 163) | Local Improvement: 0.0
  Move 10: GUIDED_SWAP_TO_GBEST | Indices: (163, 210) | Local Improvement: 0.0
  Move 11: GUIDED_SWAP_TO_GBEST | Indices: (25, 174) | Local Improvement: 0.0
  Move 12: GUIDED_SWAP_TO_GBEST | Indices: (158, 174) | Local Improvement: 0.0
  Move 13: GUIDED_SWAP_TO_GBEST | Indices: (228, 245) | Local Improvement: 0.0
  Move 14: TRIPLE_SWAP | Indices: (163, 60, 251) | Local Improvement: 0.0016796875000000266
  Move 15: RANDOM_SWAP | Indices: (16, 238) | Local Improvement: 0.0
  Move 16: RANDOM_SWAP | Indices: (15, 211) | Local Improvement: 0.0
  Move 17: RANDOM_SWAP | Indices: (214, 100) | Local Improvement: 0.0
  Move 18: RANDOM_SWAP | Indices: (249, 51) | Local Improvement: 0.0
  Move 19: RANDOM_SWAP | Indices: (155, 189) | Local Improvement: 0.0
=================================================================================
=================================================================================
2026-01-30T04:50:59.994 | Step 2 | Particle 21 | GLOBAL BEST ACHIEVED!
Global Improvement: 0.0039453124999999645
All moves in this step:
  Move 1: GUIDED_SWAP_TO_GBEST | Indices: (158, 25) | Local Improvement: 0.0
  Move 2: GUIDED_SWAP_TO_GBEST | Indices: (25, 174) | Local Improvement: 0.0
  Move 3: GUIDED_SWAP_TO_GBEST | Indices: (247, 194) | Local Improvement: 0.0
  Move 4: GUIDED_SWAP_TO_GBEST | Indices: (245, 228) | Local Improvement: 0.0
  Move 5: GUIDED_SWAP_TO_PBEST | Indices: (228, 245) | Local Improvement: 0.0
  Move 6: GUIDED_SWAP_TO_PBEST | Indices: (158, 174) | Local Improvement: 0.0
  Move 7: GUIDED_SWAP_TO_PBEST | Indices: (194, 247) | Local Improvement: 0.0
  Move 8: GUIDED_SWAP_TO_PBEST | Indices: (25, 174) | Local Improvement: 0.0
  Move 9: GUIDED_SWAP_TO_GBEST | Indices: (158, 25) | Local Improvement: 0.0
  Move 10: GUIDED_SWAP_TO_GBEST | Indices: (228, 245) | Local Improvement: 0.0
  Move 11: GUIDED_SWAP_TO_GBEST | Indices: (194, 247) | Local Improvement: 0.0
  Move 12: GUIDED_SWAP_TO_GBEST | Indices: (174, 25) | Local Improvement: 0.0
  Move 13: GUIDED_SWAP_TO_PBEST | Indices: (25, 158) | Local Improvement: 0.0
  Move 14: GUIDED_SWAP_TO_PBEST | Indices: (245, 228) | Local Improvement: 0.0
  Move 15: GUIDED_SWAP_TO_PBEST | Indices: (247, 194) | Local Improvement: 0.0
  Move 16: GUIDED_SWAP_TO_PBEST | Indices: (158, 174) | Local Improvement: 0.0
  Move 17: GUIDED_SWAP_TO_GBEST | Indices: (158, 25) | Local Improvement: 0.0
  Move 18: GUIDED_SWAP_TO_GBEST | Indices: (228, 245) | Local Improvement: 0.0
  Move 19: GUIDED_SWAP_TO_GBEST | Indices: (174, 25) | Local Improvement: 0.0
  Move 20: GUIDED_SWAP_TO_GBEST | Indices: (194, 247) | Local Improvement: 0.0
  Move 21: TRIPLE_SWAP | Indices: (209, 89, 70) | Local Improvement: 0.0039453124999999645
=================================================================================
=================================================================================
2026-01-30T04:51:00.009 | Step 2 | Particle 59 | GLOBAL BEST ACHIEVED!
Global Improvement: 0.005566406250000044
All moves in this step:
  Move 1: GUIDED_SWAP_TO_GBEST | Indices: (25, 174) | Local Improvement: 0.0
  Move 2: GUIDED_SWAP_TO_GBEST | Indices: (228, 245) | Local Improvement: 0.0
  Move 3: GUIDED_SWAP_TO_GBEST | Indices: (194, 247) | Local Improvement: 0.0
  Move 4: GUIDED_SWAP_TO_GBEST | Indices: (174, 158) | Local Improvement: 0.0
  Move 5: GUIDED_SWAP_TO_PBEST | Indices: (247, 194) | Local Improvement: 0.0
  Move 6: GUIDED_SWAP_TO_PBEST | Indices: (158, 174) | Local Improvement: 0.0
  Move 7: GUIDED_SWAP_TO_PBEST | Indices: (228, 245) | Local Improvement: 0.0
  Move 8: GUIDED_SWAP_TO_GBEST | Indices: (174, 158) | Local Improvement: 0.0
  Move 9: GUIDED_SWAP_TO_GBEST | Indices: (194, 247) | Local Improvement: 0.0
  Move 10: GUIDED_SWAP_TO_GBEST | Indices: (245, 228) | Local Improvement: 0.0
  Move 11: TRIPLE_SWAP | Indices: (152, 6, 147) | Local Improvement: 0.002265624999999938
  Move 12: RANDOM_SWAP | Indices: (165, 8) | Local Improvement: 0.0
  Move 13: RANDOM_SWAP | Indices: (97, 76) | Local Improvement: 0.0
  Move 14: RANDOM_SWAP | Indices: (44, 114) | Local Improvement: 0.0
  Move 15: RANDOM_SWAP | Indices: (12, 108) | Local Improvement: 0.0
=================================================================================
=================================================================================
2026-01-30T04:51:00.021 | Step 2 | Particle 90 | GLOBAL BEST ACHIEVED!
Global Improvement: 0.008124999999999938
All moves in this step:
  Move 1: GUIDED_SWAP_TO_GBEST | Indices: (130, 146) | Local Improvement: 0.0
  Move 2: GUIDED_SWAP_TO_GBEST | Indices: (228, 245) | Local Improvement: 0.0
  Move 3: GUIDED_SWAP_TO_GBEST | Indices: (25, 174) | Local Improvement: 0.0
  Move 4: GUIDED_SWAP_TO_GBEST | Indices: (136, 146) | Local Improvement: 0.0
  Move 5: GUIDED_SWAP_TO_PBEST | Indices: (25, 174) | Local Improvement: 0.0
  Move 6: GUIDED_SWAP_TO_PBEST | Indices: (245, 228) | Local Improvement: 0.0
  Move 7: GUIDED_SWAP_TO_PBEST | Indices: (146, 130) | Local Improvement: 0.0
  Move 8: GUIDED_SWAP_TO_PBEST | Indices: (130, 136) | Local Improvement: 0.0
  Move 9: GUIDED_SWAP_TO_GBEST | Indices: (146, 136) | Local Improvement: 0.0
  Move 10: GUIDED_SWAP_TO_GBEST | Indices: (247, 194) | Local Improvement: 0.0
  Move 11: GUIDED_SWAP_TO_GBEST | Indices: (174, 158) | Local Improvement: 0.0
  Move 12: GUIDED_SWAP_TO_GBEST | Indices: (228, 245) | Local Improvement: 0.0
  Move 13: GUIDED_SWAP_TO_PBEST | Indices: (194, 247) | Local Improvement: 0.0
  Move 14: GUIDED_SWAP_TO_PBEST | Indices: (228, 245) | Local Improvement: 0.0
  Move 15: GUIDED_SWAP_TO_PBEST | Indices: (136, 146) | Local Improvement: 0.0
  Move 16: GUIDED_SWAP_TO_PBEST | Indices: (174, 158) | Local Improvement: 0.0
  Move 17: GUIDED_SWAP_TO_GBEST | Indices: (245, 228) | Local Improvement: 0.0
  Move 18: GUIDED_SWAP_TO_GBEST | Indices: (136, 130) | Local Improvement: 0.0
  Move 19: GUIDED_SWAP_TO_GBEST | Indices: (247, 194) | Local Improvement: 0.0
  Move 20: GUIDED_SWAP_TO_GBEST | Indices: (174, 158) | Local Improvement: 0.0
  Move 21: TRIPLE_SWAP | Indices: (115, 29, 62) | Local Improvement: 0.0023046874999999023
  Move 22: RANDOM_SWAP | Indices: (129, 113) | Local Improvement: 0.0
  Move 23: RANDOM_SWAP | Indices: (154, 64) | Local Improvement: 0.0
  Move 24: RANDOM_SWAP | Indices: (240, 104) | Local Improvement: 0.0
  Move 25: RANDOM_SWAP | Indices: (206, 245) | Local Improvement: 0.0
  Move 26: RANDOM_SWAP | Indices: (147, 241) | Local Improvement: 0.0
=================================================================================
=================================================================================
2026-01-30T04:51:00.250 | Step 3 | Particle 9 | GLOBAL BEST ACHIEVED!
Global Improvement: 0.0032031249999999734
All moves in this step:
  Move 1: GUIDED_SWAP_TO_GBEST | Indices: (113, 129) | Local Improvement: 0.0
  Move 2: GUIDED_SWAP_TO_GBEST | Indices: (146, 130) | Local Improvement: 0.0
  Move 3: GUIDED_SWAP_TO_GBEST | Indices: (187, 150) | Local Improvement: 0.0
  Move 4: GUIDED_SWAP_TO_GBEST | Indices: (154, 64) | Local Improvement: 0.0
  Move 5: GUIDED_SWAP_TO_GBEST | Indices: (104, 240) | Local Improvement: 0.0
  Move 6: GUIDED_SWAP_TO_GBEST | Indices: (62, 29) | Local Improvement: 0.0
  Move 7: GUIDED_SWAP_TO_GBEST | Indices: (29, 115) | Local Improvement: 0.0
  Move 8: GUIDED_SWAP_TO_GBEST | Indices: (174, 25) | Local Improvement: 0.0
  Move 9: GUIDED_SWAP_TO_GBEST | Indices: (25, 158) | Local Improvement: 0.0
  Move 10: GUIDED_SWAP_TO_GBEST | Indices: (245, 206) | Local Improvement: 0.0
  Move 11: TRIPLE_SWAP | Indices: (157, 215, 233) | Local Improvement: 0.0032031249999999734
=================================================================================
=================================================================================
2026-01-30T04:51:00.267 | Step 3 | Particle 50 | GLOBAL BEST ACHIEVED!
Global Improvement: 0.0033593750000000533
All moves in this step:
  Move 1: GUIDED_SWAP_TO_GBEST | Indices: (158, 25) | Local Improvement: 0.0
  Move 2: GUIDED_SWAP_TO_GBEST | Indices: (146, 130) | Local Improvement: 0.0
  Move 3: GUIDED_SWAP_TO_GBEST | Indices: (172, 202) | Local Improvement: 0.0
  Move 4: GUIDED_SWAP_TO_GBEST | Indices: (104, 240) | Local Improvement: 0.0
  Move 5: GUIDED_SWAP_TO_PBEST | Indices: (158, 25) | Local Improvement: 0.0
  Move 6: GUIDED_SWAP_TO_PBEST | Indices: (130, 146) | Local Improvement: 0.0
  Move 7: GUIDED_SWAP_TO_PBEST | Indices: (172, 202) | Local Improvement: 0.0
  Move 8: GUIDED_SWAP_TO_PBEST | Indices: (104, 240) | Local Improvement: 0.0
  Move 9: GUIDED_SWAP_TO_GBEST | Indices: (25, 158) | Local Improvement: 0.0
  Move 10: GUIDED_SWAP_TO_GBEST | Indices: (206, 245) | Local Improvement: 0.0
  Move 11: GUIDED_SWAP_TO_GBEST | Indices: (29, 115) | Local Improvement: 0.0
  Move 12: GUIDED_SWAP_TO_GBEST | Indices: (64, 154) | Local Improvement: 0.0
  Move 13: GUIDED_SWAP_TO_GBEST | Indices: (104, 240) | Local Improvement: 0.0
  Move 14: TRIPLE_SWAP | Indices: (137, 1, 232) | Local Improvement: 0.0020703124999998934
=================================================================================
=================================================================================
2026-01-30T04:51:00.268 | Step 3 | Particle 52 | GLOBAL BEST ACHIEVED!
Global Improvement: 0.003593750000000062
All moves in this step:
  Move 1: GUIDED_SWAP_TO_GBEST | Indices: (129, 113) | Local Improvement: 0.0
  Move 2: GUIDED_SWAP_TO_GBEST | Indices: (64, 154) | Local Improvement: 0.0
  Move 3: GUIDED_SWAP_TO_GBEST | Indices: (158, 25) | Local Improvement: 0.0
  Move 4: GUIDED_SWAP_TO_GBEST | Indices: (115, 62) | Local Improvement: 0.0
  Move 5: GUIDED_SWAP_TO_GBEST | Indices: (130, 146) | Local Improvement: 0.0
  Move 6: GUIDED_SWAP_TO_GBEST | Indices: (131, 112) | Local Improvement: 0.0
  Move 7: GUIDED_SWAP_TO_GBEST | Indices: (241, 147) | Local Improvement: 0.0
  Move 8: GUIDED_SWAP_TO_GBEST | Indices: (29, 62) | Local Improvement: 0.0
  Move 9: GUIDED_SWAP_TO_GBEST | Indices: (104, 240) | Local Improvement: 0.0
  Move 10: GUIDED_SWAP_TO_PBEST | Indices: (62, 115) | Local Improvement: 0.0
  Move 11: GUIDED_SWAP_TO_PBEST | Indices: (113, 129) | Local Improvement: 0.0
  Move 12: GUIDED_SWAP_TO_PBEST | Indices: (115, 29) | Local Improvement: 0.0
  Move 13: GUIDED_SWAP_TO_PBEST | Indices: (146, 130) | Local Improvement: 0.0
  Move 14: GUIDED_SWAP_TO_PBEST | Indices: (158, 25) | Local Improvement: 0.0
  Move 15: GUIDED_SWAP_TO_GBEST | Indices: (115, 62) | Local Improvement: 0.0
  Move 16: GUIDED_SWAP_TO_GBEST | Indices: (62, 29) | Local Improvement: 0.0
  Move 17: GUIDED_SWAP_TO_GBEST | Indices: (206, 245) | Local Improvement: 0.0
  Move 18: GUIDED_SWAP_TO_GBEST | Indices: (146, 130) | Local Improvement: 0.0
  Move 19: GUIDED_SWAP_TO_GBEST | Indices: (113, 129) | Local Improvement: 0.0
  Move 20: TRIPLE_SWAP | Indices: (85, 2, 10) | Local Improvement: 0.0032031249999999734
=================================================================================
=================================================================================
2026-01-30T04:51:00.579 | Step 4 | Particle 16 | GLOBAL BEST ACHIEVED!
Global Improvement: 0.0017773437499999378
All moves in this step:
  Move 1: GUIDED_SWAP_TO_GBEST | Indices: (2, 85) | Local Improvement: 0.0
  Move 2: GUIDED_SWAP_TO_GBEST | Indices: (240, 112) | Local Improvement: 0.0
  Move 3: GUIDED_SWAP_TO_GBEST | Indices: (136, 91) | Local Improvement: 0.0
  Move 4: GUIDED_SWAP_TO_GBEST | Indices: (174, 25) | Local Improvement: 0.0
  Move 5: GUIDED_SWAP_TO_GBEST | Indices: (85, 10) | Local Improvement: 0.0
  Move 6: GUIDED_SWAP_TO_PBEST | Indices: (112, 240) | Local Improvement: 0.0
  Move 7: GUIDED_SWAP_TO_PBEST | Indices: (174, 25) | Local Improvement: 0.0
  Move 8: GUIDED_SWAP_TO_PBEST | Indices: (136, 91) | Local Improvement: 0.0
  Move 9: GUIDED_SWAP_TO_PBEST | Indices: (2, 10) | Local Improvement: 0.0
  Move 10: GUIDED_SWAP_TO_GBEST | Indices: (25, 174) | Local Improvement: 0.0
  Move 11: GUIDED_SWAP_TO_GBEST | Indices: (136, 91) | Local Improvement: 0.0
  Move 12: GUIDED_SWAP_TO_GBEST | Indices: (112, 240) | Local Improvement: 0.0
  Move 13: RANDOM_SWAP | Indices: (48, 242) | Local Improvement: 0.0
  Move 14: RANDOM_SWAP | Indices: (88, 72) | Local Improvement: 0.0
  Move 15: RANDOM_SWAP | Indices: (202, 196) | Local Improvement: 0.0
=================================================================================
=================================================================================
2026-01-30T04:51:00.581 | Step 4 | Particle 21 | GLOBAL BEST ACHIEVED!
Global Improvement: 0.002519531249999929
All moves in this step:
  Move 1: GUIDED_SWAP_TO_PBEST | Indices: (25, 158) | Local Improvement: 0.0
  Move 2: GUIDED_SWAP_TO_PBEST | Indices: (241, 147) | Local Improvement: 0.0
  Move 3: GUIDED_SWAP_TO_PBEST | Indices: (240, 104) | Local Improvement: 0.0
  Move 4: GUIDED_SWAP_TO_PBEST | Indices: (163, 115) | Local Improvement: 0.0
  Move 5: GUIDED_SWAP_TO_PBEST | Indices: (209, 70) | Local Improvement: 0.0
  Move 6: GUIDED_SWAP_TO_GBEST | Indices: (241, 147) | Local Improvement: 0.0
  Move 7: GUIDED_SWAP_TO_GBEST | Indices: (104, 240) | Local Improvement: 0.0
  Move 8: GUIDED_SWAP_TO_GBEST | Indices: (115, 29) | Local Improvement: 0.0
  Move 9: GUIDED_SWAP_TO_GBEST | Indices: (206, 245) | Local Improvement: 0.0
  Move 10: GUIDED_SWAP_TO_GBEST | Indices: (70, 209) | Local Improvement: 0.0
  Move 11: GUIDED_SWAP_TO_PBEST | Indices: (146, 130) | Local Improvement: 0.0
  Move 12: GUIDED_SWAP_TO_PBEST | Indices: (206, 245) | Local Improvement: 0.0
  Move 13: GUIDED_SWAP_TO_PBEST | Indices: (217, 29) | Local Improvement: 0.0
  Move 14: GUIDED_SWAP_TO_PBEST | Indices: (29, 62) | Local Improvement: 0.0
  Move 15: GUIDED_SWAP_TO_PBEST | Indices: (70, 89) | Local Improvement: 0.0
  Move 16: GUIDED_SWAP_TO_GBEST | Indices: (70, 89) | Local Improvement: 0.0
  Move 17: GUIDED_SWAP_TO_GBEST | Indices: (64, 154) | Local Improvement: 0.0
  Move 18: GUIDED_SWAP_TO_GBEST | Indices: (85, 10) | Local Improvement: 0.0
  Move 19: GUIDED_SWAP_TO_GBEST | Indices: (2, 10) | Local Improvement: 0.0
  Move 20: GUIDED_SWAP_TO_PBEST | Indices: (240, 104) | Local Improvement: 0.0
  Move 21: GUIDED_SWAP_TO_PBEST | Indices: (85, 2) | Local Improvement: 0.0
  Move 22: GUIDED_SWAP_TO_PBEST | Indices: (209, 70) | Local Improvement: 0.0
  Move 23: GUIDED_SWAP_TO_PBEST | Indices: (241, 147) | Local Improvement: 0.0
  Move 24: GUIDED_SWAP_TO_GBEST | Indices: (147, 241) | Local Improvement: 0.0
  Move 25: GUIDED_SWAP_TO_GBEST | Indices: (29, 62) | Local Improvement: 0.0
  Move 26: GUIDED_SWAP_TO_GBEST | Indices: (206, 245) | Local Improvement: 0.0
  Move 27: GUIDED_SWAP_TO_GBEST | Indices: (2, 85) | Local Improvement: 0.0
  Move 28: GUIDED_SWAP_TO_GBEST | Indices: (146, 130) | Local Improvement: 0.0
  Move 29: TRIPLE_SWAP | Indices: (101, 43, 41) | Local Improvement: 0.0019726562499999822
=================================================================================
=================================================================================
2026-01-30T04:51:00.584 | Step 4 | Particle 30 | GLOBAL BEST ACHIEVED!
Global Improvement: 0.003164062500000009
All moves in this step:
  Move 1: GUIDED_SWAP_TO_GBEST | Indices: (211, 243) | Local Improvement: 0.0
  Move 2: GUIDED_SWAP_TO_GBEST | Indices: (206, 186) | Local Improvement: 0.0
  Move 3: GUIDED_SWAP_TO_GBEST | Indices: (186, 228) | Local Improvement: 0.0
  Move 4: GUIDED_SWAP_TO_GBEST | Indices: (10, 2) | Local Improvement: 0.0
  Move 5: GUIDED_SWAP_TO_GBEST | Indices: (158, 25) | Local Improvement: 0.0
  Move 6: GUIDED_SWAP_TO_PBEST | Indices: (158, 25) | Local Improvement: 0.0
  Move 7: GUIDED_SWAP_TO_PBEST | Indices: (186, 206) | Local Improvement: 0.0
  Move 8: GUIDED_SWAP_TO_PBEST | Indices: (228, 206) | Local Improvement: 0.0
  Move 9: GUIDED_SWAP_TO_PBEST | Indices: (2, 10) | Local Improvement: 0.0
  Move 10: GUIDED_SWAP_TO_PBEST | Indices: (243, 211) | Local Improvement: 0.0
  Move 11: GUIDED_SWAP_TO_GBEST | Indices: (243, 211) | Local Improvement: 0.0
  Move 12: GUIDED_SWAP_TO_GBEST | Indices: (85, 10) | Local Improvement: 0.0
  Move 13: GUIDED_SWAP_TO_GBEST | Indices: (25, 158) | Local Improvement: 0.0
  Move 14: GUIDED_SWAP_TO_GBEST | Indices: (228, 206) | Local Improvement: 0.0
  Move 15: TRIPLE_SWAP | Indices: (8, 151, 23) | Local Improvement: 0.004785156250000089
=================================================================================
=================================================================================
2026-01-30T04:51:00.653 | Step 5 | Particle 3 | GLOBAL BEST ACHIEVED!
Global Improvement: 0.0014257812500000355
All moves in this step:
  Move 1: GUIDED_SWAP_TO_GBEST | Indices: (199, 60) | Local Improvement: 0.0
  Move 2: GUIDED_SWAP_TO_GBEST | Indices: (8, 23) | Local Improvement: 0.0
  Move 3: GUIDED_SWAP_TO_GBEST | Indices: (10, 2) | Local Improvement: 0.0
  Move 4: GUIDED_SWAP_TO_GBEST | Indices: (111, 23) | Local Improvement: 0.0
  Move 5: GUIDED_SWAP_TO_PBEST | Indices: (8, 111) | Local Improvement: 0.0
  Move 6: GUIDED_SWAP_TO_PBEST | Indices: (10, 2) | Local Improvement: 0.0
  Move 7: GUIDED_SWAP_TO_PBEST | Indices: (60, 199) | Local Improvement: 0.0
  Move 8: GUIDED_SWAP_TO_PBEST | Indices: (111, 23) | Local Improvement: 0.0
  Move 9: GUIDED_SWAP_TO_GBEST | Indices: (252, 156) | Local Improvement: 0.0
  Move 10: GUIDED_SWAP_TO_GBEST | Indices: (164, 79) | Local Improvement: 0.0
  Move 11: GUIDED_SWAP_TO_GBEST | Indices: (104, 240) | Local Improvement: 0.0
  Move 12: GUIDED_SWAP_TO_GBEST | Indices: (240, 112) | Local Improvement: 0.0
  Move 13: GUIDED_SWAP_TO_GBEST | Indices: (8, 23) | Local Improvement: 0.0
  Move 14: GUIDED_SWAP_TO_PBEST | Indices: (104, 112) | Local Improvement: 0.0
  Move 15: GUIDED_SWAP_TO_PBEST | Indices: (23, 8) | Local Improvement: 0.0
  Move 16: GUIDED_SWAP_TO_PBEST | Indices: (79, 164) | Local Improvement: 0.0
  Move 17: GUIDED_SWAP_TO_GBEST | Indices: (10, 2) | Local Improvement: 0.0
  Move 18: GUIDED_SWAP_TO_GBEST | Indices: (79, 164) | Local Improvement: 0.0
  Move 19: GUIDED_SWAP_TO_GBEST | Indices: (8, 23) | Local Improvement: 0.0
  Move 20: GUIDED_SWAP_TO_GBEST | Indices: (60, 199) | Local Improvement: 0.0
  Move 21: TRIPLE_SWAP | Indices: (131, 59, 247) | Local Improvement: 0.0019726562499999822
=================================================================================
=================================================================================
2026-01-30T04:51:00.668 | Step 5 | Particle 41 | GLOBAL BEST ACHIEVED!
Global Improvement: 0.002265624999999938
All moves in this step:
  Move 1: GUIDED_SWAP_TO_GBEST | Indices: (199, 60) | Local Improvement: 0.0
  Move 2: GUIDED_SWAP_TO_GBEST | Indices: (2, 10) | Local Improvement: 0.0
  Move 3: GUIDED_SWAP_TO_GBEST | Indices: (179, 1) | Local Improvement: 0.0
  Move 4: GUIDED_SWAP_TO_GBEST | Indices: (186, 206) | Local Improvement: 0.0
  Move 5: GUIDED_SWAP_TO_GBEST | Indices: (112, 240) | Local Improvement: 0.0
  Move 6: GUIDED_SWAP_TO_PBEST | Indices: (240, 112) | Local Improvement: 0.0
  Move 7: GUIDED_SWAP_TO_PBEST | Indices: (10, 2) | Local Improvement: 0.0
  Move 8: GUIDED_SWAP_TO_PBEST | Indices: (60, 199) | Local Improvement: 0.0
  Move 9: GUIDED_SWAP_TO_PBEST | Indices: (179, 1) | Local Improvement: 0.0
  Move 10: GUIDED_SWAP_TO_PBEST | Indices: (206, 186) | Local Improvement: 0.0
  Move 11: GUIDED_SWAP_TO_GBEST | Indices: (240, 112) | Local Improvement: 0.0
  Move 12: GUIDED_SWAP_TO_GBEST | Indices: (199, 60) | Local Improvement: 0.0
  Move 13: GUIDED_SWAP_TO_GBEST | Indices: (206, 72) | Local Improvement: 0.0
  Move 14: GUIDED_SWAP_TO_GBEST | Indices: (186, 72) | Local Improvement: 0.0
  Move 15: GUIDED_SWAP_TO_GBEST | Indices: (111, 8) | Local Improvement: 0.0
  Move 16: GUIDED_SWAP_TO_GBEST | Indices: (179, 1) | Local Improvement: 0.0
  Move 17: GUIDED_SWAP_TO_GBEST | Indices: (23, 151) | Local Improvement: 0.0
  Move 18: GUIDED_SWAP_TO_GBEST | Indices: (8, 151) | Local Improvement: 0.0
  Move 19: GUIDED_SWAP_TO_GBEST | Indices: (62, 144) | Local Improvement: 0.0
  Move 20: TRIPLE_SWAP | Indices: (85, 221, 147) | Local Improvement: 0.0020703124999998934
=================================================================================
=================================================================================
2026-01-30T04:51:00.764 | Step 6 | Particle 15 | GLOBAL BEST ACHIEVED!
Global Improvement: 0.0007421874999999911
All moves in this step:
  Move 1: GUIDED_SWAP_TO_GBEST | Indices: (253, 221) | Local Improvement: 0.0
  Move 2: GUIDED_SWAP_TO_GBEST | Indices: (221, 1) | Local Improvement: 0.0
  Move 3: GUIDED_SWAP_TO_GBEST | Indices: (42, 175) | Local Improvement: 0.0
  Move 4: GUIDED_SWAP_TO_GBEST | Indices: (151, 111) | Local Improvement: 0.0
  Move 5: GUIDED_SWAP_TO_GBEST | Indices: (147, 1) | Local Improvement: 0.0
  Move 6: GUIDED_SWAP_TO_GBEST | Indices: (67, 8) | Local Improvement: 0.0
  Move 7: GUIDED_SWAP_TO_GBEST | Indices: (111, 8) | Local Improvement: 0.0
  Move 8: GUIDED_SWAP_TO_GBEST | Indices: (23, 8) | Local Improvement: 0.0
  Move 9: GUIDED_SWAP_TO_GBEST | Indices: (85, 1) | Local Improvement: 0.0
  Move 10: GUIDED_SWAP_TO_GBEST | Indices: (10, 2) | Local Improvement: 0.0
  Move 11: GUIDED_SWAP_TO_PBEST | Indices: (221, 253) | Local Improvement: 0.0
  Move 12: GUIDED_SWAP_TO_PBEST | Indices: (111, 151) | Local Improvement: 0.0
  Move 13: GUIDED_SWAP_TO_PBEST | Indices: (2, 10) | Local Improvement: 0.0
  Move 14: GUIDED_SWAP_TO_PBEST | Indices: (147, 85) | Local Improvement: 0.0
  Move 15: GUIDED_SWAP_TO_PBEST | Indices: (85, 1) | Local Improvement: 0.0
  Move 16: GUIDED_SWAP_TO_GBEST | Indices: (85, 147) | Local Improvement: 0.0
  Move 17: GUIDED_SWAP_TO_GBEST | Indices: (1, 147) | Local Improvement: 0.0
  Move 18: GUIDED_SWAP_TO_GBEST | Indices: (10, 2) | Local Improvement: 0.0
  Move 19: GUIDED_SWAP_TO_GBEST | Indices: (151, 111) | Local Improvement: 0.0
  Move 20: GUIDED_SWAP_TO_GBEST | Indices: (253, 221) | Local Improvement: 0.0
  Move 21: TRIPLE_SWAP | Indices: (226, 220, 116) | Local Improvement: 0.0007421874999999911
=================================================================================
=================================================================================
2026-01-30T04:51:00.773 | Step 6 | Particle 38 | GLOBAL BEST ACHIEVED!
Global Improvement: 0.0009375000000000355
All moves in this step:
  Move 1: GUIDED_SWAP_TO_GBEST | Indices: (147, 221) | Local Improvement: 0.0
  Move 2: GUIDED_SWAP_TO_GBEST | Indices: (25, 139) | Local Improvement: 0.0
  Move 3: GUIDED_SWAP_TO_GBEST | Indices: (85, 221) | Local Improvement: 0.0
  Move 4: GUIDED_SWAP_TO_GBEST | Indices: (109, 236) | Local Improvement: 0.0
  Move 5: GUIDED_SWAP_TO_GBEST | Indices: (1, 221) | Local Improvement: 0.0
  Move 6: GUIDED_SWAP_TO_PBEST | Indices: (147, 85) | Local Improvement: 0.0
  Move 7: GUIDED_SWAP_TO_PBEST | Indices: (25, 139) | Local Improvement: 0.0
  Move 8: GUIDED_SWAP_TO_PBEST | Indices: (221, 85) | Local Improvement: 0.0
  Move 9: GUIDED_SWAP_TO_PBEST | Indices: (1, 85) | Local Improvement: 0.0
  Move 10: GUIDED_SWAP_TO_GBEST | Indices: (139, 25) | Local Improvement: 0.0
  Move 11: GUIDED_SWAP_TO_GBEST | Indices: (147, 221) | Local Improvement: 0.0
  Move 12: GUIDED_SWAP_TO_GBEST | Indices: (172, 236) | Local Improvement: 0.0
  Move 13: GUIDED_SWAP_TO_GBEST | Indices: (221, 1) | Local Improvement: 0.0
  Move 14: GUIDED_SWAP_TO_GBEST | Indices: (85, 1) | Local Improvement: 0.0
  Move 15: TRIPLE_SWAP | Indices: (205, 202, 164) | Local Improvement: 0.0009375000000000355
=================================================================================
=================================================================================
2026-01-30T04:51:00.782 | Step 6 | Particle 59 | GLOBAL BEST ACHIEVED!
Global Improvement: 0.0011914062500000266
All moves in this step:
  Move 1: GUIDED_SWAP_TO_GBEST | Indices: (147, 221) | Local Improvement: 0.0
  Move 2: GUIDED_SWAP_TO_GBEST | Indices: (23, 151) | Local Improvement: 0.0
  Move 3: GUIDED_SWAP_TO_GBEST | Indices: (1, 85) | Local Improvement: 0.0
  Move 4: GUIDED_SWAP_TO_GBEST | Indices: (82, 64) | Local Improvement: 0.0
  Move 5: GUIDED_SWAP_TO_GBEST | Indices: (186, 206) | Local Improvement: 0.0
  Move 6: GUIDED_SWAP_TO_PBEST | Indices: (82, 64) | Local Improvement: 0.0
  Move 7: GUIDED_SWAP_TO_PBEST | Indices: (151, 23) | Local Improvement: 0.0
  Move 8: GUIDED_SWAP_TO_PBEST | Indices: (1, 85) | Local Improvement: 0.0
  Move 9: GUIDED_SWAP_TO_PBEST | Indices: (186, 206) | Local Improvement: 0.0
  Move 10: GUIDED_SWAP_TO_GBEST | Indices: (82, 64) | Local Improvement: 0.0
  Move 11: GUIDED_SWAP_TO_GBEST | Indices: (64, 59) | Local Improvement: 0.0
  Move 12: GUIDED_SWAP_TO_GBEST | Indices: (1, 85) | Local Improvement: 0.0
  Move 13: GUIDED_SWAP_TO_GBEST | Indices: (151, 111) | Local Improvement: 0.0
  Move 14: GUIDED_SWAP_TO_PBEST | Indices: (82, 59) | Local Improvement: 0.0
  Move 15: GUIDED_SWAP_TO_PBEST | Indices: (59, 64) | Local Improvement: 0.0
  Move 16: GUIDED_SWAP_TO_PBEST | Indices: (85, 1) | Local Improvement: 0.0
  Move 17: GUIDED_SWAP_TO_PBEST | Indices: (221, 147) | Local Improvement: 0.0
  Move 18: GUIDED_SWAP_TO_GBEST | Indices: (199, 60) | Local Improvement: 0.0
  Move 19: GUIDED_SWAP_TO_GBEST | Indices: (165, 23) | Local Improvement: 0.0
  Move 20: GUIDED_SWAP_TO_GBEST | Indices: (59, 82) | Local Improvement: 0.0
  Move 21: GUIDED_SWAP_TO_GBEST | Indices: (147, 221) | Local Improvement: 0.0
  Move 22: GUIDED_SWAP_TO_GBEST | Indices: (85, 221) | Local Improvement: 0.0
  Move 23: TRIPLE_SWAP | Indices: (104, 81, 172) | Local Improvement: 0.0029687499999999645
=================================================================================
=================================================================================
2026-01-30T04:51:00.840 | Step 7 | Particle 11 | GLOBAL BEST ACHIEVED!
Global Improvement: 0.0001953125000000444
All moves in this step:
  Move 1: GUIDED_SWAP_TO_GBEST | Indices: (111, 23) | Local Improvement: 0.0
  Move 2: GUIDED_SWAP_TO_GBEST | Indices: (64, 82) | Local Improvement: 0.0
  Move 3: GUIDED_SWAP_TO_GBEST | Indices: (10, 2) | Local Improvement: 0.0
  Move 4: GUIDED_SWAP_TO_GBEST | Indices: (186, 206) | Local Improvement: 0.0
  Move 5: GUIDED_SWAP_TO_GBEST | Indices: (81, 104) | Local Improvement: 0.0
  Move 6: GUIDED_SWAP_TO_GBEST | Indices: (104, 172) | Local Improvement: 0.0
  Move 7: GUIDED_SWAP_TO_GBEST | Indices: (1, 221) | Local Improvement: 0.0
  Move 8: GUIDED_SWAP_TO_PBEST | Indices: (1, 221) | Local Improvement: 0.0
  Move 9: GUIDED_SWAP_TO_PBEST | Indices: (64, 82) | Local Improvement: 0.0
  Move 10: GUIDED_SWAP_TO_PBEST | Indices: (81, 172) | Local Improvement: 0.0
  Move 11: GUIDED_SWAP_TO_PBEST | Indices: (186, 206) | Local Improvement: 0.0
  Move 12: GUIDED_SWAP_TO_GBEST | Indices: (82, 64) | Local Improvement: 0.0
  Move 13: GUIDED_SWAP_TO_GBEST | Indices: (186, 206) | Local Improvement: 0.0
  Move 14: GUIDED_SWAP_TO_GBEST | Indices: (1, 221) | Local Improvement: 0.0
  Move 15: TRIPLE_SWAP | Indices: (133, 170, 210) | Local Improvement: 0.0010351562499999467
=================================================================================
=================================================================================
2026-01-30T04:51:00.845 | Step 7 | Particle 24 | GLOBAL BEST ACHIEVED!
Global Improvement: 0.0006835937500000444
All moves in this step:
  Move 1: GUIDED_SWAP_TO_PBEST | Indices: (137, 116) | Local Improvement: 0.0
  Move 2: GUIDED_SWAP_TO_PBEST | Indices: (190, 184) | Local Improvement: 0.0
  Move 3: GUIDED_SWAP_TO_PBEST | Indices: (143, 113) | Local Improvement: 0.0
  Move 4: GUIDED_SWAP_TO_PBEST | Indices: (240, 112) | Local Improvement: 0.0
  Move 5: GUIDED_SWAP_TO_PBEST | Indices: (176, 120) | Local Improvement: 0.0
  Move 6: GUIDED_SWAP_TO_GBEST | Indices: (137, 113) | Local Improvement: 0.0
  Move 7: GUIDED_SWAP_TO_GBEST | Indices: (23, 8) | Local Improvement: 0.0
  Move 8: GUIDED_SWAP_TO_GBEST | Indices: (85, 221) | Local Improvement: 0.0
  Move 9: GUIDED_SWAP_TO_GBEST | Indices: (143, 159) | Local Improvement: 0.0
  Move 10: GUIDED_SWAP_TO_GBEST | Indices: (99, 194) | Local Improvement: 0.0
  Move 11: GUIDED_SWAP_TO_PBEST | Indices: (37, 67) | Local Improvement: 0.0
  Move 12: GUIDED_SWAP_TO_PBEST | Indices: (235, 198) | Local Improvement: 0.0
  Move 13: GUIDED_SWAP_TO_PBEST | Indices: (143, 159) | Local Improvement: 0.0
  Move 14: GUIDED_SWAP_TO_PBEST | Indices: (85, 221) | Local Improvement: 0.0
  Move 15: GUIDED_SWAP_TO_PBEST | Indices: (155, 172) | Local Improvement: 0.0
  Move 16: GUIDED_SWAP_TO_PBEST | Indices: (245, 137) | Local Improvement: 0.0
  Move 17: GUIDED_SWAP_TO_PBEST | Indices: (68, 60) | Local Improvement: 0.0
  Move 18: GUIDED_SWAP_TO_PBEST | Indices: (67, 250) | Local Improvement: 0.0
  Move 19: GUIDED_SWAP_TO_PBEST | Indices: (221, 147) | Local Improvement: 0.0
  Move 20: GUIDED_SWAP_TO_PBEST | Indices: (199, 60) | Local Improvement: 0.0
  Move 21: GUIDED_SWAP_TO_GBEST | Indices: (104, 172) | Local Improvement: 0.0
  Move 22: GUIDED_SWAP_TO_GBEST | Indices: (235, 198) | Local Improvement: 0.0
  Move 23: GUIDED_SWAP_TO_GBEST | Indices: (60, 68) | Local Improvement: 0.0
  Move 24: GUIDED_SWAP_TO_GBEST | Indices: (159, 113) | Local Improvement: 0.0
  Move 25: TRIPLE_SWAP | Indices: (39, 150, 109) | Local Improvement: 0.0035546875000000977
  Move 26: RANDOM_SWAP | Indices: (133, 219) | Local Improvement: 0.0
  Move 27: RANDOM_SWAP | Indices: (94, 203) | Local Improvement: 0.0
  Move 28: RANDOM_SWAP | Indices: (35, 191) | Local Improvement: 0.0
=================================================================================
=================================================================================
2026-01-30T04:51:00.851 | Step 7 | Particle 38 | GLOBAL BEST ACHIEVED!
Global Improvement: 0.00113281250000008
All moves in this step:
  Move 1: GUIDED_SWAP_TO_GBEST | Indices: (172, 81) | Local Improvement: 0.0
  Move 2: GUIDED_SWAP_TO_GBEST | Indices: (23, 111) | Local Improvement: 0.0
  Move 3: GUIDED_SWAP_TO_GBEST | Indices: (81, 104) | Local Improvement: 0.0
  Move 4: GUIDED_SWAP_TO_GBEST | Indices: (2, 10) | Local Improvement: 0.0
  Move 5: GUIDED_SWAP_TO_GBEST | Indices: (202, 164) | Local Improvement: 0.0
  Move 6: GUIDED_SWAP_TO_PBEST | Indices: (2, 10) | Local Improvement: 0.0
  Move 7: GUIDED_SWAP_TO_PBEST | Indices: (164, 202) | Local Improvement: 0.0
  Move 8: GUIDED_SWAP_TO_PBEST | Indices: (23, 111) | Local Improvement: 0.0
  Move 9: GUIDED_SWAP_TO_PBEST | Indices: (172, 104) | Local Improvement: 0.0
  Move 10: GUIDED_SWAP_TO_GBEST | Indices: (104, 172) | Local Improvement: 0.0
  Move 11: GUIDED_SWAP_TO_GBEST | Indices: (82, 64) | Local Improvement: 0.0
  Move 12: GUIDED_SWAP_TO_GBEST | Indices: (10, 2) | Local Improvement: 0.0
  Move 13: GUIDED_SWAP_TO_PBEST | Indices: (64, 82) | Local Improvement: 0.0
  Move 14: GUIDED_SWAP_TO_PBEST | Indices: (104, 81) | Local Improvement: 0.0
  Move 15: GUIDED_SWAP_TO_PBEST | Indices: (172, 81) | Local Improvement: 0.0
  Move 16: GUIDED_SWAP_TO_PBEST | Indices: (2, 10) | Local Improvement: 0.0
  Move 17: GUIDED_SWAP_TO_GBEST | Indices: (64, 82) | Local Improvement: 0.0
  Move 18: GUIDED_SWAP_TO_GBEST | Indices: (111, 23) | Local Improvement: 0.0
  Move 19: GUIDED_SWAP_TO_GBEST | Indices: (81, 104) | Local Improvement: 0.0
  Move 20: GUIDED_SWAP_TO_GBEST | Indices: (2, 10) | Local Improvement: 0.0
=================================================================================
=================================================================================
2026-01-30T04:51:01.036 | Step 8 | Particle 5 | GLOBAL BEST ACHIEVED!
Global Improvement: 0.0012304687499999911
All moves in this step:
  Move 1: GUIDED_SWAP_TO_GBEST | Indices: (1, 3) | Local Improvement: 0.0
  Move 2: GUIDED_SWAP_TO_GBEST | Indices: (48, 87) | Local Improvement: 0.0
  Move 3: GUIDED_SWAP_TO_GBEST | Indices: (205, 164) | Local Improvement: 0.0
  Move 4: GUIDED_SWAP_TO_GBEST | Indices: (202, 164) | Local Improvement: 0.0
  Move 5: GUIDED_SWAP_TO_GBEST | Indices: (206, 186) | Local Improvement: 0.0
  Move 6: GUIDED_SWAP_TO_GBEST | Indices: (172, 104) | Local Improvement: 0.0
  Move 7: GUIDED_SWAP_TO_PBEST | Indices: (172, 104) | Local Improvement: 0.0
  Move 8: GUIDED_SWAP_TO_PBEST | Indices: (3, 1) | Local Improvement: 0.0
  Move 9: GUIDED_SWAP_TO_PBEST | Indices: (202, 164) | Local Improvement: 0.0
  Move 10: GUIDED_SWAP_TO_PBEST | Indices: (206, 186) | Local Improvement: 0.0
  Move 11: GUIDED_SWAP_TO_GBEST | Indices: (186, 206) | Local Improvement: 0.0
  Move 12: GUIDED_SWAP_TO_GBEST | Indices: (164, 202) | Local Improvement: 0.0
  Move 13: GUIDED_SWAP_TO_GBEST | Indices: (3, 1) | Local Improvement: 0.0
  Move 14: GUIDED_SWAP_TO_GBEST | Indices: (172, 104) | Local Improvement: 0.0
  Move 15: TRIPLE_SWAP | Indices: (27, 205, 108) | Local Improvement: 0.0012304687499999911
=================================================================================
=================================================================================
2026-01-30T04:51:01.410 | Step 9 | Particle 15 | GLOBAL BEST ACHIEVED!
Global Improvement: 0.0002929687499999556
All moves in this step:
  Move 1: GUIDED_SWAP_TO_GBEST | Indices: (205, 27) | Local Improvement: 0.0
  Move 2: GUIDED_SWAP_TO_GBEST | Indices: (108, 27) | Local Improvement: 0.0
  Move 3: GUIDED_SWAP_TO_GBEST | Indices: (226, 220) | Local Improvement: 0.0
  Move 4: GUIDED_SWAP_TO_PBEST | Indices: (27, 205) | Local Improvement: 0.0
  Move 5: GUIDED_SWAP_TO_PBEST | Indices: (205, 108) | Local Improvement: 0.0
  Move 6: GUIDED_SWAP_TO_PBEST | Indices: (226, 220) | Local Improvement: 0.0
  Move 7: GUIDED_SWAP_TO_GBEST | Indices: (226, 220) | Local Improvement: 0.0
  Move 8: GUIDED_SWAP_TO_GBEST | Indices: (108, 205) | Local Improvement: 0.0
  Move 9: GUIDED_SWAP_TO_GBEST | Indices: (27, 205) | Local Improvement: 0.0
  Move 10: GUIDED_SWAP_TO_PBEST | Indices: (27, 205) | Local Improvement: 0.0
  Move 11: GUIDED_SWAP_TO_PBEST | Indices: (220, 226) | Local Improvement: 0.0
  Move 12: GUIDED_SWAP_TO_PBEST | Indices: (108, 205) | Local Improvement: 0.0
  Move 13: GUIDED_SWAP_TO_GBEST | Indices: (27, 108) | Local Improvement: 0.0
  Move 14: GUIDED_SWAP_TO_GBEST | Indices: (226, 220) | Local Improvement: 0.0
  Move 15: GUIDED_SWAP_TO_GBEST | Indices: (205, 108) | Local Improvement: 0.0
  Move 16: TRIPLE_SWAP | Indices: (220, 26, 233) | Local Improvement: 0.0002929687499999556
=================================================================================
=================================================================================
2026-01-30T04:51:01.422 | Step 9 | Particle 46 | GLOBAL BEST ACHIEVED!
Global Improvement: 0.0007421874999999911
All moves in this step:
  Move 1: GUIDED_SWAP_TO_GBEST | Indices: (108, 205) | Local Improvement: 0.0
  Move 2: GUIDED_SWAP_TO_GBEST | Indices: (27, 205) | Local Improvement: 0.0
  Move 3: GUIDED_SWAP_TO_GBEST | Indices: (221, 147) | Local Improvement: 0.0
  Move 4: GUIDED_SWAP_TO_PBEST | Indices: (108, 27) | Local Improvement: 0.0
  Move 5: GUIDED_SWAP_TO_PBEST | Indices: (205, 27) | Local Improvement: 0.0
  Move 6: GUIDED_SWAP_TO_PBEST | Indices: (147, 221) | Local Improvement: 0.0
  Move 7: GUIDED_SWAP_TO_GBEST | Indices: (221, 147) | Local Improvement: 0.0
  Move 8: GUIDED_SWAP_TO_GBEST | Indices: (108, 205) | Local Improvement: 0.0
  Move 9: GUIDED_SWAP_TO_GBEST | Indices: (205, 27) | Local Improvement: 0.0
  Move 10: TRIPLE_SWAP | Indices: (96, 197, 53) | Local Improvement: 0.0007421874999999911
=================================================================================
=================================================================================
2026-01-30T04:51:01.428 | Step 9 | Particle 61 | GLOBAL BEST ACHIEVED!
Global Improvement: 0.0011328124999998579
All moves in this step:
  Move 1: GUIDED_SWAP_TO_GBEST | Indices: (129, 113) | Local Improvement: 0.0
  Move 2: GUIDED_SWAP_TO_GBEST | Indices: (235, 186) | Local Improvement: 0.0
  Move 3: GUIDED_SWAP_TO_GBEST | Indices: (205, 27) | Local Improvement: 0.0
  Move 4: GUIDED_SWAP_TO_GBEST | Indices: (27, 108) | Local Improvement: 0.0
  Move 5: GUIDED_SWAP_TO_PBEST | Indices: (129, 113) | Local Improvement: 0.0
  Move 6: GUIDED_SWAP_TO_PBEST | Indices: (108, 27) | Local Improvement: 0.0
  Move 7: GUIDED_SWAP_TO_PBEST | Indices: (235, 186) | Local Improvement: 0.0
  Move 8: GUIDED_SWAP_TO_PBEST | Indices: (27, 205) | Local Improvement: 0.0
  Move 9: GUIDED_SWAP_TO_GBEST | Indices: (108, 205) | Local Improvement: 0.0
  Move 10: GUIDED_SWAP_TO_GBEST | Indices: (129, 113) | Local Improvement: 0.0
  Move 11: GUIDED_SWAP_TO_GBEST | Indices: (186, 235) | Local Improvement: 0.0
  Move 12: GUIDED_SWAP_TO_GBEST | Indices: (205, 27) | Local Improvement: 0.0
  Move 13: TRIPLE_SWAP | Indices: (208, 88, 220) | Local Improvement: 0.0011328124999998579
=================================================================================
=================================================================================
2026-01-30T04:51:01.492 | Step 10 | Particle 38 | GLOBAL BEST ACHIEVED!
Global Improvement: 0.00035156250000012434
All moves in this step:
  Move 1: GUIDED_SWAP_TO_PBEST | Indices: (187, 200) | Local Improvement: 0.0
  Move 2: GUIDED_SWAP_TO_PBEST | Indices: (228, 200) | Local Improvement: 0.0
  Move 3: GUIDED_SWAP_TO_PBEST | Indices: (27, 205) | Local Improvement: 0.0
  Move 4: GUIDED_SWAP_TO_PBEST | Indices: (108, 205) | Local Improvement: 0.0
  Move 5: GUIDED_SWAP_TO_PBEST | Indices: (191, 44) | Local Improvement: 0.0
  Move 6: GUIDED_SWAP_TO_GBEST | Indices: (220, 88) | Local Improvement: 0.0
  Move 7: GUIDED_SWAP_TO_GBEST | Indices: (108, 205) | Local Improvement: 0.0
  Move 8: GUIDED_SWAP_TO_GBEST | Indices: (254, 110) | Local Improvement: 0.0
  Move 9: GUIDED_SWAP_TO_GBEST | Indices: (208, 88) | Local Improvement: 0.0
  Move 10: GUIDED_SWAP_TO_PBEST | Indices: (88, 220) | Local Improvement: 0.0
  Move 11: GUIDED_SWAP_TO_PBEST | Indices: (141, 248) | Local Improvement: 0.0
  Move 12: GUIDED_SWAP_TO_PBEST | Indices: (108, 205) | Local Improvement: 0.0
  Move 13: GUIDED_SWAP_TO_PBEST | Indices: (208, 220) | Local Improvement: 0.0
  Move 14: GUIDED_SWAP_TO_GBEST | Indices: (108, 205) | Local Improvement: 0.0
  Move 15: GUIDED_SWAP_TO_GBEST | Indices: (27, 205) | Local Improvement: 0.0
  Move 16: GUIDED_SWAP_TO_GBEST | Indices: (220, 88) | Local Improvement: 0.0
  Move 17: GUIDED_SWAP_TO_GBEST | Indices: (208, 88) | Local Improvement: 0.0
  Move 18: GUIDED_SWAP_TO_PBEST | Indices: (205, 108) | Local Improvement: 0.0
  Move 19: GUIDED_SWAP_TO_PBEST | Indices: (208, 88) | Local Improvement: 0.0
  Move 20: GUIDED_SWAP_TO_PBEST | Indices: (220, 88) | Local Improvement: 0.0
  Move 21: GUIDED_SWAP_TO_PBEST | Indices: (108, 27) | Local Improvement: 0.0
  Move 22: GUIDED_SWAP_TO_GBEST | Indices: (220, 88) | Local Improvement: 0.0
  Move 23: GUIDED_SWAP_TO_GBEST | Indices: (27, 108) | Local Improvement: 0.0
  Move 24: GUIDED_SWAP_TO_GBEST | Indices: (205, 108) | Local Improvement: 0.0
  Move 25: GUIDED_SWAP_TO_GBEST | Indices: (208, 88) | Local Improvement: 0.0
  Move 26: TRIPLE_SWAP | Indices: (112, 128, 244) | Local Improvement: 0.00035156250000012434
=================================================================================
=================================================================================
2026-01-30T04:51:01.494 | Step 10 | Particle 41 | GLOBAL BEST ACHIEVED!
Global Improvement: 0.001386718750000071
All moves in this step:
  Move 1: GUIDED_SWAP_TO_GBEST | Indices: (220, 88) | Local Improvement: 0.0
  Move 2: GUIDED_SWAP_TO_GBEST | Indices: (64, 82) | Local Improvement: 0.0
  Move 3: GUIDED_SWAP_TO_GBEST | Indices: (27, 164) | Local Improvement: 0.0
  Move 4: GUIDED_SWAP_TO_GBEST | Indices: (88, 208) | Local Improvement: 0.0
  Move 5: GUIDED_SWAP_TO_GBEST | Indices: (164, 205) | Local Improvement: 0.0
  Move 6: GUIDED_SWAP_TO_PBEST | Indices: (164, 27) | Local Improvement: 0.0
  Move 7: GUIDED_SWAP_TO_PBEST | Indices: (64, 82) | Local Improvement: 0.0
  Move 8: GUIDED_SWAP_TO_PBEST | Indices: (88, 220) | Local Improvement: 0.0
  Move 9: GUIDED_SWAP_TO_PBEST | Indices: (27, 205) | Local Improvement: 0.0
  Move 10: GUIDED_SWAP_TO_GBEST | Indices: (164, 205) | Local Improvement: 0.0
  Move 11: GUIDED_SWAP_TO_GBEST | Indices: (88, 220) | Local Improvement: 0.0
  Move 12: GUIDED_SWAP_TO_GBEST | Indices: (82, 64) | Local Improvement: 0.0
  Move 13: GUIDED_SWAP_TO_GBEST | Indices: (205, 27) | Local Improvement: 0.0
  Move 14: TRIPLE_SWAP | Indices: (144, 244, 143) | Local Improvement: 0.001386718750000071
=================================================================================
=================================================================================
2026-01-30T04:51:01.942 | Step 11 | Particle 46 | GLOBAL BEST ACHIEVED!
Global Improvement: 0.0003906250000000888
All moves in this step:
  Move 1: GUIDED_SWAP_TO_GBEST | Indices: (244, 144) | Local Improvement: 0.0
  Move 2: GUIDED_SWAP_TO_GBEST | Indices: (198, 54) | Local Improvement: 0.0
  Move 3: GUIDED_SWAP_TO_GBEST | Indices: (173, 54) | Local Improvement: 0.0
  Move 4: GUIDED_SWAP_TO_GBEST | Indices: (144, 143) | Local Improvement: 0.0
  Move 5: GUIDED_SWAP_TO_PBEST | Indices: (244, 143) | Local Improvement: 0.0
  Move 6: GUIDED_SWAP_TO_PBEST | Indices: (144, 143) | Local Improvement: 0.0
  Move 7: GUIDED_SWAP_TO_PBEST | Indices: (173, 54) | Local Improvement: 0.0
  Move 8: GUIDED_SWAP_TO_PBEST | Indices: (54, 198) | Local Improvement: 0.0
  Move 9: GUIDED_SWAP_TO_GBEST | Indices: (198, 54) | Local Improvement: 0.0
  Move 10: GUIDED_SWAP_TO_GBEST | Indices: (173, 54) | Local Improvement: 0.0
  Move 11: GUIDED_SWAP_TO_GBEST | Indices: (144, 143) | Local Improvement: 0.0
  Move 12: GUIDED_SWAP_TO_GBEST | Indices: (244, 143) | Local Improvement: 0.0
  Move 13: GUIDED_SWAP_TO_PBEST | Indices: (173, 54) | Local Improvement: 0.0
  Move 14: GUIDED_SWAP_TO_PBEST | Indices: (198, 54) | Local Improvement: 0.0
  Move 15: GUIDED_SWAP_TO_PBEST | Indices: (244, 143) | Local Improvement: 0.0
  Move 16: GUIDED_SWAP_TO_PBEST | Indices: (143, 144) | Local Improvement: 0.0
  Move 17: GUIDED_SWAP_TO_GBEST | Indices: (198, 54) | Local Improvement: 0.0
  Move 18: GUIDED_SWAP_TO_GBEST | Indices: (54, 173) | Local Improvement: 0.0
  Move 19: GUIDED_SWAP_TO_GBEST | Indices: (244, 144) | Local Improvement: 0.0
  Move 20: GUIDED_SWAP_TO_GBEST | Indices: (143, 144) | Local Improvement: 0.0
  Move 21: TRIPLE_SWAP | Indices: (93, 112, 94) | Local Improvement: 0.0003906250000000888
=================================================================================
=================================================================================
2026-01-30T04:51:01.998 | Step 12 | Particle 7 | GLOBAL BEST ACHIEVED!
Global Improvement: 0.0001953125000000444
All moves in this step:
  Move 1: GUIDED_SWAP_TO_GBEST | Indices: (93, 94) | Local Improvement: 0.0
  Move 2: GUIDED_SWAP_TO_GBEST | Indices: (94, 112) | Local Improvement: 0.0
  Move 3: GUIDED_SWAP_TO_GBEST | Indices: (217, 182) | Local Improvement: 0.0
  Move 4: GUIDED_SWAP_TO_GBEST | Indices: (179, 131) | Local Improvement: 0.0
  Move 5: GUIDED_SWAP_TO_PBEST | Indices: (131, 179) | Local Improvement: 0.0
  Move 6: GUIDED_SWAP_TO_PBEST | Indices: (217, 182) | Local Improvement: 0.0
  Move 7: GUIDED_SWAP_TO_PBEST | Indices: (112, 94) | Local Improvement: 0.0
  Move 8: GUIDED_SWAP_TO_PBEST | Indices: (93, 94) | Local Improvement: 0.0
  Move 9: GUIDED_SWAP_TO_GBEST | Indices: (112, 93) | Local Improvement: 0.0
  Move 10: GUIDED_SWAP_TO_GBEST | Indices: (216, 179) | Local Improvement: 0.0
  Move 11: GUIDED_SWAP_TO_GBEST | Indices: (217, 182) | Local Improvement: 0.0
  Move 12: GUIDED_SWAP_TO_GBEST | Indices: (244, 143) | Local Improvement: 0.0
  Move 13: GUIDED_SWAP_TO_GBEST | Indices: (93, 94) | Local Improvement: 0.0
  Move 14: GUIDED_SWAP_TO_PBEST | Indices: (143, 244) | Local Improvement: 0.0
  Move 15: GUIDED_SWAP_TO_PBEST | Indices: (216, 179) | Local Improvement: 0.0
  Move 16: GUIDED_SWAP_TO_PBEST | Indices: (217, 182) | Local Improvement: 0.0
  Move 17: GUIDED_SWAP_TO_PBEST | Indices: (93, 112) | Local Improvement: 0.0
  Move 18: GUIDED_SWAP_TO_GBEST | Indices: (131, 216) | Local Improvement: 0.0
  Move 19: GUIDED_SWAP_TO_GBEST | Indices: (216, 179) | Local Improvement: 0.0
  Move 20: GUIDED_SWAP_TO_GBEST | Indices: (112, 93) | Local Improvement: 0.0
  Move 21: GUIDED_SWAP_TO_GBEST | Indices: (217, 182) | Local Improvement: 0.0
=================================================================================
=================================================================================
2026-01-30T04:51:02.018 | Step 12 | Particle 58 | GLOBAL BEST ACHIEVED!
Global Improvement: 0.0006445312499998579
All moves in this step:
  Move 1: GUIDED_SWAP_TO_GBEST | Indices: (93, 94) | Local Improvement: 0.0
  Move 2: GUIDED_SWAP_TO_GBEST | Indices: (112, 94) | Local Improvement: 0.0
  Move 3: GUIDED_SWAP_TO_PBEST | Indices: (112, 94) | Local Improvement: 0.0
  Move 4: GUIDED_SWAP_TO_PBEST | Indices: (94, 93) | Local Improvement: 0.0
  Move 5: GUIDED_SWAP_TO_GBEST | Indices: (94, 112) | Local Improvement: 0.0
  Move 6: GUIDED_SWAP_TO_GBEST | Indices: (112, 93) | Local Improvement: 0.0
  Move 7: TRIPLE_SWAP | Indices: (74, 127, 119) | Local Improvement: 0.0006445312499998579
=================================================================================
=================================================================================
2026-01-30T04:51:02.096 | Step 13 | Particle 81 | GLOBAL BEST ACHIEVED!
Global Improvement: 0.0005859375000001332
All moves in this step:
  Move 1: GUIDED_SWAP_TO_GBEST | Indices: (74, 119) | Local Improvement: 0.0
  Move 2: GUIDED_SWAP_TO_GBEST | Indices: (143, 244) | Local Improvement: 0.0
  Move 3: GUIDED_SWAP_TO_GBEST | Indices: (205, 164) | Local Improvement: 0.0
  Move 4: GUIDED_SWAP_TO_GBEST | Indices: (127, 119) | Local Improvement: 0.0
  Move 5: GUIDED_SWAP_TO_PBEST | Indices: (74, 127) | Local Improvement: 0.0
  Move 6: GUIDED_SWAP_TO_PBEST | Indices: (164, 205) | Local Improvement: 0.0
  Move 7: GUIDED_SWAP_TO_PBEST | Indices: (127, 119) | Local Improvement: 0.0
  Move 8: GUIDED_SWAP_TO_PBEST | Indices: (143, 244) | Local Improvement: 0.0
  Move 9: GUIDED_SWAP_TO_GBEST | Indices: (127, 74) | Local Improvement: 0.0
  Move 10: GUIDED_SWAP_TO_GBEST | Indices: (74, 119) | Local Improvement: 0.0
  Move 11: GUIDED_SWAP_TO_GBEST | Indices: (143, 244) | Local Improvement: 0.0
  Move 12: GUIDED_SWAP_TO_GBEST | Indices: (205, 164) | Local Improvement: 0.0
  Move 13: TRIPLE_SWAP | Indices: (26, 216, 196) | Local Improvement: 0.0005859375000001332
=================================================================================
=================================================================================
2026-01-30T04:51:02.646 | Step 16 | Particle 97 | GLOBAL BEST ACHIEVED!
Global Improvement: 0.0009374999999998135
All moves in this step:
  Move 1: TRIPLE_SWAP | Indices: (153, 150, 167) | Local Improvement: 0.0009374999999998135
=================================================================================
=================================================================================
2026-01-30T04:51:02.889 | Step 17 | Particle 78 | GLOBAL BEST ACHIEVED!
Global Improvement: 0.0006445312500000799
All moves in this step:
  Move 1: GUIDED_SWAP_TO_GBEST | Indices: (150, 153) | Local Improvement: 0.0
  Move 2: GUIDED_SWAP_TO_GBEST | Indices: (153, 167) | Local Improvement: 0.0
  Move 3: GUIDED_SWAP_TO_PBEST | Indices: (167, 153) | Local Improvement: 0.0
  Move 4: GUIDED_SWAP_TO_PBEST | Indices: (150, 153) | Local Improvement: 0.0
  Move 5: GUIDED_SWAP_TO_GBEST | Indices: (167, 150) | Local Improvement: 0.0
  Move 6: GUIDED_SWAP_TO_GBEST | Indices: (153, 150) | Local Improvement: 0.0
  Move 7: TRIPLE_SWAP | Indices: (54, 161, 105) | Local Improvement: 0.0006445312500000799
=================================================================================
=================================================================================
2026-01-30T04:51:03.081 | Step 20 | Particle 57 | GLOBAL BEST ACHIEVED!
Global Improvement: 0.0001953125000000444
All moves in this step:
  Move 1: GUIDED_SWAP_TO_PBEST | Indices: (150, 153) | Local Improvement: 0.0
  Move 2: GUIDED_SWAP_TO_PBEST | Indices: (153, 142) | Local Improvement: 0.0
  Move 3: GUIDED_SWAP_TO_GBEST | Indices: (150, 142) | Local Improvement: 0.0
  Move 4: GUIDED_SWAP_TO_GBEST | Indices: (105, 161) | Local Improvement: 0.0
  Move 5: GUIDED_SWAP_TO_GBEST | Indices: (167, 142) | Local Improvement: 0.0
  Move 6: GUIDED_SWAP_TO_GBEST | Indices: (54, 161) | Local Improvement: 0.0
  Move 7: GUIDED_SWAP_TO_GBEST | Indices: (142, 178) | Local Improvement: 0.0
  Move 8: GUIDED_SWAP_TO_PBEST | Indices: (150, 167) | Local Improvement: 0.0
  Move 9: GUIDED_SWAP_TO_PBEST | Indices: (178, 142) | Local Improvement: 0.0
  Move 10: GUIDED_SWAP_TO_PBEST | Indices: (54, 161) | Local Improvement: 0.0
  Move 11: GUIDED_SWAP_TO_PBEST | Indices: (142, 167) | Local Improvement: 0.0
  Move 12: GUIDED_SWAP_TO_PBEST | Indices: (161, 105) | Local Improvement: 0.0
  Move 13: GUIDED_SWAP_TO_GBEST | Indices: (161, 54) | Local Improvement: 0.0
  Move 14: GUIDED_SWAP_TO_GBEST | Indices: (54, 105) | Local Improvement: 0.0
  Move 15: GUIDED_SWAP_TO_GBEST | Indices: (150, 142) | Local Improvement: 0.0
  Move 16: GUIDED_SWAP_TO_GBEST | Indices: (167, 142) | Local Improvement: 0.0
  Move 17: GUIDED_SWAP_TO_GBEST | Indices: (142, 178) | Local Improvement: 0.0
  Move 18: GUIDED_SWAP_TO_GBEST | Indices: (178, 153) | Local Improvement: 0.0
  Move 19: GUIDED_SWAP_TO_GBEST | Indices: (110, 184) | Local Improvement: 0.0
  Move 20: TRIPLE_SWAP | Indices: (58, 91, 39) | Local Improvement: 0.0001953125000000444
=================================================================================
=================================================================================
2026-01-30T04:51:03.926 | Step 33 | Particle 25 | GLOBAL BEST ACHIEVED!
Global Improvement: 0.0008398437499999023
All moves in this step:
  Move 1: GUIDED_SWAP_TO_PBEST | Indices: (174, 65) | Local Improvement: 0.0
  Move 2: GUIDED_SWAP_TO_PBEST | Indices: (237, 215) | Local Improvement: 0.0
  Move 3: GUIDED_SWAP_TO_PBEST | Indices: (48, 92) | Local Improvement: 0.0
  Move 4: GUIDED_SWAP_TO_PBEST | Indices: (227, 118) | Local Improvement: 0.0
  Move 5: GUIDED_SWAP_TO_GBEST | Indices: (251, 40) | Local Improvement: 0.0
  Move 6: TRIPLE_SWAP | Indices: (20, 28, 114) | Local Improvement: 0.0008398437499999023
=================================================================================
=================================================================================
2026-01-30T04:51:04.407 | Step 40 | Particle 46 | GLOBAL BEST ACHIEVED!
Global Improvement: 9.765625000013323e-5
All moves in this step:
  Move 1: GUIDED_SWAP_TO_PBEST | Indices: (140, 197) | Local Improvement: 0.0
  Move 2: GUIDED_SWAP_TO_PBEST | Indices: (36, 205) | Local Improvement: 0.0
  Move 3: GUIDED_SWAP_TO_PBEST | Indices: (103, 67) | Local Improvement: 0.0
  Move 4: GUIDED_SWAP_TO_GBEST | Indices: (134, 210) | Local Improvement: 0.0
  Move 5: TRIPLE_SWAP | Indices: (232, 146, 117) | Local Improvement: 9.765625000013323e-5
=================================================================================
=================================================================================
2026-01-30T04:51:04.771 | Step 45 | Particle 73 | GLOBAL BEST ACHIEVED!
Global Improvement: 9.765624999991118e-5
All moves in this step:
  Move 1: TRIPLE_SWAP | Indices: (72, 116, 34) | Local Improvement: 9.765624999991118e-5
=================================================================================
=================================================================================
2026-01-30T04:51:25.566 | Step 231 | Particle 19 | GLOBAL BEST ACHIEVED!
Global Improvement: 0.0008398437500001243
All moves in this step:
  Move 1: TRIPLE_SWAP | Indices: (173, 15, 170) | Local Improvement: 0.0008398437500001243
=================================================================================
=================================================================================
2026-01-30T04:51:26.100 | Step 236 | Particle 32 | GLOBAL BEST ACHIEVED!
Global Improvement: 9.765624999991118e-5
All moves in this step:
  Move 1: RANDOM_SWAP | Indices: (11, 4) | Local Improvement: 0.0
=================================================================================
=================================================================================
2026-01-30T04:51:26.110 | Step 236 | Particle 57 | GLOBAL BEST ACHIEVED!
Global Improvement: 0.0001562499999998579
All moves in this step:
  Move 1: GUIDED_SWAP_TO_PBEST | Indices: (188, 59) | Local Improvement: 0.0
  Move 2: GUIDED_SWAP_TO_PBEST | Indices: (90, 129) | Local Improvement: 0.0
  Move 3: GUIDED_SWAP_TO_PBEST | Indices: (213, 101) | Local Improvement: 0.0
  Move 4: GUIDED_SWAP_TO_PBEST | Indices: (187, 30) | Local Improvement: 0.0
  Move 5: GUIDED_SWAP_TO_GBEST | Indices: (240, 229) | Local Improvement: 0.0
  Move 6: TRIPLE_SWAP | Indices: (151, 139, 119) | Local Improvement: 0.0001562499999998579
=================================================================================
=================================================================================
2026-01-30T04:51:26.507 | Step 240 | Particle 69 | GLOBAL BEST ACHIEVED!
Global Improvement: 0.00029296875000017764
All moves in this step:
  Move 1: GUIDED_SWAP_TO_PBEST | Indices: (41, 59) | Local Improvement: 0.0
  Move 2: GUIDED_SWAP_TO_PBEST | Indices: (192, 32) | Local Improvement: 0.0
  Move 3: GUIDED_SWAP_TO_PBEST | Indices: (99, 38) | Local Improvement: 0.0
  Move 4: GUIDED_SWAP_TO_PBEST | Indices: (156, 48) | Local Improvement: 0.0
  Move 5: GUIDED_SWAP_TO_GBEST | Indices: (27, 144) | Local Improvement: 0.0
  Move 6: TRIPLE_SWAP | Indices: (109, 111, 110) | Local Improvement: 0.00029296875000017764
=================================================================================
=================================================================================
2026-01-30T04:51:26.677 | Step 242 | Particle 30 | GLOBAL BEST ACHIEVED!
Global Improvement: 0.00048828125
All moves in this step:
  Move 1: GUIDED_SWAP_TO_GBEST | Indices: (62, 212) | Local Improvement: 0.0
  Move 2: GUIDED_SWAP_TO_GBEST | Indices: (111, 109) | Local Improvement: 0.0
  Move 3: GUIDED_SWAP_TO_GBEST | Indices: (110, 109) | Local Improvement: 0.0
  Move 4: GUIDED_SWAP_TO_GBEST | Indices: (171, 212) | Local Improvement: 0.0
  Move 5: GUIDED_SWAP_TO_PBEST | Indices: (110, 109) | Local Improvement: 0.0
  Move 6: GUIDED_SWAP_TO_PBEST | Indices: (171, 212) | Local Improvement: 0.0
  Move 7: GUIDED_SWAP_TO_PBEST | Indices: (111, 109) | Local Improvement: 0.0
  Move 8: GUIDED_SWAP_TO_PBEST | Indices: (212, 62) | Local Improvement: 0.0
  Move 9: GUIDED_SWAP_TO_GBEST | Indices: (110, 111) | Local Improvement: 0.0
  Move 10: GUIDED_SWAP_TO_GBEST | Indices: (171, 62) | Local Improvement: 0.0
  Move 11: GUIDED_SWAP_TO_GBEST | Indices: (109, 111) | Local Improvement: 0.0
  Move 12: GUIDED_SWAP_TO_GBEST | Indices: (62, 212) | Local Improvement: 0.0
  Move 13: GUIDED_SWAP_TO_PBEST | Indices: (110, 109) | Local Improvement: 0.0
  Move 14: GUIDED_SWAP_TO_PBEST | Indices: (212, 62) | Local Improvement: 0.0
  Move 15: GUIDED_SWAP_TO_PBEST | Indices: (111, 109) | Local Improvement: 0.0
  Move 16: GUIDED_SWAP_TO_PBEST | Indices: (171, 62) | Local Improvement: 0.0
  Move 17: GUIDED_SWAP_TO_GBEST | Indices: (171, 62) | Local Improvement: 0.0
  Move 18: GUIDED_SWAP_TO_GBEST | Indices: (212, 62) | Local Improvement: 0.0
  Move 19: GUIDED_SWAP_TO_GBEST | Indices: (109, 110) | Local Improvement: 0.0
  Move 20: GUIDED_SWAP_TO_GBEST | Indices: (111, 110) | Local Improvement: 0.0
  Move 21: TRIPLE_SWAP | Indices: (59, 94, 5) | Local Improvement: 0.00048828125
=================================================================================
=================================================================================
2026-01-30T04:51:27.776 | Step 254 | Particle 100 | GLOBAL BEST ACHIEVED!
Global Improvement: 9.765624999991118e-5
All moves in this step:
  Move 1: TRIPLE_SWAP | Indices: (94, 235, 59) | Local Improvement: 9.765624999991118e-5
=================================================================================
=================================================================================
2026-01-30T04:51:54.781 | Step 492 | Particle 50 | GLOBAL BEST ACHIEVED!
Global Improvement: 0.0002539062499999911
All moves in this step:
  Move 1: TRIPLE_SWAP | Indices: (46, 117, 80) | Local Improvement: 0.0002539062499999911
=================================================================================
=================================================================================
2026-01-30T04:51:55.394 | Step 498 | Particle 11 | GLOBAL BEST ACHIEVED!
Global Improvement: 0.0001953125000000444
All moves in this step:
  Move 1: TRIPLE_SWAP | Indices: (100, 105, 107) | Local Improvement: 0.0001953125000000444
=================================================================================
=================================================================================
2026-01-30T04:51:55.520 | Step 499 | Particle 36 | GLOBAL BEST ACHIEVED!
Global Improvement: 0.00048828125
All moves in this step:
  Move 1: GUIDED_SWAP_TO_GBEST | Indices: (105, 100) | Local Improvement: 0.0
  Move 2: GUIDED_SWAP_TO_GBEST | Indices: (107, 100) | Local Improvement: 0.0
  Move 3: GUIDED_SWAP_TO_PBEST | Indices: (105, 107) | Local Improvement: 0.0
  Move 4: GUIDED_SWAP_TO_PBEST | Indices: (107, 100) | Local Improvement: 0.0
  Move 5: GUIDED_SWAP_TO_GBEST | Indices: (105, 100) | Local Improvement: 0.0
  Move 6: GUIDED_SWAP_TO_GBEST | Indices: (100, 107) | Local Improvement: 0.0
  Move 7: GUIDED_SWAP_TO_PBEST | Indices: (100, 105) | Local Improvement: 0.0
  Move 8: GUIDED_SWAP_TO_PBEST | Indices: (105, 107) | Local Improvement: 0.0
  Move 9: GUIDED_SWAP_TO_GBEST | Indices: (100, 107) | Local Improvement: 0.0
  Move 10: GUIDED_SWAP_TO_GBEST | Indices: (107, 105) | Local Improvement: 0.0
  Move 11: TRIPLE_SWAP | Indices: (51, 73, 144) | Local Improvement: 0.00048828125
=================================================================================
=================================================================================
2026-01-30T04:52:13.897 | Step 661 | Particle 95 | GLOBAL BEST ACHIEVED!
Global Improvement: 0.0003515624999999023
All moves in this step:
  Move 1: TRIPLE_SWAP | Indices: (192, 227, 9) | Local Improvement: 0.0003515624999999023
=================================================================================
=================================================================================
2026-01-30T04:52:14.652 | Step 668 | Particle 58 | GLOBAL BEST ACHIEVED!
Global Improvement: 0.0001953125000000444
All moves in this step:
  Move 1: TRIPLE_SWAP | Indices: (235, 209, 215) | Local Improvement: 0.0001953125000000444
=================================================================================
=================================================================================
2026-01-30T04:52:14.849 | Step 670 | Particle 47 | GLOBAL BEST ACHIEVED!
Global Improvement: 0.0002929687499999556
All moves in this step:
  Move 1: TRIPLE_SWAP | Indices: (184, 157, 221) | Local Improvement: 0.0002929687499999556
=================================================================================
=================================================================================
2026-01-30T04:52:20.518 | Step 722 | Particle 5 | GLOBAL BEST ACHIEVED!
Global Improvement: 9.765625000013323e-5
All moves in this step:
  Move 1: TRIPLE_SWAP | Indices: (29, 138, 120) | Local Improvement: 9.765625000013323e-5
=================================================================================
=================================================================================
2026-01-30T04:53:45.386 | Step 1468 | Particle 68 | GLOBAL BEST ACHIEVED!
Global Improvement: 0.0007421874999999911
All moves in this step:
  Move 1: TRIPLE_SWAP | Indices: (88, 68, 144) | Local Improvement: 0.0007421874999999911
=================================================================================
=================================================================================
2026-01-30T04:53:45.481 | Step 1469 | Particle 37 | GLOBAL BEST ACHIEVED!
Global Improvement: 9.765624999991118e-5
All moves in this step:
  Move 1: GUIDED_SWAP_TO_GBEST | Indices: (68, 88) | Local Improvement: 0.0
  Move 2: GUIDED_SWAP_TO_GBEST | Indices: (88, 144) | Local Improvement: 0.0
  Move 3: GUIDED_SWAP_TO_PBEST | Indices: (144, 88) | Local Improvement: 0.0
  Move 4: GUIDED_SWAP_TO_PBEST | Indices: (68, 88) | Local Improvement: 0.0
  Move 5: GUIDED_SWAP_TO_GBEST | Indices: (88, 144) | Local Improvement: 0.0
  Move 6: GUIDED_SWAP_TO_GBEST | Indices: (68, 144) | Local Improvement: 0.0
  Move 7: TRIPLE_SWAP | Indices: (74, 63, 26) | Local Improvement: 9.765624999991118e-5
=================================================================================
=================================================================================
2026-01-30T04:53:47.125 | Step 1484 | Particle 89 | GLOBAL BEST ACHIEVED!
Global Improvement: 0.0009375000000000355
All moves in this step:
  Move 1: TRIPLE_SWAP | Indices: (245, 98, 56) | Local Improvement: 0.0009375000000000355
=================================================================================
=================================================================================
2026-01-30T04:53:52.411 | Step 1532 | Particle 46 | GLOBAL BEST ACHIEVED!
Global Improvement: 9.765624999991118e-5
All moves in this step:
  Move 1: RANDOM_SWAP | Indices: (65, 16) | Local Improvement: 0.0
=================================================================================
=================================================================================
2026-01-30T04:57:57.909 | Step 3690 | Particle 20 | GLOBAL BEST ACHIEVED!
Global Improvement: 0.0008398437500001243
All moves in this step:
  Move 1: TRIPLE_SWAP | Indices: (126, 74, 45) | Local Improvement: 0.0008398437500001243
=================================================================================
=================================================================================
2026-01-30T04:58:26.054 | Step 3936 | Particle 99 | GLOBAL BEST ACHIEVED!
Global Improvement: 9.765624999991118e-5
All moves in this step:
  Move 1: GUIDED_SWAP_TO_GBEST | Indices: (116, 216) | Local Improvement: 0.0
  Move 2: GUIDED_SWAP_TO_GBEST | Indices: (187, 46) | Local Improvement: 0.0
  Move 3: TRIPLE_SWAP | Indices: (131, 28, 159) | Local Improvement: 9.765624999991118e-5
=================================================================================
