# V3: TRIPLE SWAP KAPALI - Ablation Study
# Started on: 2026-01-19T21:43:31.788

=================================================================================
2026-01-19T21:43:31.933 | Step 1 | Particle 2 | GLOBAL BEST!
Global Improvement: 0.002050781250000022
  Move 1: RANDOM_SWAP | Indices: (174, 25)
=================================================================================
=================================================================================
2026-01-19T21:43:31.958 | Step 1 | Particle 21 | GLOBAL BEST!
Global Improvement: 0.0010742187499999112
  Move 1: RANDOM_SWAP | Indices: (115, 93)
=================================================================================
=================================================================================
2026-01-19T21:43:31.974 | Step 1 | Particle 63 | GLOBAL BEST!
Global Improvement: 0.00048828125
  Move 1: RANDOM_SWAP | Indices: (21, 124)
  Move 2: RANDOM_SWAP | Indices: (89, 201)
  Move 3: RANDOM_SWAP | Indices: (6, 242)
  Move 4: RANDOM_SWAP | Indices: (209, 25)
=================================================================================
=================================================================================
2026-01-19T21:43:31.988 | Step 1 | Particle 101 | GLOBAL BEST!
Global Improvement: 0.0017578124999999556
  Move 1: RANDOM_SWAP | Indices: (71, 144)
  Move 2: RANDOM_SWAP | Indices: (216, 99)
  Move 3: RANDOM_SWAP | Indices: (227, 43)
  Move 4: RANDOM_SWAP | Indices: (106, 14)
  Move 5: RANDOM_SWAP | Indices: (235, 102)
=================================================================================
=================================================================================
2026-01-19T21:43:32.249 | Step 2 | Particle 5 | GLOBAL BEST!
Global Improvement: 0.0020507812500001332
  Move 1: GUIDED_SWAP_TO_GBEST | Indices: (106, 14)
  Move 2: GUIDED_SWAP_TO_GBEST | Indices: (102, 235)
  Move 3: GUIDED_SWAP_TO_GBEST | Indices: (99, 216)
  Move 4: GUIDED_SWAP_TO_GBEST | Indices: (43, 227)
  Move 5: GUIDED_SWAP_TO_GBEST | Indices: (144, 71)
  Move 6: GUIDED_SWAP_TO_PBEST | Indices: (99, 216)
  Move 7: GUIDED_SWAP_TO_PBEST | Indices: (102, 235)
  Move 8: GUIDED_SWAP_TO_PBEST | Indices: (227, 43)
  Move 9: GUIDED_SWAP_TO_PBEST | Indices: (106, 14)
  Move 10: GUIDED_SWAP_TO_GBEST | Indices: (102, 235)
  Move 11: GUIDED_SWAP_TO_GBEST | Indices: (216, 99)
  Move 12: GUIDED_SWAP_TO_GBEST | Indices: (14, 106)
  Move 13: RANDOM_SWAP | Indices: (172, 31)
  Move 14: RANDOM_SWAP | Indices: (13, 26)
=================================================================================
=================================================================================
2026-01-19T21:43:32.320 | Step 2 | Particle 191 | GLOBAL BEST!
Global Improvement: 0.0005859374999999112
  Move 1: GUIDED_SWAP_TO_GBEST | Indices: (216, 99)
  Move 2: GUIDED_SWAP_TO_GBEST | Indices: (106, 14)
  Move 3: GUIDED_SWAP_TO_GBEST | Indices: (227, 43)
  Move 4: GUIDED_SWAP_TO_GBEST | Indices: (235, 102)
  Move 5: GUIDED_SWAP_TO_PBEST | Indices: (106, 14)
  Move 6: GUIDED_SWAP_TO_PBEST | Indices: (43, 227)
  Move 7: GUIDED_SWAP_TO_PBEST | Indices: (99, 216)
  Move 8: GUIDED_SWAP_TO_GBEST | Indices: (71, 144)
  Move 9: GUIDED_SWAP_TO_GBEST | Indices: (43, 227)
  Move 10: GUIDED_SWAP_TO_GBEST | Indices: (216, 99)
  Move 11: GUIDED_SWAP_TO_PBEST | Indices: (235, 102)
  Move 12: GUIDED_SWAP_TO_PBEST | Indices: (43, 227)
  Move 13: GUIDED_SWAP_TO_PBEST | Indices: (144, 71)
  Move 14: GUIDED_SWAP_TO_PBEST | Indices: (216, 99)
  Move 15: GUIDED_SWAP_TO_GBEST | Indices: (216, 99)
  Move 16: GUIDED_SWAP_TO_GBEST | Indices: (106, 14)
  Move 17: GUIDED_SWAP_TO_GBEST | Indices: (102, 235)
  Move 18: GUIDED_SWAP_TO_GBEST | Indices: (144, 71)
  Move 19: RANDOM_SWAP | Indices: (126, 171)
  Move 20: RANDOM_SWAP | Indices: (131, 98)
  Move 21: RANDOM_SWAP | Indices: (205, 234)
  Move 22: RANDOM_SWAP | Indices: (77, 64)
=================================================================================
=================================================================================
2026-01-19T21:43:32.616 | Step 3 | Particle 20 | GLOBAL BEST!
Global Improvement: 0.0031250000000000444
  Move 1: GUIDED_SWAP_TO_GBEST | Indices: (171, 126)
  Move 2: GUIDED_SWAP_TO_GBEST | Indices: (77, 64)
  Move 3: GUIDED_SWAP_TO_GBEST | Indices: (98, 131)
  Move 4: GUIDED_SWAP_TO_GBEST | Indices: (234, 205)
  Move 5: GUIDED_SWAP_TO_PBEST | Indices: (205, 234)
  Move 6: GUIDED_SWAP_TO_PBEST | Indices: (64, 77)
  Move 7: GUIDED_SWAP_TO_PBEST | Indices: (171, 126)
  Move 8: GUIDED_SWAP_TO_GBEST | Indices: (205, 234)
  Move 9: GUIDED_SWAP_TO_GBEST | Indices: (171, 126)
  Move 10: GUIDED_SWAP_TO_GBEST | Indices: (64, 77)
  Move 11: RANDOM_SWAP | Indices: (2, 27)
  Move 12: RANDOM_SWAP | Indices: (132, 226)
  Move 13: RANDOM_SWAP | Indices: (180, 157)
  Move 14: RANDOM_SWAP | Indices: (17, 103)
=================================================================================
=================================================================================
2026-01-19T21:43:32.703 | Step 4 | Particle 16 | GLOBAL BEST!
Global Improvement: 0.0001953124999999334
  Move 1: GUIDED_SWAP_TO_GBEST | Indices: (2, 27)
  Move 2: GUIDED_SWAP_TO_GBEST | Indices: (157, 180)
  Move 3: GUIDED_SWAP_TO_GBEST | Indices: (132, 226)
  Move 4: GUIDED_SWAP_TO_GBEST | Indices: (17, 103)
  Move 5: GUIDED_SWAP_TO_PBEST | Indices: (17, 103)
  Move 6: GUIDED_SWAP_TO_PBEST | Indices: (27, 2)
  Move 7: GUIDED_SWAP_TO_PBEST | Indices: (180, 157)
  Move 8: GUIDED_SWAP_TO_PBEST | Indices: (226, 132)
  Move 9: GUIDED_SWAP_TO_GBEST | Indices: (27, 2)
  Move 10: GUIDED_SWAP_TO_GBEST | Indices: (132, 226)
  Move 11: GUIDED_SWAP_TO_GBEST | Indices: (17, 103)
  Move 12: GUIDED_SWAP_TO_GBEST | Indices: (180, 157)
  Move 13: RANDOM_SWAP | Indices: (160, 146)
=================================================================================
=================================================================================
2026-01-19T21:43:32.710 | Step 4 | Particle 32 | GLOBAL BEST!
Global Improvement: 0.0002929687500000666
  Move 1: GUIDED_SWAP_TO_GBEST | Indices: (78, 82)
  Move 2: GUIDED_SWAP_TO_GBEST | Indices: (123, 175)
  Move 3: GUIDED_SWAP_TO_GBEST | Indices: (163, 155)
  Move 4: GUIDED_SWAP_TO_GBEST | Indices: (177, 116)
  Move 5: GUIDED_SWAP_TO_GBEST | Indices: (27, 2)
  Move 6: GUIDED_SWAP_TO_PBEST | Indices: (116, 177)
  Move 7: GUIDED_SWAP_TO_PBEST | Indices: (2, 27)
  Move 8: GUIDED_SWAP_TO_PBEST | Indices: (155, 163)
  Move 9: GUIDED_SWAP_TO_PBEST | Indices: (78, 82)
  Move 10: GUIDED_SWAP_TO_GBEST | Indices: (180, 157)
  Move 11: GUIDED_SWAP_TO_GBEST | Indices: (163, 155)
  Move 12: GUIDED_SWAP_TO_GBEST | Indices: (82, 78)
  Move 13: GUIDED_SWAP_TO_GBEST | Indices: (177, 116)
  Move 14: GUIDED_SWAP_TO_GBEST | Indices: (132, 226)
  Move 15: GUIDED_SWAP_TO_PBEST | Indices: (177, 116)
  Move 16: GUIDED_SWAP_TO_PBEST | Indices: (82, 78)
  Move 17: GUIDED_SWAP_TO_PBEST | Indices: (163, 155)
  Move 18: GUIDED_SWAP_TO_PBEST | Indices: (226, 132)
  Move 19: GUIDED_SWAP_TO_GBEST | Indices: (27, 2)
  Move 20: GUIDED_SWAP_TO_GBEST | Indices: (116, 177)
  Move 21: GUIDED_SWAP_TO_GBEST | Indices: (17, 103)
  Move 22: GUIDED_SWAP_TO_GBEST | Indices: (132, 226)
  Move 23: RANDOM_SWAP | Indices: (119, 243)
=================================================================================
=================================================================================
2026-01-19T21:43:32.717 | Step 4 | Particle 52 | GLOBAL BEST!
Global Improvement: 0.0001953125000000444
  Move 1: GUIDED_SWAP_TO_GBEST | Indices: (180, 157)
  Move 2: GUIDED_SWAP_TO_GBEST | Indices: (65, 44)
  Move 3: GUIDED_SWAP_TO_GBEST | Indices: (177, 178)
  Move 4: GUIDED_SWAP_TO_GBEST | Indices: (171, 126)
  Move 5: GUIDED_SWAP_TO_GBEST | Indices: (2, 27)
  Move 6: GUIDED_SWAP_TO_PBEST | Indices: (2, 27)
  Move 7: GUIDED_SWAP_TO_PBEST | Indices: (171, 126)
  Move 8: GUIDED_SWAP_TO_PBEST | Indices: (157, 180)
  Move 9: GUIDED_SWAP_TO_PBEST | Indices: (178, 177)
  Move 10: GUIDED_SWAP_TO_GBEST | Indices: (103, 17)
  Move 11: GUIDED_SWAP_TO_GBEST | Indices: (27, 2)
  Move 12: GUIDED_SWAP_TO_GBEST | Indices: (180, 157)
  Move 13: GUIDED_SWAP_TO_GBEST | Indices: (171, 126)
  Move 14: GUIDED_SWAP_TO_PBEST | Indices: (44, 65)
  Move 15: GUIDED_SWAP_TO_PBEST | Indices: (157, 180)
  Move 16: GUIDED_SWAP_TO_PBEST | Indices: (171, 126)
  Move 17: GUIDED_SWAP_TO_GBEST | Indices: (180, 157)
  Move 18: GUIDED_SWAP_TO_GBEST | Indices: (132, 226)
  Move 19: GUIDED_SWAP_TO_GBEST | Indices: (177, 178)
  Move 20: RANDOM_SWAP | Indices: (54, 133)
  Move 21: RANDOM_SWAP | Indices: (199, 157)
=================================================================================
=================================================================================
2026-01-19T21:43:32.725 | Step 4 | Particle 73 | GLOBAL BEST!
Global Improvement: 0.0007812499999999556
  Move 1: GUIDED_SWAP_TO_PBEST | Indices: (238, 80)
  Move 2: GUIDED_SWAP_TO_PBEST | Indices: (227, 43)
  Move 3: GUIDED_SWAP_TO_PBEST | Indices: (131, 98)
  Move 4: GUIDED_SWAP_TO_PBEST | Indices: (195, 81)
  Move 5: GUIDED_SWAP_TO_PBEST | Indices: (99, 216)
  Move 6: GUIDED_SWAP_TO_GBEST | Indices: (216, 99)
  Move 7: GUIDED_SWAP_TO_GBEST | Indices: (126, 171)
  Move 8: GUIDED_SWAP_TO_GBEST | Indices: (27, 2)
  Move 9: GUIDED_SWAP_TO_GBEST | Indices: (132, 226)
  Move 10: GUIDED_SWAP_TO_GBEST | Indices: (227, 43)
  Move 11: GUIDED_SWAP_TO_PBEST | Indices: (99, 216)
  Move 12: GUIDED_SWAP_TO_PBEST | Indices: (226, 132)
  Move 13: GUIDED_SWAP_TO_PBEST | Indices: (126, 171)
  Move 14: GUIDED_SWAP_TO_PBEST | Indices: (234, 205)
  Move 15: GUIDED_SWAP_TO_GBEST | Indices: (7, 2)
  Move 16: GUIDED_SWAP_TO_GBEST | Indices: (226, 132)
  Move 17: GUIDED_SWAP_TO_GBEST | Indices: (77, 64)
  Move 18: GUIDED_SWAP_TO_GBEST | Indices: (216, 99)
  Move 19: GUIDED_SWAP_TO_GBEST | Indices: (205, 234)
  Move 20: GUIDED_SWAP_TO_GBEST | Indices: (171, 126)
  Move 21: GUIDED_SWAP_TO_GBEST | Indices: (17, 103)
  Move 22: RANDOM_SWAP | Indices: (179, 96)
  Move 23: RANDOM_SWAP | Indices: (103, 160)
  Move 24: RANDOM_SWAP | Indices: (230, 92)
=================================================================================
=================================================================================
2026-01-19T21:43:32.738 | Step 4 | Particle 103 | GLOBAL BEST!
Global Improvement: 9.765624999991118e-5
  Move 1: GUIDED_SWAP_TO_GBEST | Indices: (157, 180)
  Move 2: GUIDED_SWAP_TO_GBEST | Indices: (2, 27)
  Move 3: GUIDED_SWAP_TO_GBEST | Indices: (226, 132)
  Move 4: GUIDED_SWAP_TO_GBEST | Indices: (103, 17)
  Move 5: GUIDED_SWAP_TO_GBEST | Indices: (64, 77)
  Move 6: GUIDED_SWAP_TO_GBEST | Indices: (22, 128)
  Move 7: GUIDED_SWAP_TO_GBEST | Indices: (159, 38)
=================================================================================
=================================================================================
2026-01-19T21:43:32.798 | Step 5 | Particle 54 | GLOBAL BEST!
Global Improvement: 0.0011718750000000444
  Move 1: GUIDED_SWAP_TO_GBEST | Indices: (134, 38)
  Move 2: GUIDED_SWAP_TO_GBEST | Indices: (103, 17)
  Move 3: GUIDED_SWAP_TO_GBEST | Indices: (143, 223)
  Move 4: GUIDED_SWAP_TO_GBEST | Indices: (2, 27)
  Move 5: GUIDED_SWAP_TO_PBEST | Indices: (103, 17)
  Move 6: GUIDED_SWAP_TO_PBEST | Indices: (134, 38)
  Move 7: GUIDED_SWAP_TO_PBEST | Indices: (143, 223)
  Move 8: GUIDED_SWAP_TO_PBEST | Indices: (2, 27)
  Move 9: GUIDED_SWAP_TO_GBEST | Indices: (223, 143)
  Move 10: GUIDED_SWAP_TO_GBEST | Indices: (131, 235)
  Move 11: GUIDED_SWAP_TO_GBEST | Indices: (17, 103)
  Move 12: GUIDED_SWAP_TO_GBEST | Indices: (43, 24)
  Move 13: GUIDED_SWAP_TO_GBEST | Indices: (27, 2)
  Move 14: GUIDED_SWAP_TO_PBEST | Indices: (223, 143)
  Move 15: GUIDED_SWAP_TO_PBEST | Indices: (2, 27)
  Move 16: GUIDED_SWAP_TO_PBEST | Indices: (131, 235)
  Move 17: GUIDED_SWAP_TO_PBEST | Indices: (43, 24)
  Move 18: GUIDED_SWAP_TO_GBEST | Indices: (24, 43)
  Move 19: GUIDED_SWAP_TO_GBEST | Indices: (131, 235)
  Move 20: GUIDED_SWAP_TO_GBEST | Indices: (27, 2)
  Move 21: GUIDED_SWAP_TO_GBEST | Indices: (124, 33)
  Move 22: GUIDED_SWAP_TO_GBEST | Indices: (134, 38)
=================================================================================
=================================================================================
2026-01-19T21:43:32.802 | Step 5 | Particle 65 | GLOBAL BEST!
Global Improvement: 0.0005859375000000222
  Move 1: GUIDED_SWAP_TO_GBEST | Indices: (107, 138)
  Move 2: GUIDED_SWAP_TO_GBEST | Indices: (33, 124)
  Move 3: GUIDED_SWAP_TO_PBEST | Indices: (107, 138)
  Move 4: GUIDED_SWAP_TO_PBEST | Indices: (124, 33)
  Move 5: GUIDED_SWAP_TO_GBEST | Indices: (107, 138)
  Move 6: GUIDED_SWAP_TO_GBEST | Indices: (33, 124)
  Move 7: GUIDED_SWAP_TO_PBEST | Indices: (33, 124)
  Move 8: GUIDED_SWAP_TO_PBEST | Indices: (138, 107)
  Move 9: GUIDED_SWAP_TO_GBEST | Indices: (138, 107)
  Move 10: GUIDED_SWAP_TO_GBEST | Indices: (124, 33)
  Move 11: RANDOM_SWAP | Indices: (31, 250)
=================================================================================
=================================================================================
2026-01-19T21:43:32.836 | Step 5 | Particle 153 | GLOBAL BEST!
Global Improvement: 0.0008789062499999778
  Move 1: GUIDED_SWAP_TO_GBEST | Indices: (124, 33)
  Move 2: GUIDED_SWAP_TO_PBEST | Indices: (124, 33)
  Move 3: GUIDED_SWAP_TO_GBEST | Indices: (33, 124)
  Move 4: GUIDED_SWAP_TO_PBEST | Indices: (124, 33)
  Move 5: GUIDED_SWAP_TO_GBEST | Indices: (124, 33)
  Move 6: RANDOM_SWAP | Indices: (239, 29)
=================================================================================
=================================================================================
2026-01-19T21:43:32.937 | Step 7 | Particle 5 | GLOBAL BEST!
Global Improvement: 9.76562500000222e-5
  Move 1: GUIDED_SWAP_TO_PBEST | Indices: (29, 239)
  Move 2: GUIDED_SWAP_TO_PBEST | Indices: (223, 178)
  Move 3: GUIDED_SWAP_TO_PBEST | Indices: (63, 140)
  Move 4: GUIDED_SWAP_TO_PBEST | Indices: (26, 13)
  Move 5: GUIDED_SWAP_TO_PBEST | Indices: (239, 99)
  Move 6: GUIDED_SWAP_TO_PBEST | Indices: (131, 98)
  Move 7: GUIDED_SWAP_TO_PBEST | Indices: (64, 77)
  Move 8: GUIDED_SWAP_TO_PBEST | Indices: (136, 160)
  Move 9: GUIDED_SWAP_TO_PBEST | Indices: (103, 17)
  Move 10: GUIDED_SWAP_TO_GBEST | Indices: (98, 131)
  Move 11: GUIDED_SWAP_TO_GBEST | Indices: (13, 26)
  Move 12: GUIDED_SWAP_TO_GBEST | Indices: (25, 86)
  Move 13: GUIDED_SWAP_TO_GBEST | Indices: (171, 126)
  Move 14: GUIDED_SWAP_TO_GBEST | Indices: (174, 223)
  Move 15: GUIDED_SWAP_TO_GBEST | Indices: (17, 103)
  Move 16: GUIDED_SWAP_TO_GBEST | Indices: (64, 77)
  Move 17: GUIDED_SWAP_TO_GBEST | Indices: (14, 197)
  Move 18: GUIDED_SWAP_TO_GBEST | Indices: (29, 239)
=================================================================================
=================================================================================
2026-01-19T21:43:32.941 | Step 7 | Particle 16 | GLOBAL BEST!
Global Improvement: 0.0001953124999999334
  Move 1: GUIDED_SWAP_TO_GBEST | Indices: (86, 25)
  Move 2: GUIDED_SWAP_TO_GBEST | Indices: (223, 174)
  Move 3: GUIDED_SWAP_TO_GBEST | Indices: (197, 9)
  Move 4: GUIDED_SWAP_TO_PBEST | Indices: (223, 174)
  Move 5: GUIDED_SWAP_TO_PBEST | Indices: (25, 86)
  Move 6: GUIDED_SWAP_TO_PBEST | Indices: (9, 197)
  Move 7: GUIDED_SWAP_TO_GBEST | Indices: (174, 223)
  Move 8: GUIDED_SWAP_TO_GBEST | Indices: (197, 9)
  Move 9: GUIDED_SWAP_TO_GBEST | Indices: (25, 86)
  Move 10: RANDOM_SWAP | Indices: (225, 107)
=================================================================================
=================================================================================
2026-01-19T21:43:33.016 | Step 8 | Particle 8 | GLOBAL BEST!
Global Improvement: 0.00048828125
  Move 1: GUIDED_SWAP_TO_GBEST | Indices: (86, 25)
  Move 2: GUIDED_SWAP_TO_GBEST | Indices: (9, 197)
  Move 3: GUIDED_SWAP_TO_GBEST | Indices: (174, 223)
  Move 4: GUIDED_SWAP_TO_PBEST | Indices: (223, 174)
  Move 5: GUIDED_SWAP_TO_PBEST | Indices: (197, 9)
  Move 6: GUIDED_SWAP_TO_PBEST | Indices: (86, 25)
  Move 7: GUIDED_SWAP_TO_GBEST | Indices: (197, 9)
  Move 8: GUIDED_SWAP_TO_GBEST | Indices: (225, 107)
  Move 9: GUIDED_SWAP_TO_GBEST | Indices: (223, 174)
=================================================================================
=================================================================================
2026-01-19T21:43:33.018 | Step 8 | Particle 14 | GLOBAL BEST!
Global Improvement: 0.0011718750000000444
  Move 1: GUIDED_SWAP_TO_GBEST | Indices: (242, 105)
  Move 2: GUIDED_SWAP_TO_GBEST | Indices: (225, 107)
  Move 3: GUIDED_SWAP_TO_PBEST | Indices: (242, 105)
  Move 4: GUIDED_SWAP_TO_PBEST | Indices: (225, 107)
  Move 5: GUIDED_SWAP_TO_GBEST | Indices: (225, 107)
  Move 6: GUIDED_SWAP_TO_GBEST | Indices: (105, 242)
  Move 7: RANDOM_SWAP | Indices: (19, 142)
  Move 8: RANDOM_SWAP | Indices: (7, 207)
  Move 9: RANDOM_SWAP | Indices: (168, 196)
  Move 10: RANDOM_SWAP | Indices: (186, 94)
=================================================================================
=================================================================================
2026-01-19T21:43:33.117 | Step 9 | Particle 57 | GLOBAL BEST!
Global Improvement: 0.0005859375000000222
  Move 1: GUIDED_SWAP_TO_GBEST | Indices: (196, 168)
  Move 2: GUIDED_SWAP_TO_GBEST | Indices: (186, 94)
  Move 3: GUIDED_SWAP_TO_GBEST | Indices: (142, 19)
  Move 4: GUIDED_SWAP_TO_GBEST | Indices: (166, 248)
  Move 5: GUIDED_SWAP_TO_GBEST | Indices: (207, 7)
  Move 6: GUIDED_SWAP_TO_PBEST | Indices: (186, 94)
  Move 7: GUIDED_SWAP_TO_PBEST | Indices: (142, 19)
  Move 8: GUIDED_SWAP_TO_PBEST | Indices: (207, 7)
  Move 9: GUIDED_SWAP_TO_GBEST | Indices: (38, 168)
  Move 10: GUIDED_SWAP_TO_GBEST | Indices: (186, 94)
  Move 11: GUIDED_SWAP_TO_GBEST | Indices: (189, 100)
  Move 12: GUIDED_SWAP_TO_GBEST | Indices: (19, 142)
  Move 13: GUIDED_SWAP_TO_PBEST | Indices: (166, 248)
  Move 14: GUIDED_SWAP_TO_PBEST | Indices: (196, 38)
  Move 15: GUIDED_SWAP_TO_PBEST | Indices: (38, 168)
  Move 16: GUIDED_SWAP_TO_PBEST | Indices: (94, 186)
  Move 17: GUIDED_SWAP_TO_GBEST | Indices: (7, 207)
  Move 18: GUIDED_SWAP_TO_GBEST | Indices: (196, 168)
  Move 19: GUIDED_SWAP_TO_GBEST | Indices: (186, 94)
  Move 20: GUIDED_SWAP_TO_GBEST | Indices: (228, 143)
=================================================================================
=================================================================================
2026-01-19T21:43:33.129 | Step 9 | Particle 86 | GLOBAL BEST!
Global Improvement: 0.0005859375000000222
  Move 1: GUIDED_SWAP_TO_PBEST | Indices: (225, 107)
  Move 2: GUIDED_SWAP_TO_PBEST | Indices: (144, 96)
  Move 3: GUIDED_SWAP_TO_PBEST | Indices: (25, 86)
  Move 4: GUIDED_SWAP_TO_PBEST | Indices: (91, 117)
  Move 5: GUIDED_SWAP_TO_PBEST | Indices: (207, 109)
  Move 6: GUIDED_SWAP_TO_GBEST | Indices: (225, 107)
  Move 7: GUIDED_SWAP_TO_GBEST | Indices: (19, 142)
  Move 8: GUIDED_SWAP_TO_GBEST | Indices: (17, 110)
  Move 9: GUIDED_SWAP_TO_GBEST | Indices: (94, 186)
  Move 10: GUIDED_SWAP_TO_GBEST | Indices: (86, 25)
  Move 11: GUIDED_SWAP_TO_PBEST | Indices: (225, 107)
  Move 12: GUIDED_SWAP_TO_PBEST | Indices: (94, 186)
  Move 13: GUIDED_SWAP_TO_PBEST | Indices: (235, 239)
  Move 14: GUIDED_SWAP_TO_PBEST | Indices: (25, 86)
  Move 15: GUIDED_SWAP_TO_GBEST | Indices: (196, 168)
  Move 16: GUIDED_SWAP_TO_GBEST | Indices: (25, 86)
  Move 17: GUIDED_SWAP_TO_GBEST | Indices: (7, 207)
  Move 18: GUIDED_SWAP_TO_GBEST | Indices: (225, 107)
  Move 19: GUIDED_SWAP_TO_PBEST | Indices: (9, 197)
  Move 20: GUIDED_SWAP_TO_PBEST | Indices: (142, 19)
  Move 21: GUIDED_SWAP_TO_PBEST | Indices: (86, 25)
  Move 22: GUIDED_SWAP_TO_PBEST | Indices: (168, 196)
  Move 23: GUIDED_SWAP_TO_GBEST | Indices: (197, 9)
  Move 24: GUIDED_SWAP_TO_GBEST | Indices: (196, 168)
  Move 25: GUIDED_SWAP_TO_GBEST | Indices: (142, 19)
  Move 26: GUIDED_SWAP_TO_GBEST | Indices: (186, 94)
=================================================================================
=================================================================================
2026-01-19T21:43:33.916 | Step 11 | Particle 11 | GLOBAL BEST!
Global Improvement: 0.0002929687499999556
  Move 1: GUIDED_SWAP_TO_GBEST | Indices: (168, 196)
  Move 2: RANDOM_SWAP | Indices: (111, 60)
  Move 3: RANDOM_SWAP | Indices: (252, 94)
  Move 4: RANDOM_SWAP | Indices: (36, 165)
=================================================================================
=================================================================================
2026-01-19T21:43:33.956 | Step 11 | Particle 115 | GLOBAL BEST!
Global Improvement: 9.76562500000222e-5
  Move 1: GUIDED_SWAP_TO_PBEST | Indices: (131, 141)
  Move 2: GUIDED_SWAP_TO_PBEST | Indices: (86, 25)
  Move 3: GUIDED_SWAP_TO_PBEST | Indices: (13, 153)
  Move 4: GUIDED_SWAP_TO_GBEST | Indices: (25, 86)
  Move 5: GUIDED_SWAP_TO_PBEST | Indices: (25, 86)
  Move 6: GUIDED_SWAP_TO_GBEST | Indices: (25, 86)
  Move 7: RANDOM_SWAP | Indices: (193, 12)
  Move 8: RANDOM_SWAP | Indices: (205, 151)
  Move 9: RANDOM_SWAP | Indices: (173, 194)
  Move 10: RANDOM_SWAP | Indices: (49, 198)
  Move 11: RANDOM_SWAP | Indices: (179, 58)
=================================================================================
=================================================================================
2026-01-19T21:43:33.993 | Step 12 | Particle 2 | GLOBAL BEST!
Global Improvement: 0.0003906249999999778
  Move 1: GUIDED_SWAP_TO_GBEST | Indices: (173, 194)
  Move 2: GUIDED_SWAP_TO_GBEST | Indices: (179, 58)
  Move 3: GUIDED_SWAP_TO_GBEST | Indices: (49, 198)
  Move 4: GUIDED_SWAP_TO_PBEST | Indices: (49, 198)
  Move 5: GUIDED_SWAP_TO_PBEST | Indices: (179, 58)
  Move 6: GUIDED_SWAP_TO_PBEST | Indices: (173, 194)
  Move 7: GUIDED_SWAP_TO_GBEST | Indices: (173, 194)
  Move 8: GUIDED_SWAP_TO_GBEST | Indices: (151, 205)
  Move 9: GUIDED_SWAP_TO_GBEST | Indices: (193, 12)
=================================================================================
=================================================================================
2026-01-19T21:43:33.994 | Step 12 | Particle 4 | GLOBAL BEST!
Global Improvement: 0.0001953125000000444
  Move 1: GUIDED_SWAP_TO_GBEST | Indices: (193, 12)
  Move 2: GUIDED_SWAP_TO_GBEST | Indices: (198, 49)
  Move 3: GUIDED_SWAP_TO_GBEST | Indices: (151, 205)
  Move 4: GUIDED_SWAP_TO_PBEST | Indices: (205, 151)
  Move 5: GUIDED_SWAP_TO_PBEST | Indices: (193, 12)
  Move 6: GUIDED_SWAP_TO_PBEST | Indices: (49, 198)
  Move 7: GUIDED_SWAP_TO_GBEST | Indices: (198, 49)
  Move 8: GUIDED_SWAP_TO_GBEST | Indices: (58, 179)
  Move 9: GUIDED_SWAP_TO_GBEST | Indices: (193, 12)
  Move 10: GUIDED_SWAP_TO_GBEST | Indices: (205, 151)
  Move 11: GUIDED_SWAP_TO_PBEST | Indices: (151, 205)
  Move 12: GUIDED_SWAP_TO_PBEST | Indices: (198, 49)
  Move 13: GUIDED_SWAP_TO_PBEST | Indices: (179, 58)
  Move 14: GUIDED_SWAP_TO_PBEST | Indices: (12, 193)
  Move 15: GUIDED_SWAP_TO_GBEST | Indices: (151, 205)
  Move 16: GUIDED_SWAP_TO_GBEST | Indices: (58, 179)
  Move 17: GUIDED_SWAP_TO_GBEST | Indices: (198, 49)
  Move 18: GUIDED_SWAP_TO_GBEST | Indices: (193, 12)
  Move 19: GUIDED_SWAP_TO_GBEST | Indices: (194, 173)
  Move 20: RANDOM_SWAP | Indices: (73, 250)
=================================================================================
=================================================================================
2026-01-19T21:43:34.135 | Step 13 | Particle 74 | GLOBAL BEST!
Global Improvement: 9.765624999991118e-5
  Move 1: GUIDED_SWAP_TO_PBEST | Indices: (49, 198)
  Move 2: GUIDED_SWAP_TO_PBEST | Indices: (58, 179)
  Move 3: GUIDED_SWAP_TO_PBEST | Indices: (151, 205)
  Move 4: GUIDED_SWAP_TO_GBEST | Indices: (173, 194)
  Move 5: GUIDED_SWAP_TO_GBEST | Indices: (49, 198)
  Move 6: GUIDED_SWAP_TO_GBEST | Indices: (12, 193)
  Move 7: GUIDED_SWAP_TO_GBEST | Indices: (151, 205)
  Move 8: GUIDED_SWAP_TO_PBEST | Indices: (49, 198)
  Move 9: GUIDED_SWAP_TO_PBEST | Indices: (205, 151)
  Move 10: GUIDED_SWAP_TO_PBEST | Indices: (194, 173)
  Move 11: GUIDED_SWAP_TO_PBEST | Indices: (193, 12)
  Move 12: GUIDED_SWAP_TO_GBEST | Indices: (205, 151)
  Move 13: GUIDED_SWAP_TO_GBEST | Indices: (194, 173)
  Move 14: GUIDED_SWAP_TO_GBEST | Indices: (193, 12)
  Move 15: GUIDED_SWAP_TO_GBEST | Indices: (58, 179)
  Move 16: GUIDED_SWAP_TO_GBEST | Indices: (73, 250)
=================================================================================
=================================================================================
2026-01-19T21:43:34.242 | Step 14 | Particle 91 | GLOBAL BEST!
Global Improvement: 0.000488281250000111
  Move 1: GUIDED_SWAP_TO_GBEST | Indices: (203, 195)
  Move 2: GUIDED_SWAP_TO_GBEST | Indices: (198, 49)
  Move 3: GUIDED_SWAP_TO_GBEST | Indices: (214, 224)
  Move 4: GUIDED_SWAP_TO_PBEST | Indices: (224, 214)
  Move 5: GUIDED_SWAP_TO_PBEST | Indices: (195, 203)
  Move 6: GUIDED_SWAP_TO_PBEST | Indices: (49, 198)
  Move 7: GUIDED_SWAP_TO_GBEST | Indices: (49, 198)
  Move 8: GUIDED_SWAP_TO_GBEST | Indices: (214, 224)
  Move 9: GUIDED_SWAP_TO_GBEST | Indices: (195, 203)
  Move 10: GUIDED_SWAP_TO_PBEST | Indices: (198, 49)
  Move 11: GUIDED_SWAP_TO_PBEST | Indices: (195, 203)
  Move 12: GUIDED_SWAP_TO_PBEST | Indices: (214, 224)
  Move 13: GUIDED_SWAP_TO_GBEST | Indices: (203, 195)
  Move 14: GUIDED_SWAP_TO_GBEST | Indices: (198, 49)
  Move 15: GUIDED_SWAP_TO_GBEST | Indices: (224, 214)
  Move 16: RANDOM_SWAP | Indices: (222, 50)
=================================================================================
=================================================================================
2026-01-19T21:43:34.563 | Step 15 | Particle 81 | GLOBAL BEST!
Global Improvement: 0.0008789062499999778
  Move 1: GUIDED_SWAP_TO_PBEST | Indices: (31, 144)
  Move 2: GUIDED_SWAP_TO_PBEST | Indices: (36, 89)
  Move 3: GUIDED_SWAP_TO_PBEST | Indices: (115, 164)
  Move 4: GUIDED_SWAP_TO_PBEST | Indices: (193, 224)
  Move 5: GUIDED_SWAP_TO_GBEST | Indices: (50, 222)
  Move 6: GUIDED_SWAP_TO_GBEST | Indices: (224, 193)
  Move 7: GUIDED_SWAP_TO_PBEST | Indices: (140, 98)
  Move 8: GUIDED_SWAP_TO_PBEST | Indices: (193, 224)
  Move 9: GUIDED_SWAP_TO_PBEST | Indices: (198, 49)
  Move 10: GUIDED_SWAP_TO_GBEST | Indices: (224, 193)
  Move 11: GUIDED_SWAP_TO_GBEST | Indices: (49, 198)
  Move 12: GUIDED_SWAP_TO_GBEST | Indices: (98, 140)
  Move 13: GUIDED_SWAP_TO_PBEST | Indices: (224, 193)
  Move 14: GUIDED_SWAP_TO_PBEST | Indices: (50, 222)
  Move 15: GUIDED_SWAP_TO_PBEST | Indices: (98, 140)
  Move 16: GUIDED_SWAP_TO_PBEST | Indices: (49, 198)
  Move 17: GUIDED_SWAP_TO_GBEST | Indices: (193, 224)
  Move 18: GUIDED_SWAP_TO_GBEST | Indices: (198, 49)
  Move 19: GUIDED_SWAP_TO_GBEST | Indices: (222, 50)
=================================================================================
=================================================================================
2026-01-19T21:43:35.156 | Step 16 | Particle 89 | GLOBAL BEST!
Global Improvement: 0.0002929687499999556
  Move 1: GUIDED_SWAP_TO_GBEST | Indices: (98, 140)
  Move 2: GUIDED_SWAP_TO_PBEST | Indices: (98, 140)
  Move 3: GUIDED_SWAP_TO_GBEST | Indices: (140, 98)
  Move 4: RANDOM_SWAP | Indices: (59, 124)
=================================================================================
=================================================================================
2026-01-19T21:43:35.381 | Step 19 | Particle 58 | GLOBAL BEST!
Global Improvement: 0.00048828125
  Move 1: RANDOM_SWAP | Indices: (42, 251)
  Move 2: RANDOM_SWAP | Indices: (93, 240)
  Move 3: RANDOM_SWAP | Indices: (21, 148)
=================================================================================
=================================================================================
2026-01-19T21:43:35.510 | Step 20 | Particle 168 | GLOBAL BEST!
Global Improvement: 9.76562500000222e-5
  Move 1: GUIDED_SWAP_TO_GBEST | Indices: (66, 39)
  Move 2: GUIDED_SWAP_TO_GBEST | Indices: (93, 240)
  Move 3: GUIDED_SWAP_TO_GBEST | Indices: (212, 46)
  Move 4: GUIDED_SWAP_TO_GBEST | Indices: (42, 251)
  Move 5: GUIDED_SWAP_TO_PBEST | Indices: (222, 50)
  Move 6: GUIDED_SWAP_TO_PBEST | Indices: (59, 124)
  Move 7: GUIDED_SWAP_TO_PBEST | Indices: (93, 240)
  Move 8: GUIDED_SWAP_TO_PBEST | Indices: (251, 42)
  Move 9: GUIDED_SWAP_TO_GBEST | Indices: (59, 124)
  Move 10: GUIDED_SWAP_TO_GBEST | Indices: (251, 42)
  Move 11: GUIDED_SWAP_TO_GBEST | Indices: (148, 21)
  Move 12: GUIDED_SWAP_TO_GBEST | Indices: (240, 93)
  Move 13: GUIDED_SWAP_TO_PBEST | Indices: (240, 93)
  Move 14: GUIDED_SWAP_TO_PBEST | Indices: (59, 124)
  Move 15: GUIDED_SWAP_TO_PBEST | Indices: (42, 251)
  Move 16: GUIDED_SWAP_TO_GBEST | Indices: (50, 222)
  Move 17: GUIDED_SWAP_TO_GBEST | Indices: (59, 124)
  Move 18: GUIDED_SWAP_TO_GBEST | Indices: (42, 251)
=================================================================================
=================================================================================
2026-01-19T21:43:36.097 | Step 25 | Particle 187 | GLOBAL BEST!
Global Improvement: 9.76562500000222e-5
  Move 1: RANDOM_SWAP | Indices: (239, 193)
=================================================================================
=================================================================================
2026-01-19T21:43:36.395 | Step 29 | Particle 158 | GLOBAL BEST!
Global Improvement: 0.0006835937500000444
  Move 1: RANDOM_SWAP | Indices: (27, 60)
=================================================================================
=================================================================================
2026-01-19T21:43:36.508 | Step 31 | Particle 43 | GLOBAL BEST!
Global Improvement: 9.765624999991118e-5
  Move 1: GUIDED_SWAP_TO_PBEST | Indices: (27, 60)
  Move 2: GUIDED_SWAP_TO_PBEST | Indices: (60, 66)
  Move 3: GUIDED_SWAP_TO_GBEST | Indices: (60, 27)
  Move 4: GUIDED_SWAP_TO_PBEST | Indices: (60, 27)
  Move 5: GUIDED_SWAP_TO_GBEST | Indices: (27, 60)
  Move 6: GUIDED_SWAP_TO_PBEST | Indices: (27, 60)
  Move 7: GUIDED_SWAP_TO_GBEST | Indices: (27, 60)
  Move 8: RANDOM_SWAP | Indices: (34, 33)
=================================================================================
=================================================================================
2026-01-19T21:43:41.907 | Step 78 | Particle 145 | GLOBAL BEST!
Global Improvement: 0.0007812499999999556
  Move 1: GUIDED_SWAP_TO_PBEST | Indices: (125, 176)
  Move 2: GUIDED_SWAP_TO_PBEST | Indices: (255, 253)
  Move 3: GUIDED_SWAP_TO_PBEST | Indices: (6, 23)
  Move 4: GUIDED_SWAP_TO_PBEST | Indices: (13, 63)
  Move 5: RANDOM_SWAP | Indices: (51, 108)
=================================================================================
=================================================================================
2026-01-19T21:43:41.997 | Step 79 | Particle 177 | GLOBAL BEST!
Global Improvement: 0.0012695312500000666
  Move 1: GUIDED_SWAP_TO_GBEST | Indices: (108, 51)
  Move 2: GUIDED_SWAP_TO_PBEST | Indices: (108, 51)
  Move 3: GUIDED_SWAP_TO_GBEST | Indices: (108, 51)
  Move 4: RANDOM_SWAP | Indices: (201, 121)
  Move 5: RANDOM_SWAP | Indices: (134, 203)
  Move 6: RANDOM_SWAP | Indices: (222, 195)
=================================================================================
=================================================================================
2026-01-19T21:43:42.051 | Step 80 | Particle 112 | GLOBAL BEST!
Global Improvement: 0.0001953125000000444
  Move 1: GUIDED_SWAP_TO_PBEST | Indices: (108, 51)
  Move 2: GUIDED_SWAP_TO_PBEST | Indices: (49, 62)
  Move 3: GUIDED_SWAP_TO_GBEST | Indices: (108, 51)
  Move 4: GUIDED_SWAP_TO_GBEST | Indices: (134, 203)
  Move 5: GUIDED_SWAP_TO_GBEST | Indices: (222, 195)
  Move 6: GUIDED_SWAP_TO_GBEST | Indices: (121, 201)
  Move 7: GUIDED_SWAP_TO_PBEST | Indices: (201, 121)
  Move 8: GUIDED_SWAP_TO_PBEST | Indices: (134, 203)
  Move 9: GUIDED_SWAP_TO_PBEST | Indices: (51, 108)
  Move 10: GUIDED_SWAP_TO_GBEST | Indices: (134, 203)
  Move 11: GUIDED_SWAP_TO_GBEST | Indices: (108, 51)
  Move 12: GUIDED_SWAP_TO_GBEST | Indices: (201, 121)
  Move 13: GUIDED_SWAP_TO_PBEST | Indices: (134, 203)
  Move 14: GUIDED_SWAP_TO_PBEST | Indices: (121, 201)
  Move 15: GUIDED_SWAP_TO_PBEST | Indices: (108, 51)
  Move 16: GUIDED_SWAP_TO_PBEST | Indices: (222, 195)
  Move 17: GUIDED_SWAP_TO_GBEST | Indices: (121, 201)
  Move 18: GUIDED_SWAP_TO_GBEST | Indices: (108, 51)
  Move 19: GUIDED_SWAP_TO_GBEST | Indices: (222, 195)
  Move 20: GUIDED_SWAP_TO_GBEST | Indices: (134, 203)
  Move 21: RANDOM_SWAP | Indices: (193, 30)
=================================================================================
=================================================================================
2026-01-19T21:43:42.073 | Step 80 | Particle 168 | GLOBAL BEST!
Global Improvement: 0.0007812499999999556
  Move 1: GUIDED_SWAP_TO_GBEST | Indices: (121, 201)
  Move 2: GUIDED_SWAP_TO_GBEST | Indices: (203, 134)
  Move 3: GUIDED_SWAP_TO_GBEST | Indices: (222, 54)
  Move 4: GUIDED_SWAP_TO_GBEST | Indices: (59, 44)
  Move 5: GUIDED_SWAP_TO_PBEST | Indices: (117, 124)
  Move 6: GUIDED_SWAP_TO_PBEST | Indices: (134, 203)
  Move 7: GUIDED_SWAP_TO_PBEST | Indices: (121, 201)
  Move 8: GUIDED_SWAP_TO_PBEST | Indices: (195, 222)
  Move 9: GUIDED_SWAP_TO_GBEST | Indices: (203, 134)
  Move 10: GUIDED_SWAP_TO_GBEST | Indices: (195, 54)
  Move 11: GUIDED_SWAP_TO_GBEST | Indices: (161, 90)
  Move 12: GUIDED_SWAP_TO_GBEST | Indices: (201, 121)
=================================================================================
=================================================================================
2026-01-19T21:43:42.234 | Step 82 | Particle 177 | GLOBAL BEST!
Global Improvement: 0.0003906249999999778
  Move 1: RANDOM_SWAP | Indices: (127, 250)
=================================================================================
=================================================================================
2026-01-19T21:43:42.418 | Step 84 | Particle 123 | GLOBAL BEST!
Global Improvement: 0.0002929687500000666
  Move 1: RANDOM_SWAP | Indices: (180, 195)
  Move 2: RANDOM_SWAP | Indices: (123, 139)
=================================================================================
=================================================================================
2026-01-19T21:43:42.467 | Step 85 | Particle 46 | GLOBAL BEST!
Global Improvement: 0.0003906249999999778
  Move 1: GUIDED_SWAP_TO_GBEST | Indices: (139, 123)
  Move 2: GUIDED_SWAP_TO_GBEST | Indices: (195, 180)
  Move 3: GUIDED_SWAP_TO_PBEST | Indices: (195, 180)
  Move 4: GUIDED_SWAP_TO_PBEST | Indices: (123, 139)
  Move 5: GUIDED_SWAP_TO_GBEST | Indices: (139, 123)
  Move 6: GUIDED_SWAP_TO_GBEST | Indices: (180, 195)
  Move 7: GUIDED_SWAP_TO_PBEST | Indices: (195, 180)
  Move 8: GUIDED_SWAP_TO_PBEST | Indices: (123, 139)
  Move 9: GUIDED_SWAP_TO_GBEST | Indices: (195, 180)
  Move 10: GUIDED_SWAP_TO_GBEST | Indices: (123, 139)
  Move 11: RANDOM_SWAP | Indices: (231, 56)
=================================================================================
=================================================================================
2026-01-19T21:43:43.368 | Step 88 | Particle 179 | GLOBAL BEST!
Global Improvement: 0.0011718749999999334
  Move 1: RANDOM_SWAP | Indices: (69, 245)
=================================================================================
=================================================================================
2026-01-19T21:43:44.013 | Step 97 | Particle 30 | GLOBAL BEST!
Global Improvement: 9.76562500000222e-5
  Move 1: GUIDED_SWAP_TO_PBEST | Indices: (125, 81)
  Move 2: GUIDED_SWAP_TO_PBEST | Indices: (209, 23)
  Move 3: GUIDED_SWAP_TO_PBEST | Indices: (76, 98)
  Move 4: GUIDED_SWAP_TO_PBEST | Indices: (134, 225)
  Move 5: RANDOM_SWAP | Indices: (254, 41)
=================================================================================
=================================================================================
2026-01-19T21:43:44.545 | Step 103 | Particle 195 | GLOBAL BEST!
Global Improvement: 9.76562500000222e-5
  Move 1: GUIDED_SWAP_TO_PBEST | Indices: (137, 127)
  Move 2: GUIDED_SWAP_TO_PBEST | Indices: (41, 254)
  Move 3: GUIDED_SWAP_TO_GBEST | Indices: (41, 254)
  Move 4: GUIDED_SWAP_TO_PBEST | Indices: (41, 254)
  Move 5: GUIDED_SWAP_TO_GBEST | Indices: (41, 254)
  Move 6: RANDOM_SWAP | Indices: (123, 208)
=================================================================================
=================================================================================
2026-01-19T21:43:46.960 | Step 121 | Particle 44 | GLOBAL BEST!
Global Improvement: 0.00048828125
  Move 1: RANDOM_SWAP | Indices: (105, 168)
=================================================================================
=================================================================================
2026-01-19T21:43:47.356 | Step 126 | Particle 59 | GLOBAL BEST!
Global Improvement: 9.76562500000222e-5
  Move 1: RANDOM_SWAP | Indices: (93, 75)
=================================================================================
=================================================================================
2026-01-19T21:43:47.908 | Step 133 | Particle 75 | GLOBAL BEST!
Global Improvement: 9.76562500000222e-5
  Move 1: RANDOM_SWAP | Indices: (82, 214)
=================================================================================
=================================================================================
2026-01-19T21:43:48.715 | Step 143 | Particle 145 | GLOBAL BEST!
Global Improvement: 0.0005859374999999112
  Move 1: RANDOM_SWAP | Indices: (205, 161)
=================================================================================
=================================================================================
2026-01-19T21:43:49.264 | Step 148 | Particle 39 | GLOBAL BEST!
Global Improvement: 0.0002929687499999556
  Move 1: RANDOM_SWAP | Indices: (24, 85)
=================================================================================
=================================================================================
2026-01-19T21:43:57.401 | Step 240 | Particle 88 | GLOBAL BEST!
Global Improvement: 0.0006835937500000444
  Move 1: RANDOM_SWAP | Indices: (82, 34)
=================================================================================
=================================================================================
2026-01-19T21:43:59.035 | Step 261 | Particle 76 | GLOBAL BEST!
Global Improvement: 0.0003906250000000888
  Move 1: RANDOM_SWAP | Indices: (159, 147)
=================================================================================
=================================================================================
2026-01-19T21:43:59.496 | Step 266 | Particle 84 | GLOBAL BEST!
Global Improvement: 0.0001953124999999334
  Move 1: RANDOM_SWAP | Indices: (215, 34)
=================================================================================
=================================================================================
2026-01-19T21:44:00.038 | Step 273 | Particle 68 | GLOBAL BEST!
Global Improvement: 0.0002929687500000666
  Move 1: GUIDED_SWAP_TO_PBEST | Indices: (256, 107)
  Move 2: GUIDED_SWAP_TO_PBEST | Indices: (147, 178)
  Move 3: GUIDED_SWAP_TO_PBEST | Indices: (89, 98)
  Move 4: RANDOM_SWAP | Indices: (55, 203)
=================================================================================
=================================================================================
2026-01-19T21:44:08.988 | Step 379 | Particle 19 | GLOBAL BEST!
Global Improvement: 0.00048828125
  Move 1: RANDOM_SWAP | Indices: (169, 252)
=================================================================================
=================================================================================
2026-01-19T21:44:11.455 | Step 409 | Particle 188 | GLOBAL BEST!
Global Improvement: 0.0001953124999999334
  Move 1: GUIDED_SWAP_TO_PBEST | Indices: (94, 231)
  Move 2: GUIDED_SWAP_TO_PBEST | Indices: (106, 156)
  Move 3: RANDOM_SWAP | Indices: (160, 54)
=================================================================================
=================================================================================
2026-01-19T21:44:16.006 | Step 459 | Particle 47 | GLOBAL BEST!
Global Improvement: 9.76562500000222e-5
  Move 1: GUIDED_SWAP_TO_PBEST | Indices: (100, 62)
  Move 2: GUIDED_SWAP_TO_PBEST | Indices: (240, 133)
  Move 3: RANDOM_SWAP | Indices: (217, 222)
=================================================================================
=================================================================================
2026-01-19T21:46:08.431 | Step 1686 | Particle 10 | GLOBAL BEST!
Global Improvement: 0.0006835937500000444
  Move 1: RANDOM_SWAP | Indices: (201, 187)
=================================================================================
=================================================================================
2026-01-19T21:46:11.531 | Step 1720 | Particle 146 | GLOBAL BEST!
Global Improvement: 9.765624999991118e-5
  Move 1: RANDOM_SWAP | Indices: (193, 191)
=================================================================================
