# Global Best Swaps Only - COMPOSITE FITNESS MODE WITH EARLY STOPPING
# Started on: 2026-02-02T23:37:44.525
# Format: Timestamp | Step | Particle | Operation | Indices | Local | Global | Status
# Note: Each global best S-box is saved in debug_sboxes/ directory
# Using composite fitness function with NL, SAC, DDT, and Entropy
# Early stopping enabled based on NL threshold

=================================================================================
2026-02-02T23:37:44.723 | Step 1 | Particle 2 | GLOBAL BEST ACHIEVED!
Global Improvement: 0.005214843750000142
All moves in this step:
  Move 1: TRIPLE_SWAP | Indices: (174, 91, 235) | Local Improvement: 0.004335937500000053
  Move 2: RANDOM_SWAP | Indices: (173, 56) | Local Improvement: 0.0
  Move 3: RANDOM_SWAP | Indices: (121, 5) | Local Improvement: 0.0
=================================================================================
=================================================================================
2026-02-02T23:37:44.757 | Step 1 | Particle 3 | GLOBAL BEST ACHIEVED!
Global Improvement: 0.005726996527777972
All moves in this step:
  Move 1: TRIPLE_SWAP | Indices: (252, 237, 167) | Local Improvement: 0.0070551215277778745
  Move 2: RANDOM_SWAP | Indices: (202, 39) | Local Improvement: 0.0
  Move 3: RANDOM_SWAP | Indices: (80, 14) | Local Improvement: 0.0
=================================================================================
=================================================================================
2026-02-02T23:37:44.758 | Step 1 | Particle 5 | GLOBAL BEST ACHIEVED!
Global Improvement: 0.008832465277777812
All moves in this step:
  Move 1: TRIPLE_SWAP | Indices: (110, 189, 137) | Local Improvement: 0.00701605902777791
  Move 2: RANDOM_SWAP | Indices: (169, 149) | Local Improvement: 0.0
  Move 3: RANDOM_SWAP | Indices: (81, 37) | Local Improvement: 0.0
=================================================================================
=================================================================================
2026-02-02T23:37:44.768 | Step 1 | Particle 30 | GLOBAL BEST ACHIEVED!
Global Improvement: 0.009281684027777848
All moves in this step:
  Move 1: RANDOM_SWAP | Indices: (11, 221) | Local Improvement: 0.0
  Move 2: RANDOM_SWAP | Indices: (77, 153) | Local Improvement: 0.0
  Move 3: RANDOM_SWAP | Indices: (91, 235) | Local Improvement: 0.0
  Move 4: RANDOM_SWAP | Indices: (170, 50) | Local Improvement: 0.0
=================================================================================
=================================================================================
2026-02-02T23:37:44.784 | Step 1 | Particle 70 | GLOBAL BEST ACHIEVED!
Global Improvement: 0.009887152777777963
All moves in this step:
  Move 1: TRIPLE_SWAP | Indices: (243, 207, 151) | Local Improvement: 0.0074652777777779455
  Move 2: RANDOM_SWAP | Indices: (6, 132) | Local Improvement: 0.0
  Move 3: RANDOM_SWAP | Indices: (194, 207) | Local Improvement: 0.0
  Move 4: RANDOM_SWAP | Indices: (254, 48) | Local Improvement: 0.0
=================================================================================
=================================================================================
2026-02-02T23:37:44.792 | Step 1 | Particle 91 | GLOBAL BEST ACHIEVED!
Global Improvement: 0.014008246527777768
All moves in this step:
  Move 1: TRIPLE_SWAP | Indices: (117, 18, 122) | Local Improvement: 0.005141059027777839
  Move 2: RANDOM_SWAP | Indices: (93, 207) | Local Improvement: 0.0
  Move 3: RANDOM_SWAP | Indices: (86, 233) | Local Improvement: 0.0
  Move 4: RANDOM_SWAP | Indices: (51, 44) | Local Improvement: 0.0
  Move 5: RANDOM_SWAP | Indices: (222, 231) | Local Improvement: 0.0
  Move 6: RANDOM_SWAP | Indices: (137, 115) | Local Improvement: 0.0
=================================================================================
=================================================================================
2026-02-02T23:37:44.938 | Step 2 | Particle 3 | GLOBAL BEST ACHIEVED!
Global Improvement: 0.0010937500000001155
All moves in this step:
  Move 1: GUIDED_SWAP_TO_GBEST | Indices: (44, 51) | Local Improvement: 0.0
  Move 2: GUIDED_SWAP_TO_GBEST | Indices: (14, 80) | Local Improvement: 0.0
  Move 3: GUIDED_SWAP_TO_GBEST | Indices: (18, 117) | Local Improvement: 0.0
  Move 4: GUIDED_SWAP_TO_GBEST | Indices: (202, 39) | Local Improvement: 0.0
  Move 5: GUIDED_SWAP_TO_GBEST | Indices: (115, 137) | Local Improvement: 0.0
  Move 6: GUIDED_SWAP_TO_PBEST | Indices: (44, 51) | Local Improvement: 0.0
  Move 7: GUIDED_SWAP_TO_PBEST | Indices: (202, 39) | Local Improvement: 0.0
  Move 8: GUIDED_SWAP_TO_PBEST | Indices: (18, 117) | Local Improvement: 0.0
  Move 9: GUIDED_SWAP_TO_PBEST | Indices: (80, 14) | Local Improvement: 0.0
  Move 10: GUIDED_SWAP_TO_PBEST | Indices: (137, 115) | Local Improvement: 0.0
  Move 11: GUIDED_SWAP_TO_GBEST | Indices: (222, 231) | Local Improvement: 0.0
  Move 12: GUIDED_SWAP_TO_GBEST | Indices: (233, 86) | Local Improvement: 0.0
  Move 13: GUIDED_SWAP_TO_GBEST | Indices: (39, 202) | Local Improvement: 0.0
  Move 14: GUIDED_SWAP_TO_GBEST | Indices: (122, 18) | Local Improvement: 0.0
  Move 15: GUIDED_SWAP_TO_PBEST | Indices: (122, 18) | Local Improvement: 0.0
  Move 16: GUIDED_SWAP_TO_PBEST | Indices: (39, 202) | Local Improvement: 0.0
  Move 17: GUIDED_SWAP_TO_PBEST | Indices: (86, 233) | Local Improvement: 0.0
  Move 18: GUIDED_SWAP_TO_PBEST | Indices: (222, 231) | Local Improvement: 0.0
  Move 19: GUIDED_SWAP_TO_GBEST | Indices: (93, 207) | Local Improvement: 0.0
  Move 20: GUIDED_SWAP_TO_GBEST | Indices: (39, 202) | Local Improvement: 0.0
  Move 21: GUIDED_SWAP_TO_GBEST | Indices: (233, 86) | Local Improvement: 0.0
  Move 22: GUIDED_SWAP_TO_GBEST | Indices: (115, 137) | Local Improvement: 0.0
  Move 23: GUIDED_SWAP_TO_GBEST | Indices: (14, 80) | Local Improvement: 0.0
  Move 24: RANDOM_SWAP | Indices: (228, 158) | Local Improvement: 0.0
  Move 25: RANDOM_SWAP | Indices: (79, 6) | Local Improvement: 0.0
=================================================================================
=================================================================================
2026-02-02T23:37:44.940 | Step 2 | Particle 5 | GLOBAL BEST ACHIEVED!
Global Improvement: 0.0048437500000000355
All moves in this step:
  Move 1: GUIDED_SWAP_TO_GBEST | Indices: (37, 81) | Local Improvement: 0.0
  Move 2: GUIDED_SWAP_TO_GBEST | Indices: (233, 86) | Local Improvement: 0.0
  Move 3: GUIDED_SWAP_TO_GBEST | Indices: (51, 44) | Local Improvement: 0.0
  Move 4: GUIDED_SWAP_TO_GBEST | Indices: (18, 117) | Local Improvement: 0.0
  Move 5: GUIDED_SWAP_TO_GBEST | Indices: (122, 117) | Local Improvement: 0.0
  Move 6: GUIDED_SWAP_TO_PBEST | Indices: (37, 81) | Local Improvement: 0.0
  Move 7: GUIDED_SWAP_TO_PBEST | Indices: (86, 233) | Local Improvement: 0.0
  Move 8: GUIDED_SWAP_TO_PBEST | Indices: (44, 51) | Local Improvement: 0.0
  Move 9: GUIDED_SWAP_TO_PBEST | Indices: (117, 18) | Local Improvement: 0.0
  Move 10: GUIDED_SWAP_TO_PBEST | Indices: (18, 122) | Local Improvement: 0.0
  Move 11: GUIDED_SWAP_TO_GBEST | Indices: (51, 44) | Local Improvement: 0.0
  Move 12: GUIDED_SWAP_TO_GBEST | Indices: (81, 37) | Local Improvement: 0.0
  Move 13: GUIDED_SWAP_TO_GBEST | Indices: (86, 233) | Local Improvement: 0.0
  Move 14: GUIDED_SWAP_TO_GBEST | Indices: (231, 222) | Local Improvement: 0.0
  Move 15: GUIDED_SWAP_TO_PBEST | Indices: (51, 44) | Local Improvement: 0.0
  Move 16: GUIDED_SWAP_TO_PBEST | Indices: (37, 81) | Local Improvement: 0.0
  Move 17: GUIDED_SWAP_TO_PBEST | Indices: (231, 222) | Local Improvement: 0.0
  Move 18: GUIDED_SWAP_TO_GBEST | Indices: (51, 44) | Local Improvement: 0.0
  Move 19: GUIDED_SWAP_TO_GBEST | Indices: (93, 207) | Local Improvement: 0.0
  Move 20: GUIDED_SWAP_TO_GBEST | Indices: (18, 117) | Local Improvement: 0.0
  Move 21: GUIDED_SWAP_TO_GBEST | Indices: (137, 115) | Local Improvement: 0.0
  Move 22: TRIPLE_SWAP | Indices: (14, 85, 94) | Local Improvement: 0.006171874999999938
=================================================================================
=================================================================================
2026-02-02T23:37:44.941 | Step 2 | Particle 7 | GLOBAL BEST ACHIEVED!
Global Improvement: 0.007851562500000187
All moves in this step:
  Move 1: GUIDED_SWAP_TO_GBEST | Indices: (231, 222) | Local Improvement: 0.0
  Move 2: GUIDED_SWAP_TO_GBEST | Indices: (207, 93) | Local Improvement: 0.0
  Move 3: GUIDED_SWAP_TO_GBEST | Indices: (86, 233) | Local Improvement: 0.0
  Move 4: GUIDED_SWAP_TO_GBEST | Indices: (51, 44) | Local Improvement: 0.0
  Move 5: GUIDED_SWAP_TO_GBEST | Indices: (137, 115) | Local Improvement: 0.0
  Move 6: GUIDED_SWAP_TO_PBEST | Indices: (233, 86) | Local Improvement: 0.0
  Move 7: GUIDED_SWAP_TO_PBEST | Indices: (115, 137) | Local Improvement: 0.0
  Move 8: GUIDED_SWAP_TO_PBEST | Indices: (207, 93) | Local Improvement: 0.0
  Move 9: GUIDED_SWAP_TO_GBEST | Indices: (233, 86) | Local Improvement: 0.0
  Move 10: GUIDED_SWAP_TO_GBEST | Indices: (207, 93) | Local Improvement: 0.0
  Move 11: GUIDED_SWAP_TO_GBEST | Indices: (122, 18) | Local Improvement: 0.0
  Move 12: GUIDED_SWAP_TO_PBEST | Indices: (231, 222) | Local Improvement: 0.0
  Move 13: GUIDED_SWAP_TO_PBEST | Indices: (86, 233) | Local Improvement: 0.0
  Move 14: GUIDED_SWAP_TO_PBEST | Indices: (122, 18) | Local Improvement: 0.0
  Move 15: GUIDED_SWAP_TO_PBEST | Indices: (51, 44) | Local Improvement: 0.0
  Move 16: GUIDED_SWAP_TO_GBEST | Indices: (51, 44) | Local Improvement: 0.0
  Move 17: GUIDED_SWAP_TO_GBEST | Indices: (233, 86) | Local Improvement: 0.0
  Move 18: GUIDED_SWAP_TO_GBEST | Indices: (18, 117) | Local Improvement: 0.0
  Move 19: GUIDED_SWAP_TO_GBEST | Indices: (122, 117) | Local Improvement: 0.0
  Move 20: TRIPLE_SWAP | Indices: (195, 104, 21) | Local Improvement: 0.004785156250000089
  Move 21: RANDOM_SWAP | Indices: (161, 72) | Local Improvement: 0.0
  Move 22: RANDOM_SWAP | Indices: (85, 73) | Local Improvement: 0.0
  Move 23: RANDOM_SWAP | Indices: (141, 106) | Local Improvement: 0.0
  Move 24: RANDOM_SWAP | Indices: (246, 151) | Local Improvement: 0.0
=================================================================================
=================================================================================
2026-02-02T23:37:45.651 | Step 3 | Particle 3 | GLOBAL BEST ACHIEVED!
Global Improvement: 0.0002929687499999556
All moves in this step:
  Move 1: GUIDED_SWAP_TO_GBEST | Indices: (246, 151) | Local Improvement: 0.0
  Move 2: GUIDED_SWAP_TO_GBEST | Indices: (228, 158) | Local Improvement: 0.0
  Move 3: GUIDED_SWAP_TO_GBEST | Indices: (122, 18) | Local Improvement: 0.0
  Move 4: GUIDED_SWAP_TO_GBEST | Indices: (18, 117) | Local Improvement: 0.0
  Move 5: GUIDED_SWAP_TO_PBEST | Indices: (18, 122) | Local Improvement: 0.0
  Move 6: GUIDED_SWAP_TO_PBEST | Indices: (158, 228) | Local Improvement: 0.0
  Move 7: GUIDED_SWAP_TO_PBEST | Indices: (151, 246) | Local Improvement: 0.0
  Move 8: GUIDED_SWAP_TO_PBEST | Indices: (117, 122) | Local Improvement: 0.0
  Move 9: GUIDED_SWAP_TO_GBEST | Indices: (72, 161) | Local Improvement: 0.0
  Move 10: GUIDED_SWAP_TO_GBEST | Indices: (252, 237) | Local Improvement: 0.0
  Move 11: GUIDED_SWAP_TO_GBEST | Indices: (106, 141) | Local Improvement: 0.0
  Move 12: GUIDED_SWAP_TO_GBEST | Indices: (137, 115) | Local Improvement: 0.0
  Move 13: GUIDED_SWAP_TO_GBEST | Indices: (228, 158) | Local Improvement: 0.0
  Move 14: GUIDED_SWAP_TO_PBEST | Indices: (237, 252) | Local Improvement: 0.0
  Move 15: GUIDED_SWAP_TO_PBEST | Indices: (106, 141) | Local Improvement: 0.0
  Move 16: GUIDED_SWAP_TO_PBEST | Indices: (115, 137) | Local Improvement: 0.0
  Move 17: GUIDED_SWAP_TO_PBEST | Indices: (161, 72) | Local Improvement: 0.0
  Move 18: GUIDED_SWAP_TO_GBEST | Indices: (151, 246) | Local Improvement: 0.0
  Move 19: GUIDED_SWAP_TO_GBEST | Indices: (161, 72) | Local Improvement: 0.0
  Move 20: GUIDED_SWAP_TO_GBEST | Indices: (252, 237) | Local Improvement: 0.0
  Move 21: GUIDED_SWAP_TO_GBEST | Indices: (106, 141) | Local Improvement: 0.0
  Move 22: TRIPLE_SWAP | Indices: (220, 134, 246) | Local Improvement: 0.0028125000000001066
=================================================================================
=================================================================================
2026-02-02T23:37:45.655 | Step 3 | Particle 11 | GLOBAL BEST ACHIEVED!
Global Improvement: 0.0039691840277777946
All moves in this step:
  Move 1: GUIDED_SWAP_TO_GBEST | Indices: (242, 77) | Local Improvement: 0.0
  Move 2: GUIDED_SWAP_TO_GBEST | Indices: (72, 161) | Local Improvement: 0.0
  Move 3: GUIDED_SWAP_TO_GBEST | Indices: (169, 26) | Local Improvement: 0.0
  Move 4: GUIDED_SWAP_TO_GBEST | Indices: (137, 115) | Local Improvement: 0.0
  Move 5: GUIDED_SWAP_TO_GBEST | Indices: (141, 106) | Local Improvement: 0.0
  Move 6: GUIDED_SWAP_TO_GBEST | Indices: (104, 195) | Local Improvement: 0.0
  Move 7: GUIDED_SWAP_TO_GBEST | Indices: (246, 151) | Local Improvement: 0.0
  Move 8: GUIDED_SWAP_TO_GBEST | Indices: (107, 216) | Local Improvement: 0.0
  Move 9: GUIDED_SWAP_TO_GBEST | Indices: (21, 195) | Local Improvement: 0.0
  Move 10: TRIPLE_SWAP | Indices: (224, 147, 256) | Local Improvement: 0.003652343750000231
=================================================================================
=================================================================================
2026-02-02T23:37:45.668 | Step 3 | Particle 43 | GLOBAL BEST ACHIEVED!
Global Improvement: 0.004008246527777759
All moves in this step:
  Move 1: GUIDED_SWAP_TO_GBEST | Indices: (141, 106) | Local Improvement: 0.0
  Move 2: GUIDED_SWAP_TO_GBEST | Indices: (73, 85) | Local Improvement: 0.0
  Move 3: GUIDED_SWAP_TO_GBEST | Indices: (51, 44) | Local Improvement: 0.0
  Move 4: GUIDED_SWAP_TO_GBEST | Indices: (161, 72) | Local Improvement: 0.0
  Move 5: GUIDED_SWAP_TO_GBEST | Indices: (233, 86) | Local Improvement: 0.0
  Move 6: GUIDED_SWAP_TO_PBEST | Indices: (72, 161) | Local Improvement: 0.0
  Move 7: GUIDED_SWAP_TO_PBEST | Indices: (44, 51) | Local Improvement: 0.0
  Move 8: GUIDED_SWAP_TO_PBEST | Indices: (233, 86) | Local Improvement: 0.0
  Move 9: GUIDED_SWAP_TO_PBEST | Indices: (85, 73) | Local Improvement: 0.0
  Move 10: GUIDED_SWAP_TO_GBEST | Indices: (195, 21) | Local Improvement: 0.0
  Move 11: GUIDED_SWAP_TO_GBEST | Indices: (233, 86) | Local Improvement: 0.0
  Move 12: GUIDED_SWAP_TO_GBEST | Indices: (172, 237) | Local Improvement: 0.0
  Move 13: GUIDED_SWAP_TO_GBEST | Indices: (72, 161) | Local Improvement: 0.0
  Move 14: GUIDED_SWAP_TO_GBEST | Indices: (246, 151) | Local Improvement: 0.0
  Move 15: GUIDED_SWAP_TO_GBEST | Indices: (104, 21) | Local Improvement: 0.0
  Move 16: GUIDED_SWAP_TO_GBEST | Indices: (117, 122) | Local Improvement: 0.0
  Move 17: GUIDED_SWAP_TO_GBEST | Indices: (122, 18) | Local Improvement: 0.0
  Move 18: TRIPLE_SWAP | Indices: (58, 65, 241) | Local Improvement: 0.004848090277777883
=================================================================================
=================================================================================
2026-02-02T23:37:45.690 | Step 3 | Particle 98 | GLOBAL BEST ACHIEVED!
Global Improvement: 0.004848090277777661
All moves in this step:
  Move 1: GUIDED_SWAP_TO_GBEST | Indices: (73, 85) | Local Improvement: 0.0
  Move 2: GUIDED_SWAP_TO_GBEST | Indices: (21, 104) | Local Improvement: 0.0
  Move 3: GUIDED_SWAP_TO_GBEST | Indices: (222, 231) | Local Improvement: 0.0
  Move 4: GUIDED_SWAP_TO_GBEST | Indices: (195, 104) | Local Improvement: 0.0
  Move 5: GUIDED_SWAP_TO_GBEST | Indices: (204, 110) | Local Improvement: 0.0
  Move 6: GUIDED_SWAP_TO_GBEST | Indices: (85, 157) | Local Improvement: 0.0
  Move 7: GUIDED_SWAP_TO_GBEST | Indices: (215, 109) | Local Improvement: 0.0
  Move 8: GUIDED_SWAP_TO_GBEST | Indices: (32, 109) | Local Improvement: 0.0
  Move 9: GUIDED_SWAP_TO_GBEST | Indices: (161, 72) | Local Improvement: 0.0
  Move 10: GUIDED_SWAP_TO_GBEST | Indices: (151, 246) | Local Improvement: 0.0
  Move 11: GUIDED_SWAP_TO_PBEST | Indices: (157, 85) | Local Improvement: 0.0
  Move 12: GUIDED_SWAP_TO_PBEST | Indices: (246, 151) | Local Improvement: 0.0
  Move 13: GUIDED_SWAP_TO_PBEST | Indices: (215, 32) | Local Improvement: 0.0
  Move 14: GUIDED_SWAP_TO_PBEST | Indices: (109, 32) | Local Improvement: 0.0
  Move 15: GUIDED_SWAP_TO_GBEST | Indices: (157, 85) | Local Improvement: 0.0
  Move 16: GUIDED_SWAP_TO_GBEST | Indices: (109, 32) | Local Improvement: 0.0
  Move 17: GUIDED_SWAP_TO_GBEST | Indices: (115, 137) | Local Improvement: 0.0
  Move 18: GUIDED_SWAP_TO_GBEST | Indices: (246, 151) | Local Improvement: 0.0
  Move 19: TRIPLE_SWAP | Indices: (158, 126, 34) | Local Improvement: 0.003519965277777759
=================================================================================
=================================================================================
2026-02-02T23:37:45.845 | Step 4 | Particle 11 | GLOBAL BEST ACHIEVED!
Global Improvement: 0.002265624999999938
All moves in this step:
  Move 1: GUIDED_SWAP_TO_GBEST | Indices: (156, 176) | Local Improvement: 0.0
  Move 2: GUIDED_SWAP_TO_GBEST | Indices: (85, 73) | Local Improvement: 0.0
  Move 3: GUIDED_SWAP_TO_GBEST | Indices: (32, 215) | Local Improvement: 0.0
  Move 4: GUIDED_SWAP_TO_GBEST | Indices: (224, 147) | Local Improvement: 0.0
  Move 5: GUIDED_SWAP_TO_PBEST | Indices: (147, 224) | Local Improvement: 0.0
  Move 6: GUIDED_SWAP_TO_PBEST | Indices: (215, 32) | Local Improvement: 0.0
  Move 7: GUIDED_SWAP_TO_PBEST | Indices: (156, 176) | Local Improvement: 0.0
  Move 8: GUIDED_SWAP_TO_PBEST | Indices: (85, 73) | Local Improvement: 0.0
  Move 9: TRIPLE_SWAP | Indices: (252, 184, 3) | Local Improvement: 0.0031445312499998046
=================================================================================
=================================================================================
2026-02-02T23:37:45.855 | Step 4 | Particle 36 | GLOBAL BEST ACHIEVED!
Global Improvement: 0.002617187500000062
All moves in this step:
  Move 1: GUIDED_SWAP_TO_GBEST | Indices: (122, 18) | Local Improvement: 0.0
  Move 2: GUIDED_SWAP_TO_GBEST | Indices: (140, 231) | Local Improvement: 0.0
  Move 3: GUIDED_SWAP_TO_GBEST | Indices: (195, 21) | Local Improvement: 0.0
  Move 4: GUIDED_SWAP_TO_GBEST | Indices: (151, 246) | Local Improvement: 0.0
  Move 5: GUIDED_SWAP_TO_GBEST | Indices: (84, 199) | Local Improvement: 0.0
  Move 6: GUIDED_SWAP_TO_PBEST | Indices: (151, 246) | Local Improvement: 0.0
  Move 7: GUIDED_SWAP_TO_PBEST | Indices: (195, 21) | Local Improvement: 0.0
  Move 8: GUIDED_SWAP_TO_PBEST | Indices: (84, 199) | Local Improvement: 0.0
  Move 9: GUIDED_SWAP_TO_GBEST | Indices: (73, 85) | Local Improvement: 0.0
  Move 10: GUIDED_SWAP_TO_GBEST | Indices: (72, 161) | Local Improvement: 0.0
  Move 11: GUIDED_SWAP_TO_GBEST | Indices: (151, 246) | Local Improvement: 0.0
  Move 12: GUIDED_SWAP_TO_GBEST | Indices: (126, 158) | Local Improvement: 0.0
  Move 13: GUIDED_SWAP_TO_GBEST | Indices: (93, 207) | Local Improvement: 0.0
  Move 14: GUIDED_SWAP_TO_GBEST | Indices: (199, 215) | Local Improvement: 0.0
  Move 15: GUIDED_SWAP_TO_GBEST | Indices: (21, 104) | Local Improvement: 0.0
  Move 16: GUIDED_SWAP_TO_GBEST | Indices: (215, 32) | Local Improvement: 0.0
  Move 17: GUIDED_SWAP_TO_GBEST | Indices: (158, 34) | Local Improvement: 0.0
  Move 18: GUIDED_SWAP_TO_GBEST | Indices: (195, 104) | Local Improvement: 0.0
  Move 19: TRIPLE_SWAP | Indices: (36, 205, 64) | Local Improvement: 0.002265624999999938
=================================================================================
=================================================================================
2026-02-02T23:37:45.864 | Step 4 | Particle 59 | GLOBAL BEST ACHIEVED!
Global Improvement: 0.0032031249999999734
All moves in this step:
  Move 1: GUIDED_SWAP_TO_GBEST | Indices: (85, 73) | Local Improvement: 0.0
  Move 2: GUIDED_SWAP_TO_GBEST | Indices: (104, 195) | Local Improvement: 0.0
  Move 3: GUIDED_SWAP_TO_GBEST | Indices: (51, 44) | Local Improvement: 0.0
  Move 4: GUIDED_SWAP_TO_GBEST | Indices: (222, 231) | Local Improvement: 0.0
  Move 5: GUIDED_SWAP_TO_GBEST | Indices: (126, 158) | Local Improvement: 0.0
  Move 6: GUIDED_SWAP_TO_GBEST | Indices: (168, 141) | Local Improvement: 0.0
  Move 7: GUIDED_SWAP_TO_GBEST | Indices: (238, 141) | Local Improvement: 0.0
  Move 8: GUIDED_SWAP_TO_GBEST | Indices: (83, 95) | Local Improvement: 0.0
  Move 9: GUIDED_SWAP_TO_GBEST | Indices: (141, 106) | Local Improvement: 0.0
  Move 10: GUIDED_SWAP_TO_GBEST | Indices: (158, 34) | Local Improvement: 0.0
  Move 11: GUIDED_SWAP_TO_GBEST | Indices: (215, 32) | Local Improvement: 0.0
  Move 12: TRIPLE_SWAP | Indices: (41, 5, 153) | Local Improvement: 0.0032031249999999734
=================================================================================
=================================================================================
2026-02-02T23:37:45.865 | Step 4 | Particle 61 | GLOBAL BEST ACHIEVED!
Global Improvement: 0.004140625000000009
All moves in this step:
  Move 1: GUIDED_SWAP_TO_GBEST | Indices: (250, 46) | Local Improvement: 0.0
  Move 2: GUIDED_SWAP_TO_GBEST | Indices: (72, 85) | Local Improvement: 0.0
  Move 3: GUIDED_SWAP_TO_GBEST | Indices: (46, 165) | Local Improvement: 0.0
  Move 4: GUIDED_SWAP_TO_GBEST | Indices: (246, 151) | Local Improvement: 0.0
  Move 5: GUIDED_SWAP_TO_PBEST | Indices: (250, 165) | Local Improvement: 0.0
  Move 6: GUIDED_SWAP_TO_PBEST | Indices: (151, 246) | Local Improvement: 0.0
  Move 7: GUIDED_SWAP_TO_PBEST | Indices: (72, 85) | Local Improvement: 0.0
  Move 8: GUIDED_SWAP_TO_PBEST | Indices: (46, 165) | Local Improvement: 0.0
  Move 9: GUIDED_SWAP_TO_GBEST | Indices: (29, 72) | Local Improvement: 0.0
  Move 10: GUIDED_SWAP_TO_GBEST | Indices: (72, 85) | Local Improvement: 0.0
  Move 11: GUIDED_SWAP_TO_GBEST | Indices: (246, 151) | Local Improvement: 0.0
  Move 12: GUIDED_SWAP_TO_GBEST | Indices: (44, 51) | Local Improvement: 0.0
  Move 13: GUIDED_SWAP_TO_GBEST | Indices: (158, 34) | Local Improvement: 0.0
  Move 14: TRIPLE_SWAP | Indices: (203, 9, 47) | Local Improvement: 0.005785590277777697
=================================================================================
=================================================================================
2026-02-02T23:37:46.025 | Step 5 | Particle 61 | GLOBAL BEST ACHIEVED!
Global Improvement: 0.0016796875000000266
All moves in this step:
  Move 1: TRIPLE_SWAP | Indices: (158, 36, 214) | Local Improvement: 0.0016796875000000266
=================================================================================
=================================================================================
2026-02-02T23:37:46.044 | Step 5 | Particle 110 | GLOBAL BEST ACHIEVED!
Global Improvement: 0.004199218749999956
All moves in this step:
  Move 1: GUIDED_SWAP_TO_GBEST | Indices: (153, 66) | Local Improvement: 0.0
  Move 2: GUIDED_SWAP_TO_GBEST | Indices: (46, 250) | Local Improvement: 0.0
  Move 3: GUIDED_SWAP_TO_GBEST | Indices: (32, 215) | Local Improvement: 0.0
  Move 4: GUIDED_SWAP_TO_GBEST | Indices: (251, 172) | Local Improvement: 0.0
  Move 5: GUIDED_SWAP_TO_GBEST | Indices: (165, 250) | Local Improvement: 0.0
  Move 6: GUIDED_SWAP_TO_PBEST | Indices: (165, 250) | Local Improvement: 0.0
  Move 7: GUIDED_SWAP_TO_PBEST | Indices: (153, 66) | Local Improvement: 0.0
  Move 8: GUIDED_SWAP_TO_PBEST | Indices: (251, 172) | Local Improvement: 0.0
  Move 9: GUIDED_SWAP_TO_PBEST | Indices: (215, 32) | Local Improvement: 0.0
  Move 10: GUIDED_SWAP_TO_GBEST | Indices: (250, 165) | Local Improvement: 0.0
  Move 11: GUIDED_SWAP_TO_GBEST | Indices: (215, 32) | Local Improvement: 0.0
  Move 12: GUIDED_SWAP_TO_GBEST | Indices: (153, 66) | Local Improvement: 0.0
  Move 13: GUIDED_SWAP_TO_GBEST | Indices: (126, 34) | Local Improvement: 0.0
  Move 14: GUIDED_SWAP_TO_GBEST | Indices: (47, 9) | Local Improvement: 0.0
  Move 15: GUIDED_SWAP_TO_PBEST | Indices: (47, 9) | Local Improvement: 0.0
  Move 16: GUIDED_SWAP_TO_PBEST | Indices: (250, 46) | Local Improvement: 0.0
  Move 17: GUIDED_SWAP_TO_PBEST | Indices: (46, 165) | Local Improvement: 0.0
  Move 18: GUIDED_SWAP_TO_PBEST | Indices: (126, 34) | Local Improvement: 0.0
  Move 19: GUIDED_SWAP_TO_PBEST | Indices: (32, 215) | Local Improvement: 0.0
  Move 20: GUIDED_SWAP_TO_GBEST | Indices: (215, 32) | Local Improvement: 0.0
  Move 21: GUIDED_SWAP_TO_GBEST | Indices: (165, 46) | Local Improvement: 0.0
  Move 22: GUIDED_SWAP_TO_GBEST | Indices: (66, 119) | Local Improvement: 0.0
  Move 23: GUIDED_SWAP_TO_GBEST | Indices: (47, 9) | Local Improvement: 0.0
  Move 24: GUIDED_SWAP_TO_GBEST | Indices: (34, 126) | Local Improvement: 0.0
=================================================================================
=================================================================================
2026-02-02T23:37:46.172 | Step 6 | Particle 43 | GLOBAL BEST ACHIEVED!
Global Improvement: 0.0005859375000001332
All moves in this step:
  Move 1: GUIDED_SWAP_TO_GBEST | Indices: (251, 91) | Local Improvement: 0.0
  Move 2: GUIDED_SWAP_TO_GBEST | Indices: (172, 91) | Local Improvement: 0.0
  Move 3: GUIDED_SWAP_TO_GBEST | Indices: (46, 250) | Local Improvement: 0.0
  Move 4: GUIDED_SWAP_TO_PBEST | Indices: (251, 172) | Local Improvement: 0.0
  Move 5: GUIDED_SWAP_TO_PBEST | Indices: (91, 172) | Local Improvement: 0.0
  Move 6: GUIDED_SWAP_TO_PBEST | Indices: (250, 46) | Local Improvement: 0.0
  Move 7: GUIDED_SWAP_TO_GBEST | Indices: (46, 250) | Local Improvement: 0.0
  Move 8: GUIDED_SWAP_TO_GBEST | Indices: (251, 91) | Local Improvement: 0.0
  Move 9: GUIDED_SWAP_TO_GBEST | Indices: (172, 91) | Local Improvement: 0.0
  Move 10: TRIPLE_SWAP | Indices: (255, 119, 66) | Local Improvement: 0.0005859375000001332
=================================================================================
=================================================================================
2026-02-02T23:37:46.180 | Step 6 | Particle 62 | GLOBAL BEST ACHIEVED!
Global Improvement: 0.0021679687500000266
All moves in this step:
  Move 1: GUIDED_SWAP_TO_GBEST | Indices: (82, 109) | Local Improvement: 0.0
  Move 2: GUIDED_SWAP_TO_GBEST | Indices: (48, 91) | Local Improvement: 0.0
  Move 3: GUIDED_SWAP_TO_GBEST | Indices: (231, 66) | Local Improvement: 0.0
  Move 4: GUIDED_SWAP_TO_GBEST | Indices: (91, 172) | Local Improvement: 0.0
  Move 5: GUIDED_SWAP_TO_GBEST | Indices: (67, 223) | Local Improvement: 0.0
  Move 6: GUIDED_SWAP_TO_PBEST | Indices: (223, 67) | Local Improvement: 0.0
  Move 7: GUIDED_SWAP_TO_PBEST | Indices: (231, 66) | Local Improvement: 0.0
  Move 8: GUIDED_SWAP_TO_PBEST | Indices: (109, 82) | Local Improvement: 0.0
  Move 9: GUIDED_SWAP_TO_PBEST | Indices: (172, 91) | Local Improvement: 0.0
  Move 10: GUIDED_SWAP_TO_GBEST | Indices: (251, 91) | Local Improvement: 0.0
  Move 11: GUIDED_SWAP_TO_GBEST | Indices: (223, 10) | Local Improvement: 0.0
  Move 12: GUIDED_SWAP_TO_GBEST | Indices: (47, 9) | Local Improvement: 0.0
  Move 13: GUIDED_SWAP_TO_GBEST | Indices: (231, 66) | Local Improvement: 0.0
  Move 14: GUIDED_SWAP_TO_GBEST | Indices: (67, 10) | Local Improvement: 0.0
  Move 15: GUIDED_SWAP_TO_GBEST | Indices: (112, 66) | Local Improvement: 0.0
  Move 16: GUIDED_SWAP_TO_GBEST | Indices: (102, 193) | Local Improvement: 0.0
  Move 17: GUIDED_SWAP_TO_GBEST | Indices: (91, 172) | Local Improvement: 0.0
  Move 18: TRIPLE_SWAP | Indices: (240, 167, 172) | Local Improvement: 0.0019726562499999822
=================================================================================
=================================================================================
2026-02-02T23:37:46.368 | Step 7 | Particle 52 | GLOBAL BEST ACHIEVED!
Global Improvement: 0.0006445312500000799
All moves in this step:
  Move 1: GUIDED_SWAP_TO_GBEST | Indices: (167, 240) | Local Improvement: 0.0
  Move 2: GUIDED_SWAP_TO_GBEST | Indices: (159, 82) | Local Improvement: 0.0
  Move 3: GUIDED_SWAP_TO_GBEST | Indices: (152, 226) | Local Improvement: 0.0
  Move 4: GUIDED_SWAP_TO_GBEST | Indices: (214, 161) | Local Improvement: 0.0
  Move 5: GUIDED_SWAP_TO_GBEST | Indices: (82, 109) | Local Improvement: 0.0
  Move 6: GUIDED_SWAP_TO_GBEST | Indices: (240, 172) | Local Improvement: 0.0
  Move 7: GUIDED_SWAP_TO_GBEST | Indices: (71, 35) | Local Improvement: 0.0
  Move 8: GUIDED_SWAP_TO_GBEST | Indices: (9, 47) | Local Improvement: 0.0
  Move 9: GUIDED_SWAP_TO_GBEST | Indices: (45, 236) | Local Improvement: 0.0
  Move 10: GUIDED_SWAP_TO_GBEST | Indices: (134, 161) | Local Improvement: 0.0
  Move 11: GUIDED_SWAP_TO_GBEST | Indices: (47, 142) | Local Improvement: 0.0
  Move 12: TRIPLE_SWAP | Indices: (230, 14, 237) | Local Improvement: 0.0006445312500000799
=================================================================================
=================================================================================
2026-02-02T23:37:46.372 | Step 7 | Particle 62 | GLOBAL BEST ACHIEVED!
Global Improvement: 0.0012304687499999911
All moves in this step:
  Move 1: TRIPLE_SWAP | Indices: (114, 237, 127) | Local Improvement: 0.0012304687499999911
=================================================================================
=================================================================================
2026-02-02T23:37:46.918 | Step 8 | Particle 126 | GLOBAL BEST ACHIEVED!
Global Improvement: 0.0006445312500000799
All moves in this step:
  Move 1: GUIDED_SWAP_TO_GBEST | Indices: (167, 251) | Local Improvement: 0.0
  Move 2: GUIDED_SWAP_TO_GBEST | Indices: (127, 237) | Local Improvement: 0.0
  Move 3: GUIDED_SWAP_TO_GBEST | Indices: (137, 72) | Local Improvement: 0.0
  Move 4: GUIDED_SWAP_TO_GBEST | Indices: (237, 114) | Local Improvement: 0.0
  Move 5: GUIDED_SWAP_TO_GBEST | Indices: (153, 66) | Local Improvement: 0.0
  Move 6: GUIDED_SWAP_TO_PBEST | Indices: (127, 114) | Local Improvement: 0.0
  Move 7: GUIDED_SWAP_TO_PBEST | Indices: (114, 237) | Local Improvement: 0.0
  Move 8: GUIDED_SWAP_TO_PBEST | Indices: (153, 66) | Local Improvement: 0.0
  Move 9: GUIDED_SWAP_TO_PBEST | Indices: (137, 72) | Local Improvement: 0.0
  Move 10: GUIDED_SWAP_TO_GBEST | Indices: (237, 114) | Local Improvement: 0.0
  Move 11: GUIDED_SWAP_TO_GBEST | Indices: (28, 137) | Local Improvement: 0.0
  Move 12: GUIDED_SWAP_TO_GBEST | Indices: (187, 58) | Local Improvement: 0.0
  Move 13: GUIDED_SWAP_TO_GBEST | Indices: (72, 137) | Local Improvement: 0.0
  Move 14: GUIDED_SWAP_TO_GBEST | Indices: (251, 172) | Local Improvement: 0.0
  Move 15: TRIPLE_SWAP | Indices: (187, 66, 15) | Local Improvement: 0.0012304687499999911
=================================================================================
=================================================================================
2026-02-02T23:37:46.939 | Step 8 | Particle 180 | GLOBAL BEST ACHIEVED!
Global Improvement: 0.0009375000000000355
All moves in this step:
  Move 1: GUIDED_SWAP_TO_GBEST | Indices: (237, 114) | Local Improvement: 0.0
  Move 2: GUIDED_SWAP_TO_GBEST | Indices: (126, 172) | Local Improvement: 0.0
  Move 3: GUIDED_SWAP_TO_GBEST | Indices: (127, 114) | Local Improvement: 0.0
  Move 4: GUIDED_SWAP_TO_PBEST | Indices: (126, 172) | Local Improvement: 0.0
  Move 5: GUIDED_SWAP_TO_PBEST | Indices: (127, 114) | Local Improvement: 0.0
  Move 6: GUIDED_SWAP_TO_PBEST | Indices: (237, 114) | Local Improvement: 0.0
  Move 7: GUIDED_SWAP_TO_GBEST | Indices: (237, 114) | Local Improvement: 0.0
  Move 8: GUIDED_SWAP_TO_GBEST | Indices: (126, 172) | Local Improvement: 0.0
  Move 9: GUIDED_SWAP_TO_GBEST | Indices: (114, 127) | Local Improvement: 0.0
  Move 10: TRIPLE_SWAP | Indices: (53, 78, 183) | Local Improvement: 0.0009375000000000355
=================================================================================
=================================================================================
2026-02-02T23:37:47.029 | Step 9 | Particle 19 | GLOBAL BEST ACHIEVED!
Global Improvement: 0.0006445312500000799
All moves in this step:
  Move 1: GUIDED_SWAP_TO_GBEST | Indices: (78, 53) | Local Improvement: 0.0
  Move 2: GUIDED_SWAP_TO_GBEST | Indices: (183, 53) | Local Improvement: 0.0
  Move 3: GUIDED_SWAP_TO_PBEST | Indices: (78, 183) | Local Improvement: 0.0
  Move 4: GUIDED_SWAP_TO_PBEST | Indices: (53, 183) | Local Improvement: 0.0
  Move 5: GUIDED_SWAP_TO_GBEST | Indices: (183, 78) | Local Improvement: 0.0
  Move 6: GUIDED_SWAP_TO_GBEST | Indices: (78, 53) | Local Improvement: 0.0
  Move 7: TRIPLE_SWAP | Indices: (126, 33, 219) | Local Improvement: 0.0006445312500000799
=================================================================================
=================================================================================
2026-02-02T23:37:47.048 | Step 9 | Particle 68 | GLOBAL BEST ACHIEVED!
Global Improvement: 0.0007421874999999911
All moves in this step:
  Move 1: GUIDED_SWAP_TO_PBEST | Indices: (96, 63) | Local Improvement: 0.0
  Move 2: GUIDED_SWAP_TO_PBEST | Indices: (193, 15) | Local Improvement: 0.0
  Move 3: GUIDED_SWAP_TO_PBEST | Indices: (148, 175) | Local Improvement: 0.0
  Move 4: GUIDED_SWAP_TO_PBEST | Indices: (114, 237) | Local Improvement: 0.0
  Move 5: GUIDED_SWAP_TO_PBEST | Indices: (154, 236) | Local Improvement: 0.0
  Move 6: GUIDED_SWAP_TO_GBEST | Indices: (53, 183) | Local Improvement: 0.0
  Move 7: GUIDED_SWAP_TO_GBEST | Indices: (168, 91) | Local Improvement: 0.0
  Move 8: GUIDED_SWAP_TO_GBEST | Indices: (114, 237) | Local Improvement: 0.0
  Move 9: GUIDED_SWAP_TO_GBEST | Indices: (183, 78) | Local Improvement: 0.0
  Move 10: GUIDED_SWAP_TO_PBEST | Indices: (127, 114) | Local Improvement: 0.0
  Move 11: GUIDED_SWAP_TO_PBEST | Indices: (53, 78) | Local Improvement: 0.0
  Move 12: GUIDED_SWAP_TO_PBEST | Indices: (237, 114) | Local Improvement: 0.0
  Move 13: GUIDED_SWAP_TO_PBEST | Indices: (78, 183) | Local Improvement: 0.0
  Move 14: GUIDED_SWAP_TO_GBEST | Indices: (127, 237) | Local Improvement: 0.0
  Move 15: GUIDED_SWAP_TO_GBEST | Indices: (114, 237) | Local Improvement: 0.0
  Move 16: GUIDED_SWAP_TO_GBEST | Indices: (78, 53) | Local Improvement: 0.0
  Move 17: GUIDED_SWAP_TO_GBEST | Indices: (53, 183) | Local Improvement: 0.0
  Move 18: TRIPLE_SWAP | Indices: (109, 117, 207) | Local Improvement: 0.0007421874999999911
=================================================================================
=================================================================================
2026-02-02T23:37:47.285 | Step 10 | Particle 46 | GLOBAL BEST ACHIEVED!
Global Improvement: 0.0001953125000000444
All moves in this step:
  Move 1: GUIDED_SWAP_TO_GBEST | Indices: (109, 207) | Local Improvement: 0.0
  Move 2: GUIDED_SWAP_TO_GBEST | Indices: (117, 207) | Local Improvement: 0.0
  Move 3: GUIDED_SWAP_TO_GBEST | Indices: (23, 187) | Local Improvement: 0.0
  Move 4: GUIDED_SWAP_TO_PBEST | Indices: (23, 187) | Local Improvement: 0.0
  Move 5: GUIDED_SWAP_TO_PBEST | Indices: (109, 117) | Local Improvement: 0.0
  Move 6: GUIDED_SWAP_TO_PBEST | Indices: (117, 207) | Local Improvement: 0.0
  Move 7: GUIDED_SWAP_TO_GBEST | Indices: (187, 23) | Local Improvement: 0.0
  Move 8: GUIDED_SWAP_TO_GBEST | Indices: (117, 109) | Local Improvement: 0.0
  Move 9: GUIDED_SWAP_TO_GBEST | Indices: (207, 109) | Local Improvement: 0.0
  Move 10: TRIPLE_SWAP | Indices: (120, 48, 116) | Local Improvement: 0.0001953125000000444
=================================================================================
=================================================================================
2026-02-02T23:37:47.287 | Step 10 | Particle 49 | GLOBAL BEST ACHIEVED!
Global Improvement: 0.001875000000000071
All moves in this step:
  Move 1: GUIDED_SWAP_TO_GBEST | Indices: (45, 236) | Local Improvement: 0.0
  Move 2: GUIDED_SWAP_TO_GBEST | Indices: (201, 103) | Local Improvement: 0.0
  Move 3: GUIDED_SWAP_TO_GBEST | Indices: (109, 207) | Local Improvement: 0.0
  Move 4: GUIDED_SWAP_TO_GBEST | Indices: (66, 119) | Local Improvement: 0.0
  Move 5: GUIDED_SWAP_TO_GBEST | Indices: (240, 167) | Local Improvement: 0.0
  Move 6: GUIDED_SWAP_TO_PBEST | Indices: (119, 66) | Local Improvement: 0.0
  Move 7: GUIDED_SWAP_TO_PBEST | Indices: (109, 207) | Local Improvement: 0.0
  Move 8: GUIDED_SWAP_TO_PBEST | Indices: (167, 240) | Local Improvement: 0.0
  Move 9: GUIDED_SWAP_TO_PBEST | Indices: (103, 201) | Local Improvement: 0.0
  Move 10: GUIDED_SWAP_TO_GBEST | Indices: (117, 109) | Local Improvement: 0.0
  Move 11: GUIDED_SWAP_TO_GBEST | Indices: (167, 240) | Local Improvement: 0.0
  Move 12: GUIDED_SWAP_TO_GBEST | Indices: (109, 207) | Local Improvement: 0.0
  Move 13: GUIDED_SWAP_TO_GBEST | Indices: (66, 119) | Local Improvement: 0.0
  Move 14: GUIDED_SWAP_TO_GBEST | Indices: (201, 103) | Local Improvement: 0.0
  Move 15: GUIDED_SWAP_TO_PBEST | Indices: (240, 167) | Local Improvement: 0.0
  Move 16: GUIDED_SWAP_TO_PBEST | Indices: (103, 201) | Local Improvement: 0.0
  Move 17: GUIDED_SWAP_TO_PBEST | Indices: (119, 66) | Local Improvement: 0.0
  Move 18: GUIDED_SWAP_TO_PBEST | Indices: (117, 207) | Local Improvement: 0.0
  Move 19: GUIDED_SWAP_TO_GBEST | Indices: (207, 117) | Local Improvement: 0.0
  Move 20: GUIDED_SWAP_TO_GBEST | Indices: (167, 240) | Local Improvement: 0.0
  Move 21: GUIDED_SWAP_TO_GBEST | Indices: (119, 66) | Local Improvement: 0.0
  Move 22: GUIDED_SWAP_TO_GBEST | Indices: (103, 201) | Local Improvement: 0.0
  Move 23: TRIPLE_SWAP | Indices: (6, 41, 170) | Local Improvement: 0.001875000000000071
=================================================================================
=================================================================================
2026-02-02T23:37:47.457 | Step 11 | Particle 52 | GLOBAL BEST ACHIEVED!
Global Improvement: 9.765624999991118e-5
All moves in this step:
  Move 1: GUIDED_SWAP_TO_GBEST | Indices: (41, 6) | Local Improvement: 0.0
  Move 2: GUIDED_SWAP_TO_GBEST | Indices: (170, 6) | Local Improvement: 0.0
  Move 3: GUIDED_SWAP_TO_PBEST | Indices: (41, 170) | Local Improvement: 0.0
  Move 4: GUIDED_SWAP_TO_PBEST | Indices: (170, 6) | Local Improvement: 0.0
  Move 5: GUIDED_SWAP_TO_GBEST | Indices: (41, 6) | Local Improvement: 0.0
  Move 6: GUIDED_SWAP_TO_GBEST | Indices: (170, 6) | Local Improvement: 0.0
  Move 7: GUIDED_SWAP_TO_PBEST | Indices: (6, 41) | Local Improvement: 0.0
  Move 8: GUIDED_SWAP_TO_PBEST | Indices: (170, 41) | Local Improvement: 0.0
  Move 9: GUIDED_SWAP_TO_GBEST | Indices: (6, 170) | Local Improvement: 0.0
  Move 10: GUIDED_SWAP_TO_GBEST | Indices: (41, 170) | Local Improvement: 0.0
  Move 11: TRIPLE_SWAP | Indices: (169, 157, 56) | Local Improvement: 9.765624999991118e-5
=================================================================================
=================================================================================
2026-02-02T23:37:47.632 | Step 12 | Particle 151 | GLOBAL BEST ACHIEVED!
Global Improvement: 9.765624999991118e-5
All moves in this step:
  Move 1: GUIDED_SWAP_TO_GBEST | Indices: (157, 169) | Local Improvement: 0.0
  Move 2: GUIDED_SWAP_TO_GBEST | Indices: (169, 56) | Local Improvement: 0.0
  Move 3: GUIDED_SWAP_TO_PBEST | Indices: (157, 56) | Local Improvement: 0.0
  Move 4: GUIDED_SWAP_TO_PBEST | Indices: (56, 169) | Local Improvement: 0.0
  Move 5: GUIDED_SWAP_TO_GBEST | Indices: (157, 169) | Local Improvement: 0.0
  Move 6: GUIDED_SWAP_TO_GBEST | Indices: (169, 56) | Local Improvement: 0.0
  Move 7: GUIDED_SWAP_TO_PBEST | Indices: (169, 157) | Local Improvement: 0.0
  Move 8: GUIDED_SWAP_TO_PBEST | Indices: (157, 56) | Local Improvement: 0.0
  Move 9: GUIDED_SWAP_TO_GBEST | Indices: (56, 157) | Local Improvement: 0.0
  Move 10: GUIDED_SWAP_TO_GBEST | Indices: (169, 157) | Local Improvement: 0.0
  Move 11: TRIPLE_SWAP | Indices: (41, 29, 235) | Local Improvement: 9.765624999991118e-5
=================================================================================
=================================================================================
2026-02-02T23:37:47.851 | Step 13 | Particle 185 | GLOBAL BEST ACHIEVED!
Global Improvement: 0.00044921875000003553
All moves in this step:
  Move 1: GUIDED_SWAP_TO_GBEST | Indices: (5, 84) | Local Improvement: 0.0
  Move 2: GUIDED_SWAP_TO_GBEST | Indices: (29, 6) | Local Improvement: 0.0
  Move 3: GUIDED_SWAP_TO_GBEST | Indices: (41, 235) | Local Improvement: 0.0
  Move 4: GUIDED_SWAP_TO_GBEST | Indices: (56, 157) | Local Improvement: 0.0
  Move 5: GUIDED_SWAP_TO_GBEST | Indices: (235, 6) | Local Improvement: 0.0
  Move 6: GUIDED_SWAP_TO_PBEST | Indices: (6, 29) | Local Improvement: 0.0
  Move 7: GUIDED_SWAP_TO_PBEST | Indices: (5, 84) | Local Improvement: 0.0
  Move 8: GUIDED_SWAP_TO_PBEST | Indices: (41, 29) | Local Improvement: 0.0
  Move 9: GUIDED_SWAP_TO_PBEST | Indices: (157, 56) | Local Improvement: 0.0
  Move 10: GUIDED_SWAP_TO_PBEST | Indices: (29, 235) | Local Improvement: 0.0
  Move 11: GUIDED_SWAP_TO_GBEST | Indices: (157, 169) | Local Improvement: 0.0
  Move 12: GUIDED_SWAP_TO_GBEST | Indices: (169, 56) | Local Improvement: 0.0
  Move 13: GUIDED_SWAP_TO_GBEST | Indices: (235, 29) | Local Improvement: 0.0
  Move 14: GUIDED_SWAP_TO_GBEST | Indices: (6, 41) | Local Improvement: 0.0
  Move 15: GUIDED_SWAP_TO_GBEST | Indices: (5, 84) | Local Improvement: 0.0
=================================================================================
=================================================================================
2026-02-02T23:37:47.949 | Step 14 | Particle 70 | GLOBAL BEST ACHIEVED!
Global Improvement: 0.0003906250000000888
All moves in this step:
  Move 1: GUIDED_SWAP_TO_GBEST | Indices: (29, 41) | Local Improvement: 0.0
  Move 2: GUIDED_SWAP_TO_PBEST | Indices: (29, 41) | Local Improvement: 0.0
  Move 3: GUIDED_SWAP_TO_GBEST | Indices: (29, 41) | Local Improvement: 0.0
  Move 4: GUIDED_SWAP_TO_PBEST | Indices: (41, 29) | Local Improvement: 0.0
  Move 5: GUIDED_SWAP_TO_GBEST | Indices: (41, 29) | Local Improvement: 0.0
  Move 6: RANDOM_SWAP | Indices: (233, 241) | Local Improvement: 0.0
=================================================================================
=================================================================================
2026-02-02T23:37:48.642 | Step 19 | Particle 148 | GLOBAL BEST ACHIEVED!
Global Improvement: 9.765624999991118e-5
All moves in this step:
  Move 1: TRIPLE_SWAP | Indices: (218, 180, 176) | Local Improvement: 9.765624999991118e-5
=================================================================================
=================================================================================
2026-02-02T23:37:49.088 | Step 22 | Particle 85 | GLOBAL BEST ACHIEVED!
Global Improvement: 0.0008398437500001243
All moves in this step:
  Move 1: TRIPLE_SWAP | Indices: (173, 188, 113) | Local Improvement: 0.0008398437500001243
=================================================================================
=================================================================================
2026-02-02T23:37:49.523 | Step 25 | Particle 191 | GLOBAL BEST ACHIEVED!
Global Improvement: 9.765624999991118e-5
All moves in this step:
  Move 1: TRIPLE_SWAP | Indices: (163, 121, 228) | Local Improvement: 9.765624999991118e-5
=================================================================================
=================================================================================
2026-02-02T23:37:51.754 | Step 41 | Particle 20 | GLOBAL BEST ACHIEVED!
Global Improvement: 0.0005468749999999467
All moves in this step:
  Move 1: GUIDED_SWAP_TO_PBEST | Indices: (106, 230) | Local Improvement: 0.0
  Move 2: TRIPLE_SWAP | Indices: (1, 220, 158) | Local Improvement: 0.0005468749999999467
=================================================================================
=================================================================================
2026-02-02T23:37:52.347 | Step 43 | Particle 6 | GLOBAL BEST ACHIEVED!
Global Improvement: 0.0001953125000000444
All moves in this step:
  Move 1: TRIPLE_SWAP | Indices: (188, 238, 20) | Local Improvement: 0.0001953125000000444
=================================================================================
=================================================================================
2026-02-02T23:37:52.486 | Step 44 | Particle 13 | GLOBAL BEST ACHIEVED!
Global Improvement: 9.765625000013323e-5
All moves in this step:
  Move 1: GUIDED_SWAP_TO_GBEST | Indices: (171, 197) | Local Improvement: 0.0
  Move 2: GUIDED_SWAP_TO_GBEST | Indices: (188, 20) | Local Improvement: 0.0
  Move 3: GUIDED_SWAP_TO_GBEST | Indices: (238, 20) | Local Improvement: 0.0
  Move 4: GUIDED_SWAP_TO_PBEST | Indices: (188, 238) | Local Improvement: 0.0
  Move 5: GUIDED_SWAP_TO_PBEST | Indices: (238, 20) | Local Improvement: 0.0
  Move 6: GUIDED_SWAP_TO_GBEST | Indices: (188, 20) | Local Improvement: 0.0
  Move 7: GUIDED_SWAP_TO_GBEST | Indices: (20, 238) | Local Improvement: 0.0
  Move 8: TRIPLE_SWAP | Indices: (177, 52, 178) | Local Improvement: 9.765625000013323e-5
=================================================================================
=================================================================================
2026-02-02T23:37:53.578 | Step 52 | Particle 127 | GLOBAL BEST ACHIEVED!
Global Improvement: 9.765624999991118e-5
All moves in this step:
  Move 1: TRIPLE_SWAP | Indices: (155, 192, 252) | Local Improvement: 9.765624999991118e-5
=================================================================================
=================================================================================
2026-02-02T23:37:54.112 | Step 56 | Particle 195 | GLOBAL BEST ACHIEVED!
Global Improvement: 0.0008398437500001243
All moves in this step:
  Move 1: GUIDED_SWAP_TO_GBEST | Indices: (252, 192) | Local Improvement: 0.0
  Move 2: GUIDED_SWAP_TO_PBEST | Indices: (238, 20) | Local Improvement: 0.0
  Move 3: GUIDED_SWAP_TO_PBEST | Indices: (20, 188) | Local Improvement: 0.0
  Move 4: GUIDED_SWAP_TO_PBEST | Indices: (1, 220) | Local Improvement: 0.0
  Move 5: GUIDED_SWAP_TO_PBEST | Indices: (220, 158) | Local Improvement: 0.0
  Move 6: GUIDED_SWAP_TO_PBEST | Indices: (155, 192) | Local Improvement: 0.0
  Move 7: GUIDED_SWAP_TO_GBEST | Indices: (1, 158) | Local Improvement: 0.0
  Move 8: GUIDED_SWAP_TO_GBEST | Indices: (20, 238) | Local Improvement: 0.0
  Move 9: GUIDED_SWAP_TO_GBEST | Indices: (188, 238) | Local Improvement: 0.0
  Move 10: GUIDED_SWAP_TO_GBEST | Indices: (192, 155) | Local Improvement: 0.0
  Move 11: GUIDED_SWAP_TO_PBEST | Indices: (177, 52) | Local Improvement: 0.0
  Move 12: GUIDED_SWAP_TO_PBEST | Indices: (178, 52) | Local Improvement: 0.0
  Move 13: GUIDED_SWAP_TO_PBEST | Indices: (155, 192) | Local Improvement: 0.0
  Move 14: GUIDED_SWAP_TO_PBEST | Indices: (238, 20) | Local Improvement: 0.0
  Move 15: GUIDED_SWAP_TO_PBEST | Indices: (20, 188) | Local Improvement: 0.0
  Move 16: GUIDED_SWAP_TO_GBEST | Indices: (20, 238) | Local Improvement: 0.0
  Move 17: GUIDED_SWAP_TO_GBEST | Indices: (155, 192) | Local Improvement: 0.0
  Move 18: GUIDED_SWAP_TO_GBEST | Indices: (220, 158) | Local Improvement: 0.0
  Move 19: GUIDED_SWAP_TO_GBEST | Indices: (52, 177) | Local Improvement: 0.0
=================================================================================
=================================================================================
2026-02-02T23:37:56.297 | Step 71 | Particle 177 | GLOBAL BEST ACHIEVED!
Global Improvement: 9.765624999991118e-5
All moves in this step:
  Move 1: TRIPLE_SWAP | Indices: (12, 25, 222) | Local Improvement: 9.765624999991118e-5
=================================================================================
=================================================================================
2026-02-02T23:38:09.255 | Step 131 | Particle 67 | GLOBAL BEST ACHIEVED!
Global Improvement: 0.0002539062499999911
All moves in this step:
  Move 1: GUIDED_SWAP_TO_PBEST | Indices: (209, 108) | Local Improvement: 0.0
  Move 2: GUIDED_SWAP_TO_PBEST | Indices: (133, 48) | Local Improvement: 0.0
  Move 3: TRIPLE_SWAP | Indices: (225, 245, 31) | Local Improvement: 0.0002539062499999911
=================================================================================
=================================================================================
2026-02-02T23:38:09.874 | Step 134 | Particle 5 | GLOBAL BEST ACHIEVED!
Global Improvement: 0.00048828125
All moves in this step:
  Move 1: GUIDED_SWAP_TO_GBEST | Indices: (245, 225) | Local Improvement: 0.0
  Move 2: GUIDED_SWAP_TO_GBEST | Indices: (225, 31) | Local Improvement: 0.0
  Move 3: GUIDED_SWAP_TO_PBEST | Indices: (245, 31) | Local Improvement: 0.0
  Move 4: GUIDED_SWAP_TO_PBEST | Indices: (31, 225) | Local Improvement: 0.0
  Move 5: GUIDED_SWAP_TO_GBEST | Indices: (245, 225) | Local Improvement: 0.0
  Move 6: GUIDED_SWAP_TO_GBEST | Indices: (225, 31) | Local Improvement: 0.0
  Move 7: GUIDED_SWAP_TO_PBEST | Indices: (225, 245) | Local Improvement: 0.0
  Move 8: GUIDED_SWAP_TO_PBEST | Indices: (245, 31) | Local Improvement: 0.0
  Move 9: GUIDED_SWAP_TO_GBEST | Indices: (245, 225) | Local Improvement: 0.0
  Move 10: GUIDED_SWAP_TO_GBEST | Indices: (31, 225) | Local Improvement: 0.0
  Move 11: TRIPLE_SWAP | Indices: (225, 60, 164) | Local Improvement: 0.00048828125
=================================================================================
=================================================================================
2026-02-02T23:38:10.488 | Step 137 | Particle 20 | GLOBAL BEST ACHIEVED!
Global Improvement: 0.0001953125000000444
All moves in this step:
  Move 1: TRIPLE_SWAP | Indices: (36, 110, 76) | Local Improvement: 0.0001953125000000444
=================================================================================
=================================================================================
2026-02-02T23:38:14.615 | Step 157 | Particle 58 | GLOBAL BEST ACHIEVED!
Global Improvement: 0.0005468749999999467
All moves in this step:
  Move 1: GUIDED_SWAP_TO_PBEST | Indices: (229, 56) | Local Improvement: 0.0
  Move 2: GUIDED_SWAP_TO_PBEST | Indices: (5, 93) | Local Improvement: 0.0
  Move 3: GUIDED_SWAP_TO_PBEST | Indices: (242, 90) | Local Improvement: 0.0
  Move 4: GUIDED_SWAP_TO_PBEST | Indices: (161, 36) | Local Improvement: 0.0
  Move 5: TRIPLE_SWAP | Indices: (122, 157, 60) | Local Improvement: 0.0005468749999999467
=================================================================================
=================================================================================
2026-02-02T23:38:16.320 | Step 165 | Particle 85 | GLOBAL BEST ACHIEVED!
Global Improvement: 9.765624999991118e-5
All moves in this step:
  Move 1: GUIDED_SWAP_TO_GBEST | Indices: (20, 136) | Local Improvement: 0.0
  Move 2: GUIDED_SWAP_TO_GBEST | Indices: (31, 161) | Local Improvement: 0.0
  Move 3: GUIDED_SWAP_TO_GBEST | Indices: (233, 248) | Local Improvement: 0.0
  Move 4: GUIDED_SWAP_TO_GBEST | Indices: (123, 65) | Local Improvement: 0.0
  Move 5: TRIPLE_SWAP | Indices: (118, 144, 90) | Local Improvement: 9.765624999991118e-5
=================================================================================
=================================================================================
2026-02-02T23:38:16.788 | Step 167 | Particle 114 | GLOBAL BEST ACHIEVED!
Global Improvement: 0.00029296875000017764
All moves in this step:
  Move 1: GUIDED_SWAP_TO_PBEST | Indices: (207, 229) | Local Improvement: 0.0
  Move 2: GUIDED_SWAP_TO_PBEST | Indices: (144, 90) | Local Improvement: 0.0
  Move 3: GUIDED_SWAP_TO_PBEST | Indices: (155, 1) | Local Improvement: 0.0
  Move 4: GUIDED_SWAP_TO_GBEST | Indices: (144, 90) | Local Improvement: 0.0
  Move 5: GUIDED_SWAP_TO_PBEST | Indices: (118, 144) | Local Improvement: 0.0
  Move 6: GUIDED_SWAP_TO_PBEST | Indices: (90, 144) | Local Improvement: 0.0
  Move 7: RANDOM_SWAP | Indices: (18, 216) | Local Improvement: 0.0
=================================================================================
=================================================================================
2026-02-02T23:38:42.835 | Step 287 | Particle 124 | GLOBAL BEST ACHIEVED!
Global Improvement: 0.0005468749999999467
All moves in this step:
  Move 1: TRIPLE_SWAP | Indices: (130, 85, 139) | Local Improvement: 0.0005468749999999467
=================================================================================
=================================================================================
2026-02-02T23:38:43.272 | Step 289 | Particle 131 | GLOBAL BEST ACHIEVED!
Global Improvement: 0.0001953125000000444
All moves in this step:
  Move 1: GUIDED_SWAP_TO_PBEST | Indices: (85, 139) | Local Improvement: 0.0
  Move 2: GUIDED_SWAP_TO_PBEST | Indices: (163, 131) | Local Improvement: 0.0
  Move 3: GUIDED_SWAP_TO_PBEST | Indices: (50, 252) | Local Improvement: 0.0
  Move 4: GUIDED_SWAP_TO_PBEST | Indices: (139, 130) | Local Improvement: 0.0
  Move 5: GUIDED_SWAP_TO_GBEST | Indices: (169, 182) | Local Improvement: 0.0
  Move 6: GUIDED_SWAP_TO_GBEST | Indices: (85, 130) | Local Improvement: 0.0
  Move 7: GUIDED_SWAP_TO_GBEST | Indices: (184, 160) | Local Improvement: 0.0
  Move 8: GUIDED_SWAP_TO_GBEST | Indices: (130, 139) | Local Improvement: 0.0
  Move 9: GUIDED_SWAP_TO_PBEST | Indices: (85, 139) | Local Improvement: 0.0
  Move 10: GUIDED_SWAP_TO_PBEST | Indices: (130, 139) | Local Improvement: 0.0
  Move 11: GUIDED_SWAP_TO_GBEST | Indices: (130, 139) | Local Improvement: 0.0
  Move 12: GUIDED_SWAP_TO_GBEST | Indices: (85, 139) | Local Improvement: 0.0
  Move 13: GUIDED_SWAP_TO_PBEST | Indices: (139, 130) | Local Improvement: 0.0
  Move 14: GUIDED_SWAP_TO_PBEST | Indices: (85, 130) | Local Improvement: 0.0
  Move 15: GUIDED_SWAP_TO_GBEST | Indices: (130, 139) | Local Improvement: 0.0
  Move 16: GUIDED_SWAP_TO_GBEST | Indices: (139, 85) | Local Improvement: 0.0
  Move 17: TRIPLE_SWAP | Indices: (20, 115, 8) | Local Improvement: 0.0001953125000000444
=================================================================================
=================================================================================
2026-02-02T23:38:43.472 | Step 290 | Particle 115 | GLOBAL BEST ACHIEVED!
Global Improvement: 9.765624999991118e-5
All moves in this step:
  Move 1: GUIDED_SWAP_TO_PBEST | Indices: (65, 195) | Local Improvement: 0.0
  Move 2: GUIDED_SWAP_TO_PBEST | Indices: (130, 85) | Local Improvement: 0.0
  Move 3: GUIDED_SWAP_TO_PBEST | Indices: (85, 139) | Local Improvement: 0.0
  Move 4: GUIDED_SWAP_TO_GBEST | Indices: (130, 139) | Local Improvement: 0.0
  Move 5: GUIDED_SWAP_TO_GBEST | Indices: (8, 115) | Local Improvement: 0.0
  Move 6: GUIDED_SWAP_TO_GBEST | Indices: (20, 115) | Local Improvement: 0.0
  Move 7: GUIDED_SWAP_TO_GBEST | Indices: (85, 139) | Local Improvement: 0.0
  Move 8: GUIDED_SWAP_TO_PBEST | Indices: (139, 130) | Local Improvement: 0.0
  Move 9: GUIDED_SWAP_TO_PBEST | Indices: (130, 85) | Local Improvement: 0.0
  Move 10: GUIDED_SWAP_TO_PBEST | Indices: (115, 8) | Local Improvement: 0.0
  Move 11: GUIDED_SWAP_TO_PBEST | Indices: (20, 8) | Local Improvement: 0.0
  Move 12: GUIDED_SWAP_TO_GBEST | Indices: (130, 139) | Local Improvement: 0.0
  Move 13: GUIDED_SWAP_TO_GBEST | Indices: (115, 20) | Local Improvement: 0.0
  Move 14: GUIDED_SWAP_TO_GBEST | Indices: (85, 139) | Local Improvement: 0.0
  Move 15: GUIDED_SWAP_TO_GBEST | Indices: (8, 20) | Local Improvement: 0.0
  Move 16: TRIPLE_SWAP | Indices: (13, 101, 80) | Local Improvement: 9.765624999991118e-5
=================================================================================
=================================================================================
2026-02-02T23:38:48.786 | Step 316 | Particle 159 | GLOBAL BEST ACHIEVED!
Global Improvement: 9.765624999991118e-5
All moves in this step:
  Move 1: TRIPLE_SWAP | Indices: (35, 129, 67) | Local Improvement: 9.765624999991118e-5
=================================================================================
=================================================================================
2026-02-02T23:42:15.367 | Step 1249 | Particle 132 | GLOBAL BEST ACHIEVED!
Global Improvement: 0.0006445312500000799
All moves in this step:
  Move 1: TRIPLE_SWAP | Indices: (184, 79, 236) | Local Improvement: 0.0006445312500000799
=================================================================================
=================================================================================
2026-02-02T23:42:19.209 | Step 1267 | Particle 135 | GLOBAL BEST ACHIEVED!
Global Improvement: 9.765625000013323e-5
All moves in this step:
  Move 1: TRIPLE_SWAP | Indices: (8, 89, 115) | Local Improvement: 9.765625000013323e-5
=================================================================================
=================================================================================
2026-02-02T23:42:23.896 | Step 1289 | Particle 70 | GLOBAL BEST ACHIEVED!
Global Improvement: 9.765624999991118e-5
All moves in this step:
  Move 1: TRIPLE_SWAP | Indices: (63, 186, 90) | Local Improvement: 9.765624999991118e-5
=================================================================================
=================================================================================
2026-02-02T23:42:52.184 | Step 1418 | Particle 78 | GLOBAL BEST ACHIEVED!
Global Improvement: 9.765624999991118e-5
All moves in this step:
  Move 1: GUIDED_SWAP_TO_PBEST | Indices: (244, 114) | Local Improvement: 0.0
  Move 2: GUIDED_SWAP_TO_PBEST | Indices: (150, 65) | Local Improvement: 0.0
  Move 3: GUIDED_SWAP_TO_PBEST | Indices: (222, 114) | Local Improvement: 0.0
  Move 4: GUIDED_SWAP_TO_GBEST | Indices: (119, 139) | Local Improvement: 0.0
  Move 5: GUIDED_SWAP_TO_GBEST | Indices: (63, 61) | Local Improvement: 0.0
  Move 6: TRIPLE_SWAP | Indices: (183, 253, 219) | Local Improvement: 9.765624999991118e-5
=================================================================================
=================================================================================
2026-02-02T23:44:18.454 | Step 1809 | Particle 106 | GLOBAL BEST ACHIEVED!
Global Improvement: 0.0005468750000001688
All moves in this step:
  Move 1: GUIDED_SWAP_TO_PBEST | Indices: (7, 120) | Local Improvement: 0.0
  Move 2: GUIDED_SWAP_TO_PBEST | Indices: (78, 101) | Local Improvement: 0.0
  Move 3: TRIPLE_SWAP | Indices: (253, 66, 183) | Local Improvement: 0.0005468750000001688
=================================================================================
=================================================================================
2026-02-02T23:44:18.677 | Step 1810 | Particle 105 | GLOBAL BEST ACHIEVED!
Global Improvement: 0.00019531249999982236
All moves in this step:
  Move 1: GUIDED_SWAP_TO_GBEST | Indices: (66, 253) | Local Improvement: 0.0
  Move 2: GUIDED_SWAP_TO_GBEST | Indices: (253, 183) | Local Improvement: 0.0
  Move 3: GUIDED_SWAP_TO_PBEST | Indices: (66, 183) | Local Improvement: 0.0
  Move 4: GUIDED_SWAP_TO_PBEST | Indices: (253, 183) | Local Improvement: 0.0
  Move 5: GUIDED_SWAP_TO_GBEST | Indices: (66, 253) | Local Improvement: 0.0
  Move 6: GUIDED_SWAP_TO_GBEST | Indices: (183, 253) | Local Improvement: 0.0
  Move 7: RANDOM_SWAP | Indices: (76, 97) | Local Improvement: 0.0
=================================================================================
=================================================================================
2026-02-02T23:44:21.673 | Step 1823 | Particle 55 | GLOBAL BEST ACHIEVED!
Global Improvement: 0.0001953125000000444
All moves in this step:
  Move 1: RANDOM_SWAP | Indices: (160, 90) | Local Improvement: 0.0
=================================================================================
=================================================================================
2026-02-02T23:44:45.906 | Step 1934 | Particle 49 | GLOBAL BEST ACHIEVED!
Global Improvement: 0.0006445312500000799
All moves in this step:
  Move 1: TRIPLE_SWAP | Indices: (45, 76, 85) | Local Improvement: 0.0006445312500000799
=================================================================================
=================================================================================
2026-02-02T23:44:52.151 | Step 1962 | Particle 79 | GLOBAL BEST ACHIEVED!
Global Improvement: 0.0001953125000000444
All moves in this step:
  Move 1: RANDOM_SWAP | Indices: (117, 248) | Local Improvement: 0.0
=================================================================================
=================================================================================
2026-02-02T23:45:23.276 | Step 2102 | Particle 57 | GLOBAL BEST ACHIEVED!
Global Improvement: 9.765624999991118e-5
All moves in this step:
  Move 1: TRIPLE_SWAP | Indices: (85, 249, 232) | Local Improvement: 9.765624999991118e-5
=================================================================================
