# V5: GUIDED SWAP KAPALI - Ablation Study
# Started on: 2026-01-21T11:56:14.467

=================================================================================
2026-01-21T11:56:14.689 | Step 1 | Particle 3 | GLOBAL BEST!
Global Improvement: 0.001516927083333286
  Move 1: TRIPLE_SWAP | Indices: (155, 237, 22)
=================================================================================
=================================================================================
2026-01-21T11:56:14.715 | Step 1 | Particle 19 | GLOBAL BEST!
Global Improvement: 0.002259114583333277
  Move 1: TRIPLE_SWAP | Indices: (175, 143, 68)
  Move 2: RANDOM_SWAP | Indices: (79, 198)
  Move 3: RANDOM_SWAP | Indices: (103, 42)
=================================================================================
=================================================================================
2026-01-21T11:56:14.731 | Step 1 | Particle 31 | GLOBAL BEST!
Global Improvement: 0.000817832341269753
  Move 1: TRIPLE_SWAP | Indices: (237, 67, 231)
=================================================================================
=================================================================================
2026-01-21T11:56:14.746 | Step 1 | Particle 70 | GLOBAL BEST!
Global Improvement: 0.003183593749999991
  Move 1: TRIPLE_SWAP | Indices: (29, 237, 42)
  Move 2: RANDOM_SWAP | Indices: (75, 40)
  Move 3: RANDOM_SWAP | Indices: (73, 234)
  Move 4: RANDOM_SWAP | Indices: (82, 164)
  Move 5: RANDOM_SWAP | Indices: (237, 164)
=================================================================================
=================================================================================
2026-01-21T11:56:14.780 | Step 1 | Particle 157 | GLOBAL BEST!
Global Improvement: 0.00021081349206353295
  Move 1: TRIPLE_SWAP | Indices: (244, 237, 208)
  Move 2: RANDOM_SWAP | Indices: (103, 239)
  Move 3: RANDOM_SWAP | Indices: (158, 22)
  Move 4: RANDOM_SWAP | Indices: (210, 40)
  Move 5: RANDOM_SWAP | Indices: (187, 207)
  Move 6: RANDOM_SWAP | Indices: (210, 61)
=================================================================================
=================================================================================
2026-01-21T11:56:14.899 | Step 2 | Particle 20 | GLOBAL BEST!
Global Improvement: 0.0025821552579365914
  Move 1: TRIPLE_SWAP | Indices: (186, 32, 237)
  Move 2: RANDOM_SWAP | Indices: (130, 38)
  Move 3: RANDOM_SWAP | Indices: (66, 202)
  Move 4: RANDOM_SWAP | Indices: (161, 138)
  Move 5: RANDOM_SWAP | Indices: (255, 61)
=================================================================================
=================================================================================
2026-01-21T11:56:14.953 | Step 2 | Particle 157 | GLOBAL BEST!
Global Improvement: 0.0015755208333332327
  Move 1: TRIPLE_SWAP | Indices: (153, 181, 231)
=================================================================================
=================================================================================
2026-01-21T11:56:15.242 | Step 3 | Particle 20 | GLOBAL BEST!
Global Improvement: 0.001953125
  Move 1: TRIPLE_SWAP | Indices: (105, 25, 131)
=================================================================================
=================================================================================
2026-01-21T11:56:15.269 | Step 3 | Particle 87 | GLOBAL BEST!
Global Improvement: 0.0005558655753969965
  Move 1: TRIPLE_SWAP | Indices: (231, 237, 100)
=================================================================================
=================================================================================
2026-01-21T11:56:15.427 | Step 4 | Particle 26 | GLOBAL BEST!
Global Improvement: 0.0002318948412696198
  Move 1: TRIPLE_SWAP | Indices: (93, 89, 230)
=================================================================================
=================================================================================
2026-01-21T11:56:15.451 | Step 4 | Particle 87 | GLOBAL BEST!
Global Improvement: 0.006614583333333535
  Move 1: TRIPLE_SWAP | Indices: (50, 62, 163)
  Move 2: RANDOM_SWAP | Indices: (59, 10)
  Move 3: RANDOM_SWAP | Indices: (240, 251)
  Move 4: RANDOM_SWAP | Indices: (52, 170)
  Move 5: RANDOM_SWAP | Indices: (224, 77)
  Move 6: RANDOM_SWAP | Indices: (254, 236)
=================================================================================
=================================================================================
2026-01-21T11:56:16.022 | Step 8 | Particle 5 | GLOBAL BEST!
Global Improvement: 0.0012760416666666163
  Move 1: TRIPLE_SWAP | Indices: (126, 151, 142)
=================================================================================
=================================================================================
2026-01-21T11:56:16.350 | Step 10 | Particle 40 | GLOBAL BEST!
Global Improvement: 9.765624999991118e-5
  Move 1: TRIPLE_SWAP | Indices: (113, 74, 50)
=================================================================================
=================================================================================
2026-01-21T11:56:16.482 | Step 11 | Particle 5 | GLOBAL BEST!
Global Improvement: 0.0013216145833332416
  Move 1: TRIPLE_SWAP | Indices: (139, 220, 158)
=================================================================================
=================================================================================
2026-01-21T11:56:16.811 | Step 13 | Particle 155 | GLOBAL BEST!
Global Improvement: 0.0014713541666668828
  Move 1: TRIPLE_SWAP | Indices: (74, 67, 94)
  Move 2: RANDOM_SWAP | Indices: (190, 200)
  Move 3: RANDOM_SWAP | Indices: (49, 144)
=================================================================================
=================================================================================
2026-01-21T11:56:16.894 | Step 14 | Particle 5 | GLOBAL BEST!
Global Improvement: 9.765624999991118e-5
  Move 1: TRIPLE_SWAP | Indices: (154, 188, 152)
=================================================================================
=================================================================================
2026-01-21T11:56:17.229 | Step 16 | Particle 184 | GLOBAL BEST!
Global Improvement: 0.000540364583333286
  Move 1: TRIPLE_SWAP | Indices: (81, 93, 4)
=================================================================================
=================================================================================
2026-01-21T11:56:17.688 | Step 20 | Particle 70 | GLOBAL BEST!
Global Improvement: 9.765625000013323e-5
  Move 1: TRIPLE_SWAP | Indices: (36, 220, 132)
=================================================================================
=================================================================================
2026-01-21T11:56:17.731 | Step 20 | Particle 180 | GLOBAL BEST!
Global Improvement: 0.001028645833333286
  Move 1: TRIPLE_SWAP | Indices: (225, 101, 237)
=================================================================================
=================================================================================
2026-01-21T11:56:18.568 | Step 27 | Particle 40 | GLOBAL BEST!
Global Improvement: 0.0008333333333332416
  Move 1: TRIPLE_SWAP | Indices: (93, 152, 153)
=================================================================================
=================================================================================
2026-01-21T11:56:20.383 | Step 41 | Particle 166 | GLOBAL BEST!
Global Improvement: 9.765625000013323e-5
  Move 1: TRIPLE_SWAP | Indices: (161, 111, 35)
=================================================================================
=================================================================================
2026-01-21T11:56:23.990 | Step 69 | Particle 193 | GLOBAL BEST!
Global Improvement: 0.00014973958333319715
  Move 1: TRIPLE_SWAP | Indices: (100, 96, 118)
=================================================================================
=================================================================================
2026-01-21T11:56:25.119 | Step 78 | Particle 175 | GLOBAL BEST!
Global Improvement: 0.0003906250000000888
  Move 1: TRIPLE_SWAP | Indices: (78, 57, 241)
=================================================================================
=================================================================================
2026-01-21T11:56:25.243 | Step 79 | Particle 175 | GLOBAL BEST!
Global Improvement: 9.765624999991118e-5
  Move 1: TRIPLE_SWAP | Indices: (140, 65, 73)
=================================================================================
=================================================================================
2026-01-21T11:56:35.275 | Step 158 | Particle 127 | GLOBAL BEST!
Global Improvement: 0.00024739583333333037
  Move 1: TRIPLE_SWAP | Indices: (44, 43, 249)
=================================================================================
=================================================================================
2026-01-21T11:56:37.043 | Step 171 | Particle 175 | GLOBAL BEST!
Global Improvement: 0.0003906250000000888
  Move 1: TRIPLE_SWAP | Indices: (104, 143, 185)
=================================================================================
=================================================================================
2026-01-21T11:56:37.420 | Step 174 | Particle 175 | GLOBAL BEST!
Global Improvement: 0.0001497395833334192
  Move 1: TRIPLE_SWAP | Indices: (232, 112, 108)
=================================================================================
=================================================================================
2026-01-21T11:56:38.193 | Step 180 | Particle 143 | GLOBAL BEST!
Global Improvement: 0.00024088541666644758
  Move 1: TRIPLE_SWAP | Indices: (96, 188, 229)
  Move 2: RANDOM_SWAP | Indices: (53, 242)
  Move 3: RANDOM_SWAP | Indices: (131, 190)
  Move 4: RANDOM_SWAP | Indices: (188, 225)
=================================================================================
=================================================================================
2026-01-21T11:56:38.731 | Step 184 | Particle 175 | GLOBAL BEST!
Global Improvement: 0.0002473958333335524
  Move 1: TRIPLE_SWAP | Indices: (166, 209, 150)
=================================================================================
=================================================================================
2026-01-21T11:56:38.872 | Step 185 | Particle 175 | GLOBAL BEST!
Global Improvement: 0.0013736979166665275
  Move 1: TRIPLE_SWAP | Indices: (56, 105, 231)
=================================================================================
=================================================================================
2026-01-21T11:56:39.002 | Step 186 | Particle 175 | GLOBAL BEST!
Global Improvement: 9.765624999991118e-5
  Move 1: TRIPLE_SWAP | Indices: (223, 240, 154)
=================================================================================
=================================================================================
2026-01-21T11:56:39.246 | Step 188 | Particle 175 | GLOBAL BEST!
Global Improvement: 0.0005859375000001332
  Move 1: TRIPLE_SWAP | Indices: (225, 9, 93)
=================================================================================
=================================================================================
2026-01-21T11:58:49.111 | Step 1013 | Particle 59 | GLOBAL BEST!
Global Improvement: 0.0001953125000000444
  Move 1: TRIPLE_SWAP | Indices: (254, 240, 205)
=================================================================================
=================================================================================
2026-01-21T11:58:49.902 | Step 1017 | Particle 59 | GLOBAL BEST!
Global Improvement: 0.000540364583333286
  Move 1: TRIPLE_SWAP | Indices: (93, 192, 47)
=================================================================================
=================================================================================
2026-01-21T11:59:54.734 | Step 1333 | Particle 167 | GLOBAL BEST!
Global Improvement: 0.0001953125000000444
  Move 1: TRIPLE_SWAP | Indices: (194, 193, 220)
=================================================================================
=================================================================================
2026-01-21T12:00:44.682 | Step 1566 | Particle 150 | GLOBAL BEST!
Global Improvement: 0.0004792906746031722
  Move 1: TRIPLE_SWAP | Indices: (252, 121, 122)
=================================================================================
=================================================================================
2026-01-21T12:05:43.421 | Step 2936 | Particle 30 | GLOBAL BEST!
Global Improvement: 0.0002929687499999556
  Move 1: TRIPLE_SWAP | Indices: (184, 200, 191)
=================================================================================
=================================================================================
2026-01-21T12:10:22.357 | Step 4220 | Particle 30 | GLOBAL BEST!
Global Improvement: 0.0008333333333332416
  Move 1: TRIPLE_SWAP | Indices: (219, 80, 66)
=================================================================================
=================================================================================
2026-01-21T12:10:23.222 | Step 4224 | Particle 30 | GLOBAL BEST!
Global Improvement: 0.0006380208333334192
  Move 1: TRIPLE_SWAP | Indices: (226, 70, 108)
  Move 2: RANDOM_SWAP | Indices: (142, 106)
=================================================================================
