# V3: TRIPLE SWAP KAPALI - Ablation Study
# Started on: 2026-01-21T21:18:15.032

=================================================================================
2026-01-21T21:18:15.141 | Step 1 | Particle 6 | GLOBAL BEST!
Global Improvement: 0.00616288442460311
  Move 1: RANDOM_SWAP | Indices: (191, 136)
  Move 2: RANDOM_SWAP | Indices: (223, 9)
  Move 3: RANDOM_SWAP | Indices: (38, 26)
  Move 4: RANDOM_SWAP | Indices: (34, 207)
  Move 5: RANDOM_SWAP | Indices: (79, 65)
=================================================================================
=================================================================================
2026-01-21T21:18:15.871 | Step 2 | Particle 9 | GLOBAL BEST!
Global Improvement: 0.0014713541666666607
  Move 1: GUIDED_SWAP_TO_GBEST | Indices: (191, 136)
  Move 2: GUIDED_SWAP_TO_GBEST | Indices: (34, 207)
  Move 3: GUIDED_SWAP_TO_GBEST | Indices: (65, 79)
  Move 4: GUIDED_SWAP_TO_GBEST | Indices: (38, 26)
  Move 5: GUIDED_SWAP_TO_PBEST | Indices: (26, 38)
  Move 6: GUIDED_SWAP_TO_PBEST | Indices: (65, 79)
  Move 7: GUIDED_SWAP_TO_PBEST | Indices: (207, 34)
  Move 8: GUIDED_SWAP_TO_PBEST | Indices: (191, 136)
  Move 9: GUIDED_SWAP_TO_GBEST | Indices: (191, 136)
  Move 10: GUIDED_SWAP_TO_GBEST | Indices: (26, 38)
  Move 11: GUIDED_SWAP_TO_GBEST | Indices: (9, 223)
  Move 12: GUIDED_SWAP_TO_GBEST | Indices: (34, 207)
=================================================================================
=================================================================================
2026-01-21T21:18:15.873 | Step 2 | Particle 13 | GLOBAL BEST!
Global Improvement: 0.005036582341269913
  Move 1: GUIDED_SWAP_TO_GBEST | Indices: (65, 79)
  Move 2: GUIDED_SWAP_TO_GBEST | Indices: (136, 191)
  Move 3: GUIDED_SWAP_TO_GBEST | Indices: (26, 38)
  Move 4: GUIDED_SWAP_TO_GBEST | Indices: (207, 34)
  Move 5: GUIDED_SWAP_TO_PBEST | Indices: (136, 191)
  Move 6: GUIDED_SWAP_TO_PBEST | Indices: (65, 79)
  Move 7: GUIDED_SWAP_TO_PBEST | Indices: (34, 207)
  Move 8: GUIDED_SWAP_TO_PBEST | Indices: (26, 38)
  Move 9: GUIDED_SWAP_TO_GBEST | Indices: (9, 223)
  Move 10: GUIDED_SWAP_TO_GBEST | Indices: (26, 38)
  Move 11: GUIDED_SWAP_TO_GBEST | Indices: (191, 136)
  Move 12: GUIDED_SWAP_TO_PBEST | Indices: (223, 9)
  Move 13: GUIDED_SWAP_TO_PBEST | Indices: (38, 26)
  Move 14: GUIDED_SWAP_TO_PBEST | Indices: (136, 191)
  Move 15: GUIDED_SWAP_TO_GBEST | Indices: (9, 223)
  Move 16: GUIDED_SWAP_TO_GBEST | Indices: (136, 191)
  Move 17: GUIDED_SWAP_TO_GBEST | Indices: (26, 38)
  Move 18: GUIDED_SWAP_TO_GBEST | Indices: (34, 207)
  Move 19: RANDOM_SWAP | Indices: (227, 231)
  Move 20: RANDOM_SWAP | Indices: (216, 208)
  Move 21: RANDOM_SWAP | Indices: (256, 205)
  Move 22: RANDOM_SWAP | Indices: (145, 102)
=================================================================================
=================================================================================
2026-01-21T21:18:16.569 | Step 3 | Particle 2 | GLOBAL BEST!
Global Improvement: 0.00034505208333324155
  Move 1: GUIDED_SWAP_TO_GBEST | Indices: (205, 256)
  Move 2: GUIDED_SWAP_TO_GBEST | Indices: (216, 208)
  Move 3: GUIDED_SWAP_TO_GBEST | Indices: (102, 145)
  Move 4: GUIDED_SWAP_TO_GBEST | Indices: (227, 231)
  Move 5: GUIDED_SWAP_TO_PBEST | Indices: (205, 256)
  Move 6: GUIDED_SWAP_TO_PBEST | Indices: (216, 208)
  Move 7: GUIDED_SWAP_TO_PBEST | Indices: (145, 102)
  Move 8: GUIDED_SWAP_TO_GBEST | Indices: (79, 65)
  Move 9: GUIDED_SWAP_TO_GBEST | Indices: (145, 102)
  Move 10: GUIDED_SWAP_TO_GBEST | Indices: (256, 205)
  Move 11: GUIDED_SWAP_TO_GBEST | Indices: (208, 216)
  Move 12: GUIDED_SWAP_TO_PBEST | Indices: (227, 231)
  Move 13: GUIDED_SWAP_TO_PBEST | Indices: (208, 216)
  Move 14: GUIDED_SWAP_TO_PBEST | Indices: (145, 102)
  Move 15: GUIDED_SWAP_TO_PBEST | Indices: (256, 205)
  Move 16: GUIDED_SWAP_TO_GBEST | Indices: (227, 231)
  Move 17: GUIDED_SWAP_TO_GBEST | Indices: (216, 208)
  Move 18: GUIDED_SWAP_TO_GBEST | Indices: (256, 205)
=================================================================================
=================================================================================
2026-01-21T21:18:16.576 | Step 3 | Particle 19 | GLOBAL BEST!
Global Improvement: 0.0022526041666666163
  Move 1: GUIDED_SWAP_TO_GBEST | Indices: (231, 227)
  Move 2: GUIDED_SWAP_TO_GBEST | Indices: (256, 205)
  Move 3: GUIDED_SWAP_TO_GBEST | Indices: (145, 102)
  Move 4: GUIDED_SWAP_TO_GBEST | Indices: (216, 208)
  Move 5: GUIDED_SWAP_TO_PBEST | Indices: (145, 102)
  Move 6: GUIDED_SWAP_TO_PBEST | Indices: (231, 227)
  Move 7: GUIDED_SWAP_TO_PBEST | Indices: (256, 205)
  Move 8: GUIDED_SWAP_TO_PBEST | Indices: (216, 208)
  Move 9: GUIDED_SWAP_TO_GBEST | Indices: (231, 227)
  Move 10: GUIDED_SWAP_TO_GBEST | Indices: (102, 145)
  Move 11: GUIDED_SWAP_TO_GBEST | Indices: (65, 79)
  Move 12: GUIDED_SWAP_TO_GBEST | Indices: (216, 208)
  Move 13: GUIDED_SWAP_TO_PBEST | Indices: (145, 102)
  Move 14: GUIDED_SWAP_TO_PBEST | Indices: (65, 79)
  Move 15: GUIDED_SWAP_TO_PBEST | Indices: (208, 216)
  Move 16: GUIDED_SWAP_TO_GBEST | Indices: (79, 65)
  Move 17: GUIDED_SWAP_TO_GBEST | Indices: (256, 205)
  Move 18: GUIDED_SWAP_TO_GBEST | Indices: (208, 216)
  Move 19: GUIDED_SWAP_TO_GBEST | Indices: (102, 145)
  Move 20: RANDOM_SWAP | Indices: (40, 256)
  Move 21: RANDOM_SWAP | Indices: (201, 30)
  Move 22: RANDOM_SWAP | Indices: (245, 133)
=================================================================================
=================================================================================
2026-01-21T21:18:17.005 | Step 4 | Particle 49 | GLOBAL BEST!
Global Improvement: 0.0007356770833333304
  Move 1: GUIDED_SWAP_TO_GBEST | Indices: (201, 30)
  Move 2: GUIDED_SWAP_TO_GBEST | Indices: (9, 73)
  Move 3: GUIDED_SWAP_TO_GBEST | Indices: (137, 16)
  Move 4: GUIDED_SWAP_TO_GBEST | Indices: (40, 256)
  Move 5: GUIDED_SWAP_TO_PBEST | Indices: (201, 30)
  Move 6: GUIDED_SWAP_TO_PBEST | Indices: (9, 73)
  Move 7: GUIDED_SWAP_TO_PBEST | Indices: (137, 16)
  Move 8: GUIDED_SWAP_TO_PBEST | Indices: (40, 256)
  Move 9: GUIDED_SWAP_TO_GBEST | Indices: (9, 73)
  Move 10: GUIDED_SWAP_TO_GBEST | Indices: (240, 50)
  Move 11: GUIDED_SWAP_TO_GBEST | Indices: (201, 30)
  Move 12: GUIDED_SWAP_TO_GBEST | Indices: (245, 133)
  Move 13: GUIDED_SWAP_TO_GBEST | Indices: (108, 4)
  Move 14: GUIDED_SWAP_TO_PBEST | Indices: (4, 108)
  Move 15: GUIDED_SWAP_TO_PBEST | Indices: (201, 30)
  Move 16: GUIDED_SWAP_TO_PBEST | Indices: (245, 133)
  Move 17: GUIDED_SWAP_TO_PBEST | Indices: (240, 50)
  Move 18: GUIDED_SWAP_TO_GBEST | Indices: (30, 201)
  Move 19: GUIDED_SWAP_TO_GBEST | Indices: (245, 133)
  Move 20: GUIDED_SWAP_TO_GBEST | Indices: (145, 102)
  Move 21: GUIDED_SWAP_TO_GBEST | Indices: (165, 144)
  Move 22: RANDOM_SWAP | Indices: (138, 99)
=================================================================================
=================================================================================
2026-01-21T21:18:17.084 | Step 5 | Particle 22 | GLOBAL BEST!
Global Improvement: 0.0013736979166667496
  Move 1: GUIDED_SWAP_TO_GBEST | Indices: (16, 137)
  Move 2: GUIDED_SWAP_TO_GBEST | Indices: (99, 138)
  Move 3: GUIDED_SWAP_TO_GBEST | Indices: (50, 240)
  Move 4: GUIDED_SWAP_TO_GBEST | Indices: (108, 4)
  Move 5: GUIDED_SWAP_TO_GBEST | Indices: (40, 256)
  Move 6: GUIDED_SWAP_TO_PBEST | Indices: (4, 108)
  Move 7: GUIDED_SWAP_TO_PBEST | Indices: (50, 240)
  Move 8: GUIDED_SWAP_TO_PBEST | Indices: (99, 138)
  Move 9: GUIDED_SWAP_TO_PBEST | Indices: (16, 137)
  Move 10: GUIDED_SWAP_TO_PBEST | Indices: (40, 256)
  Move 11: GUIDED_SWAP_TO_GBEST | Indices: (138, 99)
  Move 12: GUIDED_SWAP_TO_GBEST | Indices: (50, 240)
  Move 13: GUIDED_SWAP_TO_GBEST | Indices: (40, 256)
  Move 14: GUIDED_SWAP_TO_GBEST | Indices: (4, 108)
  Move 15: RANDOM_SWAP | Indices: (119, 3)
  Move 16: RANDOM_SWAP | Indices: (118, 179)
=================================================================================
=================================================================================
2026-01-21T21:18:17.135 | Step 5 | Particle 153 | GLOBAL BEST!
Global Improvement: 0.0002929687499999556
  Move 1: GUIDED_SWAP_TO_GBEST | Indices: (231, 118)
  Move 2: GUIDED_SWAP_TO_GBEST | Indices: (138, 99)
  Move 3: GUIDED_SWAP_TO_GBEST | Indices: (208, 35)
  Move 4: GUIDED_SWAP_TO_GBEST | Indices: (9, 223)
  Move 5: GUIDED_SWAP_TO_GBEST | Indices: (108, 4)
  Move 6: GUIDED_SWAP_TO_PBEST | Indices: (223, 9)
  Move 7: GUIDED_SWAP_TO_PBEST | Indices: (99, 138)
  Move 8: GUIDED_SWAP_TO_PBEST | Indices: (231, 118)
  Move 9: GUIDED_SWAP_TO_PBEST | Indices: (35, 208)
  Move 10: GUIDED_SWAP_TO_GBEST | Indices: (172, 47)
  Move 11: GUIDED_SWAP_TO_GBEST | Indices: (240, 50)
  Move 12: GUIDED_SWAP_TO_GBEST | Indices: (133, 245)
  Move 13: GUIDED_SWAP_TO_GBEST | Indices: (181, 116)
  Move 14: GUIDED_SWAP_TO_GBEST | Indices: (223, 9)
=================================================================================
=================================================================================
2026-01-21T21:18:17.438 | Step 6 | Particle 13 | GLOBAL BEST!
Global Improvement: 0.0009309895833333748
  Move 1: GUIDED_SWAP_TO_GBEST | Indices: (16, 137)
  Move 2: GUIDED_SWAP_TO_GBEST | Indices: (138, 99)
  Move 3: GUIDED_SWAP_TO_GBEST | Indices: (118, 231)
  Move 4: GUIDED_SWAP_TO_GBEST | Indices: (73, 85)
  Move 5: GUIDED_SWAP_TO_GBEST | Indices: (256, 40)
  Move 6: GUIDED_SWAP_TO_PBEST | Indices: (16, 137)
  Move 7: GUIDED_SWAP_TO_PBEST | Indices: (85, 73)
  Move 8: GUIDED_SWAP_TO_PBEST | Indices: (138, 99)
  Move 9: GUIDED_SWAP_TO_GBEST | Indices: (85, 73)
  Move 10: GUIDED_SWAP_TO_GBEST | Indices: (137, 16)
  Move 11: GUIDED_SWAP_TO_GBEST | Indices: (35, 208)
  Move 12: GUIDED_SWAP_TO_GBEST | Indices: (99, 138)
  Move 13: GUIDED_SWAP_TO_PBEST | Indices: (35, 208)
  Move 14: GUIDED_SWAP_TO_PBEST | Indices: (73, 85)
  Move 15: GUIDED_SWAP_TO_PBEST | Indices: (99, 138)
  Move 16: GUIDED_SWAP_TO_PBEST | Indices: (256, 40)
  Move 17: GUIDED_SWAP_TO_GBEST | Indices: (35, 208)
  Move 18: GUIDED_SWAP_TO_GBEST | Indices: (256, 40)
  Move 19: GUIDED_SWAP_TO_GBEST | Indices: (99, 138)
=================================================================================
=================================================================================
2026-01-21T21:18:18.148 | Step 9 | Particle 59 | GLOBAL BEST!
Global Improvement: 0.0007356770833333304
  Move 1: GUIDED_SWAP_TO_GBEST | Indices: (250, 57)
  Move 2: GUIDED_SWAP_TO_GBEST | Indices: (7, 194)
  Move 3: GUIDED_SWAP_TO_GBEST | Indices: (21, 197)
  Move 4: GUIDED_SWAP_TO_PBEST | Indices: (194, 7)
  Move 5: GUIDED_SWAP_TO_PBEST | Indices: (21, 197)
  Move 6: GUIDED_SWAP_TO_PBEST | Indices: (57, 250)
  Move 7: GUIDED_SWAP_TO_GBEST | Indices: (21, 197)
  Move 8: GUIDED_SWAP_TO_GBEST | Indices: (7, 194)
  Move 9: GUIDED_SWAP_TO_GBEST | Indices: (57, 250)
  Move 10: RANDOM_SWAP | Indices: (221, 107)
  Move 11: RANDOM_SWAP | Indices: (230, 25)
=================================================================================
=================================================================================
2026-01-21T21:18:18.215 | Step 10 | Particle 26 | GLOBAL BEST!
Global Improvement: 0.0017643229166666163
  Move 1: GUIDED_SWAP_TO_GBEST | Indices: (104, 57)
  Move 2: GUIDED_SWAP_TO_GBEST | Indices: (113, 254)
  Move 3: GUIDED_SWAP_TO_GBEST | Indices: (25, 230)
  Move 4: GUIDED_SWAP_TO_GBEST | Indices: (132, 187)
  Move 5: GUIDED_SWAP_TO_GBEST | Indices: (150, 57)
  Move 6: GUIDED_SWAP_TO_PBEST | Indices: (104, 150)
  Move 7: GUIDED_SWAP_TO_PBEST | Indices: (57, 150)
  Move 8: GUIDED_SWAP_TO_PBEST | Indices: (113, 254)
  Move 9: GUIDED_SWAP_TO_PBEST | Indices: (230, 25)
  Move 10: GUIDED_SWAP_TO_PBEST | Indices: (132, 187)
  Move 11: GUIDED_SWAP_TO_GBEST | Indices: (83, 157)
  Move 12: GUIDED_SWAP_TO_GBEST | Indices: (104, 57)
  Move 13: GUIDED_SWAP_TO_GBEST | Indices: (221, 107)
  Move 14: GUIDED_SWAP_TO_GBEST | Indices: (230, 25)
  Move 15: GUIDED_SWAP_TO_GBEST | Indices: (150, 57)
=================================================================================
=================================================================================
2026-01-21T21:18:18.740 | Step 16 | Particle 70 | GLOBAL BEST!
Global Improvement: 0.0004427083333333748
  Move 1: RANDOM_SWAP | Indices: (197, 124)
=================================================================================
=================================================================================
2026-01-21T21:18:18.785 | Step 16 | Particle 189 | GLOBAL BEST!
Global Improvement: 0.0002929687499999556
  Move 1: RANDOM_SWAP | Indices: (7, 4)
=================================================================================
=================================================================================
2026-01-21T21:18:18.859 | Step 17 | Particle 50 | GLOBAL BEST!
Global Improvement: 9.765625000013323e-5
  Move 1: GUIDED_SWAP_TO_PBEST | Indices: (151, 56)
  Move 2: GUIDED_SWAP_TO_PBEST | Indices: (254, 124)
  Move 3: GUIDED_SWAP_TO_PBEST | Indices: (4, 161)
  Move 4: GUIDED_SWAP_TO_GBEST | Indices: (7, 4)
  Move 5: GUIDED_SWAP_TO_PBEST | Indices: (7, 4)
  Move 6: GUIDED_SWAP_TO_GBEST | Indices: (7, 4)
  Move 7: RANDOM_SWAP | Indices: (251, 141)
=================================================================================
=================================================================================
2026-01-21T21:18:18.940 | Step 18 | Particle 55 | GLOBAL BEST!
Global Improvement: 0.0006380208333331971
  Move 1: GUIDED_SWAP_TO_PBEST | Indices: (168, 47)
  Move 2: GUIDED_SWAP_TO_PBEST | Indices: (67, 233)
  Move 3: GUIDED_SWAP_TO_PBEST | Indices: (43, 202)
  Move 4: GUIDED_SWAP_TO_GBEST | Indices: (1, 34)
  Move 5: GUIDED_SWAP_TO_GBEST | Indices: (141, 251)
  Move 6: GUIDED_SWAP_TO_PBEST | Indices: (4, 7)
  Move 7: GUIDED_SWAP_TO_PBEST | Indices: (251, 141)
  Move 8: GUIDED_SWAP_TO_GBEST | Indices: (4, 7)
  Move 9: GUIDED_SWAP_TO_GBEST | Indices: (141, 251)
  Move 10: RANDOM_SWAP | Indices: (124, 177)
=================================================================================
=================================================================================
2026-01-21T21:18:19.053 | Step 19 | Particle 140 | GLOBAL BEST!
Global Improvement: 9.765625000013323e-5
  Move 1: GUIDED_SWAP_TO_PBEST | Indices: (121, 84)
  Move 2: GUIDED_SWAP_TO_PBEST | Indices: (227, 104)
  Move 3: GUIDED_SWAP_TO_PBEST | Indices: (67, 51)
  Move 4: GUIDED_SWAP_TO_GBEST | Indices: (177, 124)
  Move 5: GUIDED_SWAP_TO_PBEST | Indices: (141, 251)
  Move 6: GUIDED_SWAP_TO_PBEST | Indices: (124, 177)
  Move 7: GUIDED_SWAP_TO_GBEST | Indices: (141, 251)
  Move 8: GUIDED_SWAP_TO_GBEST | Indices: (177, 124)
  Move 9: GUIDED_SWAP_TO_PBEST | Indices: (177, 124)
  Move 10: GUIDED_SWAP_TO_PBEST | Indices: (141, 251)
  Move 11: GUIDED_SWAP_TO_GBEST | Indices: (177, 124)
  Move 12: GUIDED_SWAP_TO_GBEST | Indices: (251, 141)
  Move 13: RANDOM_SWAP | Indices: (157, 252)
  Move 14: RANDOM_SWAP | Indices: (232, 175)
=================================================================================
=================================================================================
2026-01-21T21:18:19.054 | Step 19 | Particle 142 | GLOBAL BEST!
Global Improvement: 9.765624999991118e-5
  Move 1: GUIDED_SWAP_TO_PBEST | Indices: (61, 256)
  Move 2: GUIDED_SWAP_TO_PBEST | Indices: (141, 251)
  Move 3: GUIDED_SWAP_TO_PBEST | Indices: (244, 89)
  Move 4: GUIDED_SWAP_TO_PBEST | Indices: (130, 158)
  Move 5: GUIDED_SWAP_TO_GBEST | Indices: (6, 254)
  Move 6: GUIDED_SWAP_TO_GBEST | Indices: (251, 141)
  Move 7: GUIDED_SWAP_TO_GBEST | Indices: (124, 177)
  Move 8: GUIDED_SWAP_TO_PBEST | Indices: (251, 141)
  Move 9: GUIDED_SWAP_TO_PBEST | Indices: (124, 177)
  Move 10: GUIDED_SWAP_TO_GBEST | Indices: (251, 141)
  Move 11: GUIDED_SWAP_TO_GBEST | Indices: (124, 177)
  Move 12: GUIDED_SWAP_TO_PBEST | Indices: (141, 251)
  Move 13: GUIDED_SWAP_TO_PBEST | Indices: (177, 124)
  Move 14: GUIDED_SWAP_TO_GBEST | Indices: (251, 141)
  Move 15: GUIDED_SWAP_TO_GBEST | Indices: (124, 177)
  Move 16: RANDOM_SWAP | Indices: (77, 207)
=================================================================================
=================================================================================
2026-01-21T21:18:19.281 | Step 22 | Particle 117 | GLOBAL BEST!
Global Improvement: 0.0007356770833333304
  Move 1: RANDOM_SWAP | Indices: (105, 4)
=================================================================================
=================================================================================
2026-01-21T21:18:19.537 | Step 25 | Particle 176 | GLOBAL BEST!
Global Improvement: 0.0006380208333334192
  Move 1: RANDOM_SWAP | Indices: (130, 85)
=================================================================================
=================================================================================
2026-01-21T21:18:20.749 | Step 28 | Particle 117 | GLOBAL BEST!
Global Improvement: 9.765624999991118e-5
  Move 1: GUIDED_SWAP_TO_GBEST | Indices: (203, 230)
  Move 2: GUIDED_SWAP_TO_GBEST | Indices: (216, 120)
  Move 3: GUIDED_SWAP_TO_GBEST | Indices: (254, 108)
  Move 4: RANDOM_SWAP | Indices: (241, 12)
=================================================================================
=================================================================================
2026-01-21T21:18:21.553 | Step 31 | Particle 158 | GLOBAL BEST!
Global Improvement: 9.765625000013323e-5
  Move 1: RANDOM_SWAP | Indices: (232, 157)
=================================================================================
=================================================================================
2026-01-21T21:18:21.617 | Step 32 | Particle 118 | GLOBAL BEST!
Global Improvement: 0.0008333333333332416
  Move 1: GUIDED_SWAP_TO_GBEST | Indices: (232, 157)
  Move 2: RANDOM_SWAP | Indices: (234, 163)
  Move 3: RANDOM_SWAP | Indices: (43, 139)
  Move 4: RANDOM_SWAP | Indices: (32, 203)
=================================================================================
=================================================================================
2026-01-21T21:18:22.075 | Step 37 | Particle 96 | GLOBAL BEST!
Global Improvement: 9.765624999991118e-5
  Move 1: RANDOM_SWAP | Indices: (180, 216)
=================================================================================
=================================================================================
2026-01-21T21:18:25.495 | Step 77 | Particle 51 | GLOBAL BEST!
Global Improvement: 5.2083333333285964e-5
  Move 1: GUIDED_SWAP_TO_PBEST | Indices: (163, 72)
  Move 2: GUIDED_SWAP_TO_PBEST | Indices: (169, 184)
  Move 3: RANDOM_SWAP | Indices: (232, 38)
=================================================================================
=================================================================================
2026-01-21T21:18:25.624 | Step 78 | Particle 182 | GLOBAL BEST!
Global Improvement: 0.00029296875000017764
  Move 1: GUIDED_SWAP_TO_GBEST | Indices: (38, 232)
  Move 2: GUIDED_SWAP_TO_PBEST | Indices: (38, 232)
  Move 3: GUIDED_SWAP_TO_GBEST | Indices: (232, 38)
  Move 4: RANDOM_SWAP | Indices: (42, 1)
=================================================================================
=================================================================================
2026-01-21T21:18:25.703 | Step 79 | Particle 184 | GLOBAL BEST!
Global Improvement: 0.0002929687499999556
  Move 1: GUIDED_SWAP_TO_GBEST | Indices: (232, 38)
  Move 2: GUIDED_SWAP_TO_GBEST | Indices: (1, 42)
  Move 3: GUIDED_SWAP_TO_PBEST | Indices: (42, 1)
  Move 4: GUIDED_SWAP_TO_PBEST | Indices: (38, 232)
  Move 5: GUIDED_SWAP_TO_GBEST | Indices: (38, 232)
  Move 6: GUIDED_SWAP_TO_GBEST | Indices: (1, 42)
  Move 7: RANDOM_SWAP | Indices: (198, 131)
=================================================================================
=================================================================================
2026-01-21T21:18:26.415 | Step 80 | Particle 107 | GLOBAL BEST!
Global Improvement: 0.0001953125000000444
  Move 1: GUIDED_SWAP_TO_PBEST | Indices: (75, 166)
  Move 2: GUIDED_SWAP_TO_PBEST | Indices: (91, 145)
  Move 3: GUIDED_SWAP_TO_PBEST | Indices: (96, 23)
  Move 4: GUIDED_SWAP_TO_PBEST | Indices: (215, 253)
  Move 5: GUIDED_SWAP_TO_GBEST | Indices: (131, 198)
  Move 6: GUIDED_SWAP_TO_PBEST | Indices: (1, 42)
  Move 7: GUIDED_SWAP_TO_PBEST | Indices: (232, 38)
  Move 8: GUIDED_SWAP_TO_PBEST | Indices: (198, 131)
  Move 9: GUIDED_SWAP_TO_GBEST | Indices: (232, 38)
  Move 10: GUIDED_SWAP_TO_GBEST | Indices: (131, 198)
  Move 11: GUIDED_SWAP_TO_GBEST | Indices: (1, 42)
  Move 12: RANDOM_SWAP | Indices: (168, 124)
=================================================================================
=================================================================================
2026-01-21T21:18:29.620 | Step 115 | Particle 77 | GLOBAL BEST!
Global Improvement: 5.2083333333285964e-5
  Move 1: RANDOM_SWAP | Indices: (184, 213)
=================================================================================
=================================================================================
2026-01-21T21:18:29.793 | Step 117 | Particle 118 | GLOBAL BEST!
Global Improvement: 0.0001953125000000444
  Move 1: GUIDED_SWAP_TO_GBEST | Indices: (213, 184)
  Move 2: GUIDED_SWAP_TO_PBEST | Indices: (213, 184)
  Move 3: GUIDED_SWAP_TO_GBEST | Indices: (213, 184)
  Move 4: RANDOM_SWAP | Indices: (188, 117)
=================================================================================
=================================================================================
2026-01-21T21:18:29.865 | Step 118 | Particle 100 | GLOBAL BEST!
Global Improvement: 0.0001953125000000444
  Move 1: GUIDED_SWAP_TO_PBEST | Indices: (96, 163)
  Move 2: GUIDED_SWAP_TO_PBEST | Indices: (97, 137)
  Move 3: GUIDED_SWAP_TO_PBEST | Indices: (40, 26)
  Move 4: GUIDED_SWAP_TO_PBEST | Indices: (98, 149)
  Move 5: GUIDED_SWAP_TO_PBEST | Indices: (105, 185)
  Move 6: GUIDED_SWAP_TO_GBEST | Indices: (188, 117)
  Move 7: RANDOM_SWAP | Indices: (241, 185)
=================================================================================
=================================================================================
2026-01-21T21:18:29.917 | Step 119 | Particle 33 | GLOBAL BEST!
Global Improvement: 0.00019531249999982236
  Move 1: GUIDED_SWAP_TO_GBEST | Indices: (241, 185)
  Move 2: GUIDED_SWAP_TO_PBEST | Indices: (241, 185)
  Move 3: GUIDED_SWAP_TO_GBEST | Indices: (185, 241)
  Move 4: GUIDED_SWAP_TO_PBEST | Indices: (185, 241)
  Move 5: GUIDED_SWAP_TO_GBEST | Indices: (241, 185)
  Move 6: RANDOM_SWAP | Indices: (123, 152)
=================================================================================
=================================================================================
2026-01-21T21:18:30.287 | Step 120 | Particle 37 | GLOBAL BEST!
Global Improvement: 9.765625000013323e-5
  Move 1: GUIDED_SWAP_TO_PBEST | Indices: (185, 241)
  Move 2: GUIDED_SWAP_TO_PBEST | Indices: (99, 250)
  Move 3: GUIDED_SWAP_TO_PBEST | Indices: (29, 118)
  Move 4: GUIDED_SWAP_TO_PBEST | Indices: (160, 83)
  Move 5: GUIDED_SWAP_TO_PBEST | Indices: (137, 55)
  Move 6: GUIDED_SWAP_TO_GBEST | Indices: (218, 139)
  Move 7: GUIDED_SWAP_TO_GBEST | Indices: (185, 241)
  Move 8: GUIDED_SWAP_TO_GBEST | Indices: (152, 123)
  Move 9: GUIDED_SWAP_TO_PBEST | Indices: (152, 123)
  Move 10: GUIDED_SWAP_TO_PBEST | Indices: (185, 241)
  Move 11: GUIDED_SWAP_TO_GBEST | Indices: (152, 123)
  Move 12: GUIDED_SWAP_TO_GBEST | Indices: (185, 241)
  Move 13: GUIDED_SWAP_TO_PBEST | Indices: (152, 123)
  Move 14: GUIDED_SWAP_TO_PBEST | Indices: (241, 185)
  Move 15: GUIDED_SWAP_TO_GBEST | Indices: (241, 185)
  Move 16: GUIDED_SWAP_TO_GBEST | Indices: (123, 152)
  Move 17: RANDOM_SWAP | Indices: (151, 88)
=================================================================================
=================================================================================
2026-01-21T21:18:30.615 | Step 124 | Particle 67 | GLOBAL BEST!
Global Improvement: 9.765624999991118e-5
  Move 1: GUIDED_SWAP_TO_GBEST | Indices: (234, 94)
  Move 2: GUIDED_SWAP_TO_GBEST | Indices: (125, 245)
  Move 3: GUIDED_SWAP_TO_GBEST | Indices: (147, 160)
  Move 4: GUIDED_SWAP_TO_GBEST | Indices: (15, 3)
  Move 5: RANDOM_SWAP | Indices: (209, 184)
  Move 6: RANDOM_SWAP | Indices: (162, 203)
=================================================================================
=================================================================================
2026-01-21T21:18:31.666 | Step 134 | Particle 136 | GLOBAL BEST!
Global Improvement: 0.0007356770833333304
  Move 1: GUIDED_SWAP_TO_PBEST | Indices: (7, 158)
  Move 2: GUIDED_SWAP_TO_PBEST | Indices: (208, 52)
  Move 3: GUIDED_SWAP_TO_PBEST | Indices: (147, 1)
  Move 4: GUIDED_SWAP_TO_PBEST | Indices: (28, 96)
  Move 5: RANDOM_SWAP | Indices: (41, 214)
=================================================================================
=================================================================================
2026-01-21T21:18:32.218 | Step 141 | Particle 146 | GLOBAL BEST!
Global Improvement: 9.765624999991118e-5
  Move 1: RANDOM_SWAP | Indices: (220, 7)
=================================================================================
=================================================================================
2026-01-21T21:18:48.234 | Step 320 | Particle 74 | GLOBAL BEST!
Global Improvement: 0.0004427083333333748
  Move 1: RANDOM_SWAP | Indices: (223, 11)
=================================================================================
=================================================================================
2026-01-21T21:18:49.525 | Step 336 | Particle 36 | GLOBAL BEST!
Global Improvement: 0.0001953125000000444
  Move 1: RANDOM_SWAP | Indices: (152, 31)
=================================================================================
=================================================================================
2026-01-21T21:18:50.052 | Step 341 | Particle 180 | GLOBAL BEST!
Global Improvement: 9.765625000013323e-5
  Move 1: RANDOM_SWAP | Indices: (87, 254)
=================================================================================
=================================================================================
2026-01-21T21:18:53.806 | Step 373 | Particle 156 | GLOBAL BEST!
Global Improvement: 9.765624999991118e-5
  Move 1: RANDOM_SWAP | Indices: (9, 254)
=================================================================================
=================================================================================
2026-01-21T21:19:43.822 | Step 889 | Particle 198 | GLOBAL BEST!
Global Improvement: 0.0006380208333334192
  Move 1: RANDOM_SWAP | Indices: (22, 124)
=================================================================================
=================================================================================
2026-01-21T21:19:45.068 | Step 905 | Particle 179 | GLOBAL BEST!
Global Improvement: 0.00019531249999982236
  Move 1: RANDOM_SWAP | Indices: (88, 205)
=================================================================================
