# V5: GUIDED SWAP KAPALI - Ablation Study
# Started on: 2026-01-21T18:48:37.377

=================================================================================
2026-01-21T18:48:37.611 | Step 1 | Particle 2 | GLOBAL BEST!
Global Improvement: 0.0038736979166666963
  Move 1: TRIPLE_SWAP | Indices: (235, 134, 102)
=================================================================================
=================================================================================
2026-01-21T18:48:37.632 | Step 1 | Particle 4 | GLOBAL BEST!
Global Improvement: 0.0018033854166668029
  Move 1: TRIPLE_SWAP | Indices: (111, 108, 156)
  Move 2: RANDOM_SWAP | Indices: (131, 42)
  Move 3: RANDOM_SWAP | Indices: (115, 256)
=================================================================================
=================================================================================
2026-01-21T18:48:37.648 | Step 1 | Particle 18 | GLOBAL BEST!
Global Improvement: 6.5104166666607455e-6
  Move 1: TRIPLE_SWAP | Indices: (155, 65, 164)
  Move 2: RANDOM_SWAP | Indices: (207, 237)
  Move 3: RANDOM_SWAP | Indices: (38, 220)
=================================================================================
=================================================================================
2026-01-21T18:48:37.689 | Step 1 | Particle 123 | GLOBAL BEST!
Global Improvement: 0.002102864583333197
  Move 1: TRIPLE_SWAP | Indices: (122, 111, 76)
  Move 2: RANDOM_SWAP | Indices: (85, 167)
  Move 3: RANDOM_SWAP | Indices: (41, 164)
  Move 4: RANDOM_SWAP | Indices: (124, 91)
  Move 5: RANDOM_SWAP | Indices: (20, 111)
=================================================================================
=================================================================================
2026-01-21T18:48:37.813 | Step 2 | Particle 26 | GLOBAL BEST!
Global Improvement: 0.0004427083333333748
  Move 1: TRIPLE_SWAP | Indices: (116, 164, 206)
  Move 2: RANDOM_SWAP | Indices: (130, 250)
  Move 3: RANDOM_SWAP | Indices: (99, 225)
=================================================================================
=================================================================================
2026-01-21T18:48:37.821 | Step 2 | Particle 45 | GLOBAL BEST!
Global Improvement: 0.0005338541666666252
  Move 1: TRIPLE_SWAP | Indices: (33, 16, 37)
  Move 2: RANDOM_SWAP | Indices: (52, 194)
  Move 3: RANDOM_SWAP | Indices: (77, 42)
  Move 4: RANDOM_SWAP | Indices: (119, 199)
=================================================================================
=================================================================================
2026-01-21T18:48:37.852 | Step 2 | Particle 123 | GLOBAL BEST!
Global Improvement: 0.0009830729166666607
  Move 1: TRIPLE_SWAP | Indices: (237, 158, 108)
=================================================================================
=================================================================================
2026-01-21T18:48:38.166 | Step 3 | Particle 45 | GLOBAL BEST!
Global Improvement: 0.002643229166666705
  Move 1: TRIPLE_SWAP | Indices: (70, 67, 35)
=================================================================================
=================================================================================
2026-01-21T18:48:38.333 | Step 4 | Particle 18 | GLOBAL BEST!
Global Improvement: 0.0033854166666666963
  Move 1: TRIPLE_SWAP | Indices: (76, 55, 255)
  Move 2: RANDOM_SWAP | Indices: (150, 133)
  Move 3: RANDOM_SWAP | Indices: (248, 57)
  Move 4: RANDOM_SWAP | Indices: (109, 173)
  Move 5: RANDOM_SWAP | Indices: (30, 169)
=================================================================================
=================================================================================
2026-01-21T18:48:38.531 | Step 5 | Particle 123 | GLOBAL BEST!
Global Improvement: 0.00048828125
  Move 1: TRIPLE_SWAP | Indices: (256, 151, 64)
=================================================================================
=================================================================================
2026-01-21T18:48:38.686 | Step 6 | Particle 114 | GLOBAL BEST!
Global Improvement: 0.0008333333333332416
  Move 1: TRIPLE_SWAP | Indices: (61, 41, 60)
=================================================================================
=================================================================================
2026-01-21T18:48:38.810 | Step 7 | Particle 34 | GLOBAL BEST!
Global Improvement: 0.00048828125
  Move 1: TRIPLE_SWAP | Indices: (14, 139, 227)
=================================================================================
=================================================================================
2026-01-21T18:48:38.972 | Step 8 | Particle 71 | GLOBAL BEST!
Global Improvement: 0.000540364583333508
  Move 1: TRIPLE_SWAP | Indices: (175, 76, 203)
=================================================================================
=================================================================================
2026-01-21T18:48:39.135 | Step 9 | Particle 116 | GLOBAL BEST!
Global Improvement: 0.00034505208333324155
  Move 1: TRIPLE_SWAP | Indices: (231, 154, 112)
=================================================================================
=================================================================================
2026-01-21T18:48:39.390 | Step 11 | Particle 71 | GLOBAL BEST!
Global Improvement: 0.0006380208333334192
  Move 1: TRIPLE_SWAP | Indices: (188, 104, 6)
=================================================================================
=================================================================================
2026-01-21T18:48:39.426 | Step 11 | Particle 162 | GLOBAL BEST!
Global Improvement: 9.765624999991118e-5
  Move 1: TRIPLE_SWAP | Indices: (137, 86, 25)
=================================================================================
=================================================================================
2026-01-21T18:48:39.534 | Step 12 | Particle 80 | GLOBAL BEST!
Global Improvement: 0.0003906250000000888
  Move 1: TRIPLE_SWAP | Indices: (5, 91, 128)
  Move 2: RANDOM_SWAP | Indices: (131, 185)
=================================================================================
=================================================================================
2026-01-21T18:48:39.788 | Step 14 | Particle 37 | GLOBAL BEST!
Global Improvement: 0.0009309895833331527
  Move 1: TRIPLE_SWAP | Indices: (48, 227, 234)
=================================================================================
=================================================================================
2026-01-21T18:48:40.040 | Step 16 | Particle 37 | GLOBAL BEST!
Global Improvement: 0.001028645833333508
  Move 1: TRIPLE_SWAP | Indices: (253, 131, 37)
=================================================================================
=================================================================================
2026-01-21T18:48:40.183 | Step 17 | Particle 85 | GLOBAL BEST!
Global Improvement: 3.6582341269797425e-5
  Move 1: TRIPLE_SWAP | Indices: (44, 170, 161)
=================================================================================
=================================================================================
2026-01-21T18:48:40.417 | Step 19 | Particle 16 | GLOBAL BEST!
Global Improvement: 0.0007967509920634441
  Move 1: TRIPLE_SWAP | Indices: (226, 23, 57)
=================================================================================
=================================================================================
2026-01-21T18:48:40.952 | Step 23 | Particle 70 | GLOBAL BEST!
Global Improvement: 0.0002929687499999556
  Move 1: TRIPLE_SWAP | Indices: (131, 203, 223)
=================================================================================
=================================================================================
2026-01-21T18:48:41.299 | Step 26 | Particle 25 | GLOBAL BEST!
Global Improvement: 0.0008333333333334636
  Move 1: TRIPLE_SWAP | Indices: (56, 60, 95)
=================================================================================
=================================================================================
2026-01-21T18:48:42.498 | Step 34 | Particle 5 | GLOBAL BEST!
Global Improvement: 0.001569010416666572
  Move 1: TRIPLE_SWAP | Indices: (245, 40, 96)
=================================================================================
=================================================================================
2026-01-21T18:49:06.954 | Step 223 | Particle 24 | GLOBAL BEST!
Global Improvement: 0.0002839781746031278
  Move 1: TRIPLE_SWAP | Indices: (98, 185, 169)
=================================================================================
=================================================================================
2026-01-21T18:49:14.652 | Step 281 | Particle 40 | GLOBAL BEST!
Global Improvement: 0.0012850322420636662
  Move 1: TRIPLE_SWAP | Indices: (76, 51, 122)
=================================================================================
=================================================================================
2026-01-21T18:49:21.522 | Step 328 | Particle 146 | GLOBAL BEST!
Global Improvement: 0.0007356770833331083
  Move 1: TRIPLE_SWAP | Indices: (236, 141, 70)
=================================================================================
=================================================================================
2026-01-21T18:50:18.042 | Step 715 | Particle 38 | GLOBAL BEST!
Global Improvement: 9.765625000013323e-5
  Move 1: TRIPLE_SWAP | Indices: (19, 1, 155)
=================================================================================
=================================================================================
2026-01-21T18:50:57.407 | Step 959 | Particle 82 | GLOBAL BEST!
Global Improvement: 0.0002839781746031278
  Move 1: TRIPLE_SWAP | Indices: (14, 221, 76)
=================================================================================
=================================================================================
2026-01-21T18:51:49.125 | Step 1232 | Particle 14 | GLOBAL BEST!
Global Improvement: 0.0007446676587301582
  Move 1: TRIPLE_SWAP | Indices: (13, 157, 227)
=================================================================================
=================================================================================
2026-01-21T18:52:00.645 | Step 1288 | Particle 70 | GLOBAL BEST!
Global Improvement: 0.0005769469246033054
  Move 1: TRIPLE_SWAP | Indices: (242, 256, 240)
=================================================================================
=================================================================================
2026-01-21T18:52:51.621 | Step 1527 | Particle 100 | GLOBAL BEST!
Global Improvement: 9.765624999991118e-5
  Move 1: TRIPLE_SWAP | Indices: (19, 6, 52)
=================================================================================
