# V3: TRIPLE SWAP KAPALI - Ablation Study
# Started on: 2026-01-21T00:25:53.044

=================================================================================
2026-01-21T00:25:53.216 | Step 1 | Particle 4 | GLOBAL BEST!
Global Improvement: 0.0027318948412697885
  Move 1: RANDOM_SWAP | Indices: (50, 196)
  Move 2: RANDOM_SWAP | Indices: (103, 155)
  Move 3: RANDOM_SWAP | Indices: (182, 219)
=================================================================================
=================================================================================
2026-01-21T00:25:53.236 | Step 1 | Particle 8 | GLOBAL BEST!
Global Improvement: 0.0050000000000001155
  Move 1: RANDOM_SWAP | Indices: (239, 87)
  Move 2: RANDOM_SWAP | Indices: (213, 237)
  Move 3: RANDOM_SWAP | Indices: (49, 192)
  Move 4: RANDOM_SWAP | Indices: (141, 81)
  Move 5: RANDOM_SWAP | Indices: (205, 7)
=================================================================================
=================================================================================
2026-01-21T00:25:53.245 | Step 1 | Particle 31 | GLOBAL BEST!
Global Improvement: 0.0007877604166666163
  Move 1: RANDOM_SWAP | Indices: (212, 24)
  Move 2: RANDOM_SWAP | Indices: (127, 142)
  Move 3: RANDOM_SWAP | Indices: (96, 74)
  Move 4: RANDOM_SWAP | Indices: (232, 237)
  Move 5: RANDOM_SWAP | Indices: (235, 49)
=================================================================================
=================================================================================
2026-01-21T00:25:53.271 | Step 1 | Particle 99 | GLOBAL BEST!
Global Improvement: 0.0008789062499998668
  Move 1: RANDOM_SWAP | Indices: (50, 51)
  Move 2: RANDOM_SWAP | Indices: (234, 36)
  Move 3: RANDOM_SWAP | Indices: (237, 16)
=================================================================================
=================================================================================
2026-01-21T00:25:53.299 | Step 1 | Particle 172 | GLOBAL BEST!
Global Improvement: 0.00146484375
  Move 1: RANDOM_SWAP | Indices: (180, 221)
  Move 2: RANDOM_SWAP | Indices: (15, 181)
  Move 3: RANDOM_SWAP | Indices: (236, 140)
  Move 4: RANDOM_SWAP | Indices: (211, 201)
  Move 5: RANDOM_SWAP | Indices: (237, 186)
=================================================================================
=================================================================================
2026-01-21T00:25:53.573 | Step 2 | Particle 13 | GLOBAL BEST!
Global Improvement: 0.0028450520833334103
  Move 1: GUIDED_SWAP_TO_GBEST | Indices: (181, 15)
  Move 2: GUIDED_SWAP_TO_GBEST | Indices: (237, 186)
  Move 3: GUIDED_SWAP_TO_GBEST | Indices: (221, 180)
  Move 4: GUIDED_SWAP_TO_GBEST | Indices: (201, 211)
  Move 5: GUIDED_SWAP_TO_PBEST | Indices: (186, 237)
  Move 6: GUIDED_SWAP_TO_PBEST | Indices: (180, 221)
  Move 7: GUIDED_SWAP_TO_PBEST | Indices: (211, 201)
  Move 8: GUIDED_SWAP_TO_GBEST | Indices: (236, 140)
  Move 9: GUIDED_SWAP_TO_GBEST | Indices: (180, 221)
  Move 10: GUIDED_SWAP_TO_GBEST | Indices: (201, 211)
  Move 11: GUIDED_SWAP_TO_GBEST | Indices: (237, 186)
  Move 12: GUIDED_SWAP_TO_PBEST | Indices: (15, 181)
  Move 13: GUIDED_SWAP_TO_PBEST | Indices: (221, 180)
  Move 14: GUIDED_SWAP_TO_PBEST | Indices: (140, 236)
  Move 15: GUIDED_SWAP_TO_PBEST | Indices: (211, 201)
  Move 16: GUIDED_SWAP_TO_GBEST | Indices: (236, 140)
  Move 17: GUIDED_SWAP_TO_GBEST | Indices: (180, 221)
  Move 18: GUIDED_SWAP_TO_GBEST | Indices: (15, 181)
  Move 19: RANDOM_SWAP | Indices: (30, 179)
  Move 20: RANDOM_SWAP | Indices: (97, 5)
  Move 21: RANDOM_SWAP | Indices: (21, 67)
=================================================================================
=================================================================================
2026-01-21T00:25:53.608 | Step 2 | Particle 101 | GLOBAL BEST!
Global Improvement: 0.0038581969246032077
  Move 1: GUIDED_SWAP_TO_GBEST | Indices: (236, 140)
  Move 2: GUIDED_SWAP_TO_GBEST | Indices: (211, 201)
  Move 3: GUIDED_SWAP_TO_GBEST | Indices: (181, 15)
  Move 4: GUIDED_SWAP_TO_GBEST | Indices: (186, 237)
  Move 5: GUIDED_SWAP_TO_GBEST | Indices: (180, 221)
  Move 6: RANDOM_SWAP | Indices: (218, 254)
  Move 7: RANDOM_SWAP | Indices: (65, 252)
  Move 8: RANDOM_SWAP | Indices: (85, 110)
  Move 9: RANDOM_SWAP | Indices: (15, 221)
  Move 10: RANDOM_SWAP | Indices: (68, 50)
=================================================================================
=================================================================================
2026-01-21T00:25:53.967 | Step 3 | Particle 7 | GLOBAL BEST!
Global Improvement: 0.00044270833333315274
  Move 1: GUIDED_SWAP_TO_GBEST | Indices: (65, 252)
  Move 2: GUIDED_SWAP_TO_GBEST | Indices: (110, 85)
  Move 3: GUIDED_SWAP_TO_GBEST | Indices: (237, 186)
  Move 4: GUIDED_SWAP_TO_GBEST | Indices: (68, 50)
  Move 5: GUIDED_SWAP_TO_PBEST | Indices: (68, 50)
  Move 6: GUIDED_SWAP_TO_PBEST | Indices: (85, 110)
  Move 7: GUIDED_SWAP_TO_PBEST | Indices: (237, 186)
  Move 8: GUIDED_SWAP_TO_GBEST | Indices: (50, 68)
  Move 9: GUIDED_SWAP_TO_GBEST | Indices: (110, 85)
  Move 10: GUIDED_SWAP_TO_GBEST | Indices: (221, 15)
  Move 11: GUIDED_SWAP_TO_GBEST | Indices: (254, 218)
  Move 12: GUIDED_SWAP_TO_GBEST | Indices: (237, 186)
  Move 13: GUIDED_SWAP_TO_PBEST | Indices: (221, 15)
  Move 14: GUIDED_SWAP_TO_PBEST | Indices: (254, 218)
  Move 15: GUIDED_SWAP_TO_PBEST | Indices: (85, 110)
  Move 16: GUIDED_SWAP_TO_PBEST | Indices: (65, 252)
  Move 17: GUIDED_SWAP_TO_PBEST | Indices: (237, 186)
  Move 18: GUIDED_SWAP_TO_GBEST | Indices: (65, 252)
  Move 19: GUIDED_SWAP_TO_GBEST | Indices: (218, 254)
  Move 20: GUIDED_SWAP_TO_GBEST | Indices: (15, 221)
  Move 21: GUIDED_SWAP_TO_GBEST | Indices: (110, 85)
=================================================================================
=================================================================================
2026-01-21T00:25:53.969 | Step 3 | Particle 10 | GLOBAL BEST!
Global Improvement: 0.00048828125
  Move 1: GUIDED_SWAP_TO_GBEST | Indices: (110, 85)
  Move 2: GUIDED_SWAP_TO_GBEST | Indices: (68, 50)
  Move 3: GUIDED_SWAP_TO_GBEST | Indices: (65, 252)
  Move 4: GUIDED_SWAP_TO_GBEST | Indices: (254, 218)
  Move 5: GUIDED_SWAP_TO_GBEST | Indices: (15, 221)
  Move 6: RANDOM_SWAP | Indices: (109, 42)
  Move 7: RANDOM_SWAP | Indices: (86, 234)
  Move 8: RANDOM_SWAP | Indices: (38, 187)
=================================================================================
=================================================================================
2026-01-21T00:25:53.972 | Step 3 | Particle 19 | GLOBAL BEST!
Global Improvement: 0.0008854166666667496
  Move 1: GUIDED_SWAP_TO_GBEST | Indices: (110, 85)
  Move 2: GUIDED_SWAP_TO_GBEST | Indices: (218, 254)
  Move 3: GUIDED_SWAP_TO_GBEST | Indices: (65, 252)
  Move 4: GUIDED_SWAP_TO_GBEST | Indices: (221, 15)
  Move 5: GUIDED_SWAP_TO_PBEST | Indices: (85, 110)
  Move 6: GUIDED_SWAP_TO_PBEST | Indices: (254, 218)
  Move 7: GUIDED_SWAP_TO_PBEST | Indices: (252, 65)
  Move 8: GUIDED_SWAP_TO_GBEST | Indices: (218, 254)
  Move 9: GUIDED_SWAP_TO_GBEST | Indices: (252, 65)
  Move 10: GUIDED_SWAP_TO_GBEST | Indices: (50, 68)
  Move 11: GUIDED_SWAP_TO_GBEST | Indices: (110, 85)
  Move 12: GUIDED_SWAP_TO_PBEST | Indices: (252, 65)
  Move 13: GUIDED_SWAP_TO_PBEST | Indices: (85, 110)
  Move 14: GUIDED_SWAP_TO_PBEST | Indices: (68, 50)
  Move 15: GUIDED_SWAP_TO_PBEST | Indices: (254, 218)
  Move 16: GUIDED_SWAP_TO_GBEST | Indices: (68, 50)
  Move 17: GUIDED_SWAP_TO_GBEST | Indices: (110, 85)
  Move 18: GUIDED_SWAP_TO_GBEST | Indices: (254, 218)
  Move 19: GUIDED_SWAP_TO_GBEST | Indices: (252, 65)
  Move 20: RANDOM_SWAP | Indices: (110, 234)
=================================================================================
=================================================================================
2026-01-21T00:25:54.466 | Step 4 | Particle 56 | GLOBAL BEST!
Global Improvement: 0.0012239583333333304
  Move 1: GUIDED_SWAP_TO_GBEST | Indices: (213, 88)
  Move 2: GUIDED_SWAP_TO_GBEST | Indices: (110, 234)
  Move 3: GUIDED_SWAP_TO_GBEST | Indices: (166, 74)
  Move 4: GUIDED_SWAP_TO_GBEST | Indices: (208, 212)
  Move 5: GUIDED_SWAP_TO_PBEST | Indices: (213, 88)
  Move 6: GUIDED_SWAP_TO_PBEST | Indices: (208, 212)
  Move 7: GUIDED_SWAP_TO_PBEST | Indices: (110, 234)
  Move 8: GUIDED_SWAP_TO_PBEST | Indices: (74, 166)
  Move 9: GUIDED_SWAP_TO_GBEST | Indices: (84, 13)
  Move 10: GUIDED_SWAP_TO_GBEST | Indices: (212, 208)
  Move 11: GUIDED_SWAP_TO_GBEST | Indices: (74, 166)
  Move 12: GUIDED_SWAP_TO_GBEST | Indices: (213, 88)
  Move 13: GUIDED_SWAP_TO_PBEST | Indices: (13, 84)
  Move 14: GUIDED_SWAP_TO_PBEST | Indices: (208, 212)
  Move 15: GUIDED_SWAP_TO_PBEST | Indices: (74, 166)
  Move 16: GUIDED_SWAP_TO_PBEST | Indices: (88, 213)
  Move 17: GUIDED_SWAP_TO_GBEST | Indices: (234, 110)
  Move 18: GUIDED_SWAP_TO_GBEST | Indices: (13, 84)
  Move 19: GUIDED_SWAP_TO_GBEST | Indices: (88, 213)
  Move 20: GUIDED_SWAP_TO_GBEST | Indices: (208, 212)
=================================================================================
=================================================================================
2026-01-21T00:25:54.485 | Step 4 | Particle 103 | GLOBAL BEST!
Global Improvement: 0.00010416666666657193
  Move 1: GUIDED_SWAP_TO_GBEST | Indices: (65, 252)
  Move 2: GUIDED_SWAP_TO_GBEST | Indices: (234, 110)
  Move 3: GUIDED_SWAP_TO_GBEST | Indices: (21, 254)
  Move 4: GUIDED_SWAP_TO_PBEST | Indices: (110, 234)
  Move 5: GUIDED_SWAP_TO_PBEST | Indices: (254, 21)
  Move 6: GUIDED_SWAP_TO_PBEST | Indices: (65, 252)
  Move 7: GUIDED_SWAP_TO_GBEST | Indices: (234, 110)
  Move 8: GUIDED_SWAP_TO_GBEST | Indices: (65, 252)
  Move 9: GUIDED_SWAP_TO_GBEST | Indices: (254, 21)
  Move 10: GUIDED_SWAP_TO_PBEST | Indices: (254, 21)
  Move 11: GUIDED_SWAP_TO_PBEST | Indices: (234, 110)
  Move 12: GUIDED_SWAP_TO_PBEST | Indices: (252, 65)
  Move 13: RANDOM_SWAP | Indices: (182, 202)
  Move 14: RANDOM_SWAP | Indices: (76, 174)
  Move 15: RANDOM_SWAP | Indices: (235, 233)
=================================================================================
=================================================================================
2026-01-21T00:25:54.488 | Step 4 | Particle 110 | GLOBAL BEST!
Global Improvement: 9.114583333347248e-5
  Move 1: GUIDED_SWAP_TO_GBEST | Indices: (86, 33)
  Move 2: GUIDED_SWAP_TO_GBEST | Indices: (140, 253)
  Move 3: GUIDED_SWAP_TO_GBEST | Indices: (234, 110)
  Move 4: GUIDED_SWAP_TO_GBEST | Indices: (103, 192)
  Move 5: GUIDED_SWAP_TO_GBEST | Indices: (237, 186)
  Move 6: GUIDED_SWAP_TO_PBEST | Indices: (234, 110)
  Move 7: GUIDED_SWAP_TO_PBEST | Indices: (186, 237)
  Move 8: GUIDED_SWAP_TO_PBEST | Indices: (140, 253)
  Move 9: GUIDED_SWAP_TO_PBEST | Indices: (33, 86)
  Move 10: GUIDED_SWAP_TO_GBEST | Indices: (35, 117)
  Move 11: GUIDED_SWAP_TO_GBEST | Indices: (86, 33)
  Move 12: GUIDED_SWAP_TO_GBEST | Indices: (181, 15)
  Move 13: GUIDED_SWAP_TO_GBEST | Indices: (121, 36)
  Move 14: GUIDED_SWAP_TO_PBEST | Indices: (86, 33)
  Move 15: GUIDED_SWAP_TO_PBEST | Indices: (192, 103)
  Move 16: GUIDED_SWAP_TO_PBEST | Indices: (121, 36)
  Move 17: GUIDED_SWAP_TO_GBEST | Indices: (110, 234)
  Move 18: GUIDED_SWAP_TO_GBEST | Indices: (86, 33)
  Move 19: GUIDED_SWAP_TO_GBEST | Indices: (36, 121)
  Move 20: GUIDED_SWAP_TO_GBEST | Indices: (140, 253)
  Move 21: GUIDED_SWAP_TO_GBEST | Indices: (15, 180)
  Move 22: RANDOM_SWAP | Indices: (8, 100)
=================================================================================
=================================================================================
2026-01-21T00:25:54.494 | Step 4 | Particle 125 | GLOBAL BEST!
Global Improvement: 0.00024739583333333037
  Move 1: GUIDED_SWAP_TO_GBEST | Indices: (110, 234)
  Move 2: GUIDED_SWAP_TO_PBEST | Indices: (110, 234)
  Move 3: GUIDED_SWAP_TO_GBEST | Indices: (110, 234)
  Move 4: RANDOM_SWAP | Indices: (243, 183)
=================================================================================
=================================================================================
2026-01-21T00:25:54.497 | Step 4 | Particle 133 | GLOBAL BEST!
Global Improvement: 0.001569010416666572
  Move 1: GUIDED_SWAP_TO_GBEST | Indices: (254, 218)
  Move 2: GUIDED_SWAP_TO_GBEST | Indices: (234, 110)
  Move 3: GUIDED_SWAP_TO_GBEST | Indices: (252, 65)
  Move 4: GUIDED_SWAP_TO_GBEST | Indices: (139, 149)
  Move 5: GUIDED_SWAP_TO_PBEST | Indices: (65, 252)
  Move 6: GUIDED_SWAP_TO_PBEST | Indices: (254, 218)
  Move 7: GUIDED_SWAP_TO_PBEST | Indices: (110, 234)
  Move 8: GUIDED_SWAP_TO_GBEST | Indices: (145, 106)
  Move 9: GUIDED_SWAP_TO_GBEST | Indices: (254, 218)
  Move 10: GUIDED_SWAP_TO_GBEST | Indices: (110, 234)
  Move 11: GUIDED_SWAP_TO_GBEST | Indices: (252, 65)
  Move 12: RANDOM_SWAP | Indices: (119, 188)
  Move 13: RANDOM_SWAP | Indices: (194, 135)
=================================================================================
=================================================================================
2026-01-21T00:25:54.644 | Step 5 | Particle 3 | GLOBAL BEST!
Global Improvement: 0.0003906250000000888
  Move 1: GUIDED_SWAP_TO_GBEST | Indices: (135, 194)
  Move 2: GUIDED_SWAP_TO_GBEST | Indices: (188, 119)
  Move 3: RANDOM_SWAP | Indices: (232, 136)
=================================================================================
=================================================================================
2026-01-21T00:25:54.675 | Step 5 | Particle 78 | GLOBAL BEST!
Global Improvement: 0.0034309895833333215
  Move 1: GUIDED_SWAP_TO_GBEST | Indices: (236, 140)
  Move 2: GUIDED_SWAP_TO_GBEST | Indices: (188, 119)
  Move 3: GUIDED_SWAP_TO_GBEST | Indices: (135, 194)
  Move 4: GUIDED_SWAP_TO_PBEST | Indices: (119, 188)
  Move 5: GUIDED_SWAP_TO_PBEST | Indices: (236, 140)
  Move 6: GUIDED_SWAP_TO_PBEST | Indices: (194, 135)
  Move 7: GUIDED_SWAP_TO_GBEST | Indices: (252, 65)
  Move 8: GUIDED_SWAP_TO_GBEST | Indices: (188, 119)
  Move 9: GUIDED_SWAP_TO_GBEST | Indices: (135, 194)
  Move 10: GUIDED_SWAP_TO_GBEST | Indices: (140, 236)
  Move 11: RANDOM_SWAP | Indices: (86, 1)
  Move 12: RANDOM_SWAP | Indices: (159, 227)
  Move 13: RANDOM_SWAP | Indices: (110, 141)
  Move 14: RANDOM_SWAP | Indices: (227, 67)
  Move 15: RANDOM_SWAP | Indices: (222, 167)
=================================================================================
=================================================================================
2026-01-21T00:25:54.733 | Step 6 | Particle 20 | GLOBAL BEST!
Global Improvement: 0.00048828125
  Move 1: GUIDED_SWAP_TO_GBEST | Indices: (233, 125)
  Move 2: GUIDED_SWAP_TO_GBEST | Indices: (227, 67)
  Move 3: GUIDED_SWAP_TO_GBEST | Indices: (158, 69)
  Move 4: GUIDED_SWAP_TO_GBEST | Indices: (1, 86)
  Move 5: GUIDED_SWAP_TO_GBEST | Indices: (165, 154)
  Move 6: GUIDED_SWAP_TO_PBEST | Indices: (154, 165)
  Move 7: GUIDED_SWAP_TO_PBEST | Indices: (227, 67)
  Move 8: GUIDED_SWAP_TO_PBEST | Indices: (1, 86)
  Move 9: GUIDED_SWAP_TO_PBEST | Indices: (69, 158)
  Move 10: GUIDED_SWAP_TO_GBEST | Indices: (110, 141)
  Move 11: GUIDED_SWAP_TO_GBEST | Indices: (158, 69)
  Move 12: GUIDED_SWAP_TO_GBEST | Indices: (159, 227)
  Move 13: GUIDED_SWAP_TO_GBEST | Indices: (165, 154)
  Move 14: GUIDED_SWAP_TO_PBEST | Indices: (165, 154)
  Move 15: GUIDED_SWAP_TO_PBEST | Indices: (125, 233)
  Move 16: GUIDED_SWAP_TO_PBEST | Indices: (227, 159)
  Move 17: GUIDED_SWAP_TO_PBEST | Indices: (141, 110)
  Move 18: GUIDED_SWAP_TO_GBEST | Indices: (1, 86)
  Move 19: GUIDED_SWAP_TO_GBEST | Indices: (167, 222)
  Move 20: GUIDED_SWAP_TO_GBEST | Indices: (141, 110)
  Move 21: GUIDED_SWAP_TO_GBEST | Indices: (233, 125)
  Move 22: RANDOM_SWAP | Indices: (106, 49)
=================================================================================
=================================================================================
2026-01-21T00:25:54.734 | Step 6 | Particle 22 | GLOBAL BEST!
Global Improvement: 0.000540364583333286
  Move 1: GUIDED_SWAP_TO_GBEST | Indices: (141, 110)
  Move 2: GUIDED_SWAP_TO_GBEST | Indices: (167, 222)
  Move 3: GUIDED_SWAP_TO_GBEST | Indices: (1, 86)
  Move 4: GUIDED_SWAP_TO_GBEST | Indices: (159, 227)
  Move 5: GUIDED_SWAP_TO_PBEST | Indices: (110, 141)
  Move 6: GUIDED_SWAP_TO_PBEST | Indices: (86, 1)
  Move 7: GUIDED_SWAP_TO_PBEST | Indices: (167, 222)
  Move 8: GUIDED_SWAP_TO_PBEST | Indices: (227, 159)
  Move 9: GUIDED_SWAP_TO_GBEST | Indices: (141, 110)
  Move 10: GUIDED_SWAP_TO_GBEST | Indices: (222, 167)
  Move 11: GUIDED_SWAP_TO_GBEST | Indices: (86, 1)
=================================================================================
=================================================================================
2026-01-21T00:25:54.768 | Step 6 | Particle 105 | GLOBAL BEST!
Global Improvement: 0.00014973958333319715
  Move 1: GUIDED_SWAP_TO_GBEST | Indices: (67, 159)
  Move 2: GUIDED_SWAP_TO_GBEST | Indices: (1, 86)
  Move 3: GUIDED_SWAP_TO_GBEST | Indices: (95, 225)
  Move 4: GUIDED_SWAP_TO_GBEST | Indices: (159, 227)
  Move 5: GUIDED_SWAP_TO_PBEST | Indices: (86, 1)
  Move 6: GUIDED_SWAP_TO_PBEST | Indices: (227, 159)
  Move 7: GUIDED_SWAP_TO_PBEST | Indices: (95, 225)
  Move 8: GUIDED_SWAP_TO_PBEST | Indices: (159, 67)
  Move 9: GUIDED_SWAP_TO_GBEST | Indices: (86, 1)
  Move 10: GUIDED_SWAP_TO_GBEST | Indices: (109, 93)
  Move 11: GUIDED_SWAP_TO_GBEST | Indices: (159, 227)
  Move 12: GUIDED_SWAP_TO_GBEST | Indices: (227, 67)
  Move 13: GUIDED_SWAP_TO_PBEST | Indices: (93, 109)
  Move 14: GUIDED_SWAP_TO_PBEST | Indices: (67, 227)
  Move 15: GUIDED_SWAP_TO_PBEST | Indices: (227, 159)
  Move 16: GUIDED_SWAP_TO_PBEST | Indices: (1, 86)
  Move 17: GUIDED_SWAP_TO_GBEST | Indices: (141, 110)
  Move 18: GUIDED_SWAP_TO_GBEST | Indices: (86, 1)
  Move 19: GUIDED_SWAP_TO_GBEST | Indices: (225, 95)
  Move 20: GUIDED_SWAP_TO_GBEST | Indices: (67, 159)
  Move 21: GUIDED_SWAP_TO_GBEST | Indices: (222, 167)
=================================================================================
=================================================================================
2026-01-21T00:25:54.773 | Step 6 | Particle 117 | GLOBAL BEST!
Global Improvement: 4.557291666684726e-5
  Move 1: GUIDED_SWAP_TO_GBEST | Indices: (222, 167)
  Move 2: GUIDED_SWAP_TO_GBEST | Indices: (1, 86)
  Move 3: GUIDED_SWAP_TO_GBEST | Indices: (103, 79)
  Move 4: GUIDED_SWAP_TO_PBEST | Indices: (167, 222)
  Move 5: GUIDED_SWAP_TO_PBEST | Indices: (86, 1)
  Move 6: GUIDED_SWAP_TO_PBEST | Indices: (79, 103)
  Move 7: GUIDED_SWAP_TO_GBEST | Indices: (222, 167)
  Move 8: GUIDED_SWAP_TO_GBEST | Indices: (79, 103)
  Move 9: GUIDED_SWAP_TO_GBEST | Indices: (159, 227)
  Move 10: GUIDED_SWAP_TO_GBEST | Indices: (110, 141)
  Move 11: GUIDED_SWAP_TO_PBEST | Indices: (141, 110)
  Move 12: GUIDED_SWAP_TO_PBEST | Indices: (222, 167)
  Move 13: GUIDED_SWAP_TO_PBEST | Indices: (103, 79)
  Move 14: GUIDED_SWAP_TO_PBEST | Indices: (227, 159)
  Move 15: GUIDED_SWAP_TO_GBEST | Indices: (227, 67)
  Move 16: GUIDED_SWAP_TO_GBEST | Indices: (110, 141)
  Move 17: GUIDED_SWAP_TO_GBEST | Indices: (79, 103)
  Move 18: GUIDED_SWAP_TO_GBEST | Indices: (167, 222)
=================================================================================
=================================================================================
2026-01-21T00:25:54.809 | Step 7 | Particle 5 | GLOBAL BEST!
Global Improvement: 9.765624999991118e-5
  Move 1: GUIDED_SWAP_TO_GBEST | Indices: (200, 205)
  Move 2: GUIDED_SWAP_TO_GBEST | Indices: (52, 136)
  Move 3: GUIDED_SWAP_TO_GBEST | Indices: (42, 156)
  Move 4: GUIDED_SWAP_TO_GBEST | Indices: (106, 23)
  Move 5: GUIDED_SWAP_TO_PBEST | Indices: (205, 200)
  Move 6: GUIDED_SWAP_TO_PBEST | Indices: (106, 23)
  Move 7: GUIDED_SWAP_TO_PBEST | Indices: (52, 136)
  Move 8: GUIDED_SWAP_TO_GBEST | Indices: (200, 205)
  Move 9: GUIDED_SWAP_TO_GBEST | Indices: (129, 250)
  Move 10: GUIDED_SWAP_TO_GBEST | Indices: (110, 141)
  Move 11: GUIDED_SWAP_TO_GBEST | Indices: (136, 52)
  Move 12: GUIDED_SWAP_TO_PBEST | Indices: (110, 141)
  Move 13: GUIDED_SWAP_TO_PBEST | Indices: (129, 250)
  Move 14: GUIDED_SWAP_TO_PBEST | Indices: (42, 156)
  Move 15: GUIDED_SWAP_TO_GBEST | Indices: (42, 156)
  Move 16: GUIDED_SWAP_TO_GBEST | Indices: (129, 250)
  Move 17: GUIDED_SWAP_TO_GBEST | Indices: (110, 141)
  Move 18: GUIDED_SWAP_TO_GBEST | Indices: (159, 67)
  Move 19: GUIDED_SWAP_TO_GBEST | Indices: (67, 227)
=================================================================================
=================================================================================
2026-01-21T00:25:54.815 | Step 7 | Particle 20 | GLOBAL BEST!
Global Improvement: 0.0006380208333334192
  Move 1: GUIDED_SWAP_TO_GBEST | Indices: (227, 67)
  Move 2: GUIDED_SWAP_TO_GBEST | Indices: (49, 106)
  Move 3: GUIDED_SWAP_TO_GBEST | Indices: (154, 165)
  Move 4: GUIDED_SWAP_TO_GBEST | Indices: (42, 156)
  Move 5: GUIDED_SWAP_TO_PBEST | Indices: (42, 156)
  Move 6: GUIDED_SWAP_TO_PBEST | Indices: (154, 165)
  Move 7: GUIDED_SWAP_TO_PBEST | Indices: (227, 67)
  Move 8: GUIDED_SWAP_TO_GBEST | Indices: (156, 42)
  Move 9: GUIDED_SWAP_TO_GBEST | Indices: (165, 154)
  Move 10: GUIDED_SWAP_TO_GBEST | Indices: (86, 1)
  Move 11: GUIDED_SWAP_TO_GBEST | Indices: (67, 227)
  Move 12: GUIDED_SWAP_TO_PBEST | Indices: (67, 227)
  Move 13: GUIDED_SWAP_TO_PBEST | Indices: (86, 1)
  Move 14: GUIDED_SWAP_TO_PBEST | Indices: (154, 165)
  Move 15: GUIDED_SWAP_TO_PBEST | Indices: (156, 42)
  Move 16: GUIDED_SWAP_TO_PBEST | Indices: (106, 49)
  Move 17: GUIDED_SWAP_TO_GBEST | Indices: (154, 165)
  Move 18: GUIDED_SWAP_TO_GBEST | Indices: (42, 156)
  Move 19: GUIDED_SWAP_TO_GBEST | Indices: (49, 106)
=================================================================================
=================================================================================
2026-01-21T00:25:54.848 | Step 7 | Particle 103 | GLOBAL BEST!
Global Improvement: 9.765624999991118e-5
  Move 1: GUIDED_SWAP_TO_GBEST | Indices: (76, 174)
  Move 2: GUIDED_SWAP_TO_GBEST | Indices: (65, 252)
  Move 3: GUIDED_SWAP_TO_GBEST | Indices: (156, 42)
  Move 4: GUIDED_SWAP_TO_GBEST | Indices: (159, 227)
=================================================================================
=================================================================================
2026-01-21T00:25:54.859 | Step 7 | Particle 131 | GLOBAL BEST!
Global Improvement: 0.00024739583333333037
  Move 1: GUIDED_SWAP_TO_GBEST | Indices: (125, 89)
  Move 2: GUIDED_SWAP_TO_GBEST | Indices: (42, 156)
  Move 3: GUIDED_SWAP_TO_PBEST | Indices: (125, 89)
  Move 4: GUIDED_SWAP_TO_PBEST | Indices: (156, 42)
  Move 5: GUIDED_SWAP_TO_GBEST | Indices: (125, 89)
  Move 6: GUIDED_SWAP_TO_GBEST | Indices: (156, 42)
  Move 7: GUIDED_SWAP_TO_PBEST | Indices: (156, 42)
  Move 8: GUIDED_SWAP_TO_PBEST | Indices: (89, 125)
  Move 9: GUIDED_SWAP_TO_GBEST | Indices: (42, 156)
  Move 10: GUIDED_SWAP_TO_GBEST | Indices: (89, 125)
  Move 11: RANDOM_SWAP | Indices: (81, 89)
  Move 12: RANDOM_SWAP | Indices: (62, 99)
  Move 13: RANDOM_SWAP | Indices: (207, 175)
  Move 14: RANDOM_SWAP | Indices: (249, 21)
=================================================================================
=================================================================================
2026-01-21T00:25:54.864 | Step 7 | Particle 143 | GLOBAL BEST!
Global Improvement: 0.0001953125000000444
  Move 1: GUIDED_SWAP_TO_PBEST | Indices: (126, 71)
  Move 2: GUIDED_SWAP_TO_PBEST | Indices: (250, 243)
  Move 3: GUIDED_SWAP_TO_PBEST | Indices: (222, 167)
  Move 4: GUIDED_SWAP_TO_PBEST | Indices: (194, 4)
  Move 5: GUIDED_SWAP_TO_PBEST | Indices: (1, 86)
  Move 6: GUIDED_SWAP_TO_PBEST | Indices: (230, 191)
  Move 7: GUIDED_SWAP_TO_PBEST | Indices: (234, 18)
  Move 8: GUIDED_SWAP_TO_PBEST | Indices: (153, 186)
  Move 9: GUIDED_SWAP_TO_PBEST | Indices: (227, 159)
  Move 10: GUIDED_SWAP_TO_GBEST | Indices: (67, 227)
  Move 11: GUIDED_SWAP_TO_GBEST | Indices: (156, 42)
  Move 12: GUIDED_SWAP_TO_GBEST | Indices: (191, 230)
  Move 13: GUIDED_SWAP_TO_GBEST | Indices: (227, 159)
  Move 14: GUIDED_SWAP_TO_GBEST | Indices: (222, 167)
  Move 15: GUIDED_SWAP_TO_PBEST | Indices: (227, 67)
  Move 16: GUIDED_SWAP_TO_PBEST | Indices: (42, 156)
  Move 17: GUIDED_SWAP_TO_PBEST | Indices: (167, 222)
  Move 18: GUIDED_SWAP_TO_PBEST | Indices: (230, 191)
  Move 19: GUIDED_SWAP_TO_PBEST | Indices: (141, 110)
  Move 20: GUIDED_SWAP_TO_GBEST | Indices: (26, 64)
  Move 21: GUIDED_SWAP_TO_GBEST | Indices: (4, 194)
  Move 22: GUIDED_SWAP_TO_GBEST | Indices: (67, 227)
  Move 23: GUIDED_SWAP_TO_GBEST | Indices: (42, 156)
  Move 24: GUIDED_SWAP_TO_GBEST | Indices: (110, 141)
=================================================================================
=================================================================================
2026-01-21T00:25:54.867 | Step 7 | Particle 150 | GLOBAL BEST!
Global Improvement: 0.0002929687499999556
  Move 1: GUIDED_SWAP_TO_GBEST | Indices: (156, 42)
  Move 2: GUIDED_SWAP_TO_GBEST | Indices: (164, 4)
  Move 3: GUIDED_SWAP_TO_GBEST | Indices: (80, 221)
  Move 4: GUIDED_SWAP_TO_GBEST | Indices: (159, 67)
  Move 5: GUIDED_SWAP_TO_GBEST | Indices: (248, 127)
  Move 6: GUIDED_SWAP_TO_PBEST | Indices: (42, 156)
  Move 7: GUIDED_SWAP_TO_PBEST | Indices: (4, 164)
  Move 8: GUIDED_SWAP_TO_PBEST | Indices: (80, 221)
  Move 9: GUIDED_SWAP_TO_PBEST | Indices: (127, 248)
  Move 10: GUIDED_SWAP_TO_PBEST | Indices: (67, 159)
  Move 11: GUIDED_SWAP_TO_GBEST | Indices: (164, 4)
  Move 12: GUIDED_SWAP_TO_GBEST | Indices: (156, 42)
  Move 13: GUIDED_SWAP_TO_GBEST | Indices: (127, 248)
  Move 14: GUIDED_SWAP_TO_GBEST | Indices: (67, 159)
=================================================================================
=================================================================================
2026-01-21T00:25:55.186 | Step 8 | Particle 4 | GLOBAL BEST!
Global Improvement: 0.0001497395833334192
  Move 1: GUIDED_SWAP_TO_GBEST | Indices: (86, 1)
  Move 2: GUIDED_SWAP_TO_GBEST | Indices: (80, 221)
  Move 3: GUIDED_SWAP_TO_GBEST | Indices: (114, 213)
  Move 4: GUIDED_SWAP_TO_PBEST | Indices: (213, 114)
  Move 5: GUIDED_SWAP_TO_PBEST | Indices: (80, 221)
  Move 6: GUIDED_SWAP_TO_PBEST | Indices: (1, 86)
  Move 7: GUIDED_SWAP_TO_GBEST | Indices: (86, 1)
  Move 8: GUIDED_SWAP_TO_GBEST | Indices: (221, 80)
  Move 9: GUIDED_SWAP_TO_GBEST | Indices: (114, 213)
  Move 10: RANDOM_SWAP | Indices: (85, 163)
  Move 11: RANDOM_SWAP | Indices: (165, 56)
=================================================================================
=================================================================================
2026-01-21T00:25:55.236 | Step 8 | Particle 131 | GLOBAL BEST!
Global Improvement: 4.557291666662522e-5
  Move 1: GUIDED_SWAP_TO_GBEST | Indices: (89, 81)
  Move 2: GUIDED_SWAP_TO_GBEST | Indices: (99, 62)
  Move 3: GUIDED_SWAP_TO_GBEST | Indices: (249, 21)
  Move 4: GUIDED_SWAP_TO_PBEST | Indices: (89, 81)
  Move 5: GUIDED_SWAP_TO_PBEST | Indices: (249, 21)
  Move 6: GUIDED_SWAP_TO_PBEST | Indices: (99, 62)
  Move 7: GUIDED_SWAP_TO_GBEST | Indices: (221, 80)
  Move 8: GUIDED_SWAP_TO_GBEST | Indices: (62, 99)
  Move 9: GUIDED_SWAP_TO_GBEST | Indices: (89, 81)
  Move 10: GUIDED_SWAP_TO_GBEST | Indices: (21, 249)
  Move 11: GUIDED_SWAP_TO_PBEST | Indices: (80, 221)
  Move 12: GUIDED_SWAP_TO_PBEST | Indices: (81, 89)
  Move 13: GUIDED_SWAP_TO_PBEST | Indices: (99, 62)
  Move 14: GUIDED_SWAP_TO_GBEST | Indices: (207, 175)
  Move 15: GUIDED_SWAP_TO_GBEST | Indices: (86, 1)
  Move 16: GUIDED_SWAP_TO_GBEST | Indices: (89, 81)
  Move 17: GUIDED_SWAP_TO_GBEST | Indices: (221, 80)
=================================================================================
=================================================================================
2026-01-21T00:25:55.309 | Step 9 | Particle 113 | GLOBAL BEST!
Global Improvement: 0.0001497395833334192
  Move 1: GUIDED_SWAP_TO_PBEST | Indices: (252, 65)
  Move 2: GUIDED_SWAP_TO_PBEST | Indices: (8, 158)
  Move 3: GUIDED_SWAP_TO_PBEST | Indices: (242, 234)
  Move 4: GUIDED_SWAP_TO_PBEST | Indices: (85, 234)
  Move 5: GUIDED_SWAP_TO_PBEST | Indices: (98, 249)
  Move 6: GUIDED_SWAP_TO_GBEST | Indices: (211, 201)
  Move 7: GUIDED_SWAP_TO_GBEST | Indices: (252, 65)
  Move 8: GUIDED_SWAP_TO_GBEST | Indices: (222, 167)
  Move 9: GUIDED_SWAP_TO_GBEST | Indices: (98, 249)
  Move 10: GUIDED_SWAP_TO_GBEST | Indices: (42, 156)
  Move 11: GUIDED_SWAP_TO_GBEST | Indices: (86, 1)
  Move 12: GUIDED_SWAP_TO_GBEST | Indices: (141, 110)
  Move 13: GUIDED_SWAP_TO_GBEST | Indices: (50, 68)
  Move 14: GUIDED_SWAP_TO_GBEST | Indices: (16, 83)
  Move 15: GUIDED_SWAP_TO_GBEST | Indices: (80, 181)
  Move 16: GUIDED_SWAP_TO_GBEST | Indices: (181, 221)
  Move 17: GUIDED_SWAP_TO_GBEST | Indices: (241, 172)
  Move 18: GUIDED_SWAP_TO_GBEST | Indices: (85, 234)
  Move 19: GUIDED_SWAP_TO_GBEST | Indices: (8, 158)
  Move 20: GUIDED_SWAP_TO_GBEST | Indices: (62, 99)
=================================================================================
=================================================================================
2026-01-21T00:25:55.316 | Step 9 | Particle 130 | GLOBAL BEST!
Global Improvement: 0.0005859374999999112
  Move 1: GUIDED_SWAP_TO_GBEST | Indices: (99, 62)
  Move 2: GUIDED_SWAP_TO_PBEST | Indices: (99, 62)
  Move 3: GUIDED_SWAP_TO_GBEST | Indices: (99, 62)
  Move 4: RANDOM_SWAP | Indices: (87, 126)
  Move 5: RANDOM_SWAP | Indices: (226, 85)
=================================================================================
=================================================================================
2026-01-21T00:25:55.321 | Step 9 | Particle 143 | GLOBAL BEST!
Global Improvement: 0.0009309895833333748
  Move 1: GUIDED_SWAP_TO_PBEST | Indices: (18, 235)
  Move 2: GUIDED_SWAP_TO_PBEST | Indices: (4, 75)
  Move 3: GUIDED_SWAP_TO_PBEST | Indices: (191, 230)
  Move 4: GUIDED_SWAP_TO_PBEST | Indices: (86, 1)
  Move 5: GUIDED_SWAP_TO_PBEST | Indices: (80, 221)
  Move 6: GUIDED_SWAP_TO_GBEST | Indices: (174, 200)
  Move 7: GUIDED_SWAP_TO_GBEST | Indices: (99, 62)
  Move 8: GUIDED_SWAP_TO_GBEST | Indices: (13, 23)
  Move 9: GUIDED_SWAP_TO_GBEST | Indices: (191, 230)
  Move 10: GUIDED_SWAP_TO_PBEST | Indices: (186, 153)
  Move 11: GUIDED_SWAP_TO_PBEST | Indices: (191, 230)
  Move 12: GUIDED_SWAP_TO_PBEST | Indices: (34, 140)
  Move 13: GUIDED_SWAP_TO_PBEST | Indices: (62, 99)
  Move 14: GUIDED_SWAP_TO_GBEST | Indices: (86, 1)
  Move 15: GUIDED_SWAP_TO_GBEST | Indices: (99, 62)
  Move 16: GUIDED_SWAP_TO_GBEST | Indices: (153, 186)
  Move 17: GUIDED_SWAP_TO_GBEST | Indices: (230, 191)
  Move 18: GUIDED_SWAP_TO_PBEST | Indices: (191, 230)
  Move 19: GUIDED_SWAP_TO_PBEST | Indices: (62, 99)
  Move 20: GUIDED_SWAP_TO_PBEST | Indices: (153, 186)
  Move 21: GUIDED_SWAP_TO_PBEST | Indices: (86, 1)
  Move 22: GUIDED_SWAP_TO_GBEST | Indices: (221, 80)
  Move 23: GUIDED_SWAP_TO_GBEST | Indices: (191, 230)
  Move 24: GUIDED_SWAP_TO_GBEST | Indices: (86, 1)
=================================================================================
=================================================================================
2026-01-21T00:25:55.440 | Step 11 | Particle 37 | GLOBAL BEST!
Global Improvement: 0.000540364583333286
  Move 1: RANDOM_SWAP | Indices: (186, 8)
  Move 2: RANDOM_SWAP | Indices: (175, 131)
  Move 3: RANDOM_SWAP | Indices: (21, 67)
  Move 4: RANDOM_SWAP | Indices: (109, 164)
=================================================================================
=================================================================================
2026-01-21T00:25:55.509 | Step 12 | Particle 8 | GLOBAL BEST!
Global Improvement: 0.0007356770833333304
  Move 1: GUIDED_SWAP_TO_PBEST | Indices: (11, 118)
  Move 2: GUIDED_SWAP_TO_PBEST | Indices: (102, 199)
  Move 3: GUIDED_SWAP_TO_GBEST | Indices: (131, 175)
  Move 4: GUIDED_SWAP_TO_GBEST | Indices: (1, 86)
  Move 5: GUIDED_SWAP_TO_GBEST | Indices: (99, 62)
  Move 6: GUIDED_SWAP_TO_GBEST | Indices: (135, 96)
  Move 7: GUIDED_SWAP_TO_PBEST | Indices: (62, 99)
  Move 8: GUIDED_SWAP_TO_PBEST | Indices: (175, 131)
  Move 9: GUIDED_SWAP_TO_PBEST | Indices: (86, 1)
  Move 10: GUIDED_SWAP_TO_GBEST | Indices: (151, 183)
  Move 11: GUIDED_SWAP_TO_GBEST | Indices: (8, 186)
  Move 12: GUIDED_SWAP_TO_GBEST | Indices: (164, 109)
  Move 13: GUIDED_SWAP_TO_GBEST | Indices: (131, 175)
  Move 14: GUIDED_SWAP_TO_PBEST | Indices: (164, 109)
  Move 15: GUIDED_SWAP_TO_PBEST | Indices: (175, 131)
  Move 16: GUIDED_SWAP_TO_PBEST | Indices: (135, 96)
  Move 17: GUIDED_SWAP_TO_GBEST | Indices: (131, 175)
  Move 18: GUIDED_SWAP_TO_GBEST | Indices: (86, 1)
  Move 19: GUIDED_SWAP_TO_GBEST | Indices: (99, 62)
  Move 20: GUIDED_SWAP_TO_GBEST | Indices: (21, 67)
  Move 21: GUIDED_SWAP_TO_GBEST | Indices: (135, 96)
=================================================================================
=================================================================================
2026-01-21T00:25:55.556 | Step 12 | Particle 129 | GLOBAL BEST!
Global Improvement: 0.0003906250000000888
  Move 1: GUIDED_SWAP_TO_PBEST | Indices: (204, 128)
  Move 2: GUIDED_SWAP_TO_PBEST | Indices: (85, 253)
  Move 3: GUIDED_SWAP_TO_PBEST | Indices: (146, 157)
  Move 4: GUIDED_SWAP_TO_PBEST | Indices: (49, 196)
  Move 5: GUIDED_SWAP_TO_GBEST | Indices: (131, 175)
  Move 6: GUIDED_SWAP_TO_GBEST | Indices: (186, 8)
  Move 7: GUIDED_SWAP_TO_GBEST | Indices: (109, 164)
  Move 8: GUIDED_SWAP_TO_GBEST | Indices: (67, 21)
  Move 9: GUIDED_SWAP_TO_GBEST | Indices: (37, 255)
  Move 10: GUIDED_SWAP_TO_PBEST | Indices: (67, 21)
  Move 11: GUIDED_SWAP_TO_PBEST | Indices: (175, 131)
  Move 12: GUIDED_SWAP_TO_PBEST | Indices: (8, 186)
  Move 13: GUIDED_SWAP_TO_GBEST | Indices: (175, 131)
  Move 14: GUIDED_SWAP_TO_GBEST | Indices: (8, 186)
  Move 15: GUIDED_SWAP_TO_GBEST | Indices: (67, 21)
  Move 16: RANDOM_SWAP | Indices: (164, 71)
  Move 17: RANDOM_SWAP | Indices: (132, 256)
=================================================================================
=================================================================================
2026-01-21T00:25:55.616 | Step 13 | Particle 74 | GLOBAL BEST!
Global Improvement: 0.0007356770833333304
  Move 1: GUIDED_SWAP_TO_PBEST | Indices: (162, 141)
  Move 2: GUIDED_SWAP_TO_PBEST | Indices: (174, 125)
  Move 3: GUIDED_SWAP_TO_PBEST | Indices: (67, 21)
  Move 4: GUIDED_SWAP_TO_PBEST | Indices: (222, 167)
  Move 5: GUIDED_SWAP_TO_PBEST | Indices: (62, 99)
  Move 6: GUIDED_SWAP_TO_GBEST | Indices: (230, 136)
  Move 7: GUIDED_SWAP_TO_GBEST | Indices: (71, 164)
  Move 8: GUIDED_SWAP_TO_GBEST | Indices: (167, 222)
  Move 9: GUIDED_SWAP_TO_GBEST | Indices: (153, 186)
  Move 10: GUIDED_SWAP_TO_GBEST | Indices: (186, 8)
  Move 11: GUIDED_SWAP_TO_PBEST | Indices: (164, 109)
  Move 12: GUIDED_SWAP_TO_PBEST | Indices: (131, 175)
  Move 13: GUIDED_SWAP_TO_PBEST | Indices: (167, 222)
  Move 14: GUIDED_SWAP_TO_PBEST | Indices: (71, 109)
  Move 15: GUIDED_SWAP_TO_GBEST | Indices: (131, 175)
  Move 16: GUIDED_SWAP_TO_GBEST | Indices: (132, 256)
  Move 17: GUIDED_SWAP_TO_GBEST | Indices: (62, 99)
  Move 18: GUIDED_SWAP_TO_GBEST | Indices: (222, 167)
=================================================================================
=================================================================================
2026-01-21T00:25:55.827 | Step 16 | Particle 6 | GLOBAL BEST!
Global Improvement: 0.0008333333333332416
  Move 1: RANDOM_SWAP | Indices: (194, 157)
  Move 2: RANDOM_SWAP | Indices: (197, 182)
=================================================================================
=================================================================================
2026-01-21T00:25:55.942 | Step 17 | Particle 98 | GLOBAL BEST!
Global Improvement: 0.0007356770833333304
  Move 1: GUIDED_SWAP_TO_PBEST | Indices: (248, 99)
  Move 2: GUIDED_SWAP_TO_GBEST | Indices: (182, 197)
  Move 3: GUIDED_SWAP_TO_GBEST | Indices: (194, 157)
  Move 4: GUIDED_SWAP_TO_PBEST | Indices: (182, 197)
  Move 5: GUIDED_SWAP_TO_PBEST | Indices: (194, 157)
  Move 6: GUIDED_SWAP_TO_GBEST | Indices: (182, 197)
  Move 7: GUIDED_SWAP_TO_GBEST | Indices: (194, 157)
  Move 8: GUIDED_SWAP_TO_PBEST | Indices: (182, 197)
  Move 9: GUIDED_SWAP_TO_PBEST | Indices: (157, 194)
  Move 10: GUIDED_SWAP_TO_GBEST | Indices: (157, 194)
  Move 11: GUIDED_SWAP_TO_GBEST | Indices: (197, 182)
  Move 12: RANDOM_SWAP | Indices: (139, 114)
=================================================================================
=================================================================================
2026-01-21T00:25:56.542 | Step 21 | Particle 100 | GLOBAL BEST!
Global Improvement: 0.0001953125000000444
  Move 1: RANDOM_SWAP | Indices: (169, 180)
=================================================================================
=================================================================================
2026-01-21T00:26:01.296 | Step 78 | Particle 199 | GLOBAL BEST!
Global Improvement: 0.000540364583333286
  Move 1: GUIDED_SWAP_TO_GBEST | Indices: (4, 126)
  Move 2: GUIDED_SWAP_TO_GBEST | Indices: (157, 228)
  Move 3: GUIDED_SWAP_TO_GBEST | Indices: (217, 104)
  Move 4: GUIDED_SWAP_TO_PBEST | Indices: (220, 141)
  Move 5: RANDOM_SWAP | Indices: (4, 225)
  Move 6: RANDOM_SWAP | Indices: (89, 149)
=================================================================================
=================================================================================
2026-01-21T00:26:01.332 | Step 79 | Particle 85 | GLOBAL BEST!
Global Improvement: 0.0001953125000000444
  Move 1: GUIDED_SWAP_TO_GBEST | Indices: (225, 4)
  Move 2: GUIDED_SWAP_TO_GBEST | Indices: (149, 89)
  Move 3: GUIDED_SWAP_TO_PBEST | Indices: (89, 149)
  Move 4: GUIDED_SWAP_TO_PBEST | Indices: (225, 4)
  Move 5: GUIDED_SWAP_TO_GBEST | Indices: (4, 225)
  Move 6: GUIDED_SWAP_TO_GBEST | Indices: (149, 89)
  Move 7: RANDOM_SWAP | Indices: (192, 180)
=================================================================================
=================================================================================
2026-01-21T00:26:01.672 | Step 83 | Particle 146 | GLOBAL BEST!
Global Improvement: 9.765624999991118e-5
  Move 1: RANDOM_SWAP | Indices: (178, 54)
=================================================================================
=================================================================================
2026-01-21T00:26:01.848 | Step 84 | Particle 154 | GLOBAL BEST!
Global Improvement: 0.0008333333333334636
  Move 1: GUIDED_SWAP_TO_GBEST | Indices: (178, 54)
  Move 2: GUIDED_SWAP_TO_PBEST | Indices: (54, 178)
  Move 3: GUIDED_SWAP_TO_GBEST | Indices: (178, 54)
  Move 4: RANDOM_SWAP | Indices: (221, 1)
=================================================================================
=================================================================================
2026-01-21T00:26:12.689 | Step 213 | Particle 148 | GLOBAL BEST!
Global Improvement: 0.0006380208333331971
  Move 1: RANDOM_SWAP | Indices: (144, 215)
=================================================================================
=================================================================================
2026-01-21T00:26:13.477 | Step 223 | Particle 21 | GLOBAL BEST!
Global Improvement: 0.0008333333333334636
  Move 1: RANDOM_SWAP | Indices: (30, 215)
=================================================================================
=================================================================================
2026-01-21T00:26:13.895 | Step 228 | Particle 85 | GLOBAL BEST!
Global Improvement: 0.00019531249999982236
  Move 1: GUIDED_SWAP_TO_PBEST | Indices: (91, 6)
  Move 2: GUIDED_SWAP_TO_PBEST | Indices: (174, 203)
  Move 3: GUIDED_SWAP_TO_PBEST | Indices: (156, 183)
  Move 4: RANDOM_SWAP | Indices: (151, 96)
=================================================================================
=================================================================================
2026-01-21T00:26:14.165 | Step 231 | Particle 163 | GLOBAL BEST!
Global Improvement: 0.0006380208333334192
  Move 1: GUIDED_SWAP_TO_GBEST | Indices: (98, 231)
  Move 2: GUIDED_SWAP_TO_GBEST | Indices: (46, 21)
  Move 3: GUIDED_SWAP_TO_GBEST | Indices: (243, 170)
  Move 4: RANDOM_SWAP | Indices: (154, 3)
=================================================================================
=================================================================================
2026-01-21T00:26:14.890 | Step 236 | Particle 98 | GLOBAL BEST!
Global Improvement: 9.765625000013323e-5
  Move 1: GUIDED_SWAP_TO_PBEST | Indices: (110, 5)
  Move 2: GUIDED_SWAP_TO_PBEST | Indices: (127, 185)
  Move 3: GUIDED_SWAP_TO_PBEST | Indices: (27, 106)
  Move 4: RANDOM_SWAP | Indices: (239, 120)
=================================================================================
=================================================================================
2026-01-21T00:26:15.433 | Step 242 | Particle 122 | GLOBAL BEST!
Global Improvement: 9.765624999991118e-5
  Move 1: GUIDED_SWAP_TO_PBEST | Indices: (129, 62)
  Move 2: GUIDED_SWAP_TO_PBEST | Indices: (153, 24)
  Move 3: GUIDED_SWAP_TO_PBEST | Indices: (162, 167)
  Move 4: RANDOM_SWAP | Indices: (206, 57)
=================================================================================
=================================================================================
2026-01-21T00:27:05.950 | Step 788 | Particle 172 | GLOBAL BEST!
Global Improvement: 0.0007356770833333304
  Move 1: GUIDED_SWAP_TO_PBEST | Indices: (95, 134)
  Move 2: RANDOM_SWAP | Indices: (233, 182)
=================================================================================
=================================================================================
2026-01-21T00:27:13.400 | Step 873 | Particle 188 | GLOBAL BEST!
Global Improvement: 9.765624999991118e-5
  Move 1: GUIDED_SWAP_TO_PBEST | Indices: (105, 117)
  Move 2: RANDOM_SWAP | Indices: (158, 227)
=================================================================================
=================================================================================
2026-01-21T00:28:00.174 | Step 1384 | Particle 150 | GLOBAL BEST!
Global Improvement: 0.0007356770833333304
  Move 1: GUIDED_SWAP_TO_PBEST | Indices: (91, 37)
  Move 2: RANDOM_SWAP | Indices: (225, 246)
=================================================================================
=================================================================================
2026-01-21T00:28:08.359 | Step 1478 | Particle 43 | GLOBAL BEST!
Global Improvement: 9.765625000013323e-5
  Move 1: RANDOM_SWAP | Indices: (129, 28)
=================================================================================
