# V5: GUIDED SWAP KAPALI - Ablation Study
# Started on: 2026-01-21T11:17:46.441

=================================================================================
2026-01-21T11:17:46.620 | Step 1 | Particle 4 | GLOBAL BEST!
Global Improvement: 0.004398561507936494
  Move 1: TRIPLE_SWAP | Indices: (176, 100, 215)
  Move 2: RANDOM_SWAP | Indices: (44, 158)
  Move 3: RANDOM_SWAP | Indices: (187, 5)
=================================================================================
=================================================================================
2026-01-21T11:17:46.656 | Step 1 | Particle 23 | GLOBAL BEST!
Global Improvement: 0.005195312499999938
  Move 1: TRIPLE_SWAP | Indices: (50, 231, 192)
  Move 2: RANDOM_SWAP | Indices: (94, 101)
  Move 3: RANDOM_SWAP | Indices: (85, 233)
=================================================================================
=================================================================================
2026-01-21T11:17:46.823 | Step 2 | Particle 23 | GLOBAL BEST!
Global Improvement: 0.0028450520833334103
  Move 1: TRIPLE_SWAP | Indices: (25, 96, 33)
=================================================================================
=================================================================================
2026-01-21T11:17:47.141 | Step 3 | Particle 4 | GLOBAL BEST!
Global Improvement: 0.004505208333333233
  Move 1: TRIPLE_SWAP | Indices: (38, 44, 70)
  Move 2: RANDOM_SWAP | Indices: (15, 98)
  Move 3: RANDOM_SWAP | Indices: (40, 123)
  Move 4: RANDOM_SWAP | Indices: (134, 84)
  Move 5: RANDOM_SWAP | Indices: (148, 59)
=================================================================================
=================================================================================
2026-01-21T11:17:47.319 | Step 4 | Particle 23 | GLOBAL BEST!
Global Improvement: 0.0024999999999999467
  Move 1: TRIPLE_SWAP | Indices: (67, 2, 113)
=================================================================================
=================================================================================
2026-01-21T11:17:47.636 | Step 6 | Particle 6 | GLOBAL BEST!
Global Improvement: 0.0003906250000000888
  Move 1: TRIPLE_SWAP | Indices: (52, 185, 89)
=================================================================================
=================================================================================
2026-01-21T11:17:47.802 | Step 7 | Particle 6 | GLOBAL BEST!
Global Improvement: 0.0008333333333334636
  Move 1: TRIPLE_SWAP | Indices: (105, 121, 31)
=================================================================================
=================================================================================
2026-01-21T11:17:47.842 | Step 7 | Particle 107 | GLOBAL BEST!
Global Improvement: 0.0013736979166665275
  Move 1: TRIPLE_SWAP | Indices: (151, 231, 173)
=================================================================================
=================================================================================
2026-01-21T11:17:47.985 | Step 8 | Particle 63 | GLOBAL BEST!
Global Improvement: 9.765624999991118e-5
  Move 1: TRIPLE_SWAP | Indices: (72, 119, 66)
=================================================================================
=================================================================================
2026-01-21T11:17:48.002 | Step 8 | Particle 107 | GLOBAL BEST!
Global Improvement: 0.00029296875000017764
  Move 1: RANDOM_SWAP | Indices: (77, 248)
  Move 2: RANDOM_SWAP | Indices: (74, 128)
  Move 3: RANDOM_SWAP | Indices: (67, 216)
  Move 4: RANDOM_SWAP | Indices: (216, 104)
=================================================================================
=================================================================================
2026-01-21T11:17:48.281 | Step 10 | Particle 107 | GLOBAL BEST!
Global Improvement: 0.0007877604166666163
  Move 1: RANDOM_SWAP | Indices: (136, 3)
  Move 2: RANDOM_SWAP | Indices: (225, 150)
  Move 3: RANDOM_SWAP | Indices: (212, 27)
  Move 4: RANDOM_SWAP | Indices: (43, 224)
=================================================================================
=================================================================================
2026-01-21T11:17:48.684 | Step 13 | Particle 44 | GLOBAL BEST!
Global Improvement: 0.0007812499999999556
  Move 1: TRIPLE_SWAP | Indices: (27, 105, 245)
=================================================================================
=================================================================================
2026-01-21T11:17:48.708 | Step 13 | Particle 107 | GLOBAL BEST!
Global Improvement: 0.0004947916666666607
  Move 1: TRIPLE_SWAP | Indices: (139, 256, 201)
=================================================================================
=================================================================================
2026-01-21T11:17:48.858 | Step 14 | Particle 167 | GLOBAL BEST!
Global Improvement: 0.0008789062500000888
  Move 1: TRIPLE_SWAP | Indices: (199, 102, 119)
=================================================================================
=================================================================================
2026-01-21T11:17:48.934 | Step 15 | Particle 4 | GLOBAL BEST!
Global Improvement: 0.0007356770833333304
  Move 1: TRIPLE_SWAP | Indices: (208, 120, 93)
=================================================================================
=================================================================================
2026-01-21T11:17:49.069 | Step 16 | Particle 4 | GLOBAL BEST!
Global Improvement: 0.0002929687499999556
  Move 1: TRIPLE_SWAP | Indices: (23, 173, 212)
=================================================================================
=================================================================================
2026-01-21T11:17:49.244 | Step 17 | Particle 136 | GLOBAL BEST!
Global Improvement: 9.765625000013323e-5
  Move 1: TRIPLE_SWAP | Indices: (158, 173, 213)
=================================================================================
=================================================================================
2026-01-21T11:17:49.365 | Step 18 | Particle 136 | GLOBAL BEST!
Global Improvement: 9.765624999991118e-5
  Move 1: TRIPLE_SWAP | Indices: (199, 29, 17)
  Move 2: RANDOM_SWAP | Indices: (178, 149)
=================================================================================
=================================================================================
2026-01-21T11:17:50.651 | Step 28 | Particle 136 | GLOBAL BEST!
Global Improvement: 0.0007356770833333304
  Move 1: TRIPLE_SWAP | Indices: (12, 74, 37)
  Move 2: RANDOM_SWAP | Indices: (156, 207)
=================================================================================
=================================================================================
2026-01-21T11:17:50.783 | Step 29 | Particle 136 | GLOBAL BEST!
Global Improvement: 0.0007356770833333304
  Move 1: TRIPLE_SWAP | Indices: (48, 113, 255)
=================================================================================
=================================================================================
2026-01-21T11:17:50.921 | Step 30 | Particle 136 | GLOBAL BEST!
Global Improvement: 0.0001953125000000444
  Move 1: TRIPLE_SWAP | Indices: (21, 108, 191)
=================================================================================
=================================================================================
2026-01-21T11:17:56.662 | Step 75 | Particle 49 | GLOBAL BEST!
Global Improvement: 0.00014973958333319715
  Move 1: TRIPLE_SWAP | Indices: (80, 158, 24)
=================================================================================
=================================================================================
2026-01-21T11:17:56.674 | Step 75 | Particle 79 | GLOBAL BEST!
Global Improvement: 0.0009309895833333748
  Move 1: TRIPLE_SWAP | Indices: (27, 169, 138)
=================================================================================
=================================================================================
2026-01-21T11:17:56.813 | Step 76 | Particle 79 | GLOBAL BEST!
Global Improvement: 0.001028645833333286
  Move 1: TRIPLE_SWAP | Indices: (36, 150, 157)
=================================================================================
=================================================================================
2026-01-21T11:17:58.081 | Step 86 | Particle 4 | GLOBAL BEST!
Global Improvement: 0.0006380208333334192
  Move 1: TRIPLE_SWAP | Indices: (9, 207, 159)
=================================================================================
=================================================================================
2026-01-21T11:17:58.333 | Step 88 | Particle 4 | GLOBAL BEST!
Global Improvement: 0.0005859374999999112
  Move 1: TRIPLE_SWAP | Indices: (99, 103, 19)
=================================================================================
=================================================================================
2026-01-21T11:19:51.100 | Step 862 | Particle 97 | GLOBAL BEST!
Global Improvement: 0.0001497395833334192
  Move 1: TRIPLE_SWAP | Indices: (160, 255, 188)
=================================================================================
=================================================================================
2026-01-21T11:20:06.765 | Step 948 | Particle 46 | GLOBAL BEST!
Global Improvement: 0.0005859374999999112
  Move 1: TRIPLE_SWAP | Indices: (194, 114, 88)
=================================================================================
=================================================================================
2026-01-21T11:20:17.259 | Step 1004 | Particle 113 | GLOBAL BEST!
Global Improvement: 0.0007356770833333304
  Move 1: TRIPLE_SWAP | Indices: (185, 134, 28)
=================================================================================
=================================================================================
2026-01-21T11:20:17.285 | Step 1004 | Particle 180 | GLOBAL BEST!
Global Improvement: 3.6582341269797425e-5
  Move 1: TRIPLE_SWAP | Indices: (150, 177, 225)
=================================================================================
=================================================================================
2026-01-21T11:20:17.456 | Step 1005 | Particle 113 | GLOBAL BEST!
Global Improvement: 6.10739087303358e-5
  Move 1: TRIPLE_SWAP | Indices: (70, 233, 203)
=================================================================================
=================================================================================
2026-01-21T11:22:00.255 | Step 1483 | Particle 184 | GLOBAL BEST!
Global Improvement: 0.0008333333333332416
  Move 1: TRIPLE_SWAP | Indices: (146, 76, 48)
=================================================================================
