# V5: GUIDED SWAP KAPALI - Ablation Study
# Started on: 2026-01-21T20:32:42.870

=================================================================================
2026-01-21T20:32:43.042 | Step 1 | Particle 2 | GLOBAL BEST!
Global Improvement: 0.004114583333333366
  Move 1: TRIPLE_SWAP | Indices: (73, 163, 173)
  Move 2: RANDOM_SWAP | Indices: (149, 107)
  Move 3: RANDOM_SWAP | Indices: (39, 5)
  Move 4: RANDOM_SWAP | Indices: (217, 172)
  Move 5: RANDOM_SWAP | Indices: (226, 168)
=================================================================================
=================================================================================
2026-01-21T20:32:43.075 | Step 1 | Particle 16 | GLOBAL BEST!
Global Improvement: 0.001028645833333286
  Move 1: TRIPLE_SWAP | Indices: (1, 10, 111)
=================================================================================
=================================================================================
2026-01-21T20:32:43.078 | Step 1 | Particle 24 | GLOBAL BEST!
Global Improvement: 0.0017578124999999556
  Move 1: TRIPLE_SWAP | Indices: (133, 1, 122)
  Move 2: RANDOM_SWAP | Indices: (226, 100)
  Move 3: RANDOM_SWAP | Indices: (200, 244)
  Move 4: RANDOM_SWAP | Indices: (188, 107)
  Move 5: RANDOM_SWAP | Indices: (50, 135)
  Move 6: RANDOM_SWAP | Indices: (162, 190)
=================================================================================
=================================================================================
2026-01-21T20:32:43.110 | Step 1 | Particle 107 | GLOBAL BEST!
Global Improvement: 0.00010416666666679397
  Move 1: TRIPLE_SWAP | Indices: (144, 244, 14)
  Move 2: RANDOM_SWAP | Indices: (254, 147)
  Move 3: RANDOM_SWAP | Indices: (115, 29)
  Move 4: RANDOM_SWAP | Indices: (243, 131)
=================================================================================
=================================================================================
2026-01-21T20:32:43.243 | Step 2 | Particle 16 | GLOBAL BEST!
Global Improvement: 0.0008333333333334636
  Move 1: TRIPLE_SWAP | Indices: (57, 106, 256)
=================================================================================
=================================================================================
2026-01-21T20:32:43.269 | Step 2 | Particle 83 | GLOBAL BEST!
Global Improvement: 0.0006835937499998224
  Move 1: TRIPLE_SWAP | Indices: (253, 76, 175)
  Move 2: RANDOM_SWAP | Indices: (100, 256)
  Move 3: RANDOM_SWAP | Indices: (64, 14)
=================================================================================
=================================================================================
2026-01-21T20:32:43.288 | Step 2 | Particle 135 | GLOBAL BEST!
Global Improvement: 0.0006901041666667052
  Move 1: TRIPLE_SWAP | Indices: (39, 208, 218)
  Move 2: RANDOM_SWAP | Indices: (106, 180)
  Move 3: RANDOM_SWAP | Indices: (96, 155)
  Move 4: RANDOM_SWAP | Indices: (182, 3)
  Move 5: RANDOM_SWAP | Indices: (96, 48)
=================================================================================
=================================================================================
2026-01-21T20:32:43.562 | Step 3 | Particle 15 | GLOBAL BEST!
Global Improvement: 0.00024088541666666963
  Move 1: TRIPLE_SWAP | Indices: (213, 51, 174)
  Move 2: RANDOM_SWAP | Indices: (173, 43)
  Move 3: RANDOM_SWAP | Indices: (189, 45)
  Move 4: RANDOM_SWAP | Indices: (195, 76)
  Move 5: RANDOM_SWAP | Indices: (68, 222)
  Move 6: RANDOM_SWAP | Indices: (157, 141)
=================================================================================
=================================================================================
2026-01-21T20:32:43.566 | Step 3 | Particle 25 | GLOBAL BEST!
Global Improvement: 5.2083333333285964e-5
  Move 1: TRIPLE_SWAP | Indices: (163, 125, 256)
=================================================================================
=================================================================================
2026-01-21T20:32:43.577 | Step 3 | Particle 52 | GLOBAL BEST!
Global Improvement: 0.00029296875000017764
  Move 1: TRIPLE_SWAP | Indices: (171, 166, 1)
=================================================================================
=================================================================================
2026-01-21T20:32:43.578 | Step 3 | Particle 56 | GLOBAL BEST!
Global Improvement: 6.510416666438701e-6
  Move 1: TRIPLE_SWAP | Indices: (226, 168, 70)
  Move 2: RANDOM_SWAP | Indices: (212, 100)
  Move 3: RANDOM_SWAP | Indices: (108, 178)
  Move 4: RANDOM_SWAP | Indices: (8, 95)
  Move 5: RANDOM_SWAP | Indices: (207, 248)
  Move 6: RANDOM_SWAP | Indices: (4, 84)
=================================================================================
=================================================================================
2026-01-21T20:32:43.608 | Step 3 | Particle 135 | GLOBAL BEST!
Global Improvement: 0.0019075520833333748
  Move 1: TRIPLE_SWAP | Indices: (183, 116, 1)
=================================================================================
=================================================================================
2026-01-21T20:32:43.729 | Step 4 | Particle 25 | GLOBAL BEST!
Global Improvement: 0.0004427083333333748
  Move 1: TRIPLE_SWAP | Indices: (9, 155, 167)
=================================================================================
=================================================================================
2026-01-21T20:32:43.771 | Step 4 | Particle 135 | GLOBAL BEST!
Global Improvement: 0.0024479166666666607
  Move 1: TRIPLE_SWAP | Indices: (143, 124, 49)
=================================================================================
=================================================================================
2026-01-21T20:32:44.051 | Step 6 | Particle 34 | GLOBAL BEST!
Global Improvement: 0.0001953125000000444
  Move 1: TRIPLE_SWAP | Indices: (232, 101, 13)
=================================================================================
=================================================================================
2026-01-21T20:32:44.191 | Step 7 | Particle 15 | GLOBAL BEST!
Global Improvement: 0.002591145833333197
  Move 1: TRIPLE_SWAP | Indices: (92, 139, 56)
  Move 2: RANDOM_SWAP | Indices: (248, 16)
  Move 3: RANDOM_SWAP | Indices: (243, 203)
=================================================================================
=================================================================================
2026-01-21T20:32:44.535 | Step 9 | Particle 135 | GLOBAL BEST!
Global Improvement: 0.0002473958333335524
  Move 1: TRIPLE_SWAP | Indices: (8, 80, 64)
=================================================================================
=================================================================================
2026-01-21T20:32:44.638 | Step 10 | Particle 24 | GLOBAL BEST!
Global Improvement: 0.0012239583333331083
  Move 1: TRIPLE_SWAP | Indices: (96, 109, 33)
=================================================================================
=================================================================================
2026-01-21T20:32:44.785 | Step 11 | Particle 34 | GLOBAL BEST!
Global Improvement: 0.000540364583333508
  Move 1: TRIPLE_SWAP | Indices: (75, 188, 104)
=================================================================================
=================================================================================
2026-01-21T20:32:44.930 | Step 12 | Particle 57 | GLOBAL BEST!
Global Improvement: 0.00048828125
  Move 1: TRIPLE_SWAP | Indices: (198, 153, 193)
  Move 2: RANDOM_SWAP | Indices: (130, 184)
  Move 3: RANDOM_SWAP | Indices: (109, 37)
=================================================================================
=================================================================================
2026-01-21T20:32:45.055 | Step 13 | Particle 34 | GLOBAL BEST!
Global Improvement: 0.0016666666666667052
  Move 1: TRIPLE_SWAP | Indices: (150, 115, 13)
=================================================================================
=================================================================================
2026-01-21T20:32:45.082 | Step 13 | Particle 107 | GLOBAL BEST!
Global Improvement: 0.0001953125000000444
  Move 1: TRIPLE_SWAP | Indices: (60, 135, 160)
=================================================================================
=================================================================================
2026-01-21T20:32:45.211 | Step 14 | Particle 107 | GLOBAL BEST!
Global Improvement: 0.0009309895833331527
  Move 1: TRIPLE_SWAP | Indices: (52, 24, 155)
=================================================================================
=================================================================================
2026-01-21T20:32:46.199 | Step 22 | Particle 45 | GLOBAL BEST!
Global Improvement: 5.2083333333285964e-5
  Move 1: TRIPLE_SWAP | Indices: (106, 76, 114)
=================================================================================
=================================================================================
2026-01-21T20:32:46.324 | Step 23 | Particle 45 | GLOBAL BEST!
Global Improvement: 0.0013216145833334636
  Move 1: TRIPLE_SWAP | Indices: (217, 146, 201)
=================================================================================
=================================================================================
2026-01-21T20:32:49.785 | Step 50 | Particle 179 | GLOBAL BEST!
Global Improvement: 0.0009309895833333748
  Move 1: TRIPLE_SWAP | Indices: (65, 249, 78)
=================================================================================
=================================================================================
2026-01-21T20:32:50.167 | Step 53 | Particle 179 | GLOBAL BEST!
Global Improvement: 0.00019531249999982236
  Move 1: TRIPLE_SWAP | Indices: (51, 253, 25)
=================================================================================
=================================================================================
2026-01-21T20:32:50.174 | Step 53 | Particle 195 | GLOBAL BEST!
Global Improvement: 0.0007356770833335524
  Move 1: TRIPLE_SWAP | Indices: (105, 115, 217)
=================================================================================
=================================================================================
2026-01-21T20:33:59.528 | Step 547 | Particle 156 | GLOBAL BEST!
Global Improvement: 0.0009309895833331527
  Move 1: TRIPLE_SWAP | Indices: (76, 240, 82)
=================================================================================
=================================================================================
2026-01-21T20:34:27.901 | Step 728 | Particle 45 | GLOBAL BEST!
Global Improvement: 0.0004792906746031722
  Move 1: TRIPLE_SWAP | Indices: (9, 91, 41)
=================================================================================
=================================================================================
2026-01-21T20:34:28.067 | Step 729 | Particle 45 | GLOBAL BEST!
Global Improvement: 9.765625000013323e-5
  Move 1: TRIPLE_SWAP | Indices: (94, 146, 217)
=================================================================================
=================================================================================
2026-01-21T20:35:13.664 | Step 980 | Particle 129 | GLOBAL BEST!
Global Improvement: 0.00015873015873002494
  Move 1: TRIPLE_SWAP | Indices: (180, 2, 108)
=================================================================================
=================================================================================
2026-01-21T20:35:24.610 | Step 1034 | Particle 61 | GLOBAL BEST!
Global Improvement: 0.0007266865079365026
  Move 1: TRIPLE_SWAP | Indices: (146, 41, 247)
=================================================================================
=================================================================================
2026-01-21T20:36:27.803 | Step 1327 | Particle 129 | GLOBAL BEST!
Global Improvement: 0.0003906250000000888
  Move 1: TRIPLE_SWAP | Indices: (45, 93, 60)
=================================================================================
=================================================================================
2026-01-21T20:36:33.750 | Step 1353 | Particle 55 | GLOBAL BEST!
Global Improvement: 0.0002929687499999556
  Move 1: TRIPLE_SWAP | Indices: (244, 3, 220)
=================================================================================
=================================================================================
2026-01-21T20:36:39.815 | Step 1380 | Particle 117 | GLOBAL BEST!
Global Improvement: 0.0018619791666667496
  Move 1: TRIPLE_SWAP | Indices: (39, 142, 89)
  Move 2: RANDOM_SWAP | Indices: (85, 204)
=================================================================================
