# V5: GUIDED SWAP KAPALI - Ablation Study
# Started on: 2026-01-20T22:14:14.986

=================================================================================
2026-01-20T22:14:15.189 | Step 1 | Particle 2 | GLOBAL BEST!
Global Improvement: 0.006321614583333357
  Move 1: TRIPLE_SWAP | Indices: (221, 203, 185)
  Move 2: RANDOM_SWAP | Indices: (73, 95)
  Move 3: RANDOM_SWAP | Indices: (210, 89)
=================================================================================
=================================================================================
2026-01-20T22:14:15.221 | Step 1 | Particle 8 | GLOBAL BEST!
Global Improvement: 0.00112382192460303
  Move 1: TRIPLE_SWAP | Indices: (121, 60, 235)
  Move 2: RANDOM_SWAP | Indices: (5, 118)
  Move 3: RANDOM_SWAP | Indices: (28, 11)
  Move 4: RANDOM_SWAP | Indices: (67, 74)
  Move 5: RANDOM_SWAP | Indices: (10, 46)
  Move 6: RANDOM_SWAP | Indices: (114, 135)
=================================================================================
=================================================================================
2026-01-20T22:14:15.225 | Step 1 | Particle 18 | GLOBAL BEST!
Global Improvement: 0.0006405009920635862
  Move 1: TRIPLE_SWAP | Indices: (112, 93, 12)
  Move 2: RANDOM_SWAP | Indices: (50, 40)
  Move 3: RANDOM_SWAP | Indices: (127, 143)
  Move 4: RANDOM_SWAP | Indices: (223, 232)
  Move 5: RANDOM_SWAP | Indices: (136, 245)
=================================================================================
=================================================================================
2026-01-20T22:14:15.238 | Step 1 | Particle 54 | GLOBAL BEST!
Global Improvement: 3.6582341269797425e-5
  Move 1: TRIPLE_SWAP | Indices: (48, 179, 23)
=================================================================================
=================================================================================
2026-01-20T22:14:15.240 | Step 1 | Particle 59 | GLOBAL BEST!
Global Improvement: 0.0001953125000000444
  Move 1: TRIPLE_SWAP | Indices: (69, 60, 146)
  Move 2: RANDOM_SWAP | Indices: (1, 30)
  Move 3: RANDOM_SWAP | Indices: (70, 129)
=================================================================================
=================================================================================
2026-01-20T22:14:15.265 | Step 1 | Particle 124 | GLOBAL BEST!
Global Improvement: 0.00039961557539669457
  Move 1: TRIPLE_SWAP | Indices: (236, 31, 105)
  Move 2: RANDOM_SWAP | Indices: (255, 79)
  Move 3: RANDOM_SWAP | Indices: (230, 71)
  Move 4: RANDOM_SWAP | Indices: (183, 218)
  Move 5: RANDOM_SWAP | Indices: (126, 46)
=================================================================================
=================================================================================
2026-01-20T22:14:15.291 | Step 1 | Particle 194 | GLOBAL BEST!
Global Improvement: 0.003571738591269913
  Move 1: TRIPLE_SWAP | Indices: (192, 114, 88)
  Move 2: RANDOM_SWAP | Indices: (67, 161)
  Move 3: RANDOM_SWAP | Indices: (252, 110)
  Move 4: RANDOM_SWAP | Indices: (163, 146)
  Move 5: RANDOM_SWAP | Indices: (161, 201)
=================================================================================
=================================================================================
2026-01-20T22:14:15.417 | Step 2 | Particle 70 | GLOBAL BEST!
Global Improvement: 0.00039713541666674956
  Move 1: TRIPLE_SWAP | Indices: (165, 226, 225)
  Move 2: RANDOM_SWAP | Indices: (154, 146)
  Move 3: RANDOM_SWAP | Indices: (117, 116)
=================================================================================
=================================================================================
2026-01-20T22:14:15.720 | Step 3 | Particle 18 | GLOBAL BEST!
Global Improvement: 0.001135292658730025
  Move 1: TRIPLE_SWAP | Indices: (145, 215, 3)
  Move 2: RANDOM_SWAP | Indices: (131, 211)
  Move 3: RANDOM_SWAP | Indices: (235, 102)
  Move 4: RANDOM_SWAP | Indices: (140, 226)
  Move 5: RANDOM_SWAP | Indices: (10, 177)
=================================================================================
=================================================================================
2026-01-20T22:14:15.725 | Step 3 | Particle 32 | GLOBAL BEST!
Global Improvement: 0.0020938740079365914
  Move 1: TRIPLE_SWAP | Indices: (117, 184, 66)
=================================================================================
=================================================================================
2026-01-20T22:14:15.730 | Step 3 | Particle 46 | GLOBAL BEST!
Global Improvement: 0.001028645833333286
  Move 1: TRIPLE_SWAP | Indices: (174, 20, 161)
  Move 2: RANDOM_SWAP | Indices: (188, 51)
  Move 3: RANDOM_SWAP | Indices: (20, 62)
  Move 4: RANDOM_SWAP | Indices: (126, 64)
  Move 5: RANDOM_SWAP | Indices: (223, 70)
=================================================================================
=================================================================================
2026-01-20T22:14:15.889 | Step 4 | Particle 18 | GLOBAL BEST!
Global Improvement: 1.550099206348854e-5
  Move 1: TRIPLE_SWAP | Indices: (184, 172, 153)
=================================================================================
=================================================================================
2026-01-20T22:14:15.899 | Step 4 | Particle 46 | GLOBAL BEST!
Global Improvement: 0.0030704365079365914
  Move 1: TRIPLE_SWAP | Indices: (198, 140, 241)
=================================================================================
=================================================================================
2026-01-20T22:14:16.069 | Step 5 | Particle 73 | GLOBAL BEST!
Global Improvement: 0.001028645833333286
  Move 1: TRIPLE_SWAP | Indices: (1, 248, 24)
=================================================================================
=================================================================================
2026-01-20T22:14:16.212 | Step 6 | Particle 45 | GLOBAL BEST!
Global Improvement: 0.0007356770833333304
  Move 1: TRIPLE_SWAP | Indices: (68, 190, 203)
=================================================================================
=================================================================================
2026-01-20T22:14:16.220 | Step 6 | Particle 64 | GLOBAL BEST!
Global Improvement: 0.0007356770833333304
  Move 1: TRIPLE_SWAP | Indices: (240, 51, 101)
  Move 2: RANDOM_SWAP | Indices: (16, 117)
  Move 3: RANDOM_SWAP | Indices: (91, 113)
  Move 4: RANDOM_SWAP | Indices: (22, 78)
  Move 5: RANDOM_SWAP | Indices: (135, 73)
=================================================================================
=================================================================================
2026-01-20T22:14:16.403 | Step 7 | Particle 165 | GLOBAL BEST!
Global Improvement: 0.0008333333333334636
  Move 1: TRIPLE_SWAP | Indices: (40, 230, 171)
=================================================================================
=================================================================================
2026-01-20T22:14:16.514 | Step 8 | Particle 45 | GLOBAL BEST!
Global Improvement: 0.00014973958333319715
  Move 1: TRIPLE_SWAP | Indices: (116, 108, 92)
=================================================================================
=================================================================================
2026-01-20T22:14:16.514 | Step 8 | Particle 46 | GLOBAL BEST!
Global Improvement: 0.0008333333333334636
  Move 1: TRIPLE_SWAP | Indices: (256, 179, 36)
=================================================================================
=================================================================================
2026-01-20T22:14:16.661 | Step 9 | Particle 45 | GLOBAL BEST!
Global Improvement: 0.001080729166666572
  Move 1: TRIPLE_SWAP | Indices: (173, 76, 172)
=================================================================================
=================================================================================
2026-01-20T22:14:16.813 | Step 10 | Particle 45 | GLOBAL BEST!
Global Improvement: 0.0012239583333333304
  Move 1: TRIPLE_SWAP | Indices: (80, 51, 192)
=================================================================================
=================================================================================
2026-01-20T22:14:16.948 | Step 11 | Particle 3 | GLOBAL BEST!
Global Improvement: 0.0009765625
  Move 1: TRIPLE_SWAP | Indices: (233, 193, 154)
=================================================================================
=================================================================================
2026-01-20T22:14:17.084 | Step 12 | Particle 3 | GLOBAL BEST!
Global Improvement: 0.0013736979166667496
  Move 1: TRIPLE_SWAP | Indices: (226, 132, 20)
=================================================================================
=================================================================================
2026-01-20T22:14:17.237 | Step 13 | Particle 45 | GLOBAL BEST!
Global Improvement: 0.0009309895833331527
  Move 1: TRIPLE_SWAP | Indices: (255, 150, 65)
=================================================================================
=================================================================================
2026-01-20T22:14:17.499 | Step 15 | Particle 45 | GLOBAL BEST!
Global Improvement: 0.001569010416666794
  Move 1: RANDOM_SWAP | Indices: (63, 238)
=================================================================================
=================================================================================
2026-01-20T22:14:17.932 | Step 18 | Particle 196 | GLOBAL BEST!
Global Improvement: 9.765624999991118e-5
  Move 1: TRIPLE_SWAP | Indices: (21, 107, 193)
=================================================================================
=================================================================================
2026-01-20T22:14:18.129 | Step 20 | Particle 45 | GLOBAL BEST!
Global Improvement: 0.000540364583333508
  Move 1: TRIPLE_SWAP | Indices: (210, 123, 212)
=================================================================================
=================================================================================
2026-01-20T22:14:18.144 | Step 20 | Particle 84 | GLOBAL BEST!
Global Improvement: 0.0002929687499999556
  Move 1: TRIPLE_SWAP | Indices: (42, 255, 73)
=================================================================================
=================================================================================
2026-01-20T22:14:18.275 | Step 21 | Particle 84 | GLOBAL BEST!
Global Improvement: 0.0017643229166666163
  Move 1: TRIPLE_SWAP | Indices: (50, 224, 110)
=================================================================================
=================================================================================
2026-01-20T22:14:20.764 | Step 41 | Particle 69 | GLOBAL BEST!
Global Improvement: 0.0001497395833334192
  Move 1: TRIPLE_SWAP | Indices: (172, 21, 47)
=================================================================================
=================================================================================
2026-01-20T22:14:23.604 | Step 63 | Particle 78 | GLOBAL BEST!
Global Improvement: 0.0003906249999998668
  Move 1: TRIPLE_SWAP | Indices: (164, 243, 99)
=================================================================================
=================================================================================
2026-01-20T22:14:23.711 | Step 64 | Particle 26 | GLOBAL BEST!
Global Improvement: 0.00048828125
  Move 1: TRIPLE_SWAP | Indices: (43, 241, 10)
=================================================================================
=================================================================================
2026-01-20T22:14:23.731 | Step 64 | Particle 78 | GLOBAL BEST!
Global Improvement: 0.00034505208333324155
  Move 1: TRIPLE_SWAP | Indices: (25, 10, 254)
=================================================================================
=================================================================================
2026-01-20T22:14:28.250 | Step 98 | Particle 26 | GLOBAL BEST!
Global Improvement: 9.765625000013323e-5
  Move 1: TRIPLE_SWAP | Indices: (249, 113, 201)
=================================================================================
=================================================================================
2026-01-20T22:14:36.436 | Step 161 | Particle 15 | GLOBAL BEST!
Global Improvement: 0.0001953125000000444
  Move 1: TRIPLE_SWAP | Indices: (244, 99, 111)
=================================================================================
=================================================================================
2026-01-20T22:14:36.810 | Step 164 | Particle 15 | GLOBAL BEST!
Global Improvement: 0.0008333333333332416
  Move 1: TRIPLE_SWAP | Indices: (254, 135, 133)
  Move 2: RANDOM_SWAP | Indices: (104, 232)
  Move 3: RANDOM_SWAP | Indices: (245, 156)
=================================================================================
=================================================================================
2026-01-20T22:14:40.204 | Step 190 | Particle 104 | GLOBAL BEST!
Global Improvement: 0.0008333333333334636
  Move 1: TRIPLE_SWAP | Indices: (17, 141, 173)
=================================================================================
=================================================================================
2026-01-20T22:15:12.345 | Step 417 | Particle 28 | GLOBAL BEST!
Global Improvement: 0.0009309895833331527
  Move 1: TRIPLE_SWAP | Indices: (79, 237, 149)
=================================================================================
=================================================================================
2026-01-20T22:15:23.776 | Step 498 | Particle 82 | GLOBAL BEST!
Global Improvement: 0.0001497395833334192
  Move 1: TRIPLE_SWAP | Indices: (190, 214, 189)
=================================================================================
=================================================================================
2026-01-20T22:16:13.507 | Step 818 | Particle 165 | GLOBAL BEST!
Global Improvement: 0.0001953125000000444
  Move 1: TRIPLE_SWAP | Indices: (112, 5, 176)
=================================================================================
=================================================================================
2026-01-20T22:16:39.013 | Step 960 | Particle 111 | GLOBAL BEST!
Global Improvement: 0.0003906249999998668
  Move 1: TRIPLE_SWAP | Indices: (32, 7, 149)
=================================================================================
=================================================================================
2026-01-20T22:16:53.866 | Step 1043 | Particle 74 | GLOBAL BEST!
Global Improvement: 9.765625000013323e-5
  Move 1: TRIPLE_SWAP | Indices: (117, 127, 19)
=================================================================================
=================================================================================
2026-01-20T22:16:56.548 | Step 1058 | Particle 32 | GLOBAL BEST!
Global Improvement: 0.0006746031746032166
  Move 1: TRIPLE_SWAP | Indices: (252, 97, 118)
=================================================================================
=================================================================================
2026-01-20T22:18:54.756 | Step 1611 | Particle 68 | GLOBAL BEST!
Global Improvement: 0.0007356770833333304
  Move 1: TRIPLE_SWAP | Indices: (93, 55, 15)
=================================================================================
