# V3: TRIPLE SWAP KAPALI - Ablation Study
# Started on: 2026-01-19T21:14:35.700

=================================================================================
2026-01-19T21:14:35.890 | Step 1 | Particle 3 | GLOBAL BEST!
Global Improvement: 0.0002929687500000666
  Move 1: RANDOM_SWAP | Indices: (117, 26)
  Move 2: RANDOM_SWAP | Indices: (174, 11)
  Move 3: RANDOM_SWAP | Indices: (211, 118)
  Move 4: RANDOM_SWAP | Indices: (144, 229)
=================================================================================
=================================================================================
2026-01-19T21:14:35.910 | Step 1 | Particle 10 | GLOBAL BEST!
Global Improvement: 0.0009765625
  Move 1: RANDOM_SWAP | Indices: (192, 40)
=================================================================================
=================================================================================
2026-01-19T21:14:35.915 | Step 1 | Particle 23 | GLOBAL BEST!
Global Improvement: 0.0016601562499999334
  Move 1: RANDOM_SWAP | Indices: (112, 238)
  Move 2: RANDOM_SWAP | Indices: (172, 226)
  Move 3: RANDOM_SWAP | Indices: (221, 245)
  Move 4: RANDOM_SWAP | Indices: (38, 98)
=================================================================================
=================================================================================
2026-01-19T21:14:35.916 | Step 1 | Particle 26 | GLOBAL BEST!
Global Improvement: 0.0002929687499999556
  Move 1: RANDOM_SWAP | Indices: (193, 176)
  Move 2: RANDOM_SWAP | Indices: (103, 102)
  Move 3: RANDOM_SWAP | Indices: (90, 242)
  Move 4: RANDOM_SWAP | Indices: (176, 166)
  Move 5: RANDOM_SWAP | Indices: (224, 160)
=================================================================================
=================================================================================
2026-01-19T21:14:35.926 | Step 1 | Particle 50 | GLOBAL BEST!
Global Improvement: 0.007617187500000067
  Move 1: RANDOM_SWAP | Indices: (44, 195)
  Move 2: RANDOM_SWAP | Indices: (170, 255)
  Move 3: RANDOM_SWAP | Indices: (192, 39)
  Move 4: RANDOM_SWAP | Indices: (49, 19)
  Move 5: RANDOM_SWAP | Indices: (20, 11)
=================================================================================
=================================================================================
2026-01-19T21:14:35.956 | Step 1 | Particle 129 | GLOBAL BEST!
Global Improvement: 0.0018554687499999778
  Move 1: RANDOM_SWAP | Indices: (86, 203)
  Move 2: RANDOM_SWAP | Indices: (252, 119)
  Move 3: RANDOM_SWAP | Indices: (198, 99)
  Move 4: RANDOM_SWAP | Indices: (251, 164)
  Move 5: RANDOM_SWAP | Indices: (101, 67)
=================================================================================
=================================================================================
2026-01-19T21:14:36.095 | Step 2 | Particle 16 | GLOBAL BEST!
Global Improvement: 0.0005859375000000222
  Move 1: GUIDED_SWAP_TO_GBEST | Indices: (164, 251)
  Move 2: GUIDED_SWAP_TO_GBEST | Indices: (119, 252)
  Move 3: GUIDED_SWAP_TO_GBEST | Indices: (101, 67)
  Move 4: GUIDED_SWAP_TO_GBEST | Indices: (99, 198)
  Move 5: GUIDED_SWAP_TO_PBEST | Indices: (164, 251)
  Move 6: GUIDED_SWAP_TO_PBEST | Indices: (119, 252)
  Move 7: GUIDED_SWAP_TO_PBEST | Indices: (198, 99)
  Move 8: GUIDED_SWAP_TO_PBEST | Indices: (67, 101)
  Move 9: GUIDED_SWAP_TO_GBEST | Indices: (203, 86)
  Move 10: GUIDED_SWAP_TO_GBEST | Indices: (164, 251)
  Move 11: GUIDED_SWAP_TO_GBEST | Indices: (67, 101)
  Move 12: GUIDED_SWAP_TO_GBEST | Indices: (119, 252)
  Move 13: GUIDED_SWAP_TO_GBEST | Indices: (198, 99)
  Move 14: GUIDED_SWAP_TO_PBEST | Indices: (198, 99)
  Move 15: GUIDED_SWAP_TO_PBEST | Indices: (203, 86)
  Move 16: GUIDED_SWAP_TO_PBEST | Indices: (252, 119)
  Move 17: GUIDED_SWAP_TO_PBEST | Indices: (251, 164)
  Move 18: RANDOM_SWAP | Indices: (166, 58)
  Move 19: RANDOM_SWAP | Indices: (150, 172)
  Move 20: RANDOM_SWAP | Indices: (198, 98)
  Move 21: RANDOM_SWAP | Indices: (198, 217)
  Move 22: RANDOM_SWAP | Indices: (80, 203)
=================================================================================
=================================================================================
2026-01-19T21:14:36.096 | Step 2 | Particle 17 | GLOBAL BEST!
Global Improvement: 0.00048828125
  Move 1: GUIDED_SWAP_TO_GBEST | Indices: (203, 86)
  Move 2: GUIDED_SWAP_TO_GBEST | Indices: (101, 67)
  Move 3: GUIDED_SWAP_TO_GBEST | Indices: (164, 251)
  Move 4: GUIDED_SWAP_TO_GBEST | Indices: (198, 99)
  Move 5: GUIDED_SWAP_TO_PBEST | Indices: (86, 203)
  Move 6: GUIDED_SWAP_TO_PBEST | Indices: (164, 251)
  Move 7: GUIDED_SWAP_TO_PBEST | Indices: (198, 99)
  Move 8: GUIDED_SWAP_TO_GBEST | Indices: (251, 164)
  Move 9: GUIDED_SWAP_TO_GBEST | Indices: (86, 203)
  Move 10: GUIDED_SWAP_TO_GBEST | Indices: (198, 99)
  Move 11: GUIDED_SWAP_TO_GBEST | Indices: (119, 252)
  Move 12: RANDOM_SWAP | Indices: (256, 97)
  Move 13: RANDOM_SWAP | Indices: (239, 178)
  Move 14: RANDOM_SWAP | Indices: (60, 66)
=================================================================================
=================================================================================
2026-01-19T21:14:36.110 | Step 2 | Particle 54 | GLOBAL BEST!
Global Improvement: 0.002050781249999911
  Move 1: GUIDED_SWAP_TO_GBEST | Indices: (86, 203)
  Move 2: GUIDED_SWAP_TO_GBEST | Indices: (164, 251)
  Move 3: GUIDED_SWAP_TO_GBEST | Indices: (67, 101)
  Move 4: GUIDED_SWAP_TO_GBEST | Indices: (198, 99)
  Move 5: GUIDED_SWAP_TO_PBEST | Indices: (203, 86)
  Move 6: GUIDED_SWAP_TO_PBEST | Indices: (164, 251)
  Move 7: GUIDED_SWAP_TO_PBEST | Indices: (67, 101)
  Move 8: GUIDED_SWAP_TO_PBEST | Indices: (99, 198)
  Move 9: GUIDED_SWAP_TO_GBEST | Indices: (101, 67)
  Move 10: GUIDED_SWAP_TO_GBEST | Indices: (203, 86)
  Move 11: GUIDED_SWAP_TO_GBEST | Indices: (99, 198)
  Move 12: GUIDED_SWAP_TO_GBEST | Indices: (251, 164)
  Move 13: GUIDED_SWAP_TO_PBEST | Indices: (67, 101)
  Move 14: GUIDED_SWAP_TO_PBEST | Indices: (99, 198)
  Move 15: GUIDED_SWAP_TO_PBEST | Indices: (251, 164)
  Move 16: GUIDED_SWAP_TO_GBEST | Indices: (198, 99)
  Move 17: GUIDED_SWAP_TO_GBEST | Indices: (164, 251)
  Move 18: GUIDED_SWAP_TO_GBEST | Indices: (252, 119)
  Move 19: GUIDED_SWAP_TO_GBEST | Indices: (67, 101)
  Move 20: RANDOM_SWAP | Indices: (20, 110)
  Move 21: RANDOM_SWAP | Indices: (73, 82)
  Move 22: RANDOM_SWAP | Indices: (155, 9)
  Move 23: RANDOM_SWAP | Indices: (166, 7)
  Move 24: RANDOM_SWAP | Indices: (76, 105)
=================================================================================
=================================================================================
2026-01-19T21:14:36.455 | Step 3 | Particle 2 | GLOBAL BEST!
Global Improvement: 0.000976562500000111
  Move 1: GUIDED_SWAP_TO_GBEST | Indices: (198, 99)
  Move 2: GUIDED_SWAP_TO_GBEST | Indices: (101, 67)
  Move 3: GUIDED_SWAP_TO_GBEST | Indices: (164, 251)
  Move 4: GUIDED_SWAP_TO_GBEST | Indices: (105, 76)
  Move 5: GUIDED_SWAP_TO_GBEST | Indices: (252, 119)
  Move 6: GUIDED_SWAP_TO_GBEST | Indices: (155, 9)
  Move 7: GUIDED_SWAP_TO_GBEST | Indices: (166, 7)
  Move 8: GUIDED_SWAP_TO_GBEST | Indices: (203, 86)
  Move 9: GUIDED_SWAP_TO_GBEST | Indices: (82, 73)
=================================================================================
=================================================================================
2026-01-19T21:14:36.498 | Step 3 | Particle 112 | GLOBAL BEST!
Global Improvement: 9.76562500000222e-5
  Move 1: GUIDED_SWAP_TO_GBEST | Indices: (32, 37)
  Move 2: GUIDED_SWAP_TO_GBEST | Indices: (81, 88)
  Move 3: GUIDED_SWAP_TO_GBEST | Indices: (37, 235)
  Move 4: GUIDED_SWAP_TO_GBEST | Indices: (166, 7)
  Move 5: GUIDED_SWAP_TO_GBEST | Indices: (110, 20)
  Move 6: GUIDED_SWAP_TO_PBEST | Indices: (81, 88)
  Move 7: GUIDED_SWAP_TO_PBEST | Indices: (20, 110)
  Move 8: GUIDED_SWAP_TO_PBEST | Indices: (32, 235)
  Move 9: GUIDED_SWAP_TO_PBEST | Indices: (7, 166)
  Move 10: GUIDED_SWAP_TO_GBEST | Indices: (86, 203)
  Move 11: GUIDED_SWAP_TO_GBEST | Indices: (73, 82)
  Move 12: GUIDED_SWAP_TO_GBEST | Indices: (166, 7)
  Move 13: GUIDED_SWAP_TO_GBEST | Indices: (81, 88)
  Move 14: GUIDED_SWAP_TO_GBEST | Indices: (76, 105)
  Move 15: GUIDED_SWAP_TO_GBEST | Indices: (9, 155)
  Move 16: GUIDED_SWAP_TO_GBEST | Indices: (20, 110)
  Move 17: RANDOM_SWAP | Indices: (243, 109)
=================================================================================
=================================================================================
2026-01-19T21:14:36.858 | Step 4 | Particle 40 | GLOBAL BEST!
Global Improvement: 0.0005859374999999112
  Move 1: GUIDED_SWAP_TO_GBEST | Indices: (32, 235)
  Move 2: GUIDED_SWAP_TO_GBEST | Indices: (164, 45)
  Move 3: GUIDED_SWAP_TO_GBEST | Indices: (76, 105)
  Move 4: GUIDED_SWAP_TO_GBEST | Indices: (20, 110)
  Move 5: GUIDED_SWAP_TO_GBEST | Indices: (243, 109)
  Move 6: GUIDED_SWAP_TO_PBEST | Indices: (243, 109)
  Move 7: GUIDED_SWAP_TO_PBEST | Indices: (105, 76)
  Move 8: GUIDED_SWAP_TO_PBEST | Indices: (110, 20)
  Move 9: GUIDED_SWAP_TO_PBEST | Indices: (164, 45)
  Move 10: GUIDED_SWAP_TO_PBEST | Indices: (235, 32)
  Move 11: GUIDED_SWAP_TO_GBEST | Indices: (235, 32)
  Move 12: GUIDED_SWAP_TO_GBEST | Indices: (45, 164)
  Move 13: GUIDED_SWAP_TO_GBEST | Indices: (109, 243)
  Move 14: GUIDED_SWAP_TO_GBEST | Indices: (76, 105)
  Move 15: GUIDED_SWAP_TO_PBEST | Indices: (243, 109)
  Move 16: GUIDED_SWAP_TO_PBEST | Indices: (45, 164)
  Move 17: GUIDED_SWAP_TO_PBEST | Indices: (76, 105)
  Move 18: GUIDED_SWAP_TO_PBEST | Indices: (32, 235)
  Move 19: GUIDED_SWAP_TO_GBEST | Indices: (243, 109)
  Move 20: GUIDED_SWAP_TO_GBEST | Indices: (105, 76)
  Move 21: GUIDED_SWAP_TO_GBEST | Indices: (164, 45)
  Move 22: GUIDED_SWAP_TO_GBEST | Indices: (32, 235)
=================================================================================
=================================================================================
2026-01-19T21:14:36.860 | Step 4 | Particle 43 | GLOBAL BEST!
Global Improvement: 0.00146484375
  Move 1: GUIDED_SWAP_TO_GBEST | Indices: (123, 229)
  Move 2: GUIDED_SWAP_TO_GBEST | Indices: (112, 147)
  Move 3: GUIDED_SWAP_TO_GBEST | Indices: (243, 109)
  Move 4: GUIDED_SWAP_TO_GBEST | Indices: (62, 218)
  Move 5: GUIDED_SWAP_TO_GBEST | Indices: (101, 67)
  Move 6: GUIDED_SWAP_TO_PBEST | Indices: (218, 62)
  Move 7: GUIDED_SWAP_TO_PBEST | Indices: (229, 123)
  Move 8: GUIDED_SWAP_TO_PBEST | Indices: (109, 243)
  Move 9: GUIDED_SWAP_TO_PBEST | Indices: (112, 147)
  Move 10: GUIDED_SWAP_TO_GBEST | Indices: (235, 32)
  Move 11: GUIDED_SWAP_TO_GBEST | Indices: (123, 229)
  Move 12: GUIDED_SWAP_TO_GBEST | Indices: (76, 105)
  Move 13: GUIDED_SWAP_TO_GBEST | Indices: (109, 243)
  Move 14: GUIDED_SWAP_TO_PBEST | Indices: (101, 67)
  Move 15: GUIDED_SWAP_TO_PBEST | Indices: (76, 105)
  Move 16: GUIDED_SWAP_TO_PBEST | Indices: (32, 235)
  Move 17: GUIDED_SWAP_TO_PBEST | Indices: (243, 109)
  Move 18: GUIDED_SWAP_TO_GBEST | Indices: (101, 67)
  Move 19: GUIDED_SWAP_TO_GBEST | Indices: (105, 76)
  Move 20: GUIDED_SWAP_TO_GBEST | Indices: (62, 218)
  Move 21: GUIDED_SWAP_TO_GBEST | Indices: (243, 109)
  Move 22: RANDOM_SWAP | Indices: (179, 192)
=================================================================================
=================================================================================
2026-01-19T21:14:36.871 | Step 4 | Particle 71 | GLOBAL BEST!
Global Improvement: 0.0008789062500000888
  Move 1: GUIDED_SWAP_TO_GBEST | Indices: (235, 32)
  Move 2: GUIDED_SWAP_TO_GBEST | Indices: (166, 7)
  Move 3: GUIDED_SWAP_TO_GBEST | Indices: (188, 124)
  Move 4: GUIDED_SWAP_TO_PBEST | Indices: (124, 188)
  Move 5: GUIDED_SWAP_TO_PBEST | Indices: (32, 235)
  Move 6: GUIDED_SWAP_TO_PBEST | Indices: (7, 166)
  Move 7: GUIDED_SWAP_TO_GBEST | Indices: (32, 235)
  Move 8: GUIDED_SWAP_TO_GBEST | Indices: (109, 243)
  Move 9: GUIDED_SWAP_TO_GBEST | Indices: (188, 124)
  Move 10: GUIDED_SWAP_TO_PBEST | Indices: (109, 243)
  Move 11: GUIDED_SWAP_TO_PBEST | Indices: (124, 188)
  Move 12: GUIDED_SWAP_TO_PBEST | Indices: (235, 32)
  Move 13: GUIDED_SWAP_TO_GBEST | Indices: (124, 188)
  Move 14: GUIDED_SWAP_TO_GBEST | Indices: (32, 235)
  Move 15: GUIDED_SWAP_TO_GBEST | Indices: (109, 243)
  Move 16: GUIDED_SWAP_TO_GBEST | Indices: (166, 7)
  Move 17: RANDOM_SWAP | Indices: (16, 81)
  Move 18: RANDOM_SWAP | Indices: (182, 19)
  Move 19: RANDOM_SWAP | Indices: (198, 79)
  Move 20: RANDOM_SWAP | Indices: (174, 182)
=================================================================================
=================================================================================
2026-01-19T21:14:36.925 | Step 5 | Particle 2 | GLOBAL BEST!
Global Improvement: 0.0016601562499999334
  Move 1: GUIDED_SWAP_TO_GBEST | Indices: (19, 182)
  Move 2: GUIDED_SWAP_TO_GBEST | Indices: (16, 81)
  Move 3: GUIDED_SWAP_TO_GBEST | Indices: (174, 182)
  Move 4: GUIDED_SWAP_TO_GBEST | Indices: (198, 79)
  Move 5: GUIDED_SWAP_TO_PBEST | Indices: (16, 81)
  Move 6: GUIDED_SWAP_TO_PBEST | Indices: (19, 174)
  Move 7: GUIDED_SWAP_TO_PBEST | Indices: (182, 174)
  Move 8: GUIDED_SWAP_TO_GBEST | Indices: (81, 16)
  Move 9: GUIDED_SWAP_TO_GBEST | Indices: (19, 182)
  Move 10: GUIDED_SWAP_TO_GBEST | Indices: (182, 174)
  Move 11: RANDOM_SWAP | Indices: (40, 44)
=================================================================================
=================================================================================
2026-01-19T21:14:36.958 | Step 5 | Particle 86 | GLOBAL BEST!
Global Improvement: 0.0015625000000000222
  Move 1: GUIDED_SWAP_TO_GBEST | Indices: (235, 32)
  Move 2: GUIDED_SWAP_TO_GBEST | Indices: (79, 198)
  Move 3: GUIDED_SWAP_TO_GBEST | Indices: (19, 182)
  Move 4: GUIDED_SWAP_TO_PBEST | Indices: (198, 79)
  Move 5: GUIDED_SWAP_TO_PBEST | Indices: (19, 182)
  Move 6: GUIDED_SWAP_TO_PBEST | Indices: (32, 235)
  Move 7: GUIDED_SWAP_TO_GBEST | Indices: (174, 19)
  Move 8: GUIDED_SWAP_TO_GBEST | Indices: (81, 16)
  Move 9: GUIDED_SWAP_TO_GBEST | Indices: (32, 235)
  Move 10: GUIDED_SWAP_TO_GBEST | Indices: (79, 198)
  Move 11: GUIDED_SWAP_TO_GBEST | Indices: (182, 19)
  Move 12: RANDOM_SWAP | Indices: (25, 242)
  Move 13: RANDOM_SWAP | Indices: (202, 173)
  Move 14: RANDOM_SWAP | Indices: (182, 88)
=================================================================================
=================================================================================
2026-01-19T21:14:37.150 | Step 6 | Particle 5 | GLOBAL BEST!
Global Improvement: 0.0005859374999999112
  Move 1: GUIDED_SWAP_TO_GBEST | Indices: (202, 173)
  Move 2: GUIDED_SWAP_TO_GBEST | Indices: (182, 88)
  Move 3: GUIDED_SWAP_TO_GBEST | Indices: (101, 62)
  Move 4: GUIDED_SWAP_TO_GBEST | Indices: (83, 42)
  Move 5: GUIDED_SWAP_TO_GBEST | Indices: (148, 160)
  Move 6: GUIDED_SWAP_TO_PBEST | Indices: (101, 62)
  Move 7: GUIDED_SWAP_TO_PBEST | Indices: (160, 148)
  Move 8: GUIDED_SWAP_TO_PBEST | Indices: (202, 173)
  Move 9: GUIDED_SWAP_TO_PBEST | Indices: (42, 83)
  Move 10: GUIDED_SWAP_TO_GBEST | Indices: (202, 173)
  Move 11: GUIDED_SWAP_TO_GBEST | Indices: (58, 165)
  Move 12: GUIDED_SWAP_TO_GBEST | Indices: (101, 62)
  Move 13: GUIDED_SWAP_TO_GBEST | Indices: (81, 16)
  Move 14: GUIDED_SWAP_TO_PBEST | Indices: (81, 16)
  Move 15: GUIDED_SWAP_TO_PBEST | Indices: (182, 88)
  Move 16: GUIDED_SWAP_TO_PBEST | Indices: (165, 58)
  Move 17: GUIDED_SWAP_TO_PBEST | Indices: (202, 173)
  Move 18: GUIDED_SWAP_TO_PBEST | Indices: (101, 62)
  Move 19: GUIDED_SWAP_TO_GBEST | Indices: (62, 101)
  Move 20: GUIDED_SWAP_TO_GBEST | Indices: (203, 188)
  Move 21: GUIDED_SWAP_TO_GBEST | Indices: (25, 242)
  Move 22: GUIDED_SWAP_TO_GBEST | Indices: (16, 81)
=================================================================================
=================================================================================
2026-01-19T21:14:37.180 | Step 6 | Particle 84 | GLOBAL BEST!
Global Improvement: 0.0008789062500000888
  Move 1: GUIDED_SWAP_TO_GBEST | Indices: (25, 242)
  Move 2: GUIDED_SWAP_TO_GBEST | Indices: (88, 182)
  Move 3: GUIDED_SWAP_TO_GBEST | Indices: (202, 173)
  Move 4: GUIDED_SWAP_TO_GBEST | Indices: (174, 19)
  Move 5: GUIDED_SWAP_TO_PBEST | Indices: (76, 31)
  Move 6: GUIDED_SWAP_TO_PBEST | Indices: (110, 20)
  Move 7: GUIDED_SWAP_TO_PBEST | Indices: (173, 202)
  Move 8: GUIDED_SWAP_TO_PBEST | Indices: (84, 234)
  Move 9: GUIDED_SWAP_TO_GBEST | Indices: (31, 76)
  Move 10: GUIDED_SWAP_TO_GBEST | Indices: (20, 110)
  Move 11: GUIDED_SWAP_TO_GBEST | Indices: (202, 173)
=================================================================================
=================================================================================
2026-01-19T21:14:37.200 | Step 6 | Particle 134 | GLOBAL BEST!
Global Improvement: 0.0001953125000000444
  Move 1: GUIDED_SWAP_TO_GBEST | Indices: (206, 70)
  Move 2: GUIDED_SWAP_TO_GBEST | Indices: (25, 242)
  Move 3: GUIDED_SWAP_TO_GBEST | Indices: (173, 202)
  Move 4: GUIDED_SWAP_TO_GBEST | Indices: (98, 97)
  Move 5: GUIDED_SWAP_TO_PBEST | Indices: (242, 25)
  Move 6: GUIDED_SWAP_TO_PBEST | Indices: (173, 202)
  Move 7: GUIDED_SWAP_TO_PBEST | Indices: (206, 70)
  Move 8: GUIDED_SWAP_TO_GBEST | Indices: (70, 206)
  Move 9: GUIDED_SWAP_TO_GBEST | Indices: (173, 202)
  Move 10: GUIDED_SWAP_TO_GBEST | Indices: (237, 208)
  Move 11: GUIDED_SWAP_TO_GBEST | Indices: (172, 194)
  Move 12: GUIDED_SWAP_TO_PBEST | Indices: (70, 206)
  Move 13: GUIDED_SWAP_TO_PBEST | Indices: (172, 194)
  Move 14: GUIDED_SWAP_TO_PBEST | Indices: (173, 202)
  Move 15: GUIDED_SWAP_TO_PBEST | Indices: (98, 97)
  Move 16: GUIDED_SWAP_TO_GBEST | Indices: (98, 97)
  Move 17: GUIDED_SWAP_TO_GBEST | Indices: (242, 25)
  Move 18: GUIDED_SWAP_TO_GBEST | Indices: (194, 172)
  Move 19: GUIDED_SWAP_TO_GBEST | Indices: (173, 202)
  Move 20: RANDOM_SWAP | Indices: (219, 12)
  Move 21: RANDOM_SWAP | Indices: (120, 42)
  Move 22: RANDOM_SWAP | Indices: (69, 40)
  Move 23: RANDOM_SWAP | Indices: (37, 254)
=================================================================================
=================================================================================
2026-01-19T21:14:37.217 | Step 6 | Particle 178 | GLOBAL BEST!
Global Improvement: 0.0003906249999999778
  Move 1: GUIDED_SWAP_TO_GBEST | Indices: (242, 25)
  Move 2: GUIDED_SWAP_TO_GBEST | Indices: (109, 243)
  Move 3: GUIDED_SWAP_TO_GBEST | Indices: (202, 173)
  Move 4: GUIDED_SWAP_TO_PBEST | Indices: (173, 202)
  Move 5: GUIDED_SWAP_TO_PBEST | Indices: (25, 242)
  Move 6: GUIDED_SWAP_TO_PBEST | Indices: (109, 243)
  Move 7: GUIDED_SWAP_TO_GBEST | Indices: (88, 182)
  Move 8: GUIDED_SWAP_TO_GBEST | Indices: (173, 202)
  Move 9: GUIDED_SWAP_TO_GBEST | Indices: (242, 25)
  Move 10: GUIDED_SWAP_TO_GBEST | Indices: (109, 243)
  Move 11: RANDOM_SWAP | Indices: (142, 13)
  Move 12: RANDOM_SWAP | Indices: (163, 230)
  Move 13: RANDOM_SWAP | Indices: (120, 37)
=================================================================================
=================================================================================
2026-01-19T21:14:37.919 | Step 7 | Particle 10 | GLOBAL BEST!
Global Improvement: 0.0006835937500000444
  Move 1: GUIDED_SWAP_TO_PBEST | Indices: (79, 198)
  Move 2: GUIDED_SWAP_TO_PBEST | Indices: (60, 81)
  Move 3: GUIDED_SWAP_TO_PBEST | Indices: (173, 202)
  Move 4: GUIDED_SWAP_TO_GBEST | Indices: (13, 142)
  Move 5: GUIDED_SWAP_TO_GBEST | Indices: (230, 163)
  Move 6: GUIDED_SWAP_TO_GBEST | Indices: (31, 20)
  Move 7: GUIDED_SWAP_TO_GBEST | Indices: (145, 42)
  Move 8: GUIDED_SWAP_TO_GBEST | Indices: (81, 218)
  Move 9: GUIDED_SWAP_TO_PBEST | Indices: (50, 124)
  Move 10: GUIDED_SWAP_TO_PBEST | Indices: (77, 255)
  Move 11: GUIDED_SWAP_TO_PBEST | Indices: (13, 142)
  Move 12: GUIDED_SWAP_TO_PBEST | Indices: (218, 81)
  Move 13: GUIDED_SWAP_TO_GBEST | Indices: (28, 225)
  Move 14: GUIDED_SWAP_TO_GBEST | Indices: (13, 142)
  Move 15: GUIDED_SWAP_TO_GBEST | Indices: (182, 88)
  Move 16: GUIDED_SWAP_TO_GBEST | Indices: (37, 120)
  Move 17: GUIDED_SWAP_TO_GBEST | Indices: (173, 202)
  Move 18: GUIDED_SWAP_TO_PBEST | Indices: (242, 25)
  Move 19: GUIDED_SWAP_TO_PBEST | Indices: (37, 120)
  Move 20: GUIDED_SWAP_TO_PBEST | Indices: (142, 13)
  Move 21: GUIDED_SWAP_TO_PBEST | Indices: (163, 230)
  Move 22: GUIDED_SWAP_TO_GBEST | Indices: (230, 163)
  Move 23: GUIDED_SWAP_TO_GBEST | Indices: (50, 124)
  Move 24: GUIDED_SWAP_TO_GBEST | Indices: (79, 198)
  Move 25: GUIDED_SWAP_TO_GBEST | Indices: (142, 13)
=================================================================================
=================================================================================
2026-01-19T21:14:37.938 | Step 7 | Particle 58 | GLOBAL BEST!
Global Improvement: 9.76562500000222e-5
  Move 1: GUIDED_SWAP_TO_GBEST | Indices: (13, 142)
  Move 2: GUIDED_SWAP_TO_GBEST | Indices: (120, 37)
  Move 3: GUIDED_SWAP_TO_GBEST | Indices: (230, 163)
  Move 4: GUIDED_SWAP_TO_PBEST | Indices: (13, 142)
  Move 5: GUIDED_SWAP_TO_PBEST | Indices: (120, 37)
  Move 6: GUIDED_SWAP_TO_PBEST | Indices: (163, 230)
  Move 7: GUIDED_SWAP_TO_GBEST | Indices: (120, 37)
  Move 8: GUIDED_SWAP_TO_GBEST | Indices: (13, 142)
  Move 9: GUIDED_SWAP_TO_GBEST | Indices: (163, 230)
  Move 10: RANDOM_SWAP | Indices: (101, 227)
  Move 11: RANDOM_SWAP | Indices: (94, 12)
  Move 12: RANDOM_SWAP | Indices: (168, 6)
=================================================================================
=================================================================================
2026-01-19T21:14:37.978 | Step 7 | Particle 160 | GLOBAL BEST!
Global Improvement: 0.0001953124999999334
  Move 1: GUIDED_SWAP_TO_GBEST | Indices: (120, 37)
  Move 2: GUIDED_SWAP_TO_GBEST | Indices: (13, 142)
  Move 3: GUIDED_SWAP_TO_GBEST | Indices: (230, 163)
  Move 4: GUIDED_SWAP_TO_PBEST | Indices: (142, 13)
  Move 5: GUIDED_SWAP_TO_PBEST | Indices: (163, 230)
  Move 6: GUIDED_SWAP_TO_PBEST | Indices: (37, 120)
  Move 7: GUIDED_SWAP_TO_GBEST | Indices: (163, 230)
  Move 8: GUIDED_SWAP_TO_GBEST | Indices: (142, 13)
  Move 9: GUIDED_SWAP_TO_GBEST | Indices: (37, 120)
  Move 10: GUIDED_SWAP_TO_PBEST | Indices: (37, 120)
  Move 11: GUIDED_SWAP_TO_PBEST | Indices: (163, 230)
  Move 12: GUIDED_SWAP_TO_PBEST | Indices: (13, 142)
  Move 13: GUIDED_SWAP_TO_GBEST | Indices: (37, 120)
  Move 14: GUIDED_SWAP_TO_GBEST | Indices: (13, 142)
  Move 15: GUIDED_SWAP_TO_GBEST | Indices: (163, 230)
  Move 16: RANDOM_SWAP | Indices: (251, 168)
  Move 17: RANDOM_SWAP | Indices: (88, 253)
  Move 18: RANDOM_SWAP | Indices: (238, 214)
  Move 19: RANDOM_SWAP | Indices: (241, 82)
=================================================================================
=================================================================================
2026-01-19T21:14:37.997 | Step 8 | Particle 2 | GLOBAL BEST!
Global Improvement: 0.0006835937500000444
  Move 1: GUIDED_SWAP_TO_GBEST | Indices: (253, 88)
  Move 2: GUIDED_SWAP_TO_GBEST | Indices: (238, 214)
  Move 3: GUIDED_SWAP_TO_GBEST | Indices: (241, 82)
  Move 4: GUIDED_SWAP_TO_GBEST | Indices: (251, 168)
  Move 5: GUIDED_SWAP_TO_PBEST | Indices: (168, 251)
  Move 6: GUIDED_SWAP_TO_PBEST | Indices: (253, 88)
  Move 7: GUIDED_SWAP_TO_PBEST | Indices: (214, 238)
  Move 8: GUIDED_SWAP_TO_GBEST | Indices: (253, 88)
  Move 9: GUIDED_SWAP_TO_GBEST | Indices: (238, 214)
  Move 10: GUIDED_SWAP_TO_GBEST | Indices: (251, 168)
  Move 11: RANDOM_SWAP | Indices: (157, 42)
=================================================================================
=================================================================================
2026-01-19T21:14:38.014 | Step 8 | Particle 46 | GLOBAL BEST!
Global Improvement: 0.0008789062499999778
  Move 1: GUIDED_SWAP_TO_PBEST | Indices: (97, 234)
  Move 2: GUIDED_SWAP_TO_PBEST | Indices: (10, 187)
  Move 3: GUIDED_SWAP_TO_PBEST | Indices: (182, 127)
  Move 4: GUIDED_SWAP_TO_PBEST | Indices: (230, 163)
  Move 5: GUIDED_SWAP_TO_GBEST | Indices: (251, 168)
  Move 6: GUIDED_SWAP_TO_GBEST | Indices: (33, 135)
  Move 7: GUIDED_SWAP_TO_GBEST | Indices: (214, 238)
  Move 8: GUIDED_SWAP_TO_GBEST | Indices: (82, 241)
  Move 9: GUIDED_SWAP_TO_GBEST | Indices: (115, 153)
  Move 10: GUIDED_SWAP_TO_GBEST | Indices: (163, 230)
  Move 11: GUIDED_SWAP_TO_GBEST | Indices: (253, 88)
  Move 12: RANDOM_SWAP | Indices: (102, 160)
  Move 13: RANDOM_SWAP | Indices: (22, 236)
=================================================================================
=================================================================================
2026-01-19T21:14:38.049 | Step 8 | Particle 134 | GLOBAL BEST!
Global Improvement: 9.76562500000222e-5
  Move 1: GUIDED_SWAP_TO_GBEST | Indices: (253, 182)
  Move 2: GUIDED_SWAP_TO_GBEST | Indices: (219, 12)
  Move 3: GUIDED_SWAP_TO_GBEST | Indices: (88, 182)
  Move 4: GUIDED_SWAP_TO_GBEST | Indices: (82, 241)
  Move 5: GUIDED_SWAP_TO_GBEST | Indices: (168, 251)
  Move 6: GUIDED_SWAP_TO_PBEST | Indices: (88, 182)
  Move 7: GUIDED_SWAP_TO_PBEST | Indices: (12, 219)
  Move 8: GUIDED_SWAP_TO_PBEST | Indices: (241, 82)
  Move 9: GUIDED_SWAP_TO_PBEST | Indices: (251, 168)
  Move 10: GUIDED_SWAP_TO_PBEST | Indices: (182, 253)
  Move 11: GUIDED_SWAP_TO_GBEST | Indices: (163, 230)
  Move 12: GUIDED_SWAP_TO_GBEST | Indices: (88, 253)
  Move 13: GUIDED_SWAP_TO_GBEST | Indices: (82, 241)
  Move 14: GUIDED_SWAP_TO_GBEST | Indices: (206, 70)
  Move 15: GUIDED_SWAP_TO_GBEST | Indices: (12, 219)
=================================================================================
=================================================================================
2026-01-19T21:14:38.224 | Step 9 | Particle 34 | GLOBAL BEST!
Global Improvement: 0.00048828125
  Move 1: GUIDED_SWAP_TO_PBEST | Indices: (214, 238)
  Move 2: GUIDED_SWAP_TO_PBEST | Indices: (253, 116)
  Move 3: GUIDED_SWAP_TO_PBEST | Indices: (168, 251)
  Move 4: GUIDED_SWAP_TO_PBEST | Indices: (241, 82)
  Move 5: GUIDED_SWAP_TO_GBEST | Indices: (230, 163)
  Move 6: GUIDED_SWAP_TO_GBEST | Indices: (37, 254)
  Move 7: GUIDED_SWAP_TO_GBEST | Indices: (241, 82)
  Move 8: GUIDED_SWAP_TO_GBEST | Indices: (40, 69)
  Move 9: GUIDED_SWAP_TO_PBEST | Indices: (116, 88)
  Move 10: GUIDED_SWAP_TO_PBEST | Indices: (82, 241)
  Move 11: GUIDED_SWAP_TO_PBEST | Indices: (163, 230)
  Move 12: GUIDED_SWAP_TO_PBEST | Indices: (40, 69)
  Move 13: GUIDED_SWAP_TO_GBEST | Indices: (42, 254)
  Move 14: GUIDED_SWAP_TO_GBEST | Indices: (88, 116)
  Move 15: GUIDED_SWAP_TO_GBEST | Indices: (40, 69)
  Move 16: GUIDED_SWAP_TO_GBEST | Indices: (230, 163)
  Move 17: GUIDED_SWAP_TO_PBEST | Indices: (163, 230)
  Move 18: GUIDED_SWAP_TO_PBEST | Indices: (42, 254)
  Move 19: GUIDED_SWAP_TO_PBEST | Indices: (88, 116)
  Move 20: GUIDED_SWAP_TO_PBEST | Indices: (37, 254)
  Move 21: GUIDED_SWAP_TO_GBEST | Indices: (253, 182)
  Move 22: GUIDED_SWAP_TO_GBEST | Indices: (163, 230)
  Move 23: GUIDED_SWAP_TO_GBEST | Indices: (42, 37)
  Move 24: GUIDED_SWAP_TO_GBEST | Indices: (37, 254)
  Move 25: GUIDED_SWAP_TO_GBEST | Indices: (82, 241)
=================================================================================
=================================================================================
2026-01-19T21:14:38.277 | Step 9 | Particle 171 | GLOBAL BEST!
Global Improvement: 0.0001953125000000444
  Move 1: GUIDED_SWAP_TO_GBEST | Indices: (69, 40)
  Move 2: GUIDED_SWAP_TO_GBEST | Indices: (33, 63)
  Move 3: GUIDED_SWAP_TO_GBEST | Indices: (253, 182)
  Move 4: GUIDED_SWAP_TO_GBEST | Indices: (254, 120)
  Move 5: GUIDED_SWAP_TO_GBEST | Indices: (193, 151)
  Move 6: GUIDED_SWAP_TO_PBEST | Indices: (253, 182)
  Move 7: GUIDED_SWAP_TO_PBEST | Indices: (254, 120)
  Move 8: GUIDED_SWAP_TO_PBEST | Indices: (63, 33)
  Move 9: GUIDED_SWAP_TO_PBEST | Indices: (151, 193)
  Move 10: GUIDED_SWAP_TO_GBEST | Indices: (37, 254)
  Move 11: GUIDED_SWAP_TO_GBEST | Indices: (214, 238)
  Move 12: GUIDED_SWAP_TO_GBEST | Indices: (193, 151)
  Move 13: GUIDED_SWAP_TO_GBEST | Indices: (33, 63)
  Move 14: GUIDED_SWAP_TO_PBEST | Indices: (214, 238)
  Move 15: GUIDED_SWAP_TO_PBEST | Indices: (40, 69)
  Move 16: GUIDED_SWAP_TO_PBEST | Indices: (33, 63)
  Move 17: GUIDED_SWAP_TO_PBEST | Indices: (193, 151)
  Move 18: GUIDED_SWAP_TO_GBEST | Indices: (142, 13)
  Move 19: GUIDED_SWAP_TO_GBEST | Indices: (151, 193)
  Move 20: GUIDED_SWAP_TO_GBEST | Indices: (253, 182)
  Move 21: GUIDED_SWAP_TO_GBEST | Indices: (40, 69)
  Move 22: GUIDED_SWAP_TO_GBEST | Indices: (238, 214)
=================================================================================
=================================================================================
2026-01-19T21:14:38.279 | Step 9 | Particle 176 | GLOBAL BEST!
Global Improvement: 0.0005859375000000222
  Move 1: GUIDED_SWAP_TO_GBEST | Indices: (42, 37)
  Move 2: GUIDED_SWAP_TO_GBEST | Indices: (120, 37)
  Move 3: GUIDED_SWAP_TO_GBEST | Indices: (40, 69)
  Move 4: GUIDED_SWAP_TO_GBEST | Indices: (142, 13)
  Move 5: GUIDED_SWAP_TO_GBEST | Indices: (214, 238)
  Move 6: GUIDED_SWAP_TO_PBEST | Indices: (40, 69)
  Move 7: GUIDED_SWAP_TO_PBEST | Indices: (120, 37)
  Move 8: GUIDED_SWAP_TO_PBEST | Indices: (238, 214)
  Move 9: GUIDED_SWAP_TO_GBEST | Indices: (182, 253)
  Move 10: GUIDED_SWAP_TO_GBEST | Indices: (214, 238)
  Move 11: GUIDED_SWAP_TO_GBEST | Indices: (254, 120)
  Move 12: GUIDED_SWAP_TO_GBEST | Indices: (69, 40)
  Move 13: GUIDED_SWAP_TO_GBEST | Indices: (26, 191)
=================================================================================
=================================================================================
2026-01-19T21:14:38.296 | Step 10 | Particle 7 | GLOBAL BEST!
Global Improvement: 0.0003906249999999778
  Move 1: GUIDED_SWAP_TO_PBEST | Indices: (182, 253)
  Move 2: GUIDED_SWAP_TO_PBEST | Indices: (251, 168)
  Move 3: GUIDED_SWAP_TO_PBEST | Indices: (40, 69)
  Move 4: GUIDED_SWAP_TO_PBEST | Indices: (82, 241)
  Move 5: GUIDED_SWAP_TO_GBEST | Indices: (42, 37)
  Move 6: GUIDED_SWAP_TO_GBEST | Indices: (159, 70)
  Move 7: GUIDED_SWAP_TO_GBEST | Indices: (40, 69)
  Move 8: GUIDED_SWAP_TO_GBEST | Indices: (120, 254)
  Move 9: GUIDED_SWAP_TO_GBEST | Indices: (253, 182)
  Move 10: GUIDED_SWAP_TO_PBEST | Indices: (214, 29)
  Move 11: GUIDED_SWAP_TO_PBEST | Indices: (159, 70)
  Move 12: GUIDED_SWAP_TO_PBEST | Indices: (254, 120)
  Move 13: GUIDED_SWAP_TO_PBEST | Indices: (37, 42)
  Move 14: GUIDED_SWAP_TO_GBEST | Indices: (159, 70)
  Move 15: GUIDED_SWAP_TO_GBEST | Indices: (232, 248)
  Move 16: GUIDED_SWAP_TO_GBEST | Indices: (254, 120)
  Move 17: GUIDED_SWAP_TO_GBEST | Indices: (13, 142)
  Move 18: GUIDED_SWAP_TO_GBEST | Indices: (82, 241)
  Move 19: GUIDED_SWAP_TO_GBEST | Indices: (42, 37)
  Move 20: RANDOM_SWAP | Indices: (201, 131)
=================================================================================
=================================================================================
2026-01-19T21:14:38.322 | Step 10 | Particle 74 | GLOBAL BEST!
Global Improvement: 0.000976562499999889
  Move 1: GUIDED_SWAP_TO_PBEST | Indices: (230, 143)
  Move 2: GUIDED_SWAP_TO_PBEST | Indices: (37, 254)
  Move 3: GUIDED_SWAP_TO_PBEST | Indices: (252, 29)
  Move 4: GUIDED_SWAP_TO_PBEST | Indices: (31, 108)
  Move 5: GUIDED_SWAP_TO_PBEST | Indices: (163, 67)
  Move 6: GUIDED_SWAP_TO_GBEST | Indices: (120, 254)
  Move 7: GUIDED_SWAP_TO_GBEST | Indices: (232, 248)
  Move 8: GUIDED_SWAP_TO_GBEST | Indices: (253, 182)
  Move 9: GUIDED_SWAP_TO_GBEST | Indices: (169, 215)
  Move 10: GUIDED_SWAP_TO_PBEST | Indices: (214, 169)
  Move 11: GUIDED_SWAP_TO_PBEST | Indices: (254, 120)
  Move 12: GUIDED_SWAP_TO_PBEST | Indices: (253, 182)
  Move 13: GUIDED_SWAP_TO_PBEST | Indices: (88, 132)
  Move 14: GUIDED_SWAP_TO_GBEST | Indices: (35, 243)
  Move 15: GUIDED_SWAP_TO_GBEST | Indices: (42, 37)
  Move 16: GUIDED_SWAP_TO_GBEST | Indices: (168, 251)
  Move 17: GUIDED_SWAP_TO_GBEST | Indices: (241, 82)
  Move 18: GUIDED_SWAP_TO_GBEST | Indices: (79, 198)
  Move 19: GUIDED_SWAP_TO_GBEST | Indices: (69, 40)
  Move 20: GUIDED_SWAP_TO_GBEST | Indices: (120, 254)
  Move 21: GUIDED_SWAP_TO_GBEST | Indices: (174, 88)
  Move 22: GUIDED_SWAP_TO_GBEST | Indices: (67, 163)
=================================================================================
=================================================================================
2026-01-19T21:14:38.339 | Step 10 | Particle 119 | GLOBAL BEST!
Global Improvement: 0.0003906250000000888
  Move 1: GUIDED_SWAP_TO_PBEST | Indices: (102, 90)
  Move 2: GUIDED_SWAP_TO_PBEST | Indices: (253, 182)
  Move 3: GUIDED_SWAP_TO_PBEST | Indices: (57, 144)
  Move 4: GUIDED_SWAP_TO_PBEST | Indices: (69, 40)
  Move 5: GUIDED_SWAP_TO_PBEST | Indices: (13, 142)
  Move 6: GUIDED_SWAP_TO_GBEST | Indices: (13, 142)
  Move 7: GUIDED_SWAP_TO_GBEST | Indices: (40, 69)
  Move 8: GUIDED_SWAP_TO_GBEST | Indices: (159, 70)
  Move 9: GUIDED_SWAP_TO_GBEST | Indices: (238, 214)
  Move 10: GUIDED_SWAP_TO_PBEST | Indices: (13, 142)
  Move 11: GUIDED_SWAP_TO_PBEST | Indices: (248, 167)
  Move 12: GUIDED_SWAP_TO_PBEST | Indices: (159, 70)
  Move 13: GUIDED_SWAP_TO_GBEST | Indices: (254, 120)
  Move 14: GUIDED_SWAP_TO_GBEST | Indices: (248, 232)
  Move 15: GUIDED_SWAP_TO_GBEST | Indices: (13, 142)
  Move 16: GUIDED_SWAP_TO_GBEST | Indices: (70, 159)
  Move 17: GUIDED_SWAP_TO_PBEST | Indices: (214, 238)
  Move 18: GUIDED_SWAP_TO_PBEST | Indices: (120, 254)
  Move 19: GUIDED_SWAP_TO_PBEST | Indices: (248, 232)
  Move 20: GUIDED_SWAP_TO_PBEST | Indices: (69, 40)
  Move 21: GUIDED_SWAP_TO_GBEST | Indices: (120, 254)
  Move 22: GUIDED_SWAP_TO_GBEST | Indices: (182, 253)
  Move 23: GUIDED_SWAP_TO_GBEST | Indices: (238, 214)
  Move 24: GUIDED_SWAP_TO_GBEST | Indices: (248, 232)
  Move 25: GUIDED_SWAP_TO_GBEST | Indices: (40, 69)
  Move 26: RANDOM_SWAP | Indices: (54, 218)
  Move 27: RANDOM_SWAP | Indices: (181, 203)
  Move 28: RANDOM_SWAP | Indices: (16, 5)
  Move 29: RANDOM_SWAP | Indices: (139, 150)
=================================================================================
=================================================================================
2026-01-19T21:14:38.375 | Step 11 | Particle 2 | GLOBAL BEST!
Global Improvement: 0.0002929687499999556
  Move 1: GUIDED_SWAP_TO_GBEST | Indices: (181, 203)
  Move 2: GUIDED_SWAP_TO_GBEST | Indices: (54, 218)
  Move 3: GUIDED_SWAP_TO_GBEST | Indices: (150, 139)
  Move 4: GUIDED_SWAP_TO_GBEST | Indices: (5, 16)
  Move 5: GUIDED_SWAP_TO_PBEST | Indices: (5, 16)
  Move 6: GUIDED_SWAP_TO_PBEST | Indices: (181, 203)
  Move 7: GUIDED_SWAP_TO_PBEST | Indices: (218, 54)
  Move 8: GUIDED_SWAP_TO_PBEST | Indices: (139, 150)
  Move 9: GUIDED_SWAP_TO_GBEST | Indices: (5, 16)
  Move 10: GUIDED_SWAP_TO_GBEST | Indices: (150, 139)
  Move 11: GUIDED_SWAP_TO_GBEST | Indices: (181, 203)
  Move 12: GUIDED_SWAP_TO_GBEST | Indices: (218, 54)
  Move 13: GUIDED_SWAP_TO_PBEST | Indices: (16, 5)
  Move 14: GUIDED_SWAP_TO_PBEST | Indices: (150, 139)
  Move 15: GUIDED_SWAP_TO_PBEST | Indices: (181, 203)
  Move 16: GUIDED_SWAP_TO_PBEST | Indices: (54, 218)
  Move 17: GUIDED_SWAP_TO_GBEST | Indices: (150, 139)
  Move 18: GUIDED_SWAP_TO_GBEST | Indices: (16, 5)
  Move 19: GUIDED_SWAP_TO_GBEST | Indices: (181, 203)
  Move 20: GUIDED_SWAP_TO_GBEST | Indices: (54, 218)
  Move 21: RANDOM_SWAP | Indices: (97, 16)
  Move 22: RANDOM_SWAP | Indices: (171, 94)
=================================================================================
=================================================================================
2026-01-19T21:14:38.405 | Step 11 | Particle 80 | GLOBAL BEST!
Global Improvement: 0.0002929687499999556
  Move 1: GUIDED_SWAP_TO_GBEST | Indices: (181, 203)
  Move 2: GUIDED_SWAP_TO_GBEST | Indices: (139, 150)
  Move 3: GUIDED_SWAP_TO_GBEST | Indices: (16, 5)
  Move 4: GUIDED_SWAP_TO_GBEST | Indices: (54, 218)
  Move 5: GUIDED_SWAP_TO_PBEST | Indices: (54, 218)
  Move 6: GUIDED_SWAP_TO_PBEST | Indices: (150, 139)
  Move 7: GUIDED_SWAP_TO_PBEST | Indices: (203, 181)
  Move 8: GUIDED_SWAP_TO_PBEST | Indices: (16, 5)
  Move 9: GUIDED_SWAP_TO_GBEST | Indices: (139, 150)
  Move 10: GUIDED_SWAP_TO_GBEST | Indices: (218, 54)
  Move 11: GUIDED_SWAP_TO_GBEST | Indices: (181, 203)
  Move 12: GUIDED_SWAP_TO_GBEST | Indices: (16, 5)
  Move 13: RANDOM_SWAP | Indices: (138, 170)
=================================================================================
=================================================================================
2026-01-19T21:14:38.406 | Step 11 | Particle 82 | GLOBAL BEST!
Global Improvement: 9.765625000013323e-5
  Move 1: GUIDED_SWAP_TO_GBEST | Indices: (8, 194)
  Move 2: GUIDED_SWAP_TO_GBEST | Indices: (139, 150)
  Move 3: GUIDED_SWAP_TO_GBEST | Indices: (227, 67)
  Move 4: GUIDED_SWAP_TO_GBEST | Indices: (20, 134)
  Move 5: GUIDED_SWAP_TO_GBEST | Indices: (188, 222)
  Move 6: GUIDED_SWAP_TO_PBEST | Indices: (194, 8)
  Move 7: GUIDED_SWAP_TO_PBEST | Indices: (67, 227)
  Move 8: GUIDED_SWAP_TO_PBEST | Indices: (188, 222)
  Move 9: GUIDED_SWAP_TO_PBEST | Indices: (134, 20)
  Move 10: GUIDED_SWAP_TO_GBEST | Indices: (57, 73)
  Move 11: GUIDED_SWAP_TO_GBEST | Indices: (54, 218)
  Move 12: GUIDED_SWAP_TO_GBEST | Indices: (20, 134)
  Move 13: GUIDED_SWAP_TO_GBEST | Indices: (203, 181)
  Move 14: GUIDED_SWAP_TO_GBEST | Indices: (227, 67)
=================================================================================
=================================================================================
2026-01-19T21:14:38.425 | Step 11 | Particle 131 | GLOBAL BEST!
Global Improvement: 9.765624999991118e-5
  Move 1: GUIDED_SWAP_TO_GBEST | Indices: (139, 150)
  Move 2: GUIDED_SWAP_TO_GBEST | Indices: (218, 54)
  Move 3: GUIDED_SWAP_TO_GBEST | Indices: (203, 181)
  Move 4: GUIDED_SWAP_TO_GBEST | Indices: (5, 16)
  Move 5: GUIDED_SWAP_TO_PBEST | Indices: (181, 203)
  Move 6: GUIDED_SWAP_TO_PBEST | Indices: (139, 150)
  Move 7: GUIDED_SWAP_TO_PBEST | Indices: (16, 5)
  Move 8: GUIDED_SWAP_TO_PBEST | Indices: (218, 54)
  Move 9: GUIDED_SWAP_TO_GBEST | Indices: (139, 150)
  Move 10: GUIDED_SWAP_TO_GBEST | Indices: (203, 181)
  Move 11: GUIDED_SWAP_TO_GBEST | Indices: (218, 54)
  Move 12: GUIDED_SWAP_TO_GBEST | Indices: (5, 16)
  Move 13: GUIDED_SWAP_TO_PBEST | Indices: (5, 16)
  Move 14: GUIDED_SWAP_TO_PBEST | Indices: (54, 218)
  Move 15: GUIDED_SWAP_TO_PBEST | Indices: (181, 203)
  Move 16: GUIDED_SWAP_TO_PBEST | Indices: (139, 150)
  Move 17: GUIDED_SWAP_TO_GBEST | Indices: (218, 54)
  Move 18: GUIDED_SWAP_TO_GBEST | Indices: (5, 16)
  Move 19: GUIDED_SWAP_TO_GBEST | Indices: (203, 181)
  Move 20: GUIDED_SWAP_TO_GBEST | Indices: (150, 139)
  Move 21: RANDOM_SWAP | Indices: (130, 87)
=================================================================================
=================================================================================
2026-01-19T21:14:38.432 | Step 11 | Particle 148 | GLOBAL BEST!
Global Improvement: 0.0006835937500000444
  Move 1: GUIDED_SWAP_TO_GBEST | Indices: (54, 218)
  Move 2: GUIDED_SWAP_TO_GBEST | Indices: (5, 16)
  Move 3: GUIDED_SWAP_TO_GBEST | Indices: (139, 150)
  Move 4: GUIDED_SWAP_TO_PBEST | Indices: (218, 54)
  Move 5: GUIDED_SWAP_TO_PBEST | Indices: (139, 150)
  Move 6: GUIDED_SWAP_TO_PBEST | Indices: (5, 16)
  Move 7: GUIDED_SWAP_TO_GBEST | Indices: (16, 5)
  Move 8: GUIDED_SWAP_TO_GBEST | Indices: (139, 150)
  Move 9: GUIDED_SWAP_TO_GBEST | Indices: (203, 181)
  Move 10: GUIDED_SWAP_TO_GBEST | Indices: (218, 54)
  Move 11: GUIDED_SWAP_TO_PBEST | Indices: (203, 181)
  Move 12: GUIDED_SWAP_TO_PBEST | Indices: (139, 150)
  Move 13: GUIDED_SWAP_TO_PBEST | Indices: (16, 5)
  Move 14: GUIDED_SWAP_TO_PBEST | Indices: (54, 218)
  Move 15: GUIDED_SWAP_TO_GBEST | Indices: (54, 218)
  Move 16: GUIDED_SWAP_TO_GBEST | Indices: (181, 203)
  Move 17: GUIDED_SWAP_TO_GBEST | Indices: (139, 150)
  Move 18: RANDOM_SWAP | Indices: (185, 3)
=================================================================================
=================================================================================
2026-01-19T21:14:38.927 | Step 12 | Particle 2 | GLOBAL BEST!
Global Improvement: 0.0015625000000000222
  Move 1: GUIDED_SWAP_TO_GBEST | Indices: (5, 97)
  Move 2: GUIDED_SWAP_TO_GBEST | Indices: (185, 3)
  Move 3: GUIDED_SWAP_TO_GBEST | Indices: (97, 16)
  Move 4: GUIDED_SWAP_TO_GBEST | Indices: (94, 171)
  Move 5: GUIDED_SWAP_TO_PBEST | Indices: (171, 94)
  Move 6: GUIDED_SWAP_TO_PBEST | Indices: (16, 97)
  Move 7: GUIDED_SWAP_TO_PBEST | Indices: (5, 97)
  Move 8: GUIDED_SWAP_TO_PBEST | Indices: (3, 185)
  Move 9: GUIDED_SWAP_TO_GBEST | Indices: (5, 97)
  Move 10: GUIDED_SWAP_TO_GBEST | Indices: (171, 94)
  Move 11: GUIDED_SWAP_TO_GBEST | Indices: (3, 185)
=================================================================================
=================================================================================
2026-01-19T21:14:39.140 | Step 14 | Particle 138 | GLOBAL BEST!
Global Improvement: 0.0001953124999999334
  Move 1: GUIDED_SWAP_TO_PBEST | Indices: (60, 137)
  Move 2: GUIDED_SWAP_TO_PBEST | Indices: (195, 84)
  Move 3: GUIDED_SWAP_TO_PBEST | Indices: (237, 63)
  Move 4: GUIDED_SWAP_TO_GBEST | Indices: (195, 84)
  Move 5: GUIDED_SWAP_TO_GBEST | Indices: (60, 137)
  Move 6: GUIDED_SWAP_TO_GBEST | Indices: (16, 97)
  Move 7: GUIDED_SWAP_TO_GBEST | Indices: (63, 237)
  Move 8: GUIDED_SWAP_TO_PBEST | Indices: (97, 16)
  Move 9: GUIDED_SWAP_TO_PBEST | Indices: (237, 63)
  Move 10: GUIDED_SWAP_TO_PBEST | Indices: (137, 60)
  Move 11: GUIDED_SWAP_TO_PBEST | Indices: (84, 195)
  Move 12: GUIDED_SWAP_TO_GBEST | Indices: (84, 195)
  Move 13: GUIDED_SWAP_TO_GBEST | Indices: (1, 65)
  Move 14: GUIDED_SWAP_TO_GBEST | Indices: (60, 137)
  Move 15: GUIDED_SWAP_TO_GBEST | Indices: (16, 97)
=================================================================================
=================================================================================
2026-01-19T21:14:39.685 | Step 15 | Particle 189 | GLOBAL BEST!
Global Improvement: 0.004492187500000022
  Move 1: GUIDED_SWAP_TO_GBEST | Indices: (63, 237)
  Move 2: GUIDED_SWAP_TO_PBEST | Indices: (63, 237)
  Move 3: GUIDED_SWAP_TO_GBEST | Indices: (63, 237)
  Move 4: GUIDED_SWAP_TO_PBEST | Indices: (237, 63)
  Move 5: GUIDED_SWAP_TO_GBEST | Indices: (237, 63)
  Move 6: RANDOM_SWAP | Indices: (81, 23)
  Move 7: RANDOM_SWAP | Indices: (6, 252)
  Move 8: RANDOM_SWAP | Indices: (188, 162)
=================================================================================
=================================================================================
2026-01-19T21:14:39.744 | Step 16 | Particle 132 | GLOBAL BEST!
Global Improvement: 9.76562500000222e-5
  Move 1: GUIDED_SWAP_TO_GBEST | Indices: (56, 171)
  Move 2: GUIDED_SWAP_TO_GBEST | Indices: (162, 188)
  Move 3: GUIDED_SWAP_TO_GBEST | Indices: (6, 252)
  Move 4: GUIDED_SWAP_TO_PBEST | Indices: (252, 6)
  Move 5: GUIDED_SWAP_TO_PBEST | Indices: (56, 171)
  Move 6: GUIDED_SWAP_TO_PBEST | Indices: (188, 162)
  Move 7: GUIDED_SWAP_TO_GBEST | Indices: (126, 91)
  Move 8: GUIDED_SWAP_TO_GBEST | Indices: (162, 188)
  Move 9: GUIDED_SWAP_TO_GBEST | Indices: (23, 81)
  Move 10: GUIDED_SWAP_TO_GBEST | Indices: (252, 6)
=================================================================================
=================================================================================
2026-01-19T21:14:40.266 | Step 18 | Particle 113 | GLOBAL BEST!
Global Improvement: 0.0008789062499999778
  Move 1: RANDOM_SWAP | Indices: (178, 119)
  Move 2: RANDOM_SWAP | Indices: (12, 101)
  Move 3: RANDOM_SWAP | Indices: (67, 238)
=================================================================================
=================================================================================
2026-01-19T21:14:40.497 | Step 21 | Particle 93 | GLOBAL BEST!
Global Improvement: 0.0003906249999999778
  Move 1: RANDOM_SWAP | Indices: (193, 105)
  Move 2: RANDOM_SWAP | Indices: (135, 248)
=================================================================================
=================================================================================
2026-01-19T21:14:40.596 | Step 22 | Particle 146 | GLOBAL BEST!
Global Improvement: 0.0001953125000000444
  Move 1: GUIDED_SWAP_TO_GBEST | Indices: (248, 135)
  Move 2: GUIDED_SWAP_TO_GBEST | Indices: (105, 193)
  Move 3: GUIDED_SWAP_TO_PBEST | Indices: (105, 193)
  Move 4: GUIDED_SWAP_TO_PBEST | Indices: (248, 135)
  Move 5: GUIDED_SWAP_TO_GBEST | Indices: (193, 105)
  Move 6: GUIDED_SWAP_TO_GBEST | Indices: (135, 248)
  Move 7: RANDOM_SWAP | Indices: (38, 226)
=================================================================================
=================================================================================
2026-01-19T21:14:40.639 | Step 23 | Particle 54 | GLOBAL BEST!
Global Improvement: 9.76562500000222e-5
  Move 1: GUIDED_SWAP_TO_PBEST | Indices: (193, 105)
  Move 2: GUIDED_SWAP_TO_PBEST | Indices: (135, 248)
  Move 3: GUIDED_SWAP_TO_PBEST | Indices: (216, 214)
  Move 4: GUIDED_SWAP_TO_PBEST | Indices: (9, 85)
  Move 5: RANDOM_SWAP | Indices: (234, 67)
=================================================================================
=================================================================================
2026-01-19T21:14:40.683 | Step 23 | Particle 165 | GLOBAL BEST!
Global Improvement: 0.0015624999999999112
  Move 1: GUIDED_SWAP_TO_GBEST | Indices: (136, 215)
  Move 2: GUIDED_SWAP_TO_GBEST | Indices: (211, 151)
  Move 3: GUIDED_SWAP_TO_GBEST | Indices: (226, 38)
  Move 4: GUIDED_SWAP_TO_PBEST | Indices: (105, 193)
  Move 5: GUIDED_SWAP_TO_PBEST | Indices: (182, 239)
  Move 6: GUIDED_SWAP_TO_PBEST | Indices: (226, 38)
  Move 7: GUIDED_SWAP_TO_PBEST | Indices: (248, 135)
  Move 8: GUIDED_SWAP_TO_GBEST | Indices: (79, 17)
  Move 9: GUIDED_SWAP_TO_GBEST | Indices: (38, 226)
  Move 10: GUIDED_SWAP_TO_GBEST | Indices: (248, 135)
  Move 11: GUIDED_SWAP_TO_GBEST | Indices: (105, 193)
=================================================================================
=================================================================================
2026-01-19T21:14:41.676 | Step 36 | Particle 106 | GLOBAL BEST!
Global Improvement: 9.76562500000222e-5
  Move 1: RANDOM_SWAP | Indices: (178, 34)
=================================================================================
=================================================================================
2026-01-19T21:14:42.016 | Step 40 | Particle 177 | GLOBAL BEST!
Global Improvement: 0.0006835937500000444
  Move 1: GUIDED_SWAP_TO_PBEST | Indices: (153, 236)
  Move 2: GUIDED_SWAP_TO_PBEST | Indices: (26, 53)
  Move 3: GUIDED_SWAP_TO_PBEST | Indices: (177, 36)
  Move 4: GUIDED_SWAP_TO_PBEST | Indices: (130, 115)
  Move 5: GUIDED_SWAP_TO_GBEST | Indices: (120, 98)
  Move 6: RANDOM_SWAP | Indices: (237, 249)
=================================================================================
=================================================================================
2026-01-19T21:14:42.642 | Step 48 | Particle 188 | GLOBAL BEST!
Global Improvement: 0.00048828125
  Move 1: RANDOM_SWAP | Indices: (134, 154)
=================================================================================
=================================================================================
2026-01-19T21:14:42.674 | Step 49 | Particle 66 | GLOBAL BEST!
Global Improvement: 0.0011718749999999334
  Move 1: GUIDED_SWAP_TO_GBEST | Indices: (134, 154)
  Move 2: GUIDED_SWAP_TO_PBEST | Indices: (154, 134)
  Move 3: GUIDED_SWAP_TO_GBEST | Indices: (154, 134)
  Move 4: RANDOM_SWAP | Indices: (13, 182)
=================================================================================
=================================================================================
2026-01-19T21:14:43.637 | Step 60 | Particle 92 | GLOBAL BEST!
Global Improvement: 0.00048828125
  Move 1: GUIDED_SWAP_TO_PBEST | Indices: (28, 162)
  Move 2: GUIDED_SWAP_TO_PBEST | Indices: (162, 151)
  Move 3: RANDOM_SWAP | Indices: (25, 194)
=================================================================================
=================================================================================
2026-01-19T21:14:44.866 | Step 69 | Particle 61 | GLOBAL BEST!
Global Improvement: 9.76562500000222e-5
  Move 1: RANDOM_SWAP | Indices: (246, 200)
=================================================================================
=================================================================================
2026-01-19T21:14:46.572 | Step 91 | Particle 42 | GLOBAL BEST!
Global Improvement: 0.0003906249999999778
  Move 1: GUIDED_SWAP_TO_PBEST | Indices: (89, 2)
  Move 2: GUIDED_SWAP_TO_PBEST | Indices: (235, 151)
  Move 3: RANDOM_SWAP | Indices: (107, 3)
=================================================================================
=================================================================================
2026-01-19T21:14:46.933 | Step 95 | Particle 169 | GLOBAL BEST!
Global Improvement: 0.0001953125000000444
  Move 1: RANDOM_SWAP | Indices: (53, 49)
=================================================================================
=================================================================================
2026-01-19T21:14:49.267 | Step 110 | Particle 121 | GLOBAL BEST!
Global Improvement: 9.765624999991118e-5
  Move 1: GUIDED_SWAP_TO_PBEST | Indices: (66, 156)
  Move 2: GUIDED_SWAP_TO_PBEST | Indices: (171, 106)
  Move 3: GUIDED_SWAP_TO_PBEST | Indices: (115, 82)
  Move 4: RANDOM_SWAP | Indices: (221, 116)
=================================================================================
=================================================================================
2026-01-19T21:14:50.310 | Step 123 | Particle 193 | GLOBAL BEST!
Global Improvement: 0.0001953125000000444
  Move 1: RANDOM_SWAP | Indices: (4, 196)
=================================================================================
=================================================================================
2026-01-19T21:14:50.452 | Step 125 | Particle 154 | GLOBAL BEST!
Global Improvement: 9.76562500000222e-5
  Move 1: RANDOM_SWAP | Indices: (141, 208)
=================================================================================
=================================================================================
2026-01-19T21:15:13.244 | Step 385 | Particle 31 | GLOBAL BEST!
Global Improvement: 0.0006835937500000444
  Move 1: GUIDED_SWAP_TO_GBEST | Indices: (207, 11)
  Move 2: GUIDED_SWAP_TO_GBEST | Indices: (151, 187)
  Move 3: GUIDED_SWAP_TO_GBEST | Indices: (87, 105)
  Move 4: RANDOM_SWAP | Indices: (122, 20)
=================================================================================
=================================================================================
2026-01-19T21:15:13.581 | Step 389 | Particle 86 | GLOBAL BEST!
Global Improvement: 9.76562500000222e-5
  Move 1: RANDOM_SWAP | Indices: (140, 169)
=================================================================================
=================================================================================
2026-01-19T21:18:21.077 | Step 2533 | Particle 48 | GLOBAL BEST!
Global Improvement: 0.0002929687499999556
  Move 1: RANDOM_SWAP | Indices: (38, 109)
=================================================================================
=================================================================================
2026-01-19T21:18:22.109 | Step 2546 | Particle 80 | GLOBAL BEST!
Global Improvement: 0.0002929687499999556
  Move 1: GUIDED_SWAP_TO_PBEST | Indices: (58, 198)
  Move 2: GUIDED_SWAP_TO_PBEST | Indices: (209, 199)
  Move 3: GUIDED_SWAP_TO_PBEST | Indices: (37, 187)
  Move 4: RANDOM_SWAP | Indices: (250, 251)
=================================================================================
=================================================================================
2026-01-19T21:18:26.984 | Step 2591 | Particle 198 | GLOBAL BEST!
Global Improvement: 9.76562500000222e-5
  Move 1: GUIDED_SWAP_TO_PBEST | Indices: (30, 66)
  Move 2: GUIDED_SWAP_TO_PBEST | Indices: (12, 223)
  Move 3: GUIDED_SWAP_TO_PBEST | Indices: (27, 9)
  Move 4: GUIDED_SWAP_TO_PBEST | Indices: (155, 203)
  Move 5: RANDOM_SWAP | Indices: (35, 137)
=================================================================================
=================================================================================
2026-01-19T21:18:33.097 | Step 2641 | Particle 58 | GLOBAL BEST!
Global Improvement: 9.76562500000222e-5
  Move 1: RANDOM_SWAP | Indices: (41, 124)
=================================================================================
